[0.009s] Invoking command in '/home/chairman/working/ros2/learning/chapt8/learn_pluginlib/build/motion_control_system': CMAKE_PREFIX_PATH=/opt/ros/humble /usr/bin/cmake /home/chairman/working/ros2/learning/chapt8/learn_pluginlib/src/motion_control_system -DCMAKE_INSTALL_PREFIX=/home/chairman/working/ros2/learning/chapt8/learn_pluginlib/install/motion_control_system
[0.019s] -- Found ament_cmake: 1.3.11 (/opt/ros/humble/share/ament_cmake/cmake)
[0.120s] -- Found pluginlib: 5.1.0 (/opt/ros/humble/share/pluginlib/cmake)
[0.140s] -- Found ament_lint_auto: 0.12.12 (/opt/ros/humble/share/ament_lint_auto/cmake)
[0.199s] -- Added test 'cppcheck' to perform static code analysis on C / C++ code
[0.199s] -- Configured cppcheck include dirs: /home/chairman/working/ros2/learning/chapt8/learn_pluginlib/src/motion_control_system/include
[0.199s] -- Configured cppcheck exclude dirs and/or files: 
[0.200s] -- Added test 'lint_cmake' to check CMake code style
[0.201s] -- Added test 'uncrustify' to check C / C++ code style
[0.201s] -- Configured uncrustify additional arguments: 
[0.201s] -- Added test 'xmllint' to check XML markup files
[0.202s] -- Configuring done
[0.206s] -- Generating done
[0.207s] -- Build files have been written to: /home/chairman/working/ros2/learning/chapt8/learn_pluginlib/build/motion_control_system
[0.211s] Invoked command in '/home/chairman/working/ros2/learning/chapt8/learn_pluginlib/build/motion_control_system' returned '0': CMAKE_PREFIX_PATH=/opt/ros/humble /usr/bin/cmake /home/chairman/working/ros2/learning/chapt8/learn_pluginlib/src/motion_control_system -DCMAKE_INSTALL_PREFIX=/home/chairman/working/ros2/learning/chapt8/learn_pluginlib/install/motion_control_system
[0.212s] Invoking command in '/home/chairman/working/ros2/learning/chapt8/learn_pluginlib/build/motion_control_system': CMAKE_PREFIX_PATH=/opt/ros/humble /usr/bin/cmake --build /home/chairman/working/ros2/learning/chapt8/learn_pluginlib/build/motion_control_system -- -j28 -l28
[0.274s] [ 50%] [32mBuilding CXX object CMakeFiles/spin_motion_controller.dir/src/spin_motion_controller.cpp.o[0m
[0.705s] [100%] [32m[1mLinking CXX shared library libspin_motion_controller.so[0m
[0.760s] [100%] Built target spin_motion_controller
[0.769s] Invoked command in '/home/chairman/working/ros2/learning/chapt8/learn_pluginlib/build/motion_control_system' returned '0': CMAKE_PREFIX_PATH=/opt/ros/humble /usr/bin/cmake --build /home/chairman/working/ros2/learning/chapt8/learn_pluginlib/build/motion_control_system -- -j28 -l28
[0.776s] Invoking command in '/home/chairman/working/ros2/learning/chapt8/learn_pluginlib/build/motion_control_system': CMAKE_PREFIX_PATH=/opt/ros/humble /usr/bin/cmake --install /home/chairman/working/ros2/learning/chapt8/learn_pluginlib/build/motion_control_system
[0.782s] -- Install configuration: ""
[0.782s] -- Installing: /home/chairman/working/ros2/learning/chapt8/learn_pluginlib/install/motion_control_system/lib/libspin_motion_controller.so
[0.782s] -- Set runtime path of "/home/chairman/working/ros2/learning/chapt8/learn_pluginlib/install/motion_control_system/lib/libspin_motion_controller.so" to ""
[0.782s] -- Installing: /home/chairman/working/ros2/learning/chapt8/learn_pluginlib/install/motion_control_system/include/
[0.783s] -- Installing: /home/chairman/working/ros2/learning/chapt8/learn_pluginlib/install/motion_control_system/include//motion_control_system
[0.783s] -- Installing: /home/chairman/working/ros2/learning/chapt8/learn_pluginlib/install/motion_control_system/include//motion_control_system/spin_motion_controller.hpp
[0.783s] -- Installing: /home/chairman/working/ros2/learning/chapt8/learn_pluginlib/install/motion_control_system/include//motion_control_system/motion_control_interface.hpp
[0.783s] -- Installing: /home/chairman/working/ros2/learning/chapt8/learn_pluginlib/install/motion_control_system/share/motion_control_system/spin_motion_plugins.xml
[0.783s] -- Installing: /home/chairman/working/ros2/learning/chapt8/learn_pluginlib/install/motion_control_system/share/ament_index/resource_index/package_run_dependencies/motion_control_system
[0.783s] -- Installing: /home/chairman/working/ros2/learning/chapt8/learn_pluginlib/install/motion_control_system/share/ament_index/resource_index/parent_prefix_path/motion_control_system
[0.783s] -- Installing: /home/chairman/working/ros2/learning/chapt8/learn_pluginlib/install/motion_control_system/share/motion_control_system/environment/ament_prefix_path.sh
[0.783s] -- Installing: /home/chairman/working/ros2/learning/chapt8/learn_pluginlib/install/motion_control_system/share/motion_control_system/environment/ament_prefix_path.dsv
[0.784s] -- Installing: /home/chairman/working/ros2/learning/chapt8/learn_pluginlib/install/motion_control_system/share/motion_control_system/environment/path.sh
[0.784s] -- Installing: /home/chairman/working/ros2/learning/chapt8/learn_pluginlib/install/motion_control_system/share/motion_control_system/environment/path.dsv
[0.784s] -- Installing: /home/chairman/working/ros2/learning/chapt8/learn_pluginlib/install/motion_control_system/share/motion_control_system/local_setup.bash
[0.784s] -- Installing: /home/chairman/working/ros2/learning/chapt8/learn_pluginlib/install/motion_control_system/share/motion_control_system/local_setup.sh
[0.784s] -- Installing: /home/chairman/working/ros2/learning/chapt8/learn_pluginlib/install/motion_control_system/share/motion_control_system/local_setup.zsh
[0.784s] -- Installing: /home/chairman/working/ros2/learning/chapt8/learn_pluginlib/install/motion_control_system/share/motion_control_system/local_setup.dsv
[0.784s] -- Installing: /home/chairman/working/ros2/learning/chapt8/learn_pluginlib/install/motion_control_system/share/motion_control_system/package.dsv
[0.784s] -- Installing: /home/chairman/working/ros2/learning/chapt8/learn_pluginlib/install/motion_control_system/share/ament_index/resource_index/packages/motion_control_system
[0.784s] -- Installing: /home/chairman/working/ros2/learning/chapt8/learn_pluginlib/install/motion_control_system/share/ament_index/resource_index/motion_control_system__pluginlib__plugin/motion_control_system
[0.784s] -- Installing: /home/chairman/working/ros2/learning/chapt8/learn_pluginlib/install/motion_control_system/share/motion_control_system/cmake/motion_control_systemConfig.cmake
[0.784s] -- Installing: /home/chairman/working/ros2/learning/chapt8/learn_pluginlib/install/motion_control_system/share/motion_control_system/cmake/motion_control_systemConfig-version.cmake
[0.784s] -- Installing: /home/chairman/working/ros2/learning/chapt8/learn_pluginlib/install/motion_control_system/share/motion_control_system/package.xml
[0.786s] Invoked command in '/home/chairman/working/ros2/learning/chapt8/learn_pluginlib/build/motion_control_system' returned '0': CMAKE_PREFIX_PATH=/opt/ros/humble /usr/bin/cmake --install /home/chairman/working/ros2/learning/chapt8/learn_pluginlib/build/motion_control_system
