[0.063s] DEBUG:colcon:Command line arguments: ['/usr/bin/colcon', 'build']
[0.063s] DEBUG:colcon:Parsed command line arguments: Namespace(log_base=None, log_level=None, verb_name='build', build_base='build', install_base='install', merge_install=False, symlink_install=False, test_result_base=None, continue_on_error=False, executor='parallel', parallel_workers=28, event_handlers=None, ignore_user_meta=False, metas=['./colcon.meta'], base_paths=['.'], packages_ignore=None, packages_ignore_regex=None, paths=None, packages_up_to=None, packages_up_to_regex=None, packages_above=None, packages_above_and_dependencies=None, packages_above_depth=None, packages_select_by_dep=None, packages_skip_by_dep=None, packages_skip_up_to=None, packages_select_build_failed=False, packages_skip_build_finished=False, packages_select_test_failures=False, packages_skip_test_passed=False, packages_select=None, packages_skip=None, packages_select_regex=None, packages_skip_regex=None, packages_start=None, packages_end=None, allow_overriding=[], cmake_args=None, cmake_target=None, cmake_target_skip_unavailable=False, cmake_clean_cache=False, cmake_clean_first=False, cmake_force_configure=False, ament_cmake_args=None, catkin_cmake_args=None, catkin_skip_building_tests=False, verb_parser=<colcon_defaults.argument_parser.defaults.DefaultArgumentsDecorator object at 0x7ea7b6401420>, verb_extension=<colcon_core.verb.build.BuildVerb object at 0x7ea7b6400e50>, main=<bound method BuildVerb.main of <colcon_core.verb.build.BuildVerb object at 0x7ea7b6400e50>>)
[0.158s] Level 1:colcon.colcon_core.package_discovery:discover_packages(colcon_meta) check parameters
[0.158s] Level 1:colcon.colcon_core.package_discovery:discover_packages(recursive) check parameters
[0.158s] Level 1:colcon.colcon_core.package_discovery:discover_packages(ignore) check parameters
[0.158s] Level 1:colcon.colcon_core.package_discovery:discover_packages(path) check parameters
[0.158s] Level 1:colcon.colcon_core.package_discovery:discover_packages(colcon_meta) discover
[0.158s] Level 1:colcon.colcon_core.package_discovery:discover_packages(recursive) discover
[0.158s] INFO:colcon.colcon_core.package_discovery:Crawling recursively for packages in '/home/chairman/working/ros2/learning/chapt8/chapt8_ws/src'
[0.158s] Level 1:colcon.colcon_core.package_identification:_identify(.) by extensions ['ignore', 'ignore_ament_install']
[0.158s] Level 1:colcon.colcon_core.package_identification:_identify(.) by extension 'ignore'
[0.158s] Level 1:colcon.colcon_core.package_identification:_identify(.) by extension 'ignore_ament_install'
[0.158s] Level 1:colcon.colcon_core.package_identification:_identify(.) by extensions ['colcon_pkg']
[0.158s] Level 1:colcon.colcon_core.package_identification:_identify(.) by extension 'colcon_pkg'
[0.158s] Level 1:colcon.colcon_core.package_identification:_identify(.) by extensions ['colcon_meta']
[0.159s] Level 1:colcon.colcon_core.package_identification:_identify(.) by extension 'colcon_meta'
[0.159s] Level 1:colcon.colcon_core.package_identification:_identify(.) by extensions ['ros']
[0.159s] Level 1:colcon.colcon_core.package_identification:_identify(.) by extension 'ros'
[0.167s] Level 1:colcon.colcon_core.package_identification:_identify(.) by extensions ['cmake', 'python']
[0.167s] Level 1:colcon.colcon_core.package_identification:_identify(.) by extension 'cmake'
[0.167s] Level 1:colcon.colcon_core.package_identification:_identify(.) by extension 'python'
[0.167s] Level 1:colcon.colcon_core.package_identification:_identify(.) by extensions ['python_setup_py']
[0.167s] Level 1:colcon.colcon_core.package_identification:_identify(.) by extension 'python_setup_py'
[0.167s] Level 1:colcon.colcon_core.package_identification:_identify(autopatrol_interfaces) by extensions ['ignore', 'ignore_ament_install']
[0.167s] Level 1:colcon.colcon_core.package_identification:_identify(autopatrol_interfaces) by extension 'ignore'
[0.167s] Level 1:colcon.colcon_core.package_identification:_identify(autopatrol_interfaces) by extension 'ignore_ament_install'
[0.167s] Level 1:colcon.colcon_core.package_identification:_identify(autopatrol_interfaces) by extensions ['colcon_pkg']
[0.167s] Level 1:colcon.colcon_core.package_identification:_identify(autopatrol_interfaces) by extension 'colcon_pkg'
[0.167s] Level 1:colcon.colcon_core.package_identification:_identify(autopatrol_interfaces) by extensions ['colcon_meta']
[0.167s] Level 1:colcon.colcon_core.package_identification:_identify(autopatrol_interfaces) by extension 'colcon_meta'
[0.167s] Level 1:colcon.colcon_core.package_identification:_identify(autopatrol_interfaces) by extensions ['ros']
[0.167s] Level 1:colcon.colcon_core.package_identification:_identify(autopatrol_interfaces) by extension 'ros'
[0.169s] DEBUG:colcon.colcon_core.package_identification:Package 'autopatrol_interfaces' with type 'ros.ament_cmake' and name 'autopatrol_interfaces'
[0.169s] Level 1:colcon.colcon_core.package_identification:_identify(autopatrol_robot) by extensions ['ignore', 'ignore_ament_install']
[0.169s] Level 1:colcon.colcon_core.package_identification:_identify(autopatrol_robot) by extension 'ignore'
[0.169s] Level 1:colcon.colcon_core.package_identification:_identify(autopatrol_robot) by extension 'ignore_ament_install'
[0.169s] Level 1:colcon.colcon_core.package_identification:_identify(autopatrol_robot) by extensions ['colcon_pkg']
[0.169s] Level 1:colcon.colcon_core.package_identification:_identify(autopatrol_robot) by extension 'colcon_pkg'
[0.169s] Level 1:colcon.colcon_core.package_identification:_identify(autopatrol_robot) by extensions ['colcon_meta']
[0.169s] Level 1:colcon.colcon_core.package_identification:_identify(autopatrol_robot) by extension 'colcon_meta'
[0.169s] Level 1:colcon.colcon_core.package_identification:_identify(autopatrol_robot) by extensions ['ros']
[0.169s] Level 1:colcon.colcon_core.package_identification:_identify(autopatrol_robot) by extension 'ros'
[0.169s] DEBUG:colcon.colcon_core.package_identification:Package 'autopatrol_robot' with type 'ros.ament_python' and name 'autopatrol_robot'
[0.169s] Level 1:colcon.colcon_core.package_identification:_identify(build) by extensions ['ignore', 'ignore_ament_install']
[0.169s] Level 1:colcon.colcon_core.package_identification:_identify(build) by extension 'ignore'
[0.169s] Level 1:colcon.colcon_core.package_identification:_identify(build) ignored
[0.170s] Level 1:colcon.colcon_core.package_identification:_identify(fishbot_application) by extensions ['ignore', 'ignore_ament_install']
[0.170s] Level 1:colcon.colcon_core.package_identification:_identify(fishbot_application) by extension 'ignore'
[0.170s] Level 1:colcon.colcon_core.package_identification:_identify(fishbot_application) by extension 'ignore_ament_install'
[0.170s] Level 1:colcon.colcon_core.package_identification:_identify(fishbot_application) by extensions ['colcon_pkg']
[0.170s] Level 1:colcon.colcon_core.package_identification:_identify(fishbot_application) by extension 'colcon_pkg'
[0.170s] Level 1:colcon.colcon_core.package_identification:_identify(fishbot_application) by extensions ['colcon_meta']
[0.170s] Level 1:colcon.colcon_core.package_identification:_identify(fishbot_application) by extension 'colcon_meta'
[0.170s] Level 1:colcon.colcon_core.package_identification:_identify(fishbot_application) by extensions ['ros']
[0.170s] Level 1:colcon.colcon_core.package_identification:_identify(fishbot_application) by extension 'ros'
[0.170s] DEBUG:colcon.colcon_core.package_identification:Package 'fishbot_application' with type 'ros.ament_python' and name 'fishbot_application'
[0.170s] Level 1:colcon.colcon_core.package_identification:_identify(fishbot_navigation2) by extensions ['ignore', 'ignore_ament_install']
[0.170s] Level 1:colcon.colcon_core.package_identification:_identify(fishbot_navigation2) by extension 'ignore'
[0.170s] Level 1:colcon.colcon_core.package_identification:_identify(fishbot_navigation2) by extension 'ignore_ament_install'
[0.170s] Level 1:colcon.colcon_core.package_identification:_identify(fishbot_navigation2) by extensions ['colcon_pkg']
[0.170s] Level 1:colcon.colcon_core.package_identification:_identify(fishbot_navigation2) by extension 'colcon_pkg'
[0.170s] Level 1:colcon.colcon_core.package_identification:_identify(fishbot_navigation2) by extensions ['colcon_meta']
[0.170s] Level 1:colcon.colcon_core.package_identification:_identify(fishbot_navigation2) by extension 'colcon_meta'
[0.170s] Level 1:colcon.colcon_core.package_identification:_identify(fishbot_navigation2) by extensions ['ros']
[0.170s] Level 1:colcon.colcon_core.package_identification:_identify(fishbot_navigation2) by extension 'ros'
[0.171s] DEBUG:colcon.colcon_core.package_identification:Package 'fishbot_navigation2' with type 'ros.ament_cmake' and name 'fishbot_navigation2'
[0.171s] Level 1:colcon.colcon_core.package_identification:_identify(install) by extensions ['ignore', 'ignore_ament_install']
[0.171s] Level 1:colcon.colcon_core.package_identification:_identify(install) by extension 'ignore'
[0.171s] Level 1:colcon.colcon_core.package_identification:_identify(install) ignored
[0.171s] Level 1:colcon.colcon_core.package_identification:_identify(log) by extensions ['ignore', 'ignore_ament_install']
[0.171s] Level 1:colcon.colcon_core.package_identification:_identify(log) by extension 'ignore'
[0.171s] Level 1:colcon.colcon_core.package_identification:_identify(log) ignored
[0.171s] Level 1:colcon.colcon_core.package_identification:_identify(nav2_custom_planner) by extensions ['ignore', 'ignore_ament_install']
[0.171s] Level 1:colcon.colcon_core.package_identification:_identify(nav2_custom_planner) by extension 'ignore'
[0.171s] Level 1:colcon.colcon_core.package_identification:_identify(nav2_custom_planner) by extension 'ignore_ament_install'
[0.171s] Level 1:colcon.colcon_core.package_identification:_identify(nav2_custom_planner) by extensions ['colcon_pkg']
[0.171s] Level 1:colcon.colcon_core.package_identification:_identify(nav2_custom_planner) by extension 'colcon_pkg'
[0.171s] Level 1:colcon.colcon_core.package_identification:_identify(nav2_custom_planner) by extensions ['colcon_meta']
[0.171s] Level 1:colcon.colcon_core.package_identification:_identify(nav2_custom_planner) by extension 'colcon_meta'
[0.171s] Level 1:colcon.colcon_core.package_identification:_identify(nav2_custom_planner) by extensions ['ros']
[0.171s] Level 1:colcon.colcon_core.package_identification:_identify(nav2_custom_planner) by extension 'ros'
[0.172s] DEBUG:colcon.colcon_core.package_identification:Package 'nav2_custom_planner' with type 'ros.ament_cmake' and name 'nav2_custom_planner'
[0.172s] Level 1:colcon.colcon_core.package_discovery:discover_packages(recursive) using defaults
[0.172s] Level 1:colcon.colcon_core.package_discovery:discover_packages(ignore) discover
[0.172s] Level 1:colcon.colcon_core.package_discovery:discover_packages(ignore) using defaults
[0.172s] Level 1:colcon.colcon_core.package_discovery:discover_packages(path) discover
[0.172s] Level 1:colcon.colcon_core.package_discovery:discover_packages(path) using defaults
[0.190s] Level 1:colcon.colcon_core.package_discovery:discover_packages(prefix_path) check parameters
[0.190s] Level 1:colcon.colcon_core.package_discovery:discover_packages(prefix_path) discover
[0.191s] DEBUG:colcon.colcon_installed_package_information.package_discovery:Found 5 installed packages in /home/chairman/working/ros2/learning/chapt8/chapt8_ws/src/install
[0.192s] DEBUG:colcon.colcon_installed_package_information.package_discovery:Found 384 installed packages in /opt/ros/humble
[0.194s] Level 1:colcon.colcon_core.package_discovery:discover_packages(prefix_path) using defaults
[0.222s] Level 5:colcon.colcon_core.verb:set package 'autopatrol_interfaces' build argument 'cmake_args' from command line to 'None'
[0.222s] Level 5:colcon.colcon_core.verb:set package 'autopatrol_interfaces' build argument 'cmake_target' from command line to 'None'
[0.222s] Level 5:colcon.colcon_core.verb:set package 'autopatrol_interfaces' build argument 'cmake_target_skip_unavailable' from command line to 'False'
[0.222s] Level 5:colcon.colcon_core.verb:set package 'autopatrol_interfaces' build argument 'cmake_clean_cache' from command line to 'False'
[0.222s] Level 5:colcon.colcon_core.verb:set package 'autopatrol_interfaces' build argument 'cmake_clean_first' from command line to 'False'
[0.222s] Level 5:colcon.colcon_core.verb:set package 'autopatrol_interfaces' build argument 'cmake_force_configure' from command line to 'False'
[0.222s] Level 5:colcon.colcon_core.verb:set package 'autopatrol_interfaces' build argument 'ament_cmake_args' from command line to 'None'
[0.222s] Level 5:colcon.colcon_core.verb:set package 'autopatrol_interfaces' build argument 'catkin_cmake_args' from command line to 'None'
[0.222s] Level 5:colcon.colcon_core.verb:set package 'autopatrol_interfaces' build argument 'catkin_skip_building_tests' from command line to 'False'
[0.222s] DEBUG:colcon.colcon_core.verb:Building package 'autopatrol_interfaces' with the following arguments: {'ament_cmake_args': None, 'build_base': '/home/chairman/working/ros2/learning/chapt8/chapt8_ws/src/build/autopatrol_interfaces', 'catkin_cmake_args': None, 'catkin_skip_building_tests': False, 'cmake_args': None, 'cmake_clean_cache': False, 'cmake_clean_first': False, 'cmake_force_configure': False, 'cmake_target': None, 'cmake_target_skip_unavailable': False, 'install_base': '/home/chairman/working/ros2/learning/chapt8/chapt8_ws/src/install/autopatrol_interfaces', 'merge_install': False, 'path': '/home/chairman/working/ros2/learning/chapt8/chapt8_ws/src/autopatrol_interfaces', 'symlink_install': False, 'test_result_base': None}
[0.222s] Level 5:colcon.colcon_core.verb:set package 'autopatrol_robot' build argument 'cmake_args' from command line to 'None'
[0.222s] Level 5:colcon.colcon_core.verb:set package 'autopatrol_robot' build argument 'cmake_target' from command line to 'None'
[0.222s] Level 5:colcon.colcon_core.verb:set package 'autopatrol_robot' build argument 'cmake_target_skip_unavailable' from command line to 'False'
[0.222s] Level 5:colcon.colcon_core.verb:set package 'autopatrol_robot' build argument 'cmake_clean_cache' from command line to 'False'
[0.222s] Level 5:colcon.colcon_core.verb:set package 'autopatrol_robot' build argument 'cmake_clean_first' from command line to 'False'
[0.222s] Level 5:colcon.colcon_core.verb:set package 'autopatrol_robot' build argument 'cmake_force_configure' from command line to 'False'
[0.222s] Level 5:colcon.colcon_core.verb:set package 'autopatrol_robot' build argument 'ament_cmake_args' from command line to 'None'
[0.222s] Level 5:colcon.colcon_core.verb:set package 'autopatrol_robot' build argument 'catkin_cmake_args' from command line to 'None'
[0.222s] Level 5:colcon.colcon_core.verb:set package 'autopatrol_robot' build argument 'catkin_skip_building_tests' from command line to 'False'
[0.222s] DEBUG:colcon.colcon_core.verb:Building package 'autopatrol_robot' with the following arguments: {'ament_cmake_args': None, 'build_base': '/home/chairman/working/ros2/learning/chapt8/chapt8_ws/src/build/autopatrol_robot', 'catkin_cmake_args': None, 'catkin_skip_building_tests': False, 'cmake_args': None, 'cmake_clean_cache': False, 'cmake_clean_first': False, 'cmake_force_configure': False, 'cmake_target': None, 'cmake_target_skip_unavailable': False, 'install_base': '/home/chairman/working/ros2/learning/chapt8/chapt8_ws/src/install/autopatrol_robot', 'merge_install': False, 'path': '/home/chairman/working/ros2/learning/chapt8/chapt8_ws/src/autopatrol_robot', 'symlink_install': False, 'test_result_base': None}
[0.222s] Level 5:colcon.colcon_core.verb:set package 'fishbot_application' build argument 'cmake_args' from command line to 'None'
[0.223s] Level 5:colcon.colcon_core.verb:set package 'fishbot_application' build argument 'cmake_target' from command line to 'None'
[0.223s] Level 5:colcon.colcon_core.verb:set package 'fishbot_application' build argument 'cmake_target_skip_unavailable' from command line to 'False'
[0.223s] Level 5:colcon.colcon_core.verb:set package 'fishbot_application' build argument 'cmake_clean_cache' from command line to 'False'
[0.223s] Level 5:colcon.colcon_core.verb:set package 'fishbot_application' build argument 'cmake_clean_first' from command line to 'False'
[0.223s] Level 5:colcon.colcon_core.verb:set package 'fishbot_application' build argument 'cmake_force_configure' from command line to 'False'
[0.223s] Level 5:colcon.colcon_core.verb:set package 'fishbot_application' build argument 'ament_cmake_args' from command line to 'None'
[0.223s] Level 5:colcon.colcon_core.verb:set package 'fishbot_application' build argument 'catkin_cmake_args' from command line to 'None'
[0.223s] Level 5:colcon.colcon_core.verb:set package 'fishbot_application' build argument 'catkin_skip_building_tests' from command line to 'False'
[0.223s] DEBUG:colcon.colcon_core.verb:Building package 'fishbot_application' with the following arguments: {'ament_cmake_args': None, 'build_base': '/home/chairman/working/ros2/learning/chapt8/chapt8_ws/src/build/fishbot_application', 'catkin_cmake_args': None, 'catkin_skip_building_tests': False, 'cmake_args': None, 'cmake_clean_cache': False, 'cmake_clean_first': False, 'cmake_force_configure': False, 'cmake_target': None, 'cmake_target_skip_unavailable': False, 'install_base': '/home/chairman/working/ros2/learning/chapt8/chapt8_ws/src/install/fishbot_application', 'merge_install': False, 'path': '/home/chairman/working/ros2/learning/chapt8/chapt8_ws/src/fishbot_application', 'symlink_install': False, 'test_result_base': None}
[0.223s] Level 5:colcon.colcon_core.verb:set package 'fishbot_navigation2' build argument 'cmake_args' from command line to 'None'
[0.223s] Level 5:colcon.colcon_core.verb:set package 'fishbot_navigation2' build argument 'cmake_target' from command line to 'None'
[0.223s] Level 5:colcon.colcon_core.verb:set package 'fishbot_navigation2' build argument 'cmake_target_skip_unavailable' from command line to 'False'
[0.223s] Level 5:colcon.colcon_core.verb:set package 'fishbot_navigation2' build argument 'cmake_clean_cache' from command line to 'False'
[0.223s] Level 5:colcon.colcon_core.verb:set package 'fishbot_navigation2' build argument 'cmake_clean_first' from command line to 'False'
[0.223s] Level 5:colcon.colcon_core.verb:set package 'fishbot_navigation2' build argument 'cmake_force_configure' from command line to 'False'
[0.223s] Level 5:colcon.colcon_core.verb:set package 'fishbot_navigation2' build argument 'ament_cmake_args' from command line to 'None'
[0.223s] Level 5:colcon.colcon_core.verb:set package 'fishbot_navigation2' build argument 'catkin_cmake_args' from command line to 'None'
[0.223s] Level 5:colcon.colcon_core.verb:set package 'fishbot_navigation2' build argument 'catkin_skip_building_tests' from command line to 'False'
[0.223s] DEBUG:colcon.colcon_core.verb:Building package 'fishbot_navigation2' with the following arguments: {'ament_cmake_args': None, 'build_base': '/home/chairman/working/ros2/learning/chapt8/chapt8_ws/src/build/fishbot_navigation2', 'catkin_cmake_args': None, 'catkin_skip_building_tests': False, 'cmake_args': None, 'cmake_clean_cache': False, 'cmake_clean_first': False, 'cmake_force_configure': False, 'cmake_target': None, 'cmake_target_skip_unavailable': False, 'install_base': '/home/chairman/working/ros2/learning/chapt8/chapt8_ws/src/install/fishbot_navigation2', 'merge_install': False, 'path': '/home/chairman/working/ros2/learning/chapt8/chapt8_ws/src/fishbot_navigation2', 'symlink_install': False, 'test_result_base': None}
[0.223s] Level 5:colcon.colcon_core.verb:set package 'nav2_custom_planner' build argument 'cmake_args' from command line to 'None'
[0.223s] Level 5:colcon.colcon_core.verb:set package 'nav2_custom_planner' build argument 'cmake_target' from command line to 'None'
[0.223s] Level 5:colcon.colcon_core.verb:set package 'nav2_custom_planner' build argument 'cmake_target_skip_unavailable' from command line to 'False'
[0.223s] Level 5:colcon.colcon_core.verb:set package 'nav2_custom_planner' build argument 'cmake_clean_cache' from command line to 'False'
[0.223s] Level 5:colcon.colcon_core.verb:set package 'nav2_custom_planner' build argument 'cmake_clean_first' from command line to 'False'
[0.223s] Level 5:colcon.colcon_core.verb:set package 'nav2_custom_planner' build argument 'cmake_force_configure' from command line to 'False'
[0.223s] Level 5:colcon.colcon_core.verb:set package 'nav2_custom_planner' build argument 'ament_cmake_args' from command line to 'None'
[0.223s] Level 5:colcon.colcon_core.verb:set package 'nav2_custom_planner' build argument 'catkin_cmake_args' from command line to 'None'
[0.223s] Level 5:colcon.colcon_core.verb:set package 'nav2_custom_planner' build argument 'catkin_skip_building_tests' from command line to 'False'
[0.223s] DEBUG:colcon.colcon_core.verb:Building package 'nav2_custom_planner' with the following arguments: {'ament_cmake_args': None, 'build_base': '/home/chairman/working/ros2/learning/chapt8/chapt8_ws/src/build/nav2_custom_planner', 'catkin_cmake_args': None, 'catkin_skip_building_tests': False, 'cmake_args': None, 'cmake_clean_cache': False, 'cmake_clean_first': False, 'cmake_force_configure': False, 'cmake_target': None, 'cmake_target_skip_unavailable': False, 'install_base': '/home/chairman/working/ros2/learning/chapt8/chapt8_ws/src/install/nav2_custom_planner', 'merge_install': False, 'path': '/home/chairman/working/ros2/learning/chapt8/chapt8_ws/src/nav2_custom_planner', 'symlink_install': False, 'test_result_base': None}
[0.223s] INFO:colcon.colcon_core.executor:Executing jobs using 'parallel' executor
[0.224s] DEBUG:colcon.colcon_parallel_executor.executor.parallel:run_until_complete
[0.224s] INFO:colcon.colcon_ros.task.ament_cmake.build:Building ROS package in '/home/chairman/working/ros2/learning/chapt8/chapt8_ws/src/autopatrol_interfaces' with build type 'ament_cmake'
[0.224s] INFO:colcon.colcon_cmake.task.cmake.build:Building CMake package in '/home/chairman/working/ros2/learning/chapt8/chapt8_ws/src/autopatrol_interfaces'
[0.226s] INFO:colcon.colcon_core.plugin_system:Skipping extension 'colcon_core.shell.bat': Not used on non-Windows systems
[0.226s] INFO:colcon.colcon_core.shell:Skip shell extension 'powershell' for command environment: Not usable outside of PowerShell
[0.226s] DEBUG:colcon.colcon_core.shell:Skip shell extension 'dsv' for command environment
[0.228s] INFO:colcon.colcon_ros.task.ament_python.build:Building ROS package in '/home/chairman/working/ros2/learning/chapt8/chapt8_ws/src/autopatrol_robot' with build type 'ament_python'
[0.228s] Level 1:colcon.colcon_core.shell:create_environment_hook('autopatrol_robot', 'ament_prefix_path')
[0.228s] INFO:colcon.colcon_core.shell:Creating environment hook '/home/chairman/working/ros2/learning/chapt8/chapt8_ws/src/install/autopatrol_robot/share/autopatrol_robot/hook/ament_prefix_path.ps1'
[0.229s] INFO:colcon.colcon_core.shell:Creating environment descriptor '/home/chairman/working/ros2/learning/chapt8/chapt8_ws/src/install/autopatrol_robot/share/autopatrol_robot/hook/ament_prefix_path.dsv'
[0.229s] INFO:colcon.colcon_core.shell:Creating environment hook '/home/chairman/working/ros2/learning/chapt8/chapt8_ws/src/install/autopatrol_robot/share/autopatrol_robot/hook/ament_prefix_path.sh'
[0.230s] INFO:colcon.colcon_core.shell:Skip shell extension 'powershell' for command environment: Not usable outside of PowerShell
[0.230s] DEBUG:colcon.colcon_core.shell:Skip shell extension 'dsv' for command environment
[0.232s] INFO:colcon.colcon_ros.task.ament_python.build:Building ROS package in '/home/chairman/working/ros2/learning/chapt8/chapt8_ws/src/fishbot_application' with build type 'ament_python'
[0.232s] Level 1:colcon.colcon_core.shell:create_environment_hook('fishbot_application', 'ament_prefix_path')
[0.232s] INFO:colcon.colcon_core.shell:Creating environment hook '/home/chairman/working/ros2/learning/chapt8/chapt8_ws/src/install/fishbot_application/share/fishbot_application/hook/ament_prefix_path.ps1'
[0.232s] INFO:colcon.colcon_core.shell:Creating environment descriptor '/home/chairman/working/ros2/learning/chapt8/chapt8_ws/src/install/fishbot_application/share/fishbot_application/hook/ament_prefix_path.dsv'
[0.232s] INFO:colcon.colcon_core.shell:Creating environment hook '/home/chairman/working/ros2/learning/chapt8/chapt8_ws/src/install/fishbot_application/share/fishbot_application/hook/ament_prefix_path.sh'
[0.233s] INFO:colcon.colcon_core.shell:Skip shell extension 'powershell' for command environment: Not usable outside of PowerShell
[0.233s] DEBUG:colcon.colcon_core.shell:Skip shell extension 'dsv' for command environment
[0.235s] INFO:colcon.colcon_ros.task.ament_cmake.build:Building ROS package in '/home/chairman/working/ros2/learning/chapt8/chapt8_ws/src/fishbot_navigation2' with build type 'ament_cmake'
[0.235s] INFO:colcon.colcon_cmake.task.cmake.build:Building CMake package in '/home/chairman/working/ros2/learning/chapt8/chapt8_ws/src/fishbot_navigation2'
[0.235s] INFO:colcon.colcon_core.shell:Skip shell extension 'powershell' for command environment: Not usable outside of PowerShell
[0.235s] DEBUG:colcon.colcon_core.shell:Skip shell extension 'dsv' for command environment
[0.237s] INFO:colcon.colcon_ros.task.ament_cmake.build:Building ROS package in '/home/chairman/working/ros2/learning/chapt8/chapt8_ws/src/nav2_custom_planner' with build type 'ament_cmake'
[0.237s] INFO:colcon.colcon_cmake.task.cmake.build:Building CMake package in '/home/chairman/working/ros2/learning/chapt8/chapt8_ws/src/nav2_custom_planner'
[0.237s] INFO:colcon.colcon_core.shell:Skip shell extension 'powershell' for command environment: Not usable outside of PowerShell
[0.237s] DEBUG:colcon.colcon_core.shell:Skip shell extension 'dsv' for command environment
[0.242s] DEBUG:colcon.colcon_core.event_handler.log_command:Invoking command in '/home/chairman/working/ros2/learning/chapt8/chapt8_ws/src/build/autopatrol_interfaces': CMAKE_PREFIX_PATH=${CMAKE_PREFIX_PATH}:/home/chairman/working/ros2/learning/chapt8/chapt8_ws/src/install/fishbot_application:/home/chairman/working/ros2/learning/chapt8/chapt8_ws/src/install/autopatrol_robot:/opt/ros/humble /usr/bin/cmake --build /home/chairman/working/ros2/learning/chapt8/chapt8_ws/src/build/autopatrol_interfaces -- -j28 -l28
[0.408s] INFO:colcon.colcon_core.task.python.build:Building Python package in '/home/chairman/working/ros2/learning/chapt8/chapt8_ws/src/autopatrol_robot'
[0.409s] INFO:colcon.colcon_core.shell:Skip shell extension 'powershell' for command environment: Not usable outside of PowerShell
[0.409s] DEBUG:colcon.colcon_core.shell:Skip shell extension 'dsv' for command environment
[0.584s] INFO:colcon.colcon_core.task.python.build:Building Python package in '/home/chairman/working/ros2/learning/chapt8/chapt8_ws/src/fishbot_application'
[0.584s] INFO:colcon.colcon_core.shell:Skip shell extension 'powershell' for command environment: Not usable outside of PowerShell
[0.584s] DEBUG:colcon.colcon_core.shell:Skip shell extension 'dsv' for command environment
[0.593s] DEBUG:colcon.colcon_core.event_handler.log_command:Invoking command in '/home/chairman/working/ros2/learning/chapt8/chapt8_ws/src/build/fishbot_navigation2': CMAKE_PREFIX_PATH=${CMAKE_PREFIX_PATH}:/home/chairman/working/ros2/learning/chapt8/chapt8_ws/src/install/fishbot_application:/home/chairman/working/ros2/learning/chapt8/chapt8_ws/src/install/autopatrol_robot:/opt/ros/humble /usr/bin/cmake --build /home/chairman/working/ros2/learning/chapt8/chapt8_ws/src/build/fishbot_navigation2 -- -j28 -l28
[0.607s] DEBUG:colcon.colcon_core.event_handler.log_command:Invoking command in '/home/chairman/working/ros2/learning/chapt8/chapt8_ws/src/build/nav2_custom_planner': CMAKE_PREFIX_PATH=${CMAKE_PREFIX_PATH}:/home/chairman/working/ros2/learning/chapt8/chapt8_ws/src/install/fishbot_application:/home/chairman/working/ros2/learning/chapt8/chapt8_ws/src/install/autopatrol_robot:/opt/ros/humble /usr/bin/cmake --build /home/chairman/working/ros2/learning/chapt8/chapt8_ws/src/build/nav2_custom_planner -- -j28 -l28
[0.610s] DEBUG:colcon.colcon_core.event_handler.log_command:Invoked command in '/home/chairman/working/ros2/learning/chapt8/chapt8_ws/src/build/autopatrol_interfaces' returned '0': CMAKE_PREFIX_PATH=${CMAKE_PREFIX_PATH}:/home/chairman/working/ros2/learning/chapt8/chapt8_ws/src/install/fishbot_application:/home/chairman/working/ros2/learning/chapt8/chapt8_ws/src/install/autopatrol_robot:/opt/ros/humble /usr/bin/cmake --build /home/chairman/working/ros2/learning/chapt8/chapt8_ws/src/build/autopatrol_interfaces -- -j28 -l28
[0.623s] DEBUG:colcon.colcon_core.event_handler.log_command:Invoking command in '/home/chairman/working/ros2/learning/chapt8/chapt8_ws/src/build/autopatrol_interfaces': CMAKE_PREFIX_PATH=${CMAKE_PREFIX_PATH}:/home/chairman/working/ros2/learning/chapt8/chapt8_ws/src/install/fishbot_application:/home/chairman/working/ros2/learning/chapt8/chapt8_ws/src/install/autopatrol_robot:/opt/ros/humble /usr/bin/cmake --install /home/chairman/working/ros2/learning/chapt8/chapt8_ws/src/build/autopatrol_interfaces
[0.636s] DEBUG:colcon.colcon_core.event_handler.log_command:Invoked command in '/home/chairman/working/ros2/learning/chapt8/chapt8_ws/src/build/fishbot_navigation2' returned '0': CMAKE_PREFIX_PATH=${CMAKE_PREFIX_PATH}:/home/chairman/working/ros2/learning/chapt8/chapt8_ws/src/install/fishbot_application:/home/chairman/working/ros2/learning/chapt8/chapt8_ws/src/install/autopatrol_robot:/opt/ros/humble /usr/bin/cmake --build /home/chairman/working/ros2/learning/chapt8/chapt8_ws/src/build/fishbot_navigation2 -- -j28 -l28
[0.637s] DEBUG:colcon.colcon_core.event_handler.log_command:Invoking command in '/home/chairman/working/ros2/learning/chapt8/chapt8_ws/src/build/fishbot_navigation2': CMAKE_PREFIX_PATH=${CMAKE_PREFIX_PATH}:/home/chairman/working/ros2/learning/chapt8/chapt8_ws/src/install/fishbot_application:/home/chairman/working/ros2/learning/chapt8/chapt8_ws/src/install/autopatrol_robot:/opt/ros/humble /usr/bin/cmake --install /home/chairman/working/ros2/learning/chapt8/chapt8_ws/src/build/fishbot_navigation2
[0.645s] Level 1:colcon.colcon_core.environment:create_environment_scripts_only(fishbot_navigation2)
[0.646s] DEBUG:colcon.colcon_core.event_handler.log_command:Invoked command in '/home/chairman/working/ros2/learning/chapt8/chapt8_ws/src/build/fishbot_navigation2' returned '0': CMAKE_PREFIX_PATH=${CMAKE_PREFIX_PATH}:/home/chairman/working/ros2/learning/chapt8/chapt8_ws/src/install/fishbot_application:/home/chairman/working/ros2/learning/chapt8/chapt8_ws/src/install/autopatrol_robot:/opt/ros/humble /usr/bin/cmake --install /home/chairman/working/ros2/learning/chapt8/chapt8_ws/src/build/fishbot_navigation2
[0.648s] Level 1:colcon.colcon_core.environment:checking '/home/chairman/working/ros2/learning/chapt8/chapt8_ws/src/install/fishbot_navigation2' for CMake module files
[0.649s] Level 1:colcon.colcon_core.environment:checking '/home/chairman/working/ros2/learning/chapt8/chapt8_ws/src/install/fishbot_navigation2' for CMake config files
[0.649s] Level 1:colcon.colcon_core.shell:create_environment_hook('fishbot_navigation2', 'cmake_prefix_path')
[0.650s] INFO:colcon.colcon_core.shell:Creating environment hook '/home/chairman/working/ros2/learning/chapt8/chapt8_ws/src/install/fishbot_navigation2/share/fishbot_navigation2/hook/cmake_prefix_path.ps1'
[0.650s] INFO:colcon.colcon_core.shell:Creating environment descriptor '/home/chairman/working/ros2/learning/chapt8/chapt8_ws/src/install/fishbot_navigation2/share/fishbot_navigation2/hook/cmake_prefix_path.dsv'
[0.650s] INFO:colcon.colcon_core.shell:Creating environment hook '/home/chairman/working/ros2/learning/chapt8/chapt8_ws/src/install/fishbot_navigation2/share/fishbot_navigation2/hook/cmake_prefix_path.sh'
[0.650s] Level 1:colcon.colcon_core.environment:checking '/home/chairman/working/ros2/learning/chapt8/chapt8_ws/src/install/fishbot_navigation2/bin'
[0.651s] Level 1:colcon.colcon_core.environment:checking '/home/chairman/working/ros2/learning/chapt8/chapt8_ws/src/install/fishbot_navigation2/lib/pkgconfig/fishbot_navigation2.pc'
[0.651s] Level 1:colcon.colcon_core.environment:checking '/home/chairman/working/ros2/learning/chapt8/chapt8_ws/src/install/fishbot_navigation2/lib/python3.10/site-packages'
[0.651s] Level 1:colcon.colcon_core.environment:checking '/home/chairman/working/ros2/learning/chapt8/chapt8_ws/src/install/fishbot_navigation2/bin'
[0.651s] INFO:colcon.colcon_core.shell:Creating package script '/home/chairman/working/ros2/learning/chapt8/chapt8_ws/src/install/fishbot_navigation2/share/fishbot_navigation2/package.ps1'
[0.651s] INFO:colcon.colcon_core.shell:Creating package descriptor '/home/chairman/working/ros2/learning/chapt8/chapt8_ws/src/install/fishbot_navigation2/share/fishbot_navigation2/package.dsv'
[0.652s] INFO:colcon.colcon_core.shell:Creating package script '/home/chairman/working/ros2/learning/chapt8/chapt8_ws/src/install/fishbot_navigation2/share/fishbot_navigation2/package.sh'
[0.652s] INFO:colcon.colcon_core.shell:Creating package script '/home/chairman/working/ros2/learning/chapt8/chapt8_ws/src/install/fishbot_navigation2/share/fishbot_navigation2/package.bash'
[0.653s] INFO:colcon.colcon_core.shell:Creating package script '/home/chairman/working/ros2/learning/chapt8/chapt8_ws/src/install/fishbot_navigation2/share/fishbot_navigation2/package.zsh'
[0.653s] Level 1:colcon.colcon_core.environment:create_file_with_runtime_dependencies(/home/chairman/working/ros2/learning/chapt8/chapt8_ws/src/install/fishbot_navigation2/share/colcon-core/packages/fishbot_navigation2)
[0.654s] Level 1:colcon.colcon_core.environment:create_environment_scripts_only(fishbot_navigation2)
[0.654s] Level 1:colcon.colcon_core.environment:checking '/home/chairman/working/ros2/learning/chapt8/chapt8_ws/src/install/fishbot_navigation2' for CMake module files
[0.654s] Level 1:colcon.colcon_core.environment:checking '/home/chairman/working/ros2/learning/chapt8/chapt8_ws/src/install/fishbot_navigation2' for CMake config files
[0.654s] Level 1:colcon.colcon_core.shell:create_environment_hook('fishbot_navigation2', 'cmake_prefix_path')
[0.654s] INFO:colcon.colcon_core.shell:Creating environment hook '/home/chairman/working/ros2/learning/chapt8/chapt8_ws/src/install/fishbot_navigation2/share/fishbot_navigation2/hook/cmake_prefix_path.ps1'
[0.654s] INFO:colcon.colcon_core.shell:Creating environment descriptor '/home/chairman/working/ros2/learning/chapt8/chapt8_ws/src/install/fishbot_navigation2/share/fishbot_navigation2/hook/cmake_prefix_path.dsv'
[0.655s] INFO:colcon.colcon_core.shell:Creating environment hook '/home/chairman/working/ros2/learning/chapt8/chapt8_ws/src/install/fishbot_navigation2/share/fishbot_navigation2/hook/cmake_prefix_path.sh'
[0.655s] Level 1:colcon.colcon_core.environment:checking '/home/chairman/working/ros2/learning/chapt8/chapt8_ws/src/install/fishbot_navigation2/bin'
[0.655s] Level 1:colcon.colcon_core.environment:checking '/home/chairman/working/ros2/learning/chapt8/chapt8_ws/src/install/fishbot_navigation2/lib/pkgconfig/fishbot_navigation2.pc'
[0.655s] Level 1:colcon.colcon_core.environment:checking '/home/chairman/working/ros2/learning/chapt8/chapt8_ws/src/install/fishbot_navigation2/lib/python3.10/site-packages'
[0.655s] Level 1:colcon.colcon_core.environment:checking '/home/chairman/working/ros2/learning/chapt8/chapt8_ws/src/install/fishbot_navigation2/bin'
[0.655s] INFO:colcon.colcon_core.shell:Creating package script '/home/chairman/working/ros2/learning/chapt8/chapt8_ws/src/install/fishbot_navigation2/share/fishbot_navigation2/package.ps1'
[0.656s] INFO:colcon.colcon_core.shell:Creating package descriptor '/home/chairman/working/ros2/learning/chapt8/chapt8_ws/src/install/fishbot_navigation2/share/fishbot_navigation2/package.dsv'
[0.656s] INFO:colcon.colcon_core.shell:Creating package script '/home/chairman/working/ros2/learning/chapt8/chapt8_ws/src/install/fishbot_navigation2/share/fishbot_navigation2/package.sh'
[0.656s] INFO:colcon.colcon_core.shell:Creating package script '/home/chairman/working/ros2/learning/chapt8/chapt8_ws/src/install/fishbot_navigation2/share/fishbot_navigation2/package.bash'
[0.657s] INFO:colcon.colcon_core.shell:Creating package script '/home/chairman/working/ros2/learning/chapt8/chapt8_ws/src/install/fishbot_navigation2/share/fishbot_navigation2/package.zsh'
[0.657s] Level 1:colcon.colcon_core.environment:create_file_with_runtime_dependencies(/home/chairman/working/ros2/learning/chapt8/chapt8_ws/src/install/fishbot_navigation2/share/colcon-core/packages/fishbot_navigation2)
[0.662s] Level 1:colcon.colcon_core.environment:create_environment_scripts_only(autopatrol_interfaces)
[0.663s] Level 1:colcon.colcon_core.environment:checking '/home/chairman/working/ros2/learning/chapt8/chapt8_ws/src/install/autopatrol_interfaces' for CMake module files
[0.663s] DEBUG:colcon.colcon_core.event_handler.log_command:Invoked command in '/home/chairman/working/ros2/learning/chapt8/chapt8_ws/src/build/autopatrol_interfaces' returned '0': CMAKE_PREFIX_PATH=${CMAKE_PREFIX_PATH}:/home/chairman/working/ros2/learning/chapt8/chapt8_ws/src/install/fishbot_application:/home/chairman/working/ros2/learning/chapt8/chapt8_ws/src/install/autopatrol_robot:/opt/ros/humble /usr/bin/cmake --install /home/chairman/working/ros2/learning/chapt8/chapt8_ws/src/build/autopatrol_interfaces
[0.664s] Level 1:colcon.colcon_core.environment:checking '/home/chairman/working/ros2/learning/chapt8/chapt8_ws/src/install/autopatrol_interfaces' for CMake config files
[0.664s] Level 1:colcon.colcon_core.shell:create_environment_hook('autopatrol_interfaces', 'cmake_prefix_path')
[0.664s] INFO:colcon.colcon_core.shell:Creating environment hook '/home/chairman/working/ros2/learning/chapt8/chapt8_ws/src/install/autopatrol_interfaces/share/autopatrol_interfaces/hook/cmake_prefix_path.ps1'
[0.665s] INFO:colcon.colcon_core.shell:Creating environment descriptor '/home/chairman/working/ros2/learning/chapt8/chapt8_ws/src/install/autopatrol_interfaces/share/autopatrol_interfaces/hook/cmake_prefix_path.dsv'
[0.665s] INFO:colcon.colcon_core.shell:Creating environment hook '/home/chairman/working/ros2/learning/chapt8/chapt8_ws/src/install/autopatrol_interfaces/share/autopatrol_interfaces/hook/cmake_prefix_path.sh'
[0.666s] Level 1:colcon.colcon_core.environment:checking '/home/chairman/working/ros2/learning/chapt8/chapt8_ws/src/install/autopatrol_interfaces/lib'
[0.666s] Level 1:colcon.colcon_core.shell:create_environment_hook('autopatrol_interfaces', 'ld_library_path_lib')
[0.666s] INFO:colcon.colcon_core.shell:Creating environment hook '/home/chairman/working/ros2/learning/chapt8/chapt8_ws/src/install/autopatrol_interfaces/share/autopatrol_interfaces/hook/ld_library_path_lib.ps1'
[0.666s] INFO:colcon.colcon_core.shell:Creating environment descriptor '/home/chairman/working/ros2/learning/chapt8/chapt8_ws/src/install/autopatrol_interfaces/share/autopatrol_interfaces/hook/ld_library_path_lib.dsv'
[0.667s] INFO:colcon.colcon_core.shell:Creating environment hook '/home/chairman/working/ros2/learning/chapt8/chapt8_ws/src/install/autopatrol_interfaces/share/autopatrol_interfaces/hook/ld_library_path_lib.sh'
[0.667s] Level 1:colcon.colcon_core.environment:checking '/home/chairman/working/ros2/learning/chapt8/chapt8_ws/src/install/autopatrol_interfaces/bin'
[0.667s] Level 1:colcon.colcon_core.environment:checking '/home/chairman/working/ros2/learning/chapt8/chapt8_ws/src/install/autopatrol_interfaces/lib/pkgconfig/autopatrol_interfaces.pc'
[0.667s] Level 1:colcon.colcon_core.environment:checking '/home/chairman/working/ros2/learning/chapt8/chapt8_ws/src/install/autopatrol_interfaces/lib/python3.10/site-packages'
[0.667s] Level 1:colcon.colcon_core.environment:checking '/home/chairman/working/ros2/learning/chapt8/chapt8_ws/src/install/autopatrol_interfaces/bin'
[0.667s] INFO:colcon.colcon_core.shell:Creating package script '/home/chairman/working/ros2/learning/chapt8/chapt8_ws/src/install/autopatrol_interfaces/share/autopatrol_interfaces/package.ps1'
[0.668s] INFO:colcon.colcon_core.shell:Creating package descriptor '/home/chairman/working/ros2/learning/chapt8/chapt8_ws/src/install/autopatrol_interfaces/share/autopatrol_interfaces/package.dsv'
[0.668s] INFO:colcon.colcon_core.shell:Creating package script '/home/chairman/working/ros2/learning/chapt8/chapt8_ws/src/install/autopatrol_interfaces/share/autopatrol_interfaces/package.sh'
[0.668s] INFO:colcon.colcon_core.shell:Creating package script '/home/chairman/working/ros2/learning/chapt8/chapt8_ws/src/install/autopatrol_interfaces/share/autopatrol_interfaces/package.bash'
[0.668s] INFO:colcon.colcon_core.shell:Creating package script '/home/chairman/working/ros2/learning/chapt8/chapt8_ws/src/install/autopatrol_interfaces/share/autopatrol_interfaces/package.zsh'
[0.669s] Level 1:colcon.colcon_core.environment:create_file_with_runtime_dependencies(/home/chairman/working/ros2/learning/chapt8/chapt8_ws/src/install/autopatrol_interfaces/share/colcon-core/packages/autopatrol_interfaces)
[0.669s] Level 1:colcon.colcon_core.environment:create_environment_scripts_only(autopatrol_interfaces)
[0.669s] Level 1:colcon.colcon_core.environment:checking '/home/chairman/working/ros2/learning/chapt8/chapt8_ws/src/install/autopatrol_interfaces' for CMake module files
[0.670s] Level 1:colcon.colcon_core.environment:checking '/home/chairman/working/ros2/learning/chapt8/chapt8_ws/src/install/autopatrol_interfaces' for CMake config files
[0.670s] Level 1:colcon.colcon_core.shell:create_environment_hook('autopatrol_interfaces', 'cmake_prefix_path')
[0.670s] INFO:colcon.colcon_core.shell:Creating environment hook '/home/chairman/working/ros2/learning/chapt8/chapt8_ws/src/install/autopatrol_interfaces/share/autopatrol_interfaces/hook/cmake_prefix_path.ps1'
[0.670s] INFO:colcon.colcon_core.shell:Creating environment descriptor '/home/chairman/working/ros2/learning/chapt8/chapt8_ws/src/install/autopatrol_interfaces/share/autopatrol_interfaces/hook/cmake_prefix_path.dsv'
[0.670s] INFO:colcon.colcon_core.shell:Creating environment hook '/home/chairman/working/ros2/learning/chapt8/chapt8_ws/src/install/autopatrol_interfaces/share/autopatrol_interfaces/hook/cmake_prefix_path.sh'
[0.671s] Level 1:colcon.colcon_core.environment:checking '/home/chairman/working/ros2/learning/chapt8/chapt8_ws/src/install/autopatrol_interfaces/lib'
[0.671s] Level 1:colcon.colcon_core.shell:create_environment_hook('autopatrol_interfaces', 'ld_library_path_lib')
[0.671s] INFO:colcon.colcon_core.shell:Creating environment hook '/home/chairman/working/ros2/learning/chapt8/chapt8_ws/src/install/autopatrol_interfaces/share/autopatrol_interfaces/hook/ld_library_path_lib.ps1'
[0.671s] INFO:colcon.colcon_core.shell:Creating environment descriptor '/home/chairman/working/ros2/learning/chapt8/chapt8_ws/src/install/autopatrol_interfaces/share/autopatrol_interfaces/hook/ld_library_path_lib.dsv'
[0.671s] INFO:colcon.colcon_core.shell:Creating environment hook '/home/chairman/working/ros2/learning/chapt8/chapt8_ws/src/install/autopatrol_interfaces/share/autopatrol_interfaces/hook/ld_library_path_lib.sh'
[0.671s] Level 1:colcon.colcon_core.environment:checking '/home/chairman/working/ros2/learning/chapt8/chapt8_ws/src/install/autopatrol_interfaces/bin'
[0.671s] Level 1:colcon.colcon_core.environment:checking '/home/chairman/working/ros2/learning/chapt8/chapt8_ws/src/install/autopatrol_interfaces/lib/pkgconfig/autopatrol_interfaces.pc'
[0.672s] Level 1:colcon.colcon_core.environment:checking '/home/chairman/working/ros2/learning/chapt8/chapt8_ws/src/install/autopatrol_interfaces/lib/python3.10/site-packages'
[0.672s] Level 1:colcon.colcon_core.environment:checking '/home/chairman/working/ros2/learning/chapt8/chapt8_ws/src/install/autopatrol_interfaces/bin'
[0.672s] INFO:colcon.colcon_core.shell:Creating package script '/home/chairman/working/ros2/learning/chapt8/chapt8_ws/src/install/autopatrol_interfaces/share/autopatrol_interfaces/package.ps1'
[0.672s] INFO:colcon.colcon_core.shell:Creating package descriptor '/home/chairman/working/ros2/learning/chapt8/chapt8_ws/src/install/autopatrol_interfaces/share/autopatrol_interfaces/package.dsv'
[0.672s] INFO:colcon.colcon_core.shell:Creating package script '/home/chairman/working/ros2/learning/chapt8/chapt8_ws/src/install/autopatrol_interfaces/share/autopatrol_interfaces/package.sh'
[0.673s] INFO:colcon.colcon_core.shell:Creating package script '/home/chairman/working/ros2/learning/chapt8/chapt8_ws/src/install/autopatrol_interfaces/share/autopatrol_interfaces/package.bash'
[0.673s] INFO:colcon.colcon_core.shell:Creating package script '/home/chairman/working/ros2/learning/chapt8/chapt8_ws/src/install/autopatrol_interfaces/share/autopatrol_interfaces/package.zsh'
[0.673s] Level 1:colcon.colcon_core.environment:create_file_with_runtime_dependencies(/home/chairman/working/ros2/learning/chapt8/chapt8_ws/src/install/autopatrol_interfaces/share/colcon-core/packages/autopatrol_interfaces)
[0.830s] DEBUG:colcon.colcon_core.event_handler.log_command:Invoking command in '/home/chairman/working/ros2/learning/chapt8/chapt8_ws/src/autopatrol_robot': PYTHONPATH=/home/chairman/working/ros2/learning/chapt8/chapt8_ws/src/build/autopatrol_robot/prefix_override:/usr/lib/python3/dist-packages/colcon_core/task/python/colcon_distutils_commands:/home/chairman/working/ros2/learning/chapt8/chapt8_ws/src/install/autopatrol_robot/lib/python3.10/site-packages:${PYTHONPATH} /usr/bin/python3 -W ignore:setup.py install is deprecated -W ignore:easy_install command is deprecated setup.py egg_info --egg-base ../build/autopatrol_robot build --build-base /home/chairman/working/ros2/learning/chapt8/chapt8_ws/src/build/autopatrol_robot/build install --record /home/chairman/working/ros2/learning/chapt8/chapt8_ws/src/build/autopatrol_robot/install.log --single-version-externally-managed install_data
[0.848s] DEBUG:colcon.colcon_core.event_handler.log_command:Invoking command in '/home/chairman/working/ros2/learning/chapt8/chapt8_ws/src/fishbot_application': PYTHONPATH=/home/chairman/working/ros2/learning/chapt8/chapt8_ws/src/build/fishbot_application/prefix_override:/usr/lib/python3/dist-packages/colcon_core/task/python/colcon_distutils_commands:/home/chairman/working/ros2/learning/chapt8/chapt8_ws/src/install/fishbot_application/lib/python3.10/site-packages:${PYTHONPATH} /usr/bin/python3 -W ignore:setup.py install is deprecated -W ignore:easy_install command is deprecated setup.py egg_info --egg-base ../build/fishbot_application build --build-base /home/chairman/working/ros2/learning/chapt8/chapt8_ws/src/build/fishbot_application/build install --record /home/chairman/working/ros2/learning/chapt8/chapt8_ws/src/build/fishbot_application/install.log --single-version-externally-managed install_data
[1.018s] Level 1:colcon.colcon_core.environment:checking '/home/chairman/working/ros2/learning/chapt8/chapt8_ws/src/install/autopatrol_robot' for CMake module files
[1.018s] DEBUG:colcon.colcon_core.event_handler.log_command:Invoked command in '/home/chairman/working/ros2/learning/chapt8/chapt8_ws/src/autopatrol_robot' returned '0': PYTHONPATH=/home/chairman/working/ros2/learning/chapt8/chapt8_ws/src/build/autopatrol_robot/prefix_override:/usr/lib/python3/dist-packages/colcon_core/task/python/colcon_distutils_commands:/home/chairman/working/ros2/learning/chapt8/chapt8_ws/src/install/autopatrol_robot/lib/python3.10/site-packages:${PYTHONPATH} /usr/bin/python3 -W ignore:setup.py install is deprecated -W ignore:easy_install command is deprecated setup.py egg_info --egg-base ../build/autopatrol_robot build --build-base /home/chairman/working/ros2/learning/chapt8/chapt8_ws/src/build/autopatrol_robot/build install --record /home/chairman/working/ros2/learning/chapt8/chapt8_ws/src/build/autopatrol_robot/install.log --single-version-externally-managed install_data
[1.019s] Level 1:colcon.colcon_core.environment:checking '/home/chairman/working/ros2/learning/chapt8/chapt8_ws/src/install/autopatrol_robot' for CMake config files
[1.019s] Level 1:colcon.colcon_core.environment:checking '/home/chairman/working/ros2/learning/chapt8/chapt8_ws/src/install/autopatrol_robot/lib'
[1.019s] Level 1:colcon.colcon_core.environment:checking '/home/chairman/working/ros2/learning/chapt8/chapt8_ws/src/install/autopatrol_robot/bin'
[1.019s] Level 1:colcon.colcon_core.environment:checking '/home/chairman/working/ros2/learning/chapt8/chapt8_ws/src/install/autopatrol_robot/lib/pkgconfig/autopatrol_robot.pc'
[1.019s] Level 1:colcon.colcon_core.environment:checking '/home/chairman/working/ros2/learning/chapt8/chapt8_ws/src/install/autopatrol_robot/lib/python3.10/site-packages'
[1.019s] Level 1:colcon.colcon_core.shell:create_environment_hook('autopatrol_robot', 'pythonpath')
[1.020s] INFO:colcon.colcon_core.shell:Creating environment hook '/home/chairman/working/ros2/learning/chapt8/chapt8_ws/src/install/autopatrol_robot/share/autopatrol_robot/hook/pythonpath.ps1'
[1.020s] INFO:colcon.colcon_core.shell:Creating environment descriptor '/home/chairman/working/ros2/learning/chapt8/chapt8_ws/src/install/autopatrol_robot/share/autopatrol_robot/hook/pythonpath.dsv'
[1.020s] INFO:colcon.colcon_core.shell:Creating environment hook '/home/chairman/working/ros2/learning/chapt8/chapt8_ws/src/install/autopatrol_robot/share/autopatrol_robot/hook/pythonpath.sh'
[1.020s] Level 1:colcon.colcon_core.environment:checking '/home/chairman/working/ros2/learning/chapt8/chapt8_ws/src/install/autopatrol_robot/bin'
[1.020s] Level 1:colcon.colcon_core.environment:create_environment_scripts_only(autopatrol_robot)
[1.021s] INFO:colcon.colcon_core.shell:Creating package script '/home/chairman/working/ros2/learning/chapt8/chapt8_ws/src/install/autopatrol_robot/share/autopatrol_robot/package.ps1'
[1.021s] INFO:colcon.colcon_core.shell:Creating package descriptor '/home/chairman/working/ros2/learning/chapt8/chapt8_ws/src/install/autopatrol_robot/share/autopatrol_robot/package.dsv'
[1.021s] INFO:colcon.colcon_core.shell:Creating package script '/home/chairman/working/ros2/learning/chapt8/chapt8_ws/src/install/autopatrol_robot/share/autopatrol_robot/package.sh'
[1.021s] INFO:colcon.colcon_core.shell:Creating package script '/home/chairman/working/ros2/learning/chapt8/chapt8_ws/src/install/autopatrol_robot/share/autopatrol_robot/package.bash'
[1.021s] INFO:colcon.colcon_core.shell:Creating package script '/home/chairman/working/ros2/learning/chapt8/chapt8_ws/src/install/autopatrol_robot/share/autopatrol_robot/package.zsh'
[1.022s] Level 1:colcon.colcon_core.environment:create_file_with_runtime_dependencies(/home/chairman/working/ros2/learning/chapt8/chapt8_ws/src/install/autopatrol_robot/share/colcon-core/packages/autopatrol_robot)
[1.046s] Level 1:colcon.colcon_core.environment:checking '/home/chairman/working/ros2/learning/chapt8/chapt8_ws/src/install/fishbot_application' for CMake module files
[1.047s] DEBUG:colcon.colcon_core.event_handler.log_command:Invoked command in '/home/chairman/working/ros2/learning/chapt8/chapt8_ws/src/fishbot_application' returned '0': PYTHONPATH=/home/chairman/working/ros2/learning/chapt8/chapt8_ws/src/build/fishbot_application/prefix_override:/usr/lib/python3/dist-packages/colcon_core/task/python/colcon_distutils_commands:/home/chairman/working/ros2/learning/chapt8/chapt8_ws/src/install/fishbot_application/lib/python3.10/site-packages:${PYTHONPATH} /usr/bin/python3 -W ignore:setup.py install is deprecated -W ignore:easy_install command is deprecated setup.py egg_info --egg-base ../build/fishbot_application build --build-base /home/chairman/working/ros2/learning/chapt8/chapt8_ws/src/build/fishbot_application/build install --record /home/chairman/working/ros2/learning/chapt8/chapt8_ws/src/build/fishbot_application/install.log --single-version-externally-managed install_data
[1.047s] Level 1:colcon.colcon_core.environment:checking '/home/chairman/working/ros2/learning/chapt8/chapt8_ws/src/install/fishbot_application' for CMake config files
[1.048s] Level 1:colcon.colcon_core.environment:checking '/home/chairman/working/ros2/learning/chapt8/chapt8_ws/src/install/fishbot_application/lib'
[1.048s] Level 1:colcon.colcon_core.environment:checking '/home/chairman/working/ros2/learning/chapt8/chapt8_ws/src/install/fishbot_application/bin'
[1.048s] Level 1:colcon.colcon_core.environment:checking '/home/chairman/working/ros2/learning/chapt8/chapt8_ws/src/install/fishbot_application/lib/pkgconfig/fishbot_application.pc'
[1.048s] Level 1:colcon.colcon_core.environment:checking '/home/chairman/working/ros2/learning/chapt8/chapt8_ws/src/install/fishbot_application/lib/python3.10/site-packages'
[1.048s] Level 1:colcon.colcon_core.shell:create_environment_hook('fishbot_application', 'pythonpath')
[1.048s] INFO:colcon.colcon_core.shell:Creating environment hook '/home/chairman/working/ros2/learning/chapt8/chapt8_ws/src/install/fishbot_application/share/fishbot_application/hook/pythonpath.ps1'
[1.049s] INFO:colcon.colcon_core.shell:Creating environment descriptor '/home/chairman/working/ros2/learning/chapt8/chapt8_ws/src/install/fishbot_application/share/fishbot_application/hook/pythonpath.dsv'
[1.049s] INFO:colcon.colcon_core.shell:Creating environment hook '/home/chairman/working/ros2/learning/chapt8/chapt8_ws/src/install/fishbot_application/share/fishbot_application/hook/pythonpath.sh'
[1.050s] Level 1:colcon.colcon_core.environment:checking '/home/chairman/working/ros2/learning/chapt8/chapt8_ws/src/install/fishbot_application/bin'
[1.050s] Level 1:colcon.colcon_core.environment:create_environment_scripts_only(fishbot_application)
[1.050s] INFO:colcon.colcon_core.shell:Creating package script '/home/chairman/working/ros2/learning/chapt8/chapt8_ws/src/install/fishbot_application/share/fishbot_application/package.ps1'
[1.051s] INFO:colcon.colcon_core.shell:Creating package descriptor '/home/chairman/working/ros2/learning/chapt8/chapt8_ws/src/install/fishbot_application/share/fishbot_application/package.dsv'
[1.051s] INFO:colcon.colcon_core.shell:Creating package script '/home/chairman/working/ros2/learning/chapt8/chapt8_ws/src/install/fishbot_application/share/fishbot_application/package.sh'
[1.052s] INFO:colcon.colcon_core.shell:Creating package script '/home/chairman/working/ros2/learning/chapt8/chapt8_ws/src/install/fishbot_application/share/fishbot_application/package.bash'
[1.052s] INFO:colcon.colcon_core.shell:Creating package script '/home/chairman/working/ros2/learning/chapt8/chapt8_ws/src/install/fishbot_application/share/fishbot_application/package.zsh'
[1.052s] Level 1:colcon.colcon_core.environment:create_file_with_runtime_dependencies(/home/chairman/working/ros2/learning/chapt8/chapt8_ws/src/install/fishbot_application/share/colcon-core/packages/fishbot_application)
[3.864s] DEBUG:colcon.colcon_core.event_handler.log_command:Invoked command in '/home/chairman/working/ros2/learning/chapt8/chapt8_ws/src/build/nav2_custom_planner' returned '0': CMAKE_PREFIX_PATH=${CMAKE_PREFIX_PATH}:/home/chairman/working/ros2/learning/chapt8/chapt8_ws/src/install/fishbot_application:/home/chairman/working/ros2/learning/chapt8/chapt8_ws/src/install/autopatrol_robot:/opt/ros/humble /usr/bin/cmake --build /home/chairman/working/ros2/learning/chapt8/chapt8_ws/src/build/nav2_custom_planner -- -j28 -l28
[3.866s] DEBUG:colcon.colcon_core.event_handler.log_command:Invoking command in '/home/chairman/working/ros2/learning/chapt8/chapt8_ws/src/build/nav2_custom_planner': CMAKE_PREFIX_PATH=${CMAKE_PREFIX_PATH}:/home/chairman/working/ros2/learning/chapt8/chapt8_ws/src/install/fishbot_application:/home/chairman/working/ros2/learning/chapt8/chapt8_ws/src/install/autopatrol_robot:/opt/ros/humble /usr/bin/cmake --install /home/chairman/working/ros2/learning/chapt8/chapt8_ws/src/build/nav2_custom_planner
[3.876s] Level 1:colcon.colcon_core.environment:create_environment_scripts_only(nav2_custom_planner)
[3.876s] DEBUG:colcon.colcon_core.event_handler.log_command:Invoked command in '/home/chairman/working/ros2/learning/chapt8/chapt8_ws/src/build/nav2_custom_planner' returned '0': CMAKE_PREFIX_PATH=${CMAKE_PREFIX_PATH}:/home/chairman/working/ros2/learning/chapt8/chapt8_ws/src/install/fishbot_application:/home/chairman/working/ros2/learning/chapt8/chapt8_ws/src/install/autopatrol_robot:/opt/ros/humble /usr/bin/cmake --install /home/chairman/working/ros2/learning/chapt8/chapt8_ws/src/build/nav2_custom_planner
[3.876s] Level 1:colcon.colcon_core.environment:checking '/home/chairman/working/ros2/learning/chapt8/chapt8_ws/src/install/nav2_custom_planner' for CMake module files
[3.877s] Level 1:colcon.colcon_core.environment:checking '/home/chairman/working/ros2/learning/chapt8/chapt8_ws/src/install/nav2_custom_planner' for CMake config files
[3.877s] Level 1:colcon.colcon_core.shell:create_environment_hook('nav2_custom_planner', 'cmake_prefix_path')
[3.878s] INFO:colcon.colcon_core.shell:Creating environment hook '/home/chairman/working/ros2/learning/chapt8/chapt8_ws/src/install/nav2_custom_planner/share/nav2_custom_planner/hook/cmake_prefix_path.ps1'
[3.878s] INFO:colcon.colcon_core.shell:Creating environment descriptor '/home/chairman/working/ros2/learning/chapt8/chapt8_ws/src/install/nav2_custom_planner/share/nav2_custom_planner/hook/cmake_prefix_path.dsv'
[3.878s] INFO:colcon.colcon_core.shell:Creating environment hook '/home/chairman/working/ros2/learning/chapt8/chapt8_ws/src/install/nav2_custom_planner/share/nav2_custom_planner/hook/cmake_prefix_path.sh'
[3.879s] Level 1:colcon.colcon_core.environment:checking '/home/chairman/working/ros2/learning/chapt8/chapt8_ws/src/install/nav2_custom_planner/lib'
[3.879s] Level 1:colcon.colcon_core.shell:create_environment_hook('nav2_custom_planner', 'ld_library_path_lib')
[3.879s] INFO:colcon.colcon_core.shell:Creating environment hook '/home/chairman/working/ros2/learning/chapt8/chapt8_ws/src/install/nav2_custom_planner/share/nav2_custom_planner/hook/ld_library_path_lib.ps1'
[3.880s] INFO:colcon.colcon_core.shell:Creating environment descriptor '/home/chairman/working/ros2/learning/chapt8/chapt8_ws/src/install/nav2_custom_planner/share/nav2_custom_planner/hook/ld_library_path_lib.dsv'
[3.880s] INFO:colcon.colcon_core.shell:Creating environment hook '/home/chairman/working/ros2/learning/chapt8/chapt8_ws/src/install/nav2_custom_planner/share/nav2_custom_planner/hook/ld_library_path_lib.sh'
[3.880s] Level 1:colcon.colcon_core.environment:checking '/home/chairman/working/ros2/learning/chapt8/chapt8_ws/src/install/nav2_custom_planner/bin'
[3.880s] Level 1:colcon.colcon_core.environment:checking '/home/chairman/working/ros2/learning/chapt8/chapt8_ws/src/install/nav2_custom_planner/lib/pkgconfig/nav2_custom_planner.pc'
[3.880s] Level 1:colcon.colcon_core.environment:checking '/home/chairman/working/ros2/learning/chapt8/chapt8_ws/src/install/nav2_custom_planner/lib/python3.10/site-packages'
[3.881s] Level 1:colcon.colcon_core.environment:checking '/home/chairman/working/ros2/learning/chapt8/chapt8_ws/src/install/nav2_custom_planner/bin'
[3.881s] INFO:colcon.colcon_core.shell:Creating package script '/home/chairman/working/ros2/learning/chapt8/chapt8_ws/src/install/nav2_custom_planner/share/nav2_custom_planner/package.ps1'
[3.881s] INFO:colcon.colcon_core.shell:Creating package descriptor '/home/chairman/working/ros2/learning/chapt8/chapt8_ws/src/install/nav2_custom_planner/share/nav2_custom_planner/package.dsv'
[3.881s] INFO:colcon.colcon_core.shell:Creating package script '/home/chairman/working/ros2/learning/chapt8/chapt8_ws/src/install/nav2_custom_planner/share/nav2_custom_planner/package.sh'
[3.882s] INFO:colcon.colcon_core.shell:Creating package script '/home/chairman/working/ros2/learning/chapt8/chapt8_ws/src/install/nav2_custom_planner/share/nav2_custom_planner/package.bash'
[3.882s] INFO:colcon.colcon_core.shell:Creating package script '/home/chairman/working/ros2/learning/chapt8/chapt8_ws/src/install/nav2_custom_planner/share/nav2_custom_planner/package.zsh'
[3.882s] Level 1:colcon.colcon_core.environment:create_file_with_runtime_dependencies(/home/chairman/working/ros2/learning/chapt8/chapt8_ws/src/install/nav2_custom_planner/share/colcon-core/packages/nav2_custom_planner)
[3.882s] Level 1:colcon.colcon_core.environment:create_environment_scripts_only(nav2_custom_planner)
[3.882s] Level 1:colcon.colcon_core.environment:checking '/home/chairman/working/ros2/learning/chapt8/chapt8_ws/src/install/nav2_custom_planner' for CMake module files
[3.883s] Level 1:colcon.colcon_core.environment:checking '/home/chairman/working/ros2/learning/chapt8/chapt8_ws/src/install/nav2_custom_planner' for CMake config files
[3.883s] Level 1:colcon.colcon_core.shell:create_environment_hook('nav2_custom_planner', 'cmake_prefix_path')
[3.883s] INFO:colcon.colcon_core.shell:Creating environment hook '/home/chairman/working/ros2/learning/chapt8/chapt8_ws/src/install/nav2_custom_planner/share/nav2_custom_planner/hook/cmake_prefix_path.ps1'
[3.883s] INFO:colcon.colcon_core.shell:Creating environment descriptor '/home/chairman/working/ros2/learning/chapt8/chapt8_ws/src/install/nav2_custom_planner/share/nav2_custom_planner/hook/cmake_prefix_path.dsv'
[3.884s] INFO:colcon.colcon_core.shell:Creating environment hook '/home/chairman/working/ros2/learning/chapt8/chapt8_ws/src/install/nav2_custom_planner/share/nav2_custom_planner/hook/cmake_prefix_path.sh'
[3.884s] Level 1:colcon.colcon_core.environment:checking '/home/chairman/working/ros2/learning/chapt8/chapt8_ws/src/install/nav2_custom_planner/lib'
[3.884s] Level 1:colcon.colcon_core.shell:create_environment_hook('nav2_custom_planner', 'ld_library_path_lib')
[3.884s] INFO:colcon.colcon_core.shell:Creating environment hook '/home/chairman/working/ros2/learning/chapt8/chapt8_ws/src/install/nav2_custom_planner/share/nav2_custom_planner/hook/ld_library_path_lib.ps1'
[3.885s] INFO:colcon.colcon_core.shell:Creating environment descriptor '/home/chairman/working/ros2/learning/chapt8/chapt8_ws/src/install/nav2_custom_planner/share/nav2_custom_planner/hook/ld_library_path_lib.dsv'
[3.885s] INFO:colcon.colcon_core.shell:Creating environment hook '/home/chairman/working/ros2/learning/chapt8/chapt8_ws/src/install/nav2_custom_planner/share/nav2_custom_planner/hook/ld_library_path_lib.sh'
[3.885s] Level 1:colcon.colcon_core.environment:checking '/home/chairman/working/ros2/learning/chapt8/chapt8_ws/src/install/nav2_custom_planner/bin'
[3.885s] Level 1:colcon.colcon_core.environment:checking '/home/chairman/working/ros2/learning/chapt8/chapt8_ws/src/install/nav2_custom_planner/lib/pkgconfig/nav2_custom_planner.pc'
[3.886s] Level 1:colcon.colcon_core.environment:checking '/home/chairman/working/ros2/learning/chapt8/chapt8_ws/src/install/nav2_custom_planner/lib/python3.10/site-packages'
[3.886s] Level 1:colcon.colcon_core.environment:checking '/home/chairman/working/ros2/learning/chapt8/chapt8_ws/src/install/nav2_custom_planner/bin'
[3.886s] INFO:colcon.colcon_core.shell:Creating package script '/home/chairman/working/ros2/learning/chapt8/chapt8_ws/src/install/nav2_custom_planner/share/nav2_custom_planner/package.ps1'
[3.887s] INFO:colcon.colcon_core.shell:Creating package descriptor '/home/chairman/working/ros2/learning/chapt8/chapt8_ws/src/install/nav2_custom_planner/share/nav2_custom_planner/package.dsv'
[3.887s] INFO:colcon.colcon_core.shell:Creating package script '/home/chairman/working/ros2/learning/chapt8/chapt8_ws/src/install/nav2_custom_planner/share/nav2_custom_planner/package.sh'
[3.887s] INFO:colcon.colcon_core.shell:Creating package script '/home/chairman/working/ros2/learning/chapt8/chapt8_ws/src/install/nav2_custom_planner/share/nav2_custom_planner/package.bash'
[3.888s] INFO:colcon.colcon_core.shell:Creating package script '/home/chairman/working/ros2/learning/chapt8/chapt8_ws/src/install/nav2_custom_planner/share/nav2_custom_planner/package.zsh'
[3.888s] Level 1:colcon.colcon_core.environment:create_file_with_runtime_dependencies(/home/chairman/working/ros2/learning/chapt8/chapt8_ws/src/install/nav2_custom_planner/share/colcon-core/packages/nav2_custom_planner)
[3.888s] DEBUG:colcon.colcon_parallel_executor.executor.parallel:closing loop
[3.888s] DEBUG:colcon.colcon_parallel_executor.executor.parallel:loop closed
[3.888s] DEBUG:colcon.colcon_parallel_executor.executor.parallel:run_until_complete finished with '0'
[3.889s] DEBUG:colcon.colcon_core.event_reactor:joining thread
[3.893s] INFO:colcon.colcon_core.plugin_system:Skipping extension 'colcon_notification.desktop_notification.terminal_notifier': Not used on non-Darwin systems
[3.893s] INFO:colcon.colcon_core.plugin_system:Skipping extension 'colcon_notification.desktop_notification.win32': Not used on non-Windows systems
[3.893s] INFO:colcon.colcon_notification.desktop_notification:Sending desktop notification using 'notify2'
[3.907s] DEBUG:colcon.colcon_core.event_reactor:joined thread
[3.908s] INFO:colcon.colcon_core.shell:Creating prefix script '/home/chairman/working/ros2/learning/chapt8/chapt8_ws/src/install/local_setup.ps1'
[3.909s] INFO:colcon.colcon_core.shell:Creating prefix util module '/home/chairman/working/ros2/learning/chapt8/chapt8_ws/src/install/_local_setup_util_ps1.py'
[3.910s] INFO:colcon.colcon_core.shell:Creating prefix chain script '/home/chairman/working/ros2/learning/chapt8/chapt8_ws/src/install/setup.ps1'
[3.911s] INFO:colcon.colcon_core.shell:Creating prefix script '/home/chairman/working/ros2/learning/chapt8/chapt8_ws/src/install/local_setup.sh'
[3.912s] INFO:colcon.colcon_core.shell:Creating prefix util module '/home/chairman/working/ros2/learning/chapt8/chapt8_ws/src/install/_local_setup_util_sh.py'
[3.913s] INFO:colcon.colcon_core.shell:Creating prefix chain script '/home/chairman/working/ros2/learning/chapt8/chapt8_ws/src/install/setup.sh'
[3.914s] INFO:colcon.colcon_core.shell:Creating prefix script '/home/chairman/working/ros2/learning/chapt8/chapt8_ws/src/install/local_setup.bash'
[3.915s] INFO:colcon.colcon_core.shell:Creating prefix chain script '/home/chairman/working/ros2/learning/chapt8/chapt8_ws/src/install/setup.bash'
[3.916s] INFO:colcon.colcon_core.shell:Creating prefix script '/home/chairman/working/ros2/learning/chapt8/chapt8_ws/src/install/local_setup.zsh'
[3.917s] INFO:colcon.colcon_core.shell:Creating prefix chain script '/home/chairman/working/ros2/learning/chapt8/chapt8_ws/src/install/setup.zsh'
