[0.593s] Invoking command in '/home/chairman/working/ros2/ROS2_learning/chapt7/chapt7_ws/fishbot_application': PYTHONPATH=/home/chairman/working/ros2/ROS2_learning/chapt7/chapt7_ws/build/fishbot_application/prefix_override:/usr/lib/python3/dist-packages/colcon_core/task/python/colcon_distutils_commands:/home/chairman/working/ros2/ROS2_learning/chapt7/chapt7_ws/install/fishbot_application/lib/python3.10/site-packages:${PYTHONPATH} VIRTUAL_ENV_PROMPT=(venv) /usr/bin/python3 -W ignore:setup.py install is deprecated -W ignore:easy_install command is deprecated setup.py egg_info --egg-base ../build/fishbot_application build --build-base /home/chairman/working/ros2/ROS2_learning/chapt7/chapt7_ws/build/fishbot_application/build install --record /home/chairman/working/ros2/ROS2_learning/chapt7/chapt7_ws/build/fishbot_application/install.log --single-version-externally-managed install_data
[0.734s] running egg_info
[0.735s] writing ../build/fishbot_application/fishbot_application.egg-info/PKG-INFO
[0.735s] writing dependency_links to ../build/fishbot_application/fishbot_application.egg-info/dependency_links.txt
[0.735s] writing entry points to ../build/fishbot_application/fishbot_application.egg-info/entry_points.txt
[0.735s] writing requirements to ../build/fishbot_application/fishbot_application.egg-info/requires.txt
[0.735s] writing top-level names to ../build/fishbot_application/fishbot_application.egg-info/top_level.txt
[0.735s] reading manifest file '../build/fishbot_application/fishbot_application.egg-info/SOURCES.txt'
[0.737s] adding license file 'LICENSE'
[0.738s] writing manifest file '../build/fishbot_application/fishbot_application.egg-info/SOURCES.txt'
[0.738s] running build
[0.738s] running build_py
[0.738s] running install
[0.738s] running install_lib
[0.739s] running install_data
[0.739s] running install_egg_info
[0.741s] removing '/home/chairman/working/ros2/ROS2_learning/chapt7/chapt7_ws/install/fishbot_application/lib/python3.10/site-packages/fishbot_application-0.0.0-py3.10.egg-info' (and everything under it)
[0.741s] Copying ../build/fishbot_application/fishbot_application.egg-info to /home/chairman/working/ros2/ROS2_learning/chapt7/chapt7_ws/install/fishbot_application/lib/python3.10/site-packages/fishbot_application-0.0.0-py3.10.egg-info
[0.741s] running install_scripts
[0.754s] Installing get_robot_pose script to /home/chairman/working/ros2/ROS2_learning/chapt7/chapt7_ws/install/fishbot_application/lib/fishbot_application
[0.754s] Installing init_robot_pose script to /home/chairman/working/ros2/ROS2_learning/chapt7/chapt7_ws/install/fishbot_application/lib/fishbot_application
[0.754s] Installing nav_to_pose script to /home/chairman/working/ros2/ROS2_learning/chapt7/chapt7_ws/install/fishbot_application/lib/fishbot_application
[0.754s] Installing waypoint_follower script to /home/chairman/working/ros2/ROS2_learning/chapt7/chapt7_ws/install/fishbot_application/lib/fishbot_application
[0.754s] writing list of installed files to '/home/chairman/working/ros2/ROS2_learning/chapt7/chapt7_ws/build/fishbot_application/install.log'
[0.772s] Invoked command in '/home/chairman/working/ros2/ROS2_learning/chapt7/chapt7_ws/fishbot_application' returned '0': PYTHONPATH=/home/chairman/working/ros2/ROS2_learning/chapt7/chapt7_ws/build/fishbot_application/prefix_override:/usr/lib/python3/dist-packages/colcon_core/task/python/colcon_distutils_commands:/home/chairman/working/ros2/ROS2_learning/chapt7/chapt7_ws/install/fishbot_application/lib/python3.10/site-packages:${PYTHONPATH} VIRTUAL_ENV_PROMPT=(venv) /usr/bin/python3 -W ignore:setup.py install is deprecated -W ignore:easy_install command is deprecated setup.py egg_info --egg-base ../build/fishbot_application build --build-base /home/chairman/working/ros2/ROS2_learning/chapt7/chapt7_ws/build/fishbot_application/build install --record /home/chairman/working/ros2/ROS2_learning/chapt7/chapt7_ws/build/fishbot_application/install.log --single-version-externally-managed install_data
