[0.344s] Invoking command in '/home/chairman/working/ros2/learning/chapt8/chapt8_ws/src/build/nav2_custom_planner': CMAKE_PREFIX_PATH=${CMAKE_PREFIX_PATH}:/home/chairman/working/ros2/learning/chapt8/chapt8_ws/src/install/fishbot_application:/home/chairman/working/ros2/learning/chapt8/chapt8_ws/src/install/autopatrol_robot:/opt/ros/humble /usr/bin/cmake --build /home/chairman/working/ros2/learning/chapt8/chapt8_ws/src/build/nav2_custom_planner -- -j28 -l28
[0.382s] [35m[1mConsolidate compiler generated dependencies of target nav2_custom_planner_plugin[0m
[0.402s] [100%] Built target nav2_custom_planner_plugin
[0.416s] Invoked command in '/home/chairman/working/ros2/learning/chapt8/chapt8_ws/src/build/nav2_custom_planner' returned '0': CMAKE_PREFIX_PATH=${CMAKE_PREFIX_PATH}:/home/chairman/working/ros2/learning/chapt8/chapt8_ws/src/install/fishbot_application:/home/chairman/working/ros2/learning/chapt8/chapt8_ws/src/install/autopatrol_robot:/opt/ros/humble /usr/bin/cmake --build /home/chairman/working/ros2/learning/chapt8/chapt8_ws/src/build/nav2_custom_planner -- -j28 -l28
[0.417s] Invoking command in '/home/chairman/working/ros2/learning/chapt8/chapt8_ws/src/build/nav2_custom_planner': CMAKE_PREFIX_PATH=${CMAKE_PREFIX_PATH}:/home/chairman/working/ros2/learning/chapt8/chapt8_ws/src/install/fishbot_application:/home/chairman/working/ros2/learning/chapt8/chapt8_ws/src/install/autopatrol_robot:/opt/ros/humble /usr/bin/cmake --install /home/chairman/working/ros2/learning/chapt8/chapt8_ws/src/build/nav2_custom_planner
[0.424s] -- Install configuration: ""
[0.424s] -- Up-to-date: /home/chairman/working/ros2/learning/chapt8/chapt8_ws/src/install/nav2_custom_planner/lib/libnav2_custom_planner_plugin.so
[0.424s] -- Up-to-date: /home/chairman/working/ros2/learning/chapt8/chapt8_ws/src/install/nav2_custom_planner/include/
[0.424s] -- Up-to-date: /home/chairman/working/ros2/learning/chapt8/chapt8_ws/src/install/nav2_custom_planner/include//nav2_custom_controller
[0.424s] -- Up-to-date: /home/chairman/working/ros2/learning/chapt8/chapt8_ws/src/install/nav2_custom_planner/include//nav2_custom_controller/custom_controller.hpp
[0.424s] -- Up-to-date: /home/chairman/working/ros2/learning/chapt8/chapt8_ws/src/install/nav2_custom_planner/include//nav2_custom_planner
[0.424s] -- Up-to-date: /home/chairman/working/ros2/learning/chapt8/chapt8_ws/src/install/nav2_custom_planner/include//nav2_custom_planner/nav2_custom_planner.hpp
[0.424s] -- Up-to-date: /home/chairman/working/ros2/learning/chapt8/chapt8_ws/src/install/nav2_custom_planner/share/nav2_custom_planner/custom_planner_plugin.xml
[0.424s] -- Up-to-date: /home/chairman/working/ros2/learning/chapt8/chapt8_ws/src/install/nav2_custom_planner/share/nav2_custom_planner/nav2_custom_controller.xml
[0.424s] -- Up-to-date: /home/chairman/working/ros2/learning/chapt8/chapt8_ws/src/install/nav2_custom_planner/share/ament_index/resource_index/package_run_dependencies/nav2_custom_planner
[0.424s] -- Up-to-date: /home/chairman/working/ros2/learning/chapt8/chapt8_ws/src/install/nav2_custom_planner/share/ament_index/resource_index/parent_prefix_path/nav2_custom_planner
[0.424s] -- Up-to-date: /home/chairman/working/ros2/learning/chapt8/chapt8_ws/src/install/nav2_custom_planner/share/nav2_custom_planner/environment/ament_prefix_path.sh
[0.424s] -- Up-to-date: /home/chairman/working/ros2/learning/chapt8/chapt8_ws/src/install/nav2_custom_planner/share/nav2_custom_planner/environment/ament_prefix_path.dsv
[0.424s] -- Up-to-date: /home/chairman/working/ros2/learning/chapt8/chapt8_ws/src/install/nav2_custom_planner/share/nav2_custom_planner/environment/path.sh
[0.424s] -- Up-to-date: /home/chairman/working/ros2/learning/chapt8/chapt8_ws/src/install/nav2_custom_planner/share/nav2_custom_planner/environment/path.dsv
[0.424s] -- Up-to-date: /home/chairman/working/ros2/learning/chapt8/chapt8_ws/src/install/nav2_custom_planner/share/nav2_custom_planner/local_setup.bash
[0.424s] -- Up-to-date: /home/chairman/working/ros2/learning/chapt8/chapt8_ws/src/install/nav2_custom_planner/share/nav2_custom_planner/local_setup.sh
[0.424s] -- Up-to-date: /home/chairman/working/ros2/learning/chapt8/chapt8_ws/src/install/nav2_custom_planner/share/nav2_custom_planner/local_setup.zsh
[0.424s] -- Up-to-date: /home/chairman/working/ros2/learning/chapt8/chapt8_ws/src/install/nav2_custom_planner/share/nav2_custom_planner/local_setup.dsv
[0.424s] -- Installing: /home/chairman/working/ros2/learning/chapt8/chapt8_ws/src/install/nav2_custom_planner/share/nav2_custom_planner/package.dsv
[0.424s] -- Up-to-date: /home/chairman/working/ros2/learning/chapt8/chapt8_ws/src/install/nav2_custom_planner/share/ament_index/resource_index/packages/nav2_custom_planner
[0.424s] -- Up-to-date: /home/chairman/working/ros2/learning/chapt8/chapt8_ws/src/install/nav2_custom_planner/share/ament_index/resource_index/nav2_core__pluginlib__plugin/nav2_custom_planner
[0.425s] -- Up-to-date: /home/chairman/working/ros2/learning/chapt8/chapt8_ws/src/install/nav2_custom_planner/share/nav2_custom_planner/cmake/nav2_custom_plannerConfig.cmake
[0.425s] -- Up-to-date: /home/chairman/working/ros2/learning/chapt8/chapt8_ws/src/install/nav2_custom_planner/share/nav2_custom_planner/cmake/nav2_custom_plannerConfig-version.cmake
[0.425s] -- Up-to-date: /home/chairman/working/ros2/learning/chapt8/chapt8_ws/src/install/nav2_custom_planner/share/nav2_custom_planner/package.xml
[0.426s] Invoked command in '/home/chairman/working/ros2/learning/chapt8/chapt8_ws/src/build/nav2_custom_planner' returned '0': CMAKE_PREFIX_PATH=${CMAKE_PREFIX_PATH}:/home/chairman/working/ros2/learning/chapt8/chapt8_ws/src/install/fishbot_application:/home/chairman/working/ros2/learning/chapt8/chapt8_ws/src/install/autopatrol_robot:/opt/ros/humble /usr/bin/cmake --install /home/chairman/working/ros2/learning/chapt8/chapt8_ws/src/build/nav2_custom_planner
