-- Install configuration: ""
-- Up-to-date: /home/chairman/working/ros2/learning/chapt8/chapt8_ws/src/install/fishbot_navigation2/share/fishbot_navigation2/launch
-- Up-to-date: /home/chairman/working/ros2/learning/chapt8/chapt8_ws/src/install/fishbot_navigation2/share/fishbot_navigation2/launch/navigation2.launch.py
-- Up-to-date: /home/chairman/working/ros2/learning/chapt8/chapt8_ws/src/install/fishbot_navigation2/share/fishbot_navigation2/launch/gazebo_sim.launch.py
-- Up-to-date: /home/chairman/working/ros2/learning/chapt8/chapt8_ws/src/install/fishbot_navigation2/share/fishbot_navigation2/launch/display_robot.launch.py
-- Up-to-date: /home/chairman/working/ros2/learning/chapt8/chapt8_ws/src/install/fishbot_navigation2/share/fishbot_navigation2/urdf
-- Up-to-date: /home/chairman/working/ros2/learning/chapt8/chapt8_ws/src/install/fishbot_navigation2/share/fishbot_navigation2/urdf/first_robot.urdf.xacro
-- Up-to-date: /home/chairman/working/ros2/learning/chapt8/chapt8_ws/src/install/fishbot_navigation2/share/fishbot_navigation2/urdf/first_robot.urdf
-- Up-to-date: /home/chairman/working/ros2/learning/chapt8/chapt8_ws/src/install/fishbot_navigation2/share/fishbot_navigation2/urdf/fishbot
-- Up-to-date: /home/chairman/working/ros2/learning/chapt8/chapt8_ws/src/install/fishbot_navigation2/share/fishbot_navigation2/urdf/fishbot/plugins
-- Up-to-date: /home/chairman/working/ros2/learning/chapt8/chapt8_ws/src/install/fishbot_navigation2/share/fishbot_navigation2/urdf/fishbot/plugins/gazebo_control_plugin.xacro
-- Up-to-date: /home/chairman/working/ros2/learning/chapt8/chapt8_ws/src/install/fishbot_navigation2/share/fishbot_navigation2/urdf/fishbot/plugins/gazebo_sensor_plugin.xacro
-- Up-to-date: /home/chairman/working/ros2/learning/chapt8/chapt8_ws/src/install/fishbot_navigation2/share/fishbot_navigation2/urdf/fishbot/common_inertia.xacro
-- Up-to-date: /home/chairman/working/ros2/learning/chapt8/chapt8_ws/src/install/fishbot_navigation2/share/fishbot_navigation2/urdf/fishbot/sensor
-- Up-to-date: /home/chairman/working/ros2/learning/chapt8/chapt8_ws/src/install/fishbot_navigation2/share/fishbot_navigation2/urdf/fishbot/sensor/camera.urdf.xacro
-- Up-to-date: /home/chairman/working/ros2/learning/chapt8/chapt8_ws/src/install/fishbot_navigation2/share/fishbot_navigation2/urdf/fishbot/sensor/laser.urdf.xacro
-- Up-to-date: /home/chairman/working/ros2/learning/chapt8/chapt8_ws/src/install/fishbot_navigation2/share/fishbot_navigation2/urdf/fishbot/sensor/imu.urdf.xacro
-- Up-to-date: /home/chairman/working/ros2/learning/chapt8/chapt8_ws/src/install/fishbot_navigation2/share/fishbot_navigation2/urdf/fishbot/actuator
-- Up-to-date: /home/chairman/working/ros2/learning/chapt8/chapt8_ws/src/install/fishbot_navigation2/share/fishbot_navigation2/urdf/fishbot/actuator/wheel.urdf.xacro
-- Up-to-date: /home/chairman/working/ros2/learning/chapt8/chapt8_ws/src/install/fishbot_navigation2/share/fishbot_navigation2/urdf/fishbot/actuator/caster.urdf.xacro
-- Up-to-date: /home/chairman/working/ros2/learning/chapt8/chapt8_ws/src/install/fishbot_navigation2/share/fishbot_navigation2/urdf/fishbot/fishbot.ros2_control.xacro
-- Up-to-date: /home/chairman/working/ros2/learning/chapt8/chapt8_ws/src/install/fishbot_navigation2/share/fishbot_navigation2/urdf/fishbot/fishbot.urdf.xacro
-- Up-to-date: /home/chairman/working/ros2/learning/chapt8/chapt8_ws/src/install/fishbot_navigation2/share/fishbot_navigation2/urdf/fishbot/base.urdf.xacro
-- Up-to-date: /home/chairman/working/ros2/learning/chapt8/chapt8_ws/src/install/fishbot_navigation2/share/fishbot_navigation2/urdf/first_robot.gv
-- Up-to-date: /home/chairman/working/ros2/learning/chapt8/chapt8_ws/src/install/fishbot_navigation2/share/fishbot_navigation2/urdf/first_robot.pdf
-- Up-to-date: /home/chairman/working/ros2/learning/chapt8/chapt8_ws/src/install/fishbot_navigation2/share/fishbot_navigation2/config
-- Up-to-date: /home/chairman/working/ros2/learning/chapt8/chapt8_ws/src/install/fishbot_navigation2/share/fishbot_navigation2/config/rviz
-- Up-to-date: /home/chairman/working/ros2/learning/chapt8/chapt8_ws/src/install/fishbot_navigation2/share/fishbot_navigation2/config/rviz/display_model.rviz
-- Up-to-date: /home/chairman/working/ros2/learning/chapt8/chapt8_ws/src/install/fishbot_navigation2/share/fishbot_navigation2/config/nav2_params.yaml
-- Up-to-date: /home/chairman/working/ros2/learning/chapt8/chapt8_ws/src/install/fishbot_navigation2/share/fishbot_navigation2/config/fishbot_ros2_controller.yaml
-- Up-to-date: /home/chairman/working/ros2/learning/chapt8/chapt8_ws/src/install/fishbot_navigation2/share/fishbot_navigation2/world
-- Up-to-date: /home/chairman/working/ros2/learning/chapt8/chapt8_ws/src/install/fishbot_navigation2/share/fishbot_navigation2/world/custom_room.world
-- Up-to-date: /home/chairman/working/ros2/learning/chapt8/chapt8_ws/src/install/fishbot_navigation2/share/fishbot_navigation2/world/room
-- Up-to-date: /home/chairman/working/ros2/learning/chapt8/chapt8_ws/src/install/fishbot_navigation2/share/fishbot_navigation2/world/room/model.sdf
-- Up-to-date: /home/chairman/working/ros2/learning/chapt8/chapt8_ws/src/install/fishbot_navigation2/share/fishbot_navigation2/world/room/model.config
-- Up-to-date: /home/chairman/working/ros2/learning/chapt8/chapt8_ws/src/install/fishbot_navigation2/share/fishbot_navigation2/maps
-- Up-to-date: /home/chairman/working/ros2/learning/chapt8/chapt8_ws/src/install/fishbot_navigation2/share/fishbot_navigation2/maps/room.yaml
-- Up-to-date: /home/chairman/working/ros2/learning/chapt8/chapt8_ws/src/install/fishbot_navigation2/share/fishbot_navigation2/maps/room.pgm
-- Up-to-date: /home/chairman/working/ros2/learning/chapt8/chapt8_ws/src/install/fishbot_navigation2/share/ament_index/resource_index/package_run_dependencies/fishbot_navigation2
-- Up-to-date: /home/chairman/working/ros2/learning/chapt8/chapt8_ws/src/install/fishbot_navigation2/share/ament_index/resource_index/parent_prefix_path/fishbot_navigation2
-- Up-to-date: /home/chairman/working/ros2/learning/chapt8/chapt8_ws/src/install/fishbot_navigation2/share/fishbot_navigation2/environment/ament_prefix_path.sh
-- Up-to-date: /home/chairman/working/ros2/learning/chapt8/chapt8_ws/src/install/fishbot_navigation2/share/fishbot_navigation2/environment/ament_prefix_path.dsv
-- Up-to-date: /home/chairman/working/ros2/learning/chapt8/chapt8_ws/src/install/fishbot_navigation2/share/fishbot_navigation2/environment/path.sh
-- Up-to-date: /home/chairman/working/ros2/learning/chapt8/chapt8_ws/src/install/fishbot_navigation2/share/fishbot_navigation2/environment/path.dsv
-- Up-to-date: /home/chairman/working/ros2/learning/chapt8/chapt8_ws/src/install/fishbot_navigation2/share/fishbot_navigation2/local_setup.bash
-- Up-to-date: /home/chairman/working/ros2/learning/chapt8/chapt8_ws/src/install/fishbot_navigation2/share/fishbot_navigation2/local_setup.sh
-- Up-to-date: /home/chairman/working/ros2/learning/chapt8/chapt8_ws/src/install/fishbot_navigation2/share/fishbot_navigation2/local_setup.zsh
-- Up-to-date: /home/chairman/working/ros2/learning/chapt8/chapt8_ws/src/install/fishbot_navigation2/share/fishbot_navigation2/local_setup.dsv
-- Installing: /home/chairman/working/ros2/learning/chapt8/chapt8_ws/src/install/fishbot_navigation2/share/fishbot_navigation2/package.dsv
-- Up-to-date: /home/chairman/working/ros2/learning/chapt8/chapt8_ws/src/install/fishbot_navigation2/share/ament_index/resource_index/packages/fishbot_navigation2
-- Up-to-date: /home/chairman/working/ros2/learning/chapt8/chapt8_ws/src/install/fishbot_navigation2/share/fishbot_navigation2/cmake/fishbot_navigation2Config.cmake
-- Up-to-date: /home/chairman/working/ros2/learning/chapt8/chapt8_ws/src/install/fishbot_navigation2/share/fishbot_navigation2/cmake/fishbot_navigation2Config-version.cmake
-- Up-to-date: /home/chairman/working/ros2/learning/chapt8/chapt8_ws/src/install/fishbot_navigation2/share/fishbot_navigation2/package.xml
