[0.008s] Invoking command in '/home/chairman/working/ros2/learning/chapt3/topic_ws/src/build/demo_cpp_topic': CMAKE_PREFIX_PATH=/home/chairman/working/ros2/learning/chapt3/topic_ws/src/install/demo_python_topic:/opt/ros/humble CONDA_PROMPT_MODIFIER=(base) /usr/bin/cmake /home/chairman/working/ros2/learning/chapt3/topic_ws/src/demo_cpp_topic -DCMAKE_INSTALL_PREFIX=/home/chairman/working/ros2/learning/chapt3/topic_ws/src/install/demo_cpp_topic
[0.103s] -- The C compiler identification is GNU 11.4.0
[0.195s] -- The CXX compiler identification is GNU 11.4.0
[0.204s] -- Detecting C compiler ABI info
[0.295s] -- Detecting C compiler ABI info - done
[0.302s] -- Check for working C compiler: /usr/bin/cc - skipped
[0.302s] -- Detecting C compile features
[0.303s] -- Detecting C compile features - done
[0.306s] -- Detecting CXX compiler ABI info
[0.394s] -- Detecting CXX compiler ABI info - done
[0.399s] -- Check for working CXX compiler: /usr/bin/c++ - skipped
[0.399s] -- Detecting CXX compile features
[0.399s] -- Detecting CXX compile features - done
[0.404s] -- Found ament_cmake: 1.3.11 (/opt/ros/humble/share/ament_cmake/cmake)
[0.686s] -- Found Python3: /home/chairman/miniconda3/bin/python3 (found version "3.12.7") found components: Interpreter 
[0.771s] -- Found rclcpp: 16.0.12 (/opt/ros/humble/share/rclcpp/cmake)
[0.818s] -- Found rosidl_generator_c: 3.1.6 (/opt/ros/humble/share/rosidl_generator_c/cmake)
[0.822s] -- Found rosidl_adapter: 3.1.6 (/opt/ros/humble/share/rosidl_adapter/cmake)
[0.829s] -- Found rosidl_generator_cpp: 3.1.6 (/opt/ros/humble/share/rosidl_generator_cpp/cmake)
[0.841s] -- Using all available rosidl_typesupport_c: rosidl_typesupport_fastrtps_c;rosidl_typesupport_introspection_c
[0.854s] -- Using all available rosidl_typesupport_cpp: rosidl_typesupport_fastrtps_cpp;rosidl_typesupport_introspection_cpp
[0.889s] -- Found rmw_implementation_cmake: 6.1.2 (/opt/ros/humble/share/rmw_implementation_cmake/cmake)
[0.891s] -- Found rmw_fastrtps_cpp: 6.2.7 (/opt/ros/humble/share/rmw_fastrtps_cpp/cmake)
[0.989s] -- Found OpenSSL: /usr/lib/x86_64-linux-gnu/libcrypto.so (found version "3.0.2")  
[1.011s] -- Found FastRTPS: /opt/ros/humble/include  
[1.043s] -- Using RMW implementation 'rmw_fastrtps_cpp' as default
[1.057s] -- Looking for pthread.h
[1.150s] -- Looking for pthread.h - found
[1.150s] -- Performing Test CMAKE_HAVE_LIBC_PTHREAD
[1.238s] -- Performing Test CMAKE_HAVE_LIBC_PTHREAD - Success
[1.239s] -- Found Threads: TRUE  
[1.294s] -- Found geometry_msgs: 4.8.0 (/opt/ros/humble/share/geometry_msgs/cmake)
[1.305s] -- Found turtlesim: 1.4.2 (/opt/ros/humble/share/turtlesim/cmake)
[1.335s] -- Configuring incomplete, errors occurred!
[1.335s] See also "/home/chairman/working/ros2/learning/chapt3/topic_ws/src/build/demo_cpp_topic/CMakeFiles/CMakeOutput.log".
[1.335s] [31mCMake Error at CMakeLists.txt:15 (target_link_libraries):
[1.335s]   Cannot specify link libraries for target "TARGETS" which is not built by
[1.336s]   this project.
[1.336s] 
[1.336s] [0m
[1.341s] Invoked command in '/home/chairman/working/ros2/learning/chapt3/topic_ws/src/build/demo_cpp_topic' returned '1': CMAKE_PREFIX_PATH=/home/chairman/working/ros2/learning/chapt3/topic_ws/src/install/demo_python_topic:/opt/ros/humble CONDA_PROMPT_MODIFIER=(base) /usr/bin/cmake /home/chairman/working/ros2/learning/chapt3/topic_ws/src/demo_cpp_topic -DCMAKE_INSTALL_PREFIX=/home/chairman/working/ros2/learning/chapt3/topic_ws/src/install/demo_cpp_topic
