[0.027s] Invoking command in '/home/chairman/working/ros2/beijixiong/pb2025_ws/build/pb_nav2_plugins': CMAKE_PREFIX_PATH=/opt/ros/humble VIRTUAL_ENV_PROMPT=(venv) /usr/bin/cmake /home/chairman/working/ros2/beijixiong/pb2025_ws/src/pb2025_sentry_nav/pb_nav2_plugins -DCMAKE_BUILD_TYPE=Release -DAMENT_CMAKE_SYMLINK_INSTALL=1 -DCMAKE_INSTALL_PREFIX=/home/chairman/working/ros2/beijixiong/pb2025_ws/install/pb_nav2_plugins
[0.066s] -- The C compiler identification is GNU 11.4.0
[0.108s] -- The CXX compiler identification is GNU 11.4.0
[0.115s] -- Detecting C compiler ABI info
[0.161s] -- Detecting C compiler ABI info - done
[0.166s] -- Check for working C compiler: /usr/bin/cc - skipped
[0.166s] -- Detecting C compile features
[0.166s] -- Detecting C compile features - done
[0.168s] -- Detecting CXX compiler ABI info
[0.221s] -- Detecting CXX compiler ABI info - done
[0.226s] -- Check for working CXX compiler: /usr/bin/c++ - skipped
[0.226s] -- Detecting CXX compile features
[0.226s] -- Detecting CXX compile features - done
[0.227s] -- Found ament_cmake_auto: 1.3.12 (/opt/ros/humble/share/ament_cmake_auto/cmake)
[0.320s] -- Found Python3: /home/chairman/venv/bin/python3 (found version "3.10.12") found components: Interpreter 
[0.383s] -- Override CMake install command with custom implementation using symlinks instead of copying resources
[0.513s] -- Found rosidl_generator_c: 3.1.7 (/opt/ros/humble/share/rosidl_generator_c/cmake)
[0.517s] -- Found rosidl_adapter: 3.1.7 (/opt/ros/humble/share/rosidl_adapter/cmake)
[0.524s] -- Found rosidl_generator_cpp: 3.1.7 (/opt/ros/humble/share/rosidl_generator_cpp/cmake)
[0.536s] -- Using all available rosidl_typesupport_c: rosidl_typesupport_fastrtps_c;rosidl_typesupport_introspection_c
[0.551s] -- Using all available rosidl_typesupport_cpp: rosidl_typesupport_fastrtps_cpp;rosidl_typesupport_introspection_cpp
[0.591s] -- Found rmw_implementation_cmake: 6.1.2 (/opt/ros/humble/share/rmw_implementation_cmake/cmake)
[0.593s] -- Found rmw_fastrtps_cpp: 6.2.9 (/opt/ros/humble/share/rmw_fastrtps_cpp/cmake)
[0.660s] -- Found OpenSSL: /usr/lib/x86_64-linux-gnu/libcrypto.so (found version "3.0.2")  
[0.688s] -- Found FastRTPS: /opt/ros/humble/include  
[0.728s] -- Using RMW implementation 'rmw_fastrtps_cpp' as default
[0.733s] -- Looking for pthread.h
[0.779s] -- Looking for pthread.h - found
[0.780s] -- Performing Test CMAKE_HAVE_LIBC_PTHREAD
[0.835s] -- Performing Test CMAKE_HAVE_LIBC_PTHREAD - Success
[0.836s] -- Found Threads: TRUE  
[1.013s] -- Found eigen3_cmake_module: 0.1.1 (/opt/ros/humble/share/eigen3_cmake_module/cmake)
[1.014s] -- Found Eigen3: TRUE (found version "3.4.0") 
[1.014s] -- Ensuring Eigen3 include directory is part of orocos-kdl CMake target
[1.830s] -- Found ament_lint_auto: 0.12.14 (/opt/ros/humble/share/ament_lint_auto/cmake)
[1.841s] [0mIn this package, headers install destination is set to `include` by ament_auto_package. It is recommended to install `include/pb_nav2_plugins` instead and will be the default behavior of ament_auto_package from ROS 2 Kilted Kaiju. On distributions before Kilted, ament_auto_package behaves the same way when you use USE_SCOPED_HEADER_INSTALL_DIR option.[0m
[1.845s] -- Added test 'copyright' to check source files copyright and LICENSE
[1.846s] -- Added test 'cppcheck' to perform static code analysis on C / C++ code
[1.846s] -- Configured cppcheck include dirs: /home/chairman/working/ros2/beijixiong/pb2025_ws/src/pb2025_sentry_nav/pb_nav2_plugins/include
[1.846s] -- Configured cppcheck exclude dirs and/or files: 
[1.847s] -- Added test 'cpplint' to check C / C++ code against the Google style
[1.847s] -- Configured cpplint exclude dirs and/or files: 
[1.848s] -- Added test 'lint_cmake' to check CMake code style
[1.848s] -- Added test 'xmllint' to check XML markup files
[1.849s] -- Added test 'clang_format' to check C / C++ code style
[1.851s] -- Configuring done
[1.929s] -- Generating done
[1.938s] -- Build files have been written to: /home/chairman/working/ros2/beijixiong/pb2025_ws/build/pb_nav2_plugins
[1.947s] Invoked command in '/home/chairman/working/ros2/beijixiong/pb2025_ws/build/pb_nav2_plugins' returned '0': CMAKE_PREFIX_PATH=/opt/ros/humble VIRTUAL_ENV_PROMPT=(venv) /usr/bin/cmake /home/chairman/working/ros2/beijixiong/pb2025_ws/src/pb2025_sentry_nav/pb_nav2_plugins -DCMAKE_BUILD_TYPE=Release -DAMENT_CMAKE_SYMLINK_INSTALL=1 -DCMAKE_INSTALL_PREFIX=/home/chairman/working/ros2/beijixiong/pb2025_ws/install/pb_nav2_plugins
[1.949s] Invoking command in '/home/chairman/working/ros2/beijixiong/pb2025_ws/build/pb_nav2_plugins': CMAKE_PREFIX_PATH=/opt/ros/humble VIRTUAL_ENV_PROMPT=(venv) /usr/bin/cmake --build /home/chairman/working/ros2/beijixiong/pb2025_ws/build/pb_nav2_plugins -- -j28 -l28
[1.986s] [ 25%] [32mBuilding CXX object CMakeFiles/pb_back_up_frees_space_behavior.dir/src/behaviors/back_up_free_space.cpp.o[0m
[13.435s] [ 50%] [32m[1mLinking CXX shared library libpb_back_up_frees_space_behavior.so[0m
[13.845s] [ 50%] Built target pb_back_up_frees_space_behavior
[13.867s] [ 75%] [32mBuilding CXX object CMakeFiles/layers.dir/src/layers/intensity_voxel_layer.cpp.o[0m
[19.076s] [100%] [32m[1mLinking CXX shared library liblayers.so[0m
[19.449s] [100%] Built target layers
[19.459s] Invoked command in '/home/chairman/working/ros2/beijixiong/pb2025_ws/build/pb_nav2_plugins' returned '0': CMAKE_PREFIX_PATH=/opt/ros/humble VIRTUAL_ENV_PROMPT=(venv) /usr/bin/cmake --build /home/chairman/working/ros2/beijixiong/pb2025_ws/build/pb_nav2_plugins -- -j28 -l28
[19.461s] Invoking command in '/home/chairman/working/ros2/beijixiong/pb2025_ws/build/pb_nav2_plugins': CMAKE_PREFIX_PATH=/opt/ros/humble VIRTUAL_ENV_PROMPT=(venv) /usr/bin/cmake --install /home/chairman/working/ros2/beijixiong/pb2025_ws/build/pb_nav2_plugins
[19.468s] -- Install configuration: "Release"
[19.468s] -- Execute custom install script
[19.469s] -- Symlinking: /home/chairman/working/ros2/beijixiong/pb2025_ws/install/pb_nav2_plugins/share/pb_nav2_plugins//behavior_plugin.xml
[19.476s] -- Symlinking: /home/chairman/working/ros2/beijixiong/pb2025_ws/install/pb_nav2_plugins/share/pb_nav2_plugins//costmap_plugins.xml
[19.485s] -- Symlinking: /home/chairman/working/ros2/beijixiong/pb2025_ws/install/pb_nav2_plugins/include/pb_nav2_plugins/behaviors/back_up_free_space.hpp
[19.493s] -- Symlinking: /home/chairman/working/ros2/beijixiong/pb2025_ws/install/pb_nav2_plugins/include/pb_nav2_plugins/layers/intensity_voxel_layer.hpp
[19.501s] -- Symlinking: /home/chairman/working/ros2/beijixiong/pb2025_ws/install/pb_nav2_plugins/share/pb_nav2_plugins/environment/library_path.sh
[19.509s] -- Symlinking: /home/chairman/working/ros2/beijixiong/pb2025_ws/install/pb_nav2_plugins/share/pb_nav2_plugins/environment/library_path.dsv
[19.518s] -- Symlinking: /home/chairman/working/ros2/beijixiong/pb2025_ws/install/pb_nav2_plugins/lib/libpb_back_up_frees_space_behavior.so
[19.526s] -- Symlinking: /home/chairman/working/ros2/beijixiong/pb2025_ws/install/pb_nav2_plugins/lib/liblayers.so
[19.534s] -- Symlinking: /home/chairman/working/ros2/beijixiong/pb2025_ws/install/pb_nav2_plugins/share/ament_index/resource_index/package_run_dependencies/pb_nav2_plugins
[19.542s] -- Symlinking: /home/chairman/working/ros2/beijixiong/pb2025_ws/install/pb_nav2_plugins/share/ament_index/resource_index/parent_prefix_path/pb_nav2_plugins
[19.547s] -- Symlinking: /home/chairman/working/ros2/beijixiong/pb2025_ws/install/pb_nav2_plugins/share/pb_nav2_plugins/environment/ament_prefix_path.sh
[19.556s] -- Symlinking: /home/chairman/working/ros2/beijixiong/pb2025_ws/install/pb_nav2_plugins/share/pb_nav2_plugins/environment/ament_prefix_path.dsv
[19.564s] -- Symlinking: /home/chairman/working/ros2/beijixiong/pb2025_ws/install/pb_nav2_plugins/share/pb_nav2_plugins/environment/path.sh
[19.571s] -- Symlinking: /home/chairman/working/ros2/beijixiong/pb2025_ws/install/pb_nav2_plugins/share/pb_nav2_plugins/environment/path.dsv
[19.576s] -- Symlinking: /home/chairman/working/ros2/beijixiong/pb2025_ws/install/pb_nav2_plugins/share/pb_nav2_plugins/local_setup.bash
[19.584s] -- Symlinking: /home/chairman/working/ros2/beijixiong/pb2025_ws/install/pb_nav2_plugins/share/pb_nav2_plugins/local_setup.sh
[19.592s] -- Symlinking: /home/chairman/working/ros2/beijixiong/pb2025_ws/install/pb_nav2_plugins/share/pb_nav2_plugins/local_setup.zsh
[19.598s] -- Symlinking: /home/chairman/working/ros2/beijixiong/pb2025_ws/install/pb_nav2_plugins/share/pb_nav2_plugins/local_setup.dsv
[19.606s] -- Symlinking: /home/chairman/working/ros2/beijixiong/pb2025_ws/install/pb_nav2_plugins/share/pb_nav2_plugins/package.dsv
[19.614s] -- Symlinking: /home/chairman/working/ros2/beijixiong/pb2025_ws/install/pb_nav2_plugins/share/ament_index/resource_index/packages/pb_nav2_plugins
[19.622s] -- Symlinking: /home/chairman/working/ros2/beijixiong/pb2025_ws/install/pb_nav2_plugins/share/ament_index/resource_index/nav2_core__pluginlib__plugin/pb_nav2_plugins
[19.628s] -- Symlinking: /home/chairman/working/ros2/beijixiong/pb2025_ws/install/pb_nav2_plugins/share/ament_index/resource_index/nav2_costmap_2d__pluginlib__plugin/pb_nav2_plugins
[19.636s] -- Symlinking: /home/chairman/working/ros2/beijixiong/pb2025_ws/install/pb_nav2_plugins/share/pb_nav2_plugins/cmake/ament_cmake_export_dependencies-extras.cmake
[19.645s] -- Symlinking: /home/chairman/working/ros2/beijixiong/pb2025_ws/install/pb_nav2_plugins/share/pb_nav2_plugins/cmake/ament_cmake_export_include_directories-extras.cmake
[19.653s] -- Symlinking: /home/chairman/working/ros2/beijixiong/pb2025_ws/install/pb_nav2_plugins/share/pb_nav2_plugins/cmake/ament_cmake_export_libraries-extras.cmake
[19.661s] -- Symlinking: /home/chairman/working/ros2/beijixiong/pb2025_ws/install/pb_nav2_plugins/share/pb_nav2_plugins/cmake/pb_nav2_pluginsConfig.cmake
[19.669s] -- Symlinking: /home/chairman/working/ros2/beijixiong/pb2025_ws/install/pb_nav2_plugins/share/pb_nav2_plugins/cmake/pb_nav2_pluginsConfig-version.cmake
[19.677s] -- Symlinking: /home/chairman/working/ros2/beijixiong/pb2025_ws/install/pb_nav2_plugins/share/pb_nav2_plugins/package.xml
[19.686s] Invoked command in '/home/chairman/working/ros2/beijixiong/pb2025_ws/build/pb_nav2_plugins' returned '0': CMAKE_PREFIX_PATH=/opt/ros/humble VIRTUAL_ENV_PROMPT=(venv) /usr/bin/cmake --install /home/chairman/working/ros2/beijixiong/pb2025_ws/build/pb_nav2_plugins
