[0.583s] Invoking command in '/home/chairman/working/ros2/learning/chapt8/chapt8_ws/src/fishbot_application': PYTHONPATH=/home/chairman/working/ros2/learning/chapt8/chapt8_ws/src/build/fishbot_application/prefix_override:/usr/lib/python3/dist-packages/colcon_core/task/python/colcon_distutils_commands:/home/chairman/working/ros2/learning/chapt8/chapt8_ws/src/install/fishbot_application/lib/python3.10/site-packages:${PYTHONPATH} /usr/bin/python3 -W ignore:setup.py install is deprecated -W ignore:easy_install command is deprecated setup.py egg_info --egg-base ../build/fishbot_application build --build-base /home/chairman/working/ros2/learning/chapt8/chapt8_ws/src/build/fishbot_application/build install --record /home/chairman/working/ros2/learning/chapt8/chapt8_ws/src/build/fishbot_application/install.log --single-version-externally-managed install_data
[0.740s] running egg_info
[0.740s] writing ../build/fishbot_application/fishbot_application.egg-info/PKG-INFO
[0.740s] writing dependency_links to ../build/fishbot_application/fishbot_application.egg-info/dependency_links.txt
[0.740s] writing entry points to ../build/fishbot_application/fishbot_application.egg-info/entry_points.txt
[0.740s] writing requirements to ../build/fishbot_application/fishbot_application.egg-info/requires.txt
[0.740s] writing top-level names to ../build/fishbot_application/fishbot_application.egg-info/top_level.txt
[0.742s] reading manifest file '../build/fishbot_application/fishbot_application.egg-info/SOURCES.txt'
[0.742s] adding license file 'LICENSE'
[0.742s] writing manifest file '../build/fishbot_application/fishbot_application.egg-info/SOURCES.txt'
[0.742s] running build
[0.742s] running build_py
[0.742s] running install
[0.743s] running install_lib
[0.743s] running install_data
[0.743s] running install_egg_info
[0.744s] removing '/home/chairman/working/ros2/learning/chapt8/chapt8_ws/src/install/fishbot_application/lib/python3.10/site-packages/fishbot_application-0.0.0-py3.10.egg-info' (and everything under it)
[0.745s] Copying ../build/fishbot_application/fishbot_application.egg-info to /home/chairman/working/ros2/learning/chapt8/chapt8_ws/src/install/fishbot_application/lib/python3.10/site-packages/fishbot_application-0.0.0-py3.10.egg-info
[0.745s] running install_scripts
[0.758s] Installing get_robot_pose script to /home/chairman/working/ros2/learning/chapt8/chapt8_ws/src/install/fishbot_application/lib/fishbot_application
[0.758s] Installing init_robot_pose script to /home/chairman/working/ros2/learning/chapt8/chapt8_ws/src/install/fishbot_application/lib/fishbot_application
[0.758s] Installing nav_to_pose script to /home/chairman/working/ros2/learning/chapt8/chapt8_ws/src/install/fishbot_application/lib/fishbot_application
[0.758s] Installing waypoint_follower script to /home/chairman/working/ros2/learning/chapt8/chapt8_ws/src/install/fishbot_application/lib/fishbot_application
[0.758s] writing list of installed files to '/home/chairman/working/ros2/learning/chapt8/chapt8_ws/src/build/fishbot_application/install.log'
