[0.015s] Invoking command in '/home/chairman/working/ros2/ROS2_learning/chapt7/chapt7_ws/build/autopatrol_interfaces': CMAKE_PREFIX_PATH=${CMAKE_PREFIX_PATH}:/home/chairman/working/ros2/ROS2_learning/chapt7/chapt7_ws/install/fishbot_application:/home/chairman/working/ros2/ROS2_learning/chapt7/chapt7_ws/install/autopatrol_robot:/opt/ros/humble VIRTUAL_ENV_PROMPT=(venv) /usr/bin/cmake /home/chairman/working/ros2/ROS2_learning/chapt7/chapt7_ws/autopatrol_interfaces -DCMAKE_INSTALL_PREFIX=/home/chairman/working/ros2/ROS2_learning/chapt7/chapt7_ws/install/autopatrol_interfaces
[0.321s] -- The C compiler identification is GNU 11.4.0
[0.321s] -- The CXX compiler identification is GNU 11.4.0
[0.321s] -- Detecting C compiler ABI info
[0.321s] -- Detecting C compiler ABI info - done
[0.321s] -- Check for working C compiler: /usr/bin/cc - skipped
[0.321s] -- Detecting C compile features
[0.321s] -- Detecting C compile features - done
[0.321s] -- Detecting CXX compiler ABI info
[0.321s] -- Detecting CXX compiler ABI info - done
[0.322s] -- Check for working CXX compiler: /usr/bin/c++ - skipped
[0.322s] -- Detecting CXX compile features
[0.322s] -- Detecting CXX compile features - done
[0.322s] -- Found ament_cmake: 1.3.12 (/opt/ros/humble/share/ament_cmake/cmake)
[0.445s] -- Found Python3: /home/chairman/venv/bin/python3 (found version "3.10.12") found components: Interpreter 
[0.508s] -- Found rosidl_default_generators: 1.2.0 (/opt/ros/humble/share/rosidl_default_generators/cmake)
[0.510s] -- Using all available rosidl_typesupport_c: rosidl_typesupport_fastrtps_c;rosidl_typesupport_introspection_c
[0.514s] -- Found rosidl_adapter: 3.1.7 (/opt/ros/humble/share/rosidl_adapter/cmake)
[0.543s] -- Using all available rosidl_typesupport_cpp: rosidl_typesupport_fastrtps_cpp;rosidl_typesupport_introspection_cpp
[0.738s] -- Found ament_cmake_ros: 0.10.0 (/opt/ros/humble/share/ament_cmake_ros/cmake)
[0.851s] -- Using all available rosidl_typesupport_c: rosidl_typesupport_fastrtps_c;rosidl_typesupport_introspection_c
[1.003s] -- Using all available rosidl_typesupport_cpp: rosidl_typesupport_fastrtps_cpp;rosidl_typesupport_introspection_cpp
[1.015s] -- Found PythonInterp: /home/chairman/venv/bin/python3 (found suitable version "3.10.12", minimum required is "3.6") 
[1.016s] -- Found python_cmake_module: 0.10.0 (/opt/ros/humble/share/python_cmake_module/cmake)
[1.030s] -- Found PythonLibs: /usr/lib/x86_64-linux-gnu/libpython3.10.so (found suitable version "3.10.12", minimum required is "3.5") 
[1.030s] -- Using PYTHON_EXECUTABLE: /home/chairman/venv/bin/python3
[1.030s] -- Using PYTHON_INCLUDE_DIRS: /usr/include/python3.10
[1.030s] -- Using PYTHON_LIBRARIES: /usr/lib/x86_64-linux-gnu/libpython3.10.so
[1.042s] -- Found PythonExtra: .so  
[1.060s] -- Found ament_lint_auto: 0.12.14 (/opt/ros/humble/share/ament_lint_auto/cmake)
[1.073s] -- Added test 'lint_cmake' to check CMake code style
[1.073s] -- Added test 'xmllint' to check XML markup files
[1.075s] -- Configuring done
[1.090s] -- Generating done
[1.096s] -- Build files have been written to: /home/chairman/working/ros2/ROS2_learning/chapt7/chapt7_ws/build/autopatrol_interfaces
[1.100s] Invoked command in '/home/chairman/working/ros2/ROS2_learning/chapt7/chapt7_ws/build/autopatrol_interfaces' returned '0': CMAKE_PREFIX_PATH=${CMAKE_PREFIX_PATH}:/home/chairman/working/ros2/ROS2_learning/chapt7/chapt7_ws/install/fishbot_application:/home/chairman/working/ros2/ROS2_learning/chapt7/chapt7_ws/install/autopatrol_robot:/opt/ros/humble VIRTUAL_ENV_PROMPT=(venv) /usr/bin/cmake /home/chairman/working/ros2/ROS2_learning/chapt7/chapt7_ws/autopatrol_interfaces -DCMAKE_INSTALL_PREFIX=/home/chairman/working/ros2/ROS2_learning/chapt7/chapt7_ws/install/autopatrol_interfaces
[1.102s] Invoking command in '/home/chairman/working/ros2/ROS2_learning/chapt7/chapt7_ws/build/autopatrol_interfaces': CMAKE_PREFIX_PATH=${CMAKE_PREFIX_PATH}:/home/chairman/working/ros2/ROS2_learning/chapt7/chapt7_ws/install/fishbot_application:/home/chairman/working/ros2/ROS2_learning/chapt7/chapt7_ws/install/autopatrol_robot:/opt/ros/humble VIRTUAL_ENV_PROMPT=(venv) /usr/bin/cmake --build /home/chairman/working/ros2/ROS2_learning/chapt7/chapt7_ws/build/autopatrol_interfaces -- -j28 -l28
[1.129s] [  3%] [34m[1mGenerating C code for ROS interfaces[0m
[1.138s] [  6%] [34m[1mGenerating C++ code for ROS interfaces[0m
[1.144s] [  6%] Built target ament_cmake_python_copy_autopatrol_interfaces
[1.264s] running egg_info
[1.271s] creating autopatrol_interfaces.egg-info
[1.271s] writing autopatrol_interfaces.egg-info/PKG-INFO
[1.272s] writing dependency_links to autopatrol_interfaces.egg-info/dependency_links.txt
[1.272s] writing top-level names to autopatrol_interfaces.egg-info/top_level.txt
[1.272s] writing manifest file 'autopatrol_interfaces.egg-info/SOURCES.txt'
[1.292s] reading manifest file 'autopatrol_interfaces.egg-info/SOURCES.txt'
[1.292s] writing manifest file 'autopatrol_interfaces.egg-info/SOURCES.txt'
[1.312s] [  6%] Built target ament_cmake_python_build_autopatrol_interfaces_egg
[1.323s] [  6%] Built target autopatrol_interfaces__cpp
[1.325s] [  9%] [32mBuilding C object CMakeFiles/autopatrol_interfaces__rosidl_generator_c.dir/rosidl_generator_c/autopatrol_interfaces/srv/detail/speach_text__functions.c.o[0m
[1.330s] [ 12%] [34m[1mGenerating C++ type support dispatch for ROS interfaces[0m
[1.330s] [ 16%] [34m[1mGenerating C++ introspection for ROS interfaces[0m
[1.331s] [ 19%] [34m[1mGenerating C++ type support for eProsima Fast-RTPS[0m
[1.366s] [ 22%] [32m[1mLinking C shared library libautopatrol_interfaces__rosidl_generator_c.so[0m
[1.394s] [ 22%] Built target autopatrol_interfaces__rosidl_generator_c
[1.400s] [ 25%] [34m[1mGenerating C type support for eProsima Fast-RTPS[0m
[1.400s] [ 29%] [34m[1mGenerating C introspection for ROS interfaces[0m
[1.400s] [ 32%] [34m[1mGenerating C type support dispatch for ROS interfaces[0m
[1.491s] [ 35%] [32mBuilding CXX object CMakeFiles/autopatrol_interfaces__rosidl_typesupport_cpp.dir/rosidl_typesupport_cpp/autopatrol_interfaces/srv/speach_text__type_support.cpp.o[0m
[1.502s] [ 38%] [32mBuilding CXX object CMakeFiles/autopatrol_interfaces__rosidl_typesupport_introspection_cpp.dir/rosidl_typesupport_introspection_cpp/autopatrol_interfaces/srv/detail/speach_text__type_support.cpp.o[0m
[1.512s] [ 41%] [32mBuilding CXX object CMakeFiles/autopatrol_interfaces__rosidl_typesupport_fastrtps_cpp.dir/rosidl_typesupport_fastrtps_cpp/autopatrol_interfaces/srv/detail/dds_fastrtps/speach_text__type_support.cpp.o[0m
[1.567s] [ 45%] [32mBuilding CXX object CMakeFiles/autopatrol_interfaces__rosidl_typesupport_c.dir/rosidl_typesupport_c/autopatrol_interfaces/srv/speach_text__type_support.cpp.o[0m
[1.576s] [ 48%] [32mBuilding C object CMakeFiles/autopatrol_interfaces__rosidl_typesupport_introspection_c.dir/rosidl_typesupport_introspection_c/autopatrol_interfaces/srv/detail/speach_text__type_support.c.o[0m
[1.584s] [ 51%] [32mBuilding CXX object CMakeFiles/autopatrol_interfaces__rosidl_typesupport_fastrtps_c.dir/rosidl_typesupport_fastrtps_c/autopatrol_interfaces/srv/detail/speach_text__type_support_c.cpp.o[0m
[1.588s] [ 54%] [32m[1mLinking CXX shared library libautopatrol_interfaces__rosidl_typesupport_c.so[0m
[1.601s] [ 58%] [32m[1mLinking C shared library libautopatrol_interfaces__rosidl_typesupport_introspection_c.so[0m
[1.617s] [ 58%] Built target autopatrol_interfaces__rosidl_typesupport_c
[1.621s] [ 58%] Built target autopatrol_interfaces__rosidl_typesupport_introspection_c
[1.639s] [ 61%] [32m[1mLinking CXX shared library libautopatrol_interfaces__rosidl_typesupport_cpp.so[0m
[1.668s] [ 61%] Built target autopatrol_interfaces__rosidl_typesupport_cpp
[1.711s] [ 64%] [32m[1mLinking CXX shared library libautopatrol_interfaces__rosidl_typesupport_introspection_cpp.so[0m
[1.739s] [ 67%] [32m[1mLinking CXX shared library libautopatrol_interfaces__rosidl_typesupport_fastrtps_cpp.so[0m
[1.751s] [ 67%] Built target autopatrol_interfaces__rosidl_typesupport_introspection_cpp
[1.776s] [ 70%] [32m[1mLinking CXX shared library libautopatrol_interfaces__rosidl_typesupport_fastrtps_c.so[0m
[1.784s] [ 70%] Built target autopatrol_interfaces__rosidl_typesupport_fastrtps_cpp
[1.823s] [ 70%] Built target autopatrol_interfaces__rosidl_typesupport_fastrtps_c
[1.837s] [ 70%] Built target autopatrol_interfaces
[1.851s] [ 74%] [34m[1mGenerating Python code for ROS interfaces[0m
[2.090s] [ 74%] Built target autopatrol_interfaces__py
[2.103s] [ 77%] [32mBuilding C object CMakeFiles/autopatrol_interfaces__rosidl_generator_py.dir/rosidl_generator_py/autopatrol_interfaces/srv/_speach_text_s.c.o[0m
[2.167s] [ 80%] [32m[1mLinking C shared library rosidl_generator_py/autopatrol_interfaces/libautopatrol_interfaces__rosidl_generator_py.so[0m
[2.199s] [ 80%] Built target autopatrol_interfaces__rosidl_generator_py
[2.221s] [ 83%] [32mBuilding C object CMakeFiles/autopatrol_interfaces__rosidl_typesupport_fastrtps_c__pyext.dir/rosidl_generator_py/autopatrol_interfaces/_autopatrol_interfaces_s.ep.rosidl_typesupport_fastrtps_c.c.o[0m
[2.221s] [ 87%] [32mBuilding C object CMakeFiles/autopatrol_interfaces__rosidl_typesupport_introspection_c__pyext.dir/rosidl_generator_py/autopatrol_interfaces/_autopatrol_interfaces_s.ep.rosidl_typesupport_introspection_c.c.o[0m
[2.221s] [ 90%] [32mBuilding C object CMakeFiles/autopatrol_interfaces__rosidl_typesupport_c__pyext.dir/rosidl_generator_py/autopatrol_interfaces/_autopatrol_interfaces_s.ep.rosidl_typesupport_c.c.o[0m
[2.281s] [ 93%] [32m[1mLinking C shared library rosidl_generator_py/autopatrol_interfaces/autopatrol_interfaces_s__rosidl_typesupport_c.cpython-310-x86_64-linux-gnu.so[0m
[2.282s] [ 96%] [32m[1mLinking C shared library rosidl_generator_py/autopatrol_interfaces/autopatrol_interfaces_s__rosidl_typesupport_introspection_c.cpython-310-x86_64-linux-gnu.so[0m
[2.283s] [100%] [32m[1mLinking C shared library rosidl_generator_py/autopatrol_interfaces/autopatrol_interfaces_s__rosidl_typesupport_fastrtps_c.cpython-310-x86_64-linux-gnu.so[0m
[2.304s] [100%] Built target autopatrol_interfaces__rosidl_typesupport_c__pyext
[2.306s] [100%] Built target autopatrol_interfaces__rosidl_typesupport_introspection_c__pyext
[2.306s] [100%] Built target autopatrol_interfaces__rosidl_typesupport_fastrtps_c__pyext
[2.313s] Invoked command in '/home/chairman/working/ros2/ROS2_learning/chapt7/chapt7_ws/build/autopatrol_interfaces' returned '0': CMAKE_PREFIX_PATH=${CMAKE_PREFIX_PATH}:/home/chairman/working/ros2/ROS2_learning/chapt7/chapt7_ws/install/fishbot_application:/home/chairman/working/ros2/ROS2_learning/chapt7/chapt7_ws/install/autopatrol_robot:/opt/ros/humble VIRTUAL_ENV_PROMPT=(venv) /usr/bin/cmake --build /home/chairman/working/ros2/ROS2_learning/chapt7/chapt7_ws/build/autopatrol_interfaces -- -j28 -l28
[2.314s] Invoking command in '/home/chairman/working/ros2/ROS2_learning/chapt7/chapt7_ws/build/autopatrol_interfaces': CMAKE_PREFIX_PATH=${CMAKE_PREFIX_PATH}:/home/chairman/working/ros2/ROS2_learning/chapt7/chapt7_ws/install/fishbot_application:/home/chairman/working/ros2/ROS2_learning/chapt7/chapt7_ws/install/autopatrol_robot:/opt/ros/humble VIRTUAL_ENV_PROMPT=(venv) /usr/bin/cmake --install /home/chairman/working/ros2/ROS2_learning/chapt7/chapt7_ws/build/autopatrol_interfaces
[2.320s] -- Install configuration: ""
[2.320s] -- Installing: /home/chairman/working/ros2/ROS2_learning/chapt7/chapt7_ws/install/autopatrol_interfaces/share/ament_index/resource_index/rosidl_interfaces/autopatrol_interfaces
[2.320s] -- Installing: /home/chairman/working/ros2/ROS2_learning/chapt7/chapt7_ws/install/autopatrol_interfaces/include/autopatrol_interfaces/autopatrol_interfaces
[2.320s] -- Installing: /home/chairman/working/ros2/ROS2_learning/chapt7/chapt7_ws/install/autopatrol_interfaces/include/autopatrol_interfaces/autopatrol_interfaces/srv
[2.320s] -- Installing: /home/chairman/working/ros2/ROS2_learning/chapt7/chapt7_ws/install/autopatrol_interfaces/include/autopatrol_interfaces/autopatrol_interfaces/srv/detail
[2.321s] -- Installing: /home/chairman/working/ros2/ROS2_learning/chapt7/chapt7_ws/install/autopatrol_interfaces/include/autopatrol_interfaces/autopatrol_interfaces/srv/detail/speach_text__functions.c
[2.321s] -- Installing: /home/chairman/working/ros2/ROS2_learning/chapt7/chapt7_ws/install/autopatrol_interfaces/include/autopatrol_interfaces/autopatrol_interfaces/srv/detail/speach_text__struct.h
[2.321s] -- Installing: /home/chairman/working/ros2/ROS2_learning/chapt7/chapt7_ws/install/autopatrol_interfaces/include/autopatrol_interfaces/autopatrol_interfaces/srv/detail/speach_text__type_support.h
[2.321s] -- Installing: /home/chairman/working/ros2/ROS2_learning/chapt7/chapt7_ws/install/autopatrol_interfaces/include/autopatrol_interfaces/autopatrol_interfaces/srv/detail/speach_text__functions.h
[2.321s] -- Installing: /home/chairman/working/ros2/ROS2_learning/chapt7/chapt7_ws/install/autopatrol_interfaces/include/autopatrol_interfaces/autopatrol_interfaces/srv/speach_text.h
[2.321s] -- Installing: /home/chairman/working/ros2/ROS2_learning/chapt7/chapt7_ws/install/autopatrol_interfaces/include/autopatrol_interfaces/autopatrol_interfaces/msg
[2.321s] -- Installing: /home/chairman/working/ros2/ROS2_learning/chapt7/chapt7_ws/install/autopatrol_interfaces/include/autopatrol_interfaces/autopatrol_interfaces/msg/rosidl_generator_c__visibility_control.h
[2.321s] -- Installing: /home/chairman/working/ros2/ROS2_learning/chapt7/chapt7_ws/install/autopatrol_interfaces/share/autopatrol_interfaces/environment/library_path.sh
[2.321s] -- Installing: /home/chairman/working/ros2/ROS2_learning/chapt7/chapt7_ws/install/autopatrol_interfaces/share/autopatrol_interfaces/environment/library_path.dsv
[2.321s] -- Installing: /home/chairman/working/ros2/ROS2_learning/chapt7/chapt7_ws/install/autopatrol_interfaces/lib/libautopatrol_interfaces__rosidl_generator_c.so
[2.321s] -- Set runtime path of "/home/chairman/working/ros2/ROS2_learning/chapt7/chapt7_ws/install/autopatrol_interfaces/lib/libautopatrol_interfaces__rosidl_generator_c.so" to ""
[2.321s] -- Up-to-date: /home/chairman/working/ros2/ROS2_learning/chapt7/chapt7_ws/install/autopatrol_interfaces/include/autopatrol_interfaces/autopatrol_interfaces
[2.321s] -- Up-to-date: /home/chairman/working/ros2/ROS2_learning/chapt7/chapt7_ws/install/autopatrol_interfaces/include/autopatrol_interfaces/autopatrol_interfaces/srv
[2.321s] -- Up-to-date: /home/chairman/working/ros2/ROS2_learning/chapt7/chapt7_ws/install/autopatrol_interfaces/include/autopatrol_interfaces/autopatrol_interfaces/srv/detail
[2.321s] -- Installing: /home/chairman/working/ros2/ROS2_learning/chapt7/chapt7_ws/install/autopatrol_interfaces/include/autopatrol_interfaces/autopatrol_interfaces/srv/detail/speach_text__rosidl_typesupport_fastrtps_c.h
[2.321s] -- Up-to-date: /home/chairman/working/ros2/ROS2_learning/chapt7/chapt7_ws/install/autopatrol_interfaces/include/autopatrol_interfaces/autopatrol_interfaces/msg
[2.321s] -- Installing: /home/chairman/working/ros2/ROS2_learning/chapt7/chapt7_ws/install/autopatrol_interfaces/include/autopatrol_interfaces/autopatrol_interfaces/msg/rosidl_typesupport_fastrtps_c__visibility_control.h
[2.321s] -- Installing: /home/chairman/working/ros2/ROS2_learning/chapt7/chapt7_ws/install/autopatrol_interfaces/lib/libautopatrol_interfaces__rosidl_typesupport_fastrtps_c.so
[2.321s] -- Set runtime path of "/home/chairman/working/ros2/ROS2_learning/chapt7/chapt7_ws/install/autopatrol_interfaces/lib/libautopatrol_interfaces__rosidl_typesupport_fastrtps_c.so" to ""
[2.322s] -- Up-to-date: /home/chairman/working/ros2/ROS2_learning/chapt7/chapt7_ws/install/autopatrol_interfaces/include/autopatrol_interfaces/autopatrol_interfaces
[2.322s] -- Up-to-date: /home/chairman/working/ros2/ROS2_learning/chapt7/chapt7_ws/install/autopatrol_interfaces/include/autopatrol_interfaces/autopatrol_interfaces/srv
[2.322s] -- Up-to-date: /home/chairman/working/ros2/ROS2_learning/chapt7/chapt7_ws/install/autopatrol_interfaces/include/autopatrol_interfaces/autopatrol_interfaces/srv/detail
[2.322s] -- Installing: /home/chairman/working/ros2/ROS2_learning/chapt7/chapt7_ws/install/autopatrol_interfaces/include/autopatrol_interfaces/autopatrol_interfaces/srv/detail/speach_text__rosidl_typesupport_introspection_c.h
[2.322s] -- Installing: /home/chairman/working/ros2/ROS2_learning/chapt7/chapt7_ws/install/autopatrol_interfaces/include/autopatrol_interfaces/autopatrol_interfaces/srv/detail/speach_text__type_support.c
[2.322s] -- Up-to-date: /home/chairman/working/ros2/ROS2_learning/chapt7/chapt7_ws/install/autopatrol_interfaces/include/autopatrol_interfaces/autopatrol_interfaces/msg
[2.322s] -- Installing: /home/chairman/working/ros2/ROS2_learning/chapt7/chapt7_ws/install/autopatrol_interfaces/include/autopatrol_interfaces/autopatrol_interfaces/msg/rosidl_typesupport_introspection_c__visibility_control.h
[2.322s] -- Installing: /home/chairman/working/ros2/ROS2_learning/chapt7/chapt7_ws/install/autopatrol_interfaces/lib/libautopatrol_interfaces__rosidl_typesupport_introspection_c.so
[2.322s] -- Set runtime path of "/home/chairman/working/ros2/ROS2_learning/chapt7/chapt7_ws/install/autopatrol_interfaces/lib/libautopatrol_interfaces__rosidl_typesupport_introspection_c.so" to ""
[2.322s] -- Installing: /home/chairman/working/ros2/ROS2_learning/chapt7/chapt7_ws/install/autopatrol_interfaces/lib/libautopatrol_interfaces__rosidl_typesupport_c.so
[2.322s] -- Set runtime path of "/home/chairman/working/ros2/ROS2_learning/chapt7/chapt7_ws/install/autopatrol_interfaces/lib/libautopatrol_interfaces__rosidl_typesupport_c.so" to ""
[2.322s] -- Up-to-date: /home/chairman/working/ros2/ROS2_learning/chapt7/chapt7_ws/install/autopatrol_interfaces/include/autopatrol_interfaces/autopatrol_interfaces
[2.322s] -- Up-to-date: /home/chairman/working/ros2/ROS2_learning/chapt7/chapt7_ws/install/autopatrol_interfaces/include/autopatrol_interfaces/autopatrol_interfaces/srv
[2.322s] -- Up-to-date: /home/chairman/working/ros2/ROS2_learning/chapt7/chapt7_ws/install/autopatrol_interfaces/include/autopatrol_interfaces/autopatrol_interfaces/srv/detail
[2.322s] -- Installing: /home/chairman/working/ros2/ROS2_learning/chapt7/chapt7_ws/install/autopatrol_interfaces/include/autopatrol_interfaces/autopatrol_interfaces/srv/detail/speach_text__traits.hpp
[2.322s] -- Installing: /home/chairman/working/ros2/ROS2_learning/chapt7/chapt7_ws/install/autopatrol_interfaces/include/autopatrol_interfaces/autopatrol_interfaces/srv/detail/speach_text__struct.hpp
[2.322s] -- Installing: /home/chairman/working/ros2/ROS2_learning/chapt7/chapt7_ws/install/autopatrol_interfaces/include/autopatrol_interfaces/autopatrol_interfaces/srv/detail/speach_text__type_support.hpp
[2.322s] -- Installing: /home/chairman/working/ros2/ROS2_learning/chapt7/chapt7_ws/install/autopatrol_interfaces/include/autopatrol_interfaces/autopatrol_interfaces/srv/detail/speach_text__builder.hpp
[2.322s] -- Installing: /home/chairman/working/ros2/ROS2_learning/chapt7/chapt7_ws/install/autopatrol_interfaces/include/autopatrol_interfaces/autopatrol_interfaces/srv/speach_text.hpp
[2.323s] -- Up-to-date: /home/chairman/working/ros2/ROS2_learning/chapt7/chapt7_ws/install/autopatrol_interfaces/include/autopatrol_interfaces/autopatrol_interfaces/msg
[2.323s] -- Installing: /home/chairman/working/ros2/ROS2_learning/chapt7/chapt7_ws/install/autopatrol_interfaces/include/autopatrol_interfaces/autopatrol_interfaces/msg/rosidl_generator_cpp__visibility_control.hpp
[2.323s] -- Up-to-date: /home/chairman/working/ros2/ROS2_learning/chapt7/chapt7_ws/install/autopatrol_interfaces/include/autopatrol_interfaces/autopatrol_interfaces
[2.323s] -- Up-to-date: /home/chairman/working/ros2/ROS2_learning/chapt7/chapt7_ws/install/autopatrol_interfaces/include/autopatrol_interfaces/autopatrol_interfaces/srv
[2.323s] -- Up-to-date: /home/chairman/working/ros2/ROS2_learning/chapt7/chapt7_ws/install/autopatrol_interfaces/include/autopatrol_interfaces/autopatrol_interfaces/srv/detail
[2.323s] -- Installing: /home/chairman/working/ros2/ROS2_learning/chapt7/chapt7_ws/install/autopatrol_interfaces/include/autopatrol_interfaces/autopatrol_interfaces/srv/detail/dds_fastrtps
[2.323s] -- Installing: /home/chairman/working/ros2/ROS2_learning/chapt7/chapt7_ws/install/autopatrol_interfaces/include/autopatrol_interfaces/autopatrol_interfaces/srv/detail/speach_text__rosidl_typesupport_fastrtps_cpp.hpp
[2.323s] -- Up-to-date: /home/chairman/working/ros2/ROS2_learning/chapt7/chapt7_ws/install/autopatrol_interfaces/include/autopatrol_interfaces/autopatrol_interfaces/msg
[2.323s] -- Installing: /home/chairman/working/ros2/ROS2_learning/chapt7/chapt7_ws/install/autopatrol_interfaces/include/autopatrol_interfaces/autopatrol_interfaces/msg/rosidl_typesupport_fastrtps_cpp__visibility_control.h
[2.323s] -- Installing: /home/chairman/working/ros2/ROS2_learning/chapt7/chapt7_ws/install/autopatrol_interfaces/lib/libautopatrol_interfaces__rosidl_typesupport_fastrtps_cpp.so
[2.323s] -- Set runtime path of "/home/chairman/working/ros2/ROS2_learning/chapt7/chapt7_ws/install/autopatrol_interfaces/lib/libautopatrol_interfaces__rosidl_typesupport_fastrtps_cpp.so" to ""
[2.323s] -- Up-to-date: /home/chairman/working/ros2/ROS2_learning/chapt7/chapt7_ws/install/autopatrol_interfaces/include/autopatrol_interfaces/autopatrol_interfaces
[2.323s] -- Up-to-date: /home/chairman/working/ros2/ROS2_learning/chapt7/chapt7_ws/install/autopatrol_interfaces/include/autopatrol_interfaces/autopatrol_interfaces/srv
[2.323s] -- Up-to-date: /home/chairman/working/ros2/ROS2_learning/chapt7/chapt7_ws/install/autopatrol_interfaces/include/autopatrol_interfaces/autopatrol_interfaces/srv/detail
[2.323s] -- Installing: /home/chairman/working/ros2/ROS2_learning/chapt7/chapt7_ws/install/autopatrol_interfaces/include/autopatrol_interfaces/autopatrol_interfaces/srv/detail/speach_text__rosidl_typesupport_introspection_cpp.hpp
[2.323s] -- Installing: /home/chairman/working/ros2/ROS2_learning/chapt7/chapt7_ws/install/autopatrol_interfaces/include/autopatrol_interfaces/autopatrol_interfaces/srv/detail/speach_text__type_support.cpp
[2.323s] -- Installing: /home/chairman/working/ros2/ROS2_learning/chapt7/chapt7_ws/install/autopatrol_interfaces/lib/libautopatrol_interfaces__rosidl_typesupport_introspection_cpp.so
[2.323s] -- Set runtime path of "/home/chairman/working/ros2/ROS2_learning/chapt7/chapt7_ws/install/autopatrol_interfaces/lib/libautopatrol_interfaces__rosidl_typesupport_introspection_cpp.so" to ""
[2.323s] -- Installing: /home/chairman/working/ros2/ROS2_learning/chapt7/chapt7_ws/install/autopatrol_interfaces/lib/libautopatrol_interfaces__rosidl_typesupport_cpp.so
[2.324s] -- Set runtime path of "/home/chairman/working/ros2/ROS2_learning/chapt7/chapt7_ws/install/autopatrol_interfaces/lib/libautopatrol_interfaces__rosidl_typesupport_cpp.so" to ""
[2.324s] -- Installing: /home/chairman/working/ros2/ROS2_learning/chapt7/chapt7_ws/install/autopatrol_interfaces/share/autopatrol_interfaces/environment/pythonpath.sh
[2.324s] -- Installing: /home/chairman/working/ros2/ROS2_learning/chapt7/chapt7_ws/install/autopatrol_interfaces/share/autopatrol_interfaces/environment/pythonpath.dsv
[2.324s] -- Installing: /home/chairman/working/ros2/ROS2_learning/chapt7/chapt7_ws/install/autopatrol_interfaces/lib/python3.10/site-packages/autopatrol_interfaces-0.0.0-py3.10.egg-info
[2.324s] -- Installing: /home/chairman/working/ros2/ROS2_learning/chapt7/chapt7_ws/install/autopatrol_interfaces/lib/python3.10/site-packages/autopatrol_interfaces-0.0.0-py3.10.egg-info/dependency_links.txt
[2.324s] -- Installing: /home/chairman/working/ros2/ROS2_learning/chapt7/chapt7_ws/install/autopatrol_interfaces/lib/python3.10/site-packages/autopatrol_interfaces-0.0.0-py3.10.egg-info/top_level.txt
[2.324s] -- Installing: /home/chairman/working/ros2/ROS2_learning/chapt7/chapt7_ws/install/autopatrol_interfaces/lib/python3.10/site-packages/autopatrol_interfaces-0.0.0-py3.10.egg-info/SOURCES.txt
[2.324s] -- Installing: /home/chairman/working/ros2/ROS2_learning/chapt7/chapt7_ws/install/autopatrol_interfaces/lib/python3.10/site-packages/autopatrol_interfaces-0.0.0-py3.10.egg-info/PKG-INFO
[2.324s] -- Installing: /home/chairman/working/ros2/ROS2_learning/chapt7/chapt7_ws/install/autopatrol_interfaces/lib/python3.10/site-packages/autopatrol_interfaces
[2.324s] -- Installing: /home/chairman/working/ros2/ROS2_learning/chapt7/chapt7_ws/install/autopatrol_interfaces/lib/python3.10/site-packages/autopatrol_interfaces/srv
[2.324s] -- Installing: /home/chairman/working/ros2/ROS2_learning/chapt7/chapt7_ws/install/autopatrol_interfaces/lib/python3.10/site-packages/autopatrol_interfaces/srv/__init__.py
[2.324s] -- Installing: /home/chairman/working/ros2/ROS2_learning/chapt7/chapt7_ws/install/autopatrol_interfaces/lib/python3.10/site-packages/autopatrol_interfaces/srv/_speach_text.py
[2.324s] -- Installing: /home/chairman/working/ros2/ROS2_learning/chapt7/chapt7_ws/install/autopatrol_interfaces/lib/python3.10/site-packages/autopatrol_interfaces/srv/_speach_text_s.c
[2.324s] -- Installing: /home/chairman/working/ros2/ROS2_learning/chapt7/chapt7_ws/install/autopatrol_interfaces/lib/python3.10/site-packages/autopatrol_interfaces/_autopatrol_interfaces_s.ep.rosidl_typesupport_introspection_c.c
[2.324s] -- Installing: /home/chairman/working/ros2/ROS2_learning/chapt7/chapt7_ws/install/autopatrol_interfaces/lib/python3.10/site-packages/autopatrol_interfaces/autopatrol_interfaces_s__rosidl_typesupport_introspection_c.cpython-310-x86_64-linux-gnu.so
[2.324s] -- Installing: /home/chairman/working/ros2/ROS2_learning/chapt7/chapt7_ws/install/autopatrol_interfaces/lib/python3.10/site-packages/autopatrol_interfaces/_autopatrol_interfaces_s.ep.rosidl_typesupport_fastrtps_c.c
[2.325s] -- Installing: /home/chairman/working/ros2/ROS2_learning/chapt7/chapt7_ws/install/autopatrol_interfaces/lib/python3.10/site-packages/autopatrol_interfaces/autopatrol_interfaces_s__rosidl_typesupport_c.cpython-310-x86_64-linux-gnu.so
[2.325s] -- Installing: /home/chairman/working/ros2/ROS2_learning/chapt7/chapt7_ws/install/autopatrol_interfaces/lib/python3.10/site-packages/autopatrol_interfaces/__init__.py
[2.325s] -- Installing: /home/chairman/working/ros2/ROS2_learning/chapt7/chapt7_ws/install/autopatrol_interfaces/lib/python3.10/site-packages/autopatrol_interfaces/autopatrol_interfaces_s__rosidl_typesupport_fastrtps_c.cpython-310-x86_64-linux-gnu.so
[2.325s] -- Installing: /home/chairman/working/ros2/ROS2_learning/chapt7/chapt7_ws/install/autopatrol_interfaces/lib/python3.10/site-packages/autopatrol_interfaces/_autopatrol_interfaces_s.ep.rosidl_typesupport_c.c
[2.325s] -- Installing: /home/chairman/working/ros2/ROS2_learning/chapt7/chapt7_ws/install/autopatrol_interfaces/lib/python3.10/site-packages/autopatrol_interfaces/libautopatrol_interfaces__rosidl_generator_py.so
[2.348s] Listing '/home/chairman/working/ros2/ROS2_learning/chapt7/chapt7_ws/install/autopatrol_interfaces/lib/python3.10/site-packages/autopatrol_interfaces'...
[2.348s] Compiling '/home/chairman/working/ros2/ROS2_learning/chapt7/chapt7_ws/install/autopatrol_interfaces/lib/python3.10/site-packages/autopatrol_interfaces/__init__.py'...
[2.348s] Listing '/home/chairman/working/ros2/ROS2_learning/chapt7/chapt7_ws/install/autopatrol_interfaces/lib/python3.10/site-packages/autopatrol_interfaces/srv'...
[2.348s] Compiling '/home/chairman/working/ros2/ROS2_learning/chapt7/chapt7_ws/install/autopatrol_interfaces/lib/python3.10/site-packages/autopatrol_interfaces/srv/__init__.py'...
[2.348s] Compiling '/home/chairman/working/ros2/ROS2_learning/chapt7/chapt7_ws/install/autopatrol_interfaces/lib/python3.10/site-packages/autopatrol_interfaces/srv/_speach_text.py'...
[2.351s] -- Installing: /home/chairman/working/ros2/ROS2_learning/chapt7/chapt7_ws/install/autopatrol_interfaces/lib/python3.10/site-packages/autopatrol_interfaces/autopatrol_interfaces_s__rosidl_typesupport_fastrtps_c.cpython-310-x86_64-linux-gnu.so
[2.351s] -- Set runtime path of "/home/chairman/working/ros2/ROS2_learning/chapt7/chapt7_ws/install/autopatrol_interfaces/lib/python3.10/site-packages/autopatrol_interfaces/autopatrol_interfaces_s__rosidl_typesupport_fastrtps_c.cpython-310-x86_64-linux-gnu.so" to ""
[2.351s] -- Installing: /home/chairman/working/ros2/ROS2_learning/chapt7/chapt7_ws/install/autopatrol_interfaces/lib/python3.10/site-packages/autopatrol_interfaces/autopatrol_interfaces_s__rosidl_typesupport_introspection_c.cpython-310-x86_64-linux-gnu.so
[2.351s] -- Set runtime path of "/home/chairman/working/ros2/ROS2_learning/chapt7/chapt7_ws/install/autopatrol_interfaces/lib/python3.10/site-packages/autopatrol_interfaces/autopatrol_interfaces_s__rosidl_typesupport_introspection_c.cpython-310-x86_64-linux-gnu.so" to ""
[2.351s] -- Installing: /home/chairman/working/ros2/ROS2_learning/chapt7/chapt7_ws/install/autopatrol_interfaces/lib/python3.10/site-packages/autopatrol_interfaces/autopatrol_interfaces_s__rosidl_typesupport_c.cpython-310-x86_64-linux-gnu.so
[2.351s] -- Set runtime path of "/home/chairman/working/ros2/ROS2_learning/chapt7/chapt7_ws/install/autopatrol_interfaces/lib/python3.10/site-packages/autopatrol_interfaces/autopatrol_interfaces_s__rosidl_typesupport_c.cpython-310-x86_64-linux-gnu.so" to ""
[2.351s] -- Installing: /home/chairman/working/ros2/ROS2_learning/chapt7/chapt7_ws/install/autopatrol_interfaces/lib/libautopatrol_interfaces__rosidl_generator_py.so
[2.351s] -- Set runtime path of "/home/chairman/working/ros2/ROS2_learning/chapt7/chapt7_ws/install/autopatrol_interfaces/lib/libautopatrol_interfaces__rosidl_generator_py.so" to ""
[2.351s] -- Installing: /home/chairman/working/ros2/ROS2_learning/chapt7/chapt7_ws/install/autopatrol_interfaces/share/autopatrol_interfaces/srv/SpeachText.idl
[2.352s] -- Installing: /home/chairman/working/ros2/ROS2_learning/chapt7/chapt7_ws/install/autopatrol_interfaces/share/autopatrol_interfaces/srv/SpeachText.srv
[2.352s] -- Installing: /home/chairman/working/ros2/ROS2_learning/chapt7/chapt7_ws/install/autopatrol_interfaces/share/autopatrol_interfaces/srv/SpeachText_Request.msg
[2.352s] -- Installing: /home/chairman/working/ros2/ROS2_learning/chapt7/chapt7_ws/install/autopatrol_interfaces/share/autopatrol_interfaces/srv/SpeachText_Response.msg
[2.352s] -- Installing: /home/chairman/working/ros2/ROS2_learning/chapt7/chapt7_ws/install/autopatrol_interfaces/share/ament_index/resource_index/package_run_dependencies/autopatrol_interfaces
[2.352s] -- Installing: /home/chairman/working/ros2/ROS2_learning/chapt7/chapt7_ws/install/autopatrol_interfaces/share/ament_index/resource_index/parent_prefix_path/autopatrol_interfaces
[2.352s] -- Installing: /home/chairman/working/ros2/ROS2_learning/chapt7/chapt7_ws/install/autopatrol_interfaces/share/autopatrol_interfaces/environment/ament_prefix_path.sh
[2.352s] -- Installing: /home/chairman/working/ros2/ROS2_learning/chapt7/chapt7_ws/install/autopatrol_interfaces/share/autopatrol_interfaces/environment/ament_prefix_path.dsv
[2.352s] -- Installing: /home/chairman/working/ros2/ROS2_learning/chapt7/chapt7_ws/install/autopatrol_interfaces/share/autopatrol_interfaces/environment/path.sh
[2.352s] -- Installing: /home/chairman/working/ros2/ROS2_learning/chapt7/chapt7_ws/install/autopatrol_interfaces/share/autopatrol_interfaces/environment/path.dsv
[2.352s] -- Installing: /home/chairman/working/ros2/ROS2_learning/chapt7/chapt7_ws/install/autopatrol_interfaces/share/autopatrol_interfaces/local_setup.bash
[2.352s] -- Installing: /home/chairman/working/ros2/ROS2_learning/chapt7/chapt7_ws/install/autopatrol_interfaces/share/autopatrol_interfaces/local_setup.sh
[2.352s] -- Installing: /home/chairman/working/ros2/ROS2_learning/chapt7/chapt7_ws/install/autopatrol_interfaces/share/autopatrol_interfaces/local_setup.zsh
[2.352s] -- Installing: /home/chairman/working/ros2/ROS2_learning/chapt7/chapt7_ws/install/autopatrol_interfaces/share/autopatrol_interfaces/local_setup.dsv
[2.352s] -- Installing: /home/chairman/working/ros2/ROS2_learning/chapt7/chapt7_ws/install/autopatrol_interfaces/share/autopatrol_interfaces/package.dsv
[2.352s] -- Installing: /home/chairman/working/ros2/ROS2_learning/chapt7/chapt7_ws/install/autopatrol_interfaces/share/ament_index/resource_index/packages/autopatrol_interfaces
[2.352s] -- Installing: /home/chairman/working/ros2/ROS2_learning/chapt7/chapt7_ws/install/autopatrol_interfaces/share/autopatrol_interfaces/cmake/export_autopatrol_interfaces__rosidl_generator_cExport.cmake
[2.352s] -- Installing: /home/chairman/working/ros2/ROS2_learning/chapt7/chapt7_ws/install/autopatrol_interfaces/share/autopatrol_interfaces/cmake/export_autopatrol_interfaces__rosidl_generator_cExport-noconfig.cmake
[2.352s] -- Installing: /home/chairman/working/ros2/ROS2_learning/chapt7/chapt7_ws/install/autopatrol_interfaces/share/autopatrol_interfaces/cmake/export_autopatrol_interfaces__rosidl_typesupport_fastrtps_cExport.cmake
[2.352s] -- Installing: /home/chairman/working/ros2/ROS2_learning/chapt7/chapt7_ws/install/autopatrol_interfaces/share/autopatrol_interfaces/cmake/export_autopatrol_interfaces__rosidl_typesupport_fastrtps_cExport-noconfig.cmake
[2.352s] -- Installing: /home/chairman/working/ros2/ROS2_learning/chapt7/chapt7_ws/install/autopatrol_interfaces/share/autopatrol_interfaces/cmake/autopatrol_interfaces__rosidl_typesupport_introspection_cExport.cmake
[2.353s] -- Installing: /home/chairman/working/ros2/ROS2_learning/chapt7/chapt7_ws/install/autopatrol_interfaces/share/autopatrol_interfaces/cmake/autopatrol_interfaces__rosidl_typesupport_introspection_cExport-noconfig.cmake
[2.353s] -- Installing: /home/chairman/working/ros2/ROS2_learning/chapt7/chapt7_ws/install/autopatrol_interfaces/share/autopatrol_interfaces/cmake/autopatrol_interfaces__rosidl_typesupport_cExport.cmake
[2.353s] -- Installing: /home/chairman/working/ros2/ROS2_learning/chapt7/chapt7_ws/install/autopatrol_interfaces/share/autopatrol_interfaces/cmake/autopatrol_interfaces__rosidl_typesupport_cExport-noconfig.cmake
[2.353s] -- Installing: /home/chairman/working/ros2/ROS2_learning/chapt7/chapt7_ws/install/autopatrol_interfaces/share/autopatrol_interfaces/cmake/export_autopatrol_interfaces__rosidl_generator_cppExport.cmake
[2.353s] -- Installing: /home/chairman/working/ros2/ROS2_learning/chapt7/chapt7_ws/install/autopatrol_interfaces/share/autopatrol_interfaces/cmake/export_autopatrol_interfaces__rosidl_typesupport_fastrtps_cppExport.cmake
[2.353s] -- Installing: /home/chairman/working/ros2/ROS2_learning/chapt7/chapt7_ws/install/autopatrol_interfaces/share/autopatrol_interfaces/cmake/export_autopatrol_interfaces__rosidl_typesupport_fastrtps_cppExport-noconfig.cmake
[2.353s] -- Installing: /home/chairman/working/ros2/ROS2_learning/chapt7/chapt7_ws/install/autopatrol_interfaces/share/autopatrol_interfaces/cmake/autopatrol_interfaces__rosidl_typesupport_introspection_cppExport.cmake
[2.353s] -- Installing: /home/chairman/working/ros2/ROS2_learning/chapt7/chapt7_ws/install/autopatrol_interfaces/share/autopatrol_interfaces/cmake/autopatrol_interfaces__rosidl_typesupport_introspection_cppExport-noconfig.cmake
[2.353s] -- Installing: /home/chairman/working/ros2/ROS2_learning/chapt7/chapt7_ws/install/autopatrol_interfaces/share/autopatrol_interfaces/cmake/autopatrol_interfaces__rosidl_typesupport_cppExport.cmake
[2.353s] -- Installing: /home/chairman/working/ros2/ROS2_learning/chapt7/chapt7_ws/install/autopatrol_interfaces/share/autopatrol_interfaces/cmake/autopatrol_interfaces__rosidl_typesupport_cppExport-noconfig.cmake
[2.353s] -- Installing: /home/chairman/working/ros2/ROS2_learning/chapt7/chapt7_ws/install/autopatrol_interfaces/share/autopatrol_interfaces/cmake/export_autopatrol_interfaces__rosidl_generator_pyExport.cmake
[2.353s] -- Installing: /home/chairman/working/ros2/ROS2_learning/chapt7/chapt7_ws/install/autopatrol_interfaces/share/autopatrol_interfaces/cmake/export_autopatrol_interfaces__rosidl_generator_pyExport-noconfig.cmake
[2.353s] -- Installing: /home/chairman/working/ros2/ROS2_learning/chapt7/chapt7_ws/install/autopatrol_interfaces/share/autopatrol_interfaces/cmake/rosidl_cmake-extras.cmake
[2.353s] -- Installing: /home/chairman/working/ros2/ROS2_learning/chapt7/chapt7_ws/install/autopatrol_interfaces/share/autopatrol_interfaces/cmake/ament_cmake_export_include_directories-extras.cmake
[2.353s] -- Installing: /home/chairman/working/ros2/ROS2_learning/chapt7/chapt7_ws/install/autopatrol_interfaces/share/autopatrol_interfaces/cmake/ament_cmake_export_libraries-extras.cmake
[2.353s] -- Installing: /home/chairman/working/ros2/ROS2_learning/chapt7/chapt7_ws/install/autopatrol_interfaces/share/autopatrol_interfaces/cmake/ament_cmake_export_targets-extras.cmake
[2.354s] -- Installing: /home/chairman/working/ros2/ROS2_learning/chapt7/chapt7_ws/install/autopatrol_interfaces/share/autopatrol_interfaces/cmake/rosidl_cmake_export_typesupport_targets-extras.cmake
[2.354s] -- Installing: /home/chairman/working/ros2/ROS2_learning/chapt7/chapt7_ws/install/autopatrol_interfaces/share/autopatrol_interfaces/cmake/ament_cmake_export_dependencies-extras.cmake
[2.354s] -- Installing: /home/chairman/working/ros2/ROS2_learning/chapt7/chapt7_ws/install/autopatrol_interfaces/share/autopatrol_interfaces/cmake/rosidl_cmake_export_typesupport_libraries-extras.cmake
[2.354s] -- Installing: /home/chairman/working/ros2/ROS2_learning/chapt7/chapt7_ws/install/autopatrol_interfaces/share/autopatrol_interfaces/cmake/autopatrol_interfacesConfig.cmake
[2.354s] -- Installing: /home/chairman/working/ros2/ROS2_learning/chapt7/chapt7_ws/install/autopatrol_interfaces/share/autopatrol_interfaces/cmake/autopatrol_interfacesConfig-version.cmake
[2.354s] -- Installing: /home/chairman/working/ros2/ROS2_learning/chapt7/chapt7_ws/install/autopatrol_interfaces/share/autopatrol_interfaces/package.xml
[2.356s] Invoked command in '/home/chairman/working/ros2/ROS2_learning/chapt7/chapt7_ws/build/autopatrol_interfaces' returned '0': CMAKE_PREFIX_PATH=${CMAKE_PREFIX_PATH}:/home/chairman/working/ros2/ROS2_learning/chapt7/chapt7_ws/install/fishbot_application:/home/chairman/working/ros2/ROS2_learning/chapt7/chapt7_ws/install/autopatrol_robot:/opt/ros/humble VIRTUAL_ENV_PROMPT=(venv) /usr/bin/cmake --install /home/chairman/working/ros2/ROS2_learning/chapt7/chapt7_ws/build/autopatrol_interfaces
