[0.010s] Invoking command in '/home/chairman/working/ros2/learning/chapt8/learn_pluginlib/build/motion_control_system': CMAKE_PREFIX_PATH=${CMAKE_PREFIX_PATH}:/opt/ros/humble /usr/bin/cmake --build /home/chairman/working/ros2/learning/chapt8/learn_pluginlib/build/motion_control_system -- -j28 -l28
[0.025s] -- Found ament_cmake: 1.3.11 (/opt/ros/humble/share/ament_cmake/cmake)
[0.133s] -- Found pluginlib: 5.1.0 (/opt/ros/humble/share/pluginlib/cmake)
[0.151s] -- Found ament_lint_auto: 0.12.12 (/opt/ros/humble/share/ament_lint_auto/cmake)
[0.194s] -- Added test 'cppcheck' to perform static code analysis on C / C++ code
[0.194s] -- Configured cppcheck include dirs: /home/chairman/working/ros2/learning/chapt8/learn_pluginlib/src/motion_control_system/include
[0.194s] -- Configured cppcheck exclude dirs and/or files: 
[0.195s] -- Added test 'lint_cmake' to check CMake code style
[0.195s] -- Added test 'uncrustify' to check C / C++ code style
[0.195s] -- Configured uncrustify additional arguments: 
[0.195s] -- Added test 'xmllint' to check XML markup files
[0.196s] -- Configuring done
[0.199s] -- Generating done
[0.200s] -- Build files have been written to: /home/chairman/working/ros2/learning/chapt8/learn_pluginlib/build/motion_control_system
[0.219s] [35m[1mConsolidate compiler generated dependencies of target spin_motion_controller[0m
[0.220s] [35m[1mConsolidate compiler generated dependencies of target test_plugin[0m
[0.232s] [ 50%] Built target spin_motion_controller
[0.233s] [100%] Built target test_plugin
[0.242s] Invoked command in '/home/chairman/working/ros2/learning/chapt8/learn_pluginlib/build/motion_control_system' returned '0': CMAKE_PREFIX_PATH=${CMAKE_PREFIX_PATH}:/opt/ros/humble /usr/bin/cmake --build /home/chairman/working/ros2/learning/chapt8/learn_pluginlib/build/motion_control_system -- -j28 -l28
[0.251s] Invoking command in '/home/chairman/working/ros2/learning/chapt8/learn_pluginlib/build/motion_control_system': CMAKE_PREFIX_PATH=${CMAKE_PREFIX_PATH}:/opt/ros/humble /usr/bin/cmake --install /home/chairman/working/ros2/learning/chapt8/learn_pluginlib/build/motion_control_system
[0.258s] -- Install configuration: ""
[0.258s] -- Up-to-date: /home/chairman/working/ros2/learning/chapt8/learn_pluginlib/install/motion_control_system/lib/libspin_motion_controller.so
[0.258s] -- Up-to-date: /home/chairman/working/ros2/learning/chapt8/learn_pluginlib/install/motion_control_system/include/
[0.258s] -- Up-to-date: /home/chairman/working/ros2/learning/chapt8/learn_pluginlib/install/motion_control_system/include//motion_control_system
[0.258s] -- Up-to-date: /home/chairman/working/ros2/learning/chapt8/learn_pluginlib/install/motion_control_system/include//motion_control_system/spin_motion_controller.hpp
[0.258s] -- Up-to-date: /home/chairman/working/ros2/learning/chapt8/learn_pluginlib/install/motion_control_system/include//motion_control_system/motion_control_interface.hpp
[0.258s] -- Up-to-date: /home/chairman/working/ros2/learning/chapt8/learn_pluginlib/install/motion_control_system/lib/motion_control_system/test_plugin
[0.258s] -- Up-to-date: /home/chairman/working/ros2/learning/chapt8/learn_pluginlib/install/motion_control_system/share/motion_control_system/spin_motion_plugins.xml
[0.259s] -- Up-to-date: /home/chairman/working/ros2/learning/chapt8/learn_pluginlib/install/motion_control_system/share/ament_index/resource_index/package_run_dependencies/motion_control_system
[0.259s] -- Installing: /home/chairman/working/ros2/learning/chapt8/learn_pluginlib/install/motion_control_system/share/ament_index/resource_index/parent_prefix_path/motion_control_system
[0.259s] -- Up-to-date: /home/chairman/working/ros2/learning/chapt8/learn_pluginlib/install/motion_control_system/share/motion_control_system/environment/ament_prefix_path.sh
[0.259s] -- Installing: /home/chairman/working/ros2/learning/chapt8/learn_pluginlib/install/motion_control_system/share/motion_control_system/environment/ament_prefix_path.dsv
[0.259s] -- Up-to-date: /home/chairman/working/ros2/learning/chapt8/learn_pluginlib/install/motion_control_system/share/motion_control_system/environment/path.sh
[0.259s] -- Installing: /home/chairman/working/ros2/learning/chapt8/learn_pluginlib/install/motion_control_system/share/motion_control_system/environment/path.dsv
[0.259s] -- Up-to-date: /home/chairman/working/ros2/learning/chapt8/learn_pluginlib/install/motion_control_system/share/motion_control_system/local_setup.bash
[0.259s] -- Up-to-date: /home/chairman/working/ros2/learning/chapt8/learn_pluginlib/install/motion_control_system/share/motion_control_system/local_setup.sh
[0.259s] -- Up-to-date: /home/chairman/working/ros2/learning/chapt8/learn_pluginlib/install/motion_control_system/share/motion_control_system/local_setup.zsh
[0.259s] -- Installing: /home/chairman/working/ros2/learning/chapt8/learn_pluginlib/install/motion_control_system/share/motion_control_system/local_setup.dsv
[0.259s] -- Installing: /home/chairman/working/ros2/learning/chapt8/learn_pluginlib/install/motion_control_system/share/motion_control_system/package.dsv
[0.259s] -- Up-to-date: /home/chairman/working/ros2/learning/chapt8/learn_pluginlib/install/motion_control_system/share/ament_index/resource_index/packages/motion_control_system
[0.259s] -- Up-to-date: /home/chairman/working/ros2/learning/chapt8/learn_pluginlib/install/motion_control_system/share/ament_index/resource_index/motion_control_system__pluginlib__plugin/motion_control_system
[0.260s] -- Up-to-date: /home/chairman/working/ros2/learning/chapt8/learn_pluginlib/install/motion_control_system/share/motion_control_system/cmake/motion_control_systemConfig.cmake
[0.260s] -- Up-to-date: /home/chairman/working/ros2/learning/chapt8/learn_pluginlib/install/motion_control_system/share/motion_control_system/cmake/motion_control_systemConfig-version.cmake
[0.260s] -- Installing: /home/chairman/working/ros2/learning/chapt8/learn_pluginlib/install/motion_control_system/share/motion_control_system/package.xml
[0.261s] Invoked command in '/home/chairman/working/ros2/learning/chapt8/learn_pluginlib/build/motion_control_system' returned '0': CMAKE_PREFIX_PATH=${CMAKE_PREFIX_PATH}:/opt/ros/humble /usr/bin/cmake --install /home/chairman/working/ros2/learning/chapt8/learn_pluginlib/build/motion_control_system
