[0.061s] DEBUG:colcon:Command line arguments: ['/usr/bin/colcon', 'build']
[0.062s] DEBUG:colcon:Parsed command line arguments: Namespace(log_base=None, log_level=None, verb_name='build', build_base='build', install_base='install', merge_install=False, symlink_install=False, test_result_base=None, continue_on_error=False, executor='parallel', parallel_workers=28, event_handlers=None, ignore_user_meta=False, metas=['./colcon.meta'], base_paths=['.'], packages_ignore=None, packages_ignore_regex=None, paths=None, packages_up_to=None, packages_up_to_regex=None, packages_above=None, packages_above_and_dependencies=None, packages_above_depth=None, packages_select_by_dep=None, packages_skip_by_dep=None, packages_skip_up_to=None, packages_select_build_failed=False, packages_skip_build_finished=False, packages_select_test_failures=False, packages_skip_test_passed=False, packages_select=None, packages_skip=None, packages_select_regex=None, packages_skip_regex=None, packages_start=None, packages_end=None, allow_overriding=[], cmake_args=None, cmake_target=None, cmake_target_skip_unavailable=False, cmake_clean_cache=False, cmake_clean_first=False, cmake_force_configure=False, ament_cmake_args=None, catkin_cmake_args=None, catkin_skip_building_tests=False, verb_parser=<colcon_defaults.argument_parser.defaults.DefaultArgumentsDecorator object at 0x72476e7508b0>, verb_extension=<colcon_core.verb.build.BuildVerb object at 0x72476e861c90>, main=<bound method BuildVerb.main of <colcon_core.verb.build.BuildVerb object at 0x72476e861c90>>)
[0.156s] Level 1:colcon.colcon_core.package_discovery:discover_packages(colcon_meta) check parameters
[0.156s] Level 1:colcon.colcon_core.package_discovery:discover_packages(recursive) check parameters
[0.156s] Level 1:colcon.colcon_core.package_discovery:discover_packages(ignore) check parameters
[0.156s] Level 1:colcon.colcon_core.package_discovery:discover_packages(path) check parameters
[0.156s] Level 1:colcon.colcon_core.package_discovery:discover_packages(colcon_meta) discover
[0.157s] Level 1:colcon.colcon_core.package_discovery:discover_packages(recursive) discover
[0.157s] INFO:colcon.colcon_core.package_discovery:Crawling recursively for packages in '/home/chairman/working/ros2/learning/chapt5/chapt5_ws/src'
[0.157s] Level 1:colcon.colcon_core.package_identification:_identify(.) by extensions ['ignore', 'ignore_ament_install']
[0.157s] Level 1:colcon.colcon_core.package_identification:_identify(.) by extension 'ignore'
[0.157s] Level 1:colcon.colcon_core.package_identification:_identify(.) by extension 'ignore_ament_install'
[0.157s] Level 1:colcon.colcon_core.package_identification:_identify(.) by extensions ['colcon_pkg']
[0.157s] Level 1:colcon.colcon_core.package_identification:_identify(.) by extension 'colcon_pkg'
[0.157s] Level 1:colcon.colcon_core.package_identification:_identify(.) by extensions ['colcon_meta']
[0.157s] Level 1:colcon.colcon_core.package_identification:_identify(.) by extension 'colcon_meta'
[0.157s] Level 1:colcon.colcon_core.package_identification:_identify(.) by extensions ['ros']
[0.157s] Level 1:colcon.colcon_core.package_identification:_identify(.) by extension 'ros'
[0.164s] Level 1:colcon.colcon_core.package_identification:_identify(.) by extensions ['cmake', 'python']
[0.164s] Level 1:colcon.colcon_core.package_identification:_identify(.) by extension 'cmake'
[0.164s] Level 1:colcon.colcon_core.package_identification:_identify(.) by extension 'python'
[0.164s] Level 1:colcon.colcon_core.package_identification:_identify(.) by extensions ['python_setup_py']
[0.164s] Level 1:colcon.colcon_core.package_identification:_identify(.) by extension 'python_setup_py'
[0.164s] Level 1:colcon.colcon_core.package_identification:_identify(build) by extensions ['ignore', 'ignore_ament_install']
[0.164s] Level 1:colcon.colcon_core.package_identification:_identify(build) by extension 'ignore'
[0.164s] Level 1:colcon.colcon_core.package_identification:_identify(build) ignored
[0.164s] Level 1:colcon.colcon_core.package_identification:_identify(demo_cpp_tf) by extensions ['ignore', 'ignore_ament_install']
[0.164s] Level 1:colcon.colcon_core.package_identification:_identify(demo_cpp_tf) by extension 'ignore'
[0.164s] Level 1:colcon.colcon_core.package_identification:_identify(demo_cpp_tf) by extension 'ignore_ament_install'
[0.164s] Level 1:colcon.colcon_core.package_identification:_identify(demo_cpp_tf) by extensions ['colcon_pkg']
[0.165s] Level 1:colcon.colcon_core.package_identification:_identify(demo_cpp_tf) by extension 'colcon_pkg'
[0.165s] Level 1:colcon.colcon_core.package_identification:_identify(demo_cpp_tf) by extensions ['colcon_meta']
[0.165s] Level 1:colcon.colcon_core.package_identification:_identify(demo_cpp_tf) by extension 'colcon_meta'
[0.165s] Level 1:colcon.colcon_core.package_identification:_identify(demo_cpp_tf) by extensions ['ros']
[0.165s] Level 1:colcon.colcon_core.package_identification:_identify(demo_cpp_tf) by extension 'ros'
[0.166s] DEBUG:colcon.colcon_core.package_identification:Package 'demo_cpp_tf' with type 'ros.ament_cmake' and name 'demo_cpp_tf'
[0.166s] Level 1:colcon.colcon_core.package_identification:_identify(demo_python_tf) by extensions ['ignore', 'ignore_ament_install']
[0.166s] Level 1:colcon.colcon_core.package_identification:_identify(demo_python_tf) by extension 'ignore'
[0.166s] Level 1:colcon.colcon_core.package_identification:_identify(demo_python_tf) by extension 'ignore_ament_install'
[0.166s] Level 1:colcon.colcon_core.package_identification:_identify(demo_python_tf) by extensions ['colcon_pkg']
[0.166s] Level 1:colcon.colcon_core.package_identification:_identify(demo_python_tf) by extension 'colcon_pkg'
[0.166s] Level 1:colcon.colcon_core.package_identification:_identify(demo_python_tf) by extensions ['colcon_meta']
[0.166s] Level 1:colcon.colcon_core.package_identification:_identify(demo_python_tf) by extension 'colcon_meta'
[0.167s] Level 1:colcon.colcon_core.package_identification:_identify(demo_python_tf) by extensions ['ros']
[0.167s] Level 1:colcon.colcon_core.package_identification:_identify(demo_python_tf) by extension 'ros'
[0.167s] DEBUG:colcon.colcon_core.package_identification:Package 'demo_python_tf' with type 'ros.ament_python' and name 'demo_python_tf'
[0.167s] Level 1:colcon.colcon_core.package_identification:_identify(install) by extensions ['ignore', 'ignore_ament_install']
[0.167s] Level 1:colcon.colcon_core.package_identification:_identify(install) by extension 'ignore'
[0.167s] Level 1:colcon.colcon_core.package_identification:_identify(install) ignored
[0.167s] Level 1:colcon.colcon_core.package_identification:_identify(log) by extensions ['ignore', 'ignore_ament_install']
[0.167s] Level 1:colcon.colcon_core.package_identification:_identify(log) by extension 'ignore'
[0.167s] Level 1:colcon.colcon_core.package_identification:_identify(log) ignored
[0.167s] Level 1:colcon.colcon_core.package_discovery:discover_packages(recursive) using defaults
[0.167s] Level 1:colcon.colcon_core.package_discovery:discover_packages(ignore) discover
[0.167s] Level 1:colcon.colcon_core.package_discovery:discover_packages(ignore) using defaults
[0.167s] Level 1:colcon.colcon_core.package_discovery:discover_packages(path) discover
[0.167s] Level 1:colcon.colcon_core.package_discovery:discover_packages(path) using defaults
[0.185s] Level 1:colcon.colcon_core.package_discovery:discover_packages(prefix_path) check parameters
[0.185s] Level 1:colcon.colcon_core.package_discovery:discover_packages(prefix_path) discover
[0.186s] DEBUG:colcon.colcon_installed_package_information.package_discovery:Found 2 installed packages in /home/chairman/working/ros2/learning/chapt5/chapt5_ws/src/install
[0.187s] DEBUG:colcon.colcon_installed_package_information.package_discovery:Found 384 installed packages in /opt/ros/humble
[0.188s] Level 1:colcon.colcon_core.package_discovery:discover_packages(prefix_path) using defaults
[0.215s] Level 5:colcon.colcon_core.verb:set package 'demo_cpp_tf' build argument 'cmake_args' from command line to 'None'
[0.215s] Level 5:colcon.colcon_core.verb:set package 'demo_cpp_tf' build argument 'cmake_target' from command line to 'None'
[0.215s] Level 5:colcon.colcon_core.verb:set package 'demo_cpp_tf' build argument 'cmake_target_skip_unavailable' from command line to 'False'
[0.215s] Level 5:colcon.colcon_core.verb:set package 'demo_cpp_tf' build argument 'cmake_clean_cache' from command line to 'False'
[0.215s] Level 5:colcon.colcon_core.verb:set package 'demo_cpp_tf' build argument 'cmake_clean_first' from command line to 'False'
[0.215s] Level 5:colcon.colcon_core.verb:set package 'demo_cpp_tf' build argument 'cmake_force_configure' from command line to 'False'
[0.216s] Level 5:colcon.colcon_core.verb:set package 'demo_cpp_tf' build argument 'ament_cmake_args' from command line to 'None'
[0.216s] Level 5:colcon.colcon_core.verb:set package 'demo_cpp_tf' build argument 'catkin_cmake_args' from command line to 'None'
[0.216s] Level 5:colcon.colcon_core.verb:set package 'demo_cpp_tf' build argument 'catkin_skip_building_tests' from command line to 'False'
[0.216s] DEBUG:colcon.colcon_core.verb:Building package 'demo_cpp_tf' with the following arguments: {'ament_cmake_args': None, 'build_base': '/home/chairman/working/ros2/learning/chapt5/chapt5_ws/src/build/demo_cpp_tf', 'catkin_cmake_args': None, 'catkin_skip_building_tests': False, 'cmake_args': None, 'cmake_clean_cache': False, 'cmake_clean_first': False, 'cmake_force_configure': False, 'cmake_target': None, 'cmake_target_skip_unavailable': False, 'install_base': '/home/chairman/working/ros2/learning/chapt5/chapt5_ws/src/install/demo_cpp_tf', 'merge_install': False, 'path': '/home/chairman/working/ros2/learning/chapt5/chapt5_ws/src/demo_cpp_tf', 'symlink_install': False, 'test_result_base': None}
[0.216s] Level 5:colcon.colcon_core.verb:set package 'demo_python_tf' build argument 'cmake_args' from command line to 'None'
[0.216s] Level 5:colcon.colcon_core.verb:set package 'demo_python_tf' build argument 'cmake_target' from command line to 'None'
[0.216s] Level 5:colcon.colcon_core.verb:set package 'demo_python_tf' build argument 'cmake_target_skip_unavailable' from command line to 'False'
[0.216s] Level 5:colcon.colcon_core.verb:set package 'demo_python_tf' build argument 'cmake_clean_cache' from command line to 'False'
[0.216s] Level 5:colcon.colcon_core.verb:set package 'demo_python_tf' build argument 'cmake_clean_first' from command line to 'False'
[0.216s] Level 5:colcon.colcon_core.verb:set package 'demo_python_tf' build argument 'cmake_force_configure' from command line to 'False'
[0.216s] Level 5:colcon.colcon_core.verb:set package 'demo_python_tf' build argument 'ament_cmake_args' from command line to 'None'
[0.216s] Level 5:colcon.colcon_core.verb:set package 'demo_python_tf' build argument 'catkin_cmake_args' from command line to 'None'
[0.216s] Level 5:colcon.colcon_core.verb:set package 'demo_python_tf' build argument 'catkin_skip_building_tests' from command line to 'False'
[0.216s] DEBUG:colcon.colcon_core.verb:Building package 'demo_python_tf' with the following arguments: {'ament_cmake_args': None, 'build_base': '/home/chairman/working/ros2/learning/chapt5/chapt5_ws/src/build/demo_python_tf', 'catkin_cmake_args': None, 'catkin_skip_building_tests': False, 'cmake_args': None, 'cmake_clean_cache': False, 'cmake_clean_first': False, 'cmake_force_configure': False, 'cmake_target': None, 'cmake_target_skip_unavailable': False, 'install_base': '/home/chairman/working/ros2/learning/chapt5/chapt5_ws/src/install/demo_python_tf', 'merge_install': False, 'path': '/home/chairman/working/ros2/learning/chapt5/chapt5_ws/src/demo_python_tf', 'symlink_install': False, 'test_result_base': None}
[0.216s] INFO:colcon.colcon_core.executor:Executing jobs using 'parallel' executor
[0.217s] DEBUG:colcon.colcon_parallel_executor.executor.parallel:run_until_complete
[0.217s] INFO:colcon.colcon_ros.task.ament_cmake.build:Building ROS package in '/home/chairman/working/ros2/learning/chapt5/chapt5_ws/src/demo_cpp_tf' with build type 'ament_cmake'
[0.217s] INFO:colcon.colcon_cmake.task.cmake.build:Building CMake package in '/home/chairman/working/ros2/learning/chapt5/chapt5_ws/src/demo_cpp_tf'
[0.218s] INFO:colcon.colcon_core.plugin_system:Skipping extension 'colcon_core.shell.bat': Not used on non-Windows systems
[0.218s] INFO:colcon.colcon_core.shell:Skip shell extension 'powershell' for command environment: Not usable outside of PowerShell
[0.218s] DEBUG:colcon.colcon_core.shell:Skip shell extension 'dsv' for command environment
[0.221s] INFO:colcon.colcon_ros.task.ament_python.build:Building ROS package in '/home/chairman/working/ros2/learning/chapt5/chapt5_ws/src/demo_python_tf' with build type 'ament_python'
[0.221s] Level 1:colcon.colcon_core.shell:create_environment_hook('demo_python_tf', 'ament_prefix_path')
[0.221s] INFO:colcon.colcon_core.shell:Creating environment hook '/home/chairman/working/ros2/learning/chapt5/chapt5_ws/src/install/demo_python_tf/share/demo_python_tf/hook/ament_prefix_path.ps1'
[0.221s] INFO:colcon.colcon_core.shell:Creating environment descriptor '/home/chairman/working/ros2/learning/chapt5/chapt5_ws/src/install/demo_python_tf/share/demo_python_tf/hook/ament_prefix_path.dsv'
[0.222s] INFO:colcon.colcon_core.shell:Creating environment hook '/home/chairman/working/ros2/learning/chapt5/chapt5_ws/src/install/demo_python_tf/share/demo_python_tf/hook/ament_prefix_path.sh'
[0.222s] INFO:colcon.colcon_core.shell:Skip shell extension 'powershell' for command environment: Not usable outside of PowerShell
[0.222s] DEBUG:colcon.colcon_core.shell:Skip shell extension 'dsv' for command environment
[0.228s] DEBUG:colcon.colcon_core.event_handler.log_command:Invoking command in '/home/chairman/working/ros2/learning/chapt5/chapt5_ws/src/build/demo_cpp_tf': CMAKE_PREFIX_PATH=${CMAKE_PREFIX_PATH}:/home/chairman/working/ros2/learning/chapt5/chapt5_ws/src/install/demo_python_tf:/opt/ros/humble /usr/bin/cmake --build /home/chairman/working/ros2/learning/chapt5/chapt5_ws/src/build/demo_cpp_tf -- -j28 -l28
[0.397s] INFO:colcon.colcon_core.task.python.build:Building Python package in '/home/chairman/working/ros2/learning/chapt5/chapt5_ws/src/demo_python_tf'
[0.397s] INFO:colcon.colcon_core.shell:Skip shell extension 'powershell' for command environment: Not usable outside of PowerShell
[0.397s] DEBUG:colcon.colcon_core.shell:Skip shell extension 'dsv' for command environment
[0.615s] DEBUG:colcon.colcon_core.event_handler.log_command:Invoking command in '/home/chairman/working/ros2/learning/chapt5/chapt5_ws/src/demo_python_tf': PYTHONPATH=/home/chairman/working/ros2/learning/chapt5/chapt5_ws/src/build/demo_python_tf/prefix_override:/usr/lib/python3/dist-packages/colcon_core/task/python/colcon_distutils_commands:/home/chairman/working/ros2/learning/chapt5/chapt5_ws/src/install/demo_python_tf/lib/python3.10/site-packages:${PYTHONPATH} /usr/bin/python3 -W ignore:setup.py install is deprecated -W ignore:easy_install command is deprecated setup.py egg_info --egg-base ../build/demo_python_tf build --build-base /home/chairman/working/ros2/learning/chapt5/chapt5_ws/src/build/demo_python_tf/build install --record /home/chairman/working/ros2/learning/chapt5/chapt5_ws/src/build/demo_python_tf/install.log --single-version-externally-managed install_data
[0.794s] DEBUG:colcon.colcon_core.event_handler.log_command:Invoked command in '/home/chairman/working/ros2/learning/chapt5/chapt5_ws/src/demo_python_tf' returned '0': PYTHONPATH=/home/chairman/working/ros2/learning/chapt5/chapt5_ws/src/build/demo_python_tf/prefix_override:/usr/lib/python3/dist-packages/colcon_core/task/python/colcon_distutils_commands:/home/chairman/working/ros2/learning/chapt5/chapt5_ws/src/install/demo_python_tf/lib/python3.10/site-packages:${PYTHONPATH} /usr/bin/python3 -W ignore:setup.py install is deprecated -W ignore:easy_install command is deprecated setup.py egg_info --egg-base ../build/demo_python_tf build --build-base /home/chairman/working/ros2/learning/chapt5/chapt5_ws/src/build/demo_python_tf/build install --record /home/chairman/working/ros2/learning/chapt5/chapt5_ws/src/build/demo_python_tf/install.log --single-version-externally-managed install_data
[0.796s] Level 1:colcon.colcon_core.environment:checking '/home/chairman/working/ros2/learning/chapt5/chapt5_ws/src/install/demo_python_tf' for CMake module files
[0.796s] Level 1:colcon.colcon_core.environment:checking '/home/chairman/working/ros2/learning/chapt5/chapt5_ws/src/install/demo_python_tf' for CMake config files
[0.797s] Level 1:colcon.colcon_core.environment:checking '/home/chairman/working/ros2/learning/chapt5/chapt5_ws/src/install/demo_python_tf/lib'
[0.797s] Level 1:colcon.colcon_core.environment:checking '/home/chairman/working/ros2/learning/chapt5/chapt5_ws/src/install/demo_python_tf/bin'
[0.797s] Level 1:colcon.colcon_core.environment:checking '/home/chairman/working/ros2/learning/chapt5/chapt5_ws/src/install/demo_python_tf/lib/pkgconfig/demo_python_tf.pc'
[0.798s] Level 1:colcon.colcon_core.environment:checking '/home/chairman/working/ros2/learning/chapt5/chapt5_ws/src/install/demo_python_tf/lib/python3.10/site-packages'
[0.798s] Level 1:colcon.colcon_core.shell:create_environment_hook('demo_python_tf', 'pythonpath')
[0.798s] INFO:colcon.colcon_core.shell:Creating environment hook '/home/chairman/working/ros2/learning/chapt5/chapt5_ws/src/install/demo_python_tf/share/demo_python_tf/hook/pythonpath.ps1'
[0.798s] INFO:colcon.colcon_core.shell:Creating environment descriptor '/home/chairman/working/ros2/learning/chapt5/chapt5_ws/src/install/demo_python_tf/share/demo_python_tf/hook/pythonpath.dsv'
[0.799s] INFO:colcon.colcon_core.shell:Creating environment hook '/home/chairman/working/ros2/learning/chapt5/chapt5_ws/src/install/demo_python_tf/share/demo_python_tf/hook/pythonpath.sh'
[0.799s] Level 1:colcon.colcon_core.environment:checking '/home/chairman/working/ros2/learning/chapt5/chapt5_ws/src/install/demo_python_tf/bin'
[0.799s] Level 1:colcon.colcon_core.environment:create_environment_scripts_only(demo_python_tf)
[0.800s] INFO:colcon.colcon_core.shell:Creating package script '/home/chairman/working/ros2/learning/chapt5/chapt5_ws/src/install/demo_python_tf/share/demo_python_tf/package.ps1'
[0.800s] INFO:colcon.colcon_core.shell:Creating package descriptor '/home/chairman/working/ros2/learning/chapt5/chapt5_ws/src/install/demo_python_tf/share/demo_python_tf/package.dsv'
[0.801s] INFO:colcon.colcon_core.shell:Creating package script '/home/chairman/working/ros2/learning/chapt5/chapt5_ws/src/install/demo_python_tf/share/demo_python_tf/package.sh'
[0.802s] INFO:colcon.colcon_core.shell:Creating package script '/home/chairman/working/ros2/learning/chapt5/chapt5_ws/src/install/demo_python_tf/share/demo_python_tf/package.bash'
[0.802s] INFO:colcon.colcon_core.shell:Creating package script '/home/chairman/working/ros2/learning/chapt5/chapt5_ws/src/install/demo_python_tf/share/demo_python_tf/package.zsh'
[0.803s] Level 1:colcon.colcon_core.environment:create_file_with_runtime_dependencies(/home/chairman/working/ros2/learning/chapt5/chapt5_ws/src/install/demo_python_tf/share/colcon-core/packages/demo_python_tf)
[6.013s] DEBUG:colcon.colcon_core.event_handler.log_command:Invoked command in '/home/chairman/working/ros2/learning/chapt5/chapt5_ws/src/build/demo_cpp_tf' returned '0': CMAKE_PREFIX_PATH=${CMAKE_PREFIX_PATH}:/home/chairman/working/ros2/learning/chapt5/chapt5_ws/src/install/demo_python_tf:/opt/ros/humble /usr/bin/cmake --build /home/chairman/working/ros2/learning/chapt5/chapt5_ws/src/build/demo_cpp_tf -- -j28 -l28
[6.023s] DEBUG:colcon.colcon_core.event_handler.log_command:Invoking command in '/home/chairman/working/ros2/learning/chapt5/chapt5_ws/src/build/demo_cpp_tf': CMAKE_PREFIX_PATH=${CMAKE_PREFIX_PATH}:/home/chairman/working/ros2/learning/chapt5/chapt5_ws/src/install/demo_python_tf:/opt/ros/humble /usr/bin/cmake --install /home/chairman/working/ros2/learning/chapt5/chapt5_ws/src/build/demo_cpp_tf
[6.035s] Level 1:colcon.colcon_core.environment:create_environment_scripts_only(demo_cpp_tf)
[6.036s] Level 1:colcon.colcon_core.environment:checking '/home/chairman/working/ros2/learning/chapt5/chapt5_ws/src/install/demo_cpp_tf' for CMake module files
[6.036s] DEBUG:colcon.colcon_core.event_handler.log_command:Invoked command in '/home/chairman/working/ros2/learning/chapt5/chapt5_ws/src/build/demo_cpp_tf' returned '0': CMAKE_PREFIX_PATH=${CMAKE_PREFIX_PATH}:/home/chairman/working/ros2/learning/chapt5/chapt5_ws/src/install/demo_python_tf:/opt/ros/humble /usr/bin/cmake --install /home/chairman/working/ros2/learning/chapt5/chapt5_ws/src/build/demo_cpp_tf
[6.037s] Level 1:colcon.colcon_core.environment:checking '/home/chairman/working/ros2/learning/chapt5/chapt5_ws/src/install/demo_cpp_tf' for CMake config files
[6.037s] Level 1:colcon.colcon_core.shell:create_environment_hook('demo_cpp_tf', 'cmake_prefix_path')
[6.037s] INFO:colcon.colcon_core.shell:Creating environment hook '/home/chairman/working/ros2/learning/chapt5/chapt5_ws/src/install/demo_cpp_tf/share/demo_cpp_tf/hook/cmake_prefix_path.ps1'
[6.038s] INFO:colcon.colcon_core.shell:Creating environment descriptor '/home/chairman/working/ros2/learning/chapt5/chapt5_ws/src/install/demo_cpp_tf/share/demo_cpp_tf/hook/cmake_prefix_path.dsv'
[6.038s] INFO:colcon.colcon_core.shell:Creating environment hook '/home/chairman/working/ros2/learning/chapt5/chapt5_ws/src/install/demo_cpp_tf/share/demo_cpp_tf/hook/cmake_prefix_path.sh'
[6.039s] Level 1:colcon.colcon_core.environment:checking '/home/chairman/working/ros2/learning/chapt5/chapt5_ws/src/install/demo_cpp_tf/lib'
[6.039s] Level 1:colcon.colcon_core.environment:checking '/home/chairman/working/ros2/learning/chapt5/chapt5_ws/src/install/demo_cpp_tf/bin'
[6.039s] Level 1:colcon.colcon_core.environment:checking '/home/chairman/working/ros2/learning/chapt5/chapt5_ws/src/install/demo_cpp_tf/lib/pkgconfig/demo_cpp_tf.pc'
[6.039s] Level 1:colcon.colcon_core.environment:checking '/home/chairman/working/ros2/learning/chapt5/chapt5_ws/src/install/demo_cpp_tf/lib/python3.10/site-packages'
[6.039s] Level 1:colcon.colcon_core.environment:checking '/home/chairman/working/ros2/learning/chapt5/chapt5_ws/src/install/demo_cpp_tf/bin'
[6.039s] INFO:colcon.colcon_core.shell:Creating package script '/home/chairman/working/ros2/learning/chapt5/chapt5_ws/src/install/demo_cpp_tf/share/demo_cpp_tf/package.ps1'
[6.040s] INFO:colcon.colcon_core.shell:Creating package descriptor '/home/chairman/working/ros2/learning/chapt5/chapt5_ws/src/install/demo_cpp_tf/share/demo_cpp_tf/package.dsv'
[6.040s] INFO:colcon.colcon_core.shell:Creating package script '/home/chairman/working/ros2/learning/chapt5/chapt5_ws/src/install/demo_cpp_tf/share/demo_cpp_tf/package.sh'
[6.040s] INFO:colcon.colcon_core.shell:Creating package script '/home/chairman/working/ros2/learning/chapt5/chapt5_ws/src/install/demo_cpp_tf/share/demo_cpp_tf/package.bash'
[6.041s] INFO:colcon.colcon_core.shell:Creating package script '/home/chairman/working/ros2/learning/chapt5/chapt5_ws/src/install/demo_cpp_tf/share/demo_cpp_tf/package.zsh'
[6.041s] Level 1:colcon.colcon_core.environment:create_file_with_runtime_dependencies(/home/chairman/working/ros2/learning/chapt5/chapt5_ws/src/install/demo_cpp_tf/share/colcon-core/packages/demo_cpp_tf)
[6.041s] Level 1:colcon.colcon_core.environment:create_environment_scripts_only(demo_cpp_tf)
[6.041s] Level 1:colcon.colcon_core.environment:checking '/home/chairman/working/ros2/learning/chapt5/chapt5_ws/src/install/demo_cpp_tf' for CMake module files
[6.042s] Level 1:colcon.colcon_core.environment:checking '/home/chairman/working/ros2/learning/chapt5/chapt5_ws/src/install/demo_cpp_tf' for CMake config files
[6.042s] Level 1:colcon.colcon_core.shell:create_environment_hook('demo_cpp_tf', 'cmake_prefix_path')
[6.042s] INFO:colcon.colcon_core.shell:Creating environment hook '/home/chairman/working/ros2/learning/chapt5/chapt5_ws/src/install/demo_cpp_tf/share/demo_cpp_tf/hook/cmake_prefix_path.ps1'
[6.042s] INFO:colcon.colcon_core.shell:Creating environment descriptor '/home/chairman/working/ros2/learning/chapt5/chapt5_ws/src/install/demo_cpp_tf/share/demo_cpp_tf/hook/cmake_prefix_path.dsv'
[6.042s] INFO:colcon.colcon_core.shell:Creating environment hook '/home/chairman/working/ros2/learning/chapt5/chapt5_ws/src/install/demo_cpp_tf/share/demo_cpp_tf/hook/cmake_prefix_path.sh'
[6.043s] Level 1:colcon.colcon_core.environment:checking '/home/chairman/working/ros2/learning/chapt5/chapt5_ws/src/install/demo_cpp_tf/lib'
[6.043s] Level 1:colcon.colcon_core.environment:checking '/home/chairman/working/ros2/learning/chapt5/chapt5_ws/src/install/demo_cpp_tf/bin'
[6.043s] Level 1:colcon.colcon_core.environment:checking '/home/chairman/working/ros2/learning/chapt5/chapt5_ws/src/install/demo_cpp_tf/lib/pkgconfig/demo_cpp_tf.pc'
[6.043s] Level 1:colcon.colcon_core.environment:checking '/home/chairman/working/ros2/learning/chapt5/chapt5_ws/src/install/demo_cpp_tf/lib/python3.10/site-packages'
[6.043s] Level 1:colcon.colcon_core.environment:checking '/home/chairman/working/ros2/learning/chapt5/chapt5_ws/src/install/demo_cpp_tf/bin'
[6.043s] INFO:colcon.colcon_core.shell:Creating package script '/home/chairman/working/ros2/learning/chapt5/chapt5_ws/src/install/demo_cpp_tf/share/demo_cpp_tf/package.ps1'
[6.043s] INFO:colcon.colcon_core.shell:Creating package descriptor '/home/chairman/working/ros2/learning/chapt5/chapt5_ws/src/install/demo_cpp_tf/share/demo_cpp_tf/package.dsv'
[6.044s] INFO:colcon.colcon_core.shell:Creating package script '/home/chairman/working/ros2/learning/chapt5/chapt5_ws/src/install/demo_cpp_tf/share/demo_cpp_tf/package.sh'
[6.044s] INFO:colcon.colcon_core.shell:Creating package script '/home/chairman/working/ros2/learning/chapt5/chapt5_ws/src/install/demo_cpp_tf/share/demo_cpp_tf/package.bash'
[6.044s] INFO:colcon.colcon_core.shell:Creating package script '/home/chairman/working/ros2/learning/chapt5/chapt5_ws/src/install/demo_cpp_tf/share/demo_cpp_tf/package.zsh'
[6.044s] Level 1:colcon.colcon_core.environment:create_file_with_runtime_dependencies(/home/chairman/working/ros2/learning/chapt5/chapt5_ws/src/install/demo_cpp_tf/share/colcon-core/packages/demo_cpp_tf)
[6.045s] DEBUG:colcon.colcon_parallel_executor.executor.parallel:closing loop
[6.045s] DEBUG:colcon.colcon_parallel_executor.executor.parallel:loop closed
[6.045s] DEBUG:colcon.colcon_parallel_executor.executor.parallel:run_until_complete finished with '0'
[6.045s] DEBUG:colcon.colcon_core.event_reactor:joining thread
[6.048s] INFO:colcon.colcon_core.plugin_system:Skipping extension 'colcon_notification.desktop_notification.terminal_notifier': Not used on non-Darwin systems
[6.048s] INFO:colcon.colcon_core.plugin_system:Skipping extension 'colcon_notification.desktop_notification.win32': Not used on non-Windows systems
[6.048s] INFO:colcon.colcon_notification.desktop_notification:Sending desktop notification using 'notify2'
[6.057s] DEBUG:colcon.colcon_core.event_reactor:joined thread
[6.057s] INFO:colcon.colcon_core.shell:Creating prefix script '/home/chairman/working/ros2/learning/chapt5/chapt5_ws/src/install/local_setup.ps1'
[6.058s] INFO:colcon.colcon_core.shell:Creating prefix util module '/home/chairman/working/ros2/learning/chapt5/chapt5_ws/src/install/_local_setup_util_ps1.py'
[6.059s] INFO:colcon.colcon_core.shell:Creating prefix chain script '/home/chairman/working/ros2/learning/chapt5/chapt5_ws/src/install/setup.ps1'
[6.060s] INFO:colcon.colcon_core.shell:Creating prefix script '/home/chairman/working/ros2/learning/chapt5/chapt5_ws/src/install/local_setup.sh'
[6.061s] INFO:colcon.colcon_core.shell:Creating prefix util module '/home/chairman/working/ros2/learning/chapt5/chapt5_ws/src/install/_local_setup_util_sh.py'
[6.061s] INFO:colcon.colcon_core.shell:Creating prefix chain script '/home/chairman/working/ros2/learning/chapt5/chapt5_ws/src/install/setup.sh'
[6.062s] INFO:colcon.colcon_core.shell:Creating prefix script '/home/chairman/working/ros2/learning/chapt5/chapt5_ws/src/install/local_setup.bash'
[6.062s] INFO:colcon.colcon_core.shell:Creating prefix chain script '/home/chairman/working/ros2/learning/chapt5/chapt5_ws/src/install/setup.bash'
[6.063s] INFO:colcon.colcon_core.shell:Creating prefix script '/home/chairman/working/ros2/learning/chapt5/chapt5_ws/src/install/local_setup.zsh'
[6.064s] INFO:colcon.colcon_core.shell:Creating prefix chain script '/home/chairman/working/ros2/learning/chapt5/chapt5_ws/src/install/setup.zsh'
