[0.009s] Invoking command in '/home/chairman/working/ros2/learning/chapt5/chapt5_ws/src/build/demo_cpp_tf': CMAKE_PREFIX_PATH=/opt/ros/humble /usr/bin/cmake --build /home/chairman/working/ros2/learning/chapt5/chapt5_ws/src/build/demo_cpp_tf -- -j28 -l28
[0.047s] [35m[1mConsolidate compiler generated dependencies of target dynamic_tf_broadcaster[0m
[0.064s] [ 50%] Built target static_tf_broadcaster
[0.066s] [ 75%] [32mBuilding CXX object CMakeFiles/dynamic_tf_broadcaster.dir/src/dynamic_tf_broadcaster.cpp.o[0m
[2.788s] [100%] [32m[1mLinking CXX executable dynamic_tf_broadcaster[0m
[3.019s] [100%] Built target dynamic_tf_broadcaster
[3.030s] Invoked command in '/home/chairman/working/ros2/learning/chapt5/chapt5_ws/src/build/demo_cpp_tf' returned '0': CMAKE_PREFIX_PATH=/opt/ros/humble /usr/bin/cmake --build /home/chairman/working/ros2/learning/chapt5/chapt5_ws/src/build/demo_cpp_tf -- -j28 -l28
[3.038s] Invoking command in '/home/chairman/working/ros2/learning/chapt5/chapt5_ws/src/build/demo_cpp_tf': CMAKE_PREFIX_PATH=/opt/ros/humble /usr/bin/cmake --install /home/chairman/working/ros2/learning/chapt5/chapt5_ws/src/build/demo_cpp_tf
[3.048s] -- Install configuration: ""
[3.049s] -- Up-to-date: /home/chairman/working/ros2/learning/chapt5/chapt5_ws/src/install/demo_cpp_tf/lib/demo_cpp_tf/static_tf_broadcaster
[3.049s] -- Installing: /home/chairman/working/ros2/learning/chapt5/chapt5_ws/src/install/demo_cpp_tf/lib/demo_cpp_tf/dynamic_tf_broadcaster
[3.050s] -- Set runtime path of "/home/chairman/working/ros2/learning/chapt5/chapt5_ws/src/install/demo_cpp_tf/lib/demo_cpp_tf/dynamic_tf_broadcaster" to ""
[3.050s] -- Up-to-date: /home/chairman/working/ros2/learning/chapt5/chapt5_ws/src/install/demo_cpp_tf/share/ament_index/resource_index/package_run_dependencies/demo_cpp_tf
[3.050s] -- Installing: /home/chairman/working/ros2/learning/chapt5/chapt5_ws/src/install/demo_cpp_tf/share/ament_index/resource_index/parent_prefix_path/demo_cpp_tf
[3.050s] -- Up-to-date: /home/chairman/working/ros2/learning/chapt5/chapt5_ws/src/install/demo_cpp_tf/share/demo_cpp_tf/environment/ament_prefix_path.sh
[3.050s] -- Installing: /home/chairman/working/ros2/learning/chapt5/chapt5_ws/src/install/demo_cpp_tf/share/demo_cpp_tf/environment/ament_prefix_path.dsv
[3.050s] -- Up-to-date: /home/chairman/working/ros2/learning/chapt5/chapt5_ws/src/install/demo_cpp_tf/share/demo_cpp_tf/environment/path.sh
[3.050s] -- Installing: /home/chairman/working/ros2/learning/chapt5/chapt5_ws/src/install/demo_cpp_tf/share/demo_cpp_tf/environment/path.dsv
[3.050s] -- Up-to-date: /home/chairman/working/ros2/learning/chapt5/chapt5_ws/src/install/demo_cpp_tf/share/demo_cpp_tf/local_setup.bash
[3.050s] -- Up-to-date: /home/chairman/working/ros2/learning/chapt5/chapt5_ws/src/install/demo_cpp_tf/share/demo_cpp_tf/local_setup.sh
[3.050s] -- Up-to-date: /home/chairman/working/ros2/learning/chapt5/chapt5_ws/src/install/demo_cpp_tf/share/demo_cpp_tf/local_setup.zsh
[3.050s] -- Installing: /home/chairman/working/ros2/learning/chapt5/chapt5_ws/src/install/demo_cpp_tf/share/demo_cpp_tf/local_setup.dsv
[3.050s] -- Installing: /home/chairman/working/ros2/learning/chapt5/chapt5_ws/src/install/demo_cpp_tf/share/demo_cpp_tf/package.dsv
[3.050s] -- Up-to-date: /home/chairman/working/ros2/learning/chapt5/chapt5_ws/src/install/demo_cpp_tf/share/ament_index/resource_index/packages/demo_cpp_tf
[3.050s] -- Up-to-date: /home/chairman/working/ros2/learning/chapt5/chapt5_ws/src/install/demo_cpp_tf/share/demo_cpp_tf/cmake/demo_cpp_tfConfig.cmake
[3.050s] -- Up-to-date: /home/chairman/working/ros2/learning/chapt5/chapt5_ws/src/install/demo_cpp_tf/share/demo_cpp_tf/cmake/demo_cpp_tfConfig-version.cmake
[3.050s] -- Up-to-date: /home/chairman/working/ros2/learning/chapt5/chapt5_ws/src/install/demo_cpp_tf/share/demo_cpp_tf/package.xml
[3.054s] Invoked command in '/home/chairman/working/ros2/learning/chapt5/chapt5_ws/src/build/demo_cpp_tf' returned '0': CMAKE_PREFIX_PATH=/opt/ros/humble /usr/bin/cmake --install /home/chairman/working/ros2/learning/chapt5/chapt5_ws/src/build/demo_cpp_tf
