[0.008s] Invoking command in '/home/chairman/working/ros2/leida/ws_livox/build/odometry': CMAKE_PREFIX_PATH=/opt/ros/humble VIRTUAL_ENV_PROMPT=(venv) /usr/bin/cmake /home/chairman/working/ros2/leida/ws_livox/src/odometry -DROS_EDITION=ROS2 -DHUMBLE_ROS=humble -DCMAKE_INSTALL_PREFIX=/home/chairman/working/ros2/leida/ws_livox/install/odometry
[0.052s] -- The C compiler identification is GNU 11.4.0
[0.099s] -- The CXX compiler identification is GNU 11.4.0
[0.105s] -- Detecting C compiler ABI info
[0.160s] -- Detecting C compiler ABI info - done
[0.166s] -- Check for working C compiler: /usr/bin/cc - skipped
[0.166s] -- Detecting C compile features
[0.167s] -- Detecting C compile features - done
[0.170s] -- Detecting CXX compiler ABI info
[0.231s] -- Detecting CXX compiler ABI info - done
[0.236s] -- Check for working CXX compiler: /usr/bin/c++ - skipped
[0.236s] -- Detecting CXX compile features
[0.236s] -- Detecting CXX compile features - done
[0.239s] -- Found ament_cmake: 1.3.12 (/opt/ros/humble/share/ament_cmake/cmake)
[0.469s] -- Found Python3: /home/chairman/venv/bin/python3 (found version "3.10.12") found components: Interpreter 
[0.532s] -- Found rclcpp: 16.0.15 (/opt/ros/humble/share/rclcpp/cmake)
[0.560s] -- Found rosidl_generator_c: 3.1.7 (/opt/ros/humble/share/rosidl_generator_c/cmake)
[0.563s] -- Found rosidl_adapter: 3.1.7 (/opt/ros/humble/share/rosidl_adapter/cmake)
[0.569s] -- Found rosidl_generator_cpp: 3.1.7 (/opt/ros/humble/share/rosidl_generator_cpp/cmake)
[0.577s] -- Using all available rosidl_typesupport_c: rosidl_typesupport_fastrtps_c;rosidl_typesupport_introspection_c
[0.587s] -- Using all available rosidl_typesupport_cpp: rosidl_typesupport_fastrtps_cpp;rosidl_typesupport_introspection_cpp
[0.616s] -- Found rmw_implementation_cmake: 6.1.2 (/opt/ros/humble/share/rmw_implementation_cmake/cmake)
[0.618s] -- Found rmw_fastrtps_cpp: 6.2.9 (/opt/ros/humble/share/rmw_fastrtps_cpp/cmake)
[0.682s] -- Found OpenSSL: /usr/lib/x86_64-linux-gnu/libcrypto.so (found version "3.0.2")  
[0.703s] -- Found FastRTPS: /opt/ros/humble/include  
[0.733s] -- Using RMW implementation 'rmw_fastrtps_cpp' as default
[0.739s] -- Looking for pthread.h
[0.794s] -- Looking for pthread.h - found
[0.794s] -- Performing Test CMAKE_HAVE_LIBC_PTHREAD
[0.849s] -- Performing Test CMAKE_HAVE_LIBC_PTHREAD - Success
[0.851s] -- Found Threads: TRUE  
[0.884s] -- Found nav_msgs: 4.9.0 (/opt/ros/humble/share/nav_msgs/cmake)
[0.905s] -- Found tf2: 0.25.16 (/opt/ros/humble/share/tf2/cmake)
[0.912s] -- Found tf2_geometry_msgs: 0.25.16 (/opt/ros/humble/share/tf2_geometry_msgs/cmake)
[0.922s] -- Found eigen3_cmake_module: 0.1.1 (/opt/ros/humble/share/eigen3_cmake_module/cmake)
[0.923s] -- Found Eigen3: TRUE (found version "3.4.0") 
[0.923s] -- Ensuring Eigen3 include directory is part of orocos-kdl CMake target
[0.993s] -- Found ament_lint_auto: 0.12.14 (/opt/ros/humble/share/ament_lint_auto/cmake)
[1.050s] -- Configuring done
[1.059s] -- Generating done
[1.060s] [33mCMake Warning:
[1.060s]   Manually-specified variables were not used by the project:
[1.060s] 
[1.060s]     HUMBLE_ROS
[1.060s]     ROS_EDITION
[1.060s] 
[1.060s] [0m
[1.063s] -- Build files have been written to: /home/chairman/working/ros2/leida/ws_livox/build/odometry
[1.069s] Invoked command in '/home/chairman/working/ros2/leida/ws_livox/build/odometry' returned '0': CMAKE_PREFIX_PATH=/opt/ros/humble VIRTUAL_ENV_PROMPT=(venv) /usr/bin/cmake /home/chairman/working/ros2/leida/ws_livox/src/odometry -DROS_EDITION=ROS2 -DHUMBLE_ROS=humble -DCMAKE_INSTALL_PREFIX=/home/chairman/working/ros2/leida/ws_livox/install/odometry
[1.071s] Invoking command in '/home/chairman/working/ros2/leida/ws_livox/build/odometry': CMAKE_PREFIX_PATH=/opt/ros/humble VIRTUAL_ENV_PROMPT=(venv) /usr/bin/cmake --build /home/chairman/working/ros2/leida/ws_livox/build/odometry -- -j28 -l28
[1.108s] [ 25%] [32mBuilding CXX object CMakeFiles/odometry_listener.dir/src/odometry_listener.cpp.o[0m
[1.109s] [ 50%] [32mBuilding CXX object CMakeFiles/odometry_transform.dir/src/odometry_transform.cpp.o[0m
[6.276s] [ 75%] [32m[1mLinking CXX executable odometry_listener[0m
[6.545s] [ 75%] Built target odometry_listener
[6.615s] [100%] [32m[1mLinking CXX executable odometry_transform[0m
[6.890s] [100%] Built target odometry_transform
[6.900s] Invoked command in '/home/chairman/working/ros2/leida/ws_livox/build/odometry' returned '0': CMAKE_PREFIX_PATH=/opt/ros/humble VIRTUAL_ENV_PROMPT=(venv) /usr/bin/cmake --build /home/chairman/working/ros2/leida/ws_livox/build/odometry -- -j28 -l28
[6.907s] Invoking command in '/home/chairman/working/ros2/leida/ws_livox/build/odometry': CMAKE_PREFIX_PATH=/opt/ros/humble VIRTUAL_ENV_PROMPT=(venv) /usr/bin/cmake --install /home/chairman/working/ros2/leida/ws_livox/build/odometry
[6.912s] -- Install configuration: ""
[6.913s] -- Installing: /home/chairman/working/ros2/leida/ws_livox/install/odometry/lib/odometry/odometry_listener
[6.914s] -- Set runtime path of "/home/chairman/working/ros2/leida/ws_livox/install/odometry/lib/odometry/odometry_listener" to ""
[6.914s] -- Installing: /home/chairman/working/ros2/leida/ws_livox/install/odometry/lib/odometry/odometry_transform
[6.916s] -- Set runtime path of "/home/chairman/working/ros2/leida/ws_livox/install/odometry/lib/odometry/odometry_transform" to ""
[6.916s] -- Installing: /home/chairman/working/ros2/leida/ws_livox/install/odometry/share/odometry//launch
[6.916s] -- Installing: /home/chairman/working/ros2/leida/ws_livox/install/odometry/share/odometry//launch/odometry_listener_launch.py
[6.916s] -- Installing: /home/chairman/working/ros2/leida/ws_livox/install/odometry/share/odometry//launch/odometry_transform_launch.py
[6.916s] -- Installing: /home/chairman/working/ros2/leida/ws_livox/install/odometry/share/ament_index/resource_index/package_run_dependencies/odometry
[6.916s] -- Installing: /home/chairman/working/ros2/leida/ws_livox/install/odometry/share/ament_index/resource_index/parent_prefix_path/odometry
[6.916s] -- Installing: /home/chairman/working/ros2/leida/ws_livox/install/odometry/share/odometry/environment/ament_prefix_path.sh
[6.916s] -- Installing: /home/chairman/working/ros2/leida/ws_livox/install/odometry/share/odometry/environment/ament_prefix_path.dsv
[6.917s] -- Installing: /home/chairman/working/ros2/leida/ws_livox/install/odometry/share/odometry/environment/path.sh
[6.917s] -- Installing: /home/chairman/working/ros2/leida/ws_livox/install/odometry/share/odometry/environment/path.dsv
[6.917s] -- Installing: /home/chairman/working/ros2/leida/ws_livox/install/odometry/share/odometry/local_setup.bash
[6.917s] -- Installing: /home/chairman/working/ros2/leida/ws_livox/install/odometry/share/odometry/local_setup.sh
[6.917s] -- Installing: /home/chairman/working/ros2/leida/ws_livox/install/odometry/share/odometry/local_setup.zsh
[6.917s] -- Installing: /home/chairman/working/ros2/leida/ws_livox/install/odometry/share/odometry/local_setup.dsv
[6.917s] -- Installing: /home/chairman/working/ros2/leida/ws_livox/install/odometry/share/odometry/package.dsv
[6.917s] -- Installing: /home/chairman/working/ros2/leida/ws_livox/install/odometry/share/ament_index/resource_index/packages/odometry
[6.917s] -- Installing: /home/chairman/working/ros2/leida/ws_livox/install/odometry/share/odometry/cmake/odometryConfig.cmake
[6.917s] -- Installing: /home/chairman/working/ros2/leida/ws_livox/install/odometry/share/odometry/cmake/odometryConfig-version.cmake
[6.917s] -- Installing: /home/chairman/working/ros2/leida/ws_livox/install/odometry/share/odometry/package.xml
[6.918s] Invoked command in '/home/chairman/working/ros2/leida/ws_livox/build/odometry' returned '0': CMAKE_PREFIX_PATH=/opt/ros/humble VIRTUAL_ENV_PROMPT=(venv) /usr/bin/cmake --install /home/chairman/working/ros2/leida/ws_livox/build/odometry
