[0.349s] Invoking command in '/home/chairman/working/ros2/learning/chapt8/chapt8_ws/src/build/nav2_custom_planner': CMAKE_PREFIX_PATH=/opt/ros/humble /usr/bin/cmake --build /home/chairman/working/ros2/learning/chapt8/chapt8_ws/src/build/nav2_custom_planner -- -j28 -l28
[0.392s] [35m[1mConsolidate compiler generated dependencies of target nav2_custom_planner_plugin[0m
[0.407s] [ 50%] [32mBuilding CXX object CMakeFiles/nav2_custom_planner_plugin.dir/src/nav2_custom_planner.cpp.o[0m
[2.384s] [01m[K/home/chairman/working/ros2/learning/chapt8/chapt8_ws/src/nav2_custom_planner/src/nav2_custom_planner.cpp:[m[K In member function ‘[01m[Kvirtual nav_msgs::msg::Path nav2_custom_planner::CustomPlanner::createPlan(const PoseStamped&, const PoseStamped&)[m[K’:
[2.385s] [01m[K/home/chairman/working/ros2/learning/chapt8/chapt8_ws/src/nav2_custom_planner/src/nav2_custom_planner.cpp:33:70:[m[K [01;35m[Kwarning: [m[Kunused parameter ‘[01m[Kstart[m[K’ [[01;35m[K]8;;https://gcc.gnu.org/onlinedocs/gcc/Warning-Options.html#index-Wunused-parameter-Wunused-parameter]8;;[m[K]
[2.385s]    33 |     CustomPlanner::createPlan([01;35m[Kconst geometry_msgs::msg::PoseStamped &start[m[K,
[2.385s]       |                               [01;35m[K~~~~~~~~~~~~~~~~~~~~~~~~~~~~~~~~~~~~~~~^~~~~[m[K
[2.385s] [01m[K/home/chairman/working/ros2/learning/chapt8/chapt8_ws/src/nav2_custom_planner/src/nav2_custom_planner.cpp:34:69:[m[K [01;35m[Kwarning: [m[Kunused parameter ‘[01m[Kgoal[m[K’ [[01;35m[K]8;;https://gcc.gnu.org/onlinedocs/gcc/Warning-Options.html#index-Wunused-parameter-Wunused-parameter]8;;[m[K]
[2.385s]    34 |                              [01;35m[Kconst geometry_msgs::msg::PoseStamped &goal[m[K){
[2.385s]       |                              [01;35m[K~~~~~~~~~~~~~~~~~~~~~~~~~~~~~~~~~~~~~~~^~~~[m[K
[3.431s] [100%] [32m[1mLinking CXX shared library libnav2_custom_planner_plugin.so[0m
[3.650s] [100%] Built target nav2_custom_planner_plugin
[3.658s] Invoked command in '/home/chairman/working/ros2/learning/chapt8/chapt8_ws/src/build/nav2_custom_planner' returned '0': CMAKE_PREFIX_PATH=/opt/ros/humble /usr/bin/cmake --build /home/chairman/working/ros2/learning/chapt8/chapt8_ws/src/build/nav2_custom_planner -- -j28 -l28
[3.660s] Invoking command in '/home/chairman/working/ros2/learning/chapt8/chapt8_ws/src/build/nav2_custom_planner': CMAKE_PREFIX_PATH=/opt/ros/humble /usr/bin/cmake --install /home/chairman/working/ros2/learning/chapt8/chapt8_ws/src/build/nav2_custom_planner
[3.670s] -- Install configuration: ""
[3.670s] -- Installing: /home/chairman/working/ros2/learning/chapt8/chapt8_ws/src/install/nav2_custom_planner/lib/libnav2_custom_planner_plugin.so
[3.671s] -- Set runtime path of "/home/chairman/working/ros2/learning/chapt8/chapt8_ws/src/install/nav2_custom_planner/lib/libnav2_custom_planner_plugin.so" to ""
[3.672s] -- Installing: /home/chairman/working/ros2/learning/chapt8/chapt8_ws/src/install/nav2_custom_planner/include/
[3.672s] -- Installing: /home/chairman/working/ros2/learning/chapt8/chapt8_ws/src/install/nav2_custom_planner/include//nav2_custom_planner
[3.674s] -- Installing: /home/chairman/working/ros2/learning/chapt8/chapt8_ws/src/install/nav2_custom_planner/include//nav2_custom_planner/nav2_custom_planner.hpp
[3.674s] -- Installing: /home/chairman/working/ros2/learning/chapt8/chapt8_ws/src/install/nav2_custom_planner/share/nav2_custom_planner/custom_planner_plugin.xml
[3.674s] -- Installing: /home/chairman/working/ros2/learning/chapt8/chapt8_ws/src/install/nav2_custom_planner/share/ament_index/resource_index/package_run_dependencies/nav2_custom_planner
[3.674s] -- Installing: /home/chairman/working/ros2/learning/chapt8/chapt8_ws/src/install/nav2_custom_planner/share/ament_index/resource_index/parent_prefix_path/nav2_custom_planner
[3.674s] -- Installing: /home/chairman/working/ros2/learning/chapt8/chapt8_ws/src/install/nav2_custom_planner/share/nav2_custom_planner/environment/ament_prefix_path.sh
[3.674s] -- Installing: /home/chairman/working/ros2/learning/chapt8/chapt8_ws/src/install/nav2_custom_planner/share/nav2_custom_planner/environment/ament_prefix_path.dsv
[3.675s] -- Installing: /home/chairman/working/ros2/learning/chapt8/chapt8_ws/src/install/nav2_custom_planner/share/nav2_custom_planner/environment/path.sh
[3.675s] -- Installing: /home/chairman/working/ros2/learning/chapt8/chapt8_ws/src/install/nav2_custom_planner/share/nav2_custom_planner/environment/path.dsv
[3.675s] -- Installing: /home/chairman/working/ros2/learning/chapt8/chapt8_ws/src/install/nav2_custom_planner/share/nav2_custom_planner/local_setup.bash
[3.675s] -- Installing: /home/chairman/working/ros2/learning/chapt8/chapt8_ws/src/install/nav2_custom_planner/share/nav2_custom_planner/local_setup.sh
[3.675s] -- Installing: /home/chairman/working/ros2/learning/chapt8/chapt8_ws/src/install/nav2_custom_planner/share/nav2_custom_planner/local_setup.zsh
[3.675s] -- Installing: /home/chairman/working/ros2/learning/chapt8/chapt8_ws/src/install/nav2_custom_planner/share/nav2_custom_planner/local_setup.dsv
[3.675s] -- Installing: /home/chairman/working/ros2/learning/chapt8/chapt8_ws/src/install/nav2_custom_planner/share/nav2_custom_planner/package.dsv
[3.676s] -- Installing: /home/chairman/working/ros2/learning/chapt8/chapt8_ws/src/install/nav2_custom_planner/share/ament_index/resource_index/packages/nav2_custom_planner
[3.676s] -- Installing: /home/chairman/working/ros2/learning/chapt8/chapt8_ws/src/install/nav2_custom_planner/share/ament_index/resource_index/nav2_core__pluginlib__plugin/nav2_custom_planner
[3.676s] -- Installing: /home/chairman/working/ros2/learning/chapt8/chapt8_ws/src/install/nav2_custom_planner/share/nav2_custom_planner/cmake/nav2_custom_plannerConfig.cmake
[3.676s] -- Installing: /home/chairman/working/ros2/learning/chapt8/chapt8_ws/src/install/nav2_custom_planner/share/nav2_custom_planner/cmake/nav2_custom_plannerConfig-version.cmake
[3.676s] -- Installing: /home/chairman/working/ros2/learning/chapt8/chapt8_ws/src/install/nav2_custom_planner/share/nav2_custom_planner/package.xml
[3.679s] Invoked command in '/home/chairman/working/ros2/learning/chapt8/chapt8_ws/src/build/nav2_custom_planner' returned '0': CMAKE_PREFIX_PATH=/opt/ros/humble /usr/bin/cmake --install /home/chairman/working/ros2/learning/chapt8/chapt8_ws/src/build/nav2_custom_planner
