[0.016s] Invoking command in '/home/chairman/working/ros2/beijixiong/ros_ws/build/rmoss_gz_base': CMAKE_PREFIX_PATH=/home/chairman/working/ros2/beijixiong/ros_ws/install/rmoss_interfaces:/home/chairman/working/ros2/beijixiong/ros_ws/install/rmoss_gz_resources:/home/chairman/working/ros2/beijixiong/ros_ws/install/rmoss_gz_plugins:/home/chairman/working/ros2/beijixiong/ros_ws/install/rmu_gazebo_simulator:/home/chairman/working/ros2/beijixiong/ros_ws/install/pb2025_robot_description:/home/chairman/working/ros2/beijixiong/ros_ws/install/rmoss_core:/home/chairman/working/ros2/beijixiong/ros_ws/install/rmoss_cam:/home/chairman/working/ros2/beijixiong/ros_ws/install/rmoss_util:/home/chairman/working/ros2/beijixiong/ros_ws/install/rmoss_projectile_motion:/home/chairman/working/ros2/beijixiong/ros_ws/install/rmoss_gz_cam:/home/chairman/working/ros2/beijixiong/ros_ws/install/rmoss_gz_bridge:/home/chairman/working/ros2/beijixiong/ros_ws/install/rmoss_gz_base:/home/chairman/working/ros2/beijixiong/ros_ws/install/rmoss_base:/home/chairman/working/ros2/beijixiong/ros_ws/install/sdformat_tools:/opt/ros/humble LD_LIBRARY_PATH=/home/chairman/working/ros2/beijixiong/ros_ws/install/rmoss_interfaces/lib:/home/chairman/working/ros2/beijixiong/ros_ws/install/rmoss_cam/lib:/home/chairman/working/ros2/beijixiong/ros_ws/install/rmoss_util/lib:/home/chairman/working/ros2/beijixiong/ros_ws/install/rmoss_projectile_motion/lib:/home/chairman/working/ros2/beijixiong/ros_ws/install/rmoss_gz_cam/lib:/home/chairman/working/ros2/beijixiong/ros_ws/install/rmoss_gz_base/lib:/home/chairman/working/ros2/beijixiong/ros_ws/install/rmoss_base/lib:/usr/lib/x86_64-linux-gnu:/usr/lib/x86_64-linux-gnu:/opt/ros/humble/opt/rviz_ogre_vendor/lib:/opt/ros/humble/lib/x86_64-linux-gnu:/opt/ros/humble/lib PYTHONPATH=/home/chairman/working/ros2/beijixiong/ros_ws/install/rmoss_interfaces/lib/python3.10/site-packages:/home/chairman/working/ros2/beijixiong/ros_ws/build/sdformat_tools:/home/chairman/working/ros2/beijixiong/ros_ws/install/sdformat_tools/lib/python3.10/site-packages:/opt/ros/humble/lib/python3.10/site-packages:/opt/ros/humble/local/lib/python3.10/dist-packages VIRTUAL_ENV_PROMPT=(venv) /usr/bin/cmake /home/chairman/working/ros2/beijixiong/ros_ws/src/rmoss_gazebo/rmoss_gz_base -DCMAKE_BUILD_TYPE=release -DAMENT_CMAKE_SYMLINK_INSTALL=1 -DCMAKE_INSTALL_PREFIX=/home/chairman/working/ros2/beijixiong/ros_ws/install/rmoss_gz_base
[0.061s] -- The C compiler identification is GNU 11.4.0
[0.102s] -- The CXX compiler identification is GNU 11.4.0
[0.107s] -- Detecting C compiler ABI info
[0.161s] -- Detecting C compiler ABI info - done
[0.165s] -- Check for working C compiler: /usr/bin/cc - skipped
[0.166s] -- Detecting C compile features
[0.166s] -- Detecting C compile features - done
[0.168s] -- Detecting CXX compiler ABI info
[0.223s] -- Detecting CXX compiler ABI info - done
[0.231s] -- Check for working CXX compiler: /usr/bin/c++ - skipped
[0.231s] -- Detecting CXX compile features
[0.231s] -- Detecting CXX compile features - done
[0.232s] -- Found ament_cmake: 1.3.12 (/opt/ros/humble/share/ament_cmake/cmake)
[0.331s] -- Found Python3: /home/chairman/venv/bin/python3 (found version "3.10.12") found components: Interpreter 
[0.373s] -- Override CMake install command with custom implementation using symlinks instead of copying resources
[0.392s] -- Found ament_index_cpp: 1.4.0 (/opt/ros/humble/share/ament_index_cpp/cmake)
[0.394s] -- Found rclcpp: 16.0.15 (/opt/ros/humble/share/rclcpp/cmake)
[0.424s] -- Found rosidl_generator_c: 3.1.7 (/opt/ros/humble/share/rosidl_generator_c/cmake)
[0.428s] -- Found rosidl_adapter: 3.1.7 (/opt/ros/humble/share/rosidl_adapter/cmake)
[0.433s] -- Found rosidl_generator_cpp: 3.1.7 (/opt/ros/humble/share/rosidl_generator_cpp/cmake)
[0.441s] -- Using all available rosidl_typesupport_c: rosidl_typesupport_fastrtps_c;rosidl_typesupport_introspection_c
[0.452s] -- Using all available rosidl_typesupport_cpp: rosidl_typesupport_fastrtps_cpp;rosidl_typesupport_introspection_cpp
[0.481s] -- Found rmw_implementation_cmake: 6.1.2 (/opt/ros/humble/share/rmw_implementation_cmake/cmake)
[0.483s] -- Found rmw_fastrtps_cpp: 6.2.9 (/opt/ros/humble/share/rmw_fastrtps_cpp/cmake)
[0.552s] -- Found OpenSSL: /usr/lib/x86_64-linux-gnu/libcrypto.so (found version "3.0.2")  
[0.578s] -- Found FastRTPS: /opt/ros/humble/include  
[0.606s] -- Using RMW implementation 'rmw_fastrtps_cpp' as default
[0.611s] -- Looking for pthread.h
[0.660s] -- Looking for pthread.h - found
[0.661s] -- Performing Test CMAKE_HAVE_LIBC_PTHREAD
[0.709s] -- Performing Test CMAKE_HAVE_LIBC_PTHREAD - Success
[0.710s] -- Found Threads: TRUE  
[0.743s] -- Found rclcpp_components: 16.0.15 (/opt/ros/humble/share/rclcpp_components/cmake)
[0.761s] -- Found geometry_msgs: 4.9.0 (/opt/ros/humble/share/geometry_msgs/cmake)
[0.769s] -- Found sensor_msgs: 4.9.0 (/opt/ros/humble/share/sensor_msgs/cmake)
[0.782s] -- Found nav_msgs: 4.9.0 (/opt/ros/humble/share/nav_msgs/cmake)
[0.795s] -- Found example_interfaces: 0.9.3 (/opt/ros/humble/share/example_interfaces/cmake)
[0.825s] -- Found rmoss_interfaces: 0.9.0 (/home/chairman/working/ros2/beijixiong/ros_ws/install/rmoss_interfaces/share/rmoss_interfaces/cmake)
[0.838s] -- Found tf2_ros: 0.25.16 (/opt/ros/humble/share/tf2_ros/cmake)
[0.869s] -- Found ros_gz_bridge: 0.244.20 (/opt/ros/humble/share/ros_gz_bridge/cmake)
[0.894s] -- Found Protobuf: /usr/lib/x86_64-linux-gnu/libprotobuf.so (found suitable version "3.12.4", minimum required is "3") 
[0.962s] -- Found Protobuf: /usr/lib/x86_64-linux-gnu/libprotobuf.so (found version "3.12.4") 
[1.136s] -- Looking for ignition-transport11 -- found version 11.4.1
[1.136s] -- Looking for ignition-msgs8 -- found version 8.7.0
[1.136s] -- Compiling against Ignition Fortress
[1.141s] -- Found ament_lint_auto: 0.12.14 (/opt/ros/humble/share/ament_lint_auto/cmake)
[1.240s] -- Added test 'copyright' to check source files copyright and LICENSE
[1.241s] -- Added test 'cppcheck' to perform static code analysis on C / C++ code
[1.241s] -- Configured cppcheck include dirs: /home/chairman/working/ros2/beijixiong/ros_ws/src/rmoss_gazebo/rmoss_gz_base/include
[1.241s] -- Configured cppcheck exclude dirs and/or files: 
[1.242s] -- Added test 'cpplint' to check C / C++ code against the Google style
[1.242s] -- Configured cpplint exclude dirs and/or files: 
[1.243s] -- Added test 'flake8' to check Python code syntax and style conventions
[1.243s] -- Added test 'lint_cmake' to check CMake code style
[1.244s] -- Added test 'pep257' to check Python code against some of the docstring style conventions in PEP 257
[1.245s] -- Added test 'uncrustify' to check C / C++ code style
[1.245s] -- Configured uncrustify additional arguments: 
[1.245s] -- Added test 'xmllint' to check XML markup files
[1.247s] -- Configuring done
[1.262s] -- Generating done
[1.267s] -- Build files have been written to: /home/chairman/working/ros2/beijixiong/ros_ws/build/rmoss_gz_base
[1.276s] Invoked command in '/home/chairman/working/ros2/beijixiong/ros_ws/build/rmoss_gz_base' returned '0': CMAKE_PREFIX_PATH=/home/chairman/working/ros2/beijixiong/ros_ws/install/rmoss_interfaces:/home/chairman/working/ros2/beijixiong/ros_ws/install/rmoss_gz_resources:/home/chairman/working/ros2/beijixiong/ros_ws/install/rmoss_gz_plugins:/home/chairman/working/ros2/beijixiong/ros_ws/install/rmu_gazebo_simulator:/home/chairman/working/ros2/beijixiong/ros_ws/install/pb2025_robot_description:/home/chairman/working/ros2/beijixiong/ros_ws/install/rmoss_core:/home/chairman/working/ros2/beijixiong/ros_ws/install/rmoss_cam:/home/chairman/working/ros2/beijixiong/ros_ws/install/rmoss_util:/home/chairman/working/ros2/beijixiong/ros_ws/install/rmoss_projectile_motion:/home/chairman/working/ros2/beijixiong/ros_ws/install/rmoss_gz_cam:/home/chairman/working/ros2/beijixiong/ros_ws/install/rmoss_gz_bridge:/home/chairman/working/ros2/beijixiong/ros_ws/install/rmoss_gz_base:/home/chairman/working/ros2/beijixiong/ros_ws/install/rmoss_base:/home/chairman/working/ros2/beijixiong/ros_ws/install/sdformat_tools:/opt/ros/humble LD_LIBRARY_PATH=/home/chairman/working/ros2/beijixiong/ros_ws/install/rmoss_interfaces/lib:/home/chairman/working/ros2/beijixiong/ros_ws/install/rmoss_cam/lib:/home/chairman/working/ros2/beijixiong/ros_ws/install/rmoss_util/lib:/home/chairman/working/ros2/beijixiong/ros_ws/install/rmoss_projectile_motion/lib:/home/chairman/working/ros2/beijixiong/ros_ws/install/rmoss_gz_cam/lib:/home/chairman/working/ros2/beijixiong/ros_ws/install/rmoss_gz_base/lib:/home/chairman/working/ros2/beijixiong/ros_ws/install/rmoss_base/lib:/usr/lib/x86_64-linux-gnu:/usr/lib/x86_64-linux-gnu:/opt/ros/humble/opt/rviz_ogre_vendor/lib:/opt/ros/humble/lib/x86_64-linux-gnu:/opt/ros/humble/lib PYTHONPATH=/home/chairman/working/ros2/beijixiong/ros_ws/install/rmoss_interfaces/lib/python3.10/site-packages:/home/chairman/working/ros2/beijixiong/ros_ws/build/sdformat_tools:/home/chairman/working/ros2/beijixiong/ros_ws/install/sdformat_tools/lib/python3.10/site-packages:/opt/ros/humble/lib/python3.10/site-packages:/opt/ros/humble/local/lib/python3.10/dist-packages VIRTUAL_ENV_PROMPT=(venv) /usr/bin/cmake /home/chairman/working/ros2/beijixiong/ros_ws/src/rmoss_gazebo/rmoss_gz_base -DCMAKE_BUILD_TYPE=release -DAMENT_CMAKE_SYMLINK_INSTALL=1 -DCMAKE_INSTALL_PREFIX=/home/chairman/working/ros2/beijixiong/ros_ws/install/rmoss_gz_base
[1.277s] Invoking command in '/home/chairman/working/ros2/beijixiong/ros_ws/build/rmoss_gz_base': CMAKE_PREFIX_PATH=/home/chairman/working/ros2/beijixiong/ros_ws/install/rmoss_interfaces:/home/chairman/working/ros2/beijixiong/ros_ws/install/rmoss_gz_resources:/home/chairman/working/ros2/beijixiong/ros_ws/install/rmoss_gz_plugins:/home/chairman/working/ros2/beijixiong/ros_ws/install/rmu_gazebo_simulator:/home/chairman/working/ros2/beijixiong/ros_ws/install/pb2025_robot_description:/home/chairman/working/ros2/beijixiong/ros_ws/install/rmoss_core:/home/chairman/working/ros2/beijixiong/ros_ws/install/rmoss_cam:/home/chairman/working/ros2/beijixiong/ros_ws/install/rmoss_util:/home/chairman/working/ros2/beijixiong/ros_ws/install/rmoss_projectile_motion:/home/chairman/working/ros2/beijixiong/ros_ws/install/rmoss_gz_cam:/home/chairman/working/ros2/beijixiong/ros_ws/install/rmoss_gz_bridge:/home/chairman/working/ros2/beijixiong/ros_ws/install/rmoss_gz_base:/home/chairman/working/ros2/beijixiong/ros_ws/install/rmoss_base:/home/chairman/working/ros2/beijixiong/ros_ws/install/sdformat_tools:/opt/ros/humble LD_LIBRARY_PATH=/home/chairman/working/ros2/beijixiong/ros_ws/install/rmoss_interfaces/lib:/home/chairman/working/ros2/beijixiong/ros_ws/install/rmoss_cam/lib:/home/chairman/working/ros2/beijixiong/ros_ws/install/rmoss_util/lib:/home/chairman/working/ros2/beijixiong/ros_ws/install/rmoss_projectile_motion/lib:/home/chairman/working/ros2/beijixiong/ros_ws/install/rmoss_gz_cam/lib:/home/chairman/working/ros2/beijixiong/ros_ws/install/rmoss_gz_base/lib:/home/chairman/working/ros2/beijixiong/ros_ws/install/rmoss_base/lib:/usr/lib/x86_64-linux-gnu:/usr/lib/x86_64-linux-gnu:/opt/ros/humble/opt/rviz_ogre_vendor/lib:/opt/ros/humble/lib/x86_64-linux-gnu:/opt/ros/humble/lib PYTHONPATH=/home/chairman/working/ros2/beijixiong/ros_ws/install/rmoss_interfaces/lib/python3.10/site-packages:/home/chairman/working/ros2/beijixiong/ros_ws/build/sdformat_tools:/home/chairman/working/ros2/beijixiong/ros_ws/install/sdformat_tools/lib/python3.10/site-packages:/opt/ros/humble/lib/python3.10/site-packages:/opt/ros/humble/local/lib/python3.10/dist-packages VIRTUAL_ENV_PROMPT=(venv) /usr/bin/cmake --build /home/chairman/working/ros2/beijixiong/ros_ws/build/rmoss_gz_base -- -j28 -l28
[1.327s] [  6%] [32mBuilding CXX object CMakeFiles/rmoss_gz_base.dir/src/gz_module/gz_chassis_actuator.cpp.o[0m
[1.327s] [ 12%] [32mBuilding CXX object CMakeFiles/rmoss_gz_base.dir/src/gz_module/gz_odometry.cpp.o[0m
[1.327s] [ 18%] [32mBuilding CXX object CMakeFiles/rmoss_gz_base.dir/src/gz_module/gz_gimbal_imu.cpp.o[0m
[1.327s] [ 31%] [32mBuilding CXX object CMakeFiles/rmoss_gz_base.dir/src/gz_module/gz_gimbal_actuator.cpp.o[0m
[1.327s] [ 37%] [32mBuilding CXX object CMakeFiles/rmoss_gz_base.dir/src/gz_module/gz_shoot_actuator.cpp.o[0m
[1.328s] [ 37%] [32mBuilding CXX object CMakeFiles/rmoss_gz_base.dir/src/gz_module/gz_gimbal_encoder.cpp.o[0m
[1.328s] [ 43%] [32mBuilding CXX object CMakeFiles/rmoss_gz_base.dir/src/odometry_publisher.cpp.o[0m
[1.328s] [ 50%] [32mBuilding CXX object CMakeFiles/rmoss_gz_base.dir/src/pid.cpp.o[0m
[1.328s] [ 62%] [32mBuilding CXX object CMakeFiles/rmoss_gz_base.dir/src/chassis_controller.cpp.o[0m
[1.328s] [ 62%] [32mBuilding CXX object CMakeFiles/rmoss_gz_base.dir/src/gz_module/gz_light_bar_cmd.cpp.o[0m
[1.329s] [ 68%] [32mBuilding CXX object CMakeFiles/rmoss_gz_base.dir/src/shooter_controller.cpp.o[0m
[1.329s] [ 75%] [32mBuilding CXX object CMakeFiles/rmoss_gz_base.dir/src/rmua19_robot_base_node.cpp.o[0m
[1.333s] [ 81%] [32mBuilding CXX object CMakeFiles/rmoss_gz_base.dir/src/gimbal_controller.cpp.o[0m
[19.271s] [ 87%] [32m[1mLinking CXX shared library librmoss_gz_base.so[0m
[19.608s] [ 87%] Built target rmoss_gz_base
[19.627s] [ 93%] [32mBuilding CXX object CMakeFiles/rmua19_robot_base.dir/src/rmua19_robot_base_main.cpp.o[0m
[25.399s] [100%] [32m[1mLinking CXX executable rmua19_robot_base[0m
[25.548s] [100%] Built target rmua19_robot_base
[25.559s] Invoked command in '/home/chairman/working/ros2/beijixiong/ros_ws/build/rmoss_gz_base' returned '0': CMAKE_PREFIX_PATH=/home/chairman/working/ros2/beijixiong/ros_ws/install/rmoss_interfaces:/home/chairman/working/ros2/beijixiong/ros_ws/install/rmoss_gz_resources:/home/chairman/working/ros2/beijixiong/ros_ws/install/rmoss_gz_plugins:/home/chairman/working/ros2/beijixiong/ros_ws/install/rmu_gazebo_simulator:/home/chairman/working/ros2/beijixiong/ros_ws/install/pb2025_robot_description:/home/chairman/working/ros2/beijixiong/ros_ws/install/rmoss_core:/home/chairman/working/ros2/beijixiong/ros_ws/install/rmoss_cam:/home/chairman/working/ros2/beijixiong/ros_ws/install/rmoss_util:/home/chairman/working/ros2/beijixiong/ros_ws/install/rmoss_projectile_motion:/home/chairman/working/ros2/beijixiong/ros_ws/install/rmoss_gz_cam:/home/chairman/working/ros2/beijixiong/ros_ws/install/rmoss_gz_bridge:/home/chairman/working/ros2/beijixiong/ros_ws/install/rmoss_gz_base:/home/chairman/working/ros2/beijixiong/ros_ws/install/rmoss_base:/home/chairman/working/ros2/beijixiong/ros_ws/install/sdformat_tools:/opt/ros/humble LD_LIBRARY_PATH=/home/chairman/working/ros2/beijixiong/ros_ws/install/rmoss_interfaces/lib:/home/chairman/working/ros2/beijixiong/ros_ws/install/rmoss_cam/lib:/home/chairman/working/ros2/beijixiong/ros_ws/install/rmoss_util/lib:/home/chairman/working/ros2/beijixiong/ros_ws/install/rmoss_projectile_motion/lib:/home/chairman/working/ros2/beijixiong/ros_ws/install/rmoss_gz_cam/lib:/home/chairman/working/ros2/beijixiong/ros_ws/install/rmoss_gz_base/lib:/home/chairman/working/ros2/beijixiong/ros_ws/install/rmoss_base/lib:/usr/lib/x86_64-linux-gnu:/usr/lib/x86_64-linux-gnu:/opt/ros/humble/opt/rviz_ogre_vendor/lib:/opt/ros/humble/lib/x86_64-linux-gnu:/opt/ros/humble/lib PYTHONPATH=/home/chairman/working/ros2/beijixiong/ros_ws/install/rmoss_interfaces/lib/python3.10/site-packages:/home/chairman/working/ros2/beijixiong/ros_ws/build/sdformat_tools:/home/chairman/working/ros2/beijixiong/ros_ws/install/sdformat_tools/lib/python3.10/site-packages:/opt/ros/humble/lib/python3.10/site-packages:/opt/ros/humble/local/lib/python3.10/dist-packages VIRTUAL_ENV_PROMPT=(venv) /usr/bin/cmake --build /home/chairman/working/ros2/beijixiong/ros_ws/build/rmoss_gz_base -- -j28 -l28
[25.562s] Invoking command in '/home/chairman/working/ros2/beijixiong/ros_ws/build/rmoss_gz_base': CMAKE_PREFIX_PATH=/home/chairman/working/ros2/beijixiong/ros_ws/install/rmoss_interfaces:/home/chairman/working/ros2/beijixiong/ros_ws/install/rmoss_gz_resources:/home/chairman/working/ros2/beijixiong/ros_ws/install/rmoss_gz_plugins:/home/chairman/working/ros2/beijixiong/ros_ws/install/rmu_gazebo_simulator:/home/chairman/working/ros2/beijixiong/ros_ws/install/pb2025_robot_description:/home/chairman/working/ros2/beijixiong/ros_ws/install/rmoss_core:/home/chairman/working/ros2/beijixiong/ros_ws/install/rmoss_cam:/home/chairman/working/ros2/beijixiong/ros_ws/install/rmoss_util:/home/chairman/working/ros2/beijixiong/ros_ws/install/rmoss_projectile_motion:/home/chairman/working/ros2/beijixiong/ros_ws/install/rmoss_gz_cam:/home/chairman/working/ros2/beijixiong/ros_ws/install/rmoss_gz_bridge:/home/chairman/working/ros2/beijixiong/ros_ws/install/rmoss_gz_base:/home/chairman/working/ros2/beijixiong/ros_ws/install/rmoss_base:/home/chairman/working/ros2/beijixiong/ros_ws/install/sdformat_tools:/opt/ros/humble LD_LIBRARY_PATH=/home/chairman/working/ros2/beijixiong/ros_ws/install/rmoss_interfaces/lib:/home/chairman/working/ros2/beijixiong/ros_ws/install/rmoss_cam/lib:/home/chairman/working/ros2/beijixiong/ros_ws/install/rmoss_util/lib:/home/chairman/working/ros2/beijixiong/ros_ws/install/rmoss_projectile_motion/lib:/home/chairman/working/ros2/beijixiong/ros_ws/install/rmoss_gz_cam/lib:/home/chairman/working/ros2/beijixiong/ros_ws/install/rmoss_gz_base/lib:/home/chairman/working/ros2/beijixiong/ros_ws/install/rmoss_base/lib:/usr/lib/x86_64-linux-gnu:/usr/lib/x86_64-linux-gnu:/opt/ros/humble/opt/rviz_ogre_vendor/lib:/opt/ros/humble/lib/x86_64-linux-gnu:/opt/ros/humble/lib PYTHONPATH=/home/chairman/working/ros2/beijixiong/ros_ws/install/rmoss_interfaces/lib/python3.10/site-packages:/home/chairman/working/ros2/beijixiong/ros_ws/build/sdformat_tools:/home/chairman/working/ros2/beijixiong/ros_ws/install/sdformat_tools/lib/python3.10/site-packages:/opt/ros/humble/lib/python3.10/site-packages:/opt/ros/humble/local/lib/python3.10/dist-packages VIRTUAL_ENV_PROMPT=(venv) /usr/bin/cmake --install /home/chairman/working/ros2/beijixiong/ros_ws/build/rmoss_gz_base
[25.567s] -- Install configuration: "release"
[25.567s] -- Execute custom install script
[25.568s] -- Symlinking: /home/chairman/working/ros2/beijixiong/ros_ws/install/rmoss_gz_base/include/rmoss_gz_base/chassis_controller.hpp
[25.573s] -- Symlinking: /home/chairman/working/ros2/beijixiong/ros_ws/install/rmoss_gz_base/include/rmoss_gz_base/gimbal_controller.hpp
[25.579s] -- Symlinking: /home/chairman/working/ros2/beijixiong/ros_ws/install/rmoss_gz_base/include/rmoss_gz_base/gz_chassis_actuator.hpp
[25.585s] -- Symlinking: /home/chairman/working/ros2/beijixiong/ros_ws/install/rmoss_gz_base/include/rmoss_gz_base/gz_gimbal_actuator.hpp
[25.590s] -- Symlinking: /home/chairman/working/ros2/beijixiong/ros_ws/install/rmoss_gz_base/include/rmoss_gz_base/gz_gimbal_encoder.hpp
[25.595s] -- Symlinking: /home/chairman/working/ros2/beijixiong/ros_ws/install/rmoss_gz_base/include/rmoss_gz_base/gz_gimbal_imu.hpp
[25.601s] -- Symlinking: /home/chairman/working/ros2/beijixiong/ros_ws/install/rmoss_gz_base/include/rmoss_gz_base/gz_light_bar_cmd.hpp
[25.606s] -- Symlinking: /home/chairman/working/ros2/beijixiong/ros_ws/install/rmoss_gz_base/include/rmoss_gz_base/gz_odometry.hpp
[25.612s] -- Symlinking: /home/chairman/working/ros2/beijixiong/ros_ws/install/rmoss_gz_base/include/rmoss_gz_base/gz_shoot_actuator.hpp
[25.618s] -- Symlinking: /home/chairman/working/ros2/beijixiong/ros_ws/install/rmoss_gz_base/include/rmoss_gz_base/hardware_interface.hpp
[25.624s] -- Symlinking: /home/chairman/working/ros2/beijixiong/ros_ws/install/rmoss_gz_base/include/rmoss_gz_base/odometry_publisher.hpp
[25.629s] -- Symlinking: /home/chairman/working/ros2/beijixiong/ros_ws/install/rmoss_gz_base/include/rmoss_gz_base/pid.hpp
[25.637s] -- Symlinking: /home/chairman/working/ros2/beijixiong/ros_ws/install/rmoss_gz_base/include/rmoss_gz_base/rmua19_robot_base_node.hpp
[25.643s] -- Symlinking: /home/chairman/working/ros2/beijixiong/ros_ws/install/rmoss_gz_base/include/rmoss_gz_base/shooter_controller.hpp
[25.648s] -- Symlinking: /home/chairman/working/ros2/beijixiong/ros_ws/install/rmoss_gz_base/lib/rmoss_gz_base/rmua19_robot_base
[25.656s] -- Symlinking: /home/chairman/working/ros2/beijixiong/ros_ws/install/rmoss_gz_base/lib/rmoss_gz_base/test_chassis_cmd.py
[25.662s] -- Symlinking: /home/chairman/working/ros2/beijixiong/ros_ws/install/rmoss_gz_base/lib/rmoss_gz_base/test_gimbal_cmd.py
[25.667s] -- Symlinking: /home/chairman/working/ros2/beijixiong/ros_ws/install/rmoss_gz_base/lib/rmoss_gz_base/test_gimbal_cmd2.py
[25.672s] -- Symlinking: /home/chairman/working/ros2/beijixiong/ros_ws/install/rmoss_gz_base/lib/rmoss_gz_base/test_shoot_cmd.py
[25.680s] -- Symlinking: /home/chairman/working/ros2/beijixiong/ros_ws/install/rmoss_gz_base/share/rmoss_gz_base/environment/library_path.sh
[25.686s] -- Symlinking: /home/chairman/working/ros2/beijixiong/ros_ws/install/rmoss_gz_base/share/rmoss_gz_base/environment/library_path.dsv
[25.692s] -- Symlinking: /home/chairman/working/ros2/beijixiong/ros_ws/install/rmoss_gz_base/share/ament_index/resource_index/package_run_dependencies/rmoss_gz_base
[25.698s] -- Symlinking: /home/chairman/working/ros2/beijixiong/ros_ws/install/rmoss_gz_base/share/ament_index/resource_index/parent_prefix_path/rmoss_gz_base
[25.704s] -- Symlinking: /home/chairman/working/ros2/beijixiong/ros_ws/install/rmoss_gz_base/share/rmoss_gz_base/environment/ament_prefix_path.sh
[25.710s] -- Symlinking: /home/chairman/working/ros2/beijixiong/ros_ws/install/rmoss_gz_base/share/rmoss_gz_base/environment/ament_prefix_path.dsv
[25.716s] -- Symlinking: /home/chairman/working/ros2/beijixiong/ros_ws/install/rmoss_gz_base/share/rmoss_gz_base/environment/path.sh
[25.724s] -- Symlinking: /home/chairman/working/ros2/beijixiong/ros_ws/install/rmoss_gz_base/share/rmoss_gz_base/environment/path.dsv
[25.730s] -- Symlinking: /home/chairman/working/ros2/beijixiong/ros_ws/install/rmoss_gz_base/share/rmoss_gz_base/local_setup.bash
[25.737s] -- Symlinking: /home/chairman/working/ros2/beijixiong/ros_ws/install/rmoss_gz_base/share/rmoss_gz_base/local_setup.sh
[25.744s] -- Symlinking: /home/chairman/working/ros2/beijixiong/ros_ws/install/rmoss_gz_base/share/rmoss_gz_base/local_setup.zsh
[25.750s] -- Symlinking: /home/chairman/working/ros2/beijixiong/ros_ws/install/rmoss_gz_base/share/rmoss_gz_base/local_setup.dsv
[25.756s] -- Symlinking: /home/chairman/working/ros2/beijixiong/ros_ws/install/rmoss_gz_base/share/rmoss_gz_base/package.dsv
[25.762s] -- Symlinking: /home/chairman/working/ros2/beijixiong/ros_ws/install/rmoss_gz_base/share/ament_index/resource_index/packages/rmoss_gz_base
[25.767s] -- Symlinking: /home/chairman/working/ros2/beijixiong/ros_ws/install/rmoss_gz_base/share/ament_index/resource_index/rclcpp_components/rmoss_gz_base
[25.773s] -- Symlinking: /home/chairman/working/ros2/beijixiong/ros_ws/install/rmoss_gz_base/share/rmoss_gz_base/cmake/ament_cmake_export_targets-extras.cmake
[25.780s] -- Symlinking: /home/chairman/working/ros2/beijixiong/ros_ws/install/rmoss_gz_base/share/rmoss_gz_base/cmake/ament_cmake_export_dependencies-extras.cmake
[25.786s] -- Symlinking: /home/chairman/working/ros2/beijixiong/ros_ws/install/rmoss_gz_base/share/rmoss_gz_base/cmake/rmoss_gz_baseConfig.cmake
[25.793s] -- Symlinking: /home/chairman/working/ros2/beijixiong/ros_ws/install/rmoss_gz_base/share/rmoss_gz_base/cmake/rmoss_gz_baseConfig-version.cmake
[25.799s] -- Symlinking: /home/chairman/working/ros2/beijixiong/ros_ws/install/rmoss_gz_base/share/rmoss_gz_base/package.xml
[25.806s] -- Installing: /home/chairman/working/ros2/beijixiong/ros_ws/install/rmoss_gz_base/lib/librmoss_gz_base.so
[25.809s] -- Set runtime path of "/home/chairman/working/ros2/beijixiong/ros_ws/install/rmoss_gz_base/lib/librmoss_gz_base.so" to ""
[25.809s] -- Installing: /home/chairman/working/ros2/beijixiong/ros_ws/install/rmoss_gz_base/share/rmoss_gz_base/cmake/rmoss_gz_baseExport.cmake
[25.812s] -- Installing: /home/chairman/working/ros2/beijixiong/ros_ws/install/rmoss_gz_base/share/rmoss_gz_base/cmake/rmoss_gz_baseExport-release.cmake
[25.813s] Invoked command in '/home/chairman/working/ros2/beijixiong/ros_ws/build/rmoss_gz_base' returned '0': CMAKE_PREFIX_PATH=/home/chairman/working/ros2/beijixiong/ros_ws/install/rmoss_interfaces:/home/chairman/working/ros2/beijixiong/ros_ws/install/rmoss_gz_resources:/home/chairman/working/ros2/beijixiong/ros_ws/install/rmoss_gz_plugins:/home/chairman/working/ros2/beijixiong/ros_ws/install/rmu_gazebo_simulator:/home/chairman/working/ros2/beijixiong/ros_ws/install/pb2025_robot_description:/home/chairman/working/ros2/beijixiong/ros_ws/install/rmoss_core:/home/chairman/working/ros2/beijixiong/ros_ws/install/rmoss_cam:/home/chairman/working/ros2/beijixiong/ros_ws/install/rmoss_util:/home/chairman/working/ros2/beijixiong/ros_ws/install/rmoss_projectile_motion:/home/chairman/working/ros2/beijixiong/ros_ws/install/rmoss_gz_cam:/home/chairman/working/ros2/beijixiong/ros_ws/install/rmoss_gz_bridge:/home/chairman/working/ros2/beijixiong/ros_ws/install/rmoss_gz_base:/home/chairman/working/ros2/beijixiong/ros_ws/install/rmoss_base:/home/chairman/working/ros2/beijixiong/ros_ws/install/sdformat_tools:/opt/ros/humble LD_LIBRARY_PATH=/home/chairman/working/ros2/beijixiong/ros_ws/install/rmoss_interfaces/lib:/home/chairman/working/ros2/beijixiong/ros_ws/install/rmoss_cam/lib:/home/chairman/working/ros2/beijixiong/ros_ws/install/rmoss_util/lib:/home/chairman/working/ros2/beijixiong/ros_ws/install/rmoss_projectile_motion/lib:/home/chairman/working/ros2/beijixiong/ros_ws/install/rmoss_gz_cam/lib:/home/chairman/working/ros2/beijixiong/ros_ws/install/rmoss_gz_base/lib:/home/chairman/working/ros2/beijixiong/ros_ws/install/rmoss_base/lib:/usr/lib/x86_64-linux-gnu:/usr/lib/x86_64-linux-gnu:/opt/ros/humble/opt/rviz_ogre_vendor/lib:/opt/ros/humble/lib/x86_64-linux-gnu:/opt/ros/humble/lib PYTHONPATH=/home/chairman/working/ros2/beijixiong/ros_ws/install/rmoss_interfaces/lib/python3.10/site-packages:/home/chairman/working/ros2/beijixiong/ros_ws/build/sdformat_tools:/home/chairman/working/ros2/beijixiong/ros_ws/install/sdformat_tools/lib/python3.10/site-packages:/opt/ros/humble/lib/python3.10/site-packages:/opt/ros/humble/local/lib/python3.10/dist-packages VIRTUAL_ENV_PROMPT=(venv) /usr/bin/cmake --install /home/chairman/working/ros2/beijixiong/ros_ws/build/rmoss_gz_base
