[0.028s] Invoking command in '/home/chairman/working/ros2/beijixiong/pb2025_ws/build/livox_ros_driver2': CMAKE_PREFIX_PATH=/opt/ros/humble VIRTUAL_ENV_PROMPT=(venv) /usr/bin/cmake /home/chairman/working/ros2/beijixiong/pb2025_ws/src/pb2025_sentry_nav/livox_ros_driver2 -DCMAKE_BUILD_TYPE=Release -DAMENT_CMAKE_SYMLINK_INSTALL=1 -DCMAKE_INSTALL_PREFIX=/home/chairman/working/ros2/beijixiong/pb2025_ws/install/livox_ros_driver2
[0.063s] -- The C compiler identification is GNU 11.4.0
[0.105s] -- The CXX compiler identification is GNU 11.4.0
[0.109s] -- Detecting C compiler ABI info
[0.155s] -- Detecting C compiler ABI info - done
[0.161s] -- Check for working C compiler: /usr/bin/cc - skipped
[0.161s] -- Detecting C compile features
[0.161s] -- Detecting C compile features - done
[0.163s] -- Detecting CXX compiler ABI info
[0.210s] -- Detecting CXX compiler ABI info - done
[0.217s] -- Check for working CXX compiler: /usr/bin/c++ - skipped
[0.218s] -- Detecting CXX compile features
[0.218s] -- Detecting CXX compile features - done
[0.219s] -- livox_ros_driver2 version: 1.2.4
[0.220s] -- Found ament_cmake_auto: 1.3.12 (/opt/ros/humble/share/ament_cmake_auto/cmake)
[0.327s] -- Found Python3: /home/chairman/venv/bin/python3 (found version "3.10.12") found components: Interpreter 
[0.390s] -- Override CMake install command with custom implementation using symlinks instead of copying resources
[0.482s] -- Using all available rosidl_typesupport_c: rosidl_typesupport_fastrtps_c;rosidl_typesupport_introspection_c
[0.486s] -- Found rosidl_adapter: 3.1.7 (/opt/ros/humble/share/rosidl_adapter/cmake)
[0.510s] -- Using all available rosidl_typesupport_cpp: rosidl_typesupport_fastrtps_cpp;rosidl_typesupport_introspection_cpp
[0.562s] -- Found rmw_implementation_cmake: 6.1.2 (/opt/ros/humble/share/rmw_implementation_cmake/cmake)
[0.564s] -- Found rmw_fastrtps_cpp: 6.2.9 (/opt/ros/humble/share/rmw_fastrtps_cpp/cmake)
[0.615s] -- Found OpenSSL: /usr/lib/x86_64-linux-gnu/libcrypto.so (found version "3.0.2")  
[0.637s] -- Found FastRTPS: /opt/ros/humble/include  
[0.669s] -- Using RMW implementation 'rmw_fastrtps_cpp' as default
[0.674s] -- Looking for pthread.h
[0.722s] -- Looking for pthread.h - found
[0.722s] -- Performing Test CMAKE_HAVE_LIBC_PTHREAD
[0.768s] -- Performing Test CMAKE_HAVE_LIBC_PTHREAD - Success
[0.769s] -- Found Threads: TRUE  
[0.894s] -- Checking for module 'eigen3'
[0.901s] --   Found eigen3, version 3.4.0
[0.922s] -- Found Eigen: /usr/include/eigen3 (Required is at least version "3.1") 
[0.922s] -- Eigen found (include: /usr/include/eigen3, version: 3.4.0)
[0.955s] -- Checking for module 'flann'
[0.965s] --   Found flann, version 1.9.1
[0.989s] -- Found FLANN: /usr/lib/x86_64-linux-gnu/libflann_cpp.so  
[0.989s] -- FLANN found (include: /usr/include, lib: /usr/lib/x86_64-linux-gnu/libflann_cpp.so)
[1.702s] -- Checking for module 'libusb-1.0'
[1.712s] --   Found libusb-1.0, version 1.0.25
[1.737s] -- Found libusb: /usr/lib/x86_64-linux-gnu/libusb-1.0.so  
[1.738s] -- OpenNI found (version: 1.5.4.0, include: /usr/include/ni, lib: /usr/lib/libOpenNI.so;libusb::libusb)
[1.771s] -- OpenNI2 found (version: 2.2.0.33, include: /usr/include/openni2, lib: /usr/lib/x86_64-linux-gnu/libOpenNI2.so;libusb::libusb)
[1.898s] -- Eigen found (include: /usr/include/eigen3, version: 3.4.0)
[1.904s] -- OpenNI found (version: 1.5.4.0, include: /usr/include/ni, lib: /usr/lib/libOpenNI.so;libusb::libusb)
[1.910s] -- OpenNI2 found (version: 2.2.0.33, include: /usr/include/openni2, lib: /usr/lib/x86_64-linux-gnu/libOpenNI2.so;libusb::libusb)
[2.061s] -- Found Qhull version 8.0.2
[2.182s] -- OpenNI found (version: 1.5.4.0, include: /usr/include/ni, lib: /usr/lib/libOpenNI.so;libusb::libusb)
[2.332s] -- Found PCL_COMMON: /usr/lib/x86_64-linux-gnu/libpcl_common.so  
[2.333s] -- Found PCL_KDTREE: /usr/lib/x86_64-linux-gnu/libpcl_kdtree.so  
[2.334s] -- Found PCL_OCTREE: /usr/lib/x86_64-linux-gnu/libpcl_octree.so  
[2.334s] -- Found PCL_SEARCH: /usr/lib/x86_64-linux-gnu/libpcl_search.so  
[2.335s] -- Found PCL_SAMPLE_CONSENSUS: /usr/lib/x86_64-linux-gnu/libpcl_sample_consensus.so  
[2.336s] -- Found PCL_FILTERS: /usr/lib/x86_64-linux-gnu/libpcl_filters.so  
[2.337s] -- Found PCL_2D: /usr/include/pcl-1.12  
[2.337s] -- Found PCL_GEOMETRY: /usr/include/pcl-1.12  
[2.338s] -- Found PCL_IO: /usr/lib/x86_64-linux-gnu/libpcl_io.so  
[2.339s] -- Found PCL_FEATURES: /usr/lib/x86_64-linux-gnu/libpcl_features.so  
[2.340s] -- Found PCL_ML: /usr/lib/x86_64-linux-gnu/libpcl_ml.so  
[2.341s] -- Found PCL_SEGMENTATION: /usr/lib/x86_64-linux-gnu/libpcl_segmentation.so  
[2.342s] -- Found PCL_VISUALIZATION: /usr/lib/x86_64-linux-gnu/libpcl_visualization.so  
[2.343s] -- Found PCL_SURFACE: /usr/lib/x86_64-linux-gnu/libpcl_surface.so  
[2.344s] -- Found PCL_REGISTRATION: /usr/lib/x86_64-linux-gnu/libpcl_registration.so  
[2.345s] -- Found PCL_KEYPOINTS: /usr/lib/x86_64-linux-gnu/libpcl_keypoints.so  
[2.346s] -- Found PCL_TRACKING: /usr/lib/x86_64-linux-gnu/libpcl_tracking.so  
[2.347s] -- Found PCL_RECOGNITION: /usr/lib/x86_64-linux-gnu/libpcl_recognition.so  
[2.348s] -- Found PCL_STEREO: /usr/lib/x86_64-linux-gnu/libpcl_stereo.so  
[2.349s] -- Found PCL_APPS: /usr/lib/x86_64-linux-gnu/libpcl_apps.so  
[2.349s] -- Found PCL_IN_HAND_SCANNER: /usr/include/pcl-1.12  
[2.350s] -- Found PCL_MODELER: /usr/include/pcl-1.12  
[2.350s] -- Found PCL_POINT_CLOUD_EDITOR: /usr/include/pcl-1.12  
[2.351s] -- Found PCL_OUTOFCORE: /usr/lib/x86_64-linux-gnu/libpcl_outofcore.so  
[2.352s] -- Found PCL_PEOPLE: /usr/lib/x86_64-linux-gnu/libpcl_people.so  
[2.399s] -- Found PkgConfig: /usr/bin/pkg-config (found version "0.29.2") 
[2.603s] -- Found ament_cmake_ros: 0.10.0 (/opt/ros/humble/share/ament_cmake_ros/cmake)
[2.817s] -- Using all available rosidl_typesupport_c: rosidl_typesupport_fastrtps_c;rosidl_typesupport_introspection_c
[3.093s] -- Using all available rosidl_typesupport_cpp: rosidl_typesupport_fastrtps_cpp;rosidl_typesupport_introspection_cpp
[3.112s] -- Found PythonInterp: /home/chairman/venv/bin/python3 (found suitable version "3.10.12", minimum required is "3.6") 
[3.114s] -- Found python_cmake_module: 0.10.0 (/opt/ros/humble/share/python_cmake_module/cmake)
[3.137s] -- Found PythonLibs: /usr/lib/x86_64-linux-gnu/libpython3.10.so (found suitable version "3.10.12", minimum required is "3.5") 
[3.137s] -- Using PYTHON_EXECUTABLE: /home/chairman/venv/bin/python3
[3.137s] -- Using PYTHON_INCLUDE_DIRS: /usr/include/python3.10
[3.137s] -- Using PYTHON_LIBRARIES: /usr/lib/x86_64-linux-gnu/libpython3.10.so
[3.153s] -- Found PythonExtra: .so  
[3.218s] -- Found ament_lint_auto: 0.12.14 (/opt/ros/humble/share/ament_lint_auto/cmake)
[3.256s] -- Added test 'copyright' to check source files copyright and LICENSE
[3.261s] -- Added test 'cppcheck' to perform static code analysis on C / C++ code
[3.262s] -- Configured cppcheck include dirs: /home/chairman/working/ros2/beijixiong/pb2025_ws/src/pb2025_sentry_nav/livox_ros_driver2/Livox-SDK2/include;/home/chairman/working/ros2/beijixiong/pb2025_ws/src/pb2025_sentry_nav/livox_ros_driver2/3rdparty;/home/chairman/working/ros2/beijixiong/pb2025_ws/src/pb2025_sentry_nav/livox_ros_driver2/src
[3.262s] -- Configured cppcheck exclude dirs and/or files: 
[3.266s] -- Added test 'cpplint' to check C / C++ code against the Google style
[3.266s] -- Configured cpplint exclude dirs and/or files: 
[3.268s] -- Added test 'flake8' to check Python code syntax and style conventions
[3.269s] -- Added test 'lint_cmake' to check CMake code style
[3.270s] -- Added test 'pep257' to check Python code against some of the docstring style conventions in PEP 257
[3.274s] -- Added test 'uncrustify' to check C / C++ code style
[3.274s] -- Configured uncrustify additional arguments: 
[3.275s] -- Added test 'xmllint' to check XML markup files
[3.279s] -- Configuring done
[3.354s] -- Generating done
[3.377s] -- Build files have been written to: /home/chairman/working/ros2/beijixiong/pb2025_ws/build/livox_ros_driver2
[3.410s] Invoked command in '/home/chairman/working/ros2/beijixiong/pb2025_ws/build/livox_ros_driver2' returned '0': CMAKE_PREFIX_PATH=/opt/ros/humble VIRTUAL_ENV_PROMPT=(venv) /usr/bin/cmake /home/chairman/working/ros2/beijixiong/pb2025_ws/src/pb2025_sentry_nav/livox_ros_driver2 -DCMAKE_BUILD_TYPE=Release -DAMENT_CMAKE_SYMLINK_INSTALL=1 -DCMAKE_INSTALL_PREFIX=/home/chairman/working/ros2/beijixiong/pb2025_ws/install/livox_ros_driver2
[3.412s] Invoking command in '/home/chairman/working/ros2/beijixiong/pb2025_ws/build/livox_ros_driver2': CMAKE_PREFIX_PATH=/opt/ros/humble VIRTUAL_ENV_PROMPT=(venv) /usr/bin/cmake --build /home/chairman/working/ros2/beijixiong/pb2025_ws/build/livox_ros_driver2 -- -j28 -l28
[3.444s] [  1%] [34m[1mGenerating C code for ROS interfaces[0m
[3.454s] [  5%] [32mBuilding CXX object CMakeFiles/livox_ros_driver2_node.dir/rclcpp_components/node_main_livox_ros_driver2_node.cpp.o[0m
[3.454s] [  5%] [34m[1mGenerating C++ code for ROS interfaces[0m
[3.464s] [  5%] Built target ament_cmake_python_symlink_livox_ros_driver2
[3.685s] running egg_info
[3.685s] creating livox_ros_driver2.egg-info
[3.688s] writing livox_ros_driver2.egg-info/PKG-INFO
[3.689s] writing dependency_links to livox_ros_driver2.egg-info/dependency_links.txt
[3.689s] writing top-level names to livox_ros_driver2.egg-info/top_level.txt
[3.689s] writing manifest file 'livox_ros_driver2.egg-info/SOURCES.txt'
[3.689s] reading manifest file 'livox_ros_driver2.egg-info/SOURCES.txt'
[3.689s] writing manifest file 'livox_ros_driver2.egg-info/SOURCES.txt'
[3.727s] [  5%] Built target ament_cmake_python_build_livox_ros_driver2_egg
[3.934s] [  7%] [32mBuilding C object CMakeFiles/livox_interfaces2__rosidl_generator_c.dir/rosidl_generator_c/livox_ros_driver2/msg/detail/custom_msg__functions.c.o[0m
[3.934s] [  8%] [32mBuilding C object CMakeFiles/livox_interfaces2__rosidl_generator_c.dir/rosidl_generator_c/livox_ros_driver2/msg/detail/custom_point__functions.c.o[0m
[3.948s] [  8%] Built target livox_interfaces2__cpp
[3.958s] [ 14%] [34m[1mGenerating C++ type support dispatch for ROS interfaces[0m
[3.958s] [ 14%] [34m[1mGenerating C++ type support for eProsima Fast-RTPS[0m
[3.958s] [ 14%] [34m[1mGenerating C++ introspection for ROS interfaces[0m
[4.044s] [ 15%] [32m[1mLinking C shared library liblivox_ros_driver2__rosidl_generator_c.so[0m
[4.082s] [ 15%] Built target livox_interfaces2__rosidl_generator_c
[4.090s] [ 17%] [34m[1mGenerating C type support dispatch for ROS interfaces[0m
[4.091s] [ 19%] [34m[1mGenerating C type support for eProsima Fast-RTPS[0m
[4.092s] [ 21%] [34m[1mGenerating C introspection for ROS interfaces[0m
[4.511s] [ 22%] [32mBuilding CXX object CMakeFiles/livox_interfaces2__rosidl_typesupport_introspection_cpp.dir/rosidl_typesupport_introspection_cpp/livox_ros_driver2/msg/detail/custom_point__type_support.cpp.o[0m
[4.512s] [ 24%] [32mBuilding CXX object CMakeFiles/livox_interfaces2__rosidl_typesupport_introspection_cpp.dir/rosidl_typesupport_introspection_cpp/livox_ros_driver2/msg/detail/custom_msg__type_support.cpp.o[0m
[4.544s] [ 26%] [32mBuilding CXX object CMakeFiles/livox_interfaces2__rosidl_typesupport_cpp.dir/rosidl_typesupport_cpp/livox_ros_driver2/msg/custom_msg__type_support.cpp.o[0m
[4.546s] [ 28%] [32mBuilding CXX object CMakeFiles/livox_interfaces2__rosidl_typesupport_cpp.dir/rosidl_typesupport_cpp/livox_ros_driver2/msg/custom_point__type_support.cpp.o[0m
[4.582s] [ 29%] [32mBuilding CXX object CMakeFiles/livox_interfaces2__rosidl_typesupport_c.dir/rosidl_typesupport_c/livox_ros_driver2/msg/custom_point__type_support.cpp.o[0m
[4.593s] [ 31%] [32mBuilding CXX object CMakeFiles/livox_interfaces2__rosidl_typesupport_c.dir/rosidl_typesupport_c/livox_ros_driver2/msg/custom_msg__type_support.cpp.o[0m
[4.595s] [ 33%] [32mBuilding CXX object CMakeFiles/livox_interfaces2__rosidl_typesupport_fastrtps_cpp.dir/rosidl_typesupport_fastrtps_cpp/livox_ros_driver2/msg/detail/dds_fastrtps/custom_point__type_support.cpp.o[0m
[4.603s] [ 35%] [32mBuilding CXX object CMakeFiles/livox_interfaces2__rosidl_typesupport_fastrtps_cpp.dir/rosidl_typesupport_fastrtps_cpp/livox_ros_driver2/msg/detail/dds_fastrtps/custom_msg__type_support.cpp.o[0m
[4.635s] [ 36%] [32m[1mLinking CXX shared library liblivox_ros_driver2__rosidl_typesupport_c.so[0m
[4.689s] [ 38%] [32mBuilding C object CMakeFiles/livox_interfaces2__rosidl_typesupport_introspection_c.dir/rosidl_typesupport_introspection_c/livox_ros_driver2/msg/detail/custom_msg__type_support.c.o[0m
[4.695s] [ 40%] [32mBuilding C object CMakeFiles/livox_interfaces2__rosidl_typesupport_introspection_c.dir/rosidl_typesupport_introspection_c/livox_ros_driver2/msg/detail/custom_point__type_support.c.o[0m
[4.695s] [ 40%] Built target livox_interfaces2__rosidl_typesupport_c
[4.720s] [ 42%] [32mBuilding CXX object CMakeFiles/livox_interfaces2__rosidl_typesupport_fastrtps_c.dir/rosidl_typesupport_fastrtps_c/livox_ros_driver2/msg/detail/custom_point__type_support_c.cpp.o[0m
[4.732s] [ 43%] [32mBuilding CXX object CMakeFiles/livox_interfaces2__rosidl_typesupport_fastrtps_c.dir/rosidl_typesupport_fastrtps_c/livox_ros_driver2/msg/detail/custom_msg__type_support_c.cpp.o[0m
[4.765s] [ 45%] [32m[1mLinking C shared library liblivox_ros_driver2__rosidl_typesupport_introspection_c.so[0m
[4.803s] [ 45%] Built target livox_interfaces2__rosidl_typesupport_introspection_c
[4.873s] [ 47%] [32m[1mLinking CXX shared library liblivox_ros_driver2__rosidl_typesupport_cpp.so[0m
[4.918s] [ 47%] Built target livox_interfaces2__rosidl_typesupport_cpp
[4.948s] [ 49%] [32mBuilding CXX object CMakeFiles/livox_ros_driver2.dir/src/livox_ros_driver2.cpp.o[0m
[4.949s] [ 50%] [32mBuilding CXX object CMakeFiles/livox_ros_driver2.dir/src/driver_node.cpp.o[0m
[4.951s] [ 52%] [32mBuilding CXX object CMakeFiles/livox_ros_driver2.dir/src/lddc.cpp.o[0m
[4.959s] [ 54%] [32mBuilding CXX object CMakeFiles/livox_ros_driver2.dir/src/lds.cpp.o[0m
[4.960s] [ 56%] [32mBuilding CXX object CMakeFiles/livox_ros_driver2.dir/src/lds_lidar.cpp.o[0m
[4.969s] [ 57%] [32mBuilding CXX object CMakeFiles/livox_ros_driver2.dir/src/comm/comm.cpp.o[0m
[4.973s] [ 59%] [32mBuilding CXX object CMakeFiles/livox_ros_driver2.dir/src/comm/ldq.cpp.o[0m
[4.974s] [ 61%] [32mBuilding CXX object CMakeFiles/livox_ros_driver2.dir/src/comm/semaphore.cpp.o[0m
[4.984s] [ 63%] [32mBuilding CXX object CMakeFiles/livox_ros_driver2.dir/src/comm/lidar_imu_data_queue.cpp.o[0m
[4.988s] [ 64%] [32mBuilding CXX object CMakeFiles/livox_ros_driver2.dir/src/comm/cache_index.cpp.o[0m
[4.992s] [ 66%] [32mBuilding CXX object CMakeFiles/livox_ros_driver2.dir/src/comm/pub_handler.cpp.o[0m
[4.997s] [ 70%] [32mBuilding CXX object CMakeFiles/livox_ros_driver2.dir/src/parse_cfg_file/parse_cfg_file.cpp.o[0m
[4.997s] [ 70%] [32mBuilding CXX object CMakeFiles/livox_ros_driver2.dir/src/parse_cfg_file/parse_livox_lidar_cfg.cpp.o[0m
[4.998s] [ 73%] [32mBuilding CXX object CMakeFiles/livox_ros_driver2.dir/src/call_back/livox_lidar_callback.cpp.o[0m
[4.998s] [ 73%] [32mBuilding CXX object CMakeFiles/livox_ros_driver2.dir/src/call_back/lidar_common_callback.cpp.o[0m
[5.075s] [ 75%] [32m[1mLinking CXX shared library liblivox_ros_driver2__rosidl_typesupport_introspection_cpp.so[0m
[5.156s] [ 77%] [32m[1mLinking CXX shared library liblivox_ros_driver2__rosidl_typesupport_fastrtps_cpp.so[0m
[5.211s] [ 77%] Built target livox_interfaces2__rosidl_typesupport_introspection_cpp
[5.258s] [ 78%] [32m[1mLinking CXX shared library liblivox_ros_driver2__rosidl_typesupport_fastrtps_c.so[0m
[5.304s] [ 78%] Built target livox_interfaces2__rosidl_typesupport_fastrtps_cpp
[5.388s] [ 78%] Built target livox_interfaces2__rosidl_typesupport_fastrtps_c
[5.409s] [ 78%] Built target livox_interfaces2
[5.451s] [ 80%] [34m[1mGenerating Python code for ROS interfaces[0m
[6.510s] [ 80%] Built target livox_interfaces2__py
[6.529s] [ 84%] [32mBuilding C object CMakeFiles/livox_interfaces2__rosidl_generator_py.dir/rosidl_generator_py/livox_ros_driver2/msg/_custom_point_s.c.o[0m
[6.529s] [ 84%] [32mBuilding C object CMakeFiles/livox_interfaces2__rosidl_generator_py.dir/rosidl_generator_py/livox_ros_driver2/msg/_custom_msg_s.c.o[0m
[6.705s] [ 85%] [32m[1mLinking C shared library rosidl_generator_py/livox_ros_driver2/liblivox_interfaces2__rosidl_generator_py.so[0m
[6.747s] [ 85%] Built target livox_interfaces2__rosidl_generator_py
[6.766s] [ 89%] [32mBuilding C object CMakeFiles/livox_ros_driver2__rosidl_typesupport_fastrtps_c__pyext.dir/rosidl_generator_py/livox_ros_driver2/_livox_ros_driver2_s.ep.rosidl_typesupport_fastrtps_c.c.o[0m
[6.767s] [ 89%] [32mBuilding C object CMakeFiles/livox_ros_driver2__rosidl_typesupport_c__pyext.dir/rosidl_generator_py/livox_ros_driver2/_livox_ros_driver2_s.ep.rosidl_typesupport_c.c.o[0m
[6.767s] [ 91%] [32mBuilding C object CMakeFiles/livox_ros_driver2__rosidl_typesupport_introspection_c__pyext.dir/rosidl_generator_py/livox_ros_driver2/_livox_ros_driver2_s.ep.rosidl_typesupport_introspection_c.c.o[0m
[6.907s] [ 96%] [32m[1mLinking C shared library rosidl_generator_py/livox_ros_driver2/livox_ros_driver2_s__rosidl_typesupport_fastrtps_c.cpython-310-x86_64-linux-gnu.so[0m
[6.907s] [ 96%] [32m[1mLinking C shared library rosidl_generator_py/livox_ros_driver2/livox_ros_driver2_s__rosidl_typesupport_introspection_c.cpython-310-x86_64-linux-gnu.so[0m
[6.907s] [ 96%] [32m[1mLinking C shared library rosidl_generator_py/livox_ros_driver2/livox_ros_driver2_s__rosidl_typesupport_c.cpython-310-x86_64-linux-gnu.so[0m
[6.946s] [ 96%] Built target livox_ros_driver2__rosidl_typesupport_introspection_c__pyext
[6.946s] [ 96%] Built target livox_ros_driver2__rosidl_typesupport_c__pyext
[6.946s] [ 96%] Built target livox_ros_driver2__rosidl_typesupport_fastrtps_c__pyext
[7.178s] [ 98%] [32m[1mLinking CXX executable livox_ros_driver2_node[0m
[7.322s] [ 98%] Built target livox_ros_driver2_node
[13.388s] [100%] [32m[1mLinking CXX shared library liblivox_ros_driver2.so[0m
[13.913s] [100%] Built target livox_ros_driver2
[13.925s] Invoked command in '/home/chairman/working/ros2/beijixiong/pb2025_ws/build/livox_ros_driver2' returned '0': CMAKE_PREFIX_PATH=/opt/ros/humble VIRTUAL_ENV_PROMPT=(venv) /usr/bin/cmake --build /home/chairman/working/ros2/beijixiong/pb2025_ws/build/livox_ros_driver2 -- -j28 -l28
[13.926s] Invoking command in '/home/chairman/working/ros2/beijixiong/pb2025_ws/build/livox_ros_driver2': CMAKE_PREFIX_PATH=/opt/ros/humble VIRTUAL_ENV_PROMPT=(venv) /usr/bin/cmake --install /home/chairman/working/ros2/beijixiong/pb2025_ws/build/livox_ros_driver2
[13.934s] -- Install configuration: "Release"
[13.934s] -- Execute custom install script
[13.935s] -- Symlinking: /home/chairman/working/ros2/beijixiong/pb2025_ws/install/livox_ros_driver2/share/ament_index/resource_index/rosidl_interfaces/livox_ros_driver2
[13.943s] -- Symlinking: /home/chairman/working/ros2/beijixiong/pb2025_ws/install/livox_ros_driver2/include/livox_ros_driver2/livox_ros_driver2/msg/custom_msg.h
[13.951s] -- Symlinking: /home/chairman/working/ros2/beijixiong/pb2025_ws/install/livox_ros_driver2/include/livox_ros_driver2/livox_ros_driver2/msg/custom_point.h
[13.959s] -- Symlinking: /home/chairman/working/ros2/beijixiong/pb2025_ws/install/livox_ros_driver2/include/livox_ros_driver2/livox_ros_driver2/msg/detail/custom_msg__functions.h
[13.968s] -- Symlinking: /home/chairman/working/ros2/beijixiong/pb2025_ws/install/livox_ros_driver2/include/livox_ros_driver2/livox_ros_driver2/msg/detail/custom_msg__struct.h
[13.976s] -- Symlinking: /home/chairman/working/ros2/beijixiong/pb2025_ws/install/livox_ros_driver2/include/livox_ros_driver2/livox_ros_driver2/msg/detail/custom_msg__type_support.h
[13.984s] -- Symlinking: /home/chairman/working/ros2/beijixiong/pb2025_ws/install/livox_ros_driver2/include/livox_ros_driver2/livox_ros_driver2/msg/detail/custom_point__functions.h
[13.992s] -- Symlinking: /home/chairman/working/ros2/beijixiong/pb2025_ws/install/livox_ros_driver2/include/livox_ros_driver2/livox_ros_driver2/msg/detail/custom_point__struct.h
[14.000s] -- Symlinking: /home/chairman/working/ros2/beijixiong/pb2025_ws/install/livox_ros_driver2/include/livox_ros_driver2/livox_ros_driver2/msg/detail/custom_point__type_support.h
[14.007s] -- Symlinking: /home/chairman/working/ros2/beijixiong/pb2025_ws/install/livox_ros_driver2/include/livox_ros_driver2/livox_ros_driver2/msg/rosidl_generator_c__visibility_control.h
[14.015s] -- Symlinking: /home/chairman/working/ros2/beijixiong/pb2025_ws/install/livox_ros_driver2/share/livox_ros_driver2/environment/library_path.sh
[14.023s] -- Symlinking: /home/chairman/working/ros2/beijixiong/pb2025_ws/install/livox_ros_driver2/share/livox_ros_driver2/environment/library_path.dsv
[14.031s] -- Symlinking: /home/chairman/working/ros2/beijixiong/pb2025_ws/install/livox_ros_driver2/include/livox_ros_driver2/livox_ros_driver2/msg/detail/custom_msg__rosidl_typesupport_fastrtps_c.h
[14.039s] -- Symlinking: /home/chairman/working/ros2/beijixiong/pb2025_ws/install/livox_ros_driver2/include/livox_ros_driver2/livox_ros_driver2/msg/detail/custom_point__rosidl_typesupport_fastrtps_c.h
[14.047s] -- Symlinking: /home/chairman/working/ros2/beijixiong/pb2025_ws/install/livox_ros_driver2/include/livox_ros_driver2/livox_ros_driver2/msg/rosidl_typesupport_fastrtps_c__visibility_control.h
[14.055s] -- Symlinking: /home/chairman/working/ros2/beijixiong/pb2025_ws/install/livox_ros_driver2/include/livox_ros_driver2/livox_ros_driver2/msg/detail/custom_msg__rosidl_typesupport_introspection_c.h
[14.063s] -- Symlinking: /home/chairman/working/ros2/beijixiong/pb2025_ws/install/livox_ros_driver2/include/livox_ros_driver2/livox_ros_driver2/msg/detail/custom_point__rosidl_typesupport_introspection_c.h
[14.071s] -- Symlinking: /home/chairman/working/ros2/beijixiong/pb2025_ws/install/livox_ros_driver2/include/livox_ros_driver2/livox_ros_driver2/msg/rosidl_typesupport_introspection_c__visibility_control.h
[14.079s] -- Symlinking: /home/chairman/working/ros2/beijixiong/pb2025_ws/install/livox_ros_driver2/include/livox_ros_driver2/livox_ros_driver2/msg/custom_msg.hpp
[14.087s] -- Symlinking: /home/chairman/working/ros2/beijixiong/pb2025_ws/install/livox_ros_driver2/include/livox_ros_driver2/livox_ros_driver2/msg/custom_point.hpp
[14.094s] -- Symlinking: /home/chairman/working/ros2/beijixiong/pb2025_ws/install/livox_ros_driver2/include/livox_ros_driver2/livox_ros_driver2/msg/detail/custom_msg__builder.hpp
[14.099s] -- Symlinking: /home/chairman/working/ros2/beijixiong/pb2025_ws/install/livox_ros_driver2/include/livox_ros_driver2/livox_ros_driver2/msg/detail/custom_msg__struct.hpp
[14.107s] -- Symlinking: /home/chairman/working/ros2/beijixiong/pb2025_ws/install/livox_ros_driver2/include/livox_ros_driver2/livox_ros_driver2/msg/detail/custom_msg__traits.hpp
[14.113s] -- Symlinking: /home/chairman/working/ros2/beijixiong/pb2025_ws/install/livox_ros_driver2/include/livox_ros_driver2/livox_ros_driver2/msg/detail/custom_msg__type_support.hpp
[14.122s] -- Symlinking: /home/chairman/working/ros2/beijixiong/pb2025_ws/install/livox_ros_driver2/include/livox_ros_driver2/livox_ros_driver2/msg/detail/custom_point__builder.hpp
[14.130s] -- Symlinking: /home/chairman/working/ros2/beijixiong/pb2025_ws/install/livox_ros_driver2/include/livox_ros_driver2/livox_ros_driver2/msg/detail/custom_point__struct.hpp
[14.138s] -- Symlinking: /home/chairman/working/ros2/beijixiong/pb2025_ws/install/livox_ros_driver2/include/livox_ros_driver2/livox_ros_driver2/msg/detail/custom_point__traits.hpp
[14.146s] -- Symlinking: /home/chairman/working/ros2/beijixiong/pb2025_ws/install/livox_ros_driver2/include/livox_ros_driver2/livox_ros_driver2/msg/detail/custom_point__type_support.hpp
[14.154s] -- Symlinking: /home/chairman/working/ros2/beijixiong/pb2025_ws/install/livox_ros_driver2/include/livox_ros_driver2/livox_ros_driver2/msg/rosidl_generator_cpp__visibility_control.hpp
[14.162s] -- Symlinking: /home/chairman/working/ros2/beijixiong/pb2025_ws/install/livox_ros_driver2/include/livox_ros_driver2/livox_ros_driver2/msg/detail/custom_msg__rosidl_typesupport_fastrtps_cpp.hpp
[14.170s] -- Symlinking: /home/chairman/working/ros2/beijixiong/pb2025_ws/install/livox_ros_driver2/include/livox_ros_driver2/livox_ros_driver2/msg/detail/custom_point__rosidl_typesupport_fastrtps_cpp.hpp
[14.177s] -- Symlinking: /home/chairman/working/ros2/beijixiong/pb2025_ws/install/livox_ros_driver2/include/livox_ros_driver2/livox_ros_driver2/msg/rosidl_typesupport_fastrtps_cpp__visibility_control.h
[14.185s] -- Symlinking: /home/chairman/working/ros2/beijixiong/pb2025_ws/install/livox_ros_driver2/include/livox_ros_driver2/livox_ros_driver2/msg/detail/custom_msg__rosidl_typesupport_introspection_cpp.hpp
[14.193s] -- Symlinking: /home/chairman/working/ros2/beijixiong/pb2025_ws/install/livox_ros_driver2/include/livox_ros_driver2/livox_ros_driver2/msg/detail/custom_point__rosidl_typesupport_introspection_cpp.hpp
[14.200s] -- Symlinking: /home/chairman/working/ros2/beijixiong/pb2025_ws/install/livox_ros_driver2/share/livox_ros_driver2/environment/pythonpath.sh
[14.208s] -- Symlinking: /home/chairman/working/ros2/beijixiong/pb2025_ws/install/livox_ros_driver2/share/livox_ros_driver2/environment/pythonpath.dsv
[14.216s] -- Symlinking: /home/chairman/working/ros2/beijixiong/pb2025_ws/install/livox_ros_driver2/lib/python3.10/site-packages/livox_ros_driver2-1.1.0-py3.10.egg-info/PKG-INFO
[14.224s] -- Symlinking: /home/chairman/working/ros2/beijixiong/pb2025_ws/install/livox_ros_driver2/lib/python3.10/site-packages/livox_ros_driver2-1.1.0-py3.10.egg-info/SOURCES.txt
[14.231s] -- Symlinking: /home/chairman/working/ros2/beijixiong/pb2025_ws/install/livox_ros_driver2/lib/python3.10/site-packages/livox_ros_driver2-1.1.0-py3.10.egg-info/dependency_links.txt
[14.239s] -- Symlinking: /home/chairman/working/ros2/beijixiong/pb2025_ws/install/livox_ros_driver2/lib/python3.10/site-packages/livox_ros_driver2-1.1.0-py3.10.egg-info/top_level.txt
[14.247s] -- Symlinking: /home/chairman/working/ros2/beijixiong/pb2025_ws/install/livox_ros_driver2/lib/python3.10/site-packages/livox_ros_driver2/__init__.py
[14.253s] -- Symlinking: /home/chairman/working/ros2/beijixiong/pb2025_ws/install/livox_ros_driver2/lib/python3.10/site-packages/livox_ros_driver2/_livox_ros_driver2_s.ep.rosidl_typesupport_c.c
[14.261s] -- Symlinking: /home/chairman/working/ros2/beijixiong/pb2025_ws/install/livox_ros_driver2/lib/python3.10/site-packages/livox_ros_driver2/_livox_ros_driver2_s.ep.rosidl_typesupport_fastrtps_c.c
[14.269s] -- Symlinking: /home/chairman/working/ros2/beijixiong/pb2025_ws/install/livox_ros_driver2/lib/python3.10/site-packages/livox_ros_driver2/_livox_ros_driver2_s.ep.rosidl_typesupport_introspection_c.c
[14.277s] -- Symlinking: /home/chairman/working/ros2/beijixiong/pb2025_ws/install/livox_ros_driver2/lib/python3.10/site-packages/livox_ros_driver2/liblivox_interfaces2__rosidl_generator_py.so
[14.283s] -- Symlinking: /home/chairman/working/ros2/beijixiong/pb2025_ws/install/livox_ros_driver2/lib/python3.10/site-packages/livox_ros_driver2/livox_ros_driver2_s__rosidl_typesupport_c.cpython-310-x86_64-linux-gnu.so
[14.292s] -- Symlinking: /home/chairman/working/ros2/beijixiong/pb2025_ws/install/livox_ros_driver2/lib/python3.10/site-packages/livox_ros_driver2/livox_ros_driver2_s__rosidl_typesupport_fastrtps_c.cpython-310-x86_64-linux-gnu.so
[14.300s] -- Symlinking: /home/chairman/working/ros2/beijixiong/pb2025_ws/install/livox_ros_driver2/lib/python3.10/site-packages/livox_ros_driver2/livox_ros_driver2_s__rosidl_typesupport_introspection_c.cpython-310-x86_64-linux-gnu.so
[14.307s] -- Symlinking: /home/chairman/working/ros2/beijixiong/pb2025_ws/install/livox_ros_driver2/lib/python3.10/site-packages/livox_ros_driver2/msg/__init__.py
[14.314s] -- Symlinking: /home/chairman/working/ros2/beijixiong/pb2025_ws/install/livox_ros_driver2/lib/python3.10/site-packages/livox_ros_driver2/msg/_custom_msg.py
[14.323s] -- Symlinking: /home/chairman/working/ros2/beijixiong/pb2025_ws/install/livox_ros_driver2/lib/python3.10/site-packages/livox_ros_driver2/msg/_custom_msg_s.c
[14.331s] -- Symlinking: /home/chairman/working/ros2/beijixiong/pb2025_ws/install/livox_ros_driver2/lib/python3.10/site-packages/livox_ros_driver2/msg/_custom_point.py
[14.337s] -- Symlinking: /home/chairman/working/ros2/beijixiong/pb2025_ws/install/livox_ros_driver2/lib/python3.10/site-packages/livox_ros_driver2/msg/_custom_point_s.c
[14.345s] -- Up-to-date symlink: /home/chairman/working/ros2/beijixiong/pb2025_ws/install/livox_ros_driver2/lib/python3.10/site-packages/livox_ros_driver2/livox_ros_driver2_s__rosidl_typesupport_fastrtps_c.cpython-310-x86_64-linux-gnu.so
[14.345s] -- Up-to-date symlink: /home/chairman/working/ros2/beijixiong/pb2025_ws/install/livox_ros_driver2/lib/python3.10/site-packages/livox_ros_driver2/livox_ros_driver2_s__rosidl_typesupport_introspection_c.cpython-310-x86_64-linux-gnu.so
[14.345s] -- Up-to-date symlink: /home/chairman/working/ros2/beijixiong/pb2025_ws/install/livox_ros_driver2/lib/python3.10/site-packages/livox_ros_driver2/livox_ros_driver2_s__rosidl_typesupport_c.cpython-310-x86_64-linux-gnu.so
[14.345s] -- Symlinking: /home/chairman/working/ros2/beijixiong/pb2025_ws/install/livox_ros_driver2/share/livox_ros_driver2/msg/CustomPoint.idl
[14.353s] -- Symlinking: /home/chairman/working/ros2/beijixiong/pb2025_ws/install/livox_ros_driver2/share/livox_ros_driver2/msg/CustomMsg.idl
[14.362s] -- Symlinking: /home/chairman/working/ros2/beijixiong/pb2025_ws/install/livox_ros_driver2/share/livox_ros_driver2/msg/CustomPoint.msg
[14.370s] -- Symlinking: /home/chairman/working/ros2/beijixiong/pb2025_ws/install/livox_ros_driver2/share/livox_ros_driver2/msg/CustomMsg.msg
[14.379s] -- Symlinking: /home/chairman/working/ros2/beijixiong/pb2025_ws/install/livox_ros_driver2/lib/livox_ros_driver2/livox_ros_driver2_node
[14.388s] -- Symlinking: /home/chairman/working/ros2/beijixiong/pb2025_ws/install/livox_ros_driver2/lib/liblivox_ros_driver2.so
[14.394s] -- Symlinking: /home/chairman/working/ros2/beijixiong/pb2025_ws/install/livox_ros_driver2/share/livox_ros_driver2/config/HAP_config.json
[14.401s] -- Symlinking: /home/chairman/working/ros2/beijixiong/pb2025_ws/install/livox_ros_driver2/share/livox_ros_driver2/config/MID360_config.json
[14.408s] -- Symlinking: /home/chairman/working/ros2/beijixiong/pb2025_ws/install/livox_ros_driver2/share/livox_ros_driver2/config/display_point_cloud.rviz
[14.416s] -- Symlinking: /home/chairman/working/ros2/beijixiong/pb2025_ws/install/livox_ros_driver2/share/livox_ros_driver2/config/mixed_HAP_MID360_config.json
[14.424s] -- Symlinking: /home/chairman/working/ros2/beijixiong/pb2025_ws/install/livox_ros_driver2/share/livox_ros_driver2/launch/msg_HAP_launch.py
[14.433s] -- Symlinking: /home/chairman/working/ros2/beijixiong/pb2025_ws/install/livox_ros_driver2/share/livox_ros_driver2/launch/msg_MID360_launch.py
[14.441s] -- Symlinking: /home/chairman/working/ros2/beijixiong/pb2025_ws/install/livox_ros_driver2/share/livox_ros_driver2/launch/rviz_HAP_launch.py
[14.448s] -- Symlinking: /home/chairman/working/ros2/beijixiong/pb2025_ws/install/livox_ros_driver2/share/livox_ros_driver2/launch/rviz_MID360_launch.py
[14.456s] -- Symlinking: /home/chairman/working/ros2/beijixiong/pb2025_ws/install/livox_ros_driver2/share/livox_ros_driver2/launch/rviz_mixed.py
[14.465s] -- Symlinking: /home/chairman/working/ros2/beijixiong/pb2025_ws/install/livox_ros_driver2/share/ament_index/resource_index/package_run_dependencies/livox_ros_driver2
[14.473s] -- Symlinking: /home/chairman/working/ros2/beijixiong/pb2025_ws/install/livox_ros_driver2/share/ament_index/resource_index/parent_prefix_path/livox_ros_driver2
[14.480s] -- Symlinking: /home/chairman/working/ros2/beijixiong/pb2025_ws/install/livox_ros_driver2/share/livox_ros_driver2/environment/ament_prefix_path.sh
[14.486s] -- Symlinking: /home/chairman/working/ros2/beijixiong/pb2025_ws/install/livox_ros_driver2/share/livox_ros_driver2/environment/ament_prefix_path.dsv
[14.493s] -- Symlinking: /home/chairman/working/ros2/beijixiong/pb2025_ws/install/livox_ros_driver2/share/livox_ros_driver2/environment/path.sh
[14.499s] -- Symlinking: /home/chairman/working/ros2/beijixiong/pb2025_ws/install/livox_ros_driver2/share/livox_ros_driver2/environment/path.dsv
[14.508s] -- Symlinking: /home/chairman/working/ros2/beijixiong/pb2025_ws/install/livox_ros_driver2/share/livox_ros_driver2/local_setup.bash
[14.516s] -- Symlinking: /home/chairman/working/ros2/beijixiong/pb2025_ws/install/livox_ros_driver2/share/livox_ros_driver2/local_setup.sh
[14.525s] -- Symlinking: /home/chairman/working/ros2/beijixiong/pb2025_ws/install/livox_ros_driver2/share/livox_ros_driver2/local_setup.zsh
[14.532s] -- Symlinking: /home/chairman/working/ros2/beijixiong/pb2025_ws/install/livox_ros_driver2/share/livox_ros_driver2/local_setup.dsv
[14.540s] -- Symlinking: /home/chairman/working/ros2/beijixiong/pb2025_ws/install/livox_ros_driver2/share/livox_ros_driver2/package.dsv
[14.548s] -- Symlinking: /home/chairman/working/ros2/beijixiong/pb2025_ws/install/livox_ros_driver2/share/ament_index/resource_index/packages/livox_ros_driver2
[14.557s] -- Symlinking: /home/chairman/working/ros2/beijixiong/pb2025_ws/install/livox_ros_driver2/share/ament_index/resource_index/rclcpp_components/livox_ros_driver2
[14.564s] -- Symlinking: /home/chairman/working/ros2/beijixiong/pb2025_ws/install/livox_ros_driver2/share/livox_ros_driver2/cmake/rosidl_cmake-extras.cmake
[14.570s] -- Symlinking: /home/chairman/working/ros2/beijixiong/pb2025_ws/install/livox_ros_driver2/share/livox_ros_driver2/cmake/ament_cmake_export_dependencies-extras.cmake
[14.578s] -- Symlinking: /home/chairman/working/ros2/beijixiong/pb2025_ws/install/livox_ros_driver2/share/livox_ros_driver2/cmake/ament_cmake_export_include_directories-extras.cmake
[14.585s] -- Symlinking: /home/chairman/working/ros2/beijixiong/pb2025_ws/install/livox_ros_driver2/share/livox_ros_driver2/cmake/ament_cmake_export_libraries-extras.cmake
[14.591s] -- Symlinking: /home/chairman/working/ros2/beijixiong/pb2025_ws/install/livox_ros_driver2/share/livox_ros_driver2/cmake/ament_cmake_export_targets-extras.cmake
[14.599s] -- Symlinking: /home/chairman/working/ros2/beijixiong/pb2025_ws/install/livox_ros_driver2/share/livox_ros_driver2/cmake/rosidl_cmake_export_typesupport_targets-extras.cmake
[14.605s] -- Symlinking: /home/chairman/working/ros2/beijixiong/pb2025_ws/install/livox_ros_driver2/share/livox_ros_driver2/cmake/rosidl_cmake_export_typesupport_libraries-extras.cmake
[14.611s] -- Symlinking: /home/chairman/working/ros2/beijixiong/pb2025_ws/install/livox_ros_driver2/share/livox_ros_driver2/cmake/livox_ros_driver2Config.cmake
[14.618s] -- Symlinking: /home/chairman/working/ros2/beijixiong/pb2025_ws/install/livox_ros_driver2/share/livox_ros_driver2/cmake/livox_ros_driver2Config-version.cmake
[14.626s] -- Symlinking: /home/chairman/working/ros2/beijixiong/pb2025_ws/install/livox_ros_driver2/share/livox_ros_driver2/package.xml
[14.634s] -- Installing: /home/chairman/working/ros2/beijixiong/pb2025_ws/install/livox_ros_driver2/lib/liblivox_ros_driver2__rosidl_generator_c.so
[14.634s] -- Set runtime path of "/home/chairman/working/ros2/beijixiong/pb2025_ws/install/livox_ros_driver2/lib/liblivox_ros_driver2__rosidl_generator_c.so" to ""
[14.634s] -- Installing: /home/chairman/working/ros2/beijixiong/pb2025_ws/install/livox_ros_driver2/lib/liblivox_ros_driver2__rosidl_typesupport_fastrtps_c.so
[14.634s] -- Set runtime path of "/home/chairman/working/ros2/beijixiong/pb2025_ws/install/livox_ros_driver2/lib/liblivox_ros_driver2__rosidl_typesupport_fastrtps_c.so" to ""
[14.634s] -- Installing: /home/chairman/working/ros2/beijixiong/pb2025_ws/install/livox_ros_driver2/lib/liblivox_ros_driver2__rosidl_typesupport_introspection_c.so
[14.635s] -- Set runtime path of "/home/chairman/working/ros2/beijixiong/pb2025_ws/install/livox_ros_driver2/lib/liblivox_ros_driver2__rosidl_typesupport_introspection_c.so" to ""
[14.635s] -- Installing: /home/chairman/working/ros2/beijixiong/pb2025_ws/install/livox_ros_driver2/lib/liblivox_ros_driver2__rosidl_typesupport_c.so
[14.635s] -- Set runtime path of "/home/chairman/working/ros2/beijixiong/pb2025_ws/install/livox_ros_driver2/lib/liblivox_ros_driver2__rosidl_typesupport_c.so" to ""
[14.635s] -- Installing: /home/chairman/working/ros2/beijixiong/pb2025_ws/install/livox_ros_driver2/lib/liblivox_ros_driver2__rosidl_typesupport_fastrtps_cpp.so
[14.635s] -- Set runtime path of "/home/chairman/working/ros2/beijixiong/pb2025_ws/install/livox_ros_driver2/lib/liblivox_ros_driver2__rosidl_typesupport_fastrtps_cpp.so" to ""
[14.635s] -- Installing: /home/chairman/working/ros2/beijixiong/pb2025_ws/install/livox_ros_driver2/lib/liblivox_ros_driver2__rosidl_typesupport_introspection_cpp.so
[14.636s] -- Set runtime path of "/home/chairman/working/ros2/beijixiong/pb2025_ws/install/livox_ros_driver2/lib/liblivox_ros_driver2__rosidl_typesupport_introspection_cpp.so" to ""
[14.636s] -- Installing: /home/chairman/working/ros2/beijixiong/pb2025_ws/install/livox_ros_driver2/lib/liblivox_ros_driver2__rosidl_typesupport_cpp.so
[14.636s] -- Set runtime path of "/home/chairman/working/ros2/beijixiong/pb2025_ws/install/livox_ros_driver2/lib/liblivox_ros_driver2__rosidl_typesupport_cpp.so" to ""
[14.675s] Listing '/home/chairman/working/ros2/beijixiong/pb2025_ws/install/livox_ros_driver2/lib/python3.10/site-packages/livox_ros_driver2'...
[14.675s] Compiling '/home/chairman/working/ros2/beijixiong/pb2025_ws/install/livox_ros_driver2/lib/python3.10/site-packages/livox_ros_driver2/__init__.py'...
[14.675s] Listing '/home/chairman/working/ros2/beijixiong/pb2025_ws/install/livox_ros_driver2/lib/python3.10/site-packages/livox_ros_driver2/msg'...
[14.675s] Compiling '/home/chairman/working/ros2/beijixiong/pb2025_ws/install/livox_ros_driver2/lib/python3.10/site-packages/livox_ros_driver2/msg/__init__.py'...
[14.675s] Compiling '/home/chairman/working/ros2/beijixiong/pb2025_ws/install/livox_ros_driver2/lib/python3.10/site-packages/livox_ros_driver2/msg/_custom_msg.py'...
[14.675s] Compiling '/home/chairman/working/ros2/beijixiong/pb2025_ws/install/livox_ros_driver2/lib/python3.10/site-packages/livox_ros_driver2/msg/_custom_point.py'...
[14.678s] -- Installing: /home/chairman/working/ros2/beijixiong/pb2025_ws/install/livox_ros_driver2/lib/liblivox_interfaces2__rosidl_generator_py.so
[14.678s] -- Set runtime path of "/home/chairman/working/ros2/beijixiong/pb2025_ws/install/livox_ros_driver2/lib/liblivox_interfaces2__rosidl_generator_py.so" to ""
[14.678s] -- Installing: /home/chairman/working/ros2/beijixiong/pb2025_ws/install/livox_ros_driver2/share/livox_ros_driver2/cmake/export_livox_interfaces2__rosidl_generator_cExport.cmake
[14.679s] -- Installing: /home/chairman/working/ros2/beijixiong/pb2025_ws/install/livox_ros_driver2/share/livox_ros_driver2/cmake/export_livox_interfaces2__rosidl_generator_cExport-release.cmake
[14.679s] -- Installing: /home/chairman/working/ros2/beijixiong/pb2025_ws/install/livox_ros_driver2/share/livox_ros_driver2/cmake/export_livox_interfaces2__rosidl_typesupport_fastrtps_cExport.cmake
[14.679s] -- Installing: /home/chairman/working/ros2/beijixiong/pb2025_ws/install/livox_ros_driver2/share/livox_ros_driver2/cmake/export_livox_interfaces2__rosidl_typesupport_fastrtps_cExport-release.cmake
[14.679s] -- Installing: /home/chairman/working/ros2/beijixiong/pb2025_ws/install/livox_ros_driver2/share/livox_ros_driver2/cmake/livox_interfaces2__rosidl_typesupport_introspection_cExport.cmake
[14.679s] -- Installing: /home/chairman/working/ros2/beijixiong/pb2025_ws/install/livox_ros_driver2/share/livox_ros_driver2/cmake/livox_interfaces2__rosidl_typesupport_introspection_cExport-release.cmake
[14.679s] -- Installing: /home/chairman/working/ros2/beijixiong/pb2025_ws/install/livox_ros_driver2/share/livox_ros_driver2/cmake/livox_interfaces2__rosidl_typesupport_cExport.cmake
[14.679s] -- Installing: /home/chairman/working/ros2/beijixiong/pb2025_ws/install/livox_ros_driver2/share/livox_ros_driver2/cmake/livox_interfaces2__rosidl_typesupport_cExport-release.cmake
[14.679s] -- Installing: /home/chairman/working/ros2/beijixiong/pb2025_ws/install/livox_ros_driver2/share/livox_ros_driver2/cmake/export_livox_interfaces2__rosidl_generator_cppExport.cmake
[14.679s] -- Installing: /home/chairman/working/ros2/beijixiong/pb2025_ws/install/livox_ros_driver2/share/livox_ros_driver2/cmake/export_livox_interfaces2__rosidl_typesupport_fastrtps_cppExport.cmake
[14.679s] -- Installing: /home/chairman/working/ros2/beijixiong/pb2025_ws/install/livox_ros_driver2/share/livox_ros_driver2/cmake/export_livox_interfaces2__rosidl_typesupport_fastrtps_cppExport-release.cmake
[14.679s] -- Installing: /home/chairman/working/ros2/beijixiong/pb2025_ws/install/livox_ros_driver2/share/livox_ros_driver2/cmake/livox_interfaces2__rosidl_typesupport_introspection_cppExport.cmake
[14.679s] -- Installing: /home/chairman/working/ros2/beijixiong/pb2025_ws/install/livox_ros_driver2/share/livox_ros_driver2/cmake/livox_interfaces2__rosidl_typesupport_introspection_cppExport-release.cmake
[14.680s] -- Installing: /home/chairman/working/ros2/beijixiong/pb2025_ws/install/livox_ros_driver2/share/livox_ros_driver2/cmake/livox_interfaces2__rosidl_typesupport_cppExport.cmake
[14.680s] -- Installing: /home/chairman/working/ros2/beijixiong/pb2025_ws/install/livox_ros_driver2/share/livox_ros_driver2/cmake/livox_interfaces2__rosidl_typesupport_cppExport-release.cmake
[14.680s] -- Installing: /home/chairman/working/ros2/beijixiong/pb2025_ws/install/livox_ros_driver2/share/livox_ros_driver2/cmake/export_livox_interfaces2__rosidl_generator_pyExport.cmake
[14.680s] -- Installing: /home/chairman/working/ros2/beijixiong/pb2025_ws/install/livox_ros_driver2/share/livox_ros_driver2/cmake/export_livox_interfaces2__rosidl_generator_pyExport-release.cmake
[14.681s] Invoked command in '/home/chairman/working/ros2/beijixiong/pb2025_ws/build/livox_ros_driver2' returned '0': CMAKE_PREFIX_PATH=/opt/ros/humble VIRTUAL_ENV_PROMPT=(venv) /usr/bin/cmake --install /home/chairman/working/ros2/beijixiong/pb2025_ws/build/livox_ros_driver2
