[0.009s] Invoking command in '/home/chairman/working/ros2/learning/chapt3/topic_practice_ws/src/build/status_display': CMAKE_PREFIX_PATH=/home/chairman/working/ros2/learning/chapt3/topic_practice_ws/src/install/status_interfaces:/home/chairman/working/ros2/learning/chapt3/topic_practice_ws/src/install/status_display:/home/chairman/working/ros2/learning/chapt3/topic_practice_ws/src/install/status_publisher:/opt/ros/humble LD_LIBRARY_PATH=/home/chairman/working/ros2/learning/chapt3/topic_practice_ws/src/install/status_interfaces/lib:/usr/local/cuda-12.6/lib64:/usr/lib/x86_64-linux-gnu/gazebo-11/plugins:/opt/ros/humble/opt/rviz_ogre_vendor/lib:/opt/ros/humble/lib/x86_64-linux-gnu:/opt/ros/humble/lib:/usr/local/cuda-12.6/lib64 PYTHONPATH=/home/chairman/working/ros2/learning/chapt3/topic_practice_ws/src/install/status_interfaces/local/lib/python3.10/dist-packages:${PYTHONPATH} /usr/bin/cmake /home/chairman/working/ros2/learning/chapt3/topic_practice_ws/src/status_display -DCMAKE_INSTALL_PREFIX=/home/chairman/working/ros2/learning/chapt3/topic_practice_ws/src/install/status_display
[0.058s] -- The C compiler identification is GNU 11.4.0
[0.106s] -- The CXX compiler identification is GNU 11.4.0
[0.111s] -- Detecting C compiler ABI info
[0.164s] -- Detecting C compiler ABI info - done
[0.169s] -- Check for working C compiler: /usr/bin/cc - skipped
[0.169s] -- Detecting C compile features
[0.169s] -- Detecting C compile features - done
[0.171s] -- Detecting CXX compiler ABI info
[0.234s] -- Detecting CXX compiler ABI info - done
[0.239s] -- Check for working CXX compiler: /usr/bin/c++ - skipped
[0.239s] -- Detecting CXX compile features
[0.239s] -- Detecting CXX compile features - done
[0.241s] -- Found ament_cmake: 1.3.11 (/opt/ros/humble/share/ament_cmake/cmake)
[0.347s] -- Found Python3: /usr/bin/python3 (found version "3.10.12") found components: Interpreter 
[0.409s] -- Found rclcpp: 16.0.12 (/opt/ros/humble/share/rclcpp/cmake)
[0.437s] -- Found rosidl_generator_c: 3.1.6 (/opt/ros/humble/share/rosidl_generator_c/cmake)
[0.440s] -- Found rosidl_adapter: 3.1.6 (/opt/ros/humble/share/rosidl_adapter/cmake)
[0.445s] -- Found rosidl_generator_cpp: 3.1.6 (/opt/ros/humble/share/rosidl_generator_cpp/cmake)
[0.453s] -- Using all available rosidl_typesupport_c: rosidl_typesupport_fastrtps_c;rosidl_typesupport_introspection_c
[0.464s] -- Using all available rosidl_typesupport_cpp: rosidl_typesupport_fastrtps_cpp;rosidl_typesupport_introspection_cpp
[0.493s] -- Found rmw_implementation_cmake: 6.1.2 (/opt/ros/humble/share/rmw_implementation_cmake/cmake)
[0.494s] -- Found rmw_fastrtps_cpp: 6.2.7 (/opt/ros/humble/share/rmw_fastrtps_cpp/cmake)
[0.575s] -- Found OpenSSL: /usr/lib/x86_64-linux-gnu/libcrypto.so (found version "3.0.2")  
[0.600s] -- Found FastRTPS: /opt/ros/humble/include  
[0.629s] -- Using RMW implementation 'rmw_fastrtps_cpp' as default
[0.638s] -- Looking for pthread.h
[0.720s] -- Looking for pthread.h - found
[0.721s] -- Performing Test CMAKE_HAVE_LIBC_PTHREAD
[0.820s] -- Performing Test CMAKE_HAVE_LIBC_PTHREAD - Success
[0.822s] -- Found Threads: TRUE  
[0.856s] -- Found status_interfaces: 0.0.0 (/home/chairman/working/ros2/learning/chapt3/topic_practice_ws/src/install/status_interfaces/share/status_interfaces/cmake)
[0.873s] -- Found ament_lint_auto: 0.12.12 (/opt/ros/humble/share/ament_lint_auto/cmake)
[0.924s] -- Added test 'cppcheck' to perform static code analysis on C / C++ code
[0.924s] -- Configured cppcheck include dirs: 
[0.924s] -- Configured cppcheck exclude dirs and/or files: 
[0.924s] -- Added test 'lint_cmake' to check CMake code style
[0.925s] -- Added test 'uncrustify' to check C / C++ code style
[0.925s] -- Configured uncrustify additional arguments: 
[0.925s] -- Added test 'xmllint' to check XML markup files
[0.926s] -- Configuring done
[0.932s] -- Generating done
[0.934s] -- Build files have been written to: /home/chairman/working/ros2/learning/chapt3/topic_practice_ws/src/build/status_display
[0.941s] Invoked command in '/home/chairman/working/ros2/learning/chapt3/topic_practice_ws/src/build/status_display' returned '0': CMAKE_PREFIX_PATH=/home/chairman/working/ros2/learning/chapt3/topic_practice_ws/src/install/status_interfaces:/home/chairman/working/ros2/learning/chapt3/topic_practice_ws/src/install/status_display:/home/chairman/working/ros2/learning/chapt3/topic_practice_ws/src/install/status_publisher:/opt/ros/humble LD_LIBRARY_PATH=/home/chairman/working/ros2/learning/chapt3/topic_practice_ws/src/install/status_interfaces/lib:/usr/local/cuda-12.6/lib64:/usr/lib/x86_64-linux-gnu/gazebo-11/plugins:/opt/ros/humble/opt/rviz_ogre_vendor/lib:/opt/ros/humble/lib/x86_64-linux-gnu:/opt/ros/humble/lib:/usr/local/cuda-12.6/lib64 PYTHONPATH=/home/chairman/working/ros2/learning/chapt3/topic_practice_ws/src/install/status_interfaces/local/lib/python3.10/dist-packages:${PYTHONPATH} /usr/bin/cmake /home/chairman/working/ros2/learning/chapt3/topic_practice_ws/src/status_display -DCMAKE_INSTALL_PREFIX=/home/chairman/working/ros2/learning/chapt3/topic_practice_ws/src/install/status_display
[0.943s] Invoking command in '/home/chairman/working/ros2/learning/chapt3/topic_practice_ws/src/build/status_display': CMAKE_PREFIX_PATH=/home/chairman/working/ros2/learning/chapt3/topic_practice_ws/src/install/status_interfaces:/home/chairman/working/ros2/learning/chapt3/topic_practice_ws/src/install/status_display:/home/chairman/working/ros2/learning/chapt3/topic_practice_ws/src/install/status_publisher:/opt/ros/humble LD_LIBRARY_PATH=/home/chairman/working/ros2/learning/chapt3/topic_practice_ws/src/install/status_interfaces/lib:/usr/local/cuda-12.6/lib64:/usr/lib/x86_64-linux-gnu/gazebo-11/plugins:/opt/ros/humble/opt/rviz_ogre_vendor/lib:/opt/ros/humble/lib/x86_64-linux-gnu:/opt/ros/humble/lib:/usr/local/cuda-12.6/lib64 PYTHONPATH=/home/chairman/working/ros2/learning/chapt3/topic_practice_ws/src/install/status_interfaces/local/lib/python3.10/dist-packages:${PYTHONPATH} /usr/bin/cmake --build /home/chairman/working/ros2/learning/chapt3/topic_practice_ws/src/build/status_display -- -j28 -l28
[0.994s] [ 25%] [32mBuilding CXX object CMakeFiles/sys_status_display.dir/src/sys_status_display.cpp.o[0m
[0.995s] [ 50%] [32mBuilding CXX object CMakeFiles/hello_qt.dir/src/hello_qt.cpp.o[0m
[1.631s] [ 75%] [32m[1mLinking CXX executable hello_qt[0m
[1.810s] [ 75%] Built target hello_qt
[6.424s] [100%] [32m[1mLinking CXX executable sys_status_display[0m
[6.920s] [100%] Built target sys_status_display
[6.930s] Invoked command in '/home/chairman/working/ros2/learning/chapt3/topic_practice_ws/src/build/status_display' returned '0': CMAKE_PREFIX_PATH=/home/chairman/working/ros2/learning/chapt3/topic_practice_ws/src/install/status_interfaces:/home/chairman/working/ros2/learning/chapt3/topic_practice_ws/src/install/status_display:/home/chairman/working/ros2/learning/chapt3/topic_practice_ws/src/install/status_publisher:/opt/ros/humble LD_LIBRARY_PATH=/home/chairman/working/ros2/learning/chapt3/topic_practice_ws/src/install/status_interfaces/lib:/usr/local/cuda-12.6/lib64:/usr/lib/x86_64-linux-gnu/gazebo-11/plugins:/opt/ros/humble/opt/rviz_ogre_vendor/lib:/opt/ros/humble/lib/x86_64-linux-gnu:/opt/ros/humble/lib:/usr/local/cuda-12.6/lib64 PYTHONPATH=/home/chairman/working/ros2/learning/chapt3/topic_practice_ws/src/install/status_interfaces/local/lib/python3.10/dist-packages:${PYTHONPATH} /usr/bin/cmake --build /home/chairman/working/ros2/learning/chapt3/topic_practice_ws/src/build/status_display -- -j28 -l28
[6.932s] Invoking command in '/home/chairman/working/ros2/learning/chapt3/topic_practice_ws/src/build/status_display': CMAKE_PREFIX_PATH=/home/chairman/working/ros2/learning/chapt3/topic_practice_ws/src/install/status_interfaces:/home/chairman/working/ros2/learning/chapt3/topic_practice_ws/src/install/status_display:/home/chairman/working/ros2/learning/chapt3/topic_practice_ws/src/install/status_publisher:/opt/ros/humble LD_LIBRARY_PATH=/home/chairman/working/ros2/learning/chapt3/topic_practice_ws/src/install/status_interfaces/lib:/usr/local/cuda-12.6/lib64:/usr/lib/x86_64-linux-gnu/gazebo-11/plugins:/opt/ros/humble/opt/rviz_ogre_vendor/lib:/opt/ros/humble/lib/x86_64-linux-gnu:/opt/ros/humble/lib:/usr/local/cuda-12.6/lib64 PYTHONPATH=/home/chairman/working/ros2/learning/chapt3/topic_practice_ws/src/install/status_interfaces/local/lib/python3.10/dist-packages:${PYTHONPATH} /usr/bin/cmake --install /home/chairman/working/ros2/learning/chapt3/topic_practice_ws/src/build/status_display
[6.937s] -- Install configuration: ""
[6.937s] -- Installing: /home/chairman/working/ros2/learning/chapt3/topic_practice_ws/src/install/status_display/lib/status_display/hello_qt
[6.937s] -- Installing: /home/chairman/working/ros2/learning/chapt3/topic_practice_ws/src/install/status_display/lib/status_display/sys_status_display
[6.939s] -- Set runtime path of "/home/chairman/working/ros2/learning/chapt3/topic_practice_ws/src/install/status_display/lib/status_display/sys_status_display" to ""
[6.939s] -- Installing: /home/chairman/working/ros2/learning/chapt3/topic_practice_ws/src/install/status_display/share/ament_index/resource_index/package_run_dependencies/status_display
[6.940s] -- Installing: /home/chairman/working/ros2/learning/chapt3/topic_practice_ws/src/install/status_display/share/ament_index/resource_index/parent_prefix_path/status_display
[6.940s] -- Installing: /home/chairman/working/ros2/learning/chapt3/topic_practice_ws/src/install/status_display/share/status_display/environment/ament_prefix_path.sh
[6.940s] -- Installing: /home/chairman/working/ros2/learning/chapt3/topic_practice_ws/src/install/status_display/share/status_display/environment/ament_prefix_path.dsv
[6.940s] -- Installing: /home/chairman/working/ros2/learning/chapt3/topic_practice_ws/src/install/status_display/share/status_display/environment/path.sh
[6.940s] -- Installing: /home/chairman/working/ros2/learning/chapt3/topic_practice_ws/src/install/status_display/share/status_display/environment/path.dsv
[6.940s] -- Installing: /home/chairman/working/ros2/learning/chapt3/topic_practice_ws/src/install/status_display/share/status_display/local_setup.bash
[6.940s] -- Installing: /home/chairman/working/ros2/learning/chapt3/topic_practice_ws/src/install/status_display/share/status_display/local_setup.sh
[6.940s] -- Installing: /home/chairman/working/ros2/learning/chapt3/topic_practice_ws/src/install/status_display/share/status_display/local_setup.zsh
[6.940s] -- Installing: /home/chairman/working/ros2/learning/chapt3/topic_practice_ws/src/install/status_display/share/status_display/local_setup.dsv
[6.940s] -- Installing: /home/chairman/working/ros2/learning/chapt3/topic_practice_ws/src/install/status_display/share/status_display/package.dsv
[6.940s] -- Installing: /home/chairman/working/ros2/learning/chapt3/topic_practice_ws/src/install/status_display/share/ament_index/resource_index/packages/status_display
[6.940s] -- Installing: /home/chairman/working/ros2/learning/chapt3/topic_practice_ws/src/install/status_display/share/status_display/cmake/status_displayConfig.cmake
[6.940s] -- Installing: /home/chairman/working/ros2/learning/chapt3/topic_practice_ws/src/install/status_display/share/status_display/cmake/status_displayConfig-version.cmake
[6.940s] -- Installing: /home/chairman/working/ros2/learning/chapt3/topic_practice_ws/src/install/status_display/share/status_display/package.xml
[6.943s] Invoked command in '/home/chairman/working/ros2/learning/chapt3/topic_practice_ws/src/build/status_display' returned '0': CMAKE_PREFIX_PATH=/home/chairman/working/ros2/learning/chapt3/topic_practice_ws/src/install/status_interfaces:/home/chairman/working/ros2/learning/chapt3/topic_practice_ws/src/install/status_display:/home/chairman/working/ros2/learning/chapt3/topic_practice_ws/src/install/status_publisher:/opt/ros/humble LD_LIBRARY_PATH=/home/chairman/working/ros2/learning/chapt3/topic_practice_ws/src/install/status_interfaces/lib:/usr/local/cuda-12.6/lib64:/usr/lib/x86_64-linux-gnu/gazebo-11/plugins:/opt/ros/humble/opt/rviz_ogre_vendor/lib:/opt/ros/humble/lib/x86_64-linux-gnu:/opt/ros/humble/lib:/usr/local/cuda-12.6/lib64 PYTHONPATH=/home/chairman/working/ros2/learning/chapt3/topic_practice_ws/src/install/status_interfaces/local/lib/python3.10/dist-packages:${PYTHONPATH} /usr/bin/cmake --install /home/chairman/working/ros2/learning/chapt3/topic_practice_ws/src/build/status_display
