[0.016s] Invoking command in '/home/chairman/working/ros2/beijixiong/ros_ws/build/rmoss_gz_cam': CMAKE_PREFIX_PATH=/home/chairman/working/ros2/beijixiong/ros_ws/install/rmoss_interfaces:/home/chairman/working/ros2/beijixiong/ros_ws/install/rmu_gazebo_simulator:/home/chairman/working/ros2/beijixiong/ros_ws/install/pb2025_robot_description:/home/chairman/working/ros2/beijixiong/ros_ws/install/rmoss_core:/home/chairman/working/ros2/beijixiong/ros_ws/install/rmoss_cam:/home/chairman/working/ros2/beijixiong/ros_ws/install/rmoss_util:/home/chairman/working/ros2/beijixiong/ros_ws/install/rmoss_projectile_motion:/home/chairman/working/ros2/beijixiong/ros_ws/install/rmoss_gz_cam:/home/chairman/working/ros2/beijixiong/ros_ws/install/rmoss_gz_bridge:/home/chairman/working/ros2/beijixiong/ros_ws/install/rmoss_gz_base:/home/chairman/working/ros2/beijixiong/ros_ws/install/rmoss_base:/home/chairman/working/ros2/beijixiong/ros_ws/install/rmoss_gz_resources:/home/chairman/working/ros2/beijixiong/ros_ws/install/rmoss_gz_plugins:/home/chairman/working/ros2/beijixiong/ros_ws/install/sdformat_tools:/opt/ros/humble LD_LIBRARY_PATH=/home/chairman/working/ros2/beijixiong/ros_ws/install/rmoss_interfaces/lib:/home/chairman/working/ros2/beijixiong/ros_ws/install/rmoss_cam/lib:/home/chairman/working/ros2/beijixiong/ros_ws/install/rmoss_util/lib:/home/chairman/working/ros2/beijixiong/ros_ws/install/rmoss_projectile_motion/lib:/home/chairman/working/ros2/beijixiong/ros_ws/install/rmoss_gz_cam/lib:/home/chairman/working/ros2/beijixiong/ros_ws/install/rmoss_gz_base/lib:/home/chairman/working/ros2/beijixiong/ros_ws/install/rmoss_base/lib:/usr/lib/x86_64-linux-gnu:/usr/lib/x86_64-linux-gnu:/opt/ros/humble/opt/rviz_ogre_vendor/lib:/opt/ros/humble/lib/x86_64-linux-gnu:/opt/ros/humble/lib PYTHONPATH=/home/chairman/working/ros2/beijixiong/ros_ws/install/rmoss_interfaces/lib/python3.10/site-packages:/home/chairman/working/ros2/beijixiong/ros_ws/build/sdformat_tools:/home/chairman/working/ros2/beijixiong/ros_ws/install/sdformat_tools/lib/python3.10/site-packages:/opt/ros/humble/lib/python3.10/site-packages:/opt/ros/humble/local/lib/python3.10/dist-packages VIRTUAL_ENV_PROMPT=(venv) /usr/bin/cmake /home/chairman/working/ros2/beijixiong/ros_ws/src/rmoss_gazebo/rmoss_gz_cam -DCMAKE_BUILD_TYPE=release -DAMENT_CMAKE_SYMLINK_INSTALL=1 -DCMAKE_INSTALL_PREFIX=/home/chairman/working/ros2/beijixiong/ros_ws/install/rmoss_gz_cam
[0.056s] -- The C compiler identification is GNU 11.4.0
[0.096s] -- The CXX compiler identification is GNU 11.4.0
[0.101s] -- Detecting C compiler ABI info
[0.149s] -- Detecting C compiler ABI info - done
[0.155s] -- Check for working C compiler: /usr/bin/cc - skipped
[0.155s] -- Detecting C compile features
[0.155s] -- Detecting C compile features - done
[0.157s] -- Detecting CXX compiler ABI info
[0.217s] -- Detecting CXX compiler ABI info - done
[0.223s] -- Check for working CXX compiler: /usr/bin/c++ - skipped
[0.223s] -- Detecting CXX compile features
[0.223s] -- Detecting CXX compile features - done
[0.225s] -- Found ament_cmake: 1.3.12 (/opt/ros/humble/share/ament_cmake/cmake)
[0.326s] -- Found Python3: /home/chairman/venv/bin/python3 (found version "3.10.12") found components: Interpreter 
[0.370s] -- Override CMake install command with custom implementation using symlinks instead of copying resources
[0.390s] -- Found rclcpp: 16.0.15 (/opt/ros/humble/share/rclcpp/cmake)
[0.420s] -- Found rosidl_generator_c: 3.1.7 (/opt/ros/humble/share/rosidl_generator_c/cmake)
[0.423s] -- Found rosidl_adapter: 3.1.7 (/opt/ros/humble/share/rosidl_adapter/cmake)
[0.429s] -- Found rosidl_generator_cpp: 3.1.7 (/opt/ros/humble/share/rosidl_generator_cpp/cmake)
[0.436s] -- Using all available rosidl_typesupport_c: rosidl_typesupport_fastrtps_c;rosidl_typesupport_introspection_c
[0.447s] -- Using all available rosidl_typesupport_cpp: rosidl_typesupport_fastrtps_cpp;rosidl_typesupport_introspection_cpp
[0.475s] -- Found rmw_implementation_cmake: 6.1.2 (/opt/ros/humble/share/rmw_implementation_cmake/cmake)
[0.477s] -- Found rmw_fastrtps_cpp: 6.2.9 (/opt/ros/humble/share/rmw_fastrtps_cpp/cmake)
[0.543s] -- Found OpenSSL: /usr/lib/x86_64-linux-gnu/libcrypto.so (found version "3.0.2")  
[0.562s] -- Found FastRTPS: /opt/ros/humble/include  
[0.589s] -- Using RMW implementation 'rmw_fastrtps_cpp' as default
[0.595s] -- Looking for pthread.h
[0.646s] -- Looking for pthread.h - found
[0.647s] -- Performing Test CMAKE_HAVE_LIBC_PTHREAD
[0.700s] -- Performing Test CMAKE_HAVE_LIBC_PTHREAD - Success
[0.701s] -- Found Threads: TRUE  
[0.734s] -- Found rclcpp_components: 16.0.15 (/opt/ros/humble/share/rclcpp_components/cmake)
[0.751s] -- Found sensor_msgs: 4.9.0 (/opt/ros/humble/share/sensor_msgs/cmake)
[0.770s] -- Found rmoss_interfaces: 0.9.0 (/home/chairman/working/ros2/beijixiong/ros_ws/install/rmoss_interfaces/share/rmoss_interfaces/cmake)
[0.784s] -- Found image_transport: 3.1.12 (/opt/ros/humble/share/image_transport/cmake)
[0.800s] -- Found ros_gz_bridge: 0.244.20 (/opt/ros/humble/share/ros_gz_bridge/cmake)
[0.824s] -- Found Protobuf: /usr/lib/x86_64-linux-gnu/libprotobuf.so (found suitable version "3.12.4", minimum required is "3") 
[0.888s] -- Found Protobuf: /usr/lib/x86_64-linux-gnu/libprotobuf.so (found version "3.12.4") 
[1.170s] -- Looking for ignition-transport11 -- found version 11.4.1
[1.170s] -- Looking for ignition-msgs8 -- found version 8.7.0
[1.170s] -- Compiling against Ignition Fortress
[1.176s] -- Found ament_lint_auto: 0.12.14 (/opt/ros/humble/share/ament_lint_auto/cmake)
[1.262s] -- Added test 'copyright' to check source files copyright and LICENSE
[1.263s] -- Added test 'cppcheck' to perform static code analysis on C / C++ code
[1.264s] -- Configured cppcheck include dirs: /home/chairman/working/ros2/beijixiong/ros_ws/src/rmoss_gazebo/rmoss_gz_cam/include
[1.264s] -- Configured cppcheck exclude dirs and/or files: 
[1.265s] -- Added test 'cpplint' to check C / C++ code against the Google style
[1.265s] -- Configured cpplint exclude dirs and/or files: 
[1.265s] -- Added test 'flake8' to check Python code syntax and style conventions
[1.266s] -- Added test 'lint_cmake' to check CMake code style
[1.267s] -- Added test 'pep257' to check Python code against some of the docstring style conventions in PEP 257
[1.268s] -- Added test 'uncrustify' to check C / C++ code style
[1.268s] -- Configured uncrustify additional arguments: 
[1.268s] -- Added test 'xmllint' to check XML markup files
[1.271s] -- Configuring done
[1.295s] -- Generating done
[1.304s] -- Build files have been written to: /home/chairman/working/ros2/beijixiong/ros_ws/build/rmoss_gz_cam
[1.318s] Invoked command in '/home/chairman/working/ros2/beijixiong/ros_ws/build/rmoss_gz_cam' returned '0': CMAKE_PREFIX_PATH=/home/chairman/working/ros2/beijixiong/ros_ws/install/rmoss_interfaces:/home/chairman/working/ros2/beijixiong/ros_ws/install/rmu_gazebo_simulator:/home/chairman/working/ros2/beijixiong/ros_ws/install/pb2025_robot_description:/home/chairman/working/ros2/beijixiong/ros_ws/install/rmoss_core:/home/chairman/working/ros2/beijixiong/ros_ws/install/rmoss_cam:/home/chairman/working/ros2/beijixiong/ros_ws/install/rmoss_util:/home/chairman/working/ros2/beijixiong/ros_ws/install/rmoss_projectile_motion:/home/chairman/working/ros2/beijixiong/ros_ws/install/rmoss_gz_cam:/home/chairman/working/ros2/beijixiong/ros_ws/install/rmoss_gz_bridge:/home/chairman/working/ros2/beijixiong/ros_ws/install/rmoss_gz_base:/home/chairman/working/ros2/beijixiong/ros_ws/install/rmoss_base:/home/chairman/working/ros2/beijixiong/ros_ws/install/rmoss_gz_resources:/home/chairman/working/ros2/beijixiong/ros_ws/install/rmoss_gz_plugins:/home/chairman/working/ros2/beijixiong/ros_ws/install/sdformat_tools:/opt/ros/humble LD_LIBRARY_PATH=/home/chairman/working/ros2/beijixiong/ros_ws/install/rmoss_interfaces/lib:/home/chairman/working/ros2/beijixiong/ros_ws/install/rmoss_cam/lib:/home/chairman/working/ros2/beijixiong/ros_ws/install/rmoss_util/lib:/home/chairman/working/ros2/beijixiong/ros_ws/install/rmoss_projectile_motion/lib:/home/chairman/working/ros2/beijixiong/ros_ws/install/rmoss_gz_cam/lib:/home/chairman/working/ros2/beijixiong/ros_ws/install/rmoss_gz_base/lib:/home/chairman/working/ros2/beijixiong/ros_ws/install/rmoss_base/lib:/usr/lib/x86_64-linux-gnu:/usr/lib/x86_64-linux-gnu:/opt/ros/humble/opt/rviz_ogre_vendor/lib:/opt/ros/humble/lib/x86_64-linux-gnu:/opt/ros/humble/lib PYTHONPATH=/home/chairman/working/ros2/beijixiong/ros_ws/install/rmoss_interfaces/lib/python3.10/site-packages:/home/chairman/working/ros2/beijixiong/ros_ws/build/sdformat_tools:/home/chairman/working/ros2/beijixiong/ros_ws/install/sdformat_tools/lib/python3.10/site-packages:/opt/ros/humble/lib/python3.10/site-packages:/opt/ros/humble/local/lib/python3.10/dist-packages VIRTUAL_ENV_PROMPT=(venv) /usr/bin/cmake /home/chairman/working/ros2/beijixiong/ros_ws/src/rmoss_gazebo/rmoss_gz_cam -DCMAKE_BUILD_TYPE=release -DAMENT_CMAKE_SYMLINK_INSTALL=1 -DCMAKE_INSTALL_PREFIX=/home/chairman/working/ros2/beijixiong/ros_ws/install/rmoss_gz_cam
[1.321s] Invoking command in '/home/chairman/working/ros2/beijixiong/ros_ws/build/rmoss_gz_cam': CMAKE_PREFIX_PATH=/home/chairman/working/ros2/beijixiong/ros_ws/install/rmoss_interfaces:/home/chairman/working/ros2/beijixiong/ros_ws/install/rmu_gazebo_simulator:/home/chairman/working/ros2/beijixiong/ros_ws/install/pb2025_robot_description:/home/chairman/working/ros2/beijixiong/ros_ws/install/rmoss_core:/home/chairman/working/ros2/beijixiong/ros_ws/install/rmoss_cam:/home/chairman/working/ros2/beijixiong/ros_ws/install/rmoss_util:/home/chairman/working/ros2/beijixiong/ros_ws/install/rmoss_projectile_motion:/home/chairman/working/ros2/beijixiong/ros_ws/install/rmoss_gz_cam:/home/chairman/working/ros2/beijixiong/ros_ws/install/rmoss_gz_bridge:/home/chairman/working/ros2/beijixiong/ros_ws/install/rmoss_gz_base:/home/chairman/working/ros2/beijixiong/ros_ws/install/rmoss_base:/home/chairman/working/ros2/beijixiong/ros_ws/install/rmoss_gz_resources:/home/chairman/working/ros2/beijixiong/ros_ws/install/rmoss_gz_plugins:/home/chairman/working/ros2/beijixiong/ros_ws/install/sdformat_tools:/opt/ros/humble LD_LIBRARY_PATH=/home/chairman/working/ros2/beijixiong/ros_ws/install/rmoss_interfaces/lib:/home/chairman/working/ros2/beijixiong/ros_ws/install/rmoss_cam/lib:/home/chairman/working/ros2/beijixiong/ros_ws/install/rmoss_util/lib:/home/chairman/working/ros2/beijixiong/ros_ws/install/rmoss_projectile_motion/lib:/home/chairman/working/ros2/beijixiong/ros_ws/install/rmoss_gz_cam/lib:/home/chairman/working/ros2/beijixiong/ros_ws/install/rmoss_gz_base/lib:/home/chairman/working/ros2/beijixiong/ros_ws/install/rmoss_base/lib:/usr/lib/x86_64-linux-gnu:/usr/lib/x86_64-linux-gnu:/opt/ros/humble/opt/rviz_ogre_vendor/lib:/opt/ros/humble/lib/x86_64-linux-gnu:/opt/ros/humble/lib PYTHONPATH=/home/chairman/working/ros2/beijixiong/ros_ws/install/rmoss_interfaces/lib/python3.10/site-packages:/home/chairman/working/ros2/beijixiong/ros_ws/build/sdformat_tools:/home/chairman/working/ros2/beijixiong/ros_ws/install/sdformat_tools/lib/python3.10/site-packages:/opt/ros/humble/lib/python3.10/site-packages:/opt/ros/humble/local/lib/python3.10/dist-packages VIRTUAL_ENV_PROMPT=(venv) /usr/bin/cmake --build /home/chairman/working/ros2/beijixiong/ros_ws/build/rmoss_gz_cam -- -j28 -l28
[1.369s] [ 25%] [32mBuilding CXX object CMakeFiles/rmoss_gz_cam.dir/src/gz_cam_node.cpp.o[0m
[12.817s] [ 50%] [32m[1mLinking CXX shared library librmoss_gz_cam.so[0m
[13.476s] [ 50%] Built target rmoss_gz_cam
[13.498s] [ 75%] [32mBuilding CXX object CMakeFiles/gz_cam.dir/src/gz_cam_main.cpp.o[0m
[18.899s] [100%] [32m[1mLinking CXX executable gz_cam[0m
[19.060s] [100%] Built target gz_cam
[19.069s] Invoked command in '/home/chairman/working/ros2/beijixiong/ros_ws/build/rmoss_gz_cam' returned '0': CMAKE_PREFIX_PATH=/home/chairman/working/ros2/beijixiong/ros_ws/install/rmoss_interfaces:/home/chairman/working/ros2/beijixiong/ros_ws/install/rmu_gazebo_simulator:/home/chairman/working/ros2/beijixiong/ros_ws/install/pb2025_robot_description:/home/chairman/working/ros2/beijixiong/ros_ws/install/rmoss_core:/home/chairman/working/ros2/beijixiong/ros_ws/install/rmoss_cam:/home/chairman/working/ros2/beijixiong/ros_ws/install/rmoss_util:/home/chairman/working/ros2/beijixiong/ros_ws/install/rmoss_projectile_motion:/home/chairman/working/ros2/beijixiong/ros_ws/install/rmoss_gz_cam:/home/chairman/working/ros2/beijixiong/ros_ws/install/rmoss_gz_bridge:/home/chairman/working/ros2/beijixiong/ros_ws/install/rmoss_gz_base:/home/chairman/working/ros2/beijixiong/ros_ws/install/rmoss_base:/home/chairman/working/ros2/beijixiong/ros_ws/install/rmoss_gz_resources:/home/chairman/working/ros2/beijixiong/ros_ws/install/rmoss_gz_plugins:/home/chairman/working/ros2/beijixiong/ros_ws/install/sdformat_tools:/opt/ros/humble LD_LIBRARY_PATH=/home/chairman/working/ros2/beijixiong/ros_ws/install/rmoss_interfaces/lib:/home/chairman/working/ros2/beijixiong/ros_ws/install/rmoss_cam/lib:/home/chairman/working/ros2/beijixiong/ros_ws/install/rmoss_util/lib:/home/chairman/working/ros2/beijixiong/ros_ws/install/rmoss_projectile_motion/lib:/home/chairman/working/ros2/beijixiong/ros_ws/install/rmoss_gz_cam/lib:/home/chairman/working/ros2/beijixiong/ros_ws/install/rmoss_gz_base/lib:/home/chairman/working/ros2/beijixiong/ros_ws/install/rmoss_base/lib:/usr/lib/x86_64-linux-gnu:/usr/lib/x86_64-linux-gnu:/opt/ros/humble/opt/rviz_ogre_vendor/lib:/opt/ros/humble/lib/x86_64-linux-gnu:/opt/ros/humble/lib PYTHONPATH=/home/chairman/working/ros2/beijixiong/ros_ws/install/rmoss_interfaces/lib/python3.10/site-packages:/home/chairman/working/ros2/beijixiong/ros_ws/build/sdformat_tools:/home/chairman/working/ros2/beijixiong/ros_ws/install/sdformat_tools/lib/python3.10/site-packages:/opt/ros/humble/lib/python3.10/site-packages:/opt/ros/humble/local/lib/python3.10/dist-packages VIRTUAL_ENV_PROMPT=(venv) /usr/bin/cmake --build /home/chairman/working/ros2/beijixiong/ros_ws/build/rmoss_gz_cam -- -j28 -l28
[19.070s] Invoking command in '/home/chairman/working/ros2/beijixiong/ros_ws/build/rmoss_gz_cam': CMAKE_PREFIX_PATH=/home/chairman/working/ros2/beijixiong/ros_ws/install/rmoss_interfaces:/home/chairman/working/ros2/beijixiong/ros_ws/install/rmu_gazebo_simulator:/home/chairman/working/ros2/beijixiong/ros_ws/install/pb2025_robot_description:/home/chairman/working/ros2/beijixiong/ros_ws/install/rmoss_core:/home/chairman/working/ros2/beijixiong/ros_ws/install/rmoss_cam:/home/chairman/working/ros2/beijixiong/ros_ws/install/rmoss_util:/home/chairman/working/ros2/beijixiong/ros_ws/install/rmoss_projectile_motion:/home/chairman/working/ros2/beijixiong/ros_ws/install/rmoss_gz_cam:/home/chairman/working/ros2/beijixiong/ros_ws/install/rmoss_gz_bridge:/home/chairman/working/ros2/beijixiong/ros_ws/install/rmoss_gz_base:/home/chairman/working/ros2/beijixiong/ros_ws/install/rmoss_base:/home/chairman/working/ros2/beijixiong/ros_ws/install/rmoss_gz_resources:/home/chairman/working/ros2/beijixiong/ros_ws/install/rmoss_gz_plugins:/home/chairman/working/ros2/beijixiong/ros_ws/install/sdformat_tools:/opt/ros/humble LD_LIBRARY_PATH=/home/chairman/working/ros2/beijixiong/ros_ws/install/rmoss_interfaces/lib:/home/chairman/working/ros2/beijixiong/ros_ws/install/rmoss_cam/lib:/home/chairman/working/ros2/beijixiong/ros_ws/install/rmoss_util/lib:/home/chairman/working/ros2/beijixiong/ros_ws/install/rmoss_projectile_motion/lib:/home/chairman/working/ros2/beijixiong/ros_ws/install/rmoss_gz_cam/lib:/home/chairman/working/ros2/beijixiong/ros_ws/install/rmoss_gz_base/lib:/home/chairman/working/ros2/beijixiong/ros_ws/install/rmoss_base/lib:/usr/lib/x86_64-linux-gnu:/usr/lib/x86_64-linux-gnu:/opt/ros/humble/opt/rviz_ogre_vendor/lib:/opt/ros/humble/lib/x86_64-linux-gnu:/opt/ros/humble/lib PYTHONPATH=/home/chairman/working/ros2/beijixiong/ros_ws/install/rmoss_interfaces/lib/python3.10/site-packages:/home/chairman/working/ros2/beijixiong/ros_ws/build/sdformat_tools:/home/chairman/working/ros2/beijixiong/ros_ws/install/sdformat_tools/lib/python3.10/site-packages:/opt/ros/humble/lib/python3.10/site-packages:/opt/ros/humble/local/lib/python3.10/dist-packages VIRTUAL_ENV_PROMPT=(venv) /usr/bin/cmake --install /home/chairman/working/ros2/beijixiong/ros_ws/build/rmoss_gz_cam
[19.075s] -- Install configuration: "release"
[19.075s] -- Execute custom install script
[19.076s] -- Symlinking: /home/chairman/working/ros2/beijixiong/ros_ws/install/rmoss_gz_cam/include/rmoss_gz_cam/gz_cam_node.hpp
[19.082s] -- Symlinking: /home/chairman/working/ros2/beijixiong/ros_ws/install/rmoss_gz_cam/lib/rmoss_gz_cam/gz_cam
[19.088s] -- Symlinking: /home/chairman/working/ros2/beijixiong/ros_ws/install/rmoss_gz_cam/share/rmoss_gz_cam/launch/gz_cam.launch.py
[19.094s] -- Symlinking: /home/chairman/working/ros2/beijixiong/ros_ws/install/rmoss_gz_cam/share/ament_index/resource_index/package_run_dependencies/rmoss_gz_cam
[19.100s] -- Symlinking: /home/chairman/working/ros2/beijixiong/ros_ws/install/rmoss_gz_cam/share/ament_index/resource_index/parent_prefix_path/rmoss_gz_cam
[19.106s] -- Symlinking: /home/chairman/working/ros2/beijixiong/ros_ws/install/rmoss_gz_cam/share/rmoss_gz_cam/environment/ament_prefix_path.sh
[19.112s] -- Symlinking: /home/chairman/working/ros2/beijixiong/ros_ws/install/rmoss_gz_cam/share/rmoss_gz_cam/environment/ament_prefix_path.dsv
[19.120s] -- Symlinking: /home/chairman/working/ros2/beijixiong/ros_ws/install/rmoss_gz_cam/share/rmoss_gz_cam/environment/path.sh
[19.128s] -- Symlinking: /home/chairman/working/ros2/beijixiong/ros_ws/install/rmoss_gz_cam/share/rmoss_gz_cam/environment/path.dsv
[19.135s] -- Symlinking: /home/chairman/working/ros2/beijixiong/ros_ws/install/rmoss_gz_cam/share/rmoss_gz_cam/local_setup.bash
[19.141s] -- Symlinking: /home/chairman/working/ros2/beijixiong/ros_ws/install/rmoss_gz_cam/share/rmoss_gz_cam/local_setup.sh
[19.147s] -- Symlinking: /home/chairman/working/ros2/beijixiong/ros_ws/install/rmoss_gz_cam/share/rmoss_gz_cam/local_setup.zsh
[19.154s] -- Symlinking: /home/chairman/working/ros2/beijixiong/ros_ws/install/rmoss_gz_cam/share/rmoss_gz_cam/local_setup.dsv
[19.160s] -- Symlinking: /home/chairman/working/ros2/beijixiong/ros_ws/install/rmoss_gz_cam/share/rmoss_gz_cam/package.dsv
[19.165s] -- Symlinking: /home/chairman/working/ros2/beijixiong/ros_ws/install/rmoss_gz_cam/share/ament_index/resource_index/packages/rmoss_gz_cam
[19.172s] -- Symlinking: /home/chairman/working/ros2/beijixiong/ros_ws/install/rmoss_gz_cam/share/ament_index/resource_index/rclcpp_components/rmoss_gz_cam
[19.178s] -- Symlinking: /home/chairman/working/ros2/beijixiong/ros_ws/install/rmoss_gz_cam/share/rmoss_gz_cam/cmake/rmoss_gz_camConfig.cmake
[19.184s] -- Symlinking: /home/chairman/working/ros2/beijixiong/ros_ws/install/rmoss_gz_cam/share/rmoss_gz_cam/cmake/rmoss_gz_camConfig-version.cmake
[19.190s] -- Symlinking: /home/chairman/working/ros2/beijixiong/ros_ws/install/rmoss_gz_cam/share/rmoss_gz_cam/package.xml
[19.195s] -- Installing: /home/chairman/working/ros2/beijixiong/ros_ws/install/rmoss_gz_cam/lib/librmoss_gz_cam.so
[19.196s] -- Set runtime path of "/home/chairman/working/ros2/beijixiong/ros_ws/install/rmoss_gz_cam/lib/librmoss_gz_cam.so" to ""
[19.197s] Invoked command in '/home/chairman/working/ros2/beijixiong/ros_ws/build/rmoss_gz_cam' returned '0': CMAKE_PREFIX_PATH=/home/chairman/working/ros2/beijixiong/ros_ws/install/rmoss_interfaces:/home/chairman/working/ros2/beijixiong/ros_ws/install/rmu_gazebo_simulator:/home/chairman/working/ros2/beijixiong/ros_ws/install/pb2025_robot_description:/home/chairman/working/ros2/beijixiong/ros_ws/install/rmoss_core:/home/chairman/working/ros2/beijixiong/ros_ws/install/rmoss_cam:/home/chairman/working/ros2/beijixiong/ros_ws/install/rmoss_util:/home/chairman/working/ros2/beijixiong/ros_ws/install/rmoss_projectile_motion:/home/chairman/working/ros2/beijixiong/ros_ws/install/rmoss_gz_cam:/home/chairman/working/ros2/beijixiong/ros_ws/install/rmoss_gz_bridge:/home/chairman/working/ros2/beijixiong/ros_ws/install/rmoss_gz_base:/home/chairman/working/ros2/beijixiong/ros_ws/install/rmoss_base:/home/chairman/working/ros2/beijixiong/ros_ws/install/rmoss_gz_resources:/home/chairman/working/ros2/beijixiong/ros_ws/install/rmoss_gz_plugins:/home/chairman/working/ros2/beijixiong/ros_ws/install/sdformat_tools:/opt/ros/humble LD_LIBRARY_PATH=/home/chairman/working/ros2/beijixiong/ros_ws/install/rmoss_interfaces/lib:/home/chairman/working/ros2/beijixiong/ros_ws/install/rmoss_cam/lib:/home/chairman/working/ros2/beijixiong/ros_ws/install/rmoss_util/lib:/home/chairman/working/ros2/beijixiong/ros_ws/install/rmoss_projectile_motion/lib:/home/chairman/working/ros2/beijixiong/ros_ws/install/rmoss_gz_cam/lib:/home/chairman/working/ros2/beijixiong/ros_ws/install/rmoss_gz_base/lib:/home/chairman/working/ros2/beijixiong/ros_ws/install/rmoss_base/lib:/usr/lib/x86_64-linux-gnu:/usr/lib/x86_64-linux-gnu:/opt/ros/humble/opt/rviz_ogre_vendor/lib:/opt/ros/humble/lib/x86_64-linux-gnu:/opt/ros/humble/lib PYTHONPATH=/home/chairman/working/ros2/beijixiong/ros_ws/install/rmoss_interfaces/lib/python3.10/site-packages:/home/chairman/working/ros2/beijixiong/ros_ws/build/sdformat_tools:/home/chairman/working/ros2/beijixiong/ros_ws/install/sdformat_tools/lib/python3.10/site-packages:/opt/ros/humble/lib/python3.10/site-packages:/opt/ros/humble/local/lib/python3.10/dist-packages VIRTUAL_ENV_PROMPT=(venv) /usr/bin/cmake --install /home/chairman/working/ros2/beijixiong/ros_ws/build/rmoss_gz_cam
