[0.063s] DEBUG:colcon:Command line arguments: ['/usr/bin/colcon', 'build', '--packages-select', 'pcd2pgm']
[0.063s] DEBUG:colcon:Parsed command line arguments: Namespace(log_base=None, log_level=None, verb_name='build', build_base='build', install_base='install', merge_install=False, symlink_install=False, test_result_base=None, continue_on_error=False, executor='parallel', parallel_workers=28, event_handlers=None, ignore_user_meta=False, metas=['./colcon.meta'], base_paths=['.'], packages_ignore=None, packages_ignore_regex=None, paths=None, packages_up_to=None, packages_up_to_regex=None, packages_above=None, packages_above_and_dependencies=None, packages_above_depth=None, packages_select_by_dep=None, packages_skip_by_dep=None, packages_skip_up_to=None, packages_select_build_failed=False, packages_skip_build_finished=False, packages_select_test_failures=False, packages_skip_test_passed=False, packages_select=['pcd2pgm'], packages_skip=None, packages_select_regex=None, packages_skip_regex=None, packages_start=None, packages_end=None, allow_overriding=[], cmake_args=None, cmake_target=None, cmake_target_skip_unavailable=False, cmake_clean_cache=False, cmake_clean_first=False, cmake_force_configure=False, ament_cmake_args=None, catkin_cmake_args=None, catkin_skip_building_tests=False, verb_parser=<colcon_defaults.argument_parser.defaults.DefaultArgumentsDecorator object at 0x741b4ea51270>, verb_extension=<colcon_core.verb.build.BuildVerb object at 0x741b4eb46680>, main=<bound method BuildVerb.main of <colcon_core.verb.build.BuildVerb object at 0x741b4eb46680>>)
[0.158s] Level 1:colcon.colcon_core.package_discovery:discover_packages(colcon_meta) check parameters
[0.158s] Level 1:colcon.colcon_core.package_discovery:discover_packages(recursive) check parameters
[0.158s] Level 1:colcon.colcon_core.package_discovery:discover_packages(ignore) check parameters
[0.158s] Level 1:colcon.colcon_core.package_discovery:discover_packages(path) check parameters
[0.158s] Level 1:colcon.colcon_core.package_discovery:discover_packages(colcon_meta) discover
[0.158s] Level 1:colcon.colcon_core.package_discovery:discover_packages(recursive) discover
[0.158s] INFO:colcon.colcon_core.package_discovery:Crawling recursively for packages in '/home/chairman/working/ros2/leida/ws_livox'
[0.158s] Level 1:colcon.colcon_core.package_identification:_identify(.) by extensions ['ignore', 'ignore_ament_install']
[0.159s] Level 1:colcon.colcon_core.package_identification:_identify(.) by extension 'ignore'
[0.159s] Level 1:colcon.colcon_core.package_identification:_identify(.) by extension 'ignore_ament_install'
[0.159s] Level 1:colcon.colcon_core.package_identification:_identify(.) by extensions ['colcon_pkg']
[0.159s] Level 1:colcon.colcon_core.package_identification:_identify(.) by extension 'colcon_pkg'
[0.159s] Level 1:colcon.colcon_core.package_identification:_identify(.) by extensions ['colcon_meta']
[0.159s] Level 1:colcon.colcon_core.package_identification:_identify(.) by extension 'colcon_meta'
[0.159s] Level 1:colcon.colcon_core.package_identification:_identify(.) by extensions ['ros']
[0.159s] Level 1:colcon.colcon_core.package_identification:_identify(.) by extension 'ros'
[0.166s] Level 1:colcon.colcon_core.package_identification:_identify(.) by extensions ['cmake', 'python']
[0.166s] Level 1:colcon.colcon_core.package_identification:_identify(.) by extension 'cmake'
[0.166s] Level 1:colcon.colcon_core.package_identification:_identify(.) by extension 'python'
[0.166s] Level 1:colcon.colcon_core.package_identification:_identify(.) by extensions ['python_setup_py']
[0.166s] Level 1:colcon.colcon_core.package_identification:_identify(.) by extension 'python_setup_py'
[0.166s] Level 1:colcon.colcon_core.package_identification:_identify(build) by extensions ['ignore', 'ignore_ament_install']
[0.166s] Level 1:colcon.colcon_core.package_identification:_identify(build) by extension 'ignore'
[0.166s] Level 1:colcon.colcon_core.package_identification:_identify(build) ignored
[0.166s] Level 1:colcon.colcon_core.package_identification:_identify(install) by extensions ['ignore', 'ignore_ament_install']
[0.166s] Level 1:colcon.colcon_core.package_identification:_identify(install) by extension 'ignore'
[0.166s] Level 1:colcon.colcon_core.package_identification:_identify(install) ignored
[0.166s] Level 1:colcon.colcon_core.package_identification:_identify(log) by extensions ['ignore', 'ignore_ament_install']
[0.166s] Level 1:colcon.colcon_core.package_identification:_identify(log) by extension 'ignore'
[0.166s] Level 1:colcon.colcon_core.package_identification:_identify(log) ignored
[0.166s] Level 1:colcon.colcon_core.package_identification:_identify(src) by extensions ['ignore', 'ignore_ament_install']
[0.166s] Level 1:colcon.colcon_core.package_identification:_identify(src) by extension 'ignore'
[0.166s] Level 1:colcon.colcon_core.package_identification:_identify(src) by extension 'ignore_ament_install'
[0.166s] Level 1:colcon.colcon_core.package_identification:_identify(src) by extensions ['colcon_pkg']
[0.166s] Level 1:colcon.colcon_core.package_identification:_identify(src) by extension 'colcon_pkg'
[0.166s] Level 1:colcon.colcon_core.package_identification:_identify(src) by extensions ['colcon_meta']
[0.166s] Level 1:colcon.colcon_core.package_identification:_identify(src) by extension 'colcon_meta'
[0.166s] Level 1:colcon.colcon_core.package_identification:_identify(src) by extensions ['ros']
[0.166s] Level 1:colcon.colcon_core.package_identification:_identify(src) by extension 'ros'
[0.166s] Level 1:colcon.colcon_core.package_identification:_identify(src) by extensions ['cmake', 'python']
[0.166s] Level 1:colcon.colcon_core.package_identification:_identify(src) by extension 'cmake'
[0.166s] Level 1:colcon.colcon_core.package_identification:_identify(src) by extension 'python'
[0.166s] Level 1:colcon.colcon_core.package_identification:_identify(src) by extensions ['python_setup_py']
[0.166s] Level 1:colcon.colcon_core.package_identification:_identify(src) by extension 'python_setup_py'
[0.166s] Level 1:colcon.colcon_core.package_identification:_identify(src/fast_lio) by extensions ['ignore', 'ignore_ament_install']
[0.167s] Level 1:colcon.colcon_core.package_identification:_identify(src/fast_lio) by extension 'ignore'
[0.167s] Level 1:colcon.colcon_core.package_identification:_identify(src/fast_lio) by extension 'ignore_ament_install'
[0.167s] Level 1:colcon.colcon_core.package_identification:_identify(src/fast_lio) by extensions ['colcon_pkg']
[0.167s] Level 1:colcon.colcon_core.package_identification:_identify(src/fast_lio) by extension 'colcon_pkg'
[0.167s] Level 1:colcon.colcon_core.package_identification:_identify(src/fast_lio) by extensions ['colcon_meta']
[0.167s] Level 1:colcon.colcon_core.package_identification:_identify(src/fast_lio) by extension 'colcon_meta'
[0.167s] Level 1:colcon.colcon_core.package_identification:_identify(src/fast_lio) by extensions ['ros']
[0.167s] Level 1:colcon.colcon_core.package_identification:_identify(src/fast_lio) by extension 'ros'
[0.169s] DEBUG:colcon.colcon_core.package_identification:Package 'src/fast_lio' with type 'ros.ament_cmake' and name 'fast_lio'
[0.169s] Level 1:colcon.colcon_core.package_identification:_identify(src/livox_ros_driver2) by extensions ['ignore', 'ignore_ament_install']
[0.169s] Level 1:colcon.colcon_core.package_identification:_identify(src/livox_ros_driver2) by extension 'ignore'
[0.169s] Level 1:colcon.colcon_core.package_identification:_identify(src/livox_ros_driver2) by extension 'ignore_ament_install'
[0.169s] Level 1:colcon.colcon_core.package_identification:_identify(src/livox_ros_driver2) by extensions ['colcon_pkg']
[0.169s] Level 1:colcon.colcon_core.package_identification:_identify(src/livox_ros_driver2) by extension 'colcon_pkg'
[0.169s] Level 1:colcon.colcon_core.package_identification:_identify(src/livox_ros_driver2) by extensions ['colcon_meta']
[0.169s] Level 1:colcon.colcon_core.package_identification:_identify(src/livox_ros_driver2) by extension 'colcon_meta'
[0.169s] Level 1:colcon.colcon_core.package_identification:_identify(src/livox_ros_driver2) by extensions ['ros']
[0.169s] Level 1:colcon.colcon_core.package_identification:_identify(src/livox_ros_driver2) by extension 'ros'
[0.170s] DEBUG:colcon.colcon_core.package_identification:Package 'src/livox_ros_driver2' with type 'ros.ament_cmake' and name 'livox_ros_driver2'
[0.170s] Level 1:colcon.colcon_core.package_identification:_identify(src/odometry) by extensions ['ignore', 'ignore_ament_install']
[0.170s] Level 1:colcon.colcon_core.package_identification:_identify(src/odometry) by extension 'ignore'
[0.170s] Level 1:colcon.colcon_core.package_identification:_identify(src/odometry) by extension 'ignore_ament_install'
[0.170s] Level 1:colcon.colcon_core.package_identification:_identify(src/odometry) by extensions ['colcon_pkg']
[0.170s] Level 1:colcon.colcon_core.package_identification:_identify(src/odometry) by extension 'colcon_pkg'
[0.170s] Level 1:colcon.colcon_core.package_identification:_identify(src/odometry) by extensions ['colcon_meta']
[0.170s] Level 1:colcon.colcon_core.package_identification:_identify(src/odometry) by extension 'colcon_meta'
[0.170s] Level 1:colcon.colcon_core.package_identification:_identify(src/odometry) by extensions ['ros']
[0.170s] Level 1:colcon.colcon_core.package_identification:_identify(src/odometry) by extension 'ros'
[0.170s] DEBUG:colcon.colcon_core.package_identification:Package 'src/odometry' with type 'ros.ament_cmake' and name 'odometry'
[0.170s] Level 1:colcon.colcon_core.package_identification:_identify(src/pcd2pgm) by extensions ['ignore', 'ignore_ament_install']
[0.171s] Level 1:colcon.colcon_core.package_identification:_identify(src/pcd2pgm) by extension 'ignore'
[0.171s] Level 1:colcon.colcon_core.package_identification:_identify(src/pcd2pgm) by extension 'ignore_ament_install'
[0.171s] Level 1:colcon.colcon_core.package_identification:_identify(src/pcd2pgm) by extensions ['colcon_pkg']
[0.171s] Level 1:colcon.colcon_core.package_identification:_identify(src/pcd2pgm) by extension 'colcon_pkg'
[0.171s] Level 1:colcon.colcon_core.package_identification:_identify(src/pcd2pgm) by extensions ['colcon_meta']
[0.171s] Level 1:colcon.colcon_core.package_identification:_identify(src/pcd2pgm) by extension 'colcon_meta'
[0.171s] Level 1:colcon.colcon_core.package_identification:_identify(src/pcd2pgm) by extensions ['ros']
[0.171s] Level 1:colcon.colcon_core.package_identification:_identify(src/pcd2pgm) by extension 'ros'
[0.171s] DEBUG:colcon.colcon_core.package_identification:Package 'src/pcd2pgm' with type 'ros.ament_cmake' and name 'pcd2pgm'
[0.171s] Level 1:colcon.colcon_core.package_identification:_identify(src/point_lio) by extensions ['ignore', 'ignore_ament_install']
[0.171s] Level 1:colcon.colcon_core.package_identification:_identify(src/point_lio) by extension 'ignore'
[0.171s] Level 1:colcon.colcon_core.package_identification:_identify(src/point_lio) by extension 'ignore_ament_install'
[0.171s] Level 1:colcon.colcon_core.package_identification:_identify(src/point_lio) by extensions ['colcon_pkg']
[0.171s] Level 1:colcon.colcon_core.package_identification:_identify(src/point_lio) by extension 'colcon_pkg'
[0.171s] Level 1:colcon.colcon_core.package_identification:_identify(src/point_lio) by extensions ['colcon_meta']
[0.171s] Level 1:colcon.colcon_core.package_identification:_identify(src/point_lio) by extension 'colcon_meta'
[0.171s] Level 1:colcon.colcon_core.package_identification:_identify(src/point_lio) by extensions ['ros']
[0.171s] Level 1:colcon.colcon_core.package_identification:_identify(src/point_lio) by extension 'ros'
[0.172s] DEBUG:colcon.colcon_core.package_identification:Package 'src/point_lio' with type 'ros.ament_cmake' and name 'point_lio'
[0.172s] Level 1:colcon.colcon_core.package_discovery:discover_packages(recursive) using defaults
[0.172s] Level 1:colcon.colcon_core.package_discovery:discover_packages(ignore) discover
[0.172s] Level 1:colcon.colcon_core.package_discovery:discover_packages(ignore) using defaults
[0.172s] Level 1:colcon.colcon_core.package_discovery:discover_packages(path) discover
[0.172s] Level 1:colcon.colcon_core.package_discovery:discover_packages(path) using defaults
[0.191s] INFO:colcon.colcon_core.package_selection:Skipping not selected package 'livox_ros_driver2' in 'src/livox_ros_driver2'
[0.191s] INFO:colcon.colcon_core.package_selection:Skipping not selected package 'odometry' in 'src/odometry'
[0.191s] INFO:colcon.colcon_core.package_selection:Skipping not selected package 'fast_lio' in 'src/fast_lio'
[0.191s] INFO:colcon.colcon_core.package_selection:Skipping not selected package 'point_lio' in 'src/point_lio'
[0.191s] Level 1:colcon.colcon_core.package_discovery:discover_packages(prefix_path) check parameters
[0.191s] Level 1:colcon.colcon_core.package_discovery:discover_packages(prefix_path) discover
[0.193s] DEBUG:colcon.colcon_installed_package_information.package_discovery:Found 5 installed packages in /home/chairman/working/ros2/leida/ws_livox/install
[0.194s] DEBUG:colcon.colcon_installed_package_information.package_discovery:Found 420 installed packages in /opt/ros/humble
[0.195s] Level 1:colcon.colcon_core.package_discovery:discover_packages(prefix_path) using defaults
[0.223s] Level 5:colcon.colcon_core.verb:set package 'pcd2pgm' build argument 'cmake_args' from command line to 'None'
[0.223s] Level 5:colcon.colcon_core.verb:set package 'pcd2pgm' build argument 'cmake_target' from command line to 'None'
[0.223s] Level 5:colcon.colcon_core.verb:set package 'pcd2pgm' build argument 'cmake_target_skip_unavailable' from command line to 'False'
[0.224s] Level 5:colcon.colcon_core.verb:set package 'pcd2pgm' build argument 'cmake_clean_cache' from command line to 'False'
[0.224s] Level 5:colcon.colcon_core.verb:set package 'pcd2pgm' build argument 'cmake_clean_first' from command line to 'False'
[0.224s] Level 5:colcon.colcon_core.verb:set package 'pcd2pgm' build argument 'cmake_force_configure' from command line to 'False'
[0.224s] Level 5:colcon.colcon_core.verb:set package 'pcd2pgm' build argument 'ament_cmake_args' from command line to 'None'
[0.224s] Level 5:colcon.colcon_core.verb:set package 'pcd2pgm' build argument 'catkin_cmake_args' from command line to 'None'
[0.224s] Level 5:colcon.colcon_core.verb:set package 'pcd2pgm' build argument 'catkin_skip_building_tests' from command line to 'False'
[0.224s] DEBUG:colcon.colcon_core.verb:Building package 'pcd2pgm' with the following arguments: {'ament_cmake_args': None, 'build_base': '/home/chairman/working/ros2/leida/ws_livox/build/pcd2pgm', 'catkin_cmake_args': None, 'catkin_skip_building_tests': False, 'cmake_args': None, 'cmake_clean_cache': False, 'cmake_clean_first': False, 'cmake_force_configure': False, 'cmake_target': None, 'cmake_target_skip_unavailable': False, 'install_base': '/home/chairman/working/ros2/leida/ws_livox/install/pcd2pgm', 'merge_install': False, 'path': '/home/chairman/working/ros2/leida/ws_livox/src/pcd2pgm', 'symlink_install': False, 'test_result_base': None}
[0.224s] INFO:colcon.colcon_core.executor:Executing jobs using 'parallel' executor
[0.224s] DEBUG:colcon.colcon_parallel_executor.executor.parallel:run_until_complete
[0.225s] INFO:colcon.colcon_ros.task.ament_cmake.build:Building ROS package in '/home/chairman/working/ros2/leida/ws_livox/src/pcd2pgm' with build type 'ament_cmake'
[0.225s] INFO:colcon.colcon_cmake.task.cmake.build:Building CMake package in '/home/chairman/working/ros2/leida/ws_livox/src/pcd2pgm'
[0.226s] INFO:colcon.colcon_core.plugin_system:Skipping extension 'colcon_core.shell.bat': Not used on non-Windows systems
[0.226s] INFO:colcon.colcon_core.shell:Skip shell extension 'powershell' for command environment: Not usable outside of PowerShell
[0.226s] DEBUG:colcon.colcon_core.shell:Skip shell extension 'dsv' for command environment
[0.233s] DEBUG:colcon.colcon_core.event_handler.log_command:Invoking command in '/home/chairman/working/ros2/leida/ws_livox/build/pcd2pgm': CMAKE_PREFIX_PATH=${CMAKE_PREFIX_PATH}:/opt/ros/humble VIRTUAL_ENV_PROMPT=(venv) /usr/bin/cmake --build /home/chairman/working/ros2/leida/ws_livox/build/pcd2pgm -- -j28 -l28
[0.315s] DEBUG:colcon.colcon_core.event_handler.log_command:Invoked command in '/home/chairman/working/ros2/leida/ws_livox/build/pcd2pgm' returned '0': CMAKE_PREFIX_PATH=${CMAKE_PREFIX_PATH}:/opt/ros/humble VIRTUAL_ENV_PROMPT=(venv) /usr/bin/cmake --build /home/chairman/working/ros2/leida/ws_livox/build/pcd2pgm -- -j28 -l28
[0.327s] DEBUG:colcon.colcon_core.event_handler.log_command:Invoking command in '/home/chairman/working/ros2/leida/ws_livox/build/pcd2pgm': CMAKE_PREFIX_PATH=${CMAKE_PREFIX_PATH}:/opt/ros/humble VIRTUAL_ENV_PROMPT=(venv) /usr/bin/cmake --install /home/chairman/working/ros2/leida/ws_livox/build/pcd2pgm
[0.338s] Level 1:colcon.colcon_core.environment:create_environment_scripts_only(pcd2pgm)
[0.338s] DEBUG:colcon.colcon_core.event_handler.log_command:Invoked command in '/home/chairman/working/ros2/leida/ws_livox/build/pcd2pgm' returned '0': CMAKE_PREFIX_PATH=${CMAKE_PREFIX_PATH}:/opt/ros/humble VIRTUAL_ENV_PROMPT=(venv) /usr/bin/cmake --install /home/chairman/working/ros2/leida/ws_livox/build/pcd2pgm
[0.341s] Level 1:colcon.colcon_core.environment:checking '/home/chairman/working/ros2/leida/ws_livox/install/pcd2pgm' for CMake module files
[0.342s] Level 1:colcon.colcon_core.environment:checking '/home/chairman/working/ros2/leida/ws_livox/install/pcd2pgm' for CMake config files
[0.342s] Level 1:colcon.colcon_core.shell:create_environment_hook('pcd2pgm', 'cmake_prefix_path')
[0.342s] INFO:colcon.colcon_core.shell:Creating environment hook '/home/chairman/working/ros2/leida/ws_livox/install/pcd2pgm/share/pcd2pgm/hook/cmake_prefix_path.ps1'
[0.343s] INFO:colcon.colcon_core.shell:Creating environment descriptor '/home/chairman/working/ros2/leida/ws_livox/install/pcd2pgm/share/pcd2pgm/hook/cmake_prefix_path.dsv'
[0.343s] INFO:colcon.colcon_core.shell:Creating environment hook '/home/chairman/working/ros2/leida/ws_livox/install/pcd2pgm/share/pcd2pgm/hook/cmake_prefix_path.sh'
[0.345s] Level 1:colcon.colcon_core.environment:checking '/home/chairman/working/ros2/leida/ws_livox/install/pcd2pgm/lib'
[0.345s] Level 1:colcon.colcon_core.environment:checking '/home/chairman/working/ros2/leida/ws_livox/install/pcd2pgm/bin'
[0.345s] Level 1:colcon.colcon_core.environment:checking '/home/chairman/working/ros2/leida/ws_livox/install/pcd2pgm/lib/pkgconfig/pcd2pgm.pc'
[0.345s] Level 1:colcon.colcon_core.environment:checking '/home/chairman/working/ros2/leida/ws_livox/install/pcd2pgm/lib/python3.10/site-packages'
[0.346s] Level 1:colcon.colcon_core.environment:checking '/home/chairman/working/ros2/leida/ws_livox/install/pcd2pgm/bin'
[0.346s] INFO:colcon.colcon_core.shell:Creating package script '/home/chairman/working/ros2/leida/ws_livox/install/pcd2pgm/share/pcd2pgm/package.ps1'
[0.347s] INFO:colcon.colcon_core.shell:Creating package descriptor '/home/chairman/working/ros2/leida/ws_livox/install/pcd2pgm/share/pcd2pgm/package.dsv'
[0.348s] INFO:colcon.colcon_core.shell:Creating package script '/home/chairman/working/ros2/leida/ws_livox/install/pcd2pgm/share/pcd2pgm/package.sh'
[0.348s] INFO:colcon.colcon_core.shell:Creating package script '/home/chairman/working/ros2/leida/ws_livox/install/pcd2pgm/share/pcd2pgm/package.bash'
[0.349s] INFO:colcon.colcon_core.shell:Creating package script '/home/chairman/working/ros2/leida/ws_livox/install/pcd2pgm/share/pcd2pgm/package.zsh'
[0.350s] Level 1:colcon.colcon_core.environment:create_file_with_runtime_dependencies(/home/chairman/working/ros2/leida/ws_livox/install/pcd2pgm/share/colcon-core/packages/pcd2pgm)
[0.350s] Level 1:colcon.colcon_core.environment:create_environment_scripts_only(pcd2pgm)
[0.351s] Level 1:colcon.colcon_core.environment:checking '/home/chairman/working/ros2/leida/ws_livox/install/pcd2pgm' for CMake module files
[0.351s] Level 1:colcon.colcon_core.environment:checking '/home/chairman/working/ros2/leida/ws_livox/install/pcd2pgm' for CMake config files
[0.351s] Level 1:colcon.colcon_core.shell:create_environment_hook('pcd2pgm', 'cmake_prefix_path')
[0.352s] INFO:colcon.colcon_core.shell:Creating environment hook '/home/chairman/working/ros2/leida/ws_livox/install/pcd2pgm/share/pcd2pgm/hook/cmake_prefix_path.ps1'
[0.352s] INFO:colcon.colcon_core.shell:Creating environment descriptor '/home/chairman/working/ros2/leida/ws_livox/install/pcd2pgm/share/pcd2pgm/hook/cmake_prefix_path.dsv'
[0.352s] INFO:colcon.colcon_core.shell:Creating environment hook '/home/chairman/working/ros2/leida/ws_livox/install/pcd2pgm/share/pcd2pgm/hook/cmake_prefix_path.sh'
[0.353s] Level 1:colcon.colcon_core.environment:checking '/home/chairman/working/ros2/leida/ws_livox/install/pcd2pgm/lib'
[0.353s] Level 1:colcon.colcon_core.environment:checking '/home/chairman/working/ros2/leida/ws_livox/install/pcd2pgm/bin'
[0.353s] Level 1:colcon.colcon_core.environment:checking '/home/chairman/working/ros2/leida/ws_livox/install/pcd2pgm/lib/pkgconfig/pcd2pgm.pc'
[0.353s] Level 1:colcon.colcon_core.environment:checking '/home/chairman/working/ros2/leida/ws_livox/install/pcd2pgm/lib/python3.10/site-packages'
[0.353s] Level 1:colcon.colcon_core.environment:checking '/home/chairman/working/ros2/leida/ws_livox/install/pcd2pgm/bin'
[0.354s] INFO:colcon.colcon_core.shell:Creating package script '/home/chairman/working/ros2/leida/ws_livox/install/pcd2pgm/share/pcd2pgm/package.ps1'
[0.354s] INFO:colcon.colcon_core.shell:Creating package descriptor '/home/chairman/working/ros2/leida/ws_livox/install/pcd2pgm/share/pcd2pgm/package.dsv'
[0.355s] INFO:colcon.colcon_core.shell:Creating package script '/home/chairman/working/ros2/leida/ws_livox/install/pcd2pgm/share/pcd2pgm/package.sh'
[0.355s] INFO:colcon.colcon_core.shell:Creating package script '/home/chairman/working/ros2/leida/ws_livox/install/pcd2pgm/share/pcd2pgm/package.bash'
[0.356s] INFO:colcon.colcon_core.shell:Creating package script '/home/chairman/working/ros2/leida/ws_livox/install/pcd2pgm/share/pcd2pgm/package.zsh'
[0.356s] Level 1:colcon.colcon_core.environment:create_file_with_runtime_dependencies(/home/chairman/working/ros2/leida/ws_livox/install/pcd2pgm/share/colcon-core/packages/pcd2pgm)
[0.356s] DEBUG:colcon.colcon_parallel_executor.executor.parallel:closing loop
[0.356s] DEBUG:colcon.colcon_parallel_executor.executor.parallel:loop closed
[0.356s] DEBUG:colcon.colcon_parallel_executor.executor.parallel:run_until_complete finished with '0'
[0.356s] DEBUG:colcon.colcon_core.event_reactor:joining thread
[0.362s] INFO:colcon.colcon_core.plugin_system:Skipping extension 'colcon_notification.desktop_notification.terminal_notifier': Not used on non-Darwin systems
[0.362s] INFO:colcon.colcon_core.plugin_system:Skipping extension 'colcon_notification.desktop_notification.win32': Not used on non-Windows systems
[0.362s] INFO:colcon.colcon_notification.desktop_notification:Sending desktop notification using 'notify2'
[0.373s] DEBUG:colcon.colcon_core.event_reactor:joined thread
[0.373s] INFO:colcon.colcon_core.shell:Creating prefix script '/home/chairman/working/ros2/leida/ws_livox/install/local_setup.ps1'
[0.374s] INFO:colcon.colcon_core.shell:Creating prefix util module '/home/chairman/working/ros2/leida/ws_livox/install/_local_setup_util_ps1.py'
[0.375s] INFO:colcon.colcon_core.shell:Creating prefix chain script '/home/chairman/working/ros2/leida/ws_livox/install/setup.ps1'
[0.376s] INFO:colcon.colcon_core.shell:Creating prefix script '/home/chairman/working/ros2/leida/ws_livox/install/local_setup.sh'
[0.376s] INFO:colcon.colcon_core.shell:Creating prefix util module '/home/chairman/working/ros2/leida/ws_livox/install/_local_setup_util_sh.py'
[0.377s] INFO:colcon.colcon_core.shell:Creating prefix chain script '/home/chairman/working/ros2/leida/ws_livox/install/setup.sh'
[0.377s] INFO:colcon.colcon_core.shell:Creating prefix script '/home/chairman/working/ros2/leida/ws_livox/install/local_setup.bash'
[0.378s] INFO:colcon.colcon_core.shell:Creating prefix chain script '/home/chairman/working/ros2/leida/ws_livox/install/setup.bash'
[0.378s] INFO:colcon.colcon_core.shell:Creating prefix script '/home/chairman/working/ros2/leida/ws_livox/install/local_setup.zsh'
[0.379s] INFO:colcon.colcon_core.shell:Creating prefix chain script '/home/chairman/working/ros2/leida/ws_livox/install/setup.zsh'
