[0.009s] Invoking command in '/home/chairman/working/ros2/learning/chapt8/learn_pluginlib/build/motion_control_system': CMAKE_PREFIX_PATH=/opt/ros/humble /usr/bin/cmake /home/chairman/working/ros2/learning/chapt8/learn_pluginlib/src/motion_control_system -DCMAKE_INSTALL_PREFIX=/home/chairman/working/ros2/learning/chapt8/learn_pluginlib/install/motion_control_system
[0.114s] -- The C compiler identification is GNU 11.4.0
[0.203s] -- The CXX compiler identification is GNU 11.4.0
[0.212s] -- Detecting C compiler ABI info
[0.287s] -- Detecting C compiler ABI info - done
[0.292s] -- Check for working C compiler: /usr/bin/cc - skipped
[0.293s] -- Detecting C compile features
[0.293s] -- Detecting C compile features - done
[0.296s] -- Detecting CXX compiler ABI info
[0.375s] -- Detecting CXX compiler ABI info - done
[0.380s] -- Check for working CXX compiler: /usr/bin/c++ - skipped
[0.380s] -- Detecting CXX compile features
[0.381s] -- Detecting CXX compile features - done
[0.385s] -- Found ament_cmake: 1.3.11 (/opt/ros/humble/share/ament_cmake/cmake)
[0.498s] -- Found Python3: /usr/bin/python3 (found version "3.10.12") found components: Interpreter 
[0.573s] -- Found pluginlib: 5.1.0 (/opt/ros/humble/share/pluginlib/cmake)
[0.610s] -- Configuring incomplete, errors occurred!
[0.610s] See also "/home/chairman/working/ros2/learning/chapt8/learn_pluginlib/build/motion_control_system/CMakeFiles/CMakeOutput.log".
[0.610s] [31mCMake Error at /opt/ros/humble/share/pluginlib/cmake/pluginlib_export_plugin_description_file.cmake:84 (message):
[0.610s]   Given plugin description file
[0.610s]   '/home/chairman/working/ros2/learning/chapt8/learn_pluginlib/src/motion_control_system/spin_motion_plugins.xml'
[0.610s]   does not exist
[0.610s] Call Stack (most recent call first):
[0.611s]   CMakeLists.txt:21 (pluginlib_export_plugin_description_file)
[0.611s] 
[0.611s] [0m
[0.614s] Invoked command in '/home/chairman/working/ros2/learning/chapt8/learn_pluginlib/build/motion_control_system' returned '1': CMAKE_PREFIX_PATH=/opt/ros/humble /usr/bin/cmake /home/chairman/working/ros2/learning/chapt8/learn_pluginlib/src/motion_control_system -DCMAKE_INSTALL_PREFIX=/home/chairman/working/ros2/learning/chapt8/learn_pluginlib/install/motion_control_system
