[0.011s] Invoking command in '/home/chairman/working/ros2/learning/chapt5/chapt5_ws/src/build/demo_cpp_tf': CMAKE_PREFIX_PATH=${CMAKE_PREFIX_PATH}:/home/chairman/working/ros2/learning/chapt5/chapt5_ws/src/install/demo_python_tf:/opt/ros/humble /usr/bin/cmake --build /home/chairman/working/ros2/learning/chapt5/chapt5_ws/src/build/demo_cpp_tf -- -j28 -l28
[0.055s] [35m[1mConsolidate compiler generated dependencies of target tf_listener[0m
[0.068s] [ 33%] Built target dynamic_tf_broadcaster
[0.068s] [ 66%] Built target static_tf_broadcaster
[0.070s] [ 83%] [32mBuilding CXX object CMakeFiles/tf_listener.dir/src/tf_listener.cpp.o[0m
[5.496s] [100%] [32m[1mLinking CXX executable tf_listener[0m
[5.786s] [100%] Built target tf_listener
[5.796s] Invoked command in '/home/chairman/working/ros2/learning/chapt5/chapt5_ws/src/build/demo_cpp_tf' returned '0': CMAKE_PREFIX_PATH=${CMAKE_PREFIX_PATH}:/home/chairman/working/ros2/learning/chapt5/chapt5_ws/src/install/demo_python_tf:/opt/ros/humble /usr/bin/cmake --build /home/chairman/working/ros2/learning/chapt5/chapt5_ws/src/build/demo_cpp_tf -- -j28 -l28
[5.805s] Invoking command in '/home/chairman/working/ros2/learning/chapt5/chapt5_ws/src/build/demo_cpp_tf': CMAKE_PREFIX_PATH=${CMAKE_PREFIX_PATH}:/home/chairman/working/ros2/learning/chapt5/chapt5_ws/src/install/demo_python_tf:/opt/ros/humble /usr/bin/cmake --install /home/chairman/working/ros2/learning/chapt5/chapt5_ws/src/build/demo_cpp_tf
[5.812s] -- Install configuration: ""
[5.812s] -- Up-to-date: /home/chairman/working/ros2/learning/chapt5/chapt5_ws/src/install/demo_cpp_tf/lib/demo_cpp_tf/static_tf_broadcaster
[5.812s] -- Up-to-date: /home/chairman/working/ros2/learning/chapt5/chapt5_ws/src/install/demo_cpp_tf/lib/demo_cpp_tf/dynamic_tf_broadcaster
[5.812s] -- Installing: /home/chairman/working/ros2/learning/chapt5/chapt5_ws/src/install/demo_cpp_tf/lib/demo_cpp_tf/tf_listener
[5.816s] -- Set runtime path of "/home/chairman/working/ros2/learning/chapt5/chapt5_ws/src/install/demo_cpp_tf/lib/demo_cpp_tf/tf_listener" to ""
[5.816s] -- Up-to-date: /home/chairman/working/ros2/learning/chapt5/chapt5_ws/src/install/demo_cpp_tf/share/ament_index/resource_index/package_run_dependencies/demo_cpp_tf
[5.816s] -- Installing: /home/chairman/working/ros2/learning/chapt5/chapt5_ws/src/install/demo_cpp_tf/share/ament_index/resource_index/parent_prefix_path/demo_cpp_tf
[5.816s] -- Up-to-date: /home/chairman/working/ros2/learning/chapt5/chapt5_ws/src/install/demo_cpp_tf/share/demo_cpp_tf/environment/ament_prefix_path.sh
[5.816s] -- Installing: /home/chairman/working/ros2/learning/chapt5/chapt5_ws/src/install/demo_cpp_tf/share/demo_cpp_tf/environment/ament_prefix_path.dsv
[5.816s] -- Up-to-date: /home/chairman/working/ros2/learning/chapt5/chapt5_ws/src/install/demo_cpp_tf/share/demo_cpp_tf/environment/path.sh
[5.816s] -- Installing: /home/chairman/working/ros2/learning/chapt5/chapt5_ws/src/install/demo_cpp_tf/share/demo_cpp_tf/environment/path.dsv
[5.816s] -- Up-to-date: /home/chairman/working/ros2/learning/chapt5/chapt5_ws/src/install/demo_cpp_tf/share/demo_cpp_tf/local_setup.bash
[5.816s] -- Up-to-date: /home/chairman/working/ros2/learning/chapt5/chapt5_ws/src/install/demo_cpp_tf/share/demo_cpp_tf/local_setup.sh
[5.816s] -- Up-to-date: /home/chairman/working/ros2/learning/chapt5/chapt5_ws/src/install/demo_cpp_tf/share/demo_cpp_tf/local_setup.zsh
[5.817s] -- Installing: /home/chairman/working/ros2/learning/chapt5/chapt5_ws/src/install/demo_cpp_tf/share/demo_cpp_tf/local_setup.dsv
[5.817s] -- Installing: /home/chairman/working/ros2/learning/chapt5/chapt5_ws/src/install/demo_cpp_tf/share/demo_cpp_tf/package.dsv
[5.817s] -- Up-to-date: /home/chairman/working/ros2/learning/chapt5/chapt5_ws/src/install/demo_cpp_tf/share/ament_index/resource_index/packages/demo_cpp_tf
[5.817s] -- Up-to-date: /home/chairman/working/ros2/learning/chapt5/chapt5_ws/src/install/demo_cpp_tf/share/demo_cpp_tf/cmake/demo_cpp_tfConfig.cmake
[5.817s] -- Up-to-date: /home/chairman/working/ros2/learning/chapt5/chapt5_ws/src/install/demo_cpp_tf/share/demo_cpp_tf/cmake/demo_cpp_tfConfig-version.cmake
[5.817s] -- Up-to-date: /home/chairman/working/ros2/learning/chapt5/chapt5_ws/src/install/demo_cpp_tf/share/demo_cpp_tf/package.xml
[5.819s] Invoked command in '/home/chairman/working/ros2/learning/chapt5/chapt5_ws/src/build/demo_cpp_tf' returned '0': CMAKE_PREFIX_PATH=${CMAKE_PREFIX_PATH}:/home/chairman/working/ros2/learning/chapt5/chapt5_ws/src/install/demo_python_tf:/opt/ros/humble /usr/bin/cmake --install /home/chairman/working/ros2/learning/chapt5/chapt5_ws/src/build/demo_cpp_tf
