[0.493s] Invoking command in '/home/chairman/working/ros2/learning/chapt5/chapt5_ws/src/demo_python_tf': PYTHONPATH=/home/chairman/working/ros2/learning/chapt5/chapt5_ws/src/build/demo_python_tf/prefix_override:/usr/lib/python3/dist-packages/colcon_core/task/python/colcon_distutils_commands:/home/chairman/working/ros2/learning/chapt5/chapt5_ws/src/install/demo_python_tf/lib/python3.10/site-packages:${PYTHONPATH} /usr/bin/python3 -W ignore:setup.py install is deprecated -W ignore:easy_install command is deprecated setup.py egg_info --egg-base ../build/demo_python_tf build --build-base /home/chairman/working/ros2/learning/chapt5/chapt5_ws/src/build/demo_python_tf/build install --record /home/chairman/working/ros2/learning/chapt5/chapt5_ws/src/build/demo_python_tf/install.log --single-version-externally-managed install_data
[0.636s] running egg_info
[0.637s] writing ../build/demo_python_tf/demo_python_tf.egg-info/PKG-INFO
[0.637s] writing dependency_links to ../build/demo_python_tf/demo_python_tf.egg-info/dependency_links.txt
[0.637s] writing entry points to ../build/demo_python_tf/demo_python_tf.egg-info/entry_points.txt
[0.637s] writing requirements to ../build/demo_python_tf/demo_python_tf.egg-info/requires.txt
[0.637s] writing top-level names to ../build/demo_python_tf/demo_python_tf.egg-info/top_level.txt
[0.639s] reading manifest file '../build/demo_python_tf/demo_python_tf.egg-info/SOURCES.txt'
[0.639s] adding license file 'LICENSE'
[0.639s] writing manifest file '../build/demo_python_tf/demo_python_tf.egg-info/SOURCES.txt'
[0.639s] running build
[0.639s] running build_py
[0.640s] running install
[0.640s] running install_lib
[0.641s] running install_data
[0.641s] running install_egg_info
[0.642s] removing '/home/chairman/working/ros2/learning/chapt5/chapt5_ws/src/install/demo_python_tf/lib/python3.10/site-packages/demo_python_tf-0.0.0-py3.10.egg-info' (and everything under it)
[0.642s] Copying ../build/demo_python_tf/demo_python_tf.egg-info to /home/chairman/working/ros2/learning/chapt5/chapt5_ws/src/install/demo_python_tf/lib/python3.10/site-packages/demo_python_tf-0.0.0-py3.10.egg-info
[0.643s] running install_scripts
[0.656s] Installing dynamic_tf_broadcaster script to /home/chairman/working/ros2/learning/chapt5/chapt5_ws/src/install/demo_python_tf/lib/demo_python_tf
[0.656s] Installing static_tf_broadcaster script to /home/chairman/working/ros2/learning/chapt5/chapt5_ws/src/install/demo_python_tf/lib/demo_python_tf
[0.656s] Installing tf_listener script to /home/chairman/working/ros2/learning/chapt5/chapt5_ws/src/install/demo_python_tf/lib/demo_python_tf
[0.656s] writing list of installed files to '/home/chairman/working/ros2/learning/chapt5/chapt5_ws/src/build/demo_python_tf/install.log'
[0.670s] Invoked command in '/home/chairman/working/ros2/learning/chapt5/chapt5_ws/src/demo_python_tf' returned '0': PYTHONPATH=/home/chairman/working/ros2/learning/chapt5/chapt5_ws/src/build/demo_python_tf/prefix_override:/usr/lib/python3/dist-packages/colcon_core/task/python/colcon_distutils_commands:/home/chairman/working/ros2/learning/chapt5/chapt5_ws/src/install/demo_python_tf/lib/python3.10/site-packages:${PYTHONPATH} /usr/bin/python3 -W ignore:setup.py install is deprecated -W ignore:easy_install command is deprecated setup.py egg_info --egg-base ../build/demo_python_tf build --build-base /home/chairman/working/ros2/learning/chapt5/chapt5_ws/src/build/demo_python_tf/build install --record /home/chairman/working/ros2/learning/chapt5/chapt5_ws/src/build/demo_python_tf/install.log --single-version-externally-managed install_data
