[0.009s] Invoking command in '/home/chairman/working/ros2/learning/chapt8/learn_pluginlib/build/motion_control_system': CMAKE_PREFIX_PATH=/opt/ros/humble /usr/bin/cmake --build /home/chairman/working/ros2/learning/chapt8/learn_pluginlib/build/motion_control_system -- -j28 -l28
[0.027s] -- Found ament_cmake: 1.3.11 (/opt/ros/humble/share/ament_cmake/cmake)
[0.118s] -- Found pluginlib: 5.1.0 (/opt/ros/humble/share/pluginlib/cmake)
[0.137s] -- Found ament_lint_auto: 0.12.12 (/opt/ros/humble/share/ament_lint_auto/cmake)
[0.184s] -- Added test 'cppcheck' to perform static code analysis on C / C++ code
[0.184s] -- Configured cppcheck include dirs: /home/chairman/working/ros2/learning/chapt8/learn_pluginlib/src/motion_control_system/include
[0.184s] -- Configured cppcheck exclude dirs and/or files: 
[0.184s] -- Added test 'lint_cmake' to check CMake code style
[0.185s] -- Added test 'uncrustify' to check C / C++ code style
[0.185s] -- Configured uncrustify additional arguments: 
[0.185s] -- Added test 'xmllint' to check XML markup files
[0.185s] -- Configuring done
[0.189s] -- Generating done
[0.191s] -- Build files have been written to: /home/chairman/working/ros2/learning/chapt8/learn_pluginlib/build/motion_control_system
[0.216s] [35m[1mConsolidate compiler generated dependencies of target spin_motion_controller[0m
[0.227s] [ 25%] [32mBuilding CXX object CMakeFiles/test_plugin.dir/src/test_plugin.cpp.o[0m
[0.231s] [ 75%] Built target spin_motion_controller
[2.261s] [100%] [32m[1mLinking CXX executable test_plugin[0m
[2.368s] [100%] Built target test_plugin
[2.376s] Invoked command in '/home/chairman/working/ros2/learning/chapt8/learn_pluginlib/build/motion_control_system' returned '0': CMAKE_PREFIX_PATH=/opt/ros/humble /usr/bin/cmake --build /home/chairman/working/ros2/learning/chapt8/learn_pluginlib/build/motion_control_system -- -j28 -l28
[2.385s] Invoking command in '/home/chairman/working/ros2/learning/chapt8/learn_pluginlib/build/motion_control_system': CMAKE_PREFIX_PATH=/opt/ros/humble /usr/bin/cmake --install /home/chairman/working/ros2/learning/chapt8/learn_pluginlib/build/motion_control_system
[2.392s] -- Install configuration: ""
[2.392s] -- Up-to-date: /home/chairman/working/ros2/learning/chapt8/learn_pluginlib/install/motion_control_system/lib/libspin_motion_controller.so
[2.393s] -- Up-to-date: /home/chairman/working/ros2/learning/chapt8/learn_pluginlib/install/motion_control_system/include/
[2.393s] -- Up-to-date: /home/chairman/working/ros2/learning/chapt8/learn_pluginlib/install/motion_control_system/include//motion_control_system
[2.393s] -- Up-to-date: /home/chairman/working/ros2/learning/chapt8/learn_pluginlib/install/motion_control_system/include//motion_control_system/spin_motion_controller.hpp
[2.393s] -- Up-to-date: /home/chairman/working/ros2/learning/chapt8/learn_pluginlib/install/motion_control_system/include//motion_control_system/motion_control_interface.hpp
[2.393s] -- Installing: /home/chairman/working/ros2/learning/chapt8/learn_pluginlib/install/motion_control_system/lib/motion_control_system/test_plugin
[2.394s] -- Set runtime path of "/home/chairman/working/ros2/learning/chapt8/learn_pluginlib/install/motion_control_system/lib/motion_control_system/test_plugin" to ""
[2.394s] -- Up-to-date: /home/chairman/working/ros2/learning/chapt8/learn_pluginlib/install/motion_control_system/share/motion_control_system/spin_motion_plugins.xml
[2.394s] -- Up-to-date: /home/chairman/working/ros2/learning/chapt8/learn_pluginlib/install/motion_control_system/share/ament_index/resource_index/package_run_dependencies/motion_control_system
[2.394s] -- Up-to-date: /home/chairman/working/ros2/learning/chapt8/learn_pluginlib/install/motion_control_system/share/ament_index/resource_index/parent_prefix_path/motion_control_system
[2.394s] -- Up-to-date: /home/chairman/working/ros2/learning/chapt8/learn_pluginlib/install/motion_control_system/share/motion_control_system/environment/ament_prefix_path.sh
[2.394s] -- Installing: /home/chairman/working/ros2/learning/chapt8/learn_pluginlib/install/motion_control_system/share/motion_control_system/environment/ament_prefix_path.dsv
[2.394s] -- Up-to-date: /home/chairman/working/ros2/learning/chapt8/learn_pluginlib/install/motion_control_system/share/motion_control_system/environment/path.sh
[2.394s] -- Installing: /home/chairman/working/ros2/learning/chapt8/learn_pluginlib/install/motion_control_system/share/motion_control_system/environment/path.dsv
[2.394s] -- Up-to-date: /home/chairman/working/ros2/learning/chapt8/learn_pluginlib/install/motion_control_system/share/motion_control_system/local_setup.bash
[2.394s] -- Up-to-date: /home/chairman/working/ros2/learning/chapt8/learn_pluginlib/install/motion_control_system/share/motion_control_system/local_setup.sh
[2.395s] -- Up-to-date: /home/chairman/working/ros2/learning/chapt8/learn_pluginlib/install/motion_control_system/share/motion_control_system/local_setup.zsh
[2.395s] -- Installing: /home/chairman/working/ros2/learning/chapt8/learn_pluginlib/install/motion_control_system/share/motion_control_system/local_setup.dsv
[2.395s] -- Installing: /home/chairman/working/ros2/learning/chapt8/learn_pluginlib/install/motion_control_system/share/motion_control_system/package.dsv
[2.395s] -- Up-to-date: /home/chairman/working/ros2/learning/chapt8/learn_pluginlib/install/motion_control_system/share/ament_index/resource_index/packages/motion_control_system
[2.395s] -- Up-to-date: /home/chairman/working/ros2/learning/chapt8/learn_pluginlib/install/motion_control_system/share/ament_index/resource_index/motion_control_system__pluginlib__plugin/motion_control_system
[2.395s] -- Up-to-date: /home/chairman/working/ros2/learning/chapt8/learn_pluginlib/install/motion_control_system/share/motion_control_system/cmake/motion_control_systemConfig.cmake
[2.395s] -- Up-to-date: /home/chairman/working/ros2/learning/chapt8/learn_pluginlib/install/motion_control_system/share/motion_control_system/cmake/motion_control_systemConfig-version.cmake
[2.395s] -- Up-to-date: /home/chairman/working/ros2/learning/chapt8/learn_pluginlib/install/motion_control_system/share/motion_control_system/package.xml
[2.397s] Invoked command in '/home/chairman/working/ros2/learning/chapt8/learn_pluginlib/build/motion_control_system' returned '0': CMAKE_PREFIX_PATH=/opt/ros/humble /usr/bin/cmake --install /home/chairman/working/ros2/learning/chapt8/learn_pluginlib/build/motion_control_system
