[0.010s] Invoking command in '/home/chairman/working/ros2/learning/chapt4/chapt4_ws/src/build/chapt4_interfaces': CMAKE_PREFIX_PATH=${CMAKE_PREFIX_PATH}:/home/chairman/working/ros2/learning/chapt4/chapt4_ws/src/install/demo_python_service:/opt/ros/humble /usr/bin/cmake --build /home/chairman/working/ros2/learning/chapt4/chapt4_ws/src/build/chapt4_interfaces -- -j28 -l28
[0.031s] -- Found ament_cmake: 1.3.11 (/opt/ros/humble/share/ament_cmake/cmake)
[0.129s] -- Found rosidl_default_generators: 1.2.0 (/opt/ros/humble/share/rosidl_default_generators/cmake)
[0.130s] -- Using all available rosidl_typesupport_c: rosidl_typesupport_fastrtps_c;rosidl_typesupport_introspection_c
[0.132s] -- Found rosidl_adapter: 3.1.6 (/opt/ros/humble/share/rosidl_adapter/cmake)
[0.151s] -- Using all available rosidl_typesupport_cpp: rosidl_typesupport_fastrtps_cpp;rosidl_typesupport_introspection_cpp
[0.167s] -- Found sensor_msgs: 4.8.0 (/opt/ros/humble/share/sensor_msgs/cmake)
[0.406s] -- Found ament_cmake_ros: 0.10.0 (/opt/ros/humble/share/ament_cmake_ros/cmake)
[0.592s] -- Using all available rosidl_typesupport_c: rosidl_typesupport_fastrtps_c;rosidl_typesupport_introspection_c
[0.846s] -- Using all available rosidl_typesupport_cpp: rosidl_typesupport_fastrtps_cpp;rosidl_typesupport_introspection_cpp
[0.865s] -- Found python_cmake_module: 0.10.0 (/opt/ros/humble/share/python_cmake_module/cmake)
[0.884s] -- Using PYTHON_EXECUTABLE: /usr/bin/python3
[0.884s] -- Using PYTHON_INCLUDE_DIRS: /usr/include/python3.10
[0.884s] -- Using PYTHON_LIBRARIES: /usr/lib/x86_64-linux-gnu/libpython3.10.so
[0.915s] -- Found ament_lint_auto: 0.12.12 (/opt/ros/humble/share/ament_lint_auto/cmake)
[0.920s] -- Added test 'lint_cmake' to check CMake code style
[0.921s] -- Added test 'xmllint' to check XML markup files
[0.922s] -- Configuring done
[0.944s] -- Generating done
[0.952s] -- Build files have been written to: /home/chairman/working/ros2/learning/chapt4/chapt4_ws/src/build/chapt4_interfaces
[0.977s] [  2%] [34m[1mGenerating C code for ROS interfaces[0m
[0.990s] [  5%] [34m[1mGenerating C++ code for ROS interfaces[0m
[0.997s] [  5%] Built target ament_cmake_python_copy_chapt4_interfaces
[1.145s] running egg_info
[1.145s] writing chapt4_interfaces.egg-info/PKG-INFO
[1.146s] writing dependency_links to chapt4_interfaces.egg-info/dependency_links.txt
[1.146s] writing top-level names to chapt4_interfaces.egg-info/top_level.txt
[1.147s] reading manifest file 'chapt4_interfaces.egg-info/SOURCES.txt'
[1.147s] writing manifest file 'chapt4_interfaces.egg-info/SOURCES.txt'
[1.166s] [  5%] Built target ament_cmake_python_build_chapt4_interfaces_egg
[1.249s] [35m[1mConsolidate compiler generated dependencies of target chapt4_interfaces__rosidl_generator_c[0m
[1.255s] [  5%] Built target chapt4_interfaces__cpp
[1.260s] [  7%] [32mBuilding C object CMakeFiles/chapt4_interfaces__rosidl_generator_c.dir/rosidl_generator_c/chapt4_interfaces/srv/detail/face_detector__functions.c.o[0m
[1.260s] [ 10%] [32mBuilding C object CMakeFiles/chapt4_interfaces__rosidl_generator_c.dir/rosidl_generator_c/chapt4_interfaces/srv/detail/patrol__functions.c.o[0m
[1.264s] [ 12%] [34m[1mGenerating C++ type support dispatch for ROS interfaces[0m
[1.264s] [ 15%] [34m[1mGenerating C++ type support for eProsima Fast-RTPS[0m
[1.264s] [ 17%] [34m[1mGenerating C++ introspection for ROS interfaces[0m
[1.310s] [ 20%] [32m[1mLinking C shared library libchapt4_interfaces__rosidl_generator_c.so[0m
[1.340s] [ 20%] Built target chapt4_interfaces__rosidl_generator_c
[1.348s] [ 25%] [34m[1mGenerating C type support dispatch for ROS interfaces[0m
[1.349s] [ 25%] [34m[1mGenerating C introspection for ROS interfaces[0m
[1.349s] [ 28%] [34m[1mGenerating C type support for eProsima Fast-RTPS[0m
[1.479s] [35m[1mConsolidate compiler generated dependencies of target chapt4_interfaces__rosidl_typesupport_cpp[0m
[1.491s] [ 30%] [32mBuilding CXX object CMakeFiles/chapt4_interfaces__rosidl_typesupport_cpp.dir/rosidl_typesupport_cpp/chapt4_interfaces/srv/patrol__type_support.cpp.o[0m
[1.491s] [ 33%] [32mBuilding CXX object CMakeFiles/chapt4_interfaces__rosidl_typesupport_cpp.dir/rosidl_typesupport_cpp/chapt4_interfaces/srv/face_detector__type_support.cpp.o[0m
[1.501s] [35m[1mConsolidate compiler generated dependencies of target chapt4_interfaces__rosidl_typesupport_introspection_cpp[0m
[1.511s] [ 35%] [32mBuilding CXX object CMakeFiles/chapt4_interfaces__rosidl_typesupport_introspection_cpp.dir/rosidl_typesupport_introspection_cpp/chapt4_interfaces/srv/detail/face_detector__type_support.cpp.o[0m
[1.511s] [35m[1mConsolidate compiler generated dependencies of target chapt4_interfaces__rosidl_typesupport_fastrtps_cpp[0m
[1.512s] [ 38%] [32mBuilding CXX object CMakeFiles/chapt4_interfaces__rosidl_typesupport_introspection_cpp.dir/rosidl_typesupport_introspection_cpp/chapt4_interfaces/srv/detail/patrol__type_support.cpp.o[0m
[1.524s] [ 43%] [32mBuilding CXX object CMakeFiles/chapt4_interfaces__rosidl_typesupport_fastrtps_cpp.dir/rosidl_typesupport_fastrtps_cpp/chapt4_interfaces/srv/detail/dds_fastrtps/face_detector__type_support.cpp.o[0m
[1.524s] [ 43%] [32mBuilding CXX object CMakeFiles/chapt4_interfaces__rosidl_typesupport_fastrtps_cpp.dir/rosidl_typesupport_fastrtps_cpp/chapt4_interfaces/srv/detail/dds_fastrtps/patrol__type_support.cpp.o[0m
[1.564s] [35m[1mConsolidate compiler generated dependencies of target chapt4_interfaces__rosidl_typesupport_c[0m
[1.576s] [ 48%] [32mBuilding CXX object CMakeFiles/chapt4_interfaces__rosidl_typesupport_c.dir/rosidl_typesupport_c/chapt4_interfaces/srv/patrol__type_support.cpp.o[0m
[1.577s] [ 48%] [32mBuilding CXX object CMakeFiles/chapt4_interfaces__rosidl_typesupport_c.dir/rosidl_typesupport_c/chapt4_interfaces/srv/face_detector__type_support.cpp.o[0m
[1.595s] [35m[1mConsolidate compiler generated dependencies of target chapt4_interfaces__rosidl_typesupport_fastrtps_c[0m
[1.607s] [ 51%] [32m[1mLinking CXX shared library libchapt4_interfaces__rosidl_typesupport_c.so[0m
[1.608s] [ 53%] [32mBuilding CXX object CMakeFiles/chapt4_interfaces__rosidl_typesupport_fastrtps_c.dir/rosidl_typesupport_fastrtps_c/chapt4_interfaces/srv/detail/face_detector__type_support_c.cpp.o[0m
[1.608s] [ 56%] [32mBuilding CXX object CMakeFiles/chapt4_interfaces__rosidl_typesupport_fastrtps_c.dir/rosidl_typesupport_fastrtps_c/chapt4_interfaces/srv/detail/patrol__type_support_c.cpp.o[0m
[1.636s] [35m[1mConsolidate compiler generated dependencies of target chapt4_interfaces__rosidl_typesupport_introspection_c[0m
[1.640s] [ 56%] Built target chapt4_interfaces__rosidl_typesupport_c
[1.647s] [ 58%] [32mBuilding C object CMakeFiles/chapt4_interfaces__rosidl_typesupport_introspection_c.dir/rosidl_typesupport_introspection_c/chapt4_interfaces/srv/detail/face_detector__type_support.c.o[0m
[1.648s] [ 61%] [32mBuilding C object CMakeFiles/chapt4_interfaces__rosidl_typesupport_introspection_c.dir/rosidl_typesupport_introspection_c/chapt4_interfaces/srv/detail/patrol__type_support.c.o[0m
[1.664s] [ 64%] [32m[1mLinking CXX shared library libchapt4_interfaces__rosidl_typesupport_cpp.so[0m
[1.686s] [ 66%] [32m[1mLinking C shared library libchapt4_interfaces__rosidl_typesupport_introspection_c.so[0m
[1.699s] [ 66%] Built target chapt4_interfaces__rosidl_typesupport_cpp
[1.719s] [ 66%] Built target chapt4_interfaces__rosidl_typesupport_introspection_c
[1.764s] [ 69%] [32m[1mLinking CXX shared library libchapt4_interfaces__rosidl_typesupport_introspection_cpp.so[0m
[1.800s] [ 71%] [32m[1mLinking CXX shared library libchapt4_interfaces__rosidl_typesupport_fastrtps_cpp.so[0m
[1.811s] [ 74%] [32m[1mLinking CXX shared library libchapt4_interfaces__rosidl_typesupport_fastrtps_c.so[0m
[1.815s] [ 74%] Built target chapt4_interfaces__rosidl_typesupport_introspection_cpp
[1.851s] [ 74%] Built target chapt4_interfaces__rosidl_typesupport_fastrtps_cpp
[1.864s] [ 74%] Built target chapt4_interfaces__rosidl_typesupport_fastrtps_c
[1.889s] [ 74%] Built target chapt4_interfaces
[1.917s] [ 76%] [34m[1mGenerating Python code for ROS interfaces[0m
[2.342s] [ 76%] Built target chapt4_interfaces__py
[2.351s] [35m[1mConsolidate compiler generated dependencies of target chapt4_interfaces__rosidl_generator_py[0m
[2.367s] [ 79%] [32mBuilding C object CMakeFiles/chapt4_interfaces__rosidl_generator_py.dir/rosidl_generator_py/chapt4_interfaces/srv/_face_detector_s.c.o[0m
[2.367s] [ 82%] [32mBuilding C object CMakeFiles/chapt4_interfaces__rosidl_generator_py.dir/rosidl_generator_py/chapt4_interfaces/srv/_patrol_s.c.o[0m
[2.463s] [ 84%] [32m[1mLinking C shared library rosidl_generator_py/chapt4_interfaces/libchapt4_interfaces__rosidl_generator_py.so[0m
[2.510s] [ 84%] Built target chapt4_interfaces__rosidl_generator_py
[2.524s] [35m[1mConsolidate compiler generated dependencies of target chapt4_interfaces__rosidl_typesupport_introspection_c__pyext[0m
[2.524s] [35m[1mConsolidate compiler generated dependencies of target chapt4_interfaces__rosidl_typesupport_c__pyext[0m
[2.524s] [35m[1mConsolidate compiler generated dependencies of target chapt4_interfaces__rosidl_typesupport_fastrtps_c__pyext[0m
[2.536s] [ 87%] [32mBuilding C object CMakeFiles/chapt4_interfaces__rosidl_typesupport_c__pyext.dir/rosidl_generator_py/chapt4_interfaces/_chapt4_interfaces_s.ep.rosidl_typesupport_c.c.o[0m
[2.537s] [ 89%] [32mBuilding C object CMakeFiles/chapt4_interfaces__rosidl_typesupport_fastrtps_c__pyext.dir/rosidl_generator_py/chapt4_interfaces/_chapt4_interfaces_s.ep.rosidl_typesupport_fastrtps_c.c.o[0m
[2.538s] [ 92%] [32mBuilding C object CMakeFiles/chapt4_interfaces__rosidl_typesupport_introspection_c__pyext.dir/rosidl_generator_py/chapt4_interfaces/_chapt4_interfaces_s.ep.rosidl_typesupport_introspection_c.c.o[0m
[2.605s] [ 94%] [32m[1mLinking C shared library rosidl_generator_py/chapt4_interfaces/chapt4_interfaces_s__rosidl_typesupport_c.cpython-310-x86_64-linux-gnu.so[0m
[2.607s] [100%] [32m[1mLinking C shared library rosidl_generator_py/chapt4_interfaces/chapt4_interfaces_s__rosidl_typesupport_introspection_c.cpython-310-x86_64-linux-gnu.so[0m
[2.607s] [100%] [32m[1mLinking C shared library rosidl_generator_py/chapt4_interfaces/chapt4_interfaces_s__rosidl_typesupport_fastrtps_c.cpython-310-x86_64-linux-gnu.so[0m
[2.641s] [100%] Built target chapt4_interfaces__rosidl_typesupport_fastrtps_c__pyext
[2.641s] [100%] Built target chapt4_interfaces__rosidl_typesupport_c__pyext
[2.641s] [100%] Built target chapt4_interfaces__rosidl_typesupport_introspection_c__pyext
[2.649s] Invoked command in '/home/chairman/working/ros2/learning/chapt4/chapt4_ws/src/build/chapt4_interfaces' returned '0': CMAKE_PREFIX_PATH=${CMAKE_PREFIX_PATH}:/home/chairman/working/ros2/learning/chapt4/chapt4_ws/src/install/demo_python_service:/opt/ros/humble /usr/bin/cmake --build /home/chairman/working/ros2/learning/chapt4/chapt4_ws/src/build/chapt4_interfaces -- -j28 -l28
[2.657s] Invoking command in '/home/chairman/working/ros2/learning/chapt4/chapt4_ws/src/build/chapt4_interfaces': CMAKE_PREFIX_PATH=${CMAKE_PREFIX_PATH}:/home/chairman/working/ros2/learning/chapt4/chapt4_ws/src/install/demo_python_service:/opt/ros/humble /usr/bin/cmake --install /home/chairman/working/ros2/learning/chapt4/chapt4_ws/src/build/chapt4_interfaces
[2.662s] -- Install configuration: ""
[2.662s] -- Installing: /home/chairman/working/ros2/learning/chapt4/chapt4_ws/src/install/chapt4_interfaces/share/ament_index/resource_index/rosidl_interfaces/chapt4_interfaces
[2.662s] -- Up-to-date: /home/chairman/working/ros2/learning/chapt4/chapt4_ws/src/install/chapt4_interfaces/include/chapt4_interfaces/chapt4_interfaces
[2.662s] -- Up-to-date: /home/chairman/working/ros2/learning/chapt4/chapt4_ws/src/install/chapt4_interfaces/include/chapt4_interfaces/chapt4_interfaces/srv
[2.662s] -- Up-to-date: /home/chairman/working/ros2/learning/chapt4/chapt4_ws/src/install/chapt4_interfaces/include/chapt4_interfaces/chapt4_interfaces/srv/detail
[2.663s] -- Installing: /home/chairman/working/ros2/learning/chapt4/chapt4_ws/src/install/chapt4_interfaces/include/chapt4_interfaces/chapt4_interfaces/srv/detail/patrol__functions.h
[2.663s] -- Installing: /home/chairman/working/ros2/learning/chapt4/chapt4_ws/src/install/chapt4_interfaces/include/chapt4_interfaces/chapt4_interfaces/srv/detail/face_detector__functions.h
[2.663s] -- Installing: /home/chairman/working/ros2/learning/chapt4/chapt4_ws/src/install/chapt4_interfaces/include/chapt4_interfaces/chapt4_interfaces/srv/detail/face_detector__functions.c
[2.663s] -- Installing: /home/chairman/working/ros2/learning/chapt4/chapt4_ws/src/install/chapt4_interfaces/include/chapt4_interfaces/chapt4_interfaces/srv/detail/face_detector__struct.h
[2.663s] -- Installing: /home/chairman/working/ros2/learning/chapt4/chapt4_ws/src/install/chapt4_interfaces/include/chapt4_interfaces/chapt4_interfaces/srv/detail/patrol__struct.h
[2.663s] -- Installing: /home/chairman/working/ros2/learning/chapt4/chapt4_ws/src/install/chapt4_interfaces/include/chapt4_interfaces/chapt4_interfaces/srv/detail/face_detector__type_support.h
[2.663s] -- Installing: /home/chairman/working/ros2/learning/chapt4/chapt4_ws/src/install/chapt4_interfaces/include/chapt4_interfaces/chapt4_interfaces/srv/detail/patrol__type_support.h
[2.663s] -- Installing: /home/chairman/working/ros2/learning/chapt4/chapt4_ws/src/install/chapt4_interfaces/include/chapt4_interfaces/chapt4_interfaces/srv/detail/patrol__functions.c
[2.663s] -- Installing: /home/chairman/working/ros2/learning/chapt4/chapt4_ws/src/install/chapt4_interfaces/include/chapt4_interfaces/chapt4_interfaces/srv/patrol.h
[2.663s] -- Installing: /home/chairman/working/ros2/learning/chapt4/chapt4_ws/src/install/chapt4_interfaces/include/chapt4_interfaces/chapt4_interfaces/srv/face_detector.h
[2.663s] -- Up-to-date: /home/chairman/working/ros2/learning/chapt4/chapt4_ws/src/install/chapt4_interfaces/include/chapt4_interfaces/chapt4_interfaces/msg
[2.663s] -- Up-to-date: /home/chairman/working/ros2/learning/chapt4/chapt4_ws/src/install/chapt4_interfaces/include/chapt4_interfaces/chapt4_interfaces/msg/rosidl_generator_c__visibility_control.h
[2.663s] -- Up-to-date: /home/chairman/working/ros2/learning/chapt4/chapt4_ws/src/install/chapt4_interfaces/share/chapt4_interfaces/environment/library_path.sh
[2.663s] -- Installing: /home/chairman/working/ros2/learning/chapt4/chapt4_ws/src/install/chapt4_interfaces/share/chapt4_interfaces/environment/library_path.dsv
[2.663s] -- Installing: /home/chairman/working/ros2/learning/chapt4/chapt4_ws/src/install/chapt4_interfaces/lib/libchapt4_interfaces__rosidl_generator_c.so
[2.663s] -- Set runtime path of "/home/chairman/working/ros2/learning/chapt4/chapt4_ws/src/install/chapt4_interfaces/lib/libchapt4_interfaces__rosidl_generator_c.so" to ""
[2.663s] -- Up-to-date: /home/chairman/working/ros2/learning/chapt4/chapt4_ws/src/install/chapt4_interfaces/include/chapt4_interfaces/chapt4_interfaces
[2.663s] -- Up-to-date: /home/chairman/working/ros2/learning/chapt4/chapt4_ws/src/install/chapt4_interfaces/include/chapt4_interfaces/chapt4_interfaces/srv
[2.663s] -- Up-to-date: /home/chairman/working/ros2/learning/chapt4/chapt4_ws/src/install/chapt4_interfaces/include/chapt4_interfaces/chapt4_interfaces/srv/detail
[2.663s] -- Installing: /home/chairman/working/ros2/learning/chapt4/chapt4_ws/src/install/chapt4_interfaces/include/chapt4_interfaces/chapt4_interfaces/srv/detail/face_detector__rosidl_typesupport_fastrtps_c.h
[2.663s] -- Installing: /home/chairman/working/ros2/learning/chapt4/chapt4_ws/src/install/chapt4_interfaces/include/chapt4_interfaces/chapt4_interfaces/srv/detail/patrol__rosidl_typesupport_fastrtps_c.h
[2.663s] -- Up-to-date: /home/chairman/working/ros2/learning/chapt4/chapt4_ws/src/install/chapt4_interfaces/include/chapt4_interfaces/chapt4_interfaces/msg
[2.663s] -- Up-to-date: /home/chairman/working/ros2/learning/chapt4/chapt4_ws/src/install/chapt4_interfaces/include/chapt4_interfaces/chapt4_interfaces/msg/rosidl_typesupport_fastrtps_c__visibility_control.h
[2.663s] -- Installing: /home/chairman/working/ros2/learning/chapt4/chapt4_ws/src/install/chapt4_interfaces/lib/libchapt4_interfaces__rosidl_typesupport_fastrtps_c.so
[2.663s] -- Set runtime path of "/home/chairman/working/ros2/learning/chapt4/chapt4_ws/src/install/chapt4_interfaces/lib/libchapt4_interfaces__rosidl_typesupport_fastrtps_c.so" to ""
[2.664s] -- Up-to-date: /home/chairman/working/ros2/learning/chapt4/chapt4_ws/src/install/chapt4_interfaces/include/chapt4_interfaces/chapt4_interfaces
[2.664s] -- Up-to-date: /home/chairman/working/ros2/learning/chapt4/chapt4_ws/src/install/chapt4_interfaces/include/chapt4_interfaces/chapt4_interfaces/srv
[2.664s] -- Up-to-date: /home/chairman/working/ros2/learning/chapt4/chapt4_ws/src/install/chapt4_interfaces/include/chapt4_interfaces/chapt4_interfaces/srv/detail
[2.664s] -- Installing: /home/chairman/working/ros2/learning/chapt4/chapt4_ws/src/install/chapt4_interfaces/include/chapt4_interfaces/chapt4_interfaces/srv/detail/patrol__rosidl_typesupport_introspection_c.h
[2.664s] -- Installing: /home/chairman/working/ros2/learning/chapt4/chapt4_ws/src/install/chapt4_interfaces/include/chapt4_interfaces/chapt4_interfaces/srv/detail/patrol__type_support.c
[2.664s] -- Installing: /home/chairman/working/ros2/learning/chapt4/chapt4_ws/src/install/chapt4_interfaces/include/chapt4_interfaces/chapt4_interfaces/srv/detail/face_detector__rosidl_typesupport_introspection_c.h
[2.664s] -- Installing: /home/chairman/working/ros2/learning/chapt4/chapt4_ws/src/install/chapt4_interfaces/include/chapt4_interfaces/chapt4_interfaces/srv/detail/face_detector__type_support.c
[2.664s] -- Up-to-date: /home/chairman/working/ros2/learning/chapt4/chapt4_ws/src/install/chapt4_interfaces/include/chapt4_interfaces/chapt4_interfaces/msg
[2.664s] -- Up-to-date: /home/chairman/working/ros2/learning/chapt4/chapt4_ws/src/install/chapt4_interfaces/include/chapt4_interfaces/chapt4_interfaces/msg/rosidl_typesupport_introspection_c__visibility_control.h
[2.664s] -- Installing: /home/chairman/working/ros2/learning/chapt4/chapt4_ws/src/install/chapt4_interfaces/lib/libchapt4_interfaces__rosidl_typesupport_introspection_c.so
[2.664s] -- Set runtime path of "/home/chairman/working/ros2/learning/chapt4/chapt4_ws/src/install/chapt4_interfaces/lib/libchapt4_interfaces__rosidl_typesupport_introspection_c.so" to ""
[2.664s] -- Installing: /home/chairman/working/ros2/learning/chapt4/chapt4_ws/src/install/chapt4_interfaces/lib/libchapt4_interfaces__rosidl_typesupport_c.so
[2.664s] -- Set runtime path of "/home/chairman/working/ros2/learning/chapt4/chapt4_ws/src/install/chapt4_interfaces/lib/libchapt4_interfaces__rosidl_typesupport_c.so" to ""
[2.664s] -- Up-to-date: /home/chairman/working/ros2/learning/chapt4/chapt4_ws/src/install/chapt4_interfaces/include/chapt4_interfaces/chapt4_interfaces
[2.664s] -- Up-to-date: /home/chairman/working/ros2/learning/chapt4/chapt4_ws/src/install/chapt4_interfaces/include/chapt4_interfaces/chapt4_interfaces/srv
[2.664s] -- Up-to-date: /home/chairman/working/ros2/learning/chapt4/chapt4_ws/src/install/chapt4_interfaces/include/chapt4_interfaces/chapt4_interfaces/srv/detail
[2.664s] -- Installing: /home/chairman/working/ros2/learning/chapt4/chapt4_ws/src/install/chapt4_interfaces/include/chapt4_interfaces/chapt4_interfaces/srv/detail/face_detector__traits.hpp
[2.664s] -- Installing: /home/chairman/working/ros2/learning/chapt4/chapt4_ws/src/install/chapt4_interfaces/include/chapt4_interfaces/chapt4_interfaces/srv/detail/patrol__traits.hpp
[2.664s] -- Installing: /home/chairman/working/ros2/learning/chapt4/chapt4_ws/src/install/chapt4_interfaces/include/chapt4_interfaces/chapt4_interfaces/srv/detail/face_detector__builder.hpp
[2.664s] -- Installing: /home/chairman/working/ros2/learning/chapt4/chapt4_ws/src/install/chapt4_interfaces/include/chapt4_interfaces/chapt4_interfaces/srv/detail/patrol__struct.hpp
[2.664s] -- Installing: /home/chairman/working/ros2/learning/chapt4/chapt4_ws/src/install/chapt4_interfaces/include/chapt4_interfaces/chapt4_interfaces/srv/detail/patrol__builder.hpp
[2.665s] -- Installing: /home/chairman/working/ros2/learning/chapt4/chapt4_ws/src/install/chapt4_interfaces/include/chapt4_interfaces/chapt4_interfaces/srv/detail/face_detector__struct.hpp
[2.665s] -- Installing: /home/chairman/working/ros2/learning/chapt4/chapt4_ws/src/install/chapt4_interfaces/include/chapt4_interfaces/chapt4_interfaces/srv/detail/patrol__type_support.hpp
[2.665s] -- Installing: /home/chairman/working/ros2/learning/chapt4/chapt4_ws/src/install/chapt4_interfaces/include/chapt4_interfaces/chapt4_interfaces/srv/detail/face_detector__type_support.hpp
[2.665s] -- Installing: /home/chairman/working/ros2/learning/chapt4/chapt4_ws/src/install/chapt4_interfaces/include/chapt4_interfaces/chapt4_interfaces/srv/patrol.hpp
[2.665s] -- Installing: /home/chairman/working/ros2/learning/chapt4/chapt4_ws/src/install/chapt4_interfaces/include/chapt4_interfaces/chapt4_interfaces/srv/face_detector.hpp
[2.665s] -- Up-to-date: /home/chairman/working/ros2/learning/chapt4/chapt4_ws/src/install/chapt4_interfaces/include/chapt4_interfaces/chapt4_interfaces/msg
[2.665s] -- Up-to-date: /home/chairman/working/ros2/learning/chapt4/chapt4_ws/src/install/chapt4_interfaces/include/chapt4_interfaces/chapt4_interfaces/msg/rosidl_generator_cpp__visibility_control.hpp
[2.665s] -- Up-to-date: /home/chairman/working/ros2/learning/chapt4/chapt4_ws/src/install/chapt4_interfaces/include/chapt4_interfaces/chapt4_interfaces
[2.665s] -- Up-to-date: /home/chairman/working/ros2/learning/chapt4/chapt4_ws/src/install/chapt4_interfaces/include/chapt4_interfaces/chapt4_interfaces/srv
[2.665s] -- Up-to-date: /home/chairman/working/ros2/learning/chapt4/chapt4_ws/src/install/chapt4_interfaces/include/chapt4_interfaces/chapt4_interfaces/srv/detail
[2.665s] -- Installing: /home/chairman/working/ros2/learning/chapt4/chapt4_ws/src/install/chapt4_interfaces/include/chapt4_interfaces/chapt4_interfaces/srv/detail/patrol__rosidl_typesupport_fastrtps_cpp.hpp
[2.665s] -- Up-to-date: /home/chairman/working/ros2/learning/chapt4/chapt4_ws/src/install/chapt4_interfaces/include/chapt4_interfaces/chapt4_interfaces/srv/detail/dds_fastrtps
[2.665s] -- Installing: /home/chairman/working/ros2/learning/chapt4/chapt4_ws/src/install/chapt4_interfaces/include/chapt4_interfaces/chapt4_interfaces/srv/detail/face_detector__rosidl_typesupport_fastrtps_cpp.hpp
[2.665s] -- Up-to-date: /home/chairman/working/ros2/learning/chapt4/chapt4_ws/src/install/chapt4_interfaces/include/chapt4_interfaces/chapt4_interfaces/msg
[2.665s] -- Up-to-date: /home/chairman/working/ros2/learning/chapt4/chapt4_ws/src/install/chapt4_interfaces/include/chapt4_interfaces/chapt4_interfaces/msg/rosidl_typesupport_fastrtps_cpp__visibility_control.h
[2.665s] -- Installing: /home/chairman/working/ros2/learning/chapt4/chapt4_ws/src/install/chapt4_interfaces/lib/libchapt4_interfaces__rosidl_typesupport_fastrtps_cpp.so
[2.665s] -- Set runtime path of "/home/chairman/working/ros2/learning/chapt4/chapt4_ws/src/install/chapt4_interfaces/lib/libchapt4_interfaces__rosidl_typesupport_fastrtps_cpp.so" to ""
[2.665s] -- Up-to-date: /home/chairman/working/ros2/learning/chapt4/chapt4_ws/src/install/chapt4_interfaces/include/chapt4_interfaces/chapt4_interfaces
[2.665s] -- Up-to-date: /home/chairman/working/ros2/learning/chapt4/chapt4_ws/src/install/chapt4_interfaces/include/chapt4_interfaces/chapt4_interfaces/srv
[2.665s] -- Up-to-date: /home/chairman/working/ros2/learning/chapt4/chapt4_ws/src/install/chapt4_interfaces/include/chapt4_interfaces/chapt4_interfaces/srv/detail
[2.665s] -- Installing: /home/chairman/working/ros2/learning/chapt4/chapt4_ws/src/install/chapt4_interfaces/include/chapt4_interfaces/chapt4_interfaces/srv/detail/patrol__type_support.cpp
[2.665s] -- Installing: /home/chairman/working/ros2/learning/chapt4/chapt4_ws/src/install/chapt4_interfaces/include/chapt4_interfaces/chapt4_interfaces/srv/detail/patrol__rosidl_typesupport_introspection_cpp.hpp
[2.666s] -- Installing: /home/chairman/working/ros2/learning/chapt4/chapt4_ws/src/install/chapt4_interfaces/include/chapt4_interfaces/chapt4_interfaces/srv/detail/face_detector__type_support.cpp
[2.666s] -- Installing: /home/chairman/working/ros2/learning/chapt4/chapt4_ws/src/install/chapt4_interfaces/include/chapt4_interfaces/chapt4_interfaces/srv/detail/face_detector__rosidl_typesupport_introspection_cpp.hpp
[2.666s] -- Installing: /home/chairman/working/ros2/learning/chapt4/chapt4_ws/src/install/chapt4_interfaces/lib/libchapt4_interfaces__rosidl_typesupport_introspection_cpp.so
[2.666s] -- Set runtime path of "/home/chairman/working/ros2/learning/chapt4/chapt4_ws/src/install/chapt4_interfaces/lib/libchapt4_interfaces__rosidl_typesupport_introspection_cpp.so" to ""
[2.666s] -- Installing: /home/chairman/working/ros2/learning/chapt4/chapt4_ws/src/install/chapt4_interfaces/lib/libchapt4_interfaces__rosidl_typesupport_cpp.so
[2.666s] -- Set runtime path of "/home/chairman/working/ros2/learning/chapt4/chapt4_ws/src/install/chapt4_interfaces/lib/libchapt4_interfaces__rosidl_typesupport_cpp.so" to ""
[2.666s] -- Up-to-date: /home/chairman/working/ros2/learning/chapt4/chapt4_ws/src/install/chapt4_interfaces/share/chapt4_interfaces/environment/pythonpath.sh
[2.666s] -- Installing: /home/chairman/working/ros2/learning/chapt4/chapt4_ws/src/install/chapt4_interfaces/share/chapt4_interfaces/environment/pythonpath.dsv
[2.666s] -- Up-to-date: /home/chairman/working/ros2/learning/chapt4/chapt4_ws/src/install/chapt4_interfaces/local/lib/python3.10/dist-packages/chapt4_interfaces-0.0.0-py3.10.egg-info
[2.666s] -- Installing: /home/chairman/working/ros2/learning/chapt4/chapt4_ws/src/install/chapt4_interfaces/local/lib/python3.10/dist-packages/chapt4_interfaces-0.0.0-py3.10.egg-info/dependency_links.txt
[2.666s] -- Installing: /home/chairman/working/ros2/learning/chapt4/chapt4_ws/src/install/chapt4_interfaces/local/lib/python3.10/dist-packages/chapt4_interfaces-0.0.0-py3.10.egg-info/top_level.txt
[2.666s] -- Installing: /home/chairman/working/ros2/learning/chapt4/chapt4_ws/src/install/chapt4_interfaces/local/lib/python3.10/dist-packages/chapt4_interfaces-0.0.0-py3.10.egg-info/SOURCES.txt
[2.666s] -- Installing: /home/chairman/working/ros2/learning/chapt4/chapt4_ws/src/install/chapt4_interfaces/local/lib/python3.10/dist-packages/chapt4_interfaces-0.0.0-py3.10.egg-info/PKG-INFO
[2.666s] -- Up-to-date: /home/chairman/working/ros2/learning/chapt4/chapt4_ws/src/install/chapt4_interfaces/local/lib/python3.10/dist-packages/chapt4_interfaces
[2.666s] -- Installing: /home/chairman/working/ros2/learning/chapt4/chapt4_ws/src/install/chapt4_interfaces/local/lib/python3.10/dist-packages/chapt4_interfaces/_chapt4_interfaces_s.ep.rosidl_typesupport_c.c
[2.666s] -- Installing: /home/chairman/working/ros2/learning/chapt4/chapt4_ws/src/install/chapt4_interfaces/local/lib/python3.10/dist-packages/chapt4_interfaces/libchapt4_interfaces__rosidl_generator_py.so
[2.666s] -- Installing: /home/chairman/working/ros2/learning/chapt4/chapt4_ws/src/install/chapt4_interfaces/local/lib/python3.10/dist-packages/chapt4_interfaces/chapt4_interfaces_s__rosidl_typesupport_fastrtps_c.cpython-310-x86_64-linux-gnu.so
[2.667s] -- Installing: /home/chairman/working/ros2/learning/chapt4/chapt4_ws/src/install/chapt4_interfaces/local/lib/python3.10/dist-packages/chapt4_interfaces/chapt4_interfaces_s__rosidl_typesupport_introspection_c.cpython-310-x86_64-linux-gnu.so
[2.667s] -- Installing: /home/chairman/working/ros2/learning/chapt4/chapt4_ws/src/install/chapt4_interfaces/local/lib/python3.10/dist-packages/chapt4_interfaces/chapt4_interfaces_s__rosidl_typesupport_c.cpython-310-x86_64-linux-gnu.so
[2.667s] -- Installing: /home/chairman/working/ros2/learning/chapt4/chapt4_ws/src/install/chapt4_interfaces/local/lib/python3.10/dist-packages/chapt4_interfaces/_chapt4_interfaces_s.ep.rosidl_typesupport_fastrtps_c.c
[2.667s] -- Installing: /home/chairman/working/ros2/learning/chapt4/chapt4_ws/src/install/chapt4_interfaces/local/lib/python3.10/dist-packages/chapt4_interfaces/_chapt4_interfaces_s.ep.rosidl_typesupport_introspection_c.c
[2.667s] -- Installing: /home/chairman/working/ros2/learning/chapt4/chapt4_ws/src/install/chapt4_interfaces/local/lib/python3.10/dist-packages/chapt4_interfaces/__init__.py
[2.667s] -- Up-to-date: /home/chairman/working/ros2/learning/chapt4/chapt4_ws/src/install/chapt4_interfaces/local/lib/python3.10/dist-packages/chapt4_interfaces/srv
[2.667s] -- Installing: /home/chairman/working/ros2/learning/chapt4/chapt4_ws/src/install/chapt4_interfaces/local/lib/python3.10/dist-packages/chapt4_interfaces/srv/_face_detector_s.c
[2.667s] -- Installing: /home/chairman/working/ros2/learning/chapt4/chapt4_ws/src/install/chapt4_interfaces/local/lib/python3.10/dist-packages/chapt4_interfaces/srv/__init__.py
[2.667s] -- Installing: /home/chairman/working/ros2/learning/chapt4/chapt4_ws/src/install/chapt4_interfaces/local/lib/python3.10/dist-packages/chapt4_interfaces/srv/_face_detector.py
[2.667s] -- Installing: /home/chairman/working/ros2/learning/chapt4/chapt4_ws/src/install/chapt4_interfaces/local/lib/python3.10/dist-packages/chapt4_interfaces/srv/_patrol_s.c
[2.667s] -- Installing: /home/chairman/working/ros2/learning/chapt4/chapt4_ws/src/install/chapt4_interfaces/local/lib/python3.10/dist-packages/chapt4_interfaces/srv/_patrol.py
[2.693s] Listing '/home/chairman/working/ros2/learning/chapt4/chapt4_ws/src/install/chapt4_interfaces/local/lib/python3.10/dist-packages/chapt4_interfaces'...
[2.693s] Compiling '/home/chairman/working/ros2/learning/chapt4/chapt4_ws/src/install/chapt4_interfaces/local/lib/python3.10/dist-packages/chapt4_interfaces/__init__.py'...
[2.693s] Listing '/home/chairman/working/ros2/learning/chapt4/chapt4_ws/src/install/chapt4_interfaces/local/lib/python3.10/dist-packages/chapt4_interfaces/srv'...
[2.693s] Compiling '/home/chairman/working/ros2/learning/chapt4/chapt4_ws/src/install/chapt4_interfaces/local/lib/python3.10/dist-packages/chapt4_interfaces/srv/__init__.py'...
[2.693s] Compiling '/home/chairman/working/ros2/learning/chapt4/chapt4_ws/src/install/chapt4_interfaces/local/lib/python3.10/dist-packages/chapt4_interfaces/srv/_face_detector.py'...
[2.693s] Compiling '/home/chairman/working/ros2/learning/chapt4/chapt4_ws/src/install/chapt4_interfaces/local/lib/python3.10/dist-packages/chapt4_interfaces/srv/_patrol.py'...
[2.696s] -- Installing: /home/chairman/working/ros2/learning/chapt4/chapt4_ws/src/install/chapt4_interfaces/local/lib/python3.10/dist-packages/chapt4_interfaces/chapt4_interfaces_s__rosidl_typesupport_fastrtps_c.cpython-310-x86_64-linux-gnu.so
[2.696s] -- Set runtime path of "/home/chairman/working/ros2/learning/chapt4/chapt4_ws/src/install/chapt4_interfaces/local/lib/python3.10/dist-packages/chapt4_interfaces/chapt4_interfaces_s__rosidl_typesupport_fastrtps_c.cpython-310-x86_64-linux-gnu.so" to ""
[2.696s] -- Installing: /home/chairman/working/ros2/learning/chapt4/chapt4_ws/src/install/chapt4_interfaces/local/lib/python3.10/dist-packages/chapt4_interfaces/chapt4_interfaces_s__rosidl_typesupport_introspection_c.cpython-310-x86_64-linux-gnu.so
[2.696s] -- Set runtime path of "/home/chairman/working/ros2/learning/chapt4/chapt4_ws/src/install/chapt4_interfaces/local/lib/python3.10/dist-packages/chapt4_interfaces/chapt4_interfaces_s__rosidl_typesupport_introspection_c.cpython-310-x86_64-linux-gnu.so" to ""
[2.696s] -- Installing: /home/chairman/working/ros2/learning/chapt4/chapt4_ws/src/install/chapt4_interfaces/local/lib/python3.10/dist-packages/chapt4_interfaces/chapt4_interfaces_s__rosidl_typesupport_c.cpython-310-x86_64-linux-gnu.so
[2.696s] -- Set runtime path of "/home/chairman/working/ros2/learning/chapt4/chapt4_ws/src/install/chapt4_interfaces/local/lib/python3.10/dist-packages/chapt4_interfaces/chapt4_interfaces_s__rosidl_typesupport_c.cpython-310-x86_64-linux-gnu.so" to ""
[2.696s] -- Installing: /home/chairman/working/ros2/learning/chapt4/chapt4_ws/src/install/chapt4_interfaces/lib/libchapt4_interfaces__rosidl_generator_py.so
[2.697s] -- Set runtime path of "/home/chairman/working/ros2/learning/chapt4/chapt4_ws/src/install/chapt4_interfaces/lib/libchapt4_interfaces__rosidl_generator_py.so" to ""
[2.697s] -- Up-to-date: /home/chairman/working/ros2/learning/chapt4/chapt4_ws/src/install/chapt4_interfaces/share/chapt4_interfaces/srv/FaceDetector.idl
[2.697s] -- Installing: /home/chairman/working/ros2/learning/chapt4/chapt4_ws/src/install/chapt4_interfaces/share/chapt4_interfaces/srv/Patrol.idl
[2.697s] -- Up-to-date: /home/chairman/working/ros2/learning/chapt4/chapt4_ws/src/install/chapt4_interfaces/share/chapt4_interfaces/srv/FaceDetector.srv
[2.697s] -- Up-to-date: /home/chairman/working/ros2/learning/chapt4/chapt4_ws/src/install/chapt4_interfaces/share/chapt4_interfaces/srv/FaceDetector_Request.msg
[2.697s] -- Up-to-date: /home/chairman/working/ros2/learning/chapt4/chapt4_ws/src/install/chapt4_interfaces/share/chapt4_interfaces/srv/FaceDetector_Response.msg
[2.697s] -- Installing: /home/chairman/working/ros2/learning/chapt4/chapt4_ws/src/install/chapt4_interfaces/share/chapt4_interfaces/srv/Patrol.srv
[2.697s] -- Installing: /home/chairman/working/ros2/learning/chapt4/chapt4_ws/src/install/chapt4_interfaces/share/chapt4_interfaces/srv/Patrol_Request.msg
[2.697s] -- Installing: /home/chairman/working/ros2/learning/chapt4/chapt4_ws/src/install/chapt4_interfaces/share/chapt4_interfaces/srv/Patrol_Response.msg
[2.697s] -- Up-to-date: /home/chairman/working/ros2/learning/chapt4/chapt4_ws/src/install/chapt4_interfaces/share/ament_index/resource_index/package_run_dependencies/chapt4_interfaces
[2.697s] -- Up-to-date: /home/chairman/working/ros2/learning/chapt4/chapt4_ws/src/install/chapt4_interfaces/share/ament_index/resource_index/parent_prefix_path/chapt4_interfaces
[2.697s] -- Up-to-date: /home/chairman/working/ros2/learning/chapt4/chapt4_ws/src/install/chapt4_interfaces/share/chapt4_interfaces/environment/ament_prefix_path.sh
[2.697s] -- Installing: /home/chairman/working/ros2/learning/chapt4/chapt4_ws/src/install/chapt4_interfaces/share/chapt4_interfaces/environment/ament_prefix_path.dsv
[2.697s] -- Up-to-date: /home/chairman/working/ros2/learning/chapt4/chapt4_ws/src/install/chapt4_interfaces/share/chapt4_interfaces/environment/path.sh
[2.697s] -- Installing: /home/chairman/working/ros2/learning/chapt4/chapt4_ws/src/install/chapt4_interfaces/share/chapt4_interfaces/environment/path.dsv
[2.697s] -- Up-to-date: /home/chairman/working/ros2/learning/chapt4/chapt4_ws/src/install/chapt4_interfaces/share/chapt4_interfaces/local_setup.bash
[2.697s] -- Up-to-date: /home/chairman/working/ros2/learning/chapt4/chapt4_ws/src/install/chapt4_interfaces/share/chapt4_interfaces/local_setup.sh
[2.697s] -- Up-to-date: /home/chairman/working/ros2/learning/chapt4/chapt4_ws/src/install/chapt4_interfaces/share/chapt4_interfaces/local_setup.zsh
[2.697s] -- Installing: /home/chairman/working/ros2/learning/chapt4/chapt4_ws/src/install/chapt4_interfaces/share/chapt4_interfaces/local_setup.dsv
[2.697s] -- Installing: /home/chairman/working/ros2/learning/chapt4/chapt4_ws/src/install/chapt4_interfaces/share/chapt4_interfaces/package.dsv
[2.697s] -- Up-to-date: /home/chairman/working/ros2/learning/chapt4/chapt4_ws/src/install/chapt4_interfaces/share/ament_index/resource_index/packages/chapt4_interfaces
[2.697s] -- Up-to-date: /home/chairman/working/ros2/learning/chapt4/chapt4_ws/src/install/chapt4_interfaces/share/chapt4_interfaces/cmake/export_chapt4_interfaces__rosidl_generator_cExport.cmake
[2.697s] -- Up-to-date: /home/chairman/working/ros2/learning/chapt4/chapt4_ws/src/install/chapt4_interfaces/share/chapt4_interfaces/cmake/export_chapt4_interfaces__rosidl_generator_cExport-noconfig.cmake
[2.697s] -- Up-to-date: /home/chairman/working/ros2/learning/chapt4/chapt4_ws/src/install/chapt4_interfaces/share/chapt4_interfaces/cmake/export_chapt4_interfaces__rosidl_typesupport_fastrtps_cExport.cmake
[2.697s] -- Up-to-date: /home/chairman/working/ros2/learning/chapt4/chapt4_ws/src/install/chapt4_interfaces/share/chapt4_interfaces/cmake/export_chapt4_interfaces__rosidl_typesupport_fastrtps_cExport-noconfig.cmake
[2.697s] -- Up-to-date: /home/chairman/working/ros2/learning/chapt4/chapt4_ws/src/install/chapt4_interfaces/share/chapt4_interfaces/cmake/chapt4_interfaces__rosidl_typesupport_introspection_cExport.cmake
[2.697s] -- Up-to-date: /home/chairman/working/ros2/learning/chapt4/chapt4_ws/src/install/chapt4_interfaces/share/chapt4_interfaces/cmake/chapt4_interfaces__rosidl_typesupport_introspection_cExport-noconfig.cmake
[2.697s] -- Up-to-date: /home/chairman/working/ros2/learning/chapt4/chapt4_ws/src/install/chapt4_interfaces/share/chapt4_interfaces/cmake/chapt4_interfaces__rosidl_typesupport_cExport.cmake
[2.697s] -- Up-to-date: /home/chairman/working/ros2/learning/chapt4/chapt4_ws/src/install/chapt4_interfaces/share/chapt4_interfaces/cmake/chapt4_interfaces__rosidl_typesupport_cExport-noconfig.cmake
[2.698s] -- Up-to-date: /home/chairman/working/ros2/learning/chapt4/chapt4_ws/src/install/chapt4_interfaces/share/chapt4_interfaces/cmake/export_chapt4_interfaces__rosidl_generator_cppExport.cmake
[2.698s] -- Up-to-date: /home/chairman/working/ros2/learning/chapt4/chapt4_ws/src/install/chapt4_interfaces/share/chapt4_interfaces/cmake/export_chapt4_interfaces__rosidl_typesupport_fastrtps_cppExport.cmake
[2.698s] -- Up-to-date: /home/chairman/working/ros2/learning/chapt4/chapt4_ws/src/install/chapt4_interfaces/share/chapt4_interfaces/cmake/export_chapt4_interfaces__rosidl_typesupport_fastrtps_cppExport-noconfig.cmake
[2.698s] -- Up-to-date: /home/chairman/working/ros2/learning/chapt4/chapt4_ws/src/install/chapt4_interfaces/share/chapt4_interfaces/cmake/chapt4_interfaces__rosidl_typesupport_introspection_cppExport.cmake
[2.698s] -- Up-to-date: /home/chairman/working/ros2/learning/chapt4/chapt4_ws/src/install/chapt4_interfaces/share/chapt4_interfaces/cmake/chapt4_interfaces__rosidl_typesupport_introspection_cppExport-noconfig.cmake
[2.698s] -- Up-to-date: /home/chairman/working/ros2/learning/chapt4/chapt4_ws/src/install/chapt4_interfaces/share/chapt4_interfaces/cmake/chapt4_interfaces__rosidl_typesupport_cppExport.cmake
[2.698s] -- Up-to-date: /home/chairman/working/ros2/learning/chapt4/chapt4_ws/src/install/chapt4_interfaces/share/chapt4_interfaces/cmake/chapt4_interfaces__rosidl_typesupport_cppExport-noconfig.cmake
[2.698s] -- Up-to-date: /home/chairman/working/ros2/learning/chapt4/chapt4_ws/src/install/chapt4_interfaces/share/chapt4_interfaces/cmake/export_chapt4_interfaces__rosidl_generator_pyExport.cmake
[2.698s] -- Up-to-date: /home/chairman/working/ros2/learning/chapt4/chapt4_ws/src/install/chapt4_interfaces/share/chapt4_interfaces/cmake/export_chapt4_interfaces__rosidl_generator_pyExport-noconfig.cmake
[2.698s] -- Installing: /home/chairman/working/ros2/learning/chapt4/chapt4_ws/src/install/chapt4_interfaces/share/chapt4_interfaces/cmake/rosidl_cmake-extras.cmake
[2.698s] -- Up-to-date: /home/chairman/working/ros2/learning/chapt4/chapt4_ws/src/install/chapt4_interfaces/share/chapt4_interfaces/cmake/ament_cmake_export_dependencies-extras.cmake
[2.698s] -- Up-to-date: /home/chairman/working/ros2/learning/chapt4/chapt4_ws/src/install/chapt4_interfaces/share/chapt4_interfaces/cmake/ament_cmake_export_include_directories-extras.cmake
[2.698s] -- Up-to-date: /home/chairman/working/ros2/learning/chapt4/chapt4_ws/src/install/chapt4_interfaces/share/chapt4_interfaces/cmake/ament_cmake_export_libraries-extras.cmake
[2.698s] -- Up-to-date: /home/chairman/working/ros2/learning/chapt4/chapt4_ws/src/install/chapt4_interfaces/share/chapt4_interfaces/cmake/ament_cmake_export_targets-extras.cmake
[2.698s] -- Up-to-date: /home/chairman/working/ros2/learning/chapt4/chapt4_ws/src/install/chapt4_interfaces/share/chapt4_interfaces/cmake/rosidl_cmake_export_typesupport_targets-extras.cmake
[2.698s] -- Up-to-date: /home/chairman/working/ros2/learning/chapt4/chapt4_ws/src/install/chapt4_interfaces/share/chapt4_interfaces/cmake/rosidl_cmake_export_typesupport_libraries-extras.cmake
[2.698s] -- Up-to-date: /home/chairman/working/ros2/learning/chapt4/chapt4_ws/src/install/chapt4_interfaces/share/chapt4_interfaces/cmake/chapt4_interfacesConfig.cmake
[2.698s] -- Up-to-date: /home/chairman/working/ros2/learning/chapt4/chapt4_ws/src/install/chapt4_interfaces/share/chapt4_interfaces/cmake/chapt4_interfacesConfig-version.cmake
[2.698s] -- Up-to-date: /home/chairman/working/ros2/learning/chapt4/chapt4_ws/src/install/chapt4_interfaces/share/chapt4_interfaces/package.xml
[2.700s] Invoked command in '/home/chairman/working/ros2/learning/chapt4/chapt4_ws/src/build/chapt4_interfaces' returned '0': CMAKE_PREFIX_PATH=${CMAKE_PREFIX_PATH}:/home/chairman/working/ros2/learning/chapt4/chapt4_ws/src/install/demo_python_service:/opt/ros/humble /usr/bin/cmake --install /home/chairman/working/ros2/learning/chapt4/chapt4_ws/src/build/chapt4_interfaces
