[0.026s] Invoking command in '/home/chairman/working/ros2/beijixiong/pb2025_ws/build/small_gicp_relocalization': CMAKE_PREFIX_PATH=/opt/ros/humble VIRTUAL_ENV_PROMPT=(venv) /usr/bin/cmake /home/chairman/working/ros2/beijixiong/pb2025_ws/src/pb2025_sentry_nav/small_gicp_relocalization -DCMAKE_BUILD_TYPE=Release -DAMENT_CMAKE_SYMLINK_INSTALL=1 -DCMAKE_INSTALL_PREFIX=/home/chairman/working/ros2/beijixiong/pb2025_ws/install/small_gicp_relocalization
[0.067s] -- The C compiler identification is GNU 11.4.0
[0.109s] -- The CXX compiler identification is GNU 11.4.0
[0.116s] -- Detecting C compiler ABI info
[0.162s] -- Detecting C compiler ABI info - done
[0.170s] -- Check for working C compiler: /usr/bin/cc - skipped
[0.170s] -- Detecting C compile features
[0.170s] -- Detecting C compile features - done
[0.172s] -- Detecting CXX compiler ABI info
[0.221s] -- Detecting CXX compiler ABI info - done
[0.228s] -- Check for working CXX compiler: /usr/bin/c++ - skipped
[0.228s] -- Detecting CXX compile features
[0.229s] -- Detecting CXX compile features - done
[0.230s] -- Found ament_cmake_auto: 1.3.12 (/opt/ros/humble/share/ament_cmake_auto/cmake)
[0.325s] -- Found Python3: /home/chairman/venv/bin/python3 (found version "3.10.12") found components: Interpreter 
[0.366s] -- Override CMake install command with custom implementation using symlinks instead of copying resources
[0.583s] -- Found OpenMP_C: -fopenmp (found version "4.5") 
[0.640s] -- Found OpenMP_CXX: -fopenmp (found version "4.5") 
[0.640s] -- Found OpenMP: TRUE (found version "4.5")  
[0.762s] -- Found rosidl_generator_c: 3.1.7 (/opt/ros/humble/share/rosidl_generator_c/cmake)
[0.766s] -- Found rosidl_adapter: 3.1.7 (/opt/ros/humble/share/rosidl_adapter/cmake)
[0.774s] -- Found rosidl_generator_cpp: 3.1.7 (/opt/ros/humble/share/rosidl_generator_cpp/cmake)
[0.785s] -- Using all available rosidl_typesupport_c: rosidl_typesupport_fastrtps_c;rosidl_typesupport_introspection_c
[0.801s] -- Using all available rosidl_typesupport_cpp: rosidl_typesupport_fastrtps_cpp;rosidl_typesupport_introspection_cpp
[0.841s] -- Found rmw_implementation_cmake: 6.1.2 (/opt/ros/humble/share/rmw_implementation_cmake/cmake)
[0.843s] -- Found rmw_fastrtps_cpp: 6.2.9 (/opt/ros/humble/share/rmw_fastrtps_cpp/cmake)
[0.909s] -- Found OpenSSL: /usr/lib/x86_64-linux-gnu/libcrypto.so (found version "3.0.2")  
[0.930s] -- Found FastRTPS: /opt/ros/humble/include  
[0.958s] -- Using RMW implementation 'rmw_fastrtps_cpp' as default
[0.963s] -- Looking for pthread.h
[1.012s] -- Looking for pthread.h - found
[1.012s] -- Performing Test CMAKE_HAVE_LIBC_PTHREAD
[1.065s] -- Performing Test CMAKE_HAVE_LIBC_PTHREAD - Success
[1.066s] -- Found Threads: TRUE  
[1.297s] -- Checking for module 'eigen3'
[1.307s] --   Found eigen3, version 3.4.0
[1.329s] -- Found Eigen: /usr/include/eigen3 (Required is at least version "3.1") 
[1.329s] -- Eigen found (include: /usr/include/eigen3, version: 3.4.0)
[1.356s] -- Checking for module 'flann'
[1.364s] --   Found flann, version 1.9.1
[1.395s] -- Found FLANN: /usr/lib/x86_64-linux-gnu/libflann_cpp.so  
[1.395s] -- FLANN found (include: /usr/include, lib: /usr/lib/x86_64-linux-gnu/libflann_cpp.so)
[2.062s] -- Checking for module 'libusb-1.0'
[2.072s] --   Found libusb-1.0, version 1.0.25
[2.099s] -- Found libusb: /usr/lib/x86_64-linux-gnu/libusb-1.0.so  
[2.100s] -- OpenNI found (version: 1.5.4.0, include: /usr/include/ni, lib: /usr/lib/libOpenNI.so;libusb::libusb)
[2.145s] -- OpenNI2 found (version: 2.2.0.33, include: /usr/include/openni2, lib: /usr/lib/x86_64-linux-gnu/libOpenNI2.so;libusb::libusb)
[2.305s] -- Eigen found (include: /usr/include/eigen3, version: 3.4.0)
[2.311s] -- OpenNI found (version: 1.5.4.0, include: /usr/include/ni, lib: /usr/lib/libOpenNI.so;libusb::libusb)
[2.317s] -- OpenNI2 found (version: 2.2.0.33, include: /usr/include/openni2, lib: /usr/lib/x86_64-linux-gnu/libOpenNI2.so;libusb::libusb)
[2.462s] -- Found Qhull version 8.0.2
[2.571s] -- OpenNI found (version: 1.5.4.0, include: /usr/include/ni, lib: /usr/lib/libOpenNI.so;libusb::libusb)
[2.687s] -- Found PCL_COMMON: /usr/lib/x86_64-linux-gnu/libpcl_common.so  
[2.688s] -- Found PCL_KDTREE: /usr/lib/x86_64-linux-gnu/libpcl_kdtree.so  
[2.688s] -- Found PCL_OCTREE: /usr/lib/x86_64-linux-gnu/libpcl_octree.so  
[2.689s] -- Found PCL_SEARCH: /usr/lib/x86_64-linux-gnu/libpcl_search.so  
[2.689s] -- Found PCL_SAMPLE_CONSENSUS: /usr/lib/x86_64-linux-gnu/libpcl_sample_consensus.so  
[2.690s] -- Found PCL_FILTERS: /usr/lib/x86_64-linux-gnu/libpcl_filters.so  
[2.691s] -- Found PCL_2D: /usr/include/pcl-1.12  
[2.691s] -- Found PCL_GEOMETRY: /usr/include/pcl-1.12  
[2.692s] -- Found PCL_IO: /usr/lib/x86_64-linux-gnu/libpcl_io.so  
[2.692s] -- Found PCL_FEATURES: /usr/lib/x86_64-linux-gnu/libpcl_features.so  
[2.693s] -- Found PCL_ML: /usr/lib/x86_64-linux-gnu/libpcl_ml.so  
[2.694s] -- Found PCL_SEGMENTATION: /usr/lib/x86_64-linux-gnu/libpcl_segmentation.so  
[2.694s] -- Found PCL_VISUALIZATION: /usr/lib/x86_64-linux-gnu/libpcl_visualization.so  
[2.695s] -- Found PCL_SURFACE: /usr/lib/x86_64-linux-gnu/libpcl_surface.so  
[2.696s] -- Found PCL_REGISTRATION: /usr/lib/x86_64-linux-gnu/libpcl_registration.so  
[2.696s] -- Found PCL_KEYPOINTS: /usr/lib/x86_64-linux-gnu/libpcl_keypoints.so  
[2.697s] -- Found PCL_TRACKING: /usr/lib/x86_64-linux-gnu/libpcl_tracking.so  
[2.698s] -- Found PCL_RECOGNITION: /usr/lib/x86_64-linux-gnu/libpcl_recognition.so  
[2.699s] -- Found PCL_STEREO: /usr/lib/x86_64-linux-gnu/libpcl_stereo.so  
[2.699s] -- Found PCL_APPS: /usr/lib/x86_64-linux-gnu/libpcl_apps.so  
[2.700s] -- Found PCL_IN_HAND_SCANNER: /usr/include/pcl-1.12  
[2.700s] -- Found PCL_MODELER: /usr/include/pcl-1.12  
[2.700s] -- Found PCL_POINT_CLOUD_EDITOR: /usr/include/pcl-1.12  
[2.701s] -- Found PCL_OUTOFCORE: /usr/lib/x86_64-linux-gnu/libpcl_outofcore.so  
[2.702s] -- Found PCL_PEOPLE: /usr/lib/x86_64-linux-gnu/libpcl_people.so  
[2.711s] -- Found ament_lint_auto: 0.12.14 (/opt/ros/humble/share/ament_lint_auto/cmake)
[2.723s] [0mIn this package, headers install destination is set to `include` by ament_auto_package. It is recommended to install `include/small_gicp_relocalization` instead and will be the default behavior of ament_auto_package from ROS 2 Kilted Kaiju. On distributions before Kilted, ament_auto_package behaves the same way when you use USE_SCOPED_HEADER_INSTALL_DIR option.[0m
[2.727s] -- Added test 'copyright' to check source files copyright and LICENSE
[2.728s] -- Added test 'cppcheck' to perform static code analysis on C / C++ code
[2.728s] -- Configured cppcheck include dirs: /home/chairman/working/ros2/beijixiong/pb2025_ws/src/pb2025_sentry_nav/small_gicp_relocalization/include
[2.728s] -- Configured cppcheck exclude dirs and/or files: 
[2.729s] -- Added test 'cpplint' to check C / C++ code against the Google style
[2.729s] -- Configured cpplint exclude dirs and/or files: 
[2.729s] -- Added test 'lint_cmake' to check CMake code style
[2.729s] -- Added test 'pep257' to check Python code against some of the docstring style conventions in PEP 257
[2.730s] -- Added test 'xmllint' to check XML markup files
[2.730s] -- Added test 'clang_format' to check C / C++ code style
[2.731s] -- Added test 'black' to check Python code style
[2.733s] -- Configuring done
[2.756s] -- Generating done
[2.766s] -- Build files have been written to: /home/chairman/working/ros2/beijixiong/pb2025_ws/build/small_gicp_relocalization
[2.786s] Invoked command in '/home/chairman/working/ros2/beijixiong/pb2025_ws/build/small_gicp_relocalization' returned '0': CMAKE_PREFIX_PATH=/opt/ros/humble VIRTUAL_ENV_PROMPT=(venv) /usr/bin/cmake /home/chairman/working/ros2/beijixiong/pb2025_ws/src/pb2025_sentry_nav/small_gicp_relocalization -DCMAKE_BUILD_TYPE=Release -DAMENT_CMAKE_SYMLINK_INSTALL=1 -DCMAKE_INSTALL_PREFIX=/home/chairman/working/ros2/beijixiong/pb2025_ws/install/small_gicp_relocalization
[2.788s] Invoking command in '/home/chairman/working/ros2/beijixiong/pb2025_ws/build/small_gicp_relocalization': CMAKE_PREFIX_PATH=/opt/ros/humble VIRTUAL_ENV_PROMPT=(venv) /usr/bin/cmake --build /home/chairman/working/ros2/beijixiong/pb2025_ws/build/small_gicp_relocalization -- -j28 -l28
[2.829s] [ 25%] [32mBuilding CXX object CMakeFiles/small_gicp_relocalization.dir/src/small_gicp_relocalization.cpp.o[0m
[2.831s] [ 50%] [32mBuilding CXX object CMakeFiles/small_gicp_relocalization_node.dir/rclcpp_components/node_main_small_gicp_relocalization_node.cpp.o[0m
[6.790s] [ 75%] [32m[1mLinking CXX executable small_gicp_relocalization_node[0m
[6.927s] [ 75%] Built target small_gicp_relocalization_node
[26.929s] [100%] [32m[1mLinking CXX shared library libsmall_gicp_relocalization.so[0m
[27.238s] [100%] Built target small_gicp_relocalization
[27.249s] Invoked command in '/home/chairman/working/ros2/beijixiong/pb2025_ws/build/small_gicp_relocalization' returned '0': CMAKE_PREFIX_PATH=/opt/ros/humble VIRTUAL_ENV_PROMPT=(venv) /usr/bin/cmake --build /home/chairman/working/ros2/beijixiong/pb2025_ws/build/small_gicp_relocalization -- -j28 -l28
[27.250s] Invoking command in '/home/chairman/working/ros2/beijixiong/pb2025_ws/build/small_gicp_relocalization': CMAKE_PREFIX_PATH=/opt/ros/humble VIRTUAL_ENV_PROMPT=(venv) /usr/bin/cmake --install /home/chairman/working/ros2/beijixiong/pb2025_ws/build/small_gicp_relocalization
[27.256s] -- Install configuration: "Release"
[27.256s] -- Execute custom install script
[27.257s] -- Symlinking: /home/chairman/working/ros2/beijixiong/pb2025_ws/install/small_gicp_relocalization/lib/small_gicp_relocalization/small_gicp_relocalization_node
[27.264s] -- Symlinking: /home/chairman/working/ros2/beijixiong/pb2025_ws/install/small_gicp_relocalization/include/small_gicp_relocalization/small_gicp_relocalization.hpp
[27.271s] -- Symlinking: /home/chairman/working/ros2/beijixiong/pb2025_ws/install/small_gicp_relocalization/share/small_gicp_relocalization/environment/library_path.sh
[27.278s] -- Symlinking: /home/chairman/working/ros2/beijixiong/pb2025_ws/install/small_gicp_relocalization/share/small_gicp_relocalization/environment/library_path.dsv
[27.287s] -- Symlinking: /home/chairman/working/ros2/beijixiong/pb2025_ws/install/small_gicp_relocalization/lib/libsmall_gicp_relocalization.so
[27.292s] -- Symlinking: /home/chairman/working/ros2/beijixiong/pb2025_ws/install/small_gicp_relocalization/share/small_gicp_relocalization/launch/small_gicp_relocalization_launch.py
[27.299s] -- Symlinking: /home/chairman/working/ros2/beijixiong/pb2025_ws/install/small_gicp_relocalization/share/ament_index/resource_index/package_run_dependencies/small_gicp_relocalization
[27.304s] -- Symlinking: /home/chairman/working/ros2/beijixiong/pb2025_ws/install/small_gicp_relocalization/share/ament_index/resource_index/parent_prefix_path/small_gicp_relocalization
[27.309s] -- Symlinking: /home/chairman/working/ros2/beijixiong/pb2025_ws/install/small_gicp_relocalization/share/small_gicp_relocalization/environment/ament_prefix_path.sh
[27.315s] -- Symlinking: /home/chairman/working/ros2/beijixiong/pb2025_ws/install/small_gicp_relocalization/share/small_gicp_relocalization/environment/ament_prefix_path.dsv
[27.321s] -- Symlinking: /home/chairman/working/ros2/beijixiong/pb2025_ws/install/small_gicp_relocalization/share/small_gicp_relocalization/environment/path.sh
[27.327s] -- Symlinking: /home/chairman/working/ros2/beijixiong/pb2025_ws/install/small_gicp_relocalization/share/small_gicp_relocalization/environment/path.dsv
[27.333s] -- Symlinking: /home/chairman/working/ros2/beijixiong/pb2025_ws/install/small_gicp_relocalization/share/small_gicp_relocalization/local_setup.bash
[27.341s] -- Symlinking: /home/chairman/working/ros2/beijixiong/pb2025_ws/install/small_gicp_relocalization/share/small_gicp_relocalization/local_setup.sh
[27.347s] -- Symlinking: /home/chairman/working/ros2/beijixiong/pb2025_ws/install/small_gicp_relocalization/share/small_gicp_relocalization/local_setup.zsh
[27.353s] -- Symlinking: /home/chairman/working/ros2/beijixiong/pb2025_ws/install/small_gicp_relocalization/share/small_gicp_relocalization/local_setup.dsv
[27.359s] -- Symlinking: /home/chairman/working/ros2/beijixiong/pb2025_ws/install/small_gicp_relocalization/share/small_gicp_relocalization/package.dsv
[27.366s] -- Symlinking: /home/chairman/working/ros2/beijixiong/pb2025_ws/install/small_gicp_relocalization/share/ament_index/resource_index/packages/small_gicp_relocalization
[27.373s] -- Symlinking: /home/chairman/working/ros2/beijixiong/pb2025_ws/install/small_gicp_relocalization/share/ament_index/resource_index/rclcpp_components/small_gicp_relocalization
[27.379s] -- Symlinking: /home/chairman/working/ros2/beijixiong/pb2025_ws/install/small_gicp_relocalization/share/small_gicp_relocalization/cmake/ament_cmake_export_dependencies-extras.cmake
[27.385s] -- Symlinking: /home/chairman/working/ros2/beijixiong/pb2025_ws/install/small_gicp_relocalization/share/small_gicp_relocalization/cmake/ament_cmake_export_include_directories-extras.cmake
[27.390s] -- Symlinking: /home/chairman/working/ros2/beijixiong/pb2025_ws/install/small_gicp_relocalization/share/small_gicp_relocalization/cmake/ament_cmake_export_libraries-extras.cmake
[27.398s] -- Symlinking: /home/chairman/working/ros2/beijixiong/pb2025_ws/install/small_gicp_relocalization/share/small_gicp_relocalization/cmake/small_gicp_relocalizationConfig.cmake
[27.403s] -- Symlinking: /home/chairman/working/ros2/beijixiong/pb2025_ws/install/small_gicp_relocalization/share/small_gicp_relocalization/cmake/small_gicp_relocalizationConfig-version.cmake
[27.409s] -- Symlinking: /home/chairman/working/ros2/beijixiong/pb2025_ws/install/small_gicp_relocalization/share/small_gicp_relocalization/package.xml
[27.417s] Invoked command in '/home/chairman/working/ros2/beijixiong/pb2025_ws/build/small_gicp_relocalization' returned '0': CMAKE_PREFIX_PATH=/opt/ros/humble VIRTUAL_ENV_PROMPT=(venv) /usr/bin/cmake --install /home/chairman/working/ros2/beijixiong/pb2025_ws/build/small_gicp_relocalization
