[0.085s] DEBUG:colcon:Command line arguments: ['/usr/bin/colcon', 'build']
[0.085s] DEBUG:colcon:Parsed command line arguments: Namespace(log_base=None, log_level=None, verb_name='build', build_base='build', install_base='install', merge_install=False, symlink_install=False, test_result_base=None, continue_on_error=False, executor='parallel', parallel_workers=28, event_handlers=None, ignore_user_meta=False, metas=['./colcon.meta'], base_paths=['.'], packages_ignore=None, packages_ignore_regex=None, paths=None, packages_up_to=None, packages_up_to_regex=None, packages_above=None, packages_above_and_dependencies=None, packages_above_depth=None, packages_select_by_dep=None, packages_skip_by_dep=None, packages_skip_up_to=None, packages_select_build_failed=False, packages_skip_build_finished=False, packages_select_test_failures=False, packages_skip_test_passed=False, packages_select=None, packages_skip=None, packages_select_regex=None, packages_skip_regex=None, packages_start=None, packages_end=None, allow_overriding=[], cmake_args=None, cmake_target=None, cmake_target_skip_unavailable=False, cmake_clean_cache=False, cmake_clean_first=False, cmake_force_configure=False, ament_cmake_args=None, catkin_cmake_args=None, catkin_skip_building_tests=False, verb_parser=<colcon_defaults.argument_parser.defaults.DefaultArgumentsDecorator object at 0x7b4d82750580>, verb_extension=<colcon_core.verb.build.BuildVerb object at 0x7b4d82727f70>, main=<bound method BuildVerb.main of <colcon_core.verb.build.BuildVerb object at 0x7b4d82727f70>>)
[0.238s] Level 1:colcon.colcon_core.package_discovery:discover_packages(colcon_meta) check parameters
[0.238s] Level 1:colcon.colcon_core.package_discovery:discover_packages(recursive) check parameters
[0.238s] Level 1:colcon.colcon_core.package_discovery:discover_packages(ignore) check parameters
[0.238s] Level 1:colcon.colcon_core.package_discovery:discover_packages(path) check parameters
[0.238s] Level 1:colcon.colcon_core.package_discovery:discover_packages(colcon_meta) discover
[0.238s] Level 1:colcon.colcon_core.package_discovery:discover_packages(recursive) discover
[0.238s] INFO:colcon.colcon_core.package_discovery:Crawling recursively for packages in '/home/chairman/working/ros2/learning/chapt8/chapt8_ws/src'
[0.238s] Level 1:colcon.colcon_core.package_identification:_identify(.) by extensions ['ignore', 'ignore_ament_install']
[0.238s] Level 1:colcon.colcon_core.package_identification:_identify(.) by extension 'ignore'
[0.238s] Level 1:colcon.colcon_core.package_identification:_identify(.) by extension 'ignore_ament_install'
[0.238s] Level 1:colcon.colcon_core.package_identification:_identify(.) by extensions ['colcon_pkg']
[0.238s] Level 1:colcon.colcon_core.package_identification:_identify(.) by extension 'colcon_pkg'
[0.238s] Level 1:colcon.colcon_core.package_identification:_identify(.) by extensions ['colcon_meta']
[0.238s] Level 1:colcon.colcon_core.package_identification:_identify(.) by extension 'colcon_meta'
[0.238s] Level 1:colcon.colcon_core.package_identification:_identify(.) by extensions ['ros']
[0.238s] Level 1:colcon.colcon_core.package_identification:_identify(.) by extension 'ros'
[0.245s] Level 1:colcon.colcon_core.package_identification:_identify(.) by extensions ['cmake', 'python']
[0.245s] Level 1:colcon.colcon_core.package_identification:_identify(.) by extension 'cmake'
[0.245s] Level 1:colcon.colcon_core.package_identification:_identify(.) by extension 'python'
[0.245s] Level 1:colcon.colcon_core.package_identification:_identify(.) by extensions ['python_setup_py']
[0.245s] Level 1:colcon.colcon_core.package_identification:_identify(.) by extension 'python_setup_py'
[0.245s] Level 1:colcon.colcon_core.package_identification:_identify(autopatrol_interfaces) by extensions ['ignore', 'ignore_ament_install']
[0.245s] Level 1:colcon.colcon_core.package_identification:_identify(autopatrol_interfaces) by extension 'ignore'
[0.245s] Level 1:colcon.colcon_core.package_identification:_identify(autopatrol_interfaces) by extension 'ignore_ament_install'
[0.245s] Level 1:colcon.colcon_core.package_identification:_identify(autopatrol_interfaces) by extensions ['colcon_pkg']
[0.245s] Level 1:colcon.colcon_core.package_identification:_identify(autopatrol_interfaces) by extension 'colcon_pkg'
[0.245s] Level 1:colcon.colcon_core.package_identification:_identify(autopatrol_interfaces) by extensions ['colcon_meta']
[0.245s] Level 1:colcon.colcon_core.package_identification:_identify(autopatrol_interfaces) by extension 'colcon_meta'
[0.245s] Level 1:colcon.colcon_core.package_identification:_identify(autopatrol_interfaces) by extensions ['ros']
[0.245s] Level 1:colcon.colcon_core.package_identification:_identify(autopatrol_interfaces) by extension 'ros'
[0.248s] DEBUG:colcon.colcon_core.package_identification:Package 'autopatrol_interfaces' with type 'ros.ament_cmake' and name 'autopatrol_interfaces'
[0.248s] Level 1:colcon.colcon_core.package_identification:_identify(autopatrol_robot) by extensions ['ignore', 'ignore_ament_install']
[0.248s] Level 1:colcon.colcon_core.package_identification:_identify(autopatrol_robot) by extension 'ignore'
[0.248s] Level 1:colcon.colcon_core.package_identification:_identify(autopatrol_robot) by extension 'ignore_ament_install'
[0.248s] Level 1:colcon.colcon_core.package_identification:_identify(autopatrol_robot) by extensions ['colcon_pkg']
[0.248s] Level 1:colcon.colcon_core.package_identification:_identify(autopatrol_robot) by extension 'colcon_pkg'
[0.248s] Level 1:colcon.colcon_core.package_identification:_identify(autopatrol_robot) by extensions ['colcon_meta']
[0.248s] Level 1:colcon.colcon_core.package_identification:_identify(autopatrol_robot) by extension 'colcon_meta'
[0.248s] Level 1:colcon.colcon_core.package_identification:_identify(autopatrol_robot) by extensions ['ros']
[0.248s] Level 1:colcon.colcon_core.package_identification:_identify(autopatrol_robot) by extension 'ros'
[0.248s] DEBUG:colcon.colcon_core.package_identification:Package 'autopatrol_robot' with type 'ros.ament_python' and name 'autopatrol_robot'
[0.248s] Level 1:colcon.colcon_core.package_identification:_identify(build) by extensions ['ignore', 'ignore_ament_install']
[0.248s] Level 1:colcon.colcon_core.package_identification:_identify(build) by extension 'ignore'
[0.248s] Level 1:colcon.colcon_core.package_identification:_identify(build) ignored
[0.249s] Level 1:colcon.colcon_core.package_identification:_identify(fishbot_application) by extensions ['ignore', 'ignore_ament_install']
[0.249s] Level 1:colcon.colcon_core.package_identification:_identify(fishbot_application) by extension 'ignore'
[0.249s] Level 1:colcon.colcon_core.package_identification:_identify(fishbot_application) by extension 'ignore_ament_install'
[0.249s] Level 1:colcon.colcon_core.package_identification:_identify(fishbot_application) by extensions ['colcon_pkg']
[0.249s] Level 1:colcon.colcon_core.package_identification:_identify(fishbot_application) by extension 'colcon_pkg'
[0.249s] Level 1:colcon.colcon_core.package_identification:_identify(fishbot_application) by extensions ['colcon_meta']
[0.249s] Level 1:colcon.colcon_core.package_identification:_identify(fishbot_application) by extension 'colcon_meta'
[0.249s] Level 1:colcon.colcon_core.package_identification:_identify(fishbot_application) by extensions ['ros']
[0.249s] Level 1:colcon.colcon_core.package_identification:_identify(fishbot_application) by extension 'ros'
[0.249s] DEBUG:colcon.colcon_core.package_identification:Package 'fishbot_application' with type 'ros.ament_python' and name 'fishbot_application'
[0.249s] Level 1:colcon.colcon_core.package_identification:_identify(fishbot_navigation2) by extensions ['ignore', 'ignore_ament_install']
[0.249s] Level 1:colcon.colcon_core.package_identification:_identify(fishbot_navigation2) by extension 'ignore'
[0.249s] Level 1:colcon.colcon_core.package_identification:_identify(fishbot_navigation2) by extension 'ignore_ament_install'
[0.249s] Level 1:colcon.colcon_core.package_identification:_identify(fishbot_navigation2) by extensions ['colcon_pkg']
[0.249s] Level 1:colcon.colcon_core.package_identification:_identify(fishbot_navigation2) by extension 'colcon_pkg'
[0.249s] Level 1:colcon.colcon_core.package_identification:_identify(fishbot_navigation2) by extensions ['colcon_meta']
[0.249s] Level 1:colcon.colcon_core.package_identification:_identify(fishbot_navigation2) by extension 'colcon_meta'
[0.249s] Level 1:colcon.colcon_core.package_identification:_identify(fishbot_navigation2) by extensions ['ros']
[0.249s] Level 1:colcon.colcon_core.package_identification:_identify(fishbot_navigation2) by extension 'ros'
[0.250s] DEBUG:colcon.colcon_core.package_identification:Package 'fishbot_navigation2' with type 'ros.ament_cmake' and name 'fishbot_navigation2'
[0.250s] Level 1:colcon.colcon_core.package_identification:_identify(install) by extensions ['ignore', 'ignore_ament_install']
[0.250s] Level 1:colcon.colcon_core.package_identification:_identify(install) by extension 'ignore'
[0.250s] Level 1:colcon.colcon_core.package_identification:_identify(install) ignored
[0.250s] Level 1:colcon.colcon_core.package_identification:_identify(log) by extensions ['ignore', 'ignore_ament_install']
[0.250s] Level 1:colcon.colcon_core.package_identification:_identify(log) by extension 'ignore'
[0.250s] Level 1:colcon.colcon_core.package_identification:_identify(log) ignored
[0.250s] Level 1:colcon.colcon_core.package_identification:_identify(nav2_custom_planner) by extensions ['ignore', 'ignore_ament_install']
[0.250s] Level 1:colcon.colcon_core.package_identification:_identify(nav2_custom_planner) by extension 'ignore'
[0.250s] Level 1:colcon.colcon_core.package_identification:_identify(nav2_custom_planner) by extension 'ignore_ament_install'
[0.250s] Level 1:colcon.colcon_core.package_identification:_identify(nav2_custom_planner) by extensions ['colcon_pkg']
[0.250s] Level 1:colcon.colcon_core.package_identification:_identify(nav2_custom_planner) by extension 'colcon_pkg'
[0.250s] Level 1:colcon.colcon_core.package_identification:_identify(nav2_custom_planner) by extensions ['colcon_meta']
[0.250s] Level 1:colcon.colcon_core.package_identification:_identify(nav2_custom_planner) by extension 'colcon_meta'
[0.250s] Level 1:colcon.colcon_core.package_identification:_identify(nav2_custom_planner) by extensions ['ros']
[0.250s] Level 1:colcon.colcon_core.package_identification:_identify(nav2_custom_planner) by extension 'ros'
[0.251s] DEBUG:colcon.colcon_core.package_identification:Package 'nav2_custom_planner' with type 'ros.ament_cmake' and name 'nav2_custom_planner'
[0.251s] Level 1:colcon.colcon_core.package_discovery:discover_packages(recursive) using defaults
[0.251s] Level 1:colcon.colcon_core.package_discovery:discover_packages(ignore) discover
[0.251s] Level 1:colcon.colcon_core.package_discovery:discover_packages(ignore) using defaults
[0.251s] Level 1:colcon.colcon_core.package_discovery:discover_packages(path) discover
[0.251s] Level 1:colcon.colcon_core.package_discovery:discover_packages(path) using defaults
[0.274s] Level 1:colcon.colcon_core.package_discovery:discover_packages(prefix_path) check parameters
[0.274s] Level 1:colcon.colcon_core.package_discovery:discover_packages(prefix_path) discover
[0.277s] DEBUG:colcon.colcon_installed_package_information.package_discovery:Found 384 installed packages in /opt/ros/humble
[0.278s] Level 1:colcon.colcon_core.package_discovery:discover_packages(prefix_path) using defaults
[0.305s] Level 5:colcon.colcon_core.verb:set package 'autopatrol_interfaces' build argument 'cmake_args' from command line to 'None'
[0.306s] Level 5:colcon.colcon_core.verb:set package 'autopatrol_interfaces' build argument 'cmake_target' from command line to 'None'
[0.306s] Level 5:colcon.colcon_core.verb:set package 'autopatrol_interfaces' build argument 'cmake_target_skip_unavailable' from command line to 'False'
[0.306s] Level 5:colcon.colcon_core.verb:set package 'autopatrol_interfaces' build argument 'cmake_clean_cache' from command line to 'False'
[0.306s] Level 5:colcon.colcon_core.verb:set package 'autopatrol_interfaces' build argument 'cmake_clean_first' from command line to 'False'
[0.306s] Level 5:colcon.colcon_core.verb:set package 'autopatrol_interfaces' build argument 'cmake_force_configure' from command line to 'False'
[0.306s] Level 5:colcon.colcon_core.verb:set package 'autopatrol_interfaces' build argument 'ament_cmake_args' from command line to 'None'
[0.306s] Level 5:colcon.colcon_core.verb:set package 'autopatrol_interfaces' build argument 'catkin_cmake_args' from command line to 'None'
[0.306s] Level 5:colcon.colcon_core.verb:set package 'autopatrol_interfaces' build argument 'catkin_skip_building_tests' from command line to 'False'
[0.306s] DEBUG:colcon.colcon_core.verb:Building package 'autopatrol_interfaces' with the following arguments: {'ament_cmake_args': None, 'build_base': '/home/chairman/working/ros2/learning/chapt8/chapt8_ws/src/build/autopatrol_interfaces', 'catkin_cmake_args': None, 'catkin_skip_building_tests': False, 'cmake_args': None, 'cmake_clean_cache': False, 'cmake_clean_first': False, 'cmake_force_configure': False, 'cmake_target': None, 'cmake_target_skip_unavailable': False, 'install_base': '/home/chairman/working/ros2/learning/chapt8/chapt8_ws/src/install/autopatrol_interfaces', 'merge_install': False, 'path': '/home/chairman/working/ros2/learning/chapt8/chapt8_ws/src/autopatrol_interfaces', 'symlink_install': False, 'test_result_base': None}
[0.306s] Level 5:colcon.colcon_core.verb:set package 'autopatrol_robot' build argument 'cmake_args' from command line to 'None'
[0.306s] Level 5:colcon.colcon_core.verb:set package 'autopatrol_robot' build argument 'cmake_target' from command line to 'None'
[0.306s] Level 5:colcon.colcon_core.verb:set package 'autopatrol_robot' build argument 'cmake_target_skip_unavailable' from command line to 'False'
[0.306s] Level 5:colcon.colcon_core.verb:set package 'autopatrol_robot' build argument 'cmake_clean_cache' from command line to 'False'
[0.306s] Level 5:colcon.colcon_core.verb:set package 'autopatrol_robot' build argument 'cmake_clean_first' from command line to 'False'
[0.306s] Level 5:colcon.colcon_core.verb:set package 'autopatrol_robot' build argument 'cmake_force_configure' from command line to 'False'
[0.306s] Level 5:colcon.colcon_core.verb:set package 'autopatrol_robot' build argument 'ament_cmake_args' from command line to 'None'
[0.306s] Level 5:colcon.colcon_core.verb:set package 'autopatrol_robot' build argument 'catkin_cmake_args' from command line to 'None'
[0.306s] Level 5:colcon.colcon_core.verb:set package 'autopatrol_robot' build argument 'catkin_skip_building_tests' from command line to 'False'
[0.306s] DEBUG:colcon.colcon_core.verb:Building package 'autopatrol_robot' with the following arguments: {'ament_cmake_args': None, 'build_base': '/home/chairman/working/ros2/learning/chapt8/chapt8_ws/src/build/autopatrol_robot', 'catkin_cmake_args': None, 'catkin_skip_building_tests': False, 'cmake_args': None, 'cmake_clean_cache': False, 'cmake_clean_first': False, 'cmake_force_configure': False, 'cmake_target': None, 'cmake_target_skip_unavailable': False, 'install_base': '/home/chairman/working/ros2/learning/chapt8/chapt8_ws/src/install/autopatrol_robot', 'merge_install': False, 'path': '/home/chairman/working/ros2/learning/chapt8/chapt8_ws/src/autopatrol_robot', 'symlink_install': False, 'test_result_base': None}
[0.306s] Level 5:colcon.colcon_core.verb:set package 'fishbot_application' build argument 'cmake_args' from command line to 'None'
[0.306s] Level 5:colcon.colcon_core.verb:set package 'fishbot_application' build argument 'cmake_target' from command line to 'None'
[0.306s] Level 5:colcon.colcon_core.verb:set package 'fishbot_application' build argument 'cmake_target_skip_unavailable' from command line to 'False'
[0.306s] Level 5:colcon.colcon_core.verb:set package 'fishbot_application' build argument 'cmake_clean_cache' from command line to 'False'
[0.306s] Level 5:colcon.colcon_core.verb:set package 'fishbot_application' build argument 'cmake_clean_first' from command line to 'False'
[0.306s] Level 5:colcon.colcon_core.verb:set package 'fishbot_application' build argument 'cmake_force_configure' from command line to 'False'
[0.306s] Level 5:colcon.colcon_core.verb:set package 'fishbot_application' build argument 'ament_cmake_args' from command line to 'None'
[0.306s] Level 5:colcon.colcon_core.verb:set package 'fishbot_application' build argument 'catkin_cmake_args' from command line to 'None'
[0.306s] Level 5:colcon.colcon_core.verb:set package 'fishbot_application' build argument 'catkin_skip_building_tests' from command line to 'False'
[0.306s] DEBUG:colcon.colcon_core.verb:Building package 'fishbot_application' with the following arguments: {'ament_cmake_args': None, 'build_base': '/home/chairman/working/ros2/learning/chapt8/chapt8_ws/src/build/fishbot_application', 'catkin_cmake_args': None, 'catkin_skip_building_tests': False, 'cmake_args': None, 'cmake_clean_cache': False, 'cmake_clean_first': False, 'cmake_force_configure': False, 'cmake_target': None, 'cmake_target_skip_unavailable': False, 'install_base': '/home/chairman/working/ros2/learning/chapt8/chapt8_ws/src/install/fishbot_application', 'merge_install': False, 'path': '/home/chairman/working/ros2/learning/chapt8/chapt8_ws/src/fishbot_application', 'symlink_install': False, 'test_result_base': None}
[0.306s] Level 5:colcon.colcon_core.verb:set package 'fishbot_navigation2' build argument 'cmake_args' from command line to 'None'
[0.306s] Level 5:colcon.colcon_core.verb:set package 'fishbot_navigation2' build argument 'cmake_target' from command line to 'None'
[0.306s] Level 5:colcon.colcon_core.verb:set package 'fishbot_navigation2' build argument 'cmake_target_skip_unavailable' from command line to 'False'
[0.307s] Level 5:colcon.colcon_core.verb:set package 'fishbot_navigation2' build argument 'cmake_clean_cache' from command line to 'False'
[0.307s] Level 5:colcon.colcon_core.verb:set package 'fishbot_navigation2' build argument 'cmake_clean_first' from command line to 'False'
[0.307s] Level 5:colcon.colcon_core.verb:set package 'fishbot_navigation2' build argument 'cmake_force_configure' from command line to 'False'
[0.307s] Level 5:colcon.colcon_core.verb:set package 'fishbot_navigation2' build argument 'ament_cmake_args' from command line to 'None'
[0.307s] Level 5:colcon.colcon_core.verb:set package 'fishbot_navigation2' build argument 'catkin_cmake_args' from command line to 'None'
[0.307s] Level 5:colcon.colcon_core.verb:set package 'fishbot_navigation2' build argument 'catkin_skip_building_tests' from command line to 'False'
[0.307s] DEBUG:colcon.colcon_core.verb:Building package 'fishbot_navigation2' with the following arguments: {'ament_cmake_args': None, 'build_base': '/home/chairman/working/ros2/learning/chapt8/chapt8_ws/src/build/fishbot_navigation2', 'catkin_cmake_args': None, 'catkin_skip_building_tests': False, 'cmake_args': None, 'cmake_clean_cache': False, 'cmake_clean_first': False, 'cmake_force_configure': False, 'cmake_target': None, 'cmake_target_skip_unavailable': False, 'install_base': '/home/chairman/working/ros2/learning/chapt8/chapt8_ws/src/install/fishbot_navigation2', 'merge_install': False, 'path': '/home/chairman/working/ros2/learning/chapt8/chapt8_ws/src/fishbot_navigation2', 'symlink_install': False, 'test_result_base': None}
[0.307s] Level 5:colcon.colcon_core.verb:set package 'nav2_custom_planner' build argument 'cmake_args' from command line to 'None'
[0.307s] Level 5:colcon.colcon_core.verb:set package 'nav2_custom_planner' build argument 'cmake_target' from command line to 'None'
[0.307s] Level 5:colcon.colcon_core.verb:set package 'nav2_custom_planner' build argument 'cmake_target_skip_unavailable' from command line to 'False'
[0.307s] Level 5:colcon.colcon_core.verb:set package 'nav2_custom_planner' build argument 'cmake_clean_cache' from command line to 'False'
[0.307s] Level 5:colcon.colcon_core.verb:set package 'nav2_custom_planner' build argument 'cmake_clean_first' from command line to 'False'
[0.307s] Level 5:colcon.colcon_core.verb:set package 'nav2_custom_planner' build argument 'cmake_force_configure' from command line to 'False'
[0.307s] Level 5:colcon.colcon_core.verb:set package 'nav2_custom_planner' build argument 'ament_cmake_args' from command line to 'None'
[0.307s] Level 5:colcon.colcon_core.verb:set package 'nav2_custom_planner' build argument 'catkin_cmake_args' from command line to 'None'
[0.307s] Level 5:colcon.colcon_core.verb:set package 'nav2_custom_planner' build argument 'catkin_skip_building_tests' from command line to 'False'
[0.307s] DEBUG:colcon.colcon_core.verb:Building package 'nav2_custom_planner' with the following arguments: {'ament_cmake_args': None, 'build_base': '/home/chairman/working/ros2/learning/chapt8/chapt8_ws/src/build/nav2_custom_planner', 'catkin_cmake_args': None, 'catkin_skip_building_tests': False, 'cmake_args': None, 'cmake_clean_cache': False, 'cmake_clean_first': False, 'cmake_force_configure': False, 'cmake_target': None, 'cmake_target_skip_unavailable': False, 'install_base': '/home/chairman/working/ros2/learning/chapt8/chapt8_ws/src/install/nav2_custom_planner', 'merge_install': False, 'path': '/home/chairman/working/ros2/learning/chapt8/chapt8_ws/src/nav2_custom_planner', 'symlink_install': False, 'test_result_base': None}
[0.307s] INFO:colcon.colcon_core.executor:Executing jobs using 'parallel' executor
[0.308s] DEBUG:colcon.colcon_parallel_executor.executor.parallel:run_until_complete
[0.308s] INFO:colcon.colcon_ros.task.ament_cmake.build:Building ROS package in '/home/chairman/working/ros2/learning/chapt8/chapt8_ws/src/autopatrol_interfaces' with build type 'ament_cmake'
[0.308s] INFO:colcon.colcon_cmake.task.cmake.build:Building CMake package in '/home/chairman/working/ros2/learning/chapt8/chapt8_ws/src/autopatrol_interfaces'
[0.310s] INFO:colcon.colcon_core.plugin_system:Skipping extension 'colcon_core.shell.bat': Not used on non-Windows systems
[0.310s] INFO:colcon.colcon_core.shell:Skip shell extension 'powershell' for command environment: Not usable outside of PowerShell
[0.310s] DEBUG:colcon.colcon_core.shell:Skip shell extension 'dsv' for command environment
[0.312s] INFO:colcon.colcon_ros.task.ament_python.build:Building ROS package in '/home/chairman/working/ros2/learning/chapt8/chapt8_ws/src/autopatrol_robot' with build type 'ament_python'
[0.312s] Level 1:colcon.colcon_core.shell:create_environment_hook('autopatrol_robot', 'ament_prefix_path')
[0.312s] INFO:colcon.colcon_core.shell:Creating environment hook '/home/chairman/working/ros2/learning/chapt8/chapt8_ws/src/install/autopatrol_robot/share/autopatrol_robot/hook/ament_prefix_path.ps1'
[0.313s] INFO:colcon.colcon_core.shell:Creating environment descriptor '/home/chairman/working/ros2/learning/chapt8/chapt8_ws/src/install/autopatrol_robot/share/autopatrol_robot/hook/ament_prefix_path.dsv'
[0.314s] INFO:colcon.colcon_core.shell:Creating environment hook '/home/chairman/working/ros2/learning/chapt8/chapt8_ws/src/install/autopatrol_robot/share/autopatrol_robot/hook/ament_prefix_path.sh'
[0.314s] INFO:colcon.colcon_core.shell:Skip shell extension 'powershell' for command environment: Not usable outside of PowerShell
[0.314s] DEBUG:colcon.colcon_core.shell:Skip shell extension 'dsv' for command environment
[0.316s] INFO:colcon.colcon_ros.task.ament_python.build:Building ROS package in '/home/chairman/working/ros2/learning/chapt8/chapt8_ws/src/fishbot_application' with build type 'ament_python'
[0.316s] Level 1:colcon.colcon_core.shell:create_environment_hook('fishbot_application', 'ament_prefix_path')
[0.316s] INFO:colcon.colcon_core.shell:Creating environment hook '/home/chairman/working/ros2/learning/chapt8/chapt8_ws/src/install/fishbot_application/share/fishbot_application/hook/ament_prefix_path.ps1'
[0.317s] INFO:colcon.colcon_core.shell:Creating environment descriptor '/home/chairman/working/ros2/learning/chapt8/chapt8_ws/src/install/fishbot_application/share/fishbot_application/hook/ament_prefix_path.dsv'
[0.317s] INFO:colcon.colcon_core.shell:Creating environment hook '/home/chairman/working/ros2/learning/chapt8/chapt8_ws/src/install/fishbot_application/share/fishbot_application/hook/ament_prefix_path.sh'
[0.317s] INFO:colcon.colcon_core.shell:Skip shell extension 'powershell' for command environment: Not usable outside of PowerShell
[0.317s] DEBUG:colcon.colcon_core.shell:Skip shell extension 'dsv' for command environment
[0.319s] INFO:colcon.colcon_ros.task.ament_cmake.build:Building ROS package in '/home/chairman/working/ros2/learning/chapt8/chapt8_ws/src/fishbot_navigation2' with build type 'ament_cmake'
[0.319s] INFO:colcon.colcon_cmake.task.cmake.build:Building CMake package in '/home/chairman/working/ros2/learning/chapt8/chapt8_ws/src/fishbot_navigation2'
[0.319s] INFO:colcon.colcon_core.shell:Skip shell extension 'powershell' for command environment: Not usable outside of PowerShell
[0.319s] DEBUG:colcon.colcon_core.shell:Skip shell extension 'dsv' for command environment
[0.321s] INFO:colcon.colcon_ros.task.ament_cmake.build:Building ROS package in '/home/chairman/working/ros2/learning/chapt8/chapt8_ws/src/nav2_custom_planner' with build type 'ament_cmake'
[0.321s] INFO:colcon.colcon_cmake.task.cmake.build:Building CMake package in '/home/chairman/working/ros2/learning/chapt8/chapt8_ws/src/nav2_custom_planner'
[0.321s] INFO:colcon.colcon_core.shell:Skip shell extension 'powershell' for command environment: Not usable outside of PowerShell
[0.321s] DEBUG:colcon.colcon_core.shell:Skip shell extension 'dsv' for command environment
[0.327s] DEBUG:colcon.colcon_core.event_handler.log_command:Invoking command in '/home/chairman/working/ros2/learning/chapt8/chapt8_ws/src/build/autopatrol_interfaces': CMAKE_PREFIX_PATH=/opt/ros/humble /usr/bin/cmake /home/chairman/working/ros2/learning/chapt8/chapt8_ws/src/autopatrol_interfaces -DCMAKE_INSTALL_PREFIX=/home/chairman/working/ros2/learning/chapt8/chapt8_ws/src/install/autopatrol_interfaces
[0.500s] INFO:colcon.colcon_core.task.python.build:Building Python package in '/home/chairman/working/ros2/learning/chapt8/chapt8_ws/src/autopatrol_robot'
[0.501s] INFO:colcon.colcon_core.shell:Skip shell extension 'powershell' for command environment: Not usable outside of PowerShell
[0.501s] DEBUG:colcon.colcon_core.shell:Skip shell extension 'dsv' for command environment
[0.651s] INFO:colcon.colcon_core.task.python.build:Building Python package in '/home/chairman/working/ros2/learning/chapt8/chapt8_ws/src/fishbot_application'
[0.651s] INFO:colcon.colcon_core.shell:Skip shell extension 'powershell' for command environment: Not usable outside of PowerShell
[0.651s] DEBUG:colcon.colcon_core.shell:Skip shell extension 'dsv' for command environment
[0.655s] DEBUG:colcon.colcon_core.event_handler.log_command:Invoking command in '/home/chairman/working/ros2/learning/chapt8/chapt8_ws/src/build/fishbot_navigation2': CMAKE_PREFIX_PATH=/opt/ros/humble /usr/bin/cmake /home/chairman/working/ros2/learning/chapt8/chapt8_ws/src/fishbot_navigation2 -DCMAKE_INSTALL_PREFIX=/home/chairman/working/ros2/learning/chapt8/chapt8_ws/src/install/fishbot_navigation2
[0.658s] DEBUG:colcon.colcon_core.event_handler.log_command:Invoking command in '/home/chairman/working/ros2/learning/chapt8/chapt8_ws/src/build/nav2_custom_planner': CMAKE_PREFIX_PATH=/opt/ros/humble /usr/bin/cmake /home/chairman/working/ros2/learning/chapt8/chapt8_ws/src/nav2_custom_planner -DCMAKE_INSTALL_PREFIX=/home/chairman/working/ros2/learning/chapt8/chapt8_ws/src/install/nav2_custom_planner
[0.935s] DEBUG:colcon.colcon_core.event_handler.log_command:Invoking command in '/home/chairman/working/ros2/learning/chapt8/chapt8_ws/src/autopatrol_robot': PYTHONPATH=/home/chairman/working/ros2/learning/chapt8/chapt8_ws/src/build/autopatrol_robot/prefix_override:/usr/lib/python3/dist-packages/colcon_core/task/python/colcon_distutils_commands:/home/chairman/working/ros2/learning/chapt8/chapt8_ws/src/install/autopatrol_robot/lib/python3.10/site-packages:${PYTHONPATH} /usr/bin/python3 -W ignore:setup.py install is deprecated -W ignore:easy_install command is deprecated setup.py egg_info --egg-base ../build/autopatrol_robot build --build-base /home/chairman/working/ros2/learning/chapt8/chapt8_ws/src/build/autopatrol_robot/build install --record /home/chairman/working/ros2/learning/chapt8/chapt8_ws/src/build/autopatrol_robot/install.log --single-version-externally-managed install_data
[0.938s] DEBUG:colcon.colcon_core.event_handler.log_command:Invoking command in '/home/chairman/working/ros2/learning/chapt8/chapt8_ws/src/fishbot_application': PYTHONPATH=/home/chairman/working/ros2/learning/chapt8/chapt8_ws/src/build/fishbot_application/prefix_override:/usr/lib/python3/dist-packages/colcon_core/task/python/colcon_distutils_commands:/home/chairman/working/ros2/learning/chapt8/chapt8_ws/src/install/fishbot_application/lib/python3.10/site-packages:${PYTHONPATH} /usr/bin/python3 -W ignore:setup.py install is deprecated -W ignore:easy_install command is deprecated setup.py egg_info --egg-base ../build/fishbot_application build --build-base /home/chairman/working/ros2/learning/chapt8/chapt8_ws/src/build/fishbot_application/build install --record /home/chairman/working/ros2/learning/chapt8/chapt8_ws/src/build/fishbot_application/install.log --single-version-externally-managed install_data
[1.108s] DEBUG:colcon.colcon_core.event_handler.log_command:Invoked command in '/home/chairman/working/ros2/learning/chapt8/chapt8_ws/src/autopatrol_robot' returned '0': PYTHONPATH=/home/chairman/working/ros2/learning/chapt8/chapt8_ws/src/build/autopatrol_robot/prefix_override:/usr/lib/python3/dist-packages/colcon_core/task/python/colcon_distutils_commands:/home/chairman/working/ros2/learning/chapt8/chapt8_ws/src/install/autopatrol_robot/lib/python3.10/site-packages:${PYTHONPATH} /usr/bin/python3 -W ignore:setup.py install is deprecated -W ignore:easy_install command is deprecated setup.py egg_info --egg-base ../build/autopatrol_robot build --build-base /home/chairman/working/ros2/learning/chapt8/chapt8_ws/src/build/autopatrol_robot/build install --record /home/chairman/working/ros2/learning/chapt8/chapt8_ws/src/build/autopatrol_robot/install.log --single-version-externally-managed install_data
[1.111s] Level 1:colcon.colcon_core.environment:checking '/home/chairman/working/ros2/learning/chapt8/chapt8_ws/src/install/autopatrol_robot' for CMake module files
[1.111s] Level 1:colcon.colcon_core.environment:checking '/home/chairman/working/ros2/learning/chapt8/chapt8_ws/src/install/autopatrol_robot' for CMake config files
[1.112s] Level 1:colcon.colcon_core.environment:checking '/home/chairman/working/ros2/learning/chapt8/chapt8_ws/src/install/autopatrol_robot/lib'
[1.112s] Level 1:colcon.colcon_core.environment:checking '/home/chairman/working/ros2/learning/chapt8/chapt8_ws/src/install/autopatrol_robot/bin'
[1.112s] Level 1:colcon.colcon_core.environment:checking '/home/chairman/working/ros2/learning/chapt8/chapt8_ws/src/install/autopatrol_robot/lib/pkgconfig/autopatrol_robot.pc'
[1.112s] Level 1:colcon.colcon_core.environment:checking '/home/chairman/working/ros2/learning/chapt8/chapt8_ws/src/install/autopatrol_robot/lib/python3.10/site-packages'
[1.112s] Level 1:colcon.colcon_core.shell:create_environment_hook('autopatrol_robot', 'pythonpath')
[1.112s] INFO:colcon.colcon_core.shell:Creating environment hook '/home/chairman/working/ros2/learning/chapt8/chapt8_ws/src/install/autopatrol_robot/share/autopatrol_robot/hook/pythonpath.ps1'
[1.113s] INFO:colcon.colcon_core.shell:Creating environment descriptor '/home/chairman/working/ros2/learning/chapt8/chapt8_ws/src/install/autopatrol_robot/share/autopatrol_robot/hook/pythonpath.dsv'
[1.113s] INFO:colcon.colcon_core.shell:Creating environment hook '/home/chairman/working/ros2/learning/chapt8/chapt8_ws/src/install/autopatrol_robot/share/autopatrol_robot/hook/pythonpath.sh'
[1.113s] Level 1:colcon.colcon_core.environment:checking '/home/chairman/working/ros2/learning/chapt8/chapt8_ws/src/install/autopatrol_robot/bin'
[1.113s] Level 1:colcon.colcon_core.environment:create_environment_scripts_only(autopatrol_robot)
[1.114s] INFO:colcon.colcon_core.shell:Creating package script '/home/chairman/working/ros2/learning/chapt8/chapt8_ws/src/install/autopatrol_robot/share/autopatrol_robot/package.ps1'
[1.114s] INFO:colcon.colcon_core.shell:Creating package descriptor '/home/chairman/working/ros2/learning/chapt8/chapt8_ws/src/install/autopatrol_robot/share/autopatrol_robot/package.dsv'
[1.115s] INFO:colcon.colcon_core.shell:Creating package script '/home/chairman/working/ros2/learning/chapt8/chapt8_ws/src/install/autopatrol_robot/share/autopatrol_robot/package.sh'
[1.115s] INFO:colcon.colcon_core.shell:Creating package script '/home/chairman/working/ros2/learning/chapt8/chapt8_ws/src/install/autopatrol_robot/share/autopatrol_robot/package.bash'
[1.116s] INFO:colcon.colcon_core.shell:Creating package script '/home/chairman/working/ros2/learning/chapt8/chapt8_ws/src/install/autopatrol_robot/share/autopatrol_robot/package.zsh'
[1.116s] Level 1:colcon.colcon_core.environment:create_file_with_runtime_dependencies(/home/chairman/working/ros2/learning/chapt8/chapt8_ws/src/install/autopatrol_robot/share/colcon-core/packages/autopatrol_robot)
[1.117s] Level 1:colcon.colcon_core.environment:checking '/home/chairman/working/ros2/learning/chapt8/chapt8_ws/src/install/fishbot_application' for CMake module files
[1.118s] DEBUG:colcon.colcon_core.event_handler.log_command:Invoked command in '/home/chairman/working/ros2/learning/chapt8/chapt8_ws/src/fishbot_application' returned '0': PYTHONPATH=/home/chairman/working/ros2/learning/chapt8/chapt8_ws/src/build/fishbot_application/prefix_override:/usr/lib/python3/dist-packages/colcon_core/task/python/colcon_distutils_commands:/home/chairman/working/ros2/learning/chapt8/chapt8_ws/src/install/fishbot_application/lib/python3.10/site-packages:${PYTHONPATH} /usr/bin/python3 -W ignore:setup.py install is deprecated -W ignore:easy_install command is deprecated setup.py egg_info --egg-base ../build/fishbot_application build --build-base /home/chairman/working/ros2/learning/chapt8/chapt8_ws/src/build/fishbot_application/build install --record /home/chairman/working/ros2/learning/chapt8/chapt8_ws/src/build/fishbot_application/install.log --single-version-externally-managed install_data
[1.118s] Level 1:colcon.colcon_core.environment:checking '/home/chairman/working/ros2/learning/chapt8/chapt8_ws/src/install/fishbot_application' for CMake config files
[1.119s] Level 1:colcon.colcon_core.environment:checking '/home/chairman/working/ros2/learning/chapt8/chapt8_ws/src/install/fishbot_application/lib'
[1.119s] Level 1:colcon.colcon_core.environment:checking '/home/chairman/working/ros2/learning/chapt8/chapt8_ws/src/install/fishbot_application/bin'
[1.119s] Level 1:colcon.colcon_core.environment:checking '/home/chairman/working/ros2/learning/chapt8/chapt8_ws/src/install/fishbot_application/lib/pkgconfig/fishbot_application.pc'
[1.119s] Level 1:colcon.colcon_core.environment:checking '/home/chairman/working/ros2/learning/chapt8/chapt8_ws/src/install/fishbot_application/lib/python3.10/site-packages'
[1.119s] Level 1:colcon.colcon_core.shell:create_environment_hook('fishbot_application', 'pythonpath')
[1.119s] INFO:colcon.colcon_core.shell:Creating environment hook '/home/chairman/working/ros2/learning/chapt8/chapt8_ws/src/install/fishbot_application/share/fishbot_application/hook/pythonpath.ps1'
[1.119s] INFO:colcon.colcon_core.shell:Creating environment descriptor '/home/chairman/working/ros2/learning/chapt8/chapt8_ws/src/install/fishbot_application/share/fishbot_application/hook/pythonpath.dsv'
[1.120s] INFO:colcon.colcon_core.shell:Creating environment hook '/home/chairman/working/ros2/learning/chapt8/chapt8_ws/src/install/fishbot_application/share/fishbot_application/hook/pythonpath.sh'
[1.120s] Level 1:colcon.colcon_core.environment:checking '/home/chairman/working/ros2/learning/chapt8/chapt8_ws/src/install/fishbot_application/bin'
[1.120s] Level 1:colcon.colcon_core.environment:create_environment_scripts_only(fishbot_application)
[1.120s] INFO:colcon.colcon_core.shell:Creating package script '/home/chairman/working/ros2/learning/chapt8/chapt8_ws/src/install/fishbot_application/share/fishbot_application/package.ps1'
[1.120s] INFO:colcon.colcon_core.shell:Creating package descriptor '/home/chairman/working/ros2/learning/chapt8/chapt8_ws/src/install/fishbot_application/share/fishbot_application/package.dsv'
[1.120s] INFO:colcon.colcon_core.shell:Creating package script '/home/chairman/working/ros2/learning/chapt8/chapt8_ws/src/install/fishbot_application/share/fishbot_application/package.sh'
[1.121s] INFO:colcon.colcon_core.shell:Creating package script '/home/chairman/working/ros2/learning/chapt8/chapt8_ws/src/install/fishbot_application/share/fishbot_application/package.bash'
[1.121s] INFO:colcon.colcon_core.shell:Creating package script '/home/chairman/working/ros2/learning/chapt8/chapt8_ws/src/install/fishbot_application/share/fishbot_application/package.zsh'
[1.121s] Level 1:colcon.colcon_core.environment:create_file_with_runtime_dependencies(/home/chairman/working/ros2/learning/chapt8/chapt8_ws/src/install/fishbot_application/share/colcon-core/packages/fishbot_application)
[1.141s] DEBUG:colcon.colcon_core.event_handler.log_command:Invoked command in '/home/chairman/working/ros2/learning/chapt8/chapt8_ws/src/build/fishbot_navigation2' returned '0': CMAKE_PREFIX_PATH=/opt/ros/humble /usr/bin/cmake /home/chairman/working/ros2/learning/chapt8/chapt8_ws/src/fishbot_navigation2 -DCMAKE_INSTALL_PREFIX=/home/chairman/working/ros2/learning/chapt8/chapt8_ws/src/install/fishbot_navigation2
[1.143s] DEBUG:colcon.colcon_core.event_handler.log_command:Invoking command in '/home/chairman/working/ros2/learning/chapt8/chapt8_ws/src/build/fishbot_navigation2': CMAKE_PREFIX_PATH=/opt/ros/humble /usr/bin/cmake --build /home/chairman/working/ros2/learning/chapt8/chapt8_ws/src/build/fishbot_navigation2 -- -j28 -l28
[1.175s] DEBUG:colcon.colcon_core.event_handler.log_command:Invoked command in '/home/chairman/working/ros2/learning/chapt8/chapt8_ws/src/build/fishbot_navigation2' returned '0': CMAKE_PREFIX_PATH=/opt/ros/humble /usr/bin/cmake --build /home/chairman/working/ros2/learning/chapt8/chapt8_ws/src/build/fishbot_navigation2 -- -j28 -l28
[1.180s] DEBUG:colcon.colcon_core.event_handler.log_command:Invoking command in '/home/chairman/working/ros2/learning/chapt8/chapt8_ws/src/build/fishbot_navigation2': CMAKE_PREFIX_PATH=/opt/ros/humble /usr/bin/cmake --install /home/chairman/working/ros2/learning/chapt8/chapt8_ws/src/build/fishbot_navigation2
[1.188s] Level 1:colcon.colcon_core.environment:create_environment_scripts_only(fishbot_navigation2)
[1.188s] DEBUG:colcon.colcon_core.event_handler.log_command:Invoked command in '/home/chairman/working/ros2/learning/chapt8/chapt8_ws/src/build/fishbot_navigation2' returned '0': CMAKE_PREFIX_PATH=/opt/ros/humble /usr/bin/cmake --install /home/chairman/working/ros2/learning/chapt8/chapt8_ws/src/build/fishbot_navigation2
[1.188s] Level 1:colcon.colcon_core.environment:checking '/home/chairman/working/ros2/learning/chapt8/chapt8_ws/src/install/fishbot_navigation2' for CMake module files
[1.189s] Level 1:colcon.colcon_core.environment:checking '/home/chairman/working/ros2/learning/chapt8/chapt8_ws/src/install/fishbot_navigation2' for CMake config files
[1.189s] Level 1:colcon.colcon_core.shell:create_environment_hook('fishbot_navigation2', 'cmake_prefix_path')
[1.189s] INFO:colcon.colcon_core.shell:Creating environment hook '/home/chairman/working/ros2/learning/chapt8/chapt8_ws/src/install/fishbot_navigation2/share/fishbot_navigation2/hook/cmake_prefix_path.ps1'
[1.190s] INFO:colcon.colcon_core.shell:Creating environment descriptor '/home/chairman/working/ros2/learning/chapt8/chapt8_ws/src/install/fishbot_navigation2/share/fishbot_navigation2/hook/cmake_prefix_path.dsv'
[1.190s] INFO:colcon.colcon_core.shell:Creating environment hook '/home/chairman/working/ros2/learning/chapt8/chapt8_ws/src/install/fishbot_navigation2/share/fishbot_navigation2/hook/cmake_prefix_path.sh'
[1.190s] Level 1:colcon.colcon_core.environment:checking '/home/chairman/working/ros2/learning/chapt8/chapt8_ws/src/install/fishbot_navigation2/bin'
[1.190s] Level 1:colcon.colcon_core.environment:checking '/home/chairman/working/ros2/learning/chapt8/chapt8_ws/src/install/fishbot_navigation2/lib/pkgconfig/fishbot_navigation2.pc'
[1.191s] Level 1:colcon.colcon_core.environment:checking '/home/chairman/working/ros2/learning/chapt8/chapt8_ws/src/install/fishbot_navigation2/lib/python3.10/site-packages'
[1.191s] Level 1:colcon.colcon_core.environment:checking '/home/chairman/working/ros2/learning/chapt8/chapt8_ws/src/install/fishbot_navigation2/bin'
[1.191s] INFO:colcon.colcon_core.shell:Creating package script '/home/chairman/working/ros2/learning/chapt8/chapt8_ws/src/install/fishbot_navigation2/share/fishbot_navigation2/package.ps1'
[1.191s] INFO:colcon.colcon_core.shell:Creating package descriptor '/home/chairman/working/ros2/learning/chapt8/chapt8_ws/src/install/fishbot_navigation2/share/fishbot_navigation2/package.dsv'
[1.191s] INFO:colcon.colcon_core.shell:Creating package script '/home/chairman/working/ros2/learning/chapt8/chapt8_ws/src/install/fishbot_navigation2/share/fishbot_navigation2/package.sh'
[1.191s] INFO:colcon.colcon_core.shell:Creating package script '/home/chairman/working/ros2/learning/chapt8/chapt8_ws/src/install/fishbot_navigation2/share/fishbot_navigation2/package.bash'
[1.192s] INFO:colcon.colcon_core.shell:Creating package script '/home/chairman/working/ros2/learning/chapt8/chapt8_ws/src/install/fishbot_navigation2/share/fishbot_navigation2/package.zsh'
[1.192s] Level 1:colcon.colcon_core.environment:create_file_with_runtime_dependencies(/home/chairman/working/ros2/learning/chapt8/chapt8_ws/src/install/fishbot_navigation2/share/colcon-core/packages/fishbot_navigation2)
[1.192s] Level 1:colcon.colcon_core.environment:create_environment_scripts_only(fishbot_navigation2)
[1.192s] Level 1:colcon.colcon_core.environment:checking '/home/chairman/working/ros2/learning/chapt8/chapt8_ws/src/install/fishbot_navigation2' for CMake module files
[1.192s] Level 1:colcon.colcon_core.environment:checking '/home/chairman/working/ros2/learning/chapt8/chapt8_ws/src/install/fishbot_navigation2' for CMake config files
[1.193s] Level 1:colcon.colcon_core.shell:create_environment_hook('fishbot_navigation2', 'cmake_prefix_path')
[1.193s] INFO:colcon.colcon_core.shell:Creating environment hook '/home/chairman/working/ros2/learning/chapt8/chapt8_ws/src/install/fishbot_navigation2/share/fishbot_navigation2/hook/cmake_prefix_path.ps1'
[1.193s] INFO:colcon.colcon_core.shell:Creating environment descriptor '/home/chairman/working/ros2/learning/chapt8/chapt8_ws/src/install/fishbot_navigation2/share/fishbot_navigation2/hook/cmake_prefix_path.dsv'
[1.193s] INFO:colcon.colcon_core.shell:Creating environment hook '/home/chairman/working/ros2/learning/chapt8/chapt8_ws/src/install/fishbot_navigation2/share/fishbot_navigation2/hook/cmake_prefix_path.sh'
[1.193s] Level 1:colcon.colcon_core.environment:checking '/home/chairman/working/ros2/learning/chapt8/chapt8_ws/src/install/fishbot_navigation2/bin'
[1.193s] Level 1:colcon.colcon_core.environment:checking '/home/chairman/working/ros2/learning/chapt8/chapt8_ws/src/install/fishbot_navigation2/lib/pkgconfig/fishbot_navigation2.pc'
[1.193s] Level 1:colcon.colcon_core.environment:checking '/home/chairman/working/ros2/learning/chapt8/chapt8_ws/src/install/fishbot_navigation2/lib/python3.10/site-packages'
[1.194s] Level 1:colcon.colcon_core.environment:checking '/home/chairman/working/ros2/learning/chapt8/chapt8_ws/src/install/fishbot_navigation2/bin'
[1.194s] INFO:colcon.colcon_core.shell:Creating package script '/home/chairman/working/ros2/learning/chapt8/chapt8_ws/src/install/fishbot_navigation2/share/fishbot_navigation2/package.ps1'
[1.194s] INFO:colcon.colcon_core.shell:Creating package descriptor '/home/chairman/working/ros2/learning/chapt8/chapt8_ws/src/install/fishbot_navigation2/share/fishbot_navigation2/package.dsv'
[1.194s] INFO:colcon.colcon_core.shell:Creating package script '/home/chairman/working/ros2/learning/chapt8/chapt8_ws/src/install/fishbot_navigation2/share/fishbot_navigation2/package.sh'
[1.194s] INFO:colcon.colcon_core.shell:Creating package script '/home/chairman/working/ros2/learning/chapt8/chapt8_ws/src/install/fishbot_navigation2/share/fishbot_navigation2/package.bash'
[1.195s] INFO:colcon.colcon_core.shell:Creating package script '/home/chairman/working/ros2/learning/chapt8/chapt8_ws/src/install/fishbot_navigation2/share/fishbot_navigation2/package.zsh'
[1.195s] Level 1:colcon.colcon_core.environment:create_file_with_runtime_dependencies(/home/chairman/working/ros2/learning/chapt8/chapt8_ws/src/install/fishbot_navigation2/share/colcon-core/packages/fishbot_navigation2)
[1.564s] DEBUG:colcon.colcon_core.event_handler.log_command:Invoked command in '/home/chairman/working/ros2/learning/chapt8/chapt8_ws/src/build/autopatrol_interfaces' returned '0': CMAKE_PREFIX_PATH=/opt/ros/humble /usr/bin/cmake /home/chairman/working/ros2/learning/chapt8/chapt8_ws/src/autopatrol_interfaces -DCMAKE_INSTALL_PREFIX=/home/chairman/working/ros2/learning/chapt8/chapt8_ws/src/install/autopatrol_interfaces
[1.565s] DEBUG:colcon.colcon_core.event_handler.log_command:Invoking command in '/home/chairman/working/ros2/learning/chapt8/chapt8_ws/src/build/autopatrol_interfaces': CMAKE_PREFIX_PATH=/opt/ros/humble /usr/bin/cmake --build /home/chairman/working/ros2/learning/chapt8/chapt8_ws/src/build/autopatrol_interfaces -- -j28 -l28
[1.802s] DEBUG:colcon.colcon_core.event_handler.log_command:Invoked command in '/home/chairman/working/ros2/learning/chapt8/chapt8_ws/src/build/nav2_custom_planner' returned '1': CMAKE_PREFIX_PATH=/opt/ros/humble /usr/bin/cmake /home/chairman/working/ros2/learning/chapt8/chapt8_ws/src/nav2_custom_planner -DCMAKE_INSTALL_PREFIX=/home/chairman/working/ros2/learning/chapt8/chapt8_ws/src/install/nav2_custom_planner
[1.812s] Level 1:colcon.colcon_core.environment:create_environment_scripts_only(nav2_custom_planner)
[1.812s] Level 1:colcon.colcon_core.environment:checking '/home/chairman/working/ros2/learning/chapt8/chapt8_ws/src/install/nav2_custom_planner' for CMake module files
[1.813s] Level 1:colcon.colcon_core.environment:checking '/home/chairman/working/ros2/learning/chapt8/chapt8_ws/src/install/nav2_custom_planner' for CMake config files
[1.813s] Level 1:colcon.colcon_core.environment:checking '/home/chairman/working/ros2/learning/chapt8/chapt8_ws/src/install/nav2_custom_planner/bin'
[1.813s] Level 1:colcon.colcon_core.environment:checking '/home/chairman/working/ros2/learning/chapt8/chapt8_ws/src/install/nav2_custom_planner/lib/pkgconfig/nav2_custom_planner.pc'
[1.813s] Level 1:colcon.colcon_core.environment:checking '/home/chairman/working/ros2/learning/chapt8/chapt8_ws/src/install/nav2_custom_planner/lib/python3.10/site-packages'
[1.813s] Level 1:colcon.colcon_core.environment:checking '/home/chairman/working/ros2/learning/chapt8/chapt8_ws/src/install/nav2_custom_planner/bin'
[1.814s] INFO:colcon.colcon_core.shell:Creating package script '/home/chairman/working/ros2/learning/chapt8/chapt8_ws/src/install/nav2_custom_planner/share/nav2_custom_planner/package.ps1'
[1.814s] INFO:colcon.colcon_core.shell:Creating package descriptor '/home/chairman/working/ros2/learning/chapt8/chapt8_ws/src/install/nav2_custom_planner/share/nav2_custom_planner/package.dsv'
[1.814s] INFO:colcon.colcon_core.shell:Creating package script '/home/chairman/working/ros2/learning/chapt8/chapt8_ws/src/install/nav2_custom_planner/share/nav2_custom_planner/package.sh'
[1.815s] INFO:colcon.colcon_core.shell:Creating package script '/home/chairman/working/ros2/learning/chapt8/chapt8_ws/src/install/nav2_custom_planner/share/nav2_custom_planner/package.bash'
[1.815s] INFO:colcon.colcon_core.shell:Creating package script '/home/chairman/working/ros2/learning/chapt8/chapt8_ws/src/install/nav2_custom_planner/share/nav2_custom_planner/package.zsh'
[1.815s] Level 1:colcon.colcon_core.environment:create_file_with_runtime_dependencies(/home/chairman/working/ros2/learning/chapt8/chapt8_ws/src/install/nav2_custom_planner/share/colcon-core/packages/nav2_custom_planner)
[2.929s] DEBUG:colcon.colcon_parallel_executor.executor.parallel:closing loop
[2.929s] DEBUG:colcon.colcon_parallel_executor.executor.parallel:loop closed
[2.929s] DEBUG:colcon.colcon_parallel_executor.executor.parallel:run_until_complete finished with '1'
[2.930s] DEBUG:colcon.colcon_core.event_reactor:joining thread
[2.938s] INFO:colcon.colcon_core.plugin_system:Skipping extension 'colcon_notification.desktop_notification.terminal_notifier': Not used on non-Darwin systems
[2.938s] INFO:colcon.colcon_core.plugin_system:Skipping extension 'colcon_notification.desktop_notification.win32': Not used on non-Windows systems
[2.938s] INFO:colcon.colcon_notification.desktop_notification:Sending desktop notification using 'notify2'
[2.953s] DEBUG:colcon.colcon_core.event_reactor:joined thread
[2.954s] INFO:colcon.colcon_core.shell:Creating prefix script '/home/chairman/working/ros2/learning/chapt8/chapt8_ws/src/install/local_setup.ps1'
[2.955s] INFO:colcon.colcon_core.shell:Creating prefix util module '/home/chairman/working/ros2/learning/chapt8/chapt8_ws/src/install/_local_setup_util_ps1.py'
[2.957s] INFO:colcon.colcon_core.shell:Creating prefix chain script '/home/chairman/working/ros2/learning/chapt8/chapt8_ws/src/install/setup.ps1'
[2.960s] INFO:colcon.colcon_core.shell:Creating prefix script '/home/chairman/working/ros2/learning/chapt8/chapt8_ws/src/install/local_setup.sh'
[2.961s] INFO:colcon.colcon_core.shell:Creating prefix util module '/home/chairman/working/ros2/learning/chapt8/chapt8_ws/src/install/_local_setup_util_sh.py'
[2.962s] INFO:colcon.colcon_core.shell:Creating prefix chain script '/home/chairman/working/ros2/learning/chapt8/chapt8_ws/src/install/setup.sh'
[2.964s] INFO:colcon.colcon_core.shell:Creating prefix script '/home/chairman/working/ros2/learning/chapt8/chapt8_ws/src/install/local_setup.bash'
[2.965s] INFO:colcon.colcon_core.shell:Creating prefix chain script '/home/chairman/working/ros2/learning/chapt8/chapt8_ws/src/install/setup.bash'
[2.967s] INFO:colcon.colcon_core.shell:Creating prefix script '/home/chairman/working/ros2/learning/chapt8/chapt8_ws/src/install/local_setup.zsh'
[2.968s] INFO:colcon.colcon_core.shell:Creating prefix chain script '/home/chairman/working/ros2/learning/chapt8/chapt8_ws/src/install/setup.zsh'
