[0.385s] Invoking command in '/home/chairman/working/ros2/learning/chapt3/topic_practice_ws/src/status_publisher': CMAKE_PREFIX_PATH=/home/chairman/working/ros2/learning/chapt3/topic_practice_ws/src/install/status_interfaces:/home/chairman/working/ros2/learning/chapt3/topic_practice_ws/src/install/status_display LD_LIBRARY_PATH=/home/chairman/working/ros2/learning/chapt3/topic_practice_ws/src/install/status_interfaces/lib:/usr/local/cuda-12.6/lib64:/usr/lib/x86_64-linux-gnu/gazebo-11/plugins:/opt/ros/humble/opt/rviz_ogre_vendor/lib:/opt/ros/humble/lib/x86_64-linux-gnu:/opt/ros/humble/lib:/usr/local/cuda-12.6/lib64 PYTHONPATH=/home/chairman/working/ros2/learning/chapt3/topic_practice_ws/src/build/status_publisher/prefix_override:/usr/lib/python3/dist-packages/colcon_core/task/python/colcon_distutils_commands:/home/chairman/working/ros2/learning/chapt3/topic_practice_ws/src/install/status_publisher/lib/python3.10/site-packages:/home/chairman/working/ros2/learning/chapt3/topic_practice_ws/src/install/status_interfaces/local/lib/python3.10/dist-packages:${PYTHONPATH} /usr/bin/python3 -W ignore:setup.py install is deprecated -W ignore:easy_install command is deprecated setup.py egg_info --egg-base ../build/status_publisher build --build-base /home/chairman/working/ros2/learning/chapt3/topic_practice_ws/src/build/status_publisher/build install --record /home/chairman/working/ros2/learning/chapt3/topic_practice_ws/src/build/status_publisher/install.log --single-version-externally-managed install_data
[0.521s] running egg_info
[0.522s] creating ../build/status_publisher/status_publisher.egg-info
[0.522s] writing ../build/status_publisher/status_publisher.egg-info/PKG-INFO
[0.522s] writing dependency_links to ../build/status_publisher/status_publisher.egg-info/dependency_links.txt
[0.522s] writing entry points to ../build/status_publisher/status_publisher.egg-info/entry_points.txt
[0.522s] writing requirements to ../build/status_publisher/status_publisher.egg-info/requires.txt
[0.522s] writing top-level names to ../build/status_publisher/status_publisher.egg-info/top_level.txt
[0.522s] writing manifest file '../build/status_publisher/status_publisher.egg-info/SOURCES.txt'
[0.523s] reading manifest file '../build/status_publisher/status_publisher.egg-info/SOURCES.txt'
[0.523s] adding license file 'LICENSE'
[0.523s] writing manifest file '../build/status_publisher/status_publisher.egg-info/SOURCES.txt'
[0.523s] running build
[0.523s] running build_py
[0.523s] creating /home/chairman/working/ros2/learning/chapt3/topic_practice_ws/src/build/status_publisher/build
[0.523s] creating /home/chairman/working/ros2/learning/chapt3/topic_practice_ws/src/build/status_publisher/build/lib
[0.523s] creating /home/chairman/working/ros2/learning/chapt3/topic_practice_ws/src/build/status_publisher/build/lib/status_publisher
[0.523s] copying status_publisher/sys_status_pub.py -> /home/chairman/working/ros2/learning/chapt3/topic_practice_ws/src/build/status_publisher/build/lib/status_publisher
[0.524s] copying status_publisher/__init__.py -> /home/chairman/working/ros2/learning/chapt3/topic_practice_ws/src/build/status_publisher/build/lib/status_publisher
[0.524s] running install
[0.524s] running install_lib
[0.524s] creating /home/chairman/working/ros2/learning/chapt3/topic_practice_ws/src/install/status_publisher/lib/python3.10/site-packages/status_publisher
[0.524s] copying /home/chairman/working/ros2/learning/chapt3/topic_practice_ws/src/build/status_publisher/build/lib/status_publisher/sys_status_pub.py -> /home/chairman/working/ros2/learning/chapt3/topic_practice_ws/src/install/status_publisher/lib/python3.10/site-packages/status_publisher
[0.524s] copying /home/chairman/working/ros2/learning/chapt3/topic_practice_ws/src/build/status_publisher/build/lib/status_publisher/__init__.py -> /home/chairman/working/ros2/learning/chapt3/topic_practice_ws/src/install/status_publisher/lib/python3.10/site-packages/status_publisher
[0.524s] byte-compiling /home/chairman/working/ros2/learning/chapt3/topic_practice_ws/src/install/status_publisher/lib/python3.10/site-packages/status_publisher/sys_status_pub.py to sys_status_pub.cpython-310.pyc
[0.525s] byte-compiling /home/chairman/working/ros2/learning/chapt3/topic_practice_ws/src/install/status_publisher/lib/python3.10/site-packages/status_publisher/__init__.py to __init__.cpython-310.pyc
[0.525s] running install_data
[0.525s] creating /home/chairman/working/ros2/learning/chapt3/topic_practice_ws/src/install/status_publisher/share/ament_index
[0.525s] creating /home/chairman/working/ros2/learning/chapt3/topic_practice_ws/src/install/status_publisher/share/ament_index/resource_index
[0.525s] creating /home/chairman/working/ros2/learning/chapt3/topic_practice_ws/src/install/status_publisher/share/ament_index/resource_index/packages
[0.525s] copying resource/status_publisher -> /home/chairman/working/ros2/learning/chapt3/topic_practice_ws/src/install/status_publisher/share/ament_index/resource_index/packages
[0.525s] copying package.xml -> /home/chairman/working/ros2/learning/chapt3/topic_practice_ws/src/install/status_publisher/share/status_publisher
[0.525s] running install_egg_info
[0.526s] Copying ../build/status_publisher/status_publisher.egg-info to /home/chairman/working/ros2/learning/chapt3/topic_practice_ws/src/install/status_publisher/lib/python3.10/site-packages/status_publisher-0.0.0-py3.10.egg-info
[0.526s] running install_scripts
[0.539s] Installing sys_status_pub script to /home/chairman/working/ros2/learning/chapt3/topic_practice_ws/src/install/status_publisher/lib/status_publisher
[0.539s] writing list of installed files to '/home/chairman/working/ros2/learning/chapt3/topic_practice_ws/src/build/status_publisher/install.log'
[0.554s] Invoked command in '/home/chairman/working/ros2/learning/chapt3/topic_practice_ws/src/status_publisher' returned '0': CMAKE_PREFIX_PATH=/home/chairman/working/ros2/learning/chapt3/topic_practice_ws/src/install/status_interfaces:/home/chairman/working/ros2/learning/chapt3/topic_practice_ws/src/install/status_display LD_LIBRARY_PATH=/home/chairman/working/ros2/learning/chapt3/topic_practice_ws/src/install/status_interfaces/lib:/usr/local/cuda-12.6/lib64:/usr/lib/x86_64-linux-gnu/gazebo-11/plugins:/opt/ros/humble/opt/rviz_ogre_vendor/lib:/opt/ros/humble/lib/x86_64-linux-gnu:/opt/ros/humble/lib:/usr/local/cuda-12.6/lib64 PYTHONPATH=/home/chairman/working/ros2/learning/chapt3/topic_practice_ws/src/build/status_publisher/prefix_override:/usr/lib/python3/dist-packages/colcon_core/task/python/colcon_distutils_commands:/home/chairman/working/ros2/learning/chapt3/topic_practice_ws/src/install/status_publisher/lib/python3.10/site-packages:/home/chairman/working/ros2/learning/chapt3/topic_practice_ws/src/install/status_interfaces/local/lib/python3.10/dist-packages:${PYTHONPATH} /usr/bin/python3 -W ignore:setup.py install is deprecated -W ignore:easy_install command is deprecated setup.py egg_info --egg-base ../build/status_publisher build --build-base /home/chairman/working/ros2/learning/chapt3/topic_practice_ws/src/build/status_publisher/build install --record /home/chairman/working/ros2/learning/chapt3/topic_practice_ws/src/build/status_publisher/install.log --single-version-externally-managed install_data
