[0.010s] Invoking command in '/home/chairman/working/ros2/learning/chapt2/chapt2_ws/src/build/demo_cpp_pkg': CMAKE_PREFIX_PATH=${CMAKE_PREFIX_PATH}:/home/chairman/working/ros2/learning/chapt2/chapt2_ws/src/install/demo_python_pkg:/home/chairman/working/ros2/learning/chapt2/install/demo_python_pkg:/opt/ros/humble CONDA_PROMPT_MODIFIER=(base) /usr/bin/cmake --build /home/chairman/working/ros2/learning/chapt2/chapt2_ws/src/build/demo_cpp_pkg -- -j28 -l28
[0.026s] -- Found rclcpp: 16.0.12 (/opt/ros/humble/share/rclcpp/cmake)
[0.136s] -- Found rosidl_generator_c: 3.1.6 (/opt/ros/humble/share/rosidl_generator_c/cmake)
[0.137s] -- Found rosidl_adapter: 3.1.6 (/opt/ros/humble/share/rosidl_adapter/cmake)
[0.141s] -- Found rosidl_generator_cpp: 3.1.6 (/opt/ros/humble/share/rosidl_generator_cpp/cmake)
[0.147s] -- Using all available rosidl_typesupport_c: rosidl_typesupport_fastrtps_c;rosidl_typesupport_introspection_c
[0.155s] -- Using all available rosidl_typesupport_cpp: rosidl_typesupport_fastrtps_cpp;rosidl_typesupport_introspection_cpp
[0.176s] -- Found rmw_implementation_cmake: 6.1.2 (/opt/ros/humble/share/rmw_implementation_cmake/cmake)
[0.176s] -- Found rmw_fastrtps_cpp: 6.2.7 (/opt/ros/humble/share/rmw_fastrtps_cpp/cmake)
[0.244s] -- Using RMW implementation 'rmw_fastrtps_cpp' as default
[0.277s] -- Found ament_lint_auto: 0.12.12 (/opt/ros/humble/share/ament_lint_auto/cmake)
[0.340s] -- Added test 'cppcheck' to perform static code analysis on C / C++ code
[0.340s] -- Configured cppcheck include dirs: 
[0.340s] -- Configured cppcheck exclude dirs and/or files: 
[0.340s] -- Added test 'lint_cmake' to check CMake code style
[0.341s] -- Added test 'uncrustify' to check C / C++ code style
[0.341s] -- Configured uncrustify additional arguments: 
[0.341s] -- Added test 'xmllint' to check XML markup files
[0.341s] -- Configuring done
[0.343s] [31mCMake Error at CMakeLists.txt:12 (add_executable):
[0.343s]   Cannot find source file:
[0.343s] 
[0.343s]     src/learn_auto_ptr.cpp
[0.343s] 
[0.343s]   Tried extensions .c .C .c++ .cc .cpp .cxx .cu .mpp .m .M .mm .ixx .cppm .h
[0.343s]   .hh .h++ .hm .hpp .hxx .in .txx .f .F .for .f77 .f90 .f95 .f03 .hip .ispc
[0.343s] 
[0.343s] [0m
[0.343s] [31mCMake Error at CMakeLists.txt:12 (add_executable):
[0.343s]   No SOURCES given to target: learn_auto_ptr
[0.343s] 
[0.343s] [0m
[0.343s] [0mCMake Generate step failed.  Build files cannot be regenerated correctly.[0m
[0.347s] gmake: *** [Makefile:349: cmake_check_build_system] Error 1
[0.349s] Invoked command in '/home/chairman/working/ros2/learning/chapt2/chapt2_ws/src/build/demo_cpp_pkg' returned '2': CMAKE_PREFIX_PATH=${CMAKE_PREFIX_PATH}:/home/chairman/working/ros2/learning/chapt2/chapt2_ws/src/install/demo_python_pkg:/home/chairman/working/ros2/learning/chapt2/install/demo_python_pkg:/opt/ros/humble CONDA_PROMPT_MODIFIER=(base) /usr/bin/cmake --build /home/chairman/working/ros2/learning/chapt2/chapt2_ws/src/build/demo_cpp_pkg -- -j28 -l28
