[ 50%] Built target pgm_publisher
[100%] Built target pcd2pgm
-- Install configuration: ""
-- Up-to-date: /home/chairman/working/ros2/leida/ws_livox/install/pcd2pgm/lib/pcd2pgm/pcd2pgm
-- Up-to-date: /home/chairman/working/ros2/leida/ws_livox/install/pcd2pgm/lib/pcd2pgm/pgm_publisher
-- Up-to-date: /home/chairman/working/ros2/leida/ws_livox/install/pcd2pgm/share/pcd2pgm/launch
-- Installing: /home/chairman/working/ros2/leida/ws_livox/install/pcd2pgm/share/pcd2pgm/launch/start.launch.py
-- Up-to-date: /home/chairman/working/ros2/leida/ws_livox/install/pcd2pgm/share/pcd2pgm/launch/start_rviz.launch.py
-- Up-to-date: /home/chairman/working/ros2/leida/ws_livox/install/pcd2pgm/share/pcd2pgm/launch/run.launch
-- Up-to-date: /home/chairman/working/ros2/leida/ws_livox/install/pcd2pgm/share/pcd2pgm/save
-- Up-to-date: /home/chairman/working/ros2/leida/ws_livox/install/pcd2pgm/share/pcd2pgm/save/scans.yaml
-- Up-to-date: /home/chairman/working/ros2/leida/ws_livox/install/pcd2pgm/share/pcd2pgm/save/map_filter.pcd
-- Up-to-date: /home/chairman/working/ros2/leida/ws_livox/install/pcd2pgm/share/pcd2pgm/save/scans.pgm
-- Up-to-date: /home/chairman/working/ros2/leida/ws_livox/install/pcd2pgm/share/pcd2pgm/save/map_radius_filter.pcd
-- Up-to-date: /home/chairman/working/ros2/leida/ws_livox/install/pcd2pgm/share/pcd2pgm/rviz
-- Up-to-date: /home/chairman/working/ros2/leida/ws_livox/install/pcd2pgm/share/pcd2pgm/rviz/map_view.rviz
-- Up-to-date: /home/chairman/working/ros2/leida/ws_livox/install/pcd2pgm/share/ament_index/resource_index/package_run_dependencies/pcd2pgm
-- Up-to-date: /home/chairman/working/ros2/leida/ws_livox/install/pcd2pgm/share/ament_index/resource_index/parent_prefix_path/pcd2pgm
-- Up-to-date: /home/chairman/working/ros2/leida/ws_livox/install/pcd2pgm/share/pcd2pgm/environment/ament_prefix_path.sh
-- Up-to-date: /home/chairman/working/ros2/leida/ws_livox/install/pcd2pgm/share/pcd2pgm/environment/ament_prefix_path.dsv
-- Up-to-date: /home/chairman/working/ros2/leida/ws_livox/install/pcd2pgm/share/pcd2pgm/environment/path.sh
-- Up-to-date: /home/chairman/working/ros2/leida/ws_livox/install/pcd2pgm/share/pcd2pgm/environment/path.dsv
-- Up-to-date: /home/chairman/working/ros2/leida/ws_livox/install/pcd2pgm/share/pcd2pgm/local_setup.bash
-- Up-to-date: /home/chairman/working/ros2/leida/ws_livox/install/pcd2pgm/share/pcd2pgm/local_setup.sh
-- Up-to-date: /home/chairman/working/ros2/leida/ws_livox/install/pcd2pgm/share/pcd2pgm/local_setup.zsh
-- Up-to-date: /home/chairman/working/ros2/leida/ws_livox/install/pcd2pgm/share/pcd2pgm/local_setup.dsv
-- Up-to-date: /home/chairman/working/ros2/leida/ws_livox/install/pcd2pgm/share/pcd2pgm/package.dsv
-- Up-to-date: /home/chairman/working/ros2/leida/ws_livox/install/pcd2pgm/share/ament_index/resource_index/packages/pcd2pgm
-- Up-to-date: /home/chairman/working/ros2/leida/ws_livox/install/pcd2pgm/share/pcd2pgm/cmake/pcd2pgmConfig.cmake
-- Up-to-date: /home/chairman/working/ros2/leida/ws_livox/install/pcd2pgm/share/pcd2pgm/cmake/pcd2pgmConfig-version.cmake
-- Up-to-date: /home/chairman/working/ros2/leida/ws_livox/install/pcd2pgm/share/pcd2pgm/package.xml
