[0.008s] Invoking command in '/home/chairman/working/ros2/leida/ws_livox/build/pcd2pgm': CMAKE_PREFIX_PATH=${CMAKE_PREFIX_PATH}:/opt/ros/humble VIRTUAL_ENV_PROMPT=(venv) /usr/bin/cmake --build /home/chairman/working/ros2/leida/ws_livox/build/pcd2pgm -- -j28 -l28
[0.066s] [ 50%] Built target pgm_publisher
[0.076s] [100%] Built target pcd2pgm
[0.090s] Invoked command in '/home/chairman/working/ros2/leida/ws_livox/build/pcd2pgm' returned '0': CMAKE_PREFIX_PATH=${CMAKE_PREFIX_PATH}:/opt/ros/humble VIRTUAL_ENV_PROMPT=(venv) /usr/bin/cmake --build /home/chairman/working/ros2/leida/ws_livox/build/pcd2pgm -- -j28 -l28
[0.102s] Invoking command in '/home/chairman/working/ros2/leida/ws_livox/build/pcd2pgm': CMAKE_PREFIX_PATH=${CMAKE_PREFIX_PATH}:/opt/ros/humble VIRTUAL_ENV_PROMPT=(venv) /usr/bin/cmake --install /home/chairman/working/ros2/leida/ws_livox/build/pcd2pgm
[0.109s] -- Install configuration: ""
[0.110s] -- Up-to-date: /home/chairman/working/ros2/leida/ws_livox/install/pcd2pgm/lib/pcd2pgm/pcd2pgm
[0.110s] -- Up-to-date: /home/chairman/working/ros2/leida/ws_livox/install/pcd2pgm/lib/pcd2pgm/pgm_publisher
[0.110s] -- Up-to-date: /home/chairman/working/ros2/leida/ws_livox/install/pcd2pgm/share/pcd2pgm/launch
[0.110s] -- Installing: /home/chairman/working/ros2/leida/ws_livox/install/pcd2pgm/share/pcd2pgm/launch/start.launch.py
[0.110s] -- Up-to-date: /home/chairman/working/ros2/leida/ws_livox/install/pcd2pgm/share/pcd2pgm/launch/start_rviz.launch.py
[0.110s] -- Up-to-date: /home/chairman/working/ros2/leida/ws_livox/install/pcd2pgm/share/pcd2pgm/launch/run.launch
[0.110s] -- Up-to-date: /home/chairman/working/ros2/leida/ws_livox/install/pcd2pgm/share/pcd2pgm/save
[0.111s] -- Up-to-date: /home/chairman/working/ros2/leida/ws_livox/install/pcd2pgm/share/pcd2pgm/save/scans.yaml
[0.111s] -- Up-to-date: /home/chairman/working/ros2/leida/ws_livox/install/pcd2pgm/share/pcd2pgm/save/map_filter.pcd
[0.111s] -- Up-to-date: /home/chairman/working/ros2/leida/ws_livox/install/pcd2pgm/share/pcd2pgm/save/scans.pgm
[0.111s] -- Up-to-date: /home/chairman/working/ros2/leida/ws_livox/install/pcd2pgm/share/pcd2pgm/save/map_radius_filter.pcd
[0.111s] -- Up-to-date: /home/chairman/working/ros2/leida/ws_livox/install/pcd2pgm/share/pcd2pgm/rviz
[0.111s] -- Up-to-date: /home/chairman/working/ros2/leida/ws_livox/install/pcd2pgm/share/pcd2pgm/rviz/map_view.rviz
[0.111s] -- Up-to-date: /home/chairman/working/ros2/leida/ws_livox/install/pcd2pgm/share/ament_index/resource_index/package_run_dependencies/pcd2pgm
[0.111s] -- Up-to-date: /home/chairman/working/ros2/leida/ws_livox/install/pcd2pgm/share/ament_index/resource_index/parent_prefix_path/pcd2pgm
[0.111s] -- Up-to-date: /home/chairman/working/ros2/leida/ws_livox/install/pcd2pgm/share/pcd2pgm/environment/ament_prefix_path.sh
[0.111s] -- Up-to-date: /home/chairman/working/ros2/leida/ws_livox/install/pcd2pgm/share/pcd2pgm/environment/ament_prefix_path.dsv
[0.111s] -- Up-to-date: /home/chairman/working/ros2/leida/ws_livox/install/pcd2pgm/share/pcd2pgm/environment/path.sh
[0.111s] -- Up-to-date: /home/chairman/working/ros2/leida/ws_livox/install/pcd2pgm/share/pcd2pgm/environment/path.dsv
[0.111s] -- Up-to-date: /home/chairman/working/ros2/leida/ws_livox/install/pcd2pgm/share/pcd2pgm/local_setup.bash
[0.111s] -- Up-to-date: /home/chairman/working/ros2/leida/ws_livox/install/pcd2pgm/share/pcd2pgm/local_setup.sh
[0.111s] -- Up-to-date: /home/chairman/working/ros2/leida/ws_livox/install/pcd2pgm/share/pcd2pgm/local_setup.zsh
[0.112s] -- Up-to-date: /home/chairman/working/ros2/leida/ws_livox/install/pcd2pgm/share/pcd2pgm/local_setup.dsv
[0.112s] -- Up-to-date: /home/chairman/working/ros2/leida/ws_livox/install/pcd2pgm/share/pcd2pgm/package.dsv
[0.112s] -- Up-to-date: /home/chairman/working/ros2/leida/ws_livox/install/pcd2pgm/share/ament_index/resource_index/packages/pcd2pgm
[0.112s] -- Up-to-date: /home/chairman/working/ros2/leida/ws_livox/install/pcd2pgm/share/pcd2pgm/cmake/pcd2pgmConfig.cmake
[0.112s] -- Up-to-date: /home/chairman/working/ros2/leida/ws_livox/install/pcd2pgm/share/pcd2pgm/cmake/pcd2pgmConfig-version.cmake
[0.112s] -- Up-to-date: /home/chairman/working/ros2/leida/ws_livox/install/pcd2pgm/share/pcd2pgm/package.xml
[0.113s] Invoked command in '/home/chairman/working/ros2/leida/ws_livox/build/pcd2pgm' returned '0': CMAKE_PREFIX_PATH=${CMAKE_PREFIX_PATH}:/opt/ros/humble VIRTUAL_ENV_PROMPT=(venv) /usr/bin/cmake --install /home/chairman/working/ros2/leida/ws_livox/build/pcd2pgm
