[0.009s] Invoking command in '/home/chairman/working/ros2/learning/chapt5/chapt5_ws/src/build/demo_cpp_tf': CMAKE_PREFIX_PATH=/home/chairman/working/ros2/learning/chapt5/chapt5_ws/src/install/demo_python_tf:/opt/ros/humble /usr/bin/cmake --build /home/chairman/working/ros2/learning/chapt5/chapt5_ws/src/build/demo_cpp_tf -- -j28 -l28
[0.045s] [35m[1mConsolidate compiler generated dependencies of target static_tf_broadcaster[0m
[0.061s] [ 50%] [32mBuilding CXX object CMakeFiles/static_tf_broadcaster.dir/src/static_tf_broadcaster.cpp.o[0m
[2.442s] [100%] [32m[1mLinking CXX executable static_tf_broadcaster[0m
[2.585s] [100%] Built target static_tf_broadcaster
[2.594s] Invoked command in '/home/chairman/working/ros2/learning/chapt5/chapt5_ws/src/build/demo_cpp_tf' returned '0': CMAKE_PREFIX_PATH=/home/chairman/working/ros2/learning/chapt5/chapt5_ws/src/install/demo_python_tf:/opt/ros/humble /usr/bin/cmake --build /home/chairman/working/ros2/learning/chapt5/chapt5_ws/src/build/demo_cpp_tf -- -j28 -l28
[2.606s] Invoking command in '/home/chairman/working/ros2/learning/chapt5/chapt5_ws/src/build/demo_cpp_tf': CMAKE_PREFIX_PATH=/home/chairman/working/ros2/learning/chapt5/chapt5_ws/src/install/demo_python_tf:/opt/ros/humble /usr/bin/cmake --install /home/chairman/working/ros2/learning/chapt5/chapt5_ws/src/build/demo_cpp_tf
[2.614s] -- Install configuration: ""
[2.614s] -- Installing: /home/chairman/working/ros2/learning/chapt5/chapt5_ws/src/install/demo_cpp_tf/lib/demo_cpp_tf/static_tf_broadcaster
[2.615s] -- Set runtime path of "/home/chairman/working/ros2/learning/chapt5/chapt5_ws/src/install/demo_cpp_tf/lib/demo_cpp_tf/static_tf_broadcaster" to ""
[2.615s] -- Installing: /home/chairman/working/ros2/learning/chapt5/chapt5_ws/src/install/demo_cpp_tf/share/ament_index/resource_index/package_run_dependencies/demo_cpp_tf
[2.615s] -- Installing: /home/chairman/working/ros2/learning/chapt5/chapt5_ws/src/install/demo_cpp_tf/share/ament_index/resource_index/parent_prefix_path/demo_cpp_tf
[2.615s] -- Installing: /home/chairman/working/ros2/learning/chapt5/chapt5_ws/src/install/demo_cpp_tf/share/demo_cpp_tf/environment/ament_prefix_path.sh
[2.615s] -- Installing: /home/chairman/working/ros2/learning/chapt5/chapt5_ws/src/install/demo_cpp_tf/share/demo_cpp_tf/environment/ament_prefix_path.dsv
[2.615s] -- Installing: /home/chairman/working/ros2/learning/chapt5/chapt5_ws/src/install/demo_cpp_tf/share/demo_cpp_tf/environment/path.sh
[2.615s] -- Installing: /home/chairman/working/ros2/learning/chapt5/chapt5_ws/src/install/demo_cpp_tf/share/demo_cpp_tf/environment/path.dsv
[2.615s] -- Installing: /home/chairman/working/ros2/learning/chapt5/chapt5_ws/src/install/demo_cpp_tf/share/demo_cpp_tf/local_setup.bash
[2.615s] -- Installing: /home/chairman/working/ros2/learning/chapt5/chapt5_ws/src/install/demo_cpp_tf/share/demo_cpp_tf/local_setup.sh
[2.615s] -- Installing: /home/chairman/working/ros2/learning/chapt5/chapt5_ws/src/install/demo_cpp_tf/share/demo_cpp_tf/local_setup.zsh
[2.616s] -- Installing: /home/chairman/working/ros2/learning/chapt5/chapt5_ws/src/install/demo_cpp_tf/share/demo_cpp_tf/local_setup.dsv
[2.616s] -- Installing: /home/chairman/working/ros2/learning/chapt5/chapt5_ws/src/install/demo_cpp_tf/share/demo_cpp_tf/package.dsv
[2.616s] -- Installing: /home/chairman/working/ros2/learning/chapt5/chapt5_ws/src/install/demo_cpp_tf/share/ament_index/resource_index/packages/demo_cpp_tf
[2.616s] -- Installing: /home/chairman/working/ros2/learning/chapt5/chapt5_ws/src/install/demo_cpp_tf/share/demo_cpp_tf/cmake/demo_cpp_tfConfig.cmake
[2.616s] -- Installing: /home/chairman/working/ros2/learning/chapt5/chapt5_ws/src/install/demo_cpp_tf/share/demo_cpp_tf/cmake/demo_cpp_tfConfig-version.cmake
[2.616s] -- Installing: /home/chairman/working/ros2/learning/chapt5/chapt5_ws/src/install/demo_cpp_tf/share/demo_cpp_tf/package.xml
[2.618s] Invoked command in '/home/chairman/working/ros2/learning/chapt5/chapt5_ws/src/build/demo_cpp_tf' returned '0': CMAKE_PREFIX_PATH=/home/chairman/working/ros2/learning/chapt5/chapt5_ws/src/install/demo_python_tf:/opt/ros/humble /usr/bin/cmake --install /home/chairman/working/ros2/learning/chapt5/chapt5_ws/src/build/demo_cpp_tf
