[0.019s] Invoking command in '/home/chairman/working/ros2/learning/chapt8/chapt8_ws/src/build/autopatrol_interfaces': CMAKE_PREFIX_PATH=/opt/ros/humble /usr/bin/cmake /home/chairman/working/ros2/learning/chapt8/chapt8_ws/src/autopatrol_interfaces -DCMAKE_INSTALL_PREFIX=/home/chairman/working/ros2/learning/chapt8/chapt8_ws/src/install/autopatrol_interfaces
[0.347s] -- The C compiler identification is GNU 11.4.0
[0.347s] -- The CXX compiler identification is GNU 11.4.0
[0.347s] -- Detecting C compiler ABI info
[0.347s] -- Detecting C compiler ABI info - done
[0.347s] -- Check for working C compiler: /usr/bin/cc - skipped
[0.347s] -- Detecting C compile features
[0.347s] -- Detecting C compile features - done
[0.347s] -- Detecting CXX compiler ABI info
[0.347s] -- Detecting CXX compiler ABI info - done
[0.347s] -- Check for working CXX compiler: /usr/bin/c++ - skipped
[0.347s] -- Detecting CXX compile features
[0.347s] -- Detecting CXX compile features - done
[0.347s] -- Found ament_cmake: 1.3.11 (/opt/ros/humble/share/ament_cmake/cmake)
[0.473s] -- Found Python3: /usr/bin/python3 (found version "3.10.12") found components: Interpreter 
[0.547s] -- Found rosidl_default_generators: 1.2.0 (/opt/ros/humble/share/rosidl_default_generators/cmake)
[0.550s] -- Using all available rosidl_typesupport_c: rosidl_typesupport_fastrtps_c;rosidl_typesupport_introspection_c
[0.558s] -- Found rosidl_adapter: 3.1.6 (/opt/ros/humble/share/rosidl_adapter/cmake)
[0.595s] -- Using all available rosidl_typesupport_cpp: rosidl_typesupport_fastrtps_cpp;rosidl_typesupport_introspection_cpp
[0.793s] -- Found ament_cmake_ros: 0.10.0 (/opt/ros/humble/share/ament_cmake_ros/cmake)
[0.938s] -- Using all available rosidl_typesupport_c: rosidl_typesupport_fastrtps_c;rosidl_typesupport_introspection_c
[1.140s] -- Using all available rosidl_typesupport_cpp: rosidl_typesupport_fastrtps_cpp;rosidl_typesupport_introspection_cpp
[1.156s] -- Found PythonInterp: /usr/bin/python3 (found suitable version "3.10.12", minimum required is "3.6") 
[1.158s] -- Found python_cmake_module: 0.10.0 (/opt/ros/humble/share/python_cmake_module/cmake)
[1.177s] -- Found PythonLibs: /usr/lib/x86_64-linux-gnu/libpython3.10.so (found suitable version "3.10.12", minimum required is "3.5") 
[1.177s] -- Using PYTHON_EXECUTABLE: /usr/bin/python3
[1.177s] -- Using PYTHON_INCLUDE_DIRS: /usr/include/python3.10
[1.178s] -- Using PYTHON_LIBRARIES: /usr/lib/x86_64-linux-gnu/libpython3.10.so
[1.192s] -- Found PythonExtra: .so  
[1.213s] -- Found ament_lint_auto: 0.12.12 (/opt/ros/humble/share/ament_lint_auto/cmake)
[1.228s] -- Added test 'lint_cmake' to check CMake code style
[1.229s] -- Added test 'xmllint' to check XML markup files
[1.230s] -- Configuring done
[1.245s] -- Generating done
[1.251s] -- Build files have been written to: /home/chairman/working/ros2/learning/chapt8/chapt8_ws/src/build/autopatrol_interfaces
[1.256s] Invoked command in '/home/chairman/working/ros2/learning/chapt8/chapt8_ws/src/build/autopatrol_interfaces' returned '0': CMAKE_PREFIX_PATH=/opt/ros/humble /usr/bin/cmake /home/chairman/working/ros2/learning/chapt8/chapt8_ws/src/autopatrol_interfaces -DCMAKE_INSTALL_PREFIX=/home/chairman/working/ros2/learning/chapt8/chapt8_ws/src/install/autopatrol_interfaces
[1.257s] Invoking command in '/home/chairman/working/ros2/learning/chapt8/chapt8_ws/src/build/autopatrol_interfaces': CMAKE_PREFIX_PATH=/opt/ros/humble /usr/bin/cmake --build /home/chairman/working/ros2/learning/chapt8/chapt8_ws/src/build/autopatrol_interfaces -- -j28 -l28
[1.287s] [  3%] [34m[1mGenerating C code for ROS interfaces[0m
[1.298s] [  6%] [34m[1mGenerating C++ code for ROS interfaces[0m
[1.303s] [  6%] Built target ament_cmake_python_copy_autopatrol_interfaces
[1.454s] running egg_info
[1.454s] creating autopatrol_interfaces.egg-info
[1.454s] writing autopatrol_interfaces.egg-info/PKG-INFO
[1.454s] writing dependency_links to autopatrol_interfaces.egg-info/dependency_links.txt
[1.454s] writing top-level names to autopatrol_interfaces.egg-info/top_level.txt
[1.454s] writing manifest file 'autopatrol_interfaces.egg-info/SOURCES.txt'
[1.455s] reading manifest file 'autopatrol_interfaces.egg-info/SOURCES.txt'
[1.456s] writing manifest file 'autopatrol_interfaces.egg-info/SOURCES.txt'
[1.475s] [  6%] Built target ament_cmake_python_build_autopatrol_interfaces_egg
[1.480s] [  9%] [32mBuilding C object CMakeFiles/autopatrol_interfaces__rosidl_generator_c.dir/rosidl_generator_c/autopatrol_interfaces/srv/detail/speach_text__functions.c.o[0m
[1.481s] [  9%] Built target autopatrol_interfaces__cpp
[1.490s] [ 12%] [34m[1mGenerating C++ type support dispatch for ROS interfaces[0m
[1.490s] [ 16%] [34m[1mGenerating C++ type support for eProsima Fast-RTPS[0m
[1.490s] [ 19%] [34m[1mGenerating C++ introspection for ROS interfaces[0m
[1.532s] [ 22%] [32m[1mLinking C shared library libautopatrol_interfaces__rosidl_generator_c.so[0m
[1.566s] [ 22%] Built target autopatrol_interfaces__rosidl_generator_c
[1.574s] [ 29%] [34m[1mGenerating C type support for eProsima Fast-RTPS[0m
[1.574s] [ 29%] [34m[1mGenerating C type support dispatch for ROS interfaces[0m
[1.576s] [ 32%] [34m[1mGenerating C introspection for ROS interfaces[0m
[1.664s] [ 35%] [32mBuilding CXX object CMakeFiles/autopatrol_interfaces__rosidl_typesupport_cpp.dir/rosidl_typesupport_cpp/autopatrol_interfaces/srv/speach_text__type_support.cpp.o[0m
[1.666s] [ 38%] [32mBuilding CXX object CMakeFiles/autopatrol_interfaces__rosidl_typesupport_introspection_cpp.dir/rosidl_typesupport_introspection_cpp/autopatrol_interfaces/srv/detail/speach_text__type_support.cpp.o[0m
[1.673s] [ 41%] [32mBuilding CXX object CMakeFiles/autopatrol_interfaces__rosidl_typesupport_fastrtps_cpp.dir/rosidl_typesupport_fastrtps_cpp/autopatrol_interfaces/srv/detail/dds_fastrtps/speach_text__type_support.cpp.o[0m
[1.737s] [ 45%] [32mBuilding CXX object CMakeFiles/autopatrol_interfaces__rosidl_typesupport_c.dir/rosidl_typesupport_c/autopatrol_interfaces/srv/speach_text__type_support.cpp.o[0m
[1.755s] [ 48%] [32mBuilding CXX object CMakeFiles/autopatrol_interfaces__rosidl_typesupport_fastrtps_c.dir/rosidl_typesupport_fastrtps_c/autopatrol_interfaces/srv/detail/speach_text__type_support_c.cpp.o[0m
[1.761s] [ 51%] [32mBuilding C object CMakeFiles/autopatrol_interfaces__rosidl_typesupport_introspection_c.dir/rosidl_typesupport_introspection_c/autopatrol_interfaces/srv/detail/speach_text__type_support.c.o[0m
[1.767s] [ 54%] [32m[1mLinking CXX shared library libautopatrol_interfaces__rosidl_typesupport_c.so[0m
[1.795s] [ 58%] [32m[1mLinking C shared library libautopatrol_interfaces__rosidl_typesupport_introspection_c.so[0m
[1.805s] [ 58%] Built target autopatrol_interfaces__rosidl_typesupport_c
[1.823s] [ 58%] Built target autopatrol_interfaces__rosidl_typesupport_introspection_c
[1.850s] [ 61%] [32m[1mLinking CXX shared library libautopatrol_interfaces__rosidl_typesupport_cpp.so[0m
[1.887s] [ 61%] Built target autopatrol_interfaces__rosidl_typesupport_cpp
[1.893s] [ 64%] [32m[1mLinking CXX shared library libautopatrol_interfaces__rosidl_typesupport_introspection_cpp.so[0m
[1.908s] [ 67%] [32m[1mLinking CXX shared library libautopatrol_interfaces__rosidl_typesupport_fastrtps_cpp.so[0m
[1.941s] [ 67%] Built target autopatrol_interfaces__rosidl_typesupport_introspection_cpp
[1.956s] [ 70%] [32m[1mLinking CXX shared library libautopatrol_interfaces__rosidl_typesupport_fastrtps_c.so[0m
[1.962s] [ 70%] Built target autopatrol_interfaces__rosidl_typesupport_fastrtps_cpp
[2.020s] [ 70%] Built target autopatrol_interfaces__rosidl_typesupport_fastrtps_c
[2.040s] [ 70%] Built target autopatrol_interfaces
[2.072s] [ 74%] [34m[1mGenerating Python code for ROS interfaces[0m
[2.323s] [ 74%] Built target autopatrol_interfaces__py
[2.343s] [ 77%] [32mBuilding C object CMakeFiles/autopatrol_interfaces__rosidl_generator_py.dir/rosidl_generator_py/autopatrol_interfaces/srv/_speach_text_s.c.o[0m
[2.431s] [ 80%] [32m[1mLinking C shared library rosidl_generator_py/autopatrol_interfaces/libautopatrol_interfaces__rosidl_generator_py.so[0m
[2.462s] [ 80%] Built target autopatrol_interfaces__rosidl_generator_py
[2.487s] [ 83%] [32mBuilding C object CMakeFiles/autopatrol_interfaces__rosidl_typesupport_fastrtps_c__pyext.dir/rosidl_generator_py/autopatrol_interfaces/_autopatrol_interfaces_s.ep.rosidl_typesupport_fastrtps_c.c.o[0m
[2.488s] [ 87%] [32mBuilding C object CMakeFiles/autopatrol_interfaces__rosidl_typesupport_c__pyext.dir/rosidl_generator_py/autopatrol_interfaces/_autopatrol_interfaces_s.ep.rosidl_typesupport_c.c.o[0m
[2.488s] [ 90%] [32mBuilding C object CMakeFiles/autopatrol_interfaces__rosidl_typesupport_introspection_c__pyext.dir/rosidl_generator_py/autopatrol_interfaces/_autopatrol_interfaces_s.ep.rosidl_typesupport_introspection_c.c.o[0m
[2.562s] [100%] [32m[1mLinking C shared library rosidl_generator_py/autopatrol_interfaces/autopatrol_interfaces_s__rosidl_typesupport_fastrtps_c.cpython-310-x86_64-linux-gnu.so[0m
[2.562s] [100%] [32m[1mLinking C shared library rosidl_generator_py/autopatrol_interfaces/autopatrol_interfaces_s__rosidl_typesupport_introspection_c.cpython-310-x86_64-linux-gnu.so[0m
[2.562s] [100%] [32m[1mLinking C shared library rosidl_generator_py/autopatrol_interfaces/autopatrol_interfaces_s__rosidl_typesupport_c.cpython-310-x86_64-linux-gnu.so[0m
[2.599s] [100%] Built target autopatrol_interfaces__rosidl_typesupport_c__pyext
[2.599s] [100%] Built target autopatrol_interfaces__rosidl_typesupport_introspection_c__pyext
[2.600s] [100%] Built target autopatrol_interfaces__rosidl_typesupport_fastrtps_c__pyext
