[0.062s] DEBUG:colcon:Command line arguments: ['/usr/bin/colcon', 'build', '--packages-select', 'demo_cpp_topic']
[0.063s] DEBUG:colcon:Parsed command line arguments: Namespace(log_base=None, log_level=None, verb_name='build', build_base='build', install_base='install', merge_install=False, symlink_install=False, test_result_base=None, continue_on_error=False, executor='parallel', parallel_workers=28, event_handlers=None, ignore_user_meta=False, metas=['./colcon.meta'], base_paths=['.'], packages_ignore=None, packages_ignore_regex=None, paths=None, packages_up_to=None, packages_up_to_regex=None, packages_above=None, packages_above_and_dependencies=None, packages_above_depth=None, packages_select_by_dep=None, packages_skip_by_dep=None, packages_skip_up_to=None, packages_select_build_failed=False, packages_skip_build_finished=False, packages_select_test_failures=False, packages_skip_test_passed=False, packages_select=['demo_cpp_topic'], packages_skip=None, packages_select_regex=None, packages_skip_regex=None, packages_start=None, packages_end=None, allow_overriding=[], cmake_args=None, cmake_target=None, cmake_target_skip_unavailable=False, cmake_clean_cache=False, cmake_clean_first=False, cmake_force_configure=False, ament_cmake_args=None, catkin_cmake_args=None, catkin_skip_building_tests=False, verb_parser=<colcon_defaults.argument_parser.defaults.DefaultArgumentsDecorator object at 0x7cccbe828850>, verb_extension=<colcon_core.verb.build.BuildVerb object at 0x7cccbe95dba0>, main=<bound method BuildVerb.main of <colcon_core.verb.build.BuildVerb object at 0x7cccbe95dba0>>)
[0.157s] Level 1:colcon.colcon_core.package_discovery:discover_packages(colcon_meta) check parameters
[0.158s] Level 1:colcon.colcon_core.package_discovery:discover_packages(recursive) check parameters
[0.158s] Level 1:colcon.colcon_core.package_discovery:discover_packages(ignore) check parameters
[0.158s] Level 1:colcon.colcon_core.package_discovery:discover_packages(path) check parameters
[0.158s] Level 1:colcon.colcon_core.package_discovery:discover_packages(colcon_meta) discover
[0.158s] Level 1:colcon.colcon_core.package_discovery:discover_packages(recursive) discover
[0.158s] INFO:colcon.colcon_core.package_discovery:Crawling recursively for packages in '/home/chairman/working/ros2/learning/chapt3/topic_ws/src'
[0.158s] Level 1:colcon.colcon_core.package_identification:_identify(.) by extensions ['ignore', 'ignore_ament_install']
[0.158s] Level 1:colcon.colcon_core.package_identification:_identify(.) by extension 'ignore'
[0.158s] Level 1:colcon.colcon_core.package_identification:_identify(.) by extension 'ignore_ament_install'
[0.158s] Level 1:colcon.colcon_core.package_identification:_identify(.) by extensions ['colcon_pkg']
[0.158s] Level 1:colcon.colcon_core.package_identification:_identify(.) by extension 'colcon_pkg'
[0.158s] Level 1:colcon.colcon_core.package_identification:_identify(.) by extensions ['colcon_meta']
[0.158s] Level 1:colcon.colcon_core.package_identification:_identify(.) by extension 'colcon_meta'
[0.158s] Level 1:colcon.colcon_core.package_identification:_identify(.) by extensions ['ros']
[0.158s] Level 1:colcon.colcon_core.package_identification:_identify(.) by extension 'ros'
[0.165s] Level 1:colcon.colcon_core.package_identification:_identify(.) by extensions ['cmake', 'python']
[0.165s] Level 1:colcon.colcon_core.package_identification:_identify(.) by extension 'cmake'
[0.165s] Level 1:colcon.colcon_core.package_identification:_identify(.) by extension 'python'
[0.165s] Level 1:colcon.colcon_core.package_identification:_identify(.) by extensions ['python_setup_py']
[0.165s] Level 1:colcon.colcon_core.package_identification:_identify(.) by extension 'python_setup_py'
[0.165s] Level 1:colcon.colcon_core.package_identification:_identify(build) by extensions ['ignore', 'ignore_ament_install']
[0.165s] Level 1:colcon.colcon_core.package_identification:_identify(build) by extension 'ignore'
[0.165s] Level 1:colcon.colcon_core.package_identification:_identify(build) ignored
[0.165s] Level 1:colcon.colcon_core.package_identification:_identify(demo_cpp_topic) by extensions ['ignore', 'ignore_ament_install']
[0.165s] Level 1:colcon.colcon_core.package_identification:_identify(demo_cpp_topic) by extension 'ignore'
[0.165s] Level 1:colcon.colcon_core.package_identification:_identify(demo_cpp_topic) by extension 'ignore_ament_install'
[0.165s] Level 1:colcon.colcon_core.package_identification:_identify(demo_cpp_topic) by extensions ['colcon_pkg']
[0.165s] Level 1:colcon.colcon_core.package_identification:_identify(demo_cpp_topic) by extension 'colcon_pkg'
[0.165s] Level 1:colcon.colcon_core.package_identification:_identify(demo_cpp_topic) by extensions ['colcon_meta']
[0.165s] Level 1:colcon.colcon_core.package_identification:_identify(demo_cpp_topic) by extension 'colcon_meta'
[0.165s] Level 1:colcon.colcon_core.package_identification:_identify(demo_cpp_topic) by extensions ['ros']
[0.165s] Level 1:colcon.colcon_core.package_identification:_identify(demo_cpp_topic) by extension 'ros'
[0.167s] DEBUG:colcon.colcon_core.package_identification:Package 'demo_cpp_topic' with type 'ros.ament_cmake' and name 'demo_cpp_topic'
[0.167s] Level 1:colcon.colcon_core.package_identification:_identify(demo_python_topic) by extensions ['ignore', 'ignore_ament_install']
[0.167s] Level 1:colcon.colcon_core.package_identification:_identify(demo_python_topic) by extension 'ignore'
[0.167s] Level 1:colcon.colcon_core.package_identification:_identify(demo_python_topic) by extension 'ignore_ament_install'
[0.167s] Level 1:colcon.colcon_core.package_identification:_identify(demo_python_topic) by extensions ['colcon_pkg']
[0.167s] Level 1:colcon.colcon_core.package_identification:_identify(demo_python_topic) by extension 'colcon_pkg'
[0.167s] Level 1:colcon.colcon_core.package_identification:_identify(demo_python_topic) by extensions ['colcon_meta']
[0.167s] Level 1:colcon.colcon_core.package_identification:_identify(demo_python_topic) by extension 'colcon_meta'
[0.167s] Level 1:colcon.colcon_core.package_identification:_identify(demo_python_topic) by extensions ['ros']
[0.167s] Level 1:colcon.colcon_core.package_identification:_identify(demo_python_topic) by extension 'ros'
[0.168s] DEBUG:colcon.colcon_core.package_identification:Package 'demo_python_topic' with type 'ros.ament_python' and name 'demo_python_topic'
[0.168s] Level 1:colcon.colcon_core.package_identification:_identify(install) by extensions ['ignore', 'ignore_ament_install']
[0.168s] Level 1:colcon.colcon_core.package_identification:_identify(install) by extension 'ignore'
[0.168s] Level 1:colcon.colcon_core.package_identification:_identify(install) ignored
[0.168s] Level 1:colcon.colcon_core.package_identification:_identify(log) by extensions ['ignore', 'ignore_ament_install']
[0.168s] Level 1:colcon.colcon_core.package_identification:_identify(log) by extension 'ignore'
[0.168s] Level 1:colcon.colcon_core.package_identification:_identify(log) ignored
[0.168s] Level 1:colcon.colcon_core.package_discovery:discover_packages(recursive) using defaults
[0.168s] Level 1:colcon.colcon_core.package_discovery:discover_packages(ignore) discover
[0.168s] Level 1:colcon.colcon_core.package_discovery:discover_packages(ignore) using defaults
[0.168s] Level 1:colcon.colcon_core.package_discovery:discover_packages(path) discover
[0.168s] Level 1:colcon.colcon_core.package_discovery:discover_packages(path) using defaults
[0.186s] INFO:colcon.colcon_core.package_selection:Skipping not selected package 'demo_python_topic' in 'demo_python_topic'
[0.186s] Level 1:colcon.colcon_core.package_discovery:discover_packages(prefix_path) check parameters
[0.186s] Level 1:colcon.colcon_core.package_discovery:discover_packages(prefix_path) discover
[0.187s] DEBUG:colcon.colcon_installed_package_information.package_discovery:Found 2 installed packages in /home/chairman/working/ros2/learning/chapt3/topic_ws/src/install
[0.188s] DEBUG:colcon.colcon_installed_package_information.package_discovery:Found 384 installed packages in /opt/ros/humble
[0.189s] Level 1:colcon.colcon_core.package_discovery:discover_packages(prefix_path) using defaults
[0.216s] Level 5:colcon.colcon_core.verb:set package 'demo_cpp_topic' build argument 'cmake_args' from command line to 'None'
[0.216s] Level 5:colcon.colcon_core.verb:set package 'demo_cpp_topic' build argument 'cmake_target' from command line to 'None'
[0.216s] Level 5:colcon.colcon_core.verb:set package 'demo_cpp_topic' build argument 'cmake_target_skip_unavailable' from command line to 'False'
[0.216s] Level 5:colcon.colcon_core.verb:set package 'demo_cpp_topic' build argument 'cmake_clean_cache' from command line to 'False'
[0.216s] Level 5:colcon.colcon_core.verb:set package 'demo_cpp_topic' build argument 'cmake_clean_first' from command line to 'False'
[0.216s] Level 5:colcon.colcon_core.verb:set package 'demo_cpp_topic' build argument 'cmake_force_configure' from command line to 'False'
[0.217s] Level 5:colcon.colcon_core.verb:set package 'demo_cpp_topic' build argument 'ament_cmake_args' from command line to 'None'
[0.217s] Level 5:colcon.colcon_core.verb:set package 'demo_cpp_topic' build argument 'catkin_cmake_args' from command line to 'None'
[0.217s] Level 5:colcon.colcon_core.verb:set package 'demo_cpp_topic' build argument 'catkin_skip_building_tests' from command line to 'False'
[0.217s] DEBUG:colcon.colcon_core.verb:Building package 'demo_cpp_topic' with the following arguments: {'ament_cmake_args': None, 'build_base': '/home/chairman/working/ros2/learning/chapt3/topic_ws/src/build/demo_cpp_topic', 'catkin_cmake_args': None, 'catkin_skip_building_tests': False, 'cmake_args': None, 'cmake_clean_cache': False, 'cmake_clean_first': False, 'cmake_force_configure': False, 'cmake_target': None, 'cmake_target_skip_unavailable': False, 'install_base': '/home/chairman/working/ros2/learning/chapt3/topic_ws/src/install/demo_cpp_topic', 'merge_install': False, 'path': '/home/chairman/working/ros2/learning/chapt3/topic_ws/src/demo_cpp_topic', 'symlink_install': False, 'test_result_base': None}
[0.217s] INFO:colcon.colcon_core.executor:Executing jobs using 'parallel' executor
[0.217s] DEBUG:colcon.colcon_parallel_executor.executor.parallel:run_until_complete
[0.218s] INFO:colcon.colcon_ros.task.ament_cmake.build:Building ROS package in '/home/chairman/working/ros2/learning/chapt3/topic_ws/src/demo_cpp_topic' with build type 'ament_cmake'
[0.218s] INFO:colcon.colcon_cmake.task.cmake.build:Building CMake package in '/home/chairman/working/ros2/learning/chapt3/topic_ws/src/demo_cpp_topic'
[0.219s] INFO:colcon.colcon_core.plugin_system:Skipping extension 'colcon_core.shell.bat': Not used on non-Windows systems
[0.219s] INFO:colcon.colcon_core.shell:Skip shell extension 'powershell' for command environment: Not usable outside of PowerShell
[0.219s] DEBUG:colcon.colcon_core.shell:Skip shell extension 'dsv' for command environment
[0.228s] DEBUG:colcon.colcon_core.event_handler.log_command:Invoking command in '/home/chairman/working/ros2/learning/chapt3/topic_ws/src/build/demo_cpp_topic': CMAKE_PREFIX_PATH=/home/chairman/working/ros2/learning/chapt3/topic_ws/src/install/demo_python_topic:/opt/ros/humble CONDA_PROMPT_MODIFIER=(base) /usr/bin/cmake /home/chairman/working/ros2/learning/chapt3/topic_ws/src/demo_cpp_topic -DCMAKE_INSTALL_PREFIX=/home/chairman/working/ros2/learning/chapt3/topic_ws/src/install/demo_cpp_topic
[0.662s] DEBUG:colcon.colcon_core.event_handler.log_command:Invoked command in '/home/chairman/working/ros2/learning/chapt3/topic_ws/src/build/demo_cpp_topic' returned '0': CMAKE_PREFIX_PATH=/home/chairman/working/ros2/learning/chapt3/topic_ws/src/install/demo_python_topic:/opt/ros/humble CONDA_PROMPT_MODIFIER=(base) /usr/bin/cmake /home/chairman/working/ros2/learning/chapt3/topic_ws/src/demo_cpp_topic -DCMAKE_INSTALL_PREFIX=/home/chairman/working/ros2/learning/chapt3/topic_ws/src/install/demo_cpp_topic
[0.664s] DEBUG:colcon.colcon_core.event_handler.log_command:Invoking command in '/home/chairman/working/ros2/learning/chapt3/topic_ws/src/build/demo_cpp_topic': CMAKE_PREFIX_PATH=/home/chairman/working/ros2/learning/chapt3/topic_ws/src/install/demo_python_topic:/opt/ros/humble CONDA_PROMPT_MODIFIER=(base) /usr/bin/cmake --build /home/chairman/working/ros2/learning/chapt3/topic_ws/src/build/demo_cpp_topic -- -j28 -l28
[3.447s] DEBUG:colcon.colcon_core.event_handler.log_command:Invoked command in '/home/chairman/working/ros2/learning/chapt3/topic_ws/src/build/demo_cpp_topic' returned '0': CMAKE_PREFIX_PATH=/home/chairman/working/ros2/learning/chapt3/topic_ws/src/install/demo_python_topic:/opt/ros/humble CONDA_PROMPT_MODIFIER=(base) /usr/bin/cmake --build /home/chairman/working/ros2/learning/chapt3/topic_ws/src/build/demo_cpp_topic -- -j28 -l28
[3.456s] DEBUG:colcon.colcon_core.event_handler.log_command:Invoking command in '/home/chairman/working/ros2/learning/chapt3/topic_ws/src/build/demo_cpp_topic': CMAKE_PREFIX_PATH=/home/chairman/working/ros2/learning/chapt3/topic_ws/src/install/demo_python_topic:/opt/ros/humble CONDA_PROMPT_MODIFIER=(base) /usr/bin/cmake --install /home/chairman/working/ros2/learning/chapt3/topic_ws/src/build/demo_cpp_topic
[3.466s] Level 1:colcon.colcon_core.environment:create_environment_scripts_only(demo_cpp_topic)
[3.467s] DEBUG:colcon.colcon_core.event_handler.log_command:Invoked command in '/home/chairman/working/ros2/learning/chapt3/topic_ws/src/build/demo_cpp_topic' returned '0': CMAKE_PREFIX_PATH=/home/chairman/working/ros2/learning/chapt3/topic_ws/src/install/demo_python_topic:/opt/ros/humble CONDA_PROMPT_MODIFIER=(base) /usr/bin/cmake --install /home/chairman/working/ros2/learning/chapt3/topic_ws/src/build/demo_cpp_topic
[3.468s] Level 1:colcon.colcon_core.environment:checking '/home/chairman/working/ros2/learning/chapt3/topic_ws/src/install/demo_cpp_topic' for CMake module files
[3.468s] Level 1:colcon.colcon_core.environment:checking '/home/chairman/working/ros2/learning/chapt3/topic_ws/src/install/demo_cpp_topic' for CMake config files
[3.468s] Level 1:colcon.colcon_core.shell:create_environment_hook('demo_cpp_topic', 'cmake_prefix_path')
[3.468s] INFO:colcon.colcon_core.shell:Creating environment hook '/home/chairman/working/ros2/learning/chapt3/topic_ws/src/install/demo_cpp_topic/share/demo_cpp_topic/hook/cmake_prefix_path.ps1'
[3.469s] INFO:colcon.colcon_core.shell:Creating environment descriptor '/home/chairman/working/ros2/learning/chapt3/topic_ws/src/install/demo_cpp_topic/share/demo_cpp_topic/hook/cmake_prefix_path.dsv'
[3.469s] INFO:colcon.colcon_core.shell:Creating environment hook '/home/chairman/working/ros2/learning/chapt3/topic_ws/src/install/demo_cpp_topic/share/demo_cpp_topic/hook/cmake_prefix_path.sh'
[3.470s] Level 1:colcon.colcon_core.environment:checking '/home/chairman/working/ros2/learning/chapt3/topic_ws/src/install/demo_cpp_topic/lib'
[3.470s] Level 1:colcon.colcon_core.environment:checking '/home/chairman/working/ros2/learning/chapt3/topic_ws/src/install/demo_cpp_topic/bin'
[3.470s] Level 1:colcon.colcon_core.environment:checking '/home/chairman/working/ros2/learning/chapt3/topic_ws/src/install/demo_cpp_topic/lib/pkgconfig/demo_cpp_topic.pc'
[3.470s] Level 1:colcon.colcon_core.environment:checking '/home/chairman/working/ros2/learning/chapt3/topic_ws/src/install/demo_cpp_topic/lib/python3.10/site-packages'
[3.470s] Level 1:colcon.colcon_core.environment:checking '/home/chairman/working/ros2/learning/chapt3/topic_ws/src/install/demo_cpp_topic/bin'
[3.470s] INFO:colcon.colcon_core.shell:Creating package script '/home/chairman/working/ros2/learning/chapt3/topic_ws/src/install/demo_cpp_topic/share/demo_cpp_topic/package.ps1'
[3.471s] INFO:colcon.colcon_core.shell:Creating package descriptor '/home/chairman/working/ros2/learning/chapt3/topic_ws/src/install/demo_cpp_topic/share/demo_cpp_topic/package.dsv'
[3.471s] INFO:colcon.colcon_core.shell:Creating package script '/home/chairman/working/ros2/learning/chapt3/topic_ws/src/install/demo_cpp_topic/share/demo_cpp_topic/package.sh'
[3.472s] INFO:colcon.colcon_core.shell:Creating package script '/home/chairman/working/ros2/learning/chapt3/topic_ws/src/install/demo_cpp_topic/share/demo_cpp_topic/package.bash'
[3.473s] INFO:colcon.colcon_core.shell:Creating package script '/home/chairman/working/ros2/learning/chapt3/topic_ws/src/install/demo_cpp_topic/share/demo_cpp_topic/package.zsh'
[3.473s] Level 1:colcon.colcon_core.environment:create_file_with_runtime_dependencies(/home/chairman/working/ros2/learning/chapt3/topic_ws/src/install/demo_cpp_topic/share/colcon-core/packages/demo_cpp_topic)
[3.474s] Level 1:colcon.colcon_core.environment:create_environment_scripts_only(demo_cpp_topic)
[3.474s] Level 1:colcon.colcon_core.environment:checking '/home/chairman/working/ros2/learning/chapt3/topic_ws/src/install/demo_cpp_topic' for CMake module files
[3.474s] Level 1:colcon.colcon_core.environment:checking '/home/chairman/working/ros2/learning/chapt3/topic_ws/src/install/demo_cpp_topic' for CMake config files
[3.474s] Level 1:colcon.colcon_core.shell:create_environment_hook('demo_cpp_topic', 'cmake_prefix_path')
[3.475s] INFO:colcon.colcon_core.shell:Creating environment hook '/home/chairman/working/ros2/learning/chapt3/topic_ws/src/install/demo_cpp_topic/share/demo_cpp_topic/hook/cmake_prefix_path.ps1'
[3.475s] INFO:colcon.colcon_core.shell:Creating environment descriptor '/home/chairman/working/ros2/learning/chapt3/topic_ws/src/install/demo_cpp_topic/share/demo_cpp_topic/hook/cmake_prefix_path.dsv'
[3.475s] INFO:colcon.colcon_core.shell:Creating environment hook '/home/chairman/working/ros2/learning/chapt3/topic_ws/src/install/demo_cpp_topic/share/demo_cpp_topic/hook/cmake_prefix_path.sh'
[3.476s] Level 1:colcon.colcon_core.environment:checking '/home/chairman/working/ros2/learning/chapt3/topic_ws/src/install/demo_cpp_topic/lib'
[3.476s] Level 1:colcon.colcon_core.environment:checking '/home/chairman/working/ros2/learning/chapt3/topic_ws/src/install/demo_cpp_topic/bin'
[3.476s] Level 1:colcon.colcon_core.environment:checking '/home/chairman/working/ros2/learning/chapt3/topic_ws/src/install/demo_cpp_topic/lib/pkgconfig/demo_cpp_topic.pc'
[3.476s] Level 1:colcon.colcon_core.environment:checking '/home/chairman/working/ros2/learning/chapt3/topic_ws/src/install/demo_cpp_topic/lib/python3.10/site-packages'
[3.476s] Level 1:colcon.colcon_core.environment:checking '/home/chairman/working/ros2/learning/chapt3/topic_ws/src/install/demo_cpp_topic/bin'
[3.477s] INFO:colcon.colcon_core.shell:Creating package script '/home/chairman/working/ros2/learning/chapt3/topic_ws/src/install/demo_cpp_topic/share/demo_cpp_topic/package.ps1'
[3.477s] INFO:colcon.colcon_core.shell:Creating package descriptor '/home/chairman/working/ros2/learning/chapt3/topic_ws/src/install/demo_cpp_topic/share/demo_cpp_topic/package.dsv'
[3.478s] INFO:colcon.colcon_core.shell:Creating package script '/home/chairman/working/ros2/learning/chapt3/topic_ws/src/install/demo_cpp_topic/share/demo_cpp_topic/package.sh'
[3.478s] INFO:colcon.colcon_core.shell:Creating package script '/home/chairman/working/ros2/learning/chapt3/topic_ws/src/install/demo_cpp_topic/share/demo_cpp_topic/package.bash'
[3.478s] INFO:colcon.colcon_core.shell:Creating package script '/home/chairman/working/ros2/learning/chapt3/topic_ws/src/install/demo_cpp_topic/share/demo_cpp_topic/package.zsh'
[3.479s] Level 1:colcon.colcon_core.environment:create_file_with_runtime_dependencies(/home/chairman/working/ros2/learning/chapt3/topic_ws/src/install/demo_cpp_topic/share/colcon-core/packages/demo_cpp_topic)
[3.479s] DEBUG:colcon.colcon_parallel_executor.executor.parallel:closing loop
[3.479s] DEBUG:colcon.colcon_parallel_executor.executor.parallel:loop closed
[3.479s] DEBUG:colcon.colcon_parallel_executor.executor.parallel:run_until_complete finished with '0'
[3.479s] DEBUG:colcon.colcon_core.event_reactor:joining thread
[3.483s] INFO:colcon.colcon_core.plugin_system:Skipping extension 'colcon_notification.desktop_notification.terminal_notifier': Not used on non-Darwin systems
[3.483s] INFO:colcon.colcon_core.plugin_system:Skipping extension 'colcon_notification.desktop_notification.win32': Not used on non-Windows systems
[3.483s] INFO:colcon.colcon_notification.desktop_notification:Sending desktop notification using 'notify2'
[3.495s] DEBUG:colcon.colcon_core.event_reactor:joined thread
[3.496s] INFO:colcon.colcon_core.shell:Creating prefix script '/home/chairman/working/ros2/learning/chapt3/topic_ws/src/install/local_setup.ps1'
[3.496s] INFO:colcon.colcon_core.shell:Creating prefix util module '/home/chairman/working/ros2/learning/chapt3/topic_ws/src/install/_local_setup_util_ps1.py'
[3.497s] INFO:colcon.colcon_core.shell:Creating prefix chain script '/home/chairman/working/ros2/learning/chapt3/topic_ws/src/install/setup.ps1'
[3.498s] INFO:colcon.colcon_core.shell:Creating prefix script '/home/chairman/working/ros2/learning/chapt3/topic_ws/src/install/local_setup.sh'
[3.498s] INFO:colcon.colcon_core.shell:Creating prefix util module '/home/chairman/working/ros2/learning/chapt3/topic_ws/src/install/_local_setup_util_sh.py'
[3.498s] INFO:colcon.colcon_core.shell:Creating prefix chain script '/home/chairman/working/ros2/learning/chapt3/topic_ws/src/install/setup.sh'
[3.499s] INFO:colcon.colcon_core.shell:Creating prefix script '/home/chairman/working/ros2/learning/chapt3/topic_ws/src/install/local_setup.bash'
[3.499s] INFO:colcon.colcon_core.shell:Creating prefix chain script '/home/chairman/working/ros2/learning/chapt3/topic_ws/src/install/setup.bash'
[3.500s] INFO:colcon.colcon_core.shell:Creating prefix script '/home/chairman/working/ros2/learning/chapt3/topic_ws/src/install/local_setup.zsh'
[3.500s] INFO:colcon.colcon_core.shell:Creating prefix chain script '/home/chairman/working/ros2/learning/chapt3/topic_ws/src/install/setup.zsh'
