[0.068s] DEBUG:colcon:Command line arguments: ['/usr/bin/colcon', 'build', '--packages-select', 'point_lio']
[0.068s] DEBUG:colcon:Parsed command line arguments: Namespace(log_base=None, log_level=None, verb_name='build', build_base='build', install_base='install', merge_install=False, symlink_install=False, test_result_base=None, continue_on_error=False, executor='parallel', parallel_workers=28, event_handlers=None, ignore_user_meta=False, metas=['./colcon.meta'], base_paths=['.'], packages_ignore=None, packages_ignore_regex=None, paths=None, packages_up_to=None, packages_up_to_regex=None, packages_above=None, packages_above_and_dependencies=None, packages_above_depth=None, packages_select_by_dep=None, packages_skip_by_dep=None, packages_skip_up_to=None, packages_select_build_failed=False, packages_skip_build_finished=False, packages_select_test_failures=False, packages_skip_test_passed=False, packages_select=['point_lio'], packages_skip=None, packages_select_regex=None, packages_skip_regex=None, packages_start=None, packages_end=None, allow_overriding=[], cmake_args=None, cmake_target=None, cmake_target_skip_unavailable=False, cmake_clean_cache=False, cmake_clean_first=False, cmake_force_configure=False, ament_cmake_args=None, catkin_cmake_args=None, catkin_skip_building_tests=False, verb_parser=<colcon_defaults.argument_parser.defaults.DefaultArgumentsDecorator object at 0x7f291b955210>, verb_extension=<colcon_core.verb.build.BuildVerb object at 0x7f291ba4a650>, main=<bound method BuildVerb.main of <colcon_core.verb.build.BuildVerb object at 0x7f291ba4a650>>)
[0.163s] Level 1:colcon.colcon_core.package_discovery:discover_packages(colcon_meta) check parameters
[0.163s] Level 1:colcon.colcon_core.package_discovery:discover_packages(recursive) check parameters
[0.163s] Level 1:colcon.colcon_core.package_discovery:discover_packages(ignore) check parameters
[0.163s] Level 1:colcon.colcon_core.package_discovery:discover_packages(path) check parameters
[0.163s] Level 1:colcon.colcon_core.package_discovery:discover_packages(colcon_meta) discover
[0.163s] Level 1:colcon.colcon_core.package_discovery:discover_packages(recursive) discover
[0.163s] INFO:colcon.colcon_core.package_discovery:Crawling recursively for packages in '/home/chairman/working/ros2/leida/ws_livox'
[0.163s] Level 1:colcon.colcon_core.package_identification:_identify(.) by extensions ['ignore', 'ignore_ament_install']
[0.164s] Level 1:colcon.colcon_core.package_identification:_identify(.) by extension 'ignore'
[0.164s] Level 1:colcon.colcon_core.package_identification:_identify(.) by extension 'ignore_ament_install'
[0.164s] Level 1:colcon.colcon_core.package_identification:_identify(.) by extensions ['colcon_pkg']
[0.164s] Level 1:colcon.colcon_core.package_identification:_identify(.) by extension 'colcon_pkg'
[0.164s] Level 1:colcon.colcon_core.package_identification:_identify(.) by extensions ['colcon_meta']
[0.164s] Level 1:colcon.colcon_core.package_identification:_identify(.) by extension 'colcon_meta'
[0.164s] Level 1:colcon.colcon_core.package_identification:_identify(.) by extensions ['ros']
[0.164s] Level 1:colcon.colcon_core.package_identification:_identify(.) by extension 'ros'
[0.171s] Level 1:colcon.colcon_core.package_identification:_identify(.) by extensions ['cmake', 'python']
[0.171s] Level 1:colcon.colcon_core.package_identification:_identify(.) by extension 'cmake'
[0.171s] Level 1:colcon.colcon_core.package_identification:_identify(.) by extension 'python'
[0.171s] Level 1:colcon.colcon_core.package_identification:_identify(.) by extensions ['python_setup_py']
[0.171s] Level 1:colcon.colcon_core.package_identification:_identify(.) by extension 'python_setup_py'
[0.171s] Level 1:colcon.colcon_core.package_identification:_identify(build) by extensions ['ignore', 'ignore_ament_install']
[0.171s] Level 1:colcon.colcon_core.package_identification:_identify(build) by extension 'ignore'
[0.171s] Level 1:colcon.colcon_core.package_identification:_identify(build) ignored
[0.171s] Level 1:colcon.colcon_core.package_identification:_identify(install) by extensions ['ignore', 'ignore_ament_install']
[0.171s] Level 1:colcon.colcon_core.package_identification:_identify(install) by extension 'ignore'
[0.171s] Level 1:colcon.colcon_core.package_identification:_identify(install) ignored
[0.171s] Level 1:colcon.colcon_core.package_identification:_identify(log) by extensions ['ignore', 'ignore_ament_install']
[0.171s] Level 1:colcon.colcon_core.package_identification:_identify(log) by extension 'ignore'
[0.171s] Level 1:colcon.colcon_core.package_identification:_identify(log) ignored
[0.171s] Level 1:colcon.colcon_core.package_identification:_identify(src) by extensions ['ignore', 'ignore_ament_install']
[0.171s] Level 1:colcon.colcon_core.package_identification:_identify(src) by extension 'ignore'
[0.171s] Level 1:colcon.colcon_core.package_identification:_identify(src) by extension 'ignore_ament_install'
[0.171s] Level 1:colcon.colcon_core.package_identification:_identify(src) by extensions ['colcon_pkg']
[0.171s] Level 1:colcon.colcon_core.package_identification:_identify(src) by extension 'colcon_pkg'
[0.171s] Level 1:colcon.colcon_core.package_identification:_identify(src) by extensions ['colcon_meta']
[0.171s] Level 1:colcon.colcon_core.package_identification:_identify(src) by extension 'colcon_meta'
[0.171s] Level 1:colcon.colcon_core.package_identification:_identify(src) by extensions ['ros']
[0.171s] Level 1:colcon.colcon_core.package_identification:_identify(src) by extension 'ros'
[0.171s] Level 1:colcon.colcon_core.package_identification:_identify(src) by extensions ['cmake', 'python']
[0.171s] Level 1:colcon.colcon_core.package_identification:_identify(src) by extension 'cmake'
[0.171s] Level 1:colcon.colcon_core.package_identification:_identify(src) by extension 'python'
[0.171s] Level 1:colcon.colcon_core.package_identification:_identify(src) by extensions ['python_setup_py']
[0.172s] Level 1:colcon.colcon_core.package_identification:_identify(src) by extension 'python_setup_py'
[0.172s] Level 1:colcon.colcon_core.package_identification:_identify(src/fast_lio) by extensions ['ignore', 'ignore_ament_install']
[0.172s] Level 1:colcon.colcon_core.package_identification:_identify(src/fast_lio) by extension 'ignore'
[0.172s] Level 1:colcon.colcon_core.package_identification:_identify(src/fast_lio) by extension 'ignore_ament_install'
[0.172s] Level 1:colcon.colcon_core.package_identification:_identify(src/fast_lio) by extensions ['colcon_pkg']
[0.172s] Level 1:colcon.colcon_core.package_identification:_identify(src/fast_lio) by extension 'colcon_pkg'
[0.172s] Level 1:colcon.colcon_core.package_identification:_identify(src/fast_lio) by extensions ['colcon_meta']
[0.172s] Level 1:colcon.colcon_core.package_identification:_identify(src/fast_lio) by extension 'colcon_meta'
[0.172s] Level 1:colcon.colcon_core.package_identification:_identify(src/fast_lio) by extensions ['ros']
[0.172s] Level 1:colcon.colcon_core.package_identification:_identify(src/fast_lio) by extension 'ros'
[0.174s] DEBUG:colcon.colcon_core.package_identification:Package 'src/fast_lio' with type 'ros.ament_cmake' and name 'fast_lio'
[0.174s] Level 1:colcon.colcon_core.package_identification:_identify(src/livox_ros_driver2) by extensions ['ignore', 'ignore_ament_install']
[0.174s] Level 1:colcon.colcon_core.package_identification:_identify(src/livox_ros_driver2) by extension 'ignore'
[0.174s] Level 1:colcon.colcon_core.package_identification:_identify(src/livox_ros_driver2) by extension 'ignore_ament_install'
[0.174s] Level 1:colcon.colcon_core.package_identification:_identify(src/livox_ros_driver2) by extensions ['colcon_pkg']
[0.174s] Level 1:colcon.colcon_core.package_identification:_identify(src/livox_ros_driver2) by extension 'colcon_pkg'
[0.174s] Level 1:colcon.colcon_core.package_identification:_identify(src/livox_ros_driver2) by extensions ['colcon_meta']
[0.174s] Level 1:colcon.colcon_core.package_identification:_identify(src/livox_ros_driver2) by extension 'colcon_meta'
[0.174s] Level 1:colcon.colcon_core.package_identification:_identify(src/livox_ros_driver2) by extensions ['ros']
[0.174s] Level 1:colcon.colcon_core.package_identification:_identify(src/livox_ros_driver2) by extension 'ros'
[0.175s] DEBUG:colcon.colcon_core.package_identification:Package 'src/livox_ros_driver2' with type 'ros.ament_cmake' and name 'livox_ros_driver2'
[0.175s] Level 1:colcon.colcon_core.package_identification:_identify(src/odometry) by extensions ['ignore', 'ignore_ament_install']
[0.175s] Level 1:colcon.colcon_core.package_identification:_identify(src/odometry) by extension 'ignore'
[0.175s] Level 1:colcon.colcon_core.package_identification:_identify(src/odometry) by extension 'ignore_ament_install'
[0.175s] Level 1:colcon.colcon_core.package_identification:_identify(src/odometry) by extensions ['colcon_pkg']
[0.175s] Level 1:colcon.colcon_core.package_identification:_identify(src/odometry) by extension 'colcon_pkg'
[0.175s] Level 1:colcon.colcon_core.package_identification:_identify(src/odometry) by extensions ['colcon_meta']
[0.175s] Level 1:colcon.colcon_core.package_identification:_identify(src/odometry) by extension 'colcon_meta'
[0.175s] Level 1:colcon.colcon_core.package_identification:_identify(src/odometry) by extensions ['ros']
[0.175s] Level 1:colcon.colcon_core.package_identification:_identify(src/odometry) by extension 'ros'
[0.176s] DEBUG:colcon.colcon_core.package_identification:Package 'src/odometry' with type 'ros.ament_cmake' and name 'odometry'
[0.176s] Level 1:colcon.colcon_core.package_identification:_identify(src/pcd2pgm) by extensions ['ignore', 'ignore_ament_install']
[0.176s] Level 1:colcon.colcon_core.package_identification:_identify(src/pcd2pgm) by extension 'ignore'
[0.176s] Level 1:colcon.colcon_core.package_identification:_identify(src/pcd2pgm) by extension 'ignore_ament_install'
[0.176s] Level 1:colcon.colcon_core.package_identification:_identify(src/pcd2pgm) by extensions ['colcon_pkg']
[0.176s] Level 1:colcon.colcon_core.package_identification:_identify(src/pcd2pgm) by extension 'colcon_pkg'
[0.176s] Level 1:colcon.colcon_core.package_identification:_identify(src/pcd2pgm) by extensions ['colcon_meta']
[0.176s] Level 1:colcon.colcon_core.package_identification:_identify(src/pcd2pgm) by extension 'colcon_meta'
[0.176s] Level 1:colcon.colcon_core.package_identification:_identify(src/pcd2pgm) by extensions ['ros']
[0.176s] Level 1:colcon.colcon_core.package_identification:_identify(src/pcd2pgm) by extension 'ros'
[0.176s] DEBUG:colcon.colcon_core.package_identification:Package 'src/pcd2pgm' with type 'ros.ament_cmake' and name 'pcd2pgm'
[0.176s] Level 1:colcon.colcon_core.package_identification:_identify(src/point_lio) by extensions ['ignore', 'ignore_ament_install']
[0.176s] Level 1:colcon.colcon_core.package_identification:_identify(src/point_lio) by extension 'ignore'
[0.176s] Level 1:colcon.colcon_core.package_identification:_identify(src/point_lio) by extension 'ignore_ament_install'
[0.176s] Level 1:colcon.colcon_core.package_identification:_identify(src/point_lio) by extensions ['colcon_pkg']
[0.176s] Level 1:colcon.colcon_core.package_identification:_identify(src/point_lio) by extension 'colcon_pkg'
[0.176s] Level 1:colcon.colcon_core.package_identification:_identify(src/point_lio) by extensions ['colcon_meta']
[0.176s] Level 1:colcon.colcon_core.package_identification:_identify(src/point_lio) by extension 'colcon_meta'
[0.176s] Level 1:colcon.colcon_core.package_identification:_identify(src/point_lio) by extensions ['ros']
[0.176s] Level 1:colcon.colcon_core.package_identification:_identify(src/point_lio) by extension 'ros'
[0.177s] DEBUG:colcon.colcon_core.package_identification:Package 'src/point_lio' with type 'ros.ament_cmake' and name 'point_lio'
[0.177s] Level 1:colcon.colcon_core.package_discovery:discover_packages(recursive) using defaults
[0.177s] Level 1:colcon.colcon_core.package_discovery:discover_packages(ignore) discover
[0.177s] Level 1:colcon.colcon_core.package_discovery:discover_packages(ignore) using defaults
[0.177s] Level 1:colcon.colcon_core.package_discovery:discover_packages(path) discover
[0.177s] Level 1:colcon.colcon_core.package_discovery:discover_packages(path) using defaults
[0.196s] INFO:colcon.colcon_core.package_selection:Skipping not selected package 'livox_ros_driver2' in 'src/livox_ros_driver2'
[0.196s] INFO:colcon.colcon_core.package_selection:Skipping not selected package 'odometry' in 'src/odometry'
[0.196s] INFO:colcon.colcon_core.package_selection:Skipping not selected package 'pcd2pgm' in 'src/pcd2pgm'
[0.196s] INFO:colcon.colcon_core.package_selection:Skipping not selected package 'fast_lio' in 'src/fast_lio'
[0.196s] Level 1:colcon.colcon_core.package_discovery:discover_packages(prefix_path) check parameters
[0.196s] Level 1:colcon.colcon_core.package_discovery:discover_packages(prefix_path) discover
[0.197s] DEBUG:colcon.colcon_installed_package_information.package_discovery:Found 5 installed packages in /home/chairman/working/ros2/leida/ws_livox/install
[0.198s] DEBUG:colcon.colcon_installed_package_information.package_discovery:Found 417 installed packages in /opt/ros/humble
[0.199s] Level 1:colcon.colcon_core.package_discovery:discover_packages(prefix_path) using defaults
[0.228s] Level 5:colcon.colcon_core.verb:set package 'point_lio' build argument 'cmake_args' from command line to 'None'
[0.228s] Level 5:colcon.colcon_core.verb:set package 'point_lio' build argument 'cmake_target' from command line to 'None'
[0.228s] Level 5:colcon.colcon_core.verb:set package 'point_lio' build argument 'cmake_target_skip_unavailable' from command line to 'False'
[0.228s] Level 5:colcon.colcon_core.verb:set package 'point_lio' build argument 'cmake_clean_cache' from command line to 'False'
[0.228s] Level 5:colcon.colcon_core.verb:set package 'point_lio' build argument 'cmake_clean_first' from command line to 'False'
[0.228s] Level 5:colcon.colcon_core.verb:set package 'point_lio' build argument 'cmake_force_configure' from command line to 'False'
[0.228s] Level 5:colcon.colcon_core.verb:set package 'point_lio' build argument 'ament_cmake_args' from command line to 'None'
[0.228s] Level 5:colcon.colcon_core.verb:set package 'point_lio' build argument 'catkin_cmake_args' from command line to 'None'
[0.228s] Level 5:colcon.colcon_core.verb:set package 'point_lio' build argument 'catkin_skip_building_tests' from command line to 'False'
[0.228s] DEBUG:colcon.colcon_core.verb:Building package 'point_lio' with the following arguments: {'ament_cmake_args': None, 'build_base': '/home/chairman/working/ros2/leida/ws_livox/build/point_lio', 'catkin_cmake_args': None, 'catkin_skip_building_tests': False, 'cmake_args': None, 'cmake_clean_cache': False, 'cmake_clean_first': False, 'cmake_force_configure': False, 'cmake_target': None, 'cmake_target_skip_unavailable': False, 'install_base': '/home/chairman/working/ros2/leida/ws_livox/install/point_lio', 'merge_install': False, 'path': '/home/chairman/working/ros2/leida/ws_livox/src/point_lio', 'symlink_install': False, 'test_result_base': None}
[0.228s] INFO:colcon.colcon_core.executor:Executing jobs using 'parallel' executor
[0.229s] DEBUG:colcon.colcon_parallel_executor.executor.parallel:run_until_complete
[0.229s] INFO:colcon.colcon_ros.task.ament_cmake.build:Building ROS package in '/home/chairman/working/ros2/leida/ws_livox/src/point_lio' with build type 'ament_cmake'
[0.229s] INFO:colcon.colcon_cmake.task.cmake.build:Building CMake package in '/home/chairman/working/ros2/leida/ws_livox/src/point_lio'
[0.230s] INFO:colcon.colcon_core.plugin_system:Skipping extension 'colcon_core.shell.bat': Not used on non-Windows systems
[0.230s] INFO:colcon.colcon_core.shell:Skip shell extension 'powershell' for command environment: Not usable outside of PowerShell
[0.230s] DEBUG:colcon.colcon_core.shell:Skip shell extension 'dsv' for command environment
[0.241s] DEBUG:colcon.colcon_core.event_handler.log_command:Invoking command in '/home/chairman/working/ros2/leida/ws_livox/build/point_lio': CMAKE_PREFIX_PATH=/home/chairman/working/ros2/leida/ws_livox/install/livox_ros_driver2:/home/chairman/working/ros2/leida/ws_livox/install/point_lio:/home/chairman/working/ros2/leida/ws_livox/install/pcd2pgm:/home/chairman/working/ros2/leida/ws_livox/install/odometry:/home/chairman/working/ros2/leida/ws_livox/install/fast_lio:/opt/ros/humble LD_LIBRARY_PATH=/home/chairman/working/ros2/leida/ws_livox/install/livox_ros_driver2/lib:/home/chairman/working/ros2/leida/ws_livox/install/fast_lio/lib:/usr/lib/x86_64-linux-gnu:/usr/lib/x86_64-linux-gnu/gazebo-11/plugins:/opt/ros/humble/opt/rviz_ogre_vendor/lib:/opt/ros/humble/lib/x86_64-linux-gnu:/opt/ros/humble/lib:/usr/lib/x86_64-linux-gnu PYTHONPATH=/home/chairman/working/ros2/leida/ws_livox/install/livox_ros_driver2/lib/python3.10/site-packages:/home/chairman/working/ros2/leida/ws_livox/install/fast_lio/lib/python3.10/site-packages:/opt/ros/humble/lib/python3.10/site-packages:/opt/ros/humble/local/lib/python3.10/dist-packages VIRTUAL_ENV_PROMPT=(venv) /usr/bin/cmake /home/chairman/working/ros2/leida/ws_livox/src/point_lio -DCMAKE_INSTALL_PREFIX=/home/chairman/working/ros2/leida/ws_livox/install/point_lio
[1.459s] DEBUG:colcon.colcon_core.event_handler.log_command:Invoked command in '/home/chairman/working/ros2/leida/ws_livox/build/point_lio' returned '0': CMAKE_PREFIX_PATH=/home/chairman/working/ros2/leida/ws_livox/install/livox_ros_driver2:/home/chairman/working/ros2/leida/ws_livox/install/point_lio:/home/chairman/working/ros2/leida/ws_livox/install/pcd2pgm:/home/chairman/working/ros2/leida/ws_livox/install/odometry:/home/chairman/working/ros2/leida/ws_livox/install/fast_lio:/opt/ros/humble LD_LIBRARY_PATH=/home/chairman/working/ros2/leida/ws_livox/install/livox_ros_driver2/lib:/home/chairman/working/ros2/leida/ws_livox/install/fast_lio/lib:/usr/lib/x86_64-linux-gnu:/usr/lib/x86_64-linux-gnu/gazebo-11/plugins:/opt/ros/humble/opt/rviz_ogre_vendor/lib:/opt/ros/humble/lib/x86_64-linux-gnu:/opt/ros/humble/lib:/usr/lib/x86_64-linux-gnu PYTHONPATH=/home/chairman/working/ros2/leida/ws_livox/install/livox_ros_driver2/lib/python3.10/site-packages:/home/chairman/working/ros2/leida/ws_livox/install/fast_lio/lib/python3.10/site-packages:/opt/ros/humble/lib/python3.10/site-packages:/opt/ros/humble/local/lib/python3.10/dist-packages VIRTUAL_ENV_PROMPT=(venv) /usr/bin/cmake /home/chairman/working/ros2/leida/ws_livox/src/point_lio -DCMAKE_INSTALL_PREFIX=/home/chairman/working/ros2/leida/ws_livox/install/point_lio
[1.461s] DEBUG:colcon.colcon_core.event_handler.log_command:Invoking command in '/home/chairman/working/ros2/leida/ws_livox/build/point_lio': CMAKE_PREFIX_PATH=/home/chairman/working/ros2/leida/ws_livox/install/livox_ros_driver2:/home/chairman/working/ros2/leida/ws_livox/install/point_lio:/home/chairman/working/ros2/leida/ws_livox/install/pcd2pgm:/home/chairman/working/ros2/leida/ws_livox/install/odometry:/home/chairman/working/ros2/leida/ws_livox/install/fast_lio:/opt/ros/humble LD_LIBRARY_PATH=/home/chairman/working/ros2/leida/ws_livox/install/livox_ros_driver2/lib:/home/chairman/working/ros2/leida/ws_livox/install/fast_lio/lib:/usr/lib/x86_64-linux-gnu:/usr/lib/x86_64-linux-gnu/gazebo-11/plugins:/opt/ros/humble/opt/rviz_ogre_vendor/lib:/opt/ros/humble/lib/x86_64-linux-gnu:/opt/ros/humble/lib:/usr/lib/x86_64-linux-gnu PYTHONPATH=/home/chairman/working/ros2/leida/ws_livox/install/livox_ros_driver2/lib/python3.10/site-packages:/home/chairman/working/ros2/leida/ws_livox/install/fast_lio/lib/python3.10/site-packages:/opt/ros/humble/lib/python3.10/site-packages:/opt/ros/humble/local/lib/python3.10/dist-packages VIRTUAL_ENV_PROMPT=(venv) /usr/bin/cmake --build /home/chairman/working/ros2/leida/ws_livox/build/point_lio -- -j28 -l28
[1.547s] DEBUG:colcon.colcon_core.event_handler.log_command:Invoked command in '/home/chairman/working/ros2/leida/ws_livox/build/point_lio' returned '0': CMAKE_PREFIX_PATH=/home/chairman/working/ros2/leida/ws_livox/install/livox_ros_driver2:/home/chairman/working/ros2/leida/ws_livox/install/point_lio:/home/chairman/working/ros2/leida/ws_livox/install/pcd2pgm:/home/chairman/working/ros2/leida/ws_livox/install/odometry:/home/chairman/working/ros2/leida/ws_livox/install/fast_lio:/opt/ros/humble LD_LIBRARY_PATH=/home/chairman/working/ros2/leida/ws_livox/install/livox_ros_driver2/lib:/home/chairman/working/ros2/leida/ws_livox/install/fast_lio/lib:/usr/lib/x86_64-linux-gnu:/usr/lib/x86_64-linux-gnu/gazebo-11/plugins:/opt/ros/humble/opt/rviz_ogre_vendor/lib:/opt/ros/humble/lib/x86_64-linux-gnu:/opt/ros/humble/lib:/usr/lib/x86_64-linux-gnu PYTHONPATH=/home/chairman/working/ros2/leida/ws_livox/install/livox_ros_driver2/lib/python3.10/site-packages:/home/chairman/working/ros2/leida/ws_livox/install/fast_lio/lib/python3.10/site-packages:/opt/ros/humble/lib/python3.10/site-packages:/opt/ros/humble/local/lib/python3.10/dist-packages VIRTUAL_ENV_PROMPT=(venv) /usr/bin/cmake --build /home/chairman/working/ros2/leida/ws_livox/build/point_lio -- -j28 -l28
[1.553s] DEBUG:colcon.colcon_core.event_handler.log_command:Invoking command in '/home/chairman/working/ros2/leida/ws_livox/build/point_lio': CMAKE_PREFIX_PATH=/home/chairman/working/ros2/leida/ws_livox/install/livox_ros_driver2:/home/chairman/working/ros2/leida/ws_livox/install/point_lio:/home/chairman/working/ros2/leida/ws_livox/install/pcd2pgm:/home/chairman/working/ros2/leida/ws_livox/install/odometry:/home/chairman/working/ros2/leida/ws_livox/install/fast_lio:/opt/ros/humble LD_LIBRARY_PATH=/home/chairman/working/ros2/leida/ws_livox/install/livox_ros_driver2/lib:/home/chairman/working/ros2/leida/ws_livox/install/fast_lio/lib:/usr/lib/x86_64-linux-gnu:/usr/lib/x86_64-linux-gnu/gazebo-11/plugins:/opt/ros/humble/opt/rviz_ogre_vendor/lib:/opt/ros/humble/lib/x86_64-linux-gnu:/opt/ros/humble/lib:/usr/lib/x86_64-linux-gnu PYTHONPATH=/home/chairman/working/ros2/leida/ws_livox/install/livox_ros_driver2/lib/python3.10/site-packages:/home/chairman/working/ros2/leida/ws_livox/install/fast_lio/lib/python3.10/site-packages:/opt/ros/humble/lib/python3.10/site-packages:/opt/ros/humble/local/lib/python3.10/dist-packages VIRTUAL_ENV_PROMPT=(venv) /usr/bin/cmake --install /home/chairman/working/ros2/leida/ws_livox/build/point_lio
[1.564s] Level 1:colcon.colcon_core.environment:create_environment_scripts_only(point_lio)
[1.565s] DEBUG:colcon.colcon_core.event_handler.log_command:Invoked command in '/home/chairman/working/ros2/leida/ws_livox/build/point_lio' returned '0': CMAKE_PREFIX_PATH=/home/chairman/working/ros2/leida/ws_livox/install/livox_ros_driver2:/home/chairman/working/ros2/leida/ws_livox/install/point_lio:/home/chairman/working/ros2/leida/ws_livox/install/pcd2pgm:/home/chairman/working/ros2/leida/ws_livox/install/odometry:/home/chairman/working/ros2/leida/ws_livox/install/fast_lio:/opt/ros/humble LD_LIBRARY_PATH=/home/chairman/working/ros2/leida/ws_livox/install/livox_ros_driver2/lib:/home/chairman/working/ros2/leida/ws_livox/install/fast_lio/lib:/usr/lib/x86_64-linux-gnu:/usr/lib/x86_64-linux-gnu/gazebo-11/plugins:/opt/ros/humble/opt/rviz_ogre_vendor/lib:/opt/ros/humble/lib/x86_64-linux-gnu:/opt/ros/humble/lib:/usr/lib/x86_64-linux-gnu PYTHONPATH=/home/chairman/working/ros2/leida/ws_livox/install/livox_ros_driver2/lib/python3.10/site-packages:/home/chairman/working/ros2/leida/ws_livox/install/fast_lio/lib/python3.10/site-packages:/opt/ros/humble/lib/python3.10/site-packages:/opt/ros/humble/local/lib/python3.10/dist-packages VIRTUAL_ENV_PROMPT=(venv) /usr/bin/cmake --install /home/chairman/working/ros2/leida/ws_livox/build/point_lio
[1.567s] Level 1:colcon.colcon_core.environment:checking '/home/chairman/working/ros2/leida/ws_livox/install/point_lio' for CMake module files
[1.567s] Level 1:colcon.colcon_core.environment:checking '/home/chairman/working/ros2/leida/ws_livox/install/point_lio' for CMake config files
[1.568s] Level 1:colcon.colcon_core.shell:create_environment_hook('point_lio', 'cmake_prefix_path')
[1.568s] INFO:colcon.colcon_core.shell:Creating environment hook '/home/chairman/working/ros2/leida/ws_livox/install/point_lio/share/point_lio/hook/cmake_prefix_path.ps1'
[1.568s] INFO:colcon.colcon_core.shell:Creating environment descriptor '/home/chairman/working/ros2/leida/ws_livox/install/point_lio/share/point_lio/hook/cmake_prefix_path.dsv'
[1.569s] INFO:colcon.colcon_core.shell:Creating environment hook '/home/chairman/working/ros2/leida/ws_livox/install/point_lio/share/point_lio/hook/cmake_prefix_path.sh'
[1.570s] Level 1:colcon.colcon_core.environment:checking '/home/chairman/working/ros2/leida/ws_livox/install/point_lio/lib'
[1.570s] Level 1:colcon.colcon_core.environment:checking '/home/chairman/working/ros2/leida/ws_livox/install/point_lio/bin'
[1.570s] Level 1:colcon.colcon_core.environment:checking '/home/chairman/working/ros2/leida/ws_livox/install/point_lio/lib/pkgconfig/point_lio.pc'
[1.570s] Level 1:colcon.colcon_core.environment:checking '/home/chairman/working/ros2/leida/ws_livox/install/point_lio/lib/python3.10/site-packages'
[1.571s] Level 1:colcon.colcon_core.environment:checking '/home/chairman/working/ros2/leida/ws_livox/install/point_lio/bin'
[1.571s] INFO:colcon.colcon_core.shell:Creating package script '/home/chairman/working/ros2/leida/ws_livox/install/point_lio/share/point_lio/package.ps1'
[1.572s] INFO:colcon.colcon_core.shell:Creating package descriptor '/home/chairman/working/ros2/leida/ws_livox/install/point_lio/share/point_lio/package.dsv'
[1.572s] INFO:colcon.colcon_core.shell:Creating package script '/home/chairman/working/ros2/leida/ws_livox/install/point_lio/share/point_lio/package.sh'
[1.573s] INFO:colcon.colcon_core.shell:Creating package script '/home/chairman/working/ros2/leida/ws_livox/install/point_lio/share/point_lio/package.bash'
[1.574s] INFO:colcon.colcon_core.shell:Creating package script '/home/chairman/working/ros2/leida/ws_livox/install/point_lio/share/point_lio/package.zsh'
[1.574s] Level 1:colcon.colcon_core.environment:create_file_with_runtime_dependencies(/home/chairman/working/ros2/leida/ws_livox/install/point_lio/share/colcon-core/packages/point_lio)
[1.575s] Level 1:colcon.colcon_core.environment:create_environment_scripts_only(point_lio)
[1.575s] Level 1:colcon.colcon_core.environment:checking '/home/chairman/working/ros2/leida/ws_livox/install/point_lio' for CMake module files
[1.575s] Level 1:colcon.colcon_core.environment:checking '/home/chairman/working/ros2/leida/ws_livox/install/point_lio' for CMake config files
[1.575s] Level 1:colcon.colcon_core.shell:create_environment_hook('point_lio', 'cmake_prefix_path')
[1.576s] INFO:colcon.colcon_core.shell:Creating environment hook '/home/chairman/working/ros2/leida/ws_livox/install/point_lio/share/point_lio/hook/cmake_prefix_path.ps1'
[1.576s] INFO:colcon.colcon_core.shell:Creating environment descriptor '/home/chairman/working/ros2/leida/ws_livox/install/point_lio/share/point_lio/hook/cmake_prefix_path.dsv'
[1.576s] INFO:colcon.colcon_core.shell:Creating environment hook '/home/chairman/working/ros2/leida/ws_livox/install/point_lio/share/point_lio/hook/cmake_prefix_path.sh'
[1.576s] Level 1:colcon.colcon_core.environment:checking '/home/chairman/working/ros2/leida/ws_livox/install/point_lio/lib'
[1.577s] Level 1:colcon.colcon_core.environment:checking '/home/chairman/working/ros2/leida/ws_livox/install/point_lio/bin'
[1.577s] Level 1:colcon.colcon_core.environment:checking '/home/chairman/working/ros2/leida/ws_livox/install/point_lio/lib/pkgconfig/point_lio.pc'
[1.577s] Level 1:colcon.colcon_core.environment:checking '/home/chairman/working/ros2/leida/ws_livox/install/point_lio/lib/python3.10/site-packages'
[1.577s] Level 1:colcon.colcon_core.environment:checking '/home/chairman/working/ros2/leida/ws_livox/install/point_lio/bin'
[1.577s] INFO:colcon.colcon_core.shell:Creating package script '/home/chairman/working/ros2/leida/ws_livox/install/point_lio/share/point_lio/package.ps1'
[1.577s] INFO:colcon.colcon_core.shell:Creating package descriptor '/home/chairman/working/ros2/leida/ws_livox/install/point_lio/share/point_lio/package.dsv'
[1.578s] INFO:colcon.colcon_core.shell:Creating package script '/home/chairman/working/ros2/leida/ws_livox/install/point_lio/share/point_lio/package.sh'
[1.578s] INFO:colcon.colcon_core.shell:Creating package script '/home/chairman/working/ros2/leida/ws_livox/install/point_lio/share/point_lio/package.bash'
[1.578s] INFO:colcon.colcon_core.shell:Creating package script '/home/chairman/working/ros2/leida/ws_livox/install/point_lio/share/point_lio/package.zsh'
[1.578s] Level 1:colcon.colcon_core.environment:create_file_with_runtime_dependencies(/home/chairman/working/ros2/leida/ws_livox/install/point_lio/share/colcon-core/packages/point_lio)
[1.578s] DEBUG:colcon.colcon_parallel_executor.executor.parallel:closing loop
[1.578s] DEBUG:colcon.colcon_parallel_executor.executor.parallel:loop closed
[1.579s] DEBUG:colcon.colcon_parallel_executor.executor.parallel:run_until_complete finished with '0'
[1.579s] DEBUG:colcon.colcon_core.event_reactor:joining thread
[1.582s] INFO:colcon.colcon_core.plugin_system:Skipping extension 'colcon_notification.desktop_notification.terminal_notifier': Not used on non-Darwin systems
[1.582s] INFO:colcon.colcon_core.plugin_system:Skipping extension 'colcon_notification.desktop_notification.win32': Not used on non-Windows systems
[1.582s] INFO:colcon.colcon_notification.desktop_notification:Sending desktop notification using 'notify2'
[1.591s] DEBUG:colcon.colcon_core.event_reactor:joined thread
[1.591s] INFO:colcon.colcon_core.shell:Creating prefix script '/home/chairman/working/ros2/leida/ws_livox/install/local_setup.ps1'
[1.592s] INFO:colcon.colcon_core.shell:Creating prefix util module '/home/chairman/working/ros2/leida/ws_livox/install/_local_setup_util_ps1.py'
[1.593s] INFO:colcon.colcon_core.shell:Creating prefix chain script '/home/chairman/working/ros2/leida/ws_livox/install/setup.ps1'
[1.594s] INFO:colcon.colcon_core.shell:Creating prefix script '/home/chairman/working/ros2/leida/ws_livox/install/local_setup.sh'
[1.594s] INFO:colcon.colcon_core.shell:Creating prefix util module '/home/chairman/working/ros2/leida/ws_livox/install/_local_setup_util_sh.py'
[1.595s] INFO:colcon.colcon_core.shell:Creating prefix chain script '/home/chairman/working/ros2/leida/ws_livox/install/setup.sh'
[1.596s] INFO:colcon.colcon_core.shell:Creating prefix script '/home/chairman/working/ros2/leida/ws_livox/install/local_setup.bash'
[1.596s] INFO:colcon.colcon_core.shell:Creating prefix chain script '/home/chairman/working/ros2/leida/ws_livox/install/setup.bash'
[1.597s] INFO:colcon.colcon_core.shell:Creating prefix script '/home/chairman/working/ros2/leida/ws_livox/install/local_setup.zsh'
[1.597s] INFO:colcon.colcon_core.shell:Creating prefix chain script '/home/chairman/working/ros2/leida/ws_livox/install/setup.zsh'
