[0.008s] Invoking command in '/home/chairman/working/ros2/leida/ws_livox/build/point_lio': AMENT_PREFIX_PATH=/home/chairman/working/ros2/leida/ws_livox/install/livox_ros_driver2:${AMENT_PREFIX_PATH} CMAKE_PREFIX_PATH=/home/chairman/working/ros2/leida/ws_livox/install/livox_ros_driver2:/opt/ros/humble LD_LIBRARY_PATH=/home/chairman/working/ros2/leida/ws_livox/install/livox_ros_driver2/lib:/usr/lib/x86_64-linux-gnu:/usr/lib/x86_64-linux-gnu/gazebo-11/plugins:/opt/ros/humble/opt/rviz_ogre_vendor/lib:/opt/ros/humble/lib/x86_64-linux-gnu:/opt/ros/humble/lib:/usr/lib/x86_64-linux-gnu PYTHONPATH=/home/chairman/working/ros2/leida/ws_livox/install/livox_ros_driver2/lib/python3.10/site-packages:${PYTHONPATH} VIRTUAL_ENV_PROMPT=(venv) /usr/bin/cmake /home/chairman/working/ros2/leida/ws_livox/src/point_lio -DROS_EDITION=ROS2 -DHUMBLE_ROS=humble -DCMAKE_INSTALL_PREFIX=/home/chairman/working/ros2/leida/ws_livox/install/point_lio
[0.064s] -- The C compiler identification is GNU 11.4.0
[0.106s] -- The CXX compiler identification is GNU 11.4.0
[0.111s] -- Detecting C compiler ABI info
[0.186s] -- Detecting C compiler ABI info - done
[0.191s] -- Check for working C compiler: /usr/bin/cc - skipped
[0.191s] -- Detecting C compile features
[0.191s] -- Detecting C compile features - done
[0.193s] -- Detecting CXX compiler ABI info
[0.262s] -- Detecting CXX compiler ABI info - done
[0.268s] -- Check for working CXX compiler: /usr/bin/c++ - skipped
[0.268s] -- Detecting CXX compile features
[0.268s] -- Detecting CXX compile features - done
[0.271s] -- Processor number:  28
[0.272s] -- core for MP:  3
[0.273s] -- Found ament_cmake: 1.3.12 (/opt/ros/humble/share/ament_cmake/cmake)
[0.516s] -- Found Python3: /home/chairman/venv/bin/python3 (found version "3.10.12") found components: Interpreter 
[0.575s] -- Found rclcpp: 16.0.15 (/opt/ros/humble/share/rclcpp/cmake)
[0.604s] -- Found rosidl_generator_c: 3.1.7 (/opt/ros/humble/share/rosidl_generator_c/cmake)
[0.607s] -- Found rosidl_adapter: 3.1.7 (/opt/ros/humble/share/rosidl_adapter/cmake)
[0.612s] -- Found rosidl_generator_cpp: 3.1.7 (/opt/ros/humble/share/rosidl_generator_cpp/cmake)
[0.620s] -- Using all available rosidl_typesupport_c: rosidl_typesupport_fastrtps_c;rosidl_typesupport_introspection_c
[0.631s] -- Using all available rosidl_typesupport_cpp: rosidl_typesupport_fastrtps_cpp;rosidl_typesupport_introspection_cpp
[0.660s] -- Found rmw_implementation_cmake: 6.1.2 (/opt/ros/humble/share/rmw_implementation_cmake/cmake)
[0.662s] -- Found rmw_fastrtps_cpp: 6.2.9 (/opt/ros/humble/share/rmw_fastrtps_cpp/cmake)
[0.725s] -- Found OpenSSL: /usr/lib/x86_64-linux-gnu/libcrypto.so (found version "3.0.2")  
[0.744s] -- Found FastRTPS: /opt/ros/humble/include  
[0.775s] -- Using RMW implementation 'rmw_fastrtps_cpp' as default
[0.784s] -- Looking for pthread.h
[0.834s] -- Looking for pthread.h - found
[0.834s] -- Performing Test CMAKE_HAVE_LIBC_PTHREAD
[0.887s] -- Performing Test CMAKE_HAVE_LIBC_PTHREAD - Success
[0.888s] -- Found Threads: TRUE  
[0.923s] -- Found rclpy: 3.3.17 (/opt/ros/humble/share/rclpy/cmake)
[0.924s] -- Found geometry_msgs: 4.9.0 (/opt/ros/humble/share/geometry_msgs/cmake)
[0.933s] -- Found nav_msgs: 4.9.0 (/opt/ros/humble/share/nav_msgs/cmake)
[0.945s] -- Found sensor_msgs: 4.9.0 (/opt/ros/humble/share/sensor_msgs/cmake)
[0.956s] -- Found visualization_msgs: 4.9.0 (/opt/ros/humble/share/visualization_msgs/cmake)
[0.969s] -- Found pcl_ros: 2.4.5 (/opt/ros/humble/share/pcl_ros/cmake)
[0.998s] -- Checking for module 'eigen3'
[1.008s] --   Found eigen3, version 3.4.0
[1.034s] -- Found Eigen: /usr/include/eigen3 (Required is at least version "3.1") 
[1.034s] -- Eigen found (include: /usr/include/eigen3, version: 3.4.0)
[1.064s] -- Checking for module 'flann'
[1.077s] --   Found flann, version 1.9.1
[1.119s] -- Found FLANN: /usr/lib/x86_64-linux-gnu/libflann_cpp.so  
[1.119s] -- FLANN found (include: /usr/include, lib: /usr/lib/x86_64-linux-gnu/libflann_cpp.so)
[1.907s] -- Checking for module 'libusb-1.0'
[1.925s] --   Found libusb-1.0, version 1.0.25
[1.969s] -- Found libusb: /usr/lib/x86_64-linux-gnu/libusb-1.0.so  
[1.970s] -- OpenNI found (version: 1.5.4.0, include: /usr/include/ni, lib: /usr/lib/libOpenNI.so;libusb::libusb)
[2.034s] -- OpenNI2 found (version: 2.2.0.33, include: /usr/include/openni2, lib: /usr/lib/x86_64-linux-gnu/libOpenNI2.so;libusb::libusb)
[2.146s] -- Eigen found (include: /usr/include/eigen3, version: 3.4.0)
[2.151s] -- OpenNI found (version: 1.5.4.0, include: /usr/include/ni, lib: /usr/lib/libOpenNI.so;libusb::libusb)
[2.156s] -- OpenNI2 found (version: 2.2.0.33, include: /usr/include/openni2, lib: /usr/lib/x86_64-linux-gnu/libOpenNI2.so;libusb::libusb)
[2.267s] -- Found Qhull version 8.0.2
[2.374s] -- OpenNI found (version: 1.5.4.0, include: /usr/include/ni, lib: /usr/lib/libOpenNI.so;libusb::libusb)
[2.473s] -- Found PCL_COMMON: /usr/lib/x86_64-linux-gnu/libpcl_common.so  
[2.474s] -- Found PCL_KDTREE: /usr/lib/x86_64-linux-gnu/libpcl_kdtree.so  
[2.475s] -- Found PCL_OCTREE: /usr/lib/x86_64-linux-gnu/libpcl_octree.so  
[2.475s] -- Found PCL_SEARCH: /usr/lib/x86_64-linux-gnu/libpcl_search.so  
[2.476s] -- Found PCL_SAMPLE_CONSENSUS: /usr/lib/x86_64-linux-gnu/libpcl_sample_consensus.so  
[2.476s] -- Found PCL_FILTERS: /usr/lib/x86_64-linux-gnu/libpcl_filters.so  
[2.477s] -- Found PCL_2D: /usr/include/pcl-1.12  
[2.477s] -- Found PCL_GEOMETRY: /usr/include/pcl-1.12  
[2.477s] -- Found PCL_IO: /usr/lib/x86_64-linux-gnu/libpcl_io.so  
[2.478s] -- Found PCL_FEATURES: /usr/lib/x86_64-linux-gnu/libpcl_features.so  
[2.479s] -- Found PCL_ML: /usr/lib/x86_64-linux-gnu/libpcl_ml.so  
[2.479s] -- Found PCL_SEGMENTATION: /usr/lib/x86_64-linux-gnu/libpcl_segmentation.so  
[2.480s] -- Found PCL_VISUALIZATION: /usr/lib/x86_64-linux-gnu/libpcl_visualization.so  
[2.481s] -- Found PCL_SURFACE: /usr/lib/x86_64-linux-gnu/libpcl_surface.so  
[2.481s] -- Found PCL_REGISTRATION: /usr/lib/x86_64-linux-gnu/libpcl_registration.so  
[2.482s] -- Found PCL_KEYPOINTS: /usr/lib/x86_64-linux-gnu/libpcl_keypoints.so  
[2.482s] -- Found PCL_TRACKING: /usr/lib/x86_64-linux-gnu/libpcl_tracking.so  
[2.483s] -- Found PCL_RECOGNITION: /usr/lib/x86_64-linux-gnu/libpcl_recognition.so  
[2.484s] -- Found PCL_STEREO: /usr/lib/x86_64-linux-gnu/libpcl_stereo.so  
[2.485s] -- Found PCL_APPS: /usr/lib/x86_64-linux-gnu/libpcl_apps.so  
[2.485s] -- Found PCL_IN_HAND_SCANNER: /usr/include/pcl-1.12  
[2.485s] -- Found PCL_MODELER: /usr/include/pcl-1.12  
[2.485s] -- Found PCL_POINT_CLOUD_EDITOR: /usr/include/pcl-1.12  
[2.486s] -- Found PCL_OUTOFCORE: /usr/lib/x86_64-linux-gnu/libpcl_outofcore.so  
[2.487s] -- Found PCL_PEOPLE: /usr/lib/x86_64-linux-gnu/libpcl_people.so  
[2.509s] -- Found eigen3_cmake_module: 0.1.1 (/opt/ros/humble/share/eigen3_cmake_module/cmake)
[2.510s] -- Found Eigen3: TRUE (found version "3.4.0") 
[2.510s] -- Ensuring Eigen3 include directory is part of orocos-kdl CMake target
[2.570s] -- Found livox_ros_driver2: 1.0.0 (/home/chairman/working/ros2/leida/ws_livox/install/livox_ros_driver2/share/livox_ros_driver2/cmake)
[2.843s] -- Found PythonLibs: /usr/lib/x86_64-linux-gnu/libpython3.10.so (found version "3.10.12") 
[2.905s] -- Configuring done
[2.933s] -- Generating done
[2.934s] [33mCMake Warning:
[2.934s]   Manually-specified variables were not used by the project:
[2.934s] 
[2.934s]     HUMBLE_ROS
[2.934s]     ROS_EDITION
[2.934s] 
[2.934s] [0m
[2.939s] -- Build files have been written to: /home/chairman/working/ros2/leida/ws_livox/build/point_lio
[2.953s] Invoked command in '/home/chairman/working/ros2/leida/ws_livox/build/point_lio' returned '0': AMENT_PREFIX_PATH=/home/chairman/working/ros2/leida/ws_livox/install/livox_ros_driver2:${AMENT_PREFIX_PATH} CMAKE_PREFIX_PATH=/home/chairman/working/ros2/leida/ws_livox/install/livox_ros_driver2:/opt/ros/humble LD_LIBRARY_PATH=/home/chairman/working/ros2/leida/ws_livox/install/livox_ros_driver2/lib:/usr/lib/x86_64-linux-gnu:/usr/lib/x86_64-linux-gnu/gazebo-11/plugins:/opt/ros/humble/opt/rviz_ogre_vendor/lib:/opt/ros/humble/lib/x86_64-linux-gnu:/opt/ros/humble/lib:/usr/lib/x86_64-linux-gnu PYTHONPATH=/home/chairman/working/ros2/leida/ws_livox/install/livox_ros_driver2/lib/python3.10/site-packages:${PYTHONPATH} VIRTUAL_ENV_PROMPT=(venv) /usr/bin/cmake /home/chairman/working/ros2/leida/ws_livox/src/point_lio -DROS_EDITION=ROS2 -DHUMBLE_ROS=humble -DCMAKE_INSTALL_PREFIX=/home/chairman/working/ros2/leida/ws_livox/install/point_lio
[2.953s] Invoking command in '/home/chairman/working/ros2/leida/ws_livox/build/point_lio': AMENT_PREFIX_PATH=/home/chairman/working/ros2/leida/ws_livox/install/livox_ros_driver2:${AMENT_PREFIX_PATH} CMAKE_PREFIX_PATH=/home/chairman/working/ros2/leida/ws_livox/install/livox_ros_driver2:/opt/ros/humble LD_LIBRARY_PATH=/home/chairman/working/ros2/leida/ws_livox/install/livox_ros_driver2/lib:/usr/lib/x86_64-linux-gnu:/usr/lib/x86_64-linux-gnu/gazebo-11/plugins:/opt/ros/humble/opt/rviz_ogre_vendor/lib:/opt/ros/humble/lib/x86_64-linux-gnu:/opt/ros/humble/lib:/usr/lib/x86_64-linux-gnu PYTHONPATH=/home/chairman/working/ros2/leida/ws_livox/install/livox_ros_driver2/lib/python3.10/site-packages:${PYTHONPATH} VIRTUAL_ENV_PROMPT=(venv) /usr/bin/cmake --build /home/chairman/working/ros2/leida/ws_livox/build/point_lio -- -j28 -l28
[2.991s] [ 14%] [32mBuilding CXX object CMakeFiles/pointlio_mapping.dir/src/Estimator.cpp.o[0m
[2.991s] [ 28%] [32mBuilding CXX object CMakeFiles/pointlio_mapping.dir/src/preprocess.cpp.o[0m
[2.992s] [ 42%] [32mBuilding CXX object CMakeFiles/pointlio_mapping.dir/src/laserMapping.cpp.o[0m
[2.992s] [ 57%] [32mBuilding CXX object CMakeFiles/pointlio_mapping.dir/src/li_initialization.cpp.o[0m
[2.992s] [ 71%] [32mBuilding CXX object CMakeFiles/pointlio_mapping.dir/src/parameters.cpp.o[0m
[2.993s] [ 85%] [32mBuilding CXX object CMakeFiles/pointlio_mapping.dir/src/IMU_Processing.cpp.o[0m
[38.047s] [100%] [32m[1mLinking CXX executable pointlio_mapping[0m
[38.658s] [100%] Built target pointlio_mapping
[38.667s] Invoked command in '/home/chairman/working/ros2/leida/ws_livox/build/point_lio' returned '0': AMENT_PREFIX_PATH=/home/chairman/working/ros2/leida/ws_livox/install/livox_ros_driver2:${AMENT_PREFIX_PATH} CMAKE_PREFIX_PATH=/home/chairman/working/ros2/leida/ws_livox/install/livox_ros_driver2:/opt/ros/humble LD_LIBRARY_PATH=/home/chairman/working/ros2/leida/ws_livox/install/livox_ros_driver2/lib:/usr/lib/x86_64-linux-gnu:/usr/lib/x86_64-linux-gnu/gazebo-11/plugins:/opt/ros/humble/opt/rviz_ogre_vendor/lib:/opt/ros/humble/lib/x86_64-linux-gnu:/opt/ros/humble/lib:/usr/lib/x86_64-linux-gnu PYTHONPATH=/home/chairman/working/ros2/leida/ws_livox/install/livox_ros_driver2/lib/python3.10/site-packages:${PYTHONPATH} VIRTUAL_ENV_PROMPT=(venv) /usr/bin/cmake --build /home/chairman/working/ros2/leida/ws_livox/build/point_lio -- -j28 -l28
[38.669s] Invoking command in '/home/chairman/working/ros2/leida/ws_livox/build/point_lio': AMENT_PREFIX_PATH=/home/chairman/working/ros2/leida/ws_livox/install/livox_ros_driver2:${AMENT_PREFIX_PATH} CMAKE_PREFIX_PATH=/home/chairman/working/ros2/leida/ws_livox/install/livox_ros_driver2:/opt/ros/humble LD_LIBRARY_PATH=/home/chairman/working/ros2/leida/ws_livox/install/livox_ros_driver2/lib:/usr/lib/x86_64-linux-gnu:/usr/lib/x86_64-linux-gnu/gazebo-11/plugins:/opt/ros/humble/opt/rviz_ogre_vendor/lib:/opt/ros/humble/lib/x86_64-linux-gnu:/opt/ros/humble/lib:/usr/lib/x86_64-linux-gnu PYTHONPATH=/home/chairman/working/ros2/leida/ws_livox/install/livox_ros_driver2/lib/python3.10/site-packages:${PYTHONPATH} VIRTUAL_ENV_PROMPT=(venv) /usr/bin/cmake --install /home/chairman/working/ros2/leida/ws_livox/build/point_lio
[38.674s] -- Install configuration: "Release"
[38.675s] -- Installing: /home/chairman/working/ros2/leida/ws_livox/install/point_lio/lib/point_lio/pointlio_mapping
[38.676s] -- Set runtime path of "/home/chairman/working/ros2/leida/ws_livox/install/point_lio/lib/point_lio/pointlio_mapping" to ""
[38.677s] -- Installing: /home/chairman/working/ros2/leida/ws_livox/install/point_lio/share/point_lio/config
[38.677s] -- Installing: /home/chairman/working/ros2/leida/ws_livox/install/point_lio/share/point_lio/config/ouster64.yaml
[38.677s] -- Installing: /home/chairman/working/ros2/leida/ws_livox/install/point_lio/share/point_lio/config/avia.yaml
[38.677s] -- Installing: /home/chairman/working/ros2/leida/ws_livox/install/point_lio/share/point_lio/config/mid360.yaml
[38.677s] -- Installing: /home/chairman/working/ros2/leida/ws_livox/install/point_lio/share/point_lio/config/velody16.yaml
[38.677s] -- Installing: /home/chairman/working/ros2/leida/ws_livox/install/point_lio/share/point_lio/config/horizon.yaml
[38.677s] -- Installing: /home/chairman/working/ros2/leida/ws_livox/install/point_lio/share/point_lio/launch
[38.677s] -- Installing: /home/chairman/working/ros2/leida/ws_livox/install/point_lio/share/point_lio/launch/start_pcd.launch.py
[38.677s] -- Installing: /home/chairman/working/ros2/leida/ws_livox/install/point_lio/share/point_lio/launch/point_lio.launch.py
[38.677s] -- Installing: /home/chairman/working/ros2/leida/ws_livox/install/point_lio/share/point_lio/rviz_cfg
[38.677s] -- Installing: /home/chairman/working/ros2/leida/ws_livox/install/point_lio/share/point_lio/rviz_cfg/loam_livox.rviz
[38.677s] -- Installing: /home/chairman/working/ros2/leida/ws_livox/install/point_lio/share/ament_index/resource_index/package_run_dependencies/point_lio
[38.677s] -- Installing: /home/chairman/working/ros2/leida/ws_livox/install/point_lio/share/ament_index/resource_index/parent_prefix_path/point_lio
[38.677s] -- Installing: /home/chairman/working/ros2/leida/ws_livox/install/point_lio/share/point_lio/environment/ament_prefix_path.sh
[38.677s] -- Installing: /home/chairman/working/ros2/leida/ws_livox/install/point_lio/share/point_lio/environment/ament_prefix_path.dsv
[38.678s] -- Installing: /home/chairman/working/ros2/leida/ws_livox/install/point_lio/share/point_lio/environment/path.sh
[38.678s] -- Installing: /home/chairman/working/ros2/leida/ws_livox/install/point_lio/share/point_lio/environment/path.dsv
[38.678s] -- Installing: /home/chairman/working/ros2/leida/ws_livox/install/point_lio/share/point_lio/local_setup.bash
[38.678s] -- Installing: /home/chairman/working/ros2/leida/ws_livox/install/point_lio/share/point_lio/local_setup.sh
[38.678s] -- Installing: /home/chairman/working/ros2/leida/ws_livox/install/point_lio/share/point_lio/local_setup.zsh
[38.678s] -- Installing: /home/chairman/working/ros2/leida/ws_livox/install/point_lio/share/point_lio/local_setup.dsv
[38.678s] -- Installing: /home/chairman/working/ros2/leida/ws_livox/install/point_lio/share/point_lio/package.dsv
[38.678s] -- Installing: /home/chairman/working/ros2/leida/ws_livox/install/point_lio/share/ament_index/resource_index/packages/point_lio
[38.678s] -- Installing: /home/chairman/working/ros2/leida/ws_livox/install/point_lio/share/point_lio/cmake/ament_cmake_export_dependencies-extras.cmake
[38.678s] -- Installing: /home/chairman/working/ros2/leida/ws_livox/install/point_lio/share/point_lio/cmake/point_lioConfig.cmake
[38.678s] -- Installing: /home/chairman/working/ros2/leida/ws_livox/install/point_lio/share/point_lio/cmake/point_lioConfig-version.cmake
[38.678s] -- Installing: /home/chairman/working/ros2/leida/ws_livox/install/point_lio/share/point_lio/package.xml
[38.680s] Invoked command in '/home/chairman/working/ros2/leida/ws_livox/build/point_lio' returned '0': AMENT_PREFIX_PATH=/home/chairman/working/ros2/leida/ws_livox/install/livox_ros_driver2:${AMENT_PREFIX_PATH} CMAKE_PREFIX_PATH=/home/chairman/working/ros2/leida/ws_livox/install/livox_ros_driver2:/opt/ros/humble LD_LIBRARY_PATH=/home/chairman/working/ros2/leida/ws_livox/install/livox_ros_driver2/lib:/usr/lib/x86_64-linux-gnu:/usr/lib/x86_64-linux-gnu/gazebo-11/plugins:/opt/ros/humble/opt/rviz_ogre_vendor/lib:/opt/ros/humble/lib/x86_64-linux-gnu:/opt/ros/humble/lib:/usr/lib/x86_64-linux-gnu PYTHONPATH=/home/chairman/working/ros2/leida/ws_livox/install/livox_ros_driver2/lib/python3.10/site-packages:${PYTHONPATH} VIRTUAL_ENV_PROMPT=(venv) /usr/bin/cmake --install /home/chairman/working/ros2/leida/ws_livox/build/point_lio
