[0.014s] Invoking command in '/home/chairman/working/ros2/leida/ws_livox/build/fast_lio': AMENT_PREFIX_PATH=/home/chairman/working/ros2/leida/ws_livox/install/livox_ros_driver2:${AMENT_PREFIX_PATH} CMAKE_PREFIX_PATH=/home/chairman/working/ros2/leida/ws_livox/install/livox_ros_driver2:/opt/ros/humble LD_LIBRARY_PATH=/home/chairman/working/ros2/leida/ws_livox/install/livox_ros_driver2/lib:/usr/lib/x86_64-linux-gnu:/usr/lib/x86_64-linux-gnu/gazebo-11/plugins:/opt/ros/humble/opt/rviz_ogre_vendor/lib:/opt/ros/humble/lib/x86_64-linux-gnu:/opt/ros/humble/lib:/usr/lib/x86_64-linux-gnu PYTHONPATH=/home/chairman/working/ros2/leida/ws_livox/install/livox_ros_driver2/lib/python3.10/site-packages:${PYTHONPATH} VIRTUAL_ENV_PROMPT=(venv) /usr/bin/cmake /home/chairman/working/ros2/leida/ws_livox/src/fast_lio -DCMAKE_INSTALL_PREFIX=/home/chairman/working/ros2/leida/ws_livox/install/fast_lio
[0.032s] [0mCurrent CPU archtecture: x86_64[0m
[0.037s] [0mProcesser number:  28[0m
[0.037s] [0mcore for MP: 3[0m
[0.042s] -- Found PythonLibs: /usr/lib/x86_64-linux-gnu/libpython3.10.so (found version "3.10.12") 
[0.044s] -- Found ament_cmake: 1.3.12 (/opt/ros/humble/share/ament_cmake/cmake)
[0.156s] -- Found rclcpp: 16.0.15 (/opt/ros/humble/share/rclcpp/cmake)
[0.185s] -- Found rosidl_generator_c: 3.1.7 (/opt/ros/humble/share/rosidl_generator_c/cmake)
[0.187s] -- Found rosidl_adapter: 3.1.7 (/opt/ros/humble/share/rosidl_adapter/cmake)
[0.193s] -- Found rosidl_generator_cpp: 3.1.7 (/opt/ros/humble/share/rosidl_generator_cpp/cmake)
[0.201s] -- Using all available rosidl_typesupport_c: rosidl_typesupport_fastrtps_c;rosidl_typesupport_introspection_c
[0.211s] -- Using all available rosidl_typesupport_cpp: rosidl_typesupport_fastrtps_cpp;rosidl_typesupport_introspection_cpp
[0.239s] -- Found rmw_implementation_cmake: 6.1.2 (/opt/ros/humble/share/rmw_implementation_cmake/cmake)
[0.241s] -- Found rmw_fastrtps_cpp: 6.2.9 (/opt/ros/humble/share/rmw_fastrtps_cpp/cmake)
[0.333s] -- Using RMW implementation 'rmw_fastrtps_cpp' as default
[0.380s] -- Found rclcpp_components: 16.0.15 (/opt/ros/humble/share/rclcpp_components/cmake)
[0.396s] -- Found geometry_msgs: 4.9.0 (/opt/ros/humble/share/geometry_msgs/cmake)
[0.406s] -- Found nav_msgs: 4.9.0 (/opt/ros/humble/share/nav_msgs/cmake)
[0.422s] -- Found sensor_msgs: 4.9.0 (/opt/ros/humble/share/sensor_msgs/cmake)
[0.438s] -- Found std_srvs: 4.9.0 (/opt/ros/humble/share/std_srvs/cmake)
[0.446s] -- Found visualization_msgs: 4.9.0 (/opt/ros/humble/share/visualization_msgs/cmake)
[0.461s] -- Found pcl_ros: 2.4.5 (/opt/ros/humble/share/pcl_ros/cmake)
[0.492s] -- Eigen found (include: /usr/include/eigen3, version: 3.4.0)
[0.518s] -- FLANN found (include: /usr/include, lib: /usr/lib/x86_64-linux-gnu/libflann_cpp.so)
[0.828s] -- OpenNI found (version: 1.5.4.0, include: /usr/include/ni, lib: /usr/lib/libOpenNI.so;libusb::libusb)
[0.836s] -- OpenNI2 found (version: 2.2.0.33, include: /usr/include/openni2, lib: /usr/lib/x86_64-linux-gnu/libOpenNI2.so;libusb::libusb)
[0.951s] -- Eigen found (include: /usr/include/eigen3, version: 3.4.0)
[0.956s] -- OpenNI found (version: 1.5.4.0, include: /usr/include/ni, lib: /usr/lib/libOpenNI.so;libusb::libusb)
[0.962s] -- OpenNI2 found (version: 2.2.0.33, include: /usr/include/openni2, lib: /usr/lib/x86_64-linux-gnu/libOpenNI2.so;libusb::libusb)
[1.082s] -- Found Qhull version 8.0.2
[1.189s] -- OpenNI found (version: 1.5.4.0, include: /usr/include/ni, lib: /usr/lib/libOpenNI.so;libusb::libusb)
[1.316s] -- Found eigen3_cmake_module: 0.1.1 (/opt/ros/humble/share/eigen3_cmake_module/cmake)
[1.317s] -- Ensuring Eigen3 include directory is part of orocos-kdl CMake target
[1.364s] -- Found livox_ros_driver2: 1.0.0 (/home/chairman/working/ros2/leida/ws_livox/install/livox_ros_driver2/share/livox_ros_driver2/cmake)
[1.378s] -- Found rosidl_default_generators: 1.2.0 (/opt/ros/humble/share/rosidl_default_generators/cmake)
[1.384s] [33mCMake Warning (dev) at CMakeLists.txt:81 (find_package):
[1.384s]   Policy CMP0074 is not set: find_package uses <PackageName>_ROOT variables.
[1.384s]   Run "cmake --help-policy CMP0074" for policy details.  Use the cmake_policy
[1.384s]   command to set the policy and suppress this warning.
[1.384s] 
[1.384s]   CMake variable PCL_ROOT is set to:
[1.384s] 
[1.384s]     /usr
[1.384s] 
[1.384s]   For compatibility, CMake is ignoring the variable.
[1.384s] This warning is for project developers.  Use -Wno-dev to suppress it.
[1.385s] [0m
[1.389s] -- PCL: /usr/include/pcl-1.12
[1.389s] [0mEigen:/usr/include/eigen3[0m
[1.579s] -- Found ament_cmake_ros: 0.10.0 (/opt/ros/humble/share/ament_cmake_ros/cmake)
[1.813s] -- Using all available rosidl_typesupport_c: rosidl_typesupport_fastrtps_c;rosidl_typesupport_introspection_c
[1.885s] -- Using all available rosidl_typesupport_cpp: rosidl_typesupport_fastrtps_cpp;rosidl_typesupport_introspection_cpp
[1.903s] -- Found python_cmake_module: 0.10.0 (/opt/ros/humble/share/python_cmake_module/cmake)
[1.922s] -- Found PythonLibs: /usr/lib/x86_64-linux-gnu/libpython3.10.so (found suitable version "3.10.12", minimum required is "3.5") 
[1.922s] -- Using PYTHON_EXECUTABLE: /home/chairman/venv/bin/python3
[1.922s] -- Using PYTHON_INCLUDE_DIRS: /usr/include/python3.10
[1.922s] -- Using PYTHON_LIBRARIES: /usr/lib/x86_64-linux-gnu/libpython3.10.so
[1.946s] -- Configuring done
[2.010s] -- Generating done
[2.022s] -- Build files have been written to: /home/chairman/working/ros2/leida/ws_livox/build/fast_lio
[2.033s] Invoked command in '/home/chairman/working/ros2/leida/ws_livox/build/fast_lio' returned '0': AMENT_PREFIX_PATH=/home/chairman/working/ros2/leida/ws_livox/install/livox_ros_driver2:${AMENT_PREFIX_PATH} CMAKE_PREFIX_PATH=/home/chairman/working/ros2/leida/ws_livox/install/livox_ros_driver2:/opt/ros/humble LD_LIBRARY_PATH=/home/chairman/working/ros2/leida/ws_livox/install/livox_ros_driver2/lib:/usr/lib/x86_64-linux-gnu:/usr/lib/x86_64-linux-gnu/gazebo-11/plugins:/opt/ros/humble/opt/rviz_ogre_vendor/lib:/opt/ros/humble/lib/x86_64-linux-gnu:/opt/ros/humble/lib:/usr/lib/x86_64-linux-gnu PYTHONPATH=/home/chairman/working/ros2/leida/ws_livox/install/livox_ros_driver2/lib/python3.10/site-packages:${PYTHONPATH} VIRTUAL_ENV_PROMPT=(venv) /usr/bin/cmake /home/chairman/working/ros2/leida/ws_livox/src/fast_lio -DCMAKE_INSTALL_PREFIX=/home/chairman/working/ros2/leida/ws_livox/install/fast_lio
[2.035s] Invoking command in '/home/chairman/working/ros2/leida/ws_livox/build/fast_lio': AMENT_PREFIX_PATH=/home/chairman/working/ros2/leida/ws_livox/install/livox_ros_driver2:${AMENT_PREFIX_PATH} CMAKE_PREFIX_PATH=/home/chairman/working/ros2/leida/ws_livox/install/livox_ros_driver2:/opt/ros/humble LD_LIBRARY_PATH=/home/chairman/working/ros2/leida/ws_livox/install/livox_ros_driver2/lib:/usr/lib/x86_64-linux-gnu:/usr/lib/x86_64-linux-gnu/gazebo-11/plugins:/opt/ros/humble/opt/rviz_ogre_vendor/lib:/opt/ros/humble/lib/x86_64-linux-gnu:/opt/ros/humble/lib:/usr/lib/x86_64-linux-gnu PYTHONPATH=/home/chairman/working/ros2/leida/ws_livox/install/livox_ros_driver2/lib/python3.10/site-packages:${PYTHONPATH} VIRTUAL_ENV_PROMPT=(venv) /usr/bin/cmake --build /home/chairman/working/ros2/leida/ws_livox/build/fast_lio -- -j28 -l28
[2.081s] [35m[1mConsolidate compiler generated dependencies of target fast_lio__rosidl_generator_c[0m
[2.094s] [  2%] Built target fast_lio__cpp
[2.096s] [ 11%] Built target fast_lio__rosidl_generator_c
[2.106s] [ 11%] Built target ament_cmake_python_copy_fast_lio
[2.107s] [35m[1mConsolidate compiler generated dependencies of target fast_lio__rosidl_typesupport_introspection_c[0m
[2.107s] [35m[1mConsolidate compiler generated dependencies of target fast_lio__rosidl_typesupport_cpp[0m
[2.107s] [35m[1mConsolidate compiler generated dependencies of target fast_lio__rosidl_typesupport_fastrtps_c[0m
[2.108s] [35m[1mConsolidate compiler generated dependencies of target fast_lio__rosidl_typesupport_fastrtps_cpp[0m
[2.108s] [35m[1mConsolidate compiler generated dependencies of target fast_lio__rosidl_typesupport_c[0m
[2.108s] [35m[1mConsolidate compiler generated dependencies of target fast_lio__rosidl_typesupport_introspection_cpp[0m
[2.116s] [ 20%] Built target fast_lio__rosidl_typesupport_introspection_c
[2.117s] [ 28%] Built target fast_lio__rosidl_typesupport_introspection_cpp
[2.119s] [ 37%] Built target fast_lio__rosidl_typesupport_c
[2.119s] [ 45%] Built target fast_lio__rosidl_typesupport_fastrtps_c
[2.119s] [ 54%] Built target fast_lio__rosidl_typesupport_cpp
[2.120s] [ 62%] Built target fast_lio__rosidl_typesupport_fastrtps_cpp
[2.131s] [35m[1mConsolidate compiler generated dependencies of target fastlio_mapping[0m
[2.133s] [ 62%] Built target fast_lio
[2.147s] [ 65%] Built target fast_lio__py
[2.154s] [35m[1mConsolidate compiler generated dependencies of target fast_lio__rosidl_generator_py[0m
[2.164s] [ 71%] Built target fast_lio__rosidl_generator_py
[2.168s] [ 74%] [32mBuilding CXX object CMakeFiles/fastlio_mapping.dir/src/laserMapping.cpp.o[0m
[2.172s] [35m[1mConsolidate compiler generated dependencies of target fast_lio__rosidl_typesupport_c__pyext[0m
[2.173s] [35m[1mConsolidate compiler generated dependencies of target fast_lio__rosidl_typesupport_fastrtps_c__pyext[0m
[2.173s] [35m[1mConsolidate compiler generated dependencies of target fast_lio__rosidl_typesupport_introspection_c__pyext[0m
[2.181s] [ 80%] Built target fast_lio__rosidl_typesupport_c__pyext
[2.182s] [ 85%] Built target fast_lio__rosidl_typesupport_fastrtps_c__pyext
[2.183s] [ 91%] Built target fast_lio__rosidl_typesupport_introspection_c__pyext
[2.281s] running egg_info
[2.288s] writing fast_lio.egg-info/PKG-INFO
[2.288s] writing dependency_links to fast_lio.egg-info/dependency_links.txt
[2.289s] writing top-level names to fast_lio.egg-info/top_level.txt
[2.308s] reading manifest file 'fast_lio.egg-info/SOURCES.txt'
[2.309s] writing manifest file 'fast_lio.egg-info/SOURCES.txt'
[2.329s] [ 91%] Built target ament_cmake_python_build_fast_lio_egg
[5.936s] In file included from [01m[K/usr/include/boost/smart_ptr/detail/sp_thread_sleep.hpp:22[m[K,
[5.936s]                  from [01m[K/usr/include/boost/smart_ptr/detail/yield_k.hpp:23[m[K,
[5.936s]                  from [01m[K/usr/include/boost/smart_ptr/detail/spinlock_gcc_atomic.hpp:14[m[K,
[5.936s]                  from [01m[K/usr/include/boost/smart_ptr/detail/spinlock.hpp:42[m[K,
[5.936s]                  from [01m[K/usr/include/boost/smart_ptr/detail/spinlock_pool.hpp:25[m[K,
[5.936s]                  from [01m[K/usr/include/boost/smart_ptr/shared_ptr.hpp:29[m[K,
[5.936s]                  from [01m[K/usr/include/boost/shared_ptr.hpp:17[m[K,
[5.936s]                  from [01m[K/usr/include/boost/date_time/microsec_time_clock.hpp:18[m[K,
[5.936s]                  from [01m[K/usr/include/boost/interprocess/detail/posix_time_types_wrk.hpp:31[m[K,
[5.936s]                  from [01m[K/usr/include/boost/interprocess/detail/os_thread_functions.hpp:36[m[K,
[5.936s]                  from [01m[K/usr/include/boost/interprocess/sync/file_lock.hpp:26[m[K,
[5.936s]                  from [01m[K/usr/include/pcl-1.12/pcl/io/pcd_io.h:46[m[K,
[5.936s]                  from [01m[K/opt/ros/humble/include/pcl_conversions/pcl_conversions/pcl_conversions.h:73[m[K,
[5.937s]                  from [01m[K/home/chairman/working/ros2/leida/ws_livox/src/fast_lio/src/IMU_Processing.hpp:18[m[K,
[5.937s]                  from [01m[K/home/chairman/working/ros2/leida/ws_livox/src/fast_lio/src/laserMapping.cpp:47[m[K:
[5.937s] [01m[K/usr/include/boost/bind.hpp:36:1:[m[K [01;36m[Knote: [m[K‘[01m[K#pragma message: The practice of declaring the Bind placeholders (_1, _2, ...) in the global namespace is deprecated. Please use <boost/bind/bind.hpp> + using namespace boost::placeholders, or define BOOST_BIND_GLOBAL_PLACEHOLDERS to retain the current behavior.[m[K’
[5.937s]    36 | [01;36m[KBOOST_PRAGMA_MESSAGE[m[K(
[5.937s]       | [01;36m[K^~~~~~~~~~~~~~~~~~~~[m[K
[43.571s] [ 94%] [32m[1mLinking CXX executable fastlio_mapping[0m
[44.370s] [100%] Built target fastlio_mapping
[44.379s] Invoked command in '/home/chairman/working/ros2/leida/ws_livox/build/fast_lio' returned '0': AMENT_PREFIX_PATH=/home/chairman/working/ros2/leida/ws_livox/install/livox_ros_driver2:${AMENT_PREFIX_PATH} CMAKE_PREFIX_PATH=/home/chairman/working/ros2/leida/ws_livox/install/livox_ros_driver2:/opt/ros/humble LD_LIBRARY_PATH=/home/chairman/working/ros2/leida/ws_livox/install/livox_ros_driver2/lib:/usr/lib/x86_64-linux-gnu:/usr/lib/x86_64-linux-gnu/gazebo-11/plugins:/opt/ros/humble/opt/rviz_ogre_vendor/lib:/opt/ros/humble/lib/x86_64-linux-gnu:/opt/ros/humble/lib:/usr/lib/x86_64-linux-gnu PYTHONPATH=/home/chairman/working/ros2/leida/ws_livox/install/livox_ros_driver2/lib/python3.10/site-packages:${PYTHONPATH} VIRTUAL_ENV_PROMPT=(venv) /usr/bin/cmake --build /home/chairman/working/ros2/leida/ws_livox/build/fast_lio -- -j28 -l28
[44.389s] Invoking command in '/home/chairman/working/ros2/leida/ws_livox/build/fast_lio': AMENT_PREFIX_PATH=/home/chairman/working/ros2/leida/ws_livox/install/livox_ros_driver2:${AMENT_PREFIX_PATH} CMAKE_PREFIX_PATH=/home/chairman/working/ros2/leida/ws_livox/install/livox_ros_driver2:/opt/ros/humble LD_LIBRARY_PATH=/home/chairman/working/ros2/leida/ws_livox/install/livox_ros_driver2/lib:/usr/lib/x86_64-linux-gnu:/usr/lib/x86_64-linux-gnu/gazebo-11/plugins:/opt/ros/humble/opt/rviz_ogre_vendor/lib:/opt/ros/humble/lib/x86_64-linux-gnu:/opt/ros/humble/lib:/usr/lib/x86_64-linux-gnu PYTHONPATH=/home/chairman/working/ros2/leida/ws_livox/install/livox_ros_driver2/lib/python3.10/site-packages:${PYTHONPATH} VIRTUAL_ENV_PROMPT=(venv) /usr/bin/cmake --install /home/chairman/working/ros2/leida/ws_livox/build/fast_lio
[44.398s] -- Install configuration: "Release"
[44.398s] -- Up-to-date: /home/chairman/working/ros2/leida/ws_livox/install/fast_lio/share/ament_index/resource_index/rosidl_interfaces/fast_lio
[44.398s] -- Up-to-date: /home/chairman/working/ros2/leida/ws_livox/install/fast_lio/include/fast_lio/fast_lio
[44.398s] -- Up-to-date: /home/chairman/working/ros2/leida/ws_livox/install/fast_lio/include/fast_lio/fast_lio/msg
[44.398s] -- Up-to-date: /home/chairman/working/ros2/leida/ws_livox/install/fast_lio/include/fast_lio/fast_lio/msg/detail
[44.398s] -- Up-to-date: /home/chairman/working/ros2/leida/ws_livox/install/fast_lio/include/fast_lio/fast_lio/msg/detail/pose6_d__struct.h
[44.398s] -- Up-to-date: /home/chairman/working/ros2/leida/ws_livox/install/fast_lio/include/fast_lio/fast_lio/msg/detail/pose6_d__functions.h
[44.398s] -- Up-to-date: /home/chairman/working/ros2/leida/ws_livox/install/fast_lio/include/fast_lio/fast_lio/msg/detail/pose6_d__type_support.h
[44.398s] -- Up-to-date: /home/chairman/working/ros2/leida/ws_livox/install/fast_lio/include/fast_lio/fast_lio/msg/detail/pose6_d__functions.c
[44.398s] -- Up-to-date: /home/chairman/working/ros2/leida/ws_livox/install/fast_lio/include/fast_lio/fast_lio/msg/rosidl_generator_c__visibility_control.h
[44.399s] -- Up-to-date: /home/chairman/working/ros2/leida/ws_livox/install/fast_lio/include/fast_lio/fast_lio/msg/pose6_d.h
[44.399s] -- Up-to-date: /home/chairman/working/ros2/leida/ws_livox/install/fast_lio/share/fast_lio/environment/library_path.sh
[44.399s] -- Installing: /home/chairman/working/ros2/leida/ws_livox/install/fast_lio/share/fast_lio/environment/library_path.dsv
[44.399s] -- Up-to-date: /home/chairman/working/ros2/leida/ws_livox/install/fast_lio/lib/libfast_lio__rosidl_generator_c.so
[44.399s] -- Up-to-date: /home/chairman/working/ros2/leida/ws_livox/install/fast_lio/include/fast_lio/fast_lio
[44.399s] -- Up-to-date: /home/chairman/working/ros2/leida/ws_livox/install/fast_lio/include/fast_lio/fast_lio/msg
[44.399s] -- Up-to-date: /home/chairman/working/ros2/leida/ws_livox/install/fast_lio/include/fast_lio/fast_lio/msg/detail
[44.399s] -- Up-to-date: /home/chairman/working/ros2/leida/ws_livox/install/fast_lio/include/fast_lio/fast_lio/msg/detail/pose6_d__rosidl_typesupport_fastrtps_c.h
[44.399s] -- Up-to-date: /home/chairman/working/ros2/leida/ws_livox/install/fast_lio/include/fast_lio/fast_lio/msg/rosidl_typesupport_fastrtps_c__visibility_control.h
[44.399s] -- Up-to-date: /home/chairman/working/ros2/leida/ws_livox/install/fast_lio/lib/libfast_lio__rosidl_typesupport_fastrtps_c.so
[44.400s] -- Up-to-date: /home/chairman/working/ros2/leida/ws_livox/install/fast_lio/include/fast_lio/fast_lio
[44.400s] -- Up-to-date: /home/chairman/working/ros2/leida/ws_livox/install/fast_lio/include/fast_lio/fast_lio/msg
[44.400s] -- Up-to-date: /home/chairman/working/ros2/leida/ws_livox/install/fast_lio/include/fast_lio/fast_lio/msg/detail
[44.400s] -- Up-to-date: /home/chairman/working/ros2/leida/ws_livox/install/fast_lio/include/fast_lio/fast_lio/msg/detail/pose6_d__struct.hpp
[44.400s] -- Up-to-date: /home/chairman/working/ros2/leida/ws_livox/install/fast_lio/include/fast_lio/fast_lio/msg/detail/pose6_d__type_support.hpp
[44.400s] -- Up-to-date: /home/chairman/working/ros2/leida/ws_livox/install/fast_lio/include/fast_lio/fast_lio/msg/detail/pose6_d__traits.hpp
[44.400s] -- Up-to-date: /home/chairman/working/ros2/leida/ws_livox/install/fast_lio/include/fast_lio/fast_lio/msg/detail/pose6_d__builder.hpp
[44.400s] -- Up-to-date: /home/chairman/working/ros2/leida/ws_livox/install/fast_lio/include/fast_lio/fast_lio/msg/rosidl_generator_cpp__visibility_control.hpp
[44.401s] -- Up-to-date: /home/chairman/working/ros2/leida/ws_livox/install/fast_lio/include/fast_lio/fast_lio/msg/pose6_d.hpp
[44.401s] -- Up-to-date: /home/chairman/working/ros2/leida/ws_livox/install/fast_lio/include/fast_lio/fast_lio
[44.401s] -- Up-to-date: /home/chairman/working/ros2/leida/ws_livox/install/fast_lio/include/fast_lio/fast_lio/msg
[44.401s] -- Up-to-date: /home/chairman/working/ros2/leida/ws_livox/install/fast_lio/include/fast_lio/fast_lio/msg/detail
[44.401s] -- Up-to-date: /home/chairman/working/ros2/leida/ws_livox/install/fast_lio/include/fast_lio/fast_lio/msg/detail/dds_fastrtps
[44.401s] -- Up-to-date: /home/chairman/working/ros2/leida/ws_livox/install/fast_lio/include/fast_lio/fast_lio/msg/detail/pose6_d__rosidl_typesupport_fastrtps_cpp.hpp
[44.401s] -- Up-to-date: /home/chairman/working/ros2/leida/ws_livox/install/fast_lio/include/fast_lio/fast_lio/msg/rosidl_typesupport_fastrtps_cpp__visibility_control.h
[44.401s] -- Up-to-date: /home/chairman/working/ros2/leida/ws_livox/install/fast_lio/lib/libfast_lio__rosidl_typesupport_fastrtps_cpp.so
[44.401s] -- Up-to-date: /home/chairman/working/ros2/leida/ws_livox/install/fast_lio/include/fast_lio/fast_lio
[44.401s] -- Up-to-date: /home/chairman/working/ros2/leida/ws_livox/install/fast_lio/include/fast_lio/fast_lio/msg
[44.401s] -- Up-to-date: /home/chairman/working/ros2/leida/ws_livox/install/fast_lio/include/fast_lio/fast_lio/msg/detail
[44.401s] -- Up-to-date: /home/chairman/working/ros2/leida/ws_livox/install/fast_lio/include/fast_lio/fast_lio/msg/detail/pose6_d__rosidl_typesupport_introspection_c.h
[44.402s] -- Up-to-date: /home/chairman/working/ros2/leida/ws_livox/install/fast_lio/include/fast_lio/fast_lio/msg/detail/pose6_d__type_support.c
[44.402s] -- Up-to-date: /home/chairman/working/ros2/leida/ws_livox/install/fast_lio/include/fast_lio/fast_lio/msg/rosidl_typesupport_introspection_c__visibility_control.h
[44.402s] -- Up-to-date: /home/chairman/working/ros2/leida/ws_livox/install/fast_lio/lib/libfast_lio__rosidl_typesupport_introspection_c.so
[44.403s] -- Up-to-date: /home/chairman/working/ros2/leida/ws_livox/install/fast_lio/lib/libfast_lio__rosidl_typesupport_c.so
[44.403s] -- Up-to-date: /home/chairman/working/ros2/leida/ws_livox/install/fast_lio/include/fast_lio/fast_lio
[44.403s] -- Up-to-date: /home/chairman/working/ros2/leida/ws_livox/install/fast_lio/include/fast_lio/fast_lio/msg
[44.403s] -- Up-to-date: /home/chairman/working/ros2/leida/ws_livox/install/fast_lio/include/fast_lio/fast_lio/msg/detail
[44.403s] -- Up-to-date: /home/chairman/working/ros2/leida/ws_livox/install/fast_lio/include/fast_lio/fast_lio/msg/detail/pose6_d__rosidl_typesupport_introspection_cpp.hpp
[44.403s] -- Up-to-date: /home/chairman/working/ros2/leida/ws_livox/install/fast_lio/include/fast_lio/fast_lio/msg/detail/pose6_d__type_support.cpp
[44.403s] -- Up-to-date: /home/chairman/working/ros2/leida/ws_livox/install/fast_lio/lib/libfast_lio__rosidl_typesupport_introspection_cpp.so
[44.404s] -- Up-to-date: /home/chairman/working/ros2/leida/ws_livox/install/fast_lio/lib/libfast_lio__rosidl_typesupport_cpp.so
[44.404s] -- Up-to-date: /home/chairman/working/ros2/leida/ws_livox/install/fast_lio/share/fast_lio/environment/pythonpath.sh
[44.404s] -- Installing: /home/chairman/working/ros2/leida/ws_livox/install/fast_lio/share/fast_lio/environment/pythonpath.dsv
[44.404s] -- Up-to-date: /home/chairman/working/ros2/leida/ws_livox/install/fast_lio/lib/python3.10/site-packages/fast_lio-0.0.0-py3.10.egg-info
[44.404s] -- Installing: /home/chairman/working/ros2/leida/ws_livox/install/fast_lio/lib/python3.10/site-packages/fast_lio-0.0.0-py3.10.egg-info/dependency_links.txt
[44.404s] -- Installing: /home/chairman/working/ros2/leida/ws_livox/install/fast_lio/lib/python3.10/site-packages/fast_lio-0.0.0-py3.10.egg-info/top_level.txt
[44.404s] -- Installing: /home/chairman/working/ros2/leida/ws_livox/install/fast_lio/lib/python3.10/site-packages/fast_lio-0.0.0-py3.10.egg-info/SOURCES.txt
[44.404s] -- Installing: /home/chairman/working/ros2/leida/ws_livox/install/fast_lio/lib/python3.10/site-packages/fast_lio-0.0.0-py3.10.egg-info/PKG-INFO
[44.404s] -- Up-to-date: /home/chairman/working/ros2/leida/ws_livox/install/fast_lio/lib/python3.10/site-packages/fast_lio
[44.405s] -- Up-to-date: /home/chairman/working/ros2/leida/ws_livox/install/fast_lio/lib/python3.10/site-packages/fast_lio/msg
[44.405s] -- Up-to-date: /home/chairman/working/ros2/leida/ws_livox/install/fast_lio/lib/python3.10/site-packages/fast_lio/msg/_pose6_d.py
[44.405s] -- Up-to-date: /home/chairman/working/ros2/leida/ws_livox/install/fast_lio/lib/python3.10/site-packages/fast_lio/msg/_pose6_d_s.c
[44.405s] -- Up-to-date: /home/chairman/working/ros2/leida/ws_livox/install/fast_lio/lib/python3.10/site-packages/fast_lio/msg/__init__.py
[44.405s] -- Up-to-date: /home/chairman/working/ros2/leida/ws_livox/install/fast_lio/lib/python3.10/site-packages/fast_lio/fast_lio_s__rosidl_typesupport_introspection_c.cpython-310-x86_64-linux-gnu.so
[44.405s] -- Installing: /home/chairman/working/ros2/leida/ws_livox/install/fast_lio/lib/python3.10/site-packages/fast_lio/__init__.py
[44.405s] -- Up-to-date: /home/chairman/working/ros2/leida/ws_livox/install/fast_lio/lib/python3.10/site-packages/fast_lio/fast_lio_s__rosidl_typesupport_fastrtps_c.cpython-310-x86_64-linux-gnu.so
[44.405s] -- Up-to-date: /home/chairman/working/ros2/leida/ws_livox/install/fast_lio/lib/python3.10/site-packages/fast_lio/_fast_lio_s.ep.rosidl_typesupport_introspection_c.c
[44.405s] -- Up-to-date: /home/chairman/working/ros2/leida/ws_livox/install/fast_lio/lib/python3.10/site-packages/fast_lio/fast_lio_s__rosidl_typesupport_c.cpython-310-x86_64-linux-gnu.so
[44.405s] -- Up-to-date: /home/chairman/working/ros2/leida/ws_livox/install/fast_lio/lib/python3.10/site-packages/fast_lio/libfast_lio__rosidl_generator_py.so
[44.405s] -- Up-to-date: /home/chairman/working/ros2/leida/ws_livox/install/fast_lio/lib/python3.10/site-packages/fast_lio/_fast_lio_s.ep.rosidl_typesupport_fastrtps_c.c
[44.405s] -- Up-to-date: /home/chairman/working/ros2/leida/ws_livox/install/fast_lio/lib/python3.10/site-packages/fast_lio/_fast_lio_s.ep.rosidl_typesupport_c.c
[44.427s] Listing '/home/chairman/working/ros2/leida/ws_livox/install/fast_lio/lib/python3.10/site-packages/fast_lio'...
[44.427s] Compiling '/home/chairman/working/ros2/leida/ws_livox/install/fast_lio/lib/python3.10/site-packages/fast_lio/__init__.py'...
[44.427s] Listing '/home/chairman/working/ros2/leida/ws_livox/install/fast_lio/lib/python3.10/site-packages/fast_lio/msg'...
[44.430s] -- Up-to-date: /home/chairman/working/ros2/leida/ws_livox/install/fast_lio/lib/python3.10/site-packages/fast_lio/fast_lio_s__rosidl_typesupport_fastrtps_c.cpython-310-x86_64-linux-gnu.so
[44.430s] -- Up-to-date: /home/chairman/working/ros2/leida/ws_livox/install/fast_lio/lib/python3.10/site-packages/fast_lio/fast_lio_s__rosidl_typesupport_introspection_c.cpython-310-x86_64-linux-gnu.so
[44.431s] -- Up-to-date: /home/chairman/working/ros2/leida/ws_livox/install/fast_lio/lib/python3.10/site-packages/fast_lio/fast_lio_s__rosidl_typesupport_c.cpython-310-x86_64-linux-gnu.so
[44.431s] -- Up-to-date: /home/chairman/working/ros2/leida/ws_livox/install/fast_lio/lib/libfast_lio__rosidl_generator_py.so
[44.431s] -- Up-to-date: /home/chairman/working/ros2/leida/ws_livox/install/fast_lio/share/fast_lio/msg/Pose6D.idl
[44.431s] -- Up-to-date: /home/chairman/working/ros2/leida/ws_livox/install/fast_lio/share/fast_lio/msg/Pose6D.msg
[44.431s] -- Installing: /home/chairman/working/ros2/leida/ws_livox/install/fast_lio/lib/fast_lio/fastlio_mapping
[44.433s] -- Set runtime path of "/home/chairman/working/ros2/leida/ws_livox/install/fast_lio/lib/fast_lio/fastlio_mapping" to ""
[44.433s] -- Up-to-date: /home/chairman/working/ros2/leida/ws_livox/install/fast_lio/share/fast_lio/config
[44.433s] -- Up-to-date: /home/chairman/working/ros2/leida/ws_livox/install/fast_lio/share/fast_lio/config/velodyne.yaml
[44.433s] -- Up-to-date: /home/chairman/working/ros2/leida/ws_livox/install/fast_lio/share/fast_lio/config/ouster64.yaml
[44.433s] -- Up-to-date: /home/chairman/working/ros2/leida/ws_livox/install/fast_lio/share/fast_lio/config/avia.yaml
[44.433s] -- Up-to-date: /home/chairman/working/ros2/leida/ws_livox/install/fast_lio/share/fast_lio/config/mid360.yaml
[44.433s] -- Up-to-date: /home/chairman/working/ros2/leida/ws_livox/install/fast_lio/share/fast_lio/config/horizon.yaml
[44.433s] -- Up-to-date: /home/chairman/working/ros2/leida/ws_livox/install/fast_lio/share/fast_lio/launch
[44.433s] -- Up-to-date: /home/chairman/working/ros2/leida/ws_livox/install/fast_lio/share/fast_lio/launch/start.launch.py
[44.433s] -- Up-to-date: /home/chairman/working/ros2/leida/ws_livox/install/fast_lio/share/fast_lio/launch/gdb_debug_example.launch
[44.433s] -- Up-to-date: /home/chairman/working/ros2/leida/ws_livox/install/fast_lio/share/fast_lio/launch/mapping.launch.py
[44.433s] -- Up-to-date: /home/chairman/working/ros2/leida/ws_livox/install/fast_lio/share/fast_lio/rviz
[44.433s] -- Up-to-date: /home/chairman/working/ros2/leida/ws_livox/install/fast_lio/share/fast_lio/rviz/fastlio.rviz
[44.433s] -- Up-to-date: /home/chairman/working/ros2/leida/ws_livox/install/fast_lio/share/ament_index/resource_index/package_run_dependencies/fast_lio
[44.433s] -- Up-to-date: /home/chairman/working/ros2/leida/ws_livox/install/fast_lio/share/ament_index/resource_index/parent_prefix_path/fast_lio
[44.434s] -- Up-to-date: /home/chairman/working/ros2/leida/ws_livox/install/fast_lio/share/fast_lio/environment/ament_prefix_path.sh
[44.434s] -- Installing: /home/chairman/working/ros2/leida/ws_livox/install/fast_lio/share/fast_lio/environment/ament_prefix_path.dsv
[44.434s] -- Up-to-date: /home/chairman/working/ros2/leida/ws_livox/install/fast_lio/share/fast_lio/environment/path.sh
[44.434s] -- Installing: /home/chairman/working/ros2/leida/ws_livox/install/fast_lio/share/fast_lio/environment/path.dsv
[44.434s] -- Up-to-date: /home/chairman/working/ros2/leida/ws_livox/install/fast_lio/share/fast_lio/local_setup.bash
[44.434s] -- Up-to-date: /home/chairman/working/ros2/leida/ws_livox/install/fast_lio/share/fast_lio/local_setup.sh
[44.434s] -- Up-to-date: /home/chairman/working/ros2/leida/ws_livox/install/fast_lio/share/fast_lio/local_setup.zsh
[44.434s] -- Installing: /home/chairman/working/ros2/leida/ws_livox/install/fast_lio/share/fast_lio/local_setup.dsv
[44.434s] -- Installing: /home/chairman/working/ros2/leida/ws_livox/install/fast_lio/share/fast_lio/package.dsv
[44.434s] -- Up-to-date: /home/chairman/working/ros2/leida/ws_livox/install/fast_lio/share/ament_index/resource_index/packages/fast_lio
[44.434s] -- Up-to-date: /home/chairman/working/ros2/leida/ws_livox/install/fast_lio/share/fast_lio/cmake/export_fast_lio__rosidl_generator_cExport.cmake
[44.434s] -- Up-to-date: /home/chairman/working/ros2/leida/ws_livox/install/fast_lio/share/fast_lio/cmake/export_fast_lio__rosidl_generator_cExport-release.cmake
[44.434s] -- Up-to-date: /home/chairman/working/ros2/leida/ws_livox/install/fast_lio/share/fast_lio/cmake/export_fast_lio__rosidl_typesupport_fastrtps_cExport.cmake
[44.434s] -- Up-to-date: /home/chairman/working/ros2/leida/ws_livox/install/fast_lio/share/fast_lio/cmake/export_fast_lio__rosidl_typesupport_fastrtps_cExport-release.cmake
[44.434s] -- Up-to-date: /home/chairman/working/ros2/leida/ws_livox/install/fast_lio/share/fast_lio/cmake/export_fast_lio__rosidl_generator_cppExport.cmake
[44.434s] -- Up-to-date: /home/chairman/working/ros2/leida/ws_livox/install/fast_lio/share/fast_lio/cmake/export_fast_lio__rosidl_typesupport_fastrtps_cppExport.cmake
[44.434s] -- Up-to-date: /home/chairman/working/ros2/leida/ws_livox/install/fast_lio/share/fast_lio/cmake/export_fast_lio__rosidl_typesupport_fastrtps_cppExport-release.cmake
[44.434s] -- Up-to-date: /home/chairman/working/ros2/leida/ws_livox/install/fast_lio/share/fast_lio/cmake/fast_lio__rosidl_typesupport_introspection_cExport.cmake
[44.434s] -- Up-to-date: /home/chairman/working/ros2/leida/ws_livox/install/fast_lio/share/fast_lio/cmake/fast_lio__rosidl_typesupport_introspection_cExport-release.cmake
[44.434s] -- Up-to-date: /home/chairman/working/ros2/leida/ws_livox/install/fast_lio/share/fast_lio/cmake/fast_lio__rosidl_typesupport_cExport.cmake
[44.434s] -- Up-to-date: /home/chairman/working/ros2/leida/ws_livox/install/fast_lio/share/fast_lio/cmake/fast_lio__rosidl_typesupport_cExport-release.cmake
[44.434s] -- Up-to-date: /home/chairman/working/ros2/leida/ws_livox/install/fast_lio/share/fast_lio/cmake/fast_lio__rosidl_typesupport_introspection_cppExport.cmake
[44.434s] -- Up-to-date: /home/chairman/working/ros2/leida/ws_livox/install/fast_lio/share/fast_lio/cmake/fast_lio__rosidl_typesupport_introspection_cppExport-release.cmake
[44.435s] -- Up-to-date: /home/chairman/working/ros2/leida/ws_livox/install/fast_lio/share/fast_lio/cmake/fast_lio__rosidl_typesupport_cppExport.cmake
[44.435s] -- Up-to-date: /home/chairman/working/ros2/leida/ws_livox/install/fast_lio/share/fast_lio/cmake/fast_lio__rosidl_typesupport_cppExport-release.cmake
[44.435s] -- Up-to-date: /home/chairman/working/ros2/leida/ws_livox/install/fast_lio/share/fast_lio/cmake/export_fast_lio__rosidl_generator_pyExport.cmake
[44.435s] -- Up-to-date: /home/chairman/working/ros2/leida/ws_livox/install/fast_lio/share/fast_lio/cmake/export_fast_lio__rosidl_generator_pyExport-release.cmake
[44.435s] -- Up-to-date: /home/chairman/working/ros2/leida/ws_livox/install/fast_lio/share/fast_lio/cmake/rosidl_cmake-extras.cmake
[44.435s] -- Up-to-date: /home/chairman/working/ros2/leida/ws_livox/install/fast_lio/share/fast_lio/cmake/ament_cmake_export_include_directories-extras.cmake
[44.435s] -- Up-to-date: /home/chairman/working/ros2/leida/ws_livox/install/fast_lio/share/fast_lio/cmake/ament_cmake_export_libraries-extras.cmake
[44.435s] -- Up-to-date: /home/chairman/working/ros2/leida/ws_livox/install/fast_lio/share/fast_lio/cmake/ament_cmake_export_targets-extras.cmake
[44.435s] -- Up-to-date: /home/chairman/working/ros2/leida/ws_livox/install/fast_lio/share/fast_lio/cmake/rosidl_cmake_export_typesupport_targets-extras.cmake
[44.435s] -- Up-to-date: /home/chairman/working/ros2/leida/ws_livox/install/fast_lio/share/fast_lio/cmake/ament_cmake_export_dependencies-extras.cmake
[44.435s] -- Up-to-date: /home/chairman/working/ros2/leida/ws_livox/install/fast_lio/share/fast_lio/cmake/rosidl_cmake_export_typesupport_libraries-extras.cmake
[44.435s] -- Up-to-date: /home/chairman/working/ros2/leida/ws_livox/install/fast_lio/share/fast_lio/cmake/fast_lioConfig.cmake
[44.435s] -- Up-to-date: /home/chairman/working/ros2/leida/ws_livox/install/fast_lio/share/fast_lio/cmake/fast_lioConfig-version.cmake
[44.435s] -- Up-to-date: /home/chairman/working/ros2/leida/ws_livox/install/fast_lio/share/fast_lio/package.xml
[44.436s] Invoked command in '/home/chairman/working/ros2/leida/ws_livox/build/fast_lio' returned '0': AMENT_PREFIX_PATH=/home/chairman/working/ros2/leida/ws_livox/install/livox_ros_driver2:${AMENT_PREFIX_PATH} CMAKE_PREFIX_PATH=/home/chairman/working/ros2/leida/ws_livox/install/livox_ros_driver2:/opt/ros/humble LD_LIBRARY_PATH=/home/chairman/working/ros2/leida/ws_livox/install/livox_ros_driver2/lib:/usr/lib/x86_64-linux-gnu:/usr/lib/x86_64-linux-gnu/gazebo-11/plugins:/opt/ros/humble/opt/rviz_ogre_vendor/lib:/opt/ros/humble/lib/x86_64-linux-gnu:/opt/ros/humble/lib:/usr/lib/x86_64-linux-gnu PYTHONPATH=/home/chairman/working/ros2/leida/ws_livox/install/livox_ros_driver2/lib/python3.10/site-packages:${PYTHONPATH} VIRTUAL_ENV_PROMPT=(venv) /usr/bin/cmake --install /home/chairman/working/ros2/leida/ws_livox/build/fast_lio
