[0.062s] DEBUG:colcon:Command line arguments: ['/usr/bin/colcon', 'build', '--cmake-args', '-DROS_EDITION=ROS2', '-DHUMBLE_ROS=humble']
[0.062s] DEBUG:colcon:Parsed command line arguments: Namespace(log_base=None, log_level=None, verb_name='build', build_base='build', install_base='install', merge_install=False, symlink_install=False, test_result_base=None, continue_on_error=False, executor='parallel', parallel_workers=28, event_handlers=None, ignore_user_meta=False, metas=['./colcon.meta'], base_paths=['.'], packages_ignore=None, packages_ignore_regex=None, paths=None, packages_up_to=None, packages_up_to_regex=None, packages_above=None, packages_above_and_dependencies=None, packages_above_depth=None, packages_select_by_dep=None, packages_skip_by_dep=None, packages_skip_up_to=None, packages_select_build_failed=False, packages_skip_build_finished=False, packages_select_test_failures=False, packages_skip_test_passed=False, packages_select=None, packages_skip=None, packages_select_regex=None, packages_skip_regex=None, packages_start=None, packages_end=None, allow_overriding=[], cmake_args=['-DROS_EDITION=ROS2', '-DHUMBLE_ROS=humble'], cmake_target=None, cmake_target_skip_unavailable=False, cmake_clean_cache=False, cmake_clean_first=False, cmake_force_configure=False, ament_cmake_args=None, catkin_cmake_args=None, catkin_skip_building_tests=False, verb_parser=<colcon_defaults.argument_parser.defaults.DefaultArgumentsDecorator object at 0x765eab850dc0>, verb_extension=<colcon_core.verb.build.BuildVerb object at 0x765eab952200>, main=<bound method BuildVerb.main of <colcon_core.verb.build.BuildVerb object at 0x765eab952200>>)
[0.156s] Level 1:colcon.colcon_core.package_discovery:discover_packages(colcon_meta) check parameters
[0.156s] Level 1:colcon.colcon_core.package_discovery:discover_packages(recursive) check parameters
[0.156s] Level 1:colcon.colcon_core.package_discovery:discover_packages(ignore) check parameters
[0.156s] Level 1:colcon.colcon_core.package_discovery:discover_packages(path) check parameters
[0.156s] Level 1:colcon.colcon_core.package_discovery:discover_packages(colcon_meta) discover
[0.156s] Level 1:colcon.colcon_core.package_discovery:discover_packages(recursive) discover
[0.156s] INFO:colcon.colcon_core.package_discovery:Crawling recursively for packages in '/home/chairman/working/ros2/leida/ws_livox'
[0.157s] Level 1:colcon.colcon_core.package_identification:_identify(.) by extensions ['ignore', 'ignore_ament_install']
[0.157s] Level 1:colcon.colcon_core.package_identification:_identify(.) by extension 'ignore'
[0.157s] Level 1:colcon.colcon_core.package_identification:_identify(.) by extension 'ignore_ament_install'
[0.157s] Level 1:colcon.colcon_core.package_identification:_identify(.) by extensions ['colcon_pkg']
[0.157s] Level 1:colcon.colcon_core.package_identification:_identify(.) by extension 'colcon_pkg'
[0.157s] Level 1:colcon.colcon_core.package_identification:_identify(.) by extensions ['colcon_meta']
[0.157s] Level 1:colcon.colcon_core.package_identification:_identify(.) by extension 'colcon_meta'
[0.157s] Level 1:colcon.colcon_core.package_identification:_identify(.) by extensions ['ros']
[0.157s] Level 1:colcon.colcon_core.package_identification:_identify(.) by extension 'ros'
[0.164s] Level 1:colcon.colcon_core.package_identification:_identify(.) by extensions ['cmake', 'python']
[0.164s] Level 1:colcon.colcon_core.package_identification:_identify(.) by extension 'cmake'
[0.164s] Level 1:colcon.colcon_core.package_identification:_identify(.) by extension 'python'
[0.164s] Level 1:colcon.colcon_core.package_identification:_identify(.) by extensions ['python_setup_py']
[0.164s] Level 1:colcon.colcon_core.package_identification:_identify(.) by extension 'python_setup_py'
[0.164s] Level 1:colcon.colcon_core.package_identification:_identify(build) by extensions ['ignore', 'ignore_ament_install']
[0.164s] Level 1:colcon.colcon_core.package_identification:_identify(build) by extension 'ignore'
[0.164s] Level 1:colcon.colcon_core.package_identification:_identify(build) ignored
[0.164s] Level 1:colcon.colcon_core.package_identification:_identify(install) by extensions ['ignore', 'ignore_ament_install']
[0.164s] Level 1:colcon.colcon_core.package_identification:_identify(install) by extension 'ignore'
[0.164s] Level 1:colcon.colcon_core.package_identification:_identify(install) ignored
[0.164s] Level 1:colcon.colcon_core.package_identification:_identify(log) by extensions ['ignore', 'ignore_ament_install']
[0.164s] Level 1:colcon.colcon_core.package_identification:_identify(log) by extension 'ignore'
[0.164s] Level 1:colcon.colcon_core.package_identification:_identify(log) ignored
[0.164s] Level 1:colcon.colcon_core.package_identification:_identify(src) by extensions ['ignore', 'ignore_ament_install']
[0.164s] Level 1:colcon.colcon_core.package_identification:_identify(src) by extension 'ignore'
[0.164s] Level 1:colcon.colcon_core.package_identification:_identify(src) by extension 'ignore_ament_install'
[0.164s] Level 1:colcon.colcon_core.package_identification:_identify(src) by extensions ['colcon_pkg']
[0.164s] Level 1:colcon.colcon_core.package_identification:_identify(src) by extension 'colcon_pkg'
[0.165s] Level 1:colcon.colcon_core.package_identification:_identify(src) by extensions ['colcon_meta']
[0.165s] Level 1:colcon.colcon_core.package_identification:_identify(src) by extension 'colcon_meta'
[0.165s] Level 1:colcon.colcon_core.package_identification:_identify(src) by extensions ['ros']
[0.165s] Level 1:colcon.colcon_core.package_identification:_identify(src) by extension 'ros'
[0.165s] Level 1:colcon.colcon_core.package_identification:_identify(src) by extensions ['cmake', 'python']
[0.165s] Level 1:colcon.colcon_core.package_identification:_identify(src) by extension 'cmake'
[0.165s] Level 1:colcon.colcon_core.package_identification:_identify(src) by extension 'python'
[0.165s] Level 1:colcon.colcon_core.package_identification:_identify(src) by extensions ['python_setup_py']
[0.165s] Level 1:colcon.colcon_core.package_identification:_identify(src) by extension 'python_setup_py'
[0.165s] Level 1:colcon.colcon_core.package_identification:_identify(src/fast_lio) by extensions ['ignore', 'ignore_ament_install']
[0.165s] Level 1:colcon.colcon_core.package_identification:_identify(src/fast_lio) by extension 'ignore'
[0.165s] Level 1:colcon.colcon_core.package_identification:_identify(src/fast_lio) by extension 'ignore_ament_install'
[0.165s] Level 1:colcon.colcon_core.package_identification:_identify(src/fast_lio) by extensions ['colcon_pkg']
[0.165s] Level 1:colcon.colcon_core.package_identification:_identify(src/fast_lio) by extension 'colcon_pkg'
[0.165s] Level 1:colcon.colcon_core.package_identification:_identify(src/fast_lio) by extensions ['colcon_meta']
[0.165s] Level 1:colcon.colcon_core.package_identification:_identify(src/fast_lio) by extension 'colcon_meta'
[0.165s] Level 1:colcon.colcon_core.package_identification:_identify(src/fast_lio) by extensions ['ros']
[0.165s] Level 1:colcon.colcon_core.package_identification:_identify(src/fast_lio) by extension 'ros'
[0.167s] DEBUG:colcon.colcon_core.package_identification:Package 'src/fast_lio' with type 'ros.ament_cmake' and name 'fast_lio'
[0.167s] Level 1:colcon.colcon_core.package_identification:_identify(src/livox_ros_driver2) by extensions ['ignore', 'ignore_ament_install']
[0.167s] Level 1:colcon.colcon_core.package_identification:_identify(src/livox_ros_driver2) by extension 'ignore'
[0.167s] Level 1:colcon.colcon_core.package_identification:_identify(src/livox_ros_driver2) by extension 'ignore_ament_install'
[0.167s] Level 1:colcon.colcon_core.package_identification:_identify(src/livox_ros_driver2) by extensions ['colcon_pkg']
[0.167s] Level 1:colcon.colcon_core.package_identification:_identify(src/livox_ros_driver2) by extension 'colcon_pkg'
[0.167s] Level 1:colcon.colcon_core.package_identification:_identify(src/livox_ros_driver2) by extensions ['colcon_meta']
[0.167s] Level 1:colcon.colcon_core.package_identification:_identify(src/livox_ros_driver2) by extension 'colcon_meta'
[0.167s] Level 1:colcon.colcon_core.package_identification:_identify(src/livox_ros_driver2) by extensions ['ros']
[0.167s] Level 1:colcon.colcon_core.package_identification:_identify(src/livox_ros_driver2) by extension 'ros'
[0.168s] DEBUG:colcon.colcon_core.package_identification:Package 'src/livox_ros_driver2' with type 'ros.ament_cmake' and name 'livox_ros_driver2'
[0.168s] Level 1:colcon.colcon_core.package_identification:_identify(src/odometry) by extensions ['ignore', 'ignore_ament_install']
[0.168s] Level 1:colcon.colcon_core.package_identification:_identify(src/odometry) by extension 'ignore'
[0.168s] Level 1:colcon.colcon_core.package_identification:_identify(src/odometry) by extension 'ignore_ament_install'
[0.168s] Level 1:colcon.colcon_core.package_identification:_identify(src/odometry) by extensions ['colcon_pkg']
[0.168s] Level 1:colcon.colcon_core.package_identification:_identify(src/odometry) by extension 'colcon_pkg'
[0.168s] Level 1:colcon.colcon_core.package_identification:_identify(src/odometry) by extensions ['colcon_meta']
[0.168s] Level 1:colcon.colcon_core.package_identification:_identify(src/odometry) by extension 'colcon_meta'
[0.168s] Level 1:colcon.colcon_core.package_identification:_identify(src/odometry) by extensions ['ros']
[0.168s] Level 1:colcon.colcon_core.package_identification:_identify(src/odometry) by extension 'ros'
[0.169s] DEBUG:colcon.colcon_core.package_identification:Package 'src/odometry' with type 'ros.ament_cmake' and name 'odometry'
[0.169s] Level 1:colcon.colcon_core.package_identification:_identify(src/pcd2pgm) by extensions ['ignore', 'ignore_ament_install']
[0.169s] Level 1:colcon.colcon_core.package_identification:_identify(src/pcd2pgm) by extension 'ignore'
[0.169s] Level 1:colcon.colcon_core.package_identification:_identify(src/pcd2pgm) by extension 'ignore_ament_install'
[0.169s] Level 1:colcon.colcon_core.package_identification:_identify(src/pcd2pgm) by extensions ['colcon_pkg']
[0.169s] Level 1:colcon.colcon_core.package_identification:_identify(src/pcd2pgm) by extension 'colcon_pkg'
[0.169s] Level 1:colcon.colcon_core.package_identification:_identify(src/pcd2pgm) by extensions ['colcon_meta']
[0.169s] Level 1:colcon.colcon_core.package_identification:_identify(src/pcd2pgm) by extension 'colcon_meta'
[0.169s] Level 1:colcon.colcon_core.package_identification:_identify(src/pcd2pgm) by extensions ['ros']
[0.169s] Level 1:colcon.colcon_core.package_identification:_identify(src/pcd2pgm) by extension 'ros'
[0.169s] DEBUG:colcon.colcon_core.package_identification:Package 'src/pcd2pgm' with type 'ros.ament_cmake' and name 'pcd2pgm'
[0.169s] Level 1:colcon.colcon_core.package_identification:_identify(src/point_lio) by extensions ['ignore', 'ignore_ament_install']
[0.169s] Level 1:colcon.colcon_core.package_identification:_identify(src/point_lio) by extension 'ignore'
[0.169s] Level 1:colcon.colcon_core.package_identification:_identify(src/point_lio) by extension 'ignore_ament_install'
[0.169s] Level 1:colcon.colcon_core.package_identification:_identify(src/point_lio) by extensions ['colcon_pkg']
[0.169s] Level 1:colcon.colcon_core.package_identification:_identify(src/point_lio) by extension 'colcon_pkg'
[0.169s] Level 1:colcon.colcon_core.package_identification:_identify(src/point_lio) by extensions ['colcon_meta']
[0.169s] Level 1:colcon.colcon_core.package_identification:_identify(src/point_lio) by extension 'colcon_meta'
[0.169s] Level 1:colcon.colcon_core.package_identification:_identify(src/point_lio) by extensions ['ros']
[0.170s] Level 1:colcon.colcon_core.package_identification:_identify(src/point_lio) by extension 'ros'
[0.170s] DEBUG:colcon.colcon_core.package_identification:Package 'src/point_lio' with type 'ros.ament_cmake' and name 'point_lio'
[0.170s] Level 1:colcon.colcon_core.package_discovery:discover_packages(recursive) using defaults
[0.170s] Level 1:colcon.colcon_core.package_discovery:discover_packages(ignore) discover
[0.170s] Level 1:colcon.colcon_core.package_discovery:discover_packages(ignore) using defaults
[0.170s] Level 1:colcon.colcon_core.package_discovery:discover_packages(path) discover
[0.170s] Level 1:colcon.colcon_core.package_discovery:discover_packages(path) using defaults
[0.189s] Level 1:colcon.colcon_core.package_discovery:discover_packages(prefix_path) check parameters
[0.189s] Level 1:colcon.colcon_core.package_discovery:discover_packages(prefix_path) discover
[0.191s] DEBUG:colcon.colcon_installed_package_information.package_discovery:Found 420 installed packages in /opt/ros/humble
[0.192s] Level 1:colcon.colcon_core.package_discovery:discover_packages(prefix_path) using defaults
[0.221s] Level 5:colcon.colcon_core.verb:set package 'livox_ros_driver2' build argument 'cmake_args' from command line to '['-DROS_EDITION=ROS2', '-DHUMBLE_ROS=humble']'
[0.221s] Level 5:colcon.colcon_core.verb:set package 'livox_ros_driver2' build argument 'cmake_target' from command line to 'None'
[0.221s] Level 5:colcon.colcon_core.verb:set package 'livox_ros_driver2' build argument 'cmake_target_skip_unavailable' from command line to 'False'
[0.221s] Level 5:colcon.colcon_core.verb:set package 'livox_ros_driver2' build argument 'cmake_clean_cache' from command line to 'False'
[0.221s] Level 5:colcon.colcon_core.verb:set package 'livox_ros_driver2' build argument 'cmake_clean_first' from command line to 'False'
[0.221s] Level 5:colcon.colcon_core.verb:set package 'livox_ros_driver2' build argument 'cmake_force_configure' from command line to 'False'
[0.221s] Level 5:colcon.colcon_core.verb:set package 'livox_ros_driver2' build argument 'ament_cmake_args' from command line to 'None'
[0.221s] Level 5:colcon.colcon_core.verb:set package 'livox_ros_driver2' build argument 'catkin_cmake_args' from command line to 'None'
[0.221s] Level 5:colcon.colcon_core.verb:set package 'livox_ros_driver2' build argument 'catkin_skip_building_tests' from command line to 'False'
[0.221s] DEBUG:colcon.colcon_core.verb:Building package 'livox_ros_driver2' with the following arguments: {'ament_cmake_args': None, 'build_base': '/home/chairman/working/ros2/leida/ws_livox/build/livox_ros_driver2', 'catkin_cmake_args': None, 'catkin_skip_building_tests': False, 'cmake_args': ['-DROS_EDITION=ROS2', '-DHUMBLE_ROS=humble'], 'cmake_clean_cache': False, 'cmake_clean_first': False, 'cmake_force_configure': False, 'cmake_target': None, 'cmake_target_skip_unavailable': False, 'install_base': '/home/chairman/working/ros2/leida/ws_livox/install/livox_ros_driver2', 'merge_install': False, 'path': '/home/chairman/working/ros2/leida/ws_livox/src/livox_ros_driver2', 'symlink_install': False, 'test_result_base': None}
[0.221s] Level 5:colcon.colcon_core.verb:set package 'odometry' build argument 'cmake_args' from command line to '['-DROS_EDITION=ROS2', '-DHUMBLE_ROS=humble']'
[0.221s] Level 5:colcon.colcon_core.verb:set package 'odometry' build argument 'cmake_target' from command line to 'None'
[0.221s] Level 5:colcon.colcon_core.verb:set package 'odometry' build argument 'cmake_target_skip_unavailable' from command line to 'False'
[0.221s] Level 5:colcon.colcon_core.verb:set package 'odometry' build argument 'cmake_clean_cache' from command line to 'False'
[0.221s] Level 5:colcon.colcon_core.verb:set package 'odometry' build argument 'cmake_clean_first' from command line to 'False'
[0.221s] Level 5:colcon.colcon_core.verb:set package 'odometry' build argument 'cmake_force_configure' from command line to 'False'
[0.221s] Level 5:colcon.colcon_core.verb:set package 'odometry' build argument 'ament_cmake_args' from command line to 'None'
[0.221s] Level 5:colcon.colcon_core.verb:set package 'odometry' build argument 'catkin_cmake_args' from command line to 'None'
[0.221s] Level 5:colcon.colcon_core.verb:set package 'odometry' build argument 'catkin_skip_building_tests' from command line to 'False'
[0.221s] DEBUG:colcon.colcon_core.verb:Building package 'odometry' with the following arguments: {'ament_cmake_args': None, 'build_base': '/home/chairman/working/ros2/leida/ws_livox/build/odometry', 'catkin_cmake_args': None, 'catkin_skip_building_tests': False, 'cmake_args': ['-DROS_EDITION=ROS2', '-DHUMBLE_ROS=humble'], 'cmake_clean_cache': False, 'cmake_clean_first': False, 'cmake_force_configure': False, 'cmake_target': None, 'cmake_target_skip_unavailable': False, 'install_base': '/home/chairman/working/ros2/leida/ws_livox/install/odometry', 'merge_install': False, 'path': '/home/chairman/working/ros2/leida/ws_livox/src/odometry', 'symlink_install': False, 'test_result_base': None}
[0.221s] Level 5:colcon.colcon_core.verb:set package 'pcd2pgm' build argument 'cmake_args' from command line to '['-DROS_EDITION=ROS2', '-DHUMBLE_ROS=humble']'
[0.221s] Level 5:colcon.colcon_core.verb:set package 'pcd2pgm' build argument 'cmake_target' from command line to 'None'
[0.221s] Level 5:colcon.colcon_core.verb:set package 'pcd2pgm' build argument 'cmake_target_skip_unavailable' from command line to 'False'
[0.221s] Level 5:colcon.colcon_core.verb:set package 'pcd2pgm' build argument 'cmake_clean_cache' from command line to 'False'
[0.221s] Level 5:colcon.colcon_core.verb:set package 'pcd2pgm' build argument 'cmake_clean_first' from command line to 'False'
[0.221s] Level 5:colcon.colcon_core.verb:set package 'pcd2pgm' build argument 'cmake_force_configure' from command line to 'False'
[0.221s] Level 5:colcon.colcon_core.verb:set package 'pcd2pgm' build argument 'ament_cmake_args' from command line to 'None'
[0.221s] Level 5:colcon.colcon_core.verb:set package 'pcd2pgm' build argument 'catkin_cmake_args' from command line to 'None'
[0.221s] Level 5:colcon.colcon_core.verb:set package 'pcd2pgm' build argument 'catkin_skip_building_tests' from command line to 'False'
[0.221s] DEBUG:colcon.colcon_core.verb:Building package 'pcd2pgm' with the following arguments: {'ament_cmake_args': None, 'build_base': '/home/chairman/working/ros2/leida/ws_livox/build/pcd2pgm', 'catkin_cmake_args': None, 'catkin_skip_building_tests': False, 'cmake_args': ['-DROS_EDITION=ROS2', '-DHUMBLE_ROS=humble'], 'cmake_clean_cache': False, 'cmake_clean_first': False, 'cmake_force_configure': False, 'cmake_target': None, 'cmake_target_skip_unavailable': False, 'install_base': '/home/chairman/working/ros2/leida/ws_livox/install/pcd2pgm', 'merge_install': False, 'path': '/home/chairman/working/ros2/leida/ws_livox/src/pcd2pgm', 'symlink_install': False, 'test_result_base': None}
[0.222s] Level 5:colcon.colcon_core.verb:set package 'fast_lio' build argument 'cmake_args' from command line to '['-DROS_EDITION=ROS2', '-DHUMBLE_ROS=humble']'
[0.222s] Level 5:colcon.colcon_core.verb:set package 'fast_lio' build argument 'cmake_target' from command line to 'None'
[0.222s] Level 5:colcon.colcon_core.verb:set package 'fast_lio' build argument 'cmake_target_skip_unavailable' from command line to 'False'
[0.222s] Level 5:colcon.colcon_core.verb:set package 'fast_lio' build argument 'cmake_clean_cache' from command line to 'False'
[0.222s] Level 5:colcon.colcon_core.verb:set package 'fast_lio' build argument 'cmake_clean_first' from command line to 'False'
[0.222s] Level 5:colcon.colcon_core.verb:set package 'fast_lio' build argument 'cmake_force_configure' from command line to 'False'
[0.222s] Level 5:colcon.colcon_core.verb:set package 'fast_lio' build argument 'ament_cmake_args' from command line to 'None'
[0.222s] Level 5:colcon.colcon_core.verb:set package 'fast_lio' build argument 'catkin_cmake_args' from command line to 'None'
[0.222s] Level 5:colcon.colcon_core.verb:set package 'fast_lio' build argument 'catkin_skip_building_tests' from command line to 'False'
[0.222s] DEBUG:colcon.colcon_core.verb:Building package 'fast_lio' with the following arguments: {'ament_cmake_args': None, 'build_base': '/home/chairman/working/ros2/leida/ws_livox/build/fast_lio', 'catkin_cmake_args': None, 'catkin_skip_building_tests': False, 'cmake_args': ['-DROS_EDITION=ROS2', '-DHUMBLE_ROS=humble'], 'cmake_clean_cache': False, 'cmake_clean_first': False, 'cmake_force_configure': False, 'cmake_target': None, 'cmake_target_skip_unavailable': False, 'install_base': '/home/chairman/working/ros2/leida/ws_livox/install/fast_lio', 'merge_install': False, 'path': '/home/chairman/working/ros2/leida/ws_livox/src/fast_lio', 'symlink_install': False, 'test_result_base': None}
[0.222s] Level 5:colcon.colcon_core.verb:set package 'point_lio' build argument 'cmake_args' from command line to '['-DROS_EDITION=ROS2', '-DHUMBLE_ROS=humble']'
[0.222s] Level 5:colcon.colcon_core.verb:set package 'point_lio' build argument 'cmake_target' from command line to 'None'
[0.222s] Level 5:colcon.colcon_core.verb:set package 'point_lio' build argument 'cmake_target_skip_unavailable' from command line to 'False'
[0.222s] Level 5:colcon.colcon_core.verb:set package 'point_lio' build argument 'cmake_clean_cache' from command line to 'False'
[0.222s] Level 5:colcon.colcon_core.verb:set package 'point_lio' build argument 'cmake_clean_first' from command line to 'False'
[0.222s] Level 5:colcon.colcon_core.verb:set package 'point_lio' build argument 'cmake_force_configure' from command line to 'False'
[0.222s] Level 5:colcon.colcon_core.verb:set package 'point_lio' build argument 'ament_cmake_args' from command line to 'None'
[0.222s] Level 5:colcon.colcon_core.verb:set package 'point_lio' build argument 'catkin_cmake_args' from command line to 'None'
[0.222s] Level 5:colcon.colcon_core.verb:set package 'point_lio' build argument 'catkin_skip_building_tests' from command line to 'False'
[0.222s] DEBUG:colcon.colcon_core.verb:Building package 'point_lio' with the following arguments: {'ament_cmake_args': None, 'build_base': '/home/chairman/working/ros2/leida/ws_livox/build/point_lio', 'catkin_cmake_args': None, 'catkin_skip_building_tests': False, 'cmake_args': ['-DROS_EDITION=ROS2', '-DHUMBLE_ROS=humble'], 'cmake_clean_cache': False, 'cmake_clean_first': False, 'cmake_force_configure': False, 'cmake_target': None, 'cmake_target_skip_unavailable': False, 'install_base': '/home/chairman/working/ros2/leida/ws_livox/install/point_lio', 'merge_install': False, 'path': '/home/chairman/working/ros2/leida/ws_livox/src/point_lio', 'symlink_install': False, 'test_result_base': None}
[0.222s] INFO:colcon.colcon_core.executor:Executing jobs using 'parallel' executor
[0.223s] DEBUG:colcon.colcon_parallel_executor.executor.parallel:run_until_complete
[0.223s] INFO:colcon.colcon_ros.task.ament_cmake.build:Building ROS package in '/home/chairman/working/ros2/leida/ws_livox/src/livox_ros_driver2' with build type 'ament_cmake'
[0.223s] INFO:colcon.colcon_cmake.task.cmake.build:Building CMake package in '/home/chairman/working/ros2/leida/ws_livox/src/livox_ros_driver2'
[0.225s] INFO:colcon.colcon_core.plugin_system:Skipping extension 'colcon_core.shell.bat': Not used on non-Windows systems
[0.225s] INFO:colcon.colcon_core.shell:Skip shell extension 'powershell' for command environment: Not usable outside of PowerShell
[0.225s] DEBUG:colcon.colcon_core.shell:Skip shell extension 'dsv' for command environment
[0.227s] INFO:colcon.colcon_ros.task.ament_cmake.build:Building ROS package in '/home/chairman/working/ros2/leida/ws_livox/src/odometry' with build type 'ament_cmake'
[0.227s] INFO:colcon.colcon_cmake.task.cmake.build:Building CMake package in '/home/chairman/working/ros2/leida/ws_livox/src/odometry'
[0.227s] INFO:colcon.colcon_core.shell:Skip shell extension 'powershell' for command environment: Not usable outside of PowerShell
[0.227s] DEBUG:colcon.colcon_core.shell:Skip shell extension 'dsv' for command environment
[0.230s] INFO:colcon.colcon_ros.task.ament_cmake.build:Building ROS package in '/home/chairman/working/ros2/leida/ws_livox/src/pcd2pgm' with build type 'ament_cmake'
[0.230s] INFO:colcon.colcon_cmake.task.cmake.build:Building CMake package in '/home/chairman/working/ros2/leida/ws_livox/src/pcd2pgm'
[0.230s] INFO:colcon.colcon_core.shell:Skip shell extension 'powershell' for command environment: Not usable outside of PowerShell
[0.230s] DEBUG:colcon.colcon_core.shell:Skip shell extension 'dsv' for command environment
[0.234s] DEBUG:colcon.colcon_core.event_handler.log_command:Invoking command in '/home/chairman/working/ros2/leida/ws_livox/build/livox_ros_driver2': CMAKE_PREFIX_PATH=/opt/ros/humble VIRTUAL_ENV_PROMPT=(venv) /usr/bin/cmake /home/chairman/working/ros2/leida/ws_livox/src/livox_ros_driver2 -DROS_EDITION=ROS2 -DHUMBLE_ROS=humble -DCMAKE_INSTALL_PREFIX=/home/chairman/working/ros2/leida/ws_livox/install/livox_ros_driver2
[0.235s] DEBUG:colcon.colcon_core.event_handler.log_command:Invoking command in '/home/chairman/working/ros2/leida/ws_livox/build/odometry': CMAKE_PREFIX_PATH=/opt/ros/humble VIRTUAL_ENV_PROMPT=(venv) /usr/bin/cmake /home/chairman/working/ros2/leida/ws_livox/src/odometry -DROS_EDITION=ROS2 -DHUMBLE_ROS=humble -DCMAKE_INSTALL_PREFIX=/home/chairman/working/ros2/leida/ws_livox/install/odometry
[0.238s] DEBUG:colcon.colcon_core.event_handler.log_command:Invoking command in '/home/chairman/working/ros2/leida/ws_livox/build/pcd2pgm': CMAKE_PREFIX_PATH=/opt/ros/humble VIRTUAL_ENV_PROMPT=(venv) /usr/bin/cmake /home/chairman/working/ros2/leida/ws_livox/src/pcd2pgm -DROS_EDITION=ROS2 -DHUMBLE_ROS=humble -DCMAKE_INSTALL_PREFIX=/home/chairman/working/ros2/leida/ws_livox/install/pcd2pgm
[1.297s] DEBUG:colcon.colcon_core.event_handler.log_command:Invoked command in '/home/chairman/working/ros2/leida/ws_livox/build/odometry' returned '0': CMAKE_PREFIX_PATH=/opt/ros/humble VIRTUAL_ENV_PROMPT=(venv) /usr/bin/cmake /home/chairman/working/ros2/leida/ws_livox/src/odometry -DROS_EDITION=ROS2 -DHUMBLE_ROS=humble -DCMAKE_INSTALL_PREFIX=/home/chairman/working/ros2/leida/ws_livox/install/odometry
[1.299s] DEBUG:colcon.colcon_core.event_handler.log_command:Invoking command in '/home/chairman/working/ros2/leida/ws_livox/build/odometry': CMAKE_PREFIX_PATH=/opt/ros/humble VIRTUAL_ENV_PROMPT=(venv) /usr/bin/cmake --build /home/chairman/working/ros2/leida/ws_livox/build/odometry -- -j28 -l28
[2.760s] DEBUG:colcon.colcon_core.event_handler.log_command:Invoked command in '/home/chairman/working/ros2/leida/ws_livox/build/pcd2pgm' returned '0': CMAKE_PREFIX_PATH=/opt/ros/humble VIRTUAL_ENV_PROMPT=(venv) /usr/bin/cmake /home/chairman/working/ros2/leida/ws_livox/src/pcd2pgm -DROS_EDITION=ROS2 -DHUMBLE_ROS=humble -DCMAKE_INSTALL_PREFIX=/home/chairman/working/ros2/leida/ws_livox/install/pcd2pgm
[2.760s] DEBUG:colcon.colcon_core.event_handler.log_command:Invoking command in '/home/chairman/working/ros2/leida/ws_livox/build/pcd2pgm': CMAKE_PREFIX_PATH=/opt/ros/humble VIRTUAL_ENV_PROMPT=(venv) /usr/bin/cmake --build /home/chairman/working/ros2/leida/ws_livox/build/pcd2pgm -- -j28 -l28
[3.375s] DEBUG:colcon.colcon_core.event_handler.log_command:Invoked command in '/home/chairman/working/ros2/leida/ws_livox/build/livox_ros_driver2' returned '0': CMAKE_PREFIX_PATH=/opt/ros/humble VIRTUAL_ENV_PROMPT=(venv) /usr/bin/cmake /home/chairman/working/ros2/leida/ws_livox/src/livox_ros_driver2 -DROS_EDITION=ROS2 -DHUMBLE_ROS=humble -DCMAKE_INSTALL_PREFIX=/home/chairman/working/ros2/leida/ws_livox/install/livox_ros_driver2
[3.377s] DEBUG:colcon.colcon_core.event_handler.log_command:Invoking command in '/home/chairman/working/ros2/leida/ws_livox/build/livox_ros_driver2': CMAKE_PREFIX_PATH=/opt/ros/humble VIRTUAL_ENV_PROMPT=(venv) /usr/bin/cmake --build /home/chairman/working/ros2/leida/ws_livox/build/livox_ros_driver2 -- -j28 -l28
[7.127s] DEBUG:colcon.colcon_core.event_handler.log_command:Invoked command in '/home/chairman/working/ros2/leida/ws_livox/build/odometry' returned '0': CMAKE_PREFIX_PATH=/opt/ros/humble VIRTUAL_ENV_PROMPT=(venv) /usr/bin/cmake --build /home/chairman/working/ros2/leida/ws_livox/build/odometry -- -j28 -l28
[7.135s] DEBUG:colcon.colcon_core.event_handler.log_command:Invoking command in '/home/chairman/working/ros2/leida/ws_livox/build/odometry': CMAKE_PREFIX_PATH=/opt/ros/humble VIRTUAL_ENV_PROMPT=(venv) /usr/bin/cmake --install /home/chairman/working/ros2/leida/ws_livox/build/odometry
[7.145s] Level 1:colcon.colcon_core.environment:create_environment_scripts_only(odometry)
[7.146s] DEBUG:colcon.colcon_core.event_handler.log_command:Invoked command in '/home/chairman/working/ros2/leida/ws_livox/build/odometry' returned '0': CMAKE_PREFIX_PATH=/opt/ros/humble VIRTUAL_ENV_PROMPT=(venv) /usr/bin/cmake --install /home/chairman/working/ros2/leida/ws_livox/build/odometry
[7.148s] Level 1:colcon.colcon_core.environment:checking '/home/chairman/working/ros2/leida/ws_livox/install/odometry' for CMake module files
[7.148s] Level 1:colcon.colcon_core.environment:checking '/home/chairman/working/ros2/leida/ws_livox/install/odometry' for CMake config files
[7.148s] Level 1:colcon.colcon_core.shell:create_environment_hook('odometry', 'cmake_prefix_path')
[7.148s] INFO:colcon.colcon_core.shell:Creating environment hook '/home/chairman/working/ros2/leida/ws_livox/install/odometry/share/odometry/hook/cmake_prefix_path.ps1'
[7.148s] INFO:colcon.colcon_core.shell:Creating environment descriptor '/home/chairman/working/ros2/leida/ws_livox/install/odometry/share/odometry/hook/cmake_prefix_path.dsv'
[7.149s] INFO:colcon.colcon_core.shell:Creating environment hook '/home/chairman/working/ros2/leida/ws_livox/install/odometry/share/odometry/hook/cmake_prefix_path.sh'
[7.149s] Level 1:colcon.colcon_core.environment:checking '/home/chairman/working/ros2/leida/ws_livox/install/odometry/lib'
[7.149s] Level 1:colcon.colcon_core.environment:checking '/home/chairman/working/ros2/leida/ws_livox/install/odometry/bin'
[7.149s] Level 1:colcon.colcon_core.environment:checking '/home/chairman/working/ros2/leida/ws_livox/install/odometry/lib/pkgconfig/odometry.pc'
[7.150s] Level 1:colcon.colcon_core.environment:checking '/home/chairman/working/ros2/leida/ws_livox/install/odometry/lib/python3.10/site-packages'
[7.150s] Level 1:colcon.colcon_core.environment:checking '/home/chairman/working/ros2/leida/ws_livox/install/odometry/bin'
[7.150s] INFO:colcon.colcon_core.shell:Creating package script '/home/chairman/working/ros2/leida/ws_livox/install/odometry/share/odometry/package.ps1'
[7.150s] INFO:colcon.colcon_core.shell:Creating package descriptor '/home/chairman/working/ros2/leida/ws_livox/install/odometry/share/odometry/package.dsv'
[7.151s] INFO:colcon.colcon_core.shell:Creating package script '/home/chairman/working/ros2/leida/ws_livox/install/odometry/share/odometry/package.sh'
[7.151s] INFO:colcon.colcon_core.shell:Creating package script '/home/chairman/working/ros2/leida/ws_livox/install/odometry/share/odometry/package.bash'
[7.151s] INFO:colcon.colcon_core.shell:Creating package script '/home/chairman/working/ros2/leida/ws_livox/install/odometry/share/odometry/package.zsh'
[7.152s] Level 1:colcon.colcon_core.environment:create_file_with_runtime_dependencies(/home/chairman/working/ros2/leida/ws_livox/install/odometry/share/colcon-core/packages/odometry)
[7.152s] Level 1:colcon.colcon_core.environment:create_environment_scripts_only(odometry)
[7.152s] Level 1:colcon.colcon_core.environment:checking '/home/chairman/working/ros2/leida/ws_livox/install/odometry' for CMake module files
[7.152s] Level 1:colcon.colcon_core.environment:checking '/home/chairman/working/ros2/leida/ws_livox/install/odometry' for CMake config files
[7.153s] Level 1:colcon.colcon_core.shell:create_environment_hook('odometry', 'cmake_prefix_path')
[7.153s] INFO:colcon.colcon_core.shell:Creating environment hook '/home/chairman/working/ros2/leida/ws_livox/install/odometry/share/odometry/hook/cmake_prefix_path.ps1'
[7.153s] INFO:colcon.colcon_core.shell:Creating environment descriptor '/home/chairman/working/ros2/leida/ws_livox/install/odometry/share/odometry/hook/cmake_prefix_path.dsv'
[7.153s] INFO:colcon.colcon_core.shell:Creating environment hook '/home/chairman/working/ros2/leida/ws_livox/install/odometry/share/odometry/hook/cmake_prefix_path.sh'
[7.153s] Level 1:colcon.colcon_core.environment:checking '/home/chairman/working/ros2/leida/ws_livox/install/odometry/lib'
[7.154s] Level 1:colcon.colcon_core.environment:checking '/home/chairman/working/ros2/leida/ws_livox/install/odometry/bin'
[7.154s] Level 1:colcon.colcon_core.environment:checking '/home/chairman/working/ros2/leida/ws_livox/install/odometry/lib/pkgconfig/odometry.pc'
[7.154s] Level 1:colcon.colcon_core.environment:checking '/home/chairman/working/ros2/leida/ws_livox/install/odometry/lib/python3.10/site-packages'
[7.154s] Level 1:colcon.colcon_core.environment:checking '/home/chairman/working/ros2/leida/ws_livox/install/odometry/bin'
[7.154s] INFO:colcon.colcon_core.shell:Creating package script '/home/chairman/working/ros2/leida/ws_livox/install/odometry/share/odometry/package.ps1'
[7.154s] INFO:colcon.colcon_core.shell:Creating package descriptor '/home/chairman/working/ros2/leida/ws_livox/install/odometry/share/odometry/package.dsv'
[7.155s] INFO:colcon.colcon_core.shell:Creating package script '/home/chairman/working/ros2/leida/ws_livox/install/odometry/share/odometry/package.sh'
[7.155s] INFO:colcon.colcon_core.shell:Creating package script '/home/chairman/working/ros2/leida/ws_livox/install/odometry/share/odometry/package.bash'
[7.155s] INFO:colcon.colcon_core.shell:Creating package script '/home/chairman/working/ros2/leida/ws_livox/install/odometry/share/odometry/package.zsh'
[7.155s] Level 1:colcon.colcon_core.environment:create_file_with_runtime_dependencies(/home/chairman/working/ros2/leida/ws_livox/install/odometry/share/colcon-core/packages/odometry)
[8.667s] DEBUG:colcon.colcon_core.event_handler.log_command:Invoked command in '/home/chairman/working/ros2/leida/ws_livox/build/pcd2pgm' returned '0': CMAKE_PREFIX_PATH=/opt/ros/humble VIRTUAL_ENV_PROMPT=(venv) /usr/bin/cmake --build /home/chairman/working/ros2/leida/ws_livox/build/pcd2pgm -- -j28 -l28
[8.668s] DEBUG:colcon.colcon_core.event_handler.log_command:Invoking command in '/home/chairman/working/ros2/leida/ws_livox/build/pcd2pgm': CMAKE_PREFIX_PATH=/opt/ros/humble VIRTUAL_ENV_PROMPT=(venv) /usr/bin/cmake --install /home/chairman/working/ros2/leida/ws_livox/build/pcd2pgm
[8.683s] Level 1:colcon.colcon_core.environment:create_environment_scripts_only(pcd2pgm)
[8.683s] Level 1:colcon.colcon_core.environment:checking '/home/chairman/working/ros2/leida/ws_livox/install/pcd2pgm' for CMake module files
[8.684s] DEBUG:colcon.colcon_core.event_handler.log_command:Invoked command in '/home/chairman/working/ros2/leida/ws_livox/build/pcd2pgm' returned '0': CMAKE_PREFIX_PATH=/opt/ros/humble VIRTUAL_ENV_PROMPT=(venv) /usr/bin/cmake --install /home/chairman/working/ros2/leida/ws_livox/build/pcd2pgm
[8.684s] Level 1:colcon.colcon_core.environment:checking '/home/chairman/working/ros2/leida/ws_livox/install/pcd2pgm' for CMake config files
[8.684s] Level 1:colcon.colcon_core.shell:create_environment_hook('pcd2pgm', 'cmake_prefix_path')
[8.684s] INFO:colcon.colcon_core.shell:Creating environment hook '/home/chairman/working/ros2/leida/ws_livox/install/pcd2pgm/share/pcd2pgm/hook/cmake_prefix_path.ps1'
[8.684s] INFO:colcon.colcon_core.shell:Creating environment descriptor '/home/chairman/working/ros2/leida/ws_livox/install/pcd2pgm/share/pcd2pgm/hook/cmake_prefix_path.dsv'
[8.685s] INFO:colcon.colcon_core.shell:Creating environment hook '/home/chairman/working/ros2/leida/ws_livox/install/pcd2pgm/share/pcd2pgm/hook/cmake_prefix_path.sh'
[8.685s] Level 1:colcon.colcon_core.environment:checking '/home/chairman/working/ros2/leida/ws_livox/install/pcd2pgm/lib'
[8.685s] Level 1:colcon.colcon_core.environment:checking '/home/chairman/working/ros2/leida/ws_livox/install/pcd2pgm/bin'
[8.685s] Level 1:colcon.colcon_core.environment:checking '/home/chairman/working/ros2/leida/ws_livox/install/pcd2pgm/lib/pkgconfig/pcd2pgm.pc'
[8.685s] Level 1:colcon.colcon_core.environment:checking '/home/chairman/working/ros2/leida/ws_livox/install/pcd2pgm/lib/python3.10/site-packages'
[8.685s] Level 1:colcon.colcon_core.environment:checking '/home/chairman/working/ros2/leida/ws_livox/install/pcd2pgm/bin'
[8.685s] INFO:colcon.colcon_core.shell:Creating package script '/home/chairman/working/ros2/leida/ws_livox/install/pcd2pgm/share/pcd2pgm/package.ps1'
[8.686s] INFO:colcon.colcon_core.shell:Creating package descriptor '/home/chairman/working/ros2/leida/ws_livox/install/pcd2pgm/share/pcd2pgm/package.dsv'
[8.686s] INFO:colcon.colcon_core.shell:Creating package script '/home/chairman/working/ros2/leida/ws_livox/install/pcd2pgm/share/pcd2pgm/package.sh'
[8.686s] INFO:colcon.colcon_core.shell:Creating package script '/home/chairman/working/ros2/leida/ws_livox/install/pcd2pgm/share/pcd2pgm/package.bash'
[8.686s] INFO:colcon.colcon_core.shell:Creating package script '/home/chairman/working/ros2/leida/ws_livox/install/pcd2pgm/share/pcd2pgm/package.zsh'
[8.686s] Level 1:colcon.colcon_core.environment:create_file_with_runtime_dependencies(/home/chairman/working/ros2/leida/ws_livox/install/pcd2pgm/share/colcon-core/packages/pcd2pgm)
[8.687s] Level 1:colcon.colcon_core.environment:create_environment_scripts_only(pcd2pgm)
[8.687s] Level 1:colcon.colcon_core.environment:checking '/home/chairman/working/ros2/leida/ws_livox/install/pcd2pgm' for CMake module files
[8.687s] Level 1:colcon.colcon_core.environment:checking '/home/chairman/working/ros2/leida/ws_livox/install/pcd2pgm' for CMake config files
[8.687s] Level 1:colcon.colcon_core.shell:create_environment_hook('pcd2pgm', 'cmake_prefix_path')
[8.687s] INFO:colcon.colcon_core.shell:Creating environment hook '/home/chairman/working/ros2/leida/ws_livox/install/pcd2pgm/share/pcd2pgm/hook/cmake_prefix_path.ps1'
[8.688s] INFO:colcon.colcon_core.shell:Creating environment descriptor '/home/chairman/working/ros2/leida/ws_livox/install/pcd2pgm/share/pcd2pgm/hook/cmake_prefix_path.dsv'
[8.688s] INFO:colcon.colcon_core.shell:Creating environment hook '/home/chairman/working/ros2/leida/ws_livox/install/pcd2pgm/share/pcd2pgm/hook/cmake_prefix_path.sh'
[8.688s] Level 1:colcon.colcon_core.environment:checking '/home/chairman/working/ros2/leida/ws_livox/install/pcd2pgm/lib'
[8.688s] Level 1:colcon.colcon_core.environment:checking '/home/chairman/working/ros2/leida/ws_livox/install/pcd2pgm/bin'
[8.688s] Level 1:colcon.colcon_core.environment:checking '/home/chairman/working/ros2/leida/ws_livox/install/pcd2pgm/lib/pkgconfig/pcd2pgm.pc'
[8.688s] Level 1:colcon.colcon_core.environment:checking '/home/chairman/working/ros2/leida/ws_livox/install/pcd2pgm/lib/python3.10/site-packages'
[8.688s] Level 1:colcon.colcon_core.environment:checking '/home/chairman/working/ros2/leida/ws_livox/install/pcd2pgm/bin'
[8.689s] INFO:colcon.colcon_core.shell:Creating package script '/home/chairman/working/ros2/leida/ws_livox/install/pcd2pgm/share/pcd2pgm/package.ps1'
[8.689s] INFO:colcon.colcon_core.shell:Creating package descriptor '/home/chairman/working/ros2/leida/ws_livox/install/pcd2pgm/share/pcd2pgm/package.dsv'
[8.689s] INFO:colcon.colcon_core.shell:Creating package script '/home/chairman/working/ros2/leida/ws_livox/install/pcd2pgm/share/pcd2pgm/package.sh'
[8.689s] INFO:colcon.colcon_core.shell:Creating package script '/home/chairman/working/ros2/leida/ws_livox/install/pcd2pgm/share/pcd2pgm/package.bash'
[8.689s] INFO:colcon.colcon_core.shell:Creating package script '/home/chairman/working/ros2/leida/ws_livox/install/pcd2pgm/share/pcd2pgm/package.zsh'
[8.690s] Level 1:colcon.colcon_core.environment:create_file_with_runtime_dependencies(/home/chairman/working/ros2/leida/ws_livox/install/pcd2pgm/share/colcon-core/packages/pcd2pgm)
[10.107s] DEBUG:colcon.colcon_core.event_handler.log_command:Invoked command in '/home/chairman/working/ros2/leida/ws_livox/build/livox_ros_driver2' returned '0': CMAKE_PREFIX_PATH=/opt/ros/humble VIRTUAL_ENV_PROMPT=(venv) /usr/bin/cmake --build /home/chairman/working/ros2/leida/ws_livox/build/livox_ros_driver2 -- -j28 -l28
[10.108s] DEBUG:colcon.colcon_core.event_handler.log_command:Invoking command in '/home/chairman/working/ros2/leida/ws_livox/build/livox_ros_driver2': CMAKE_PREFIX_PATH=/opt/ros/humble VIRTUAL_ENV_PROMPT=(venv) /usr/bin/cmake --install /home/chairman/working/ros2/leida/ws_livox/build/livox_ros_driver2
[10.156s] Level 1:colcon.colcon_core.environment:create_environment_scripts_only(livox_ros_driver2)
[10.156s] Level 1:colcon.colcon_core.environment:checking '/home/chairman/working/ros2/leida/ws_livox/install/livox_ros_driver2' for CMake module files
[10.156s] DEBUG:colcon.colcon_core.event_handler.log_command:Invoked command in '/home/chairman/working/ros2/leida/ws_livox/build/livox_ros_driver2' returned '0': CMAKE_PREFIX_PATH=/opt/ros/humble VIRTUAL_ENV_PROMPT=(venv) /usr/bin/cmake --install /home/chairman/working/ros2/leida/ws_livox/build/livox_ros_driver2
[10.157s] Level 1:colcon.colcon_core.environment:checking '/home/chairman/working/ros2/leida/ws_livox/install/livox_ros_driver2' for CMake config files
[10.157s] Level 1:colcon.colcon_core.shell:create_environment_hook('livox_ros_driver2', 'cmake_prefix_path')
[10.157s] INFO:colcon.colcon_core.shell:Creating environment hook '/home/chairman/working/ros2/leida/ws_livox/install/livox_ros_driver2/share/livox_ros_driver2/hook/cmake_prefix_path.ps1'
[10.158s] INFO:colcon.colcon_core.shell:Creating environment descriptor '/home/chairman/working/ros2/leida/ws_livox/install/livox_ros_driver2/share/livox_ros_driver2/hook/cmake_prefix_path.dsv'
[10.158s] INFO:colcon.colcon_core.shell:Creating environment hook '/home/chairman/working/ros2/leida/ws_livox/install/livox_ros_driver2/share/livox_ros_driver2/hook/cmake_prefix_path.sh'
[10.158s] Level 1:colcon.colcon_core.environment:checking '/home/chairman/working/ros2/leida/ws_livox/install/livox_ros_driver2/lib'
[10.158s] Level 1:colcon.colcon_core.shell:create_environment_hook('livox_ros_driver2', 'ld_library_path_lib')
[10.158s] INFO:colcon.colcon_core.shell:Creating environment hook '/home/chairman/working/ros2/leida/ws_livox/install/livox_ros_driver2/share/livox_ros_driver2/hook/ld_library_path_lib.ps1'
[10.158s] INFO:colcon.colcon_core.shell:Creating environment descriptor '/home/chairman/working/ros2/leida/ws_livox/install/livox_ros_driver2/share/livox_ros_driver2/hook/ld_library_path_lib.dsv'
[10.159s] INFO:colcon.colcon_core.shell:Creating environment hook '/home/chairman/working/ros2/leida/ws_livox/install/livox_ros_driver2/share/livox_ros_driver2/hook/ld_library_path_lib.sh'
[10.159s] Level 1:colcon.colcon_core.environment:checking '/home/chairman/working/ros2/leida/ws_livox/install/livox_ros_driver2/bin'
[10.159s] Level 1:colcon.colcon_core.environment:checking '/home/chairman/working/ros2/leida/ws_livox/install/livox_ros_driver2/lib/pkgconfig/livox_ros_driver2.pc'
[10.159s] Level 1:colcon.colcon_core.environment:checking '/home/chairman/working/ros2/leida/ws_livox/install/livox_ros_driver2/lib/python3.10/site-packages'
[10.159s] Level 1:colcon.colcon_core.shell:create_environment_hook('livox_ros_driver2', 'pythonpath')
[10.159s] INFO:colcon.colcon_core.shell:Creating environment hook '/home/chairman/working/ros2/leida/ws_livox/install/livox_ros_driver2/share/livox_ros_driver2/hook/pythonpath.ps1'
[10.159s] INFO:colcon.colcon_core.shell:Creating environment descriptor '/home/chairman/working/ros2/leida/ws_livox/install/livox_ros_driver2/share/livox_ros_driver2/hook/pythonpath.dsv'
[10.159s] INFO:colcon.colcon_core.shell:Creating environment hook '/home/chairman/working/ros2/leida/ws_livox/install/livox_ros_driver2/share/livox_ros_driver2/hook/pythonpath.sh'
[10.160s] Level 1:colcon.colcon_core.environment:checking '/home/chairman/working/ros2/leida/ws_livox/install/livox_ros_driver2/bin'
[10.160s] INFO:colcon.colcon_core.shell:Creating package script '/home/chairman/working/ros2/leida/ws_livox/install/livox_ros_driver2/share/livox_ros_driver2/package.ps1'
[10.160s] INFO:colcon.colcon_core.shell:Creating package descriptor '/home/chairman/working/ros2/leida/ws_livox/install/livox_ros_driver2/share/livox_ros_driver2/package.dsv'
[10.160s] INFO:colcon.colcon_core.shell:Creating package script '/home/chairman/working/ros2/leida/ws_livox/install/livox_ros_driver2/share/livox_ros_driver2/package.sh'
[10.161s] INFO:colcon.colcon_core.shell:Creating package script '/home/chairman/working/ros2/leida/ws_livox/install/livox_ros_driver2/share/livox_ros_driver2/package.bash'
[10.161s] INFO:colcon.colcon_core.shell:Creating package script '/home/chairman/working/ros2/leida/ws_livox/install/livox_ros_driver2/share/livox_ros_driver2/package.zsh'
[10.161s] Level 1:colcon.colcon_core.environment:create_file_with_runtime_dependencies(/home/chairman/working/ros2/leida/ws_livox/install/livox_ros_driver2/share/colcon-core/packages/livox_ros_driver2)
[10.161s] Level 1:colcon.colcon_core.environment:create_environment_scripts_only(livox_ros_driver2)
[10.162s] Level 1:colcon.colcon_core.environment:checking '/home/chairman/working/ros2/leida/ws_livox/install/livox_ros_driver2' for CMake module files
[10.162s] Level 1:colcon.colcon_core.environment:checking '/home/chairman/working/ros2/leida/ws_livox/install/livox_ros_driver2' for CMake config files
[10.162s] Level 1:colcon.colcon_core.shell:create_environment_hook('livox_ros_driver2', 'cmake_prefix_path')
[10.162s] INFO:colcon.colcon_core.shell:Creating environment hook '/home/chairman/working/ros2/leida/ws_livox/install/livox_ros_driver2/share/livox_ros_driver2/hook/cmake_prefix_path.ps1'
[10.163s] INFO:colcon.colcon_core.shell:Creating environment descriptor '/home/chairman/working/ros2/leida/ws_livox/install/livox_ros_driver2/share/livox_ros_driver2/hook/cmake_prefix_path.dsv'
[10.163s] INFO:colcon.colcon_core.shell:Creating environment hook '/home/chairman/working/ros2/leida/ws_livox/install/livox_ros_driver2/share/livox_ros_driver2/hook/cmake_prefix_path.sh'
[10.163s] Level 1:colcon.colcon_core.environment:checking '/home/chairman/working/ros2/leida/ws_livox/install/livox_ros_driver2/lib'
[10.163s] Level 1:colcon.colcon_core.shell:create_environment_hook('livox_ros_driver2', 'ld_library_path_lib')
[10.163s] INFO:colcon.colcon_core.shell:Creating environment hook '/home/chairman/working/ros2/leida/ws_livox/install/livox_ros_driver2/share/livox_ros_driver2/hook/ld_library_path_lib.ps1'
[10.163s] INFO:colcon.colcon_core.shell:Creating environment descriptor '/home/chairman/working/ros2/leida/ws_livox/install/livox_ros_driver2/share/livox_ros_driver2/hook/ld_library_path_lib.dsv'
[10.164s] INFO:colcon.colcon_core.shell:Creating environment hook '/home/chairman/working/ros2/leida/ws_livox/install/livox_ros_driver2/share/livox_ros_driver2/hook/ld_library_path_lib.sh'
[10.164s] Level 1:colcon.colcon_core.environment:checking '/home/chairman/working/ros2/leida/ws_livox/install/livox_ros_driver2/bin'
[10.164s] Level 1:colcon.colcon_core.environment:checking '/home/chairman/working/ros2/leida/ws_livox/install/livox_ros_driver2/lib/pkgconfig/livox_ros_driver2.pc'
[10.164s] Level 1:colcon.colcon_core.environment:checking '/home/chairman/working/ros2/leida/ws_livox/install/livox_ros_driver2/lib/python3.10/site-packages'
[10.164s] Level 1:colcon.colcon_core.shell:create_environment_hook('livox_ros_driver2', 'pythonpath')
[10.164s] INFO:colcon.colcon_core.shell:Creating environment hook '/home/chairman/working/ros2/leida/ws_livox/install/livox_ros_driver2/share/livox_ros_driver2/hook/pythonpath.ps1'
[10.165s] INFO:colcon.colcon_core.shell:Creating environment descriptor '/home/chairman/working/ros2/leida/ws_livox/install/livox_ros_driver2/share/livox_ros_driver2/hook/pythonpath.dsv'
[10.165s] INFO:colcon.colcon_core.shell:Creating environment hook '/home/chairman/working/ros2/leida/ws_livox/install/livox_ros_driver2/share/livox_ros_driver2/hook/pythonpath.sh'
[10.165s] Level 1:colcon.colcon_core.environment:checking '/home/chairman/working/ros2/leida/ws_livox/install/livox_ros_driver2/bin'
[10.165s] INFO:colcon.colcon_core.shell:Creating package script '/home/chairman/working/ros2/leida/ws_livox/install/livox_ros_driver2/share/livox_ros_driver2/package.ps1'
[10.166s] INFO:colcon.colcon_core.shell:Creating package descriptor '/home/chairman/working/ros2/leida/ws_livox/install/livox_ros_driver2/share/livox_ros_driver2/package.dsv'
[10.166s] INFO:colcon.colcon_core.shell:Creating package script '/home/chairman/working/ros2/leida/ws_livox/install/livox_ros_driver2/share/livox_ros_driver2/package.sh'
[10.166s] INFO:colcon.colcon_core.shell:Creating package script '/home/chairman/working/ros2/leida/ws_livox/install/livox_ros_driver2/share/livox_ros_driver2/package.bash'
[10.166s] INFO:colcon.colcon_core.shell:Creating package script '/home/chairman/working/ros2/leida/ws_livox/install/livox_ros_driver2/share/livox_ros_driver2/package.zsh'
[10.166s] Level 1:colcon.colcon_core.environment:create_file_with_runtime_dependencies(/home/chairman/working/ros2/leida/ws_livox/install/livox_ros_driver2/share/colcon-core/packages/livox_ros_driver2)
[10.167s] INFO:colcon.colcon_ros.task.ament_cmake.build:Building ROS package in '/home/chairman/working/ros2/leida/ws_livox/src/fast_lio' with build type 'ament_cmake'
[10.167s] INFO:colcon.colcon_cmake.task.cmake.build:Building CMake package in '/home/chairman/working/ros2/leida/ws_livox/src/fast_lio'
[10.167s] INFO:colcon.colcon_core.shell:Skip shell extension 'powershell' for command environment: Not usable outside of PowerShell
[10.167s] DEBUG:colcon.colcon_core.shell:Skip shell extension 'dsv' for command environment
[10.169s] INFO:colcon.colcon_ros.task.ament_cmake.build:Building ROS package in '/home/chairman/working/ros2/leida/ws_livox/src/point_lio' with build type 'ament_cmake'
[10.169s] INFO:colcon.colcon_cmake.task.cmake.build:Building CMake package in '/home/chairman/working/ros2/leida/ws_livox/src/point_lio'
[10.169s] INFO:colcon.colcon_core.shell:Skip shell extension 'powershell' for command environment: Not usable outside of PowerShell
[10.169s] DEBUG:colcon.colcon_core.shell:Skip shell extension 'dsv' for command environment
[10.175s] DEBUG:colcon.colcon_core.event_handler.log_command:Invoking command in '/home/chairman/working/ros2/leida/ws_livox/build/fast_lio': AMENT_PREFIX_PATH=/home/chairman/working/ros2/leida/ws_livox/install/livox_ros_driver2:${AMENT_PREFIX_PATH} CMAKE_PREFIX_PATH=/home/chairman/working/ros2/leida/ws_livox/install/livox_ros_driver2:/opt/ros/humble LD_LIBRARY_PATH=/home/chairman/working/ros2/leida/ws_livox/install/livox_ros_driver2/lib:/usr/lib/x86_64-linux-gnu:/usr/lib/x86_64-linux-gnu/gazebo-11/plugins:/opt/ros/humble/opt/rviz_ogre_vendor/lib:/opt/ros/humble/lib/x86_64-linux-gnu:/opt/ros/humble/lib:/usr/lib/x86_64-linux-gnu PYTHONPATH=/home/chairman/working/ros2/leida/ws_livox/install/livox_ros_driver2/lib/python3.10/site-packages:${PYTHONPATH} VIRTUAL_ENV_PROMPT=(venv) /usr/bin/cmake /home/chairman/working/ros2/leida/ws_livox/src/fast_lio -DROS_EDITION=ROS2 -DHUMBLE_ROS=humble -DCMAKE_INSTALL_PREFIX=/home/chairman/working/ros2/leida/ws_livox/install/fast_lio
[10.178s] DEBUG:colcon.colcon_core.event_handler.log_command:Invoking command in '/home/chairman/working/ros2/leida/ws_livox/build/point_lio': AMENT_PREFIX_PATH=/home/chairman/working/ros2/leida/ws_livox/install/livox_ros_driver2:${AMENT_PREFIX_PATH} CMAKE_PREFIX_PATH=/home/chairman/working/ros2/leida/ws_livox/install/livox_ros_driver2:/opt/ros/humble LD_LIBRARY_PATH=/home/chairman/working/ros2/leida/ws_livox/install/livox_ros_driver2/lib:/usr/lib/x86_64-linux-gnu:/usr/lib/x86_64-linux-gnu/gazebo-11/plugins:/opt/ros/humble/opt/rviz_ogre_vendor/lib:/opt/ros/humble/lib/x86_64-linux-gnu:/opt/ros/humble/lib:/usr/lib/x86_64-linux-gnu PYTHONPATH=/home/chairman/working/ros2/leida/ws_livox/install/livox_ros_driver2/lib/python3.10/site-packages:${PYTHONPATH} VIRTUAL_ENV_PROMPT=(venv) /usr/bin/cmake /home/chairman/working/ros2/leida/ws_livox/src/point_lio -DROS_EDITION=ROS2 -DHUMBLE_ROS=humble -DCMAKE_INSTALL_PREFIX=/home/chairman/working/ros2/leida/ws_livox/install/point_lio
[13.122s] DEBUG:colcon.colcon_core.event_handler.log_command:Invoked command in '/home/chairman/working/ros2/leida/ws_livox/build/point_lio' returned '0': AMENT_PREFIX_PATH=/home/chairman/working/ros2/leida/ws_livox/install/livox_ros_driver2:${AMENT_PREFIX_PATH} CMAKE_PREFIX_PATH=/home/chairman/working/ros2/leida/ws_livox/install/livox_ros_driver2:/opt/ros/humble LD_LIBRARY_PATH=/home/chairman/working/ros2/leida/ws_livox/install/livox_ros_driver2/lib:/usr/lib/x86_64-linux-gnu:/usr/lib/x86_64-linux-gnu/gazebo-11/plugins:/opt/ros/humble/opt/rviz_ogre_vendor/lib:/opt/ros/humble/lib/x86_64-linux-gnu:/opt/ros/humble/lib:/usr/lib/x86_64-linux-gnu PYTHONPATH=/home/chairman/working/ros2/leida/ws_livox/install/livox_ros_driver2/lib/python3.10/site-packages:${PYTHONPATH} VIRTUAL_ENV_PROMPT=(venv) /usr/bin/cmake /home/chairman/working/ros2/leida/ws_livox/src/point_lio -DROS_EDITION=ROS2 -DHUMBLE_ROS=humble -DCMAKE_INSTALL_PREFIX=/home/chairman/working/ros2/leida/ws_livox/install/point_lio
[13.123s] DEBUG:colcon.colcon_core.event_handler.log_command:Invoking command in '/home/chairman/working/ros2/leida/ws_livox/build/point_lio': AMENT_PREFIX_PATH=/home/chairman/working/ros2/leida/ws_livox/install/livox_ros_driver2:${AMENT_PREFIX_PATH} CMAKE_PREFIX_PATH=/home/chairman/working/ros2/leida/ws_livox/install/livox_ros_driver2:/opt/ros/humble LD_LIBRARY_PATH=/home/chairman/working/ros2/leida/ws_livox/install/livox_ros_driver2/lib:/usr/lib/x86_64-linux-gnu:/usr/lib/x86_64-linux-gnu/gazebo-11/plugins:/opt/ros/humble/opt/rviz_ogre_vendor/lib:/opt/ros/humble/lib/x86_64-linux-gnu:/opt/ros/humble/lib:/usr/lib/x86_64-linux-gnu PYTHONPATH=/home/chairman/working/ros2/leida/ws_livox/install/livox_ros_driver2/lib/python3.10/site-packages:${PYTHONPATH} VIRTUAL_ENV_PROMPT=(venv) /usr/bin/cmake --build /home/chairman/working/ros2/leida/ws_livox/build/point_lio -- -j28 -l28
[13.690s] DEBUG:colcon.colcon_core.event_handler.log_command:Invoked command in '/home/chairman/working/ros2/leida/ws_livox/build/fast_lio' returned '0': AMENT_PREFIX_PATH=/home/chairman/working/ros2/leida/ws_livox/install/livox_ros_driver2:${AMENT_PREFIX_PATH} CMAKE_PREFIX_PATH=/home/chairman/working/ros2/leida/ws_livox/install/livox_ros_driver2:/opt/ros/humble LD_LIBRARY_PATH=/home/chairman/working/ros2/leida/ws_livox/install/livox_ros_driver2/lib:/usr/lib/x86_64-linux-gnu:/usr/lib/x86_64-linux-gnu/gazebo-11/plugins:/opt/ros/humble/opt/rviz_ogre_vendor/lib:/opt/ros/humble/lib/x86_64-linux-gnu:/opt/ros/humble/lib:/usr/lib/x86_64-linux-gnu PYTHONPATH=/home/chairman/working/ros2/leida/ws_livox/install/livox_ros_driver2/lib/python3.10/site-packages:${PYTHONPATH} VIRTUAL_ENV_PROMPT=(venv) /usr/bin/cmake /home/chairman/working/ros2/leida/ws_livox/src/fast_lio -DROS_EDITION=ROS2 -DHUMBLE_ROS=humble -DCMAKE_INSTALL_PREFIX=/home/chairman/working/ros2/leida/ws_livox/install/fast_lio
[13.692s] DEBUG:colcon.colcon_core.event_handler.log_command:Invoking command in '/home/chairman/working/ros2/leida/ws_livox/build/fast_lio': AMENT_PREFIX_PATH=/home/chairman/working/ros2/leida/ws_livox/install/livox_ros_driver2:${AMENT_PREFIX_PATH} CMAKE_PREFIX_PATH=/home/chairman/working/ros2/leida/ws_livox/install/livox_ros_driver2:/opt/ros/humble LD_LIBRARY_PATH=/home/chairman/working/ros2/leida/ws_livox/install/livox_ros_driver2/lib:/usr/lib/x86_64-linux-gnu:/usr/lib/x86_64-linux-gnu/gazebo-11/plugins:/opt/ros/humble/opt/rviz_ogre_vendor/lib:/opt/ros/humble/lib/x86_64-linux-gnu:/opt/ros/humble/lib:/usr/lib/x86_64-linux-gnu PYTHONPATH=/home/chairman/working/ros2/leida/ws_livox/install/livox_ros_driver2/lib/python3.10/site-packages:${PYTHONPATH} VIRTUAL_ENV_PROMPT=(venv) /usr/bin/cmake --build /home/chairman/working/ros2/leida/ws_livox/build/fast_lio -- -j28 -l28
[48.836s] DEBUG:colcon.colcon_core.event_handler.log_command:Invoked command in '/home/chairman/working/ros2/leida/ws_livox/build/point_lio' returned '0': AMENT_PREFIX_PATH=/home/chairman/working/ros2/leida/ws_livox/install/livox_ros_driver2:${AMENT_PREFIX_PATH} CMAKE_PREFIX_PATH=/home/chairman/working/ros2/leida/ws_livox/install/livox_ros_driver2:/opt/ros/humble LD_LIBRARY_PATH=/home/chairman/working/ros2/leida/ws_livox/install/livox_ros_driver2/lib:/usr/lib/x86_64-linux-gnu:/usr/lib/x86_64-linux-gnu/gazebo-11/plugins:/opt/ros/humble/opt/rviz_ogre_vendor/lib:/opt/ros/humble/lib/x86_64-linux-gnu:/opt/ros/humble/lib:/usr/lib/x86_64-linux-gnu PYTHONPATH=/home/chairman/working/ros2/leida/ws_livox/install/livox_ros_driver2/lib/python3.10/site-packages:${PYTHONPATH} VIRTUAL_ENV_PROMPT=(venv) /usr/bin/cmake --build /home/chairman/working/ros2/leida/ws_livox/build/point_lio -- -j28 -l28
[48.838s] DEBUG:colcon.colcon_core.event_handler.log_command:Invoking command in '/home/chairman/working/ros2/leida/ws_livox/build/point_lio': AMENT_PREFIX_PATH=/home/chairman/working/ros2/leida/ws_livox/install/livox_ros_driver2:${AMENT_PREFIX_PATH} CMAKE_PREFIX_PATH=/home/chairman/working/ros2/leida/ws_livox/install/livox_ros_driver2:/opt/ros/humble LD_LIBRARY_PATH=/home/chairman/working/ros2/leida/ws_livox/install/livox_ros_driver2/lib:/usr/lib/x86_64-linux-gnu:/usr/lib/x86_64-linux-gnu/gazebo-11/plugins:/opt/ros/humble/opt/rviz_ogre_vendor/lib:/opt/ros/humble/lib/x86_64-linux-gnu:/opt/ros/humble/lib:/usr/lib/x86_64-linux-gnu PYTHONPATH=/home/chairman/working/ros2/leida/ws_livox/install/livox_ros_driver2/lib/python3.10/site-packages:${PYTHONPATH} VIRTUAL_ENV_PROMPT=(venv) /usr/bin/cmake --install /home/chairman/working/ros2/leida/ws_livox/build/point_lio
[48.849s] Level 1:colcon.colcon_core.environment:create_environment_scripts_only(point_lio)
[48.849s] Level 1:colcon.colcon_core.environment:checking '/home/chairman/working/ros2/leida/ws_livox/install/point_lio' for CMake module files
[48.849s] DEBUG:colcon.colcon_core.event_handler.log_command:Invoked command in '/home/chairman/working/ros2/leida/ws_livox/build/point_lio' returned '0': AMENT_PREFIX_PATH=/home/chairman/working/ros2/leida/ws_livox/install/livox_ros_driver2:${AMENT_PREFIX_PATH} CMAKE_PREFIX_PATH=/home/chairman/working/ros2/leida/ws_livox/install/livox_ros_driver2:/opt/ros/humble LD_LIBRARY_PATH=/home/chairman/working/ros2/leida/ws_livox/install/livox_ros_driver2/lib:/usr/lib/x86_64-linux-gnu:/usr/lib/x86_64-linux-gnu/gazebo-11/plugins:/opt/ros/humble/opt/rviz_ogre_vendor/lib:/opt/ros/humble/lib/x86_64-linux-gnu:/opt/ros/humble/lib:/usr/lib/x86_64-linux-gnu PYTHONPATH=/home/chairman/working/ros2/leida/ws_livox/install/livox_ros_driver2/lib/python3.10/site-packages:${PYTHONPATH} VIRTUAL_ENV_PROMPT=(venv) /usr/bin/cmake --install /home/chairman/working/ros2/leida/ws_livox/build/point_lio
[48.850s] Level 1:colcon.colcon_core.environment:checking '/home/chairman/working/ros2/leida/ws_livox/install/point_lio' for CMake config files
[48.850s] Level 1:colcon.colcon_core.shell:create_environment_hook('point_lio', 'cmake_prefix_path')
[48.850s] INFO:colcon.colcon_core.shell:Creating environment hook '/home/chairman/working/ros2/leida/ws_livox/install/point_lio/share/point_lio/hook/cmake_prefix_path.ps1'
[48.851s] INFO:colcon.colcon_core.shell:Creating environment descriptor '/home/chairman/working/ros2/leida/ws_livox/install/point_lio/share/point_lio/hook/cmake_prefix_path.dsv'
[48.851s] INFO:colcon.colcon_core.shell:Creating environment hook '/home/chairman/working/ros2/leida/ws_livox/install/point_lio/share/point_lio/hook/cmake_prefix_path.sh'
[48.852s] Level 1:colcon.colcon_core.environment:checking '/home/chairman/working/ros2/leida/ws_livox/install/point_lio/lib'
[48.852s] Level 1:colcon.colcon_core.environment:checking '/home/chairman/working/ros2/leida/ws_livox/install/point_lio/bin'
[48.852s] Level 1:colcon.colcon_core.environment:checking '/home/chairman/working/ros2/leida/ws_livox/install/point_lio/lib/pkgconfig/point_lio.pc'
[48.852s] Level 1:colcon.colcon_core.environment:checking '/home/chairman/working/ros2/leida/ws_livox/install/point_lio/lib/python3.10/site-packages'
[48.852s] Level 1:colcon.colcon_core.environment:checking '/home/chairman/working/ros2/leida/ws_livox/install/point_lio/bin'
[48.853s] INFO:colcon.colcon_core.shell:Creating package script '/home/chairman/working/ros2/leida/ws_livox/install/point_lio/share/point_lio/package.ps1'
[48.853s] INFO:colcon.colcon_core.shell:Creating package descriptor '/home/chairman/working/ros2/leida/ws_livox/install/point_lio/share/point_lio/package.dsv'
[48.853s] INFO:colcon.colcon_core.shell:Creating package script '/home/chairman/working/ros2/leida/ws_livox/install/point_lio/share/point_lio/package.sh'
[48.854s] INFO:colcon.colcon_core.shell:Creating package script '/home/chairman/working/ros2/leida/ws_livox/install/point_lio/share/point_lio/package.bash'
[48.854s] INFO:colcon.colcon_core.shell:Creating package script '/home/chairman/working/ros2/leida/ws_livox/install/point_lio/share/point_lio/package.zsh'
[48.854s] Level 1:colcon.colcon_core.environment:create_file_with_runtime_dependencies(/home/chairman/working/ros2/leida/ws_livox/install/point_lio/share/colcon-core/packages/point_lio)
[48.855s] Level 1:colcon.colcon_core.environment:create_environment_scripts_only(point_lio)
[48.855s] Level 1:colcon.colcon_core.environment:checking '/home/chairman/working/ros2/leida/ws_livox/install/point_lio' for CMake module files
[48.856s] Level 1:colcon.colcon_core.environment:checking '/home/chairman/working/ros2/leida/ws_livox/install/point_lio' for CMake config files
[48.856s] Level 1:colcon.colcon_core.shell:create_environment_hook('point_lio', 'cmake_prefix_path')
[48.856s] INFO:colcon.colcon_core.shell:Creating environment hook '/home/chairman/working/ros2/leida/ws_livox/install/point_lio/share/point_lio/hook/cmake_prefix_path.ps1'
[48.856s] INFO:colcon.colcon_core.shell:Creating environment descriptor '/home/chairman/working/ros2/leida/ws_livox/install/point_lio/share/point_lio/hook/cmake_prefix_path.dsv'
[48.857s] INFO:colcon.colcon_core.shell:Creating environment hook '/home/chairman/working/ros2/leida/ws_livox/install/point_lio/share/point_lio/hook/cmake_prefix_path.sh'
[48.857s] Level 1:colcon.colcon_core.environment:checking '/home/chairman/working/ros2/leida/ws_livox/install/point_lio/lib'
[48.857s] Level 1:colcon.colcon_core.environment:checking '/home/chairman/working/ros2/leida/ws_livox/install/point_lio/bin'
[48.857s] Level 1:colcon.colcon_core.environment:checking '/home/chairman/working/ros2/leida/ws_livox/install/point_lio/lib/pkgconfig/point_lio.pc'
[48.857s] Level 1:colcon.colcon_core.environment:checking '/home/chairman/working/ros2/leida/ws_livox/install/point_lio/lib/python3.10/site-packages'
[48.857s] Level 1:colcon.colcon_core.environment:checking '/home/chairman/working/ros2/leida/ws_livox/install/point_lio/bin'
[48.858s] INFO:colcon.colcon_core.shell:Creating package script '/home/chairman/working/ros2/leida/ws_livox/install/point_lio/share/point_lio/package.ps1'
[48.858s] INFO:colcon.colcon_core.shell:Creating package descriptor '/home/chairman/working/ros2/leida/ws_livox/install/point_lio/share/point_lio/package.dsv'
[48.858s] INFO:colcon.colcon_core.shell:Creating package script '/home/chairman/working/ros2/leida/ws_livox/install/point_lio/share/point_lio/package.sh'
[48.858s] INFO:colcon.colcon_core.shell:Creating package script '/home/chairman/working/ros2/leida/ws_livox/install/point_lio/share/point_lio/package.bash'
[48.859s] INFO:colcon.colcon_core.shell:Creating package script '/home/chairman/working/ros2/leida/ws_livox/install/point_lio/share/point_lio/package.zsh'
[48.859s] Level 1:colcon.colcon_core.environment:create_file_with_runtime_dependencies(/home/chairman/working/ros2/leida/ws_livox/install/point_lio/share/colcon-core/packages/point_lio)
[58.128s] DEBUG:colcon.colcon_core.event_handler.log_command:Invoked command in '/home/chairman/working/ros2/leida/ws_livox/build/fast_lio' returned '0': AMENT_PREFIX_PATH=/home/chairman/working/ros2/leida/ws_livox/install/livox_ros_driver2:${AMENT_PREFIX_PATH} CMAKE_PREFIX_PATH=/home/chairman/working/ros2/leida/ws_livox/install/livox_ros_driver2:/opt/ros/humble LD_LIBRARY_PATH=/home/chairman/working/ros2/leida/ws_livox/install/livox_ros_driver2/lib:/usr/lib/x86_64-linux-gnu:/usr/lib/x86_64-linux-gnu/gazebo-11/plugins:/opt/ros/humble/opt/rviz_ogre_vendor/lib:/opt/ros/humble/lib/x86_64-linux-gnu:/opt/ros/humble/lib:/usr/lib/x86_64-linux-gnu PYTHONPATH=/home/chairman/working/ros2/leida/ws_livox/install/livox_ros_driver2/lib/python3.10/site-packages:${PYTHONPATH} VIRTUAL_ENV_PROMPT=(venv) /usr/bin/cmake --build /home/chairman/working/ros2/leida/ws_livox/build/fast_lio -- -j28 -l28
[58.128s] DEBUG:colcon.colcon_core.event_handler.log_command:Invoking command in '/home/chairman/working/ros2/leida/ws_livox/build/fast_lio': AMENT_PREFIX_PATH=/home/chairman/working/ros2/leida/ws_livox/install/livox_ros_driver2:${AMENT_PREFIX_PATH} CMAKE_PREFIX_PATH=/home/chairman/working/ros2/leida/ws_livox/install/livox_ros_driver2:/opt/ros/humble LD_LIBRARY_PATH=/home/chairman/working/ros2/leida/ws_livox/install/livox_ros_driver2/lib:/usr/lib/x86_64-linux-gnu:/usr/lib/x86_64-linux-gnu/gazebo-11/plugins:/opt/ros/humble/opt/rviz_ogre_vendor/lib:/opt/ros/humble/lib/x86_64-linux-gnu:/opt/ros/humble/lib:/usr/lib/x86_64-linux-gnu PYTHONPATH=/home/chairman/working/ros2/leida/ws_livox/install/livox_ros_driver2/lib/python3.10/site-packages:${PYTHONPATH} VIRTUAL_ENV_PROMPT=(venv) /usr/bin/cmake --install /home/chairman/working/ros2/leida/ws_livox/build/fast_lio
[58.170s] Level 1:colcon.colcon_core.environment:create_environment_scripts_only(fast_lio)
[58.171s] DEBUG:colcon.colcon_core.event_handler.log_command:Invoked command in '/home/chairman/working/ros2/leida/ws_livox/build/fast_lio' returned '0': AMENT_PREFIX_PATH=/home/chairman/working/ros2/leida/ws_livox/install/livox_ros_driver2:${AMENT_PREFIX_PATH} CMAKE_PREFIX_PATH=/home/chairman/working/ros2/leida/ws_livox/install/livox_ros_driver2:/opt/ros/humble LD_LIBRARY_PATH=/home/chairman/working/ros2/leida/ws_livox/install/livox_ros_driver2/lib:/usr/lib/x86_64-linux-gnu:/usr/lib/x86_64-linux-gnu/gazebo-11/plugins:/opt/ros/humble/opt/rviz_ogre_vendor/lib:/opt/ros/humble/lib/x86_64-linux-gnu:/opt/ros/humble/lib:/usr/lib/x86_64-linux-gnu PYTHONPATH=/home/chairman/working/ros2/leida/ws_livox/install/livox_ros_driver2/lib/python3.10/site-packages:${PYTHONPATH} VIRTUAL_ENV_PROMPT=(venv) /usr/bin/cmake --install /home/chairman/working/ros2/leida/ws_livox/build/fast_lio
[58.171s] Level 1:colcon.colcon_core.environment:checking '/home/chairman/working/ros2/leida/ws_livox/install/fast_lio' for CMake module files
[58.171s] Level 1:colcon.colcon_core.environment:checking '/home/chairman/working/ros2/leida/ws_livox/install/fast_lio' for CMake config files
[58.171s] Level 1:colcon.colcon_core.shell:create_environment_hook('fast_lio', 'cmake_prefix_path')
[58.172s] INFO:colcon.colcon_core.shell:Creating environment hook '/home/chairman/working/ros2/leida/ws_livox/install/fast_lio/share/fast_lio/hook/cmake_prefix_path.ps1'
[58.172s] INFO:colcon.colcon_core.shell:Creating environment descriptor '/home/chairman/working/ros2/leida/ws_livox/install/fast_lio/share/fast_lio/hook/cmake_prefix_path.dsv'
[58.172s] INFO:colcon.colcon_core.shell:Creating environment hook '/home/chairman/working/ros2/leida/ws_livox/install/fast_lio/share/fast_lio/hook/cmake_prefix_path.sh'
[58.172s] Level 1:colcon.colcon_core.environment:checking '/home/chairman/working/ros2/leida/ws_livox/install/fast_lio/lib'
[58.172s] Level 1:colcon.colcon_core.shell:create_environment_hook('fast_lio', 'ld_library_path_lib')
[58.173s] INFO:colcon.colcon_core.shell:Creating environment hook '/home/chairman/working/ros2/leida/ws_livox/install/fast_lio/share/fast_lio/hook/ld_library_path_lib.ps1'
[58.173s] INFO:colcon.colcon_core.shell:Creating environment descriptor '/home/chairman/working/ros2/leida/ws_livox/install/fast_lio/share/fast_lio/hook/ld_library_path_lib.dsv'
[58.173s] INFO:colcon.colcon_core.shell:Creating environment hook '/home/chairman/working/ros2/leida/ws_livox/install/fast_lio/share/fast_lio/hook/ld_library_path_lib.sh'
[58.173s] Level 1:colcon.colcon_core.environment:checking '/home/chairman/working/ros2/leida/ws_livox/install/fast_lio/bin'
[58.173s] Level 1:colcon.colcon_core.environment:checking '/home/chairman/working/ros2/leida/ws_livox/install/fast_lio/lib/pkgconfig/fast_lio.pc'
[58.173s] Level 1:colcon.colcon_core.environment:checking '/home/chairman/working/ros2/leida/ws_livox/install/fast_lio/lib/python3.10/site-packages'
[58.173s] Level 1:colcon.colcon_core.shell:create_environment_hook('fast_lio', 'pythonpath')
[58.173s] INFO:colcon.colcon_core.shell:Creating environment hook '/home/chairman/working/ros2/leida/ws_livox/install/fast_lio/share/fast_lio/hook/pythonpath.ps1'
[58.174s] INFO:colcon.colcon_core.shell:Creating environment descriptor '/home/chairman/working/ros2/leida/ws_livox/install/fast_lio/share/fast_lio/hook/pythonpath.dsv'
[58.174s] INFO:colcon.colcon_core.shell:Creating environment hook '/home/chairman/working/ros2/leida/ws_livox/install/fast_lio/share/fast_lio/hook/pythonpath.sh'
[58.174s] Level 1:colcon.colcon_core.environment:checking '/home/chairman/working/ros2/leida/ws_livox/install/fast_lio/bin'
[58.174s] INFO:colcon.colcon_core.shell:Creating package script '/home/chairman/working/ros2/leida/ws_livox/install/fast_lio/share/fast_lio/package.ps1'
[58.175s] INFO:colcon.colcon_core.shell:Creating package descriptor '/home/chairman/working/ros2/leida/ws_livox/install/fast_lio/share/fast_lio/package.dsv'
[58.175s] INFO:colcon.colcon_core.shell:Creating package script '/home/chairman/working/ros2/leida/ws_livox/install/fast_lio/share/fast_lio/package.sh'
[58.175s] INFO:colcon.colcon_core.shell:Creating package script '/home/chairman/working/ros2/leida/ws_livox/install/fast_lio/share/fast_lio/package.bash'
[58.175s] INFO:colcon.colcon_core.shell:Creating package script '/home/chairman/working/ros2/leida/ws_livox/install/fast_lio/share/fast_lio/package.zsh'
[58.175s] Level 1:colcon.colcon_core.environment:create_file_with_runtime_dependencies(/home/chairman/working/ros2/leida/ws_livox/install/fast_lio/share/colcon-core/packages/fast_lio)
[58.176s] Level 1:colcon.colcon_core.environment:create_environment_scripts_only(fast_lio)
[58.176s] Level 1:colcon.colcon_core.environment:checking '/home/chairman/working/ros2/leida/ws_livox/install/fast_lio' for CMake module files
[58.176s] Level 1:colcon.colcon_core.environment:checking '/home/chairman/working/ros2/leida/ws_livox/install/fast_lio' for CMake config files
[58.176s] Level 1:colcon.colcon_core.shell:create_environment_hook('fast_lio', 'cmake_prefix_path')
[58.176s] INFO:colcon.colcon_core.shell:Creating environment hook '/home/chairman/working/ros2/leida/ws_livox/install/fast_lio/share/fast_lio/hook/cmake_prefix_path.ps1'
[58.177s] INFO:colcon.colcon_core.shell:Creating environment descriptor '/home/chairman/working/ros2/leida/ws_livox/install/fast_lio/share/fast_lio/hook/cmake_prefix_path.dsv'
[58.177s] INFO:colcon.colcon_core.shell:Creating environment hook '/home/chairman/working/ros2/leida/ws_livox/install/fast_lio/share/fast_lio/hook/cmake_prefix_path.sh'
[58.177s] Level 1:colcon.colcon_core.environment:checking '/home/chairman/working/ros2/leida/ws_livox/install/fast_lio/lib'
[58.177s] Level 1:colcon.colcon_core.shell:create_environment_hook('fast_lio', 'ld_library_path_lib')
[58.177s] INFO:colcon.colcon_core.shell:Creating environment hook '/home/chairman/working/ros2/leida/ws_livox/install/fast_lio/share/fast_lio/hook/ld_library_path_lib.ps1'
[58.177s] INFO:colcon.colcon_core.shell:Creating environment descriptor '/home/chairman/working/ros2/leida/ws_livox/install/fast_lio/share/fast_lio/hook/ld_library_path_lib.dsv'
[58.178s] INFO:colcon.colcon_core.shell:Creating environment hook '/home/chairman/working/ros2/leida/ws_livox/install/fast_lio/share/fast_lio/hook/ld_library_path_lib.sh'
[58.178s] Level 1:colcon.colcon_core.environment:checking '/home/chairman/working/ros2/leida/ws_livox/install/fast_lio/bin'
[58.178s] Level 1:colcon.colcon_core.environment:checking '/home/chairman/working/ros2/leida/ws_livox/install/fast_lio/lib/pkgconfig/fast_lio.pc'
[58.178s] Level 1:colcon.colcon_core.environment:checking '/home/chairman/working/ros2/leida/ws_livox/install/fast_lio/lib/python3.10/site-packages'
[58.178s] Level 1:colcon.colcon_core.shell:create_environment_hook('fast_lio', 'pythonpath')
[58.178s] INFO:colcon.colcon_core.shell:Creating environment hook '/home/chairman/working/ros2/leida/ws_livox/install/fast_lio/share/fast_lio/hook/pythonpath.ps1'
[58.178s] INFO:colcon.colcon_core.shell:Creating environment descriptor '/home/chairman/working/ros2/leida/ws_livox/install/fast_lio/share/fast_lio/hook/pythonpath.dsv'
[58.179s] INFO:colcon.colcon_core.shell:Creating environment hook '/home/chairman/working/ros2/leida/ws_livox/install/fast_lio/share/fast_lio/hook/pythonpath.sh'
[58.179s] Level 1:colcon.colcon_core.environment:checking '/home/chairman/working/ros2/leida/ws_livox/install/fast_lio/bin'
[58.179s] INFO:colcon.colcon_core.shell:Creating package script '/home/chairman/working/ros2/leida/ws_livox/install/fast_lio/share/fast_lio/package.ps1'
[58.179s] INFO:colcon.colcon_core.shell:Creating package descriptor '/home/chairman/working/ros2/leida/ws_livox/install/fast_lio/share/fast_lio/package.dsv'
[58.180s] INFO:colcon.colcon_core.shell:Creating package script '/home/chairman/working/ros2/leida/ws_livox/install/fast_lio/share/fast_lio/package.sh'
[58.180s] INFO:colcon.colcon_core.shell:Creating package script '/home/chairman/working/ros2/leida/ws_livox/install/fast_lio/share/fast_lio/package.bash'
[58.180s] INFO:colcon.colcon_core.shell:Creating package script '/home/chairman/working/ros2/leida/ws_livox/install/fast_lio/share/fast_lio/package.zsh'
[58.180s] Level 1:colcon.colcon_core.environment:create_file_with_runtime_dependencies(/home/chairman/working/ros2/leida/ws_livox/install/fast_lio/share/colcon-core/packages/fast_lio)
[58.180s] DEBUG:colcon.colcon_parallel_executor.executor.parallel:closing loop
[58.181s] DEBUG:colcon.colcon_parallel_executor.executor.parallel:loop closed
[58.181s] DEBUG:colcon.colcon_parallel_executor.executor.parallel:run_until_complete finished with '0'
[58.181s] DEBUG:colcon.colcon_core.event_reactor:joining thread
[58.184s] INFO:colcon.colcon_core.plugin_system:Skipping extension 'colcon_notification.desktop_notification.terminal_notifier': Not used on non-Darwin systems
[58.184s] INFO:colcon.colcon_core.plugin_system:Skipping extension 'colcon_notification.desktop_notification.win32': Not used on non-Windows systems
[58.184s] INFO:colcon.colcon_notification.desktop_notification:Sending desktop notification using 'notify2'
[58.192s] DEBUG:colcon.colcon_core.event_reactor:joined thread
[58.192s] INFO:colcon.colcon_core.shell:Creating prefix script '/home/chairman/working/ros2/leida/ws_livox/install/local_setup.ps1'
[58.193s] INFO:colcon.colcon_core.shell:Creating prefix util module '/home/chairman/working/ros2/leida/ws_livox/install/_local_setup_util_ps1.py'
[58.194s] INFO:colcon.colcon_core.shell:Creating prefix chain script '/home/chairman/working/ros2/leida/ws_livox/install/setup.ps1'
[58.194s] INFO:colcon.colcon_core.shell:Creating prefix script '/home/chairman/working/ros2/leida/ws_livox/install/local_setup.sh'
[58.195s] INFO:colcon.colcon_core.shell:Creating prefix util module '/home/chairman/working/ros2/leida/ws_livox/install/_local_setup_util_sh.py'
[58.195s] INFO:colcon.colcon_core.shell:Creating prefix chain script '/home/chairman/working/ros2/leida/ws_livox/install/setup.sh'
[58.195s] INFO:colcon.colcon_core.shell:Creating prefix script '/home/chairman/working/ros2/leida/ws_livox/install/local_setup.bash'
[58.195s] INFO:colcon.colcon_core.shell:Creating prefix chain script '/home/chairman/working/ros2/leida/ws_livox/install/setup.bash'
[58.196s] INFO:colcon.colcon_core.shell:Creating prefix script '/home/chairman/working/ros2/leida/ws_livox/install/local_setup.zsh'
[58.196s] INFO:colcon.colcon_core.shell:Creating prefix chain script '/home/chairman/working/ros2/leida/ws_livox/install/setup.zsh'
