[0.373s] Invoking command in '/home/chairman/working/ros2/learning/chapt5/chapt5_ws/src/demo_python_tf': PYTHONPATH=/home/chairman/working/ros2/learning/chapt5/chapt5_ws/src/build/demo_python_tf/prefix_override:/usr/lib/python3/dist-packages/colcon_core/task/python/colcon_distutils_commands:/home/chairman/working/ros2/learning/chapt5/chapt5_ws/src/install/demo_python_tf/lib/python3.10/site-packages:${PYTHONPATH} /usr/bin/python3 -W ignore:setup.py install is deprecated -W ignore:easy_install command is deprecated setup.py egg_info --egg-base ../build/demo_python_tf build --build-base /home/chairman/working/ros2/learning/chapt5/chapt5_ws/src/build/demo_python_tf/build install --record /home/chairman/working/ros2/learning/chapt5/chapt5_ws/src/build/demo_python_tf/install.log --single-version-externally-managed install_data
[0.516s] running egg_info
[0.517s] creating ../build/demo_python_tf/demo_python_tf.egg-info
[0.517s] writing ../build/demo_python_tf/demo_python_tf.egg-info/PKG-INFO
[0.517s] writing dependency_links to ../build/demo_python_tf/demo_python_tf.egg-info/dependency_links.txt
[0.517s] writing entry points to ../build/demo_python_tf/demo_python_tf.egg-info/entry_points.txt
[0.517s] writing requirements to ../build/demo_python_tf/demo_python_tf.egg-info/requires.txt
[0.517s] writing top-level names to ../build/demo_python_tf/demo_python_tf.egg-info/top_level.txt
[0.517s] writing manifest file '../build/demo_python_tf/demo_python_tf.egg-info/SOURCES.txt'
[0.518s] reading manifest file '../build/demo_python_tf/demo_python_tf.egg-info/SOURCES.txt'
[0.518s] adding license file 'LICENSE'
[0.518s] writing manifest file '../build/demo_python_tf/demo_python_tf.egg-info/SOURCES.txt'
[0.518s] running build
[0.518s] running build_py
[0.519s] creating /home/chairman/working/ros2/learning/chapt5/chapt5_ws/src/build/demo_python_tf/build
[0.519s] creating /home/chairman/working/ros2/learning/chapt5/chapt5_ws/src/build/demo_python_tf/build/lib
[0.519s] creating /home/chairman/working/ros2/learning/chapt5/chapt5_ws/src/build/demo_python_tf/build/lib/demo_python_tf
[0.519s] copying demo_python_tf/__init__.py -> /home/chairman/working/ros2/learning/chapt5/chapt5_ws/src/build/demo_python_tf/build/lib/demo_python_tf
[0.519s] copying demo_python_tf/static_tf_broadcaster.py -> /home/chairman/working/ros2/learning/chapt5/chapt5_ws/src/build/demo_python_tf/build/lib/demo_python_tf
[0.519s] running install
[0.519s] running install_lib
[0.519s] creating /home/chairman/working/ros2/learning/chapt5/chapt5_ws/src/install/demo_python_tf/lib/python3.10/site-packages/demo_python_tf
[0.520s] copying /home/chairman/working/ros2/learning/chapt5/chapt5_ws/src/build/demo_python_tf/build/lib/demo_python_tf/__init__.py -> /home/chairman/working/ros2/learning/chapt5/chapt5_ws/src/install/demo_python_tf/lib/python3.10/site-packages/demo_python_tf
[0.520s] copying /home/chairman/working/ros2/learning/chapt5/chapt5_ws/src/build/demo_python_tf/build/lib/demo_python_tf/static_tf_broadcaster.py -> /home/chairman/working/ros2/learning/chapt5/chapt5_ws/src/install/demo_python_tf/lib/python3.10/site-packages/demo_python_tf
[0.520s] byte-compiling /home/chairman/working/ros2/learning/chapt5/chapt5_ws/src/install/demo_python_tf/lib/python3.10/site-packages/demo_python_tf/__init__.py to __init__.cpython-310.pyc
[0.520s] byte-compiling /home/chairman/working/ros2/learning/chapt5/chapt5_ws/src/install/demo_python_tf/lib/python3.10/site-packages/demo_python_tf/static_tf_broadcaster.py to static_tf_broadcaster.cpython-310.pyc
[0.520s] running install_data
[0.520s] creating /home/chairman/working/ros2/learning/chapt5/chapt5_ws/src/install/demo_python_tf/share/ament_index
[0.520s] creating /home/chairman/working/ros2/learning/chapt5/chapt5_ws/src/install/demo_python_tf/share/ament_index/resource_index
[0.520s] creating /home/chairman/working/ros2/learning/chapt5/chapt5_ws/src/install/demo_python_tf/share/ament_index/resource_index/packages
[0.520s] copying resource/demo_python_tf -> /home/chairman/working/ros2/learning/chapt5/chapt5_ws/src/install/demo_python_tf/share/ament_index/resource_index/packages
[0.520s] copying package.xml -> /home/chairman/working/ros2/learning/chapt5/chapt5_ws/src/install/demo_python_tf/share/demo_python_tf
[0.520s] running install_egg_info
[0.521s] Copying ../build/demo_python_tf/demo_python_tf.egg-info to /home/chairman/working/ros2/learning/chapt5/chapt5_ws/src/install/demo_python_tf/lib/python3.10/site-packages/demo_python_tf-0.0.0-py3.10.egg-info
[0.522s] running install_scripts
[0.535s] Installing static_tf_broadcaster script to /home/chairman/working/ros2/learning/chapt5/chapt5_ws/src/install/demo_python_tf/lib/demo_python_tf
[0.535s] writing list of installed files to '/home/chairman/working/ros2/learning/chapt5/chapt5_ws/src/build/demo_python_tf/install.log'
[0.548s] Invoked command in '/home/chairman/working/ros2/learning/chapt5/chapt5_ws/src/demo_python_tf' returned '0': PYTHONPATH=/home/chairman/working/ros2/learning/chapt5/chapt5_ws/src/build/demo_python_tf/prefix_override:/usr/lib/python3/dist-packages/colcon_core/task/python/colcon_distutils_commands:/home/chairman/working/ros2/learning/chapt5/chapt5_ws/src/install/demo_python_tf/lib/python3.10/site-packages:${PYTHONPATH} /usr/bin/python3 -W ignore:setup.py install is deprecated -W ignore:easy_install command is deprecated setup.py egg_info --egg-base ../build/demo_python_tf build --build-base /home/chairman/working/ros2/learning/chapt5/chapt5_ws/src/build/demo_python_tf/build install --record /home/chairman/working/ros2/learning/chapt5/chapt5_ws/src/build/demo_python_tf/install.log --single-version-externally-managed install_data
