[0.348s] Invoking command in '/home/chairman/working/ros2/learning/chapt8/chapt8_ws/src/build/nav2_custom_planner': CMAKE_PREFIX_PATH=${CMAKE_PREFIX_PATH}:/home/chairman/working/ros2/learning/chapt8/chapt8_ws/src/install/fishbot_application:/home/chairman/working/ros2/learning/chapt8/chapt8_ws/src/install/autopatrol_robot:/opt/ros/humble /usr/bin/cmake --build /home/chairman/working/ros2/learning/chapt8/chapt8_ws/src/build/nav2_custom_planner -- -j28 -l28
[0.371s] -- Found ament_cmake: 1.3.11 (/opt/ros/humble/share/ament_cmake/cmake)
[0.474s] -- Found nav2_core: 1.1.18 (/opt/ros/humble/share/nav2_core/cmake)
[0.496s] -- Found rosidl_generator_c: 3.1.6 (/opt/ros/humble/share/rosidl_generator_c/cmake)
[0.497s] -- Found rosidl_adapter: 3.1.6 (/opt/ros/humble/share/rosidl_adapter/cmake)
[0.501s] -- Found rosidl_generator_cpp: 3.1.6 (/opt/ros/humble/share/rosidl_generator_cpp/cmake)
[0.509s] -- Using all available rosidl_typesupport_c: rosidl_typesupport_fastrtps_c;rosidl_typesupport_introspection_c
[0.516s] -- Using all available rosidl_typesupport_cpp: rosidl_typesupport_fastrtps_cpp;rosidl_typesupport_introspection_cpp
[0.539s] -- Found rmw_implementation_cmake: 6.1.2 (/opt/ros/humble/share/rmw_implementation_cmake/cmake)
[0.540s] -- Found rmw_fastrtps_cpp: 6.2.7 (/opt/ros/humble/share/rmw_fastrtps_cpp/cmake)
[0.619s] -- Using RMW implementation 'rmw_fastrtps_cpp' as default
[0.788s] -- Ensuring Eigen3 include directory is part of orocos-kdl CMake target
[0.851s] [31mCMake Error at CMakeLists.txt:20 (add_library):
[0.851s]   add_library cannot create target "nav2_custom_planner_plugin" because
[0.852s]   another target with the same name already exists.  The existing target is a
[0.852s]   shared library created in source directory
[0.852s]   "/home/chairman/working/ros2/learning/chapt8/chapt8_ws/src/nav2_custom_planner".
[0.852s]   See documentation for policy CMP0002 for more details.
[0.852s] 
[0.852s] [0m
[0.868s] -- Found ament_lint_auto: 0.12.12 (/opt/ros/humble/share/ament_lint_auto/cmake)
[0.920s] -- Added test 'cppcheck' to perform static code analysis on C / C++ code
[0.920s] -- Configured cppcheck include dirs: /home/chairman/working/ros2/learning/chapt8/chapt8_ws/src/nav2_custom_planner/include
[0.920s] -- Configured cppcheck exclude dirs and/or files: 
[0.920s] -- Added test 'lint_cmake' to check CMake code style
[0.921s] -- Added test 'uncrustify' to check C / C++ code style
[0.921s] -- Configured uncrustify additional arguments: 
[0.921s] -- Added test 'xmllint' to check XML markup files
[0.921s] -- Configuring incomplete, errors occurred!
[0.922s] See also "/home/chairman/working/ros2/learning/chapt8/chapt8_ws/src/build/nav2_custom_planner/CMakeFiles/CMakeOutput.log".
[0.927s] gmake: *** [Makefile:284: cmake_check_build_system] Error 1
[0.929s] Invoked command in '/home/chairman/working/ros2/learning/chapt8/chapt8_ws/src/build/nav2_custom_planner' returned '2': CMAKE_PREFIX_PATH=${CMAKE_PREFIX_PATH}:/home/chairman/working/ros2/learning/chapt8/chapt8_ws/src/install/fishbot_application:/home/chairman/working/ros2/learning/chapt8/chapt8_ws/src/install/autopatrol_robot:/opt/ros/humble /usr/bin/cmake --build /home/chairman/working/ros2/learning/chapt8/chapt8_ws/src/build/nav2_custom_planner -- -j28 -l28
