[0.010s] Invoking command in '/home/chairman/working/ros2/learning/chapt4/chapt4_ws/src/build/demo_cpp_service': AMENT_PREFIX_PATH=/home/chairman/working/ros2/learning/chapt4/chapt4_ws/src/install/chapt4_interfaces:${AMENT_PREFIX_PATH} CMAKE_PREFIX_PATH=/home/chairman/working/ros2/learning/chapt4/chapt4_ws/src/install/chapt4_interfaces:/opt/ros/humble LD_LIBRARY_PATH=/home/chairman/working/ros2/learning/chapt4/chapt4_ws/src/install/chapt4_interfaces/lib:/usr/local/cuda-12.6/lib64:/usr/lib/x86_64-linux-gnu/gazebo-11/plugins:/opt/ros/humble/opt/rviz_ogre_vendor/lib:/opt/ros/humble/lib/x86_64-linux-gnu:/opt/ros/humble/lib:/usr/local/cuda-12.6/lib64 PYTHONPATH=/home/chairman/working/ros2/learning/chapt4/chapt4_ws/src/install/chapt4_interfaces/local/lib/python3.10/dist-packages:${PYTHONPATH} /usr/bin/cmake --build /home/chairman/working/ros2/learning/chapt4/chapt4_ws/src/build/demo_cpp_service -- -j28 -l28
[0.044s] [35m[1mConsolidate compiler generated dependencies of target turtle_control[0m
[0.053s] [ 50%] Built target patrol_client
[0.058s] [ 75%] [32mBuilding CXX object CMakeFiles/turtle_control.dir/src/turtle_control.cpp.o[0m
[5.282s] [100%] [32m[1mLinking CXX executable turtle_control[0m
[5.621s] [100%] Built target turtle_control
[5.631s] Invoked command in '/home/chairman/working/ros2/learning/chapt4/chapt4_ws/src/build/demo_cpp_service' returned '0': AMENT_PREFIX_PATH=/home/chairman/working/ros2/learning/chapt4/chapt4_ws/src/install/chapt4_interfaces:${AMENT_PREFIX_PATH} CMAKE_PREFIX_PATH=/home/chairman/working/ros2/learning/chapt4/chapt4_ws/src/install/chapt4_interfaces:/opt/ros/humble LD_LIBRARY_PATH=/home/chairman/working/ros2/learning/chapt4/chapt4_ws/src/install/chapt4_interfaces/lib:/usr/local/cuda-12.6/lib64:/usr/lib/x86_64-linux-gnu/gazebo-11/plugins:/opt/ros/humble/opt/rviz_ogre_vendor/lib:/opt/ros/humble/lib/x86_64-linux-gnu:/opt/ros/humble/lib:/usr/local/cuda-12.6/lib64 PYTHONPATH=/home/chairman/working/ros2/learning/chapt4/chapt4_ws/src/install/chapt4_interfaces/local/lib/python3.10/dist-packages:${PYTHONPATH} /usr/bin/cmake --build /home/chairman/working/ros2/learning/chapt4/chapt4_ws/src/build/demo_cpp_service -- -j28 -l28
[5.632s] Invoking command in '/home/chairman/working/ros2/learning/chapt4/chapt4_ws/src/build/demo_cpp_service': AMENT_PREFIX_PATH=/home/chairman/working/ros2/learning/chapt4/chapt4_ws/src/install/chapt4_interfaces:${AMENT_PREFIX_PATH} CMAKE_PREFIX_PATH=/home/chairman/working/ros2/learning/chapt4/chapt4_ws/src/install/chapt4_interfaces:/opt/ros/humble LD_LIBRARY_PATH=/home/chairman/working/ros2/learning/chapt4/chapt4_ws/src/install/chapt4_interfaces/lib:/usr/local/cuda-12.6/lib64:/usr/lib/x86_64-linux-gnu/gazebo-11/plugins:/opt/ros/humble/opt/rviz_ogre_vendor/lib:/opt/ros/humble/lib/x86_64-linux-gnu:/opt/ros/humble/lib:/usr/local/cuda-12.6/lib64 PYTHONPATH=/home/chairman/working/ros2/learning/chapt4/chapt4_ws/src/install/chapt4_interfaces/local/lib/python3.10/dist-packages:${PYTHONPATH} /usr/bin/cmake --install /home/chairman/working/ros2/learning/chapt4/chapt4_ws/src/build/demo_cpp_service
[5.638s] -- Install configuration: ""
[5.638s] -- Installing: /home/chairman/working/ros2/learning/chapt4/chapt4_ws/src/install/demo_cpp_service/lib/demo_cpp_service/turtle_control
[5.640s] -- Set runtime path of "/home/chairman/working/ros2/learning/chapt4/chapt4_ws/src/install/demo_cpp_service/lib/demo_cpp_service/turtle_control" to ""
[5.641s] -- Up-to-date: /home/chairman/working/ros2/learning/chapt4/chapt4_ws/src/install/demo_cpp_service/lib/demo_cpp_service/patrol_client
[5.641s] -- Up-to-date: /home/chairman/working/ros2/learning/chapt4/chapt4_ws/src/install/demo_cpp_service/share/ament_index/resource_index/package_run_dependencies/demo_cpp_service
[5.641s] -- Up-to-date: /home/chairman/working/ros2/learning/chapt4/chapt4_ws/src/install/demo_cpp_service/share/ament_index/resource_index/parent_prefix_path/demo_cpp_service
[5.641s] -- Up-to-date: /home/chairman/working/ros2/learning/chapt4/chapt4_ws/src/install/demo_cpp_service/share/demo_cpp_service/environment/ament_prefix_path.sh
[5.641s] -- Up-to-date: /home/chairman/working/ros2/learning/chapt4/chapt4_ws/src/install/demo_cpp_service/share/demo_cpp_service/environment/ament_prefix_path.dsv
[5.641s] -- Up-to-date: /home/chairman/working/ros2/learning/chapt4/chapt4_ws/src/install/demo_cpp_service/share/demo_cpp_service/environment/path.sh
[5.641s] -- Up-to-date: /home/chairman/working/ros2/learning/chapt4/chapt4_ws/src/install/demo_cpp_service/share/demo_cpp_service/environment/path.dsv
[5.641s] -- Up-to-date: /home/chairman/working/ros2/learning/chapt4/chapt4_ws/src/install/demo_cpp_service/share/demo_cpp_service/local_setup.bash
[5.641s] -- Up-to-date: /home/chairman/working/ros2/learning/chapt4/chapt4_ws/src/install/demo_cpp_service/share/demo_cpp_service/local_setup.sh
[5.641s] -- Up-to-date: /home/chairman/working/ros2/learning/chapt4/chapt4_ws/src/install/demo_cpp_service/share/demo_cpp_service/local_setup.zsh
[5.641s] -- Up-to-date: /home/chairman/working/ros2/learning/chapt4/chapt4_ws/src/install/demo_cpp_service/share/demo_cpp_service/local_setup.dsv
[5.641s] -- Installing: /home/chairman/working/ros2/learning/chapt4/chapt4_ws/src/install/demo_cpp_service/share/demo_cpp_service/package.dsv
[5.641s] -- Up-to-date: /home/chairman/working/ros2/learning/chapt4/chapt4_ws/src/install/demo_cpp_service/share/ament_index/resource_index/packages/demo_cpp_service
[5.641s] -- Up-to-date: /home/chairman/working/ros2/learning/chapt4/chapt4_ws/src/install/demo_cpp_service/share/demo_cpp_service/cmake/demo_cpp_serviceConfig.cmake
[5.641s] -- Up-to-date: /home/chairman/working/ros2/learning/chapt4/chapt4_ws/src/install/demo_cpp_service/share/demo_cpp_service/cmake/demo_cpp_serviceConfig-version.cmake
[5.641s] -- Up-to-date: /home/chairman/working/ros2/learning/chapt4/chapt4_ws/src/install/demo_cpp_service/share/demo_cpp_service/package.xml
[5.643s] Invoked command in '/home/chairman/working/ros2/learning/chapt4/chapt4_ws/src/build/demo_cpp_service' returned '0': AMENT_PREFIX_PATH=/home/chairman/working/ros2/learning/chapt4/chapt4_ws/src/install/chapt4_interfaces:${AMENT_PREFIX_PATH} CMAKE_PREFIX_PATH=/home/chairman/working/ros2/learning/chapt4/chapt4_ws/src/install/chapt4_interfaces:/opt/ros/humble LD_LIBRARY_PATH=/home/chairman/working/ros2/learning/chapt4/chapt4_ws/src/install/chapt4_interfaces/lib:/usr/local/cuda-12.6/lib64:/usr/lib/x86_64-linux-gnu/gazebo-11/plugins:/opt/ros/humble/opt/rviz_ogre_vendor/lib:/opt/ros/humble/lib/x86_64-linux-gnu:/opt/ros/humble/lib:/usr/local/cuda-12.6/lib64 PYTHONPATH=/home/chairman/working/ros2/learning/chapt4/chapt4_ws/src/install/chapt4_interfaces/local/lib/python3.10/dist-packages:${PYTHONPATH} /usr/bin/cmake --install /home/chairman/working/ros2/learning/chapt4/chapt4_ws/src/build/demo_cpp_service
