[0.363s] Invoking command in '/home/chairman/working/ros2/learning/chapt5/chapt5_ws/src/demo_python_tf': PYTHONPATH=/home/chairman/working/ros2/learning/chapt5/chapt5_ws/src/build/demo_python_tf/prefix_override:/usr/lib/python3/dist-packages/colcon_core/task/python/colcon_distutils_commands:/home/chairman/working/ros2/learning/chapt5/chapt5_ws/src/install/demo_python_tf/lib/python3.10/site-packages:${PYTHONPATH} /usr/bin/python3 -W ignore:setup.py install is deprecated -W ignore:easy_install command is deprecated setup.py egg_info --egg-base ../build/demo_python_tf build --build-base /home/chairman/working/ros2/learning/chapt5/chapt5_ws/src/build/demo_python_tf/build install --record /home/chairman/working/ros2/learning/chapt5/chapt5_ws/src/build/demo_python_tf/install.log --single-version-externally-managed install_data
[0.505s] running egg_info
[0.506s] writing ../build/demo_python_tf/demo_python_tf.egg-info/PKG-INFO
[0.506s] writing dependency_links to ../build/demo_python_tf/demo_python_tf.egg-info/dependency_links.txt
[0.506s] writing entry points to ../build/demo_python_tf/demo_python_tf.egg-info/entry_points.txt
[0.506s] writing requirements to ../build/demo_python_tf/demo_python_tf.egg-info/requires.txt
[0.506s] writing top-level names to ../build/demo_python_tf/demo_python_tf.egg-info/top_level.txt
[0.507s] reading manifest file '../build/demo_python_tf/demo_python_tf.egg-info/SOURCES.txt'
[0.507s] adding license file 'LICENSE'
[0.508s] writing manifest file '../build/demo_python_tf/demo_python_tf.egg-info/SOURCES.txt'
[0.508s] running build
[0.508s] running build_py
[0.508s] copying demo_python_tf/static_tf_broadcaster.py -> /home/chairman/working/ros2/learning/chapt5/chapt5_ws/src/build/demo_python_tf/build/lib/demo_python_tf
[0.508s] running install
[0.508s] running install_lib
[0.509s] copying /home/chairman/working/ros2/learning/chapt5/chapt5_ws/src/build/demo_python_tf/build/lib/demo_python_tf/static_tf_broadcaster.py -> /home/chairman/working/ros2/learning/chapt5/chapt5_ws/src/install/demo_python_tf/lib/python3.10/site-packages/demo_python_tf
[0.509s] byte-compiling /home/chairman/working/ros2/learning/chapt5/chapt5_ws/src/install/demo_python_tf/lib/python3.10/site-packages/demo_python_tf/static_tf_broadcaster.py to static_tf_broadcaster.cpython-310.pyc
[0.509s] running install_data
[0.509s] running install_egg_info
[0.511s] removing '/home/chairman/working/ros2/learning/chapt5/chapt5_ws/src/install/demo_python_tf/lib/python3.10/site-packages/demo_python_tf-0.0.0-py3.10.egg-info' (and everything under it)
[0.511s] Copying ../build/demo_python_tf/demo_python_tf.egg-info to /home/chairman/working/ros2/learning/chapt5/chapt5_ws/src/install/demo_python_tf/lib/python3.10/site-packages/demo_python_tf-0.0.0-py3.10.egg-info
[0.512s] running install_scripts
[0.525s] Installing static_tf_broadcaster script to /home/chairman/working/ros2/learning/chapt5/chapt5_ws/src/install/demo_python_tf/lib/demo_python_tf
[0.525s] writing list of installed files to '/home/chairman/working/ros2/learning/chapt5/chapt5_ws/src/build/demo_python_tf/install.log'
[0.540s] Invoked command in '/home/chairman/working/ros2/learning/chapt5/chapt5_ws/src/demo_python_tf' returned '0': PYTHONPATH=/home/chairman/working/ros2/learning/chapt5/chapt5_ws/src/build/demo_python_tf/prefix_override:/usr/lib/python3/dist-packages/colcon_core/task/python/colcon_distutils_commands:/home/chairman/working/ros2/learning/chapt5/chapt5_ws/src/install/demo_python_tf/lib/python3.10/site-packages:${PYTHONPATH} /usr/bin/python3 -W ignore:setup.py install is deprecated -W ignore:easy_install command is deprecated setup.py egg_info --egg-base ../build/demo_python_tf build --build-base /home/chairman/working/ros2/learning/chapt5/chapt5_ws/src/build/demo_python_tf/build install --record /home/chairman/working/ros2/learning/chapt5/chapt5_ws/src/build/demo_python_tf/install.log --single-version-externally-managed install_data
