[0.063s] DEBUG:colcon:Command line arguments: ['/usr/bin/colcon', 'build']
[0.063s] DEBUG:colcon:Parsed command line arguments: Namespace(log_base=None, log_level=None, verb_name='build', build_base='build', install_base='install', merge_install=False, symlink_install=False, test_result_base=None, continue_on_error=False, executor='parallel', parallel_workers=28, event_handlers=None, ignore_user_meta=False, metas=['./colcon.meta'], base_paths=['.'], packages_ignore=None, packages_ignore_regex=None, paths=None, packages_up_to=None, packages_up_to_regex=None, packages_above=None, packages_above_and_dependencies=None, packages_above_depth=None, packages_select_by_dep=None, packages_skip_by_dep=None, packages_skip_up_to=None, packages_select_build_failed=False, packages_skip_build_finished=False, packages_select_test_failures=False, packages_skip_test_passed=False, packages_select=None, packages_skip=None, packages_select_regex=None, packages_skip_regex=None, packages_start=None, packages_end=None, allow_overriding=[], cmake_args=None, cmake_target=None, cmake_target_skip_unavailable=False, cmake_clean_cache=False, cmake_clean_first=False, cmake_force_configure=False, ament_cmake_args=None, catkin_cmake_args=None, catkin_skip_building_tests=False, verb_parser=<colcon_defaults.argument_parser.defaults.DefaultArgumentsDecorator object at 0x758a0d448ac0>, verb_extension=<colcon_core.verb.build.BuildVerb object at 0x758a0d55dea0>, main=<bound method BuildVerb.main of <colcon_core.verb.build.BuildVerb object at 0x758a0d55dea0>>)
[0.158s] Level 1:colcon.colcon_core.package_discovery:discover_packages(colcon_meta) check parameters
[0.158s] Level 1:colcon.colcon_core.package_discovery:discover_packages(recursive) check parameters
[0.158s] Level 1:colcon.colcon_core.package_discovery:discover_packages(ignore) check parameters
[0.158s] Level 1:colcon.colcon_core.package_discovery:discover_packages(path) check parameters
[0.158s] Level 1:colcon.colcon_core.package_discovery:discover_packages(colcon_meta) discover
[0.158s] Level 1:colcon.colcon_core.package_discovery:discover_packages(recursive) discover
[0.158s] INFO:colcon.colcon_core.package_discovery:Crawling recursively for packages in '/home/chairman/working/ros2/learning/chapt4/chapt4_ws/src'
[0.158s] Level 1:colcon.colcon_core.package_identification:_identify(.) by extensions ['ignore', 'ignore_ament_install']
[0.159s] Level 1:colcon.colcon_core.package_identification:_identify(.) by extension 'ignore'
[0.159s] Level 1:colcon.colcon_core.package_identification:_identify(.) by extension 'ignore_ament_install'
[0.159s] Level 1:colcon.colcon_core.package_identification:_identify(.) by extensions ['colcon_pkg']
[0.159s] Level 1:colcon.colcon_core.package_identification:_identify(.) by extension 'colcon_pkg'
[0.159s] Level 1:colcon.colcon_core.package_identification:_identify(.) by extensions ['colcon_meta']
[0.159s] Level 1:colcon.colcon_core.package_identification:_identify(.) by extension 'colcon_meta'
[0.159s] Level 1:colcon.colcon_core.package_identification:_identify(.) by extensions ['ros']
[0.159s] Level 1:colcon.colcon_core.package_identification:_identify(.) by extension 'ros'
[0.166s] Level 1:colcon.colcon_core.package_identification:_identify(.) by extensions ['cmake', 'python']
[0.166s] Level 1:colcon.colcon_core.package_identification:_identify(.) by extension 'cmake'
[0.166s] Level 1:colcon.colcon_core.package_identification:_identify(.) by extension 'python'
[0.166s] Level 1:colcon.colcon_core.package_identification:_identify(.) by extensions ['python_setup_py']
[0.166s] Level 1:colcon.colcon_core.package_identification:_identify(.) by extension 'python_setup_py'
[0.166s] Level 1:colcon.colcon_core.package_identification:_identify(build) by extensions ['ignore', 'ignore_ament_install']
[0.166s] Level 1:colcon.colcon_core.package_identification:_identify(build) by extension 'ignore'
[0.166s] Level 1:colcon.colcon_core.package_identification:_identify(build) ignored
[0.166s] Level 1:colcon.colcon_core.package_identification:_identify(chapt4_interfaces) by extensions ['ignore', 'ignore_ament_install']
[0.166s] Level 1:colcon.colcon_core.package_identification:_identify(chapt4_interfaces) by extension 'ignore'
[0.166s] Level 1:colcon.colcon_core.package_identification:_identify(chapt4_interfaces) by extension 'ignore_ament_install'
[0.166s] Level 1:colcon.colcon_core.package_identification:_identify(chapt4_interfaces) by extensions ['colcon_pkg']
[0.166s] Level 1:colcon.colcon_core.package_identification:_identify(chapt4_interfaces) by extension 'colcon_pkg'
[0.166s] Level 1:colcon.colcon_core.package_identification:_identify(chapt4_interfaces) by extensions ['colcon_meta']
[0.166s] Level 1:colcon.colcon_core.package_identification:_identify(chapt4_interfaces) by extension 'colcon_meta'
[0.166s] Level 1:colcon.colcon_core.package_identification:_identify(chapt4_interfaces) by extensions ['ros']
[0.166s] Level 1:colcon.colcon_core.package_identification:_identify(chapt4_interfaces) by extension 'ros'
[0.168s] DEBUG:colcon.colcon_core.package_identification:Package 'chapt4_interfaces' with type 'ros.ament_cmake' and name 'chapt4_interfaces'
[0.168s] Level 1:colcon.colcon_core.package_identification:_identify(demo_python_service) by extensions ['ignore', 'ignore_ament_install']
[0.168s] Level 1:colcon.colcon_core.package_identification:_identify(demo_python_service) by extension 'ignore'
[0.168s] Level 1:colcon.colcon_core.package_identification:_identify(demo_python_service) by extension 'ignore_ament_install'
[0.168s] Level 1:colcon.colcon_core.package_identification:_identify(demo_python_service) by extensions ['colcon_pkg']
[0.168s] Level 1:colcon.colcon_core.package_identification:_identify(demo_python_service) by extension 'colcon_pkg'
[0.168s] Level 1:colcon.colcon_core.package_identification:_identify(demo_python_service) by extensions ['colcon_meta']
[0.168s] Level 1:colcon.colcon_core.package_identification:_identify(demo_python_service) by extension 'colcon_meta'
[0.168s] Level 1:colcon.colcon_core.package_identification:_identify(demo_python_service) by extensions ['ros']
[0.168s] Level 1:colcon.colcon_core.package_identification:_identify(demo_python_service) by extension 'ros'
[0.168s] DEBUG:colcon.colcon_core.package_identification:Package 'demo_python_service' with type 'ros.ament_python' and name 'demo_python_service'
[0.169s] Level 1:colcon.colcon_core.package_identification:_identify(install) by extensions ['ignore', 'ignore_ament_install']
[0.169s] Level 1:colcon.colcon_core.package_identification:_identify(install) by extension 'ignore'
[0.169s] Level 1:colcon.colcon_core.package_identification:_identify(install) ignored
[0.169s] Level 1:colcon.colcon_core.package_identification:_identify(log) by extensions ['ignore', 'ignore_ament_install']
[0.169s] Level 1:colcon.colcon_core.package_identification:_identify(log) by extension 'ignore'
[0.169s] Level 1:colcon.colcon_core.package_identification:_identify(log) ignored
[0.169s] Level 1:colcon.colcon_core.package_discovery:discover_packages(recursive) using defaults
[0.169s] Level 1:colcon.colcon_core.package_discovery:discover_packages(ignore) discover
[0.169s] Level 1:colcon.colcon_core.package_discovery:discover_packages(ignore) using defaults
[0.169s] Level 1:colcon.colcon_core.package_discovery:discover_packages(path) discover
[0.169s] Level 1:colcon.colcon_core.package_discovery:discover_packages(path) using defaults
[0.187s] Level 1:colcon.colcon_core.package_discovery:discover_packages(prefix_path) check parameters
[0.187s] Level 1:colcon.colcon_core.package_discovery:discover_packages(prefix_path) discover
[0.187s] WARNING:colcon.colcon_ros.prefix_path.ament:The path '/home/chairman/working/ros2/learning/chapt4/chapt4_ws/src/install/demo_python_service' in the environment variable AMENT_PREFIX_PATH doesn't exist
[0.187s] WARNING:colcon.colcon_ros.prefix_path.ament:The path '/home/chairman/working/ros2/learning/chapt4/chapt4_ws/src/install/chapt4_interfaces' in the environment variable AMENT_PREFIX_PATH doesn't exist
[0.187s] WARNING:colcon.colcon_ros.prefix_path.catkin:The path '/home/chairman/working/ros2/learning/chapt4/chapt4_ws/src/install/chapt4_interfaces' in the environment variable CMAKE_PREFIX_PATH doesn't exist
[0.188s] DEBUG:colcon.colcon_installed_package_information.package_discovery:Found 0 installed packages in /home/chairman/working/ros2/learning/chapt4/chapt4_ws/src/install
[0.188s] DEBUG:colcon.colcon_installed_package_information.package_discovery:Found 384 installed packages in /opt/ros/humble
[0.190s] Level 1:colcon.colcon_core.package_discovery:discover_packages(prefix_path) using defaults
[0.218s] Level 5:colcon.colcon_core.verb:set package 'chapt4_interfaces' build argument 'cmake_args' from command line to 'None'
[0.219s] Level 5:colcon.colcon_core.verb:set package 'chapt4_interfaces' build argument 'cmake_target' from command line to 'None'
[0.219s] Level 5:colcon.colcon_core.verb:set package 'chapt4_interfaces' build argument 'cmake_target_skip_unavailable' from command line to 'False'
[0.219s] Level 5:colcon.colcon_core.verb:set package 'chapt4_interfaces' build argument 'cmake_clean_cache' from command line to 'False'
[0.219s] Level 5:colcon.colcon_core.verb:set package 'chapt4_interfaces' build argument 'cmake_clean_first' from command line to 'False'
[0.219s] Level 5:colcon.colcon_core.verb:set package 'chapt4_interfaces' build argument 'cmake_force_configure' from command line to 'False'
[0.219s] Level 5:colcon.colcon_core.verb:set package 'chapt4_interfaces' build argument 'ament_cmake_args' from command line to 'None'
[0.219s] Level 5:colcon.colcon_core.verb:set package 'chapt4_interfaces' build argument 'catkin_cmake_args' from command line to 'None'
[0.219s] Level 5:colcon.colcon_core.verb:set package 'chapt4_interfaces' build argument 'catkin_skip_building_tests' from command line to 'False'
[0.219s] DEBUG:colcon.colcon_core.verb:Building package 'chapt4_interfaces' with the following arguments: {'ament_cmake_args': None, 'build_base': '/home/chairman/working/ros2/learning/chapt4/chapt4_ws/src/build/chapt4_interfaces', 'catkin_cmake_args': None, 'catkin_skip_building_tests': False, 'cmake_args': None, 'cmake_clean_cache': False, 'cmake_clean_first': False, 'cmake_force_configure': False, 'cmake_target': None, 'cmake_target_skip_unavailable': False, 'install_base': '/home/chairman/working/ros2/learning/chapt4/chapt4_ws/src/install/chapt4_interfaces', 'merge_install': False, 'path': '/home/chairman/working/ros2/learning/chapt4/chapt4_ws/src/chapt4_interfaces', 'symlink_install': False, 'test_result_base': None}
[0.219s] Level 5:colcon.colcon_core.verb:set package 'demo_python_service' build argument 'cmake_args' from command line to 'None'
[0.219s] Level 5:colcon.colcon_core.verb:set package 'demo_python_service' build argument 'cmake_target' from command line to 'None'
[0.219s] Level 5:colcon.colcon_core.verb:set package 'demo_python_service' build argument 'cmake_target_skip_unavailable' from command line to 'False'
[0.219s] Level 5:colcon.colcon_core.verb:set package 'demo_python_service' build argument 'cmake_clean_cache' from command line to 'False'
[0.219s] Level 5:colcon.colcon_core.verb:set package 'demo_python_service' build argument 'cmake_clean_first' from command line to 'False'
[0.219s] Level 5:colcon.colcon_core.verb:set package 'demo_python_service' build argument 'cmake_force_configure' from command line to 'False'
[0.219s] Level 5:colcon.colcon_core.verb:set package 'demo_python_service' build argument 'ament_cmake_args' from command line to 'None'
[0.219s] Level 5:colcon.colcon_core.verb:set package 'demo_python_service' build argument 'catkin_cmake_args' from command line to 'None'
[0.219s] Level 5:colcon.colcon_core.verb:set package 'demo_python_service' build argument 'catkin_skip_building_tests' from command line to 'False'
[0.219s] DEBUG:colcon.colcon_core.verb:Building package 'demo_python_service' with the following arguments: {'ament_cmake_args': None, 'build_base': '/home/chairman/working/ros2/learning/chapt4/chapt4_ws/src/build/demo_python_service', 'catkin_cmake_args': None, 'catkin_skip_building_tests': False, 'cmake_args': None, 'cmake_clean_cache': False, 'cmake_clean_first': False, 'cmake_force_configure': False, 'cmake_target': None, 'cmake_target_skip_unavailable': False, 'install_base': '/home/chairman/working/ros2/learning/chapt4/chapt4_ws/src/install/demo_python_service', 'merge_install': False, 'path': '/home/chairman/working/ros2/learning/chapt4/chapt4_ws/src/demo_python_service', 'symlink_install': False, 'test_result_base': None}
[0.219s] INFO:colcon.colcon_core.executor:Executing jobs using 'parallel' executor
[0.220s] DEBUG:colcon.colcon_parallel_executor.executor.parallel:run_until_complete
[0.220s] INFO:colcon.colcon_ros.task.ament_cmake.build:Building ROS package in '/home/chairman/working/ros2/learning/chapt4/chapt4_ws/src/chapt4_interfaces' with build type 'ament_cmake'
[0.220s] INFO:colcon.colcon_cmake.task.cmake.build:Building CMake package in '/home/chairman/working/ros2/learning/chapt4/chapt4_ws/src/chapt4_interfaces'
[0.221s] INFO:colcon.colcon_core.plugin_system:Skipping extension 'colcon_core.shell.bat': Not used on non-Windows systems
[0.221s] INFO:colcon.colcon_core.shell:Skip shell extension 'powershell' for command environment: Not usable outside of PowerShell
[0.222s] DEBUG:colcon.colcon_core.shell:Skip shell extension 'dsv' for command environment
[0.229s] DEBUG:colcon.colcon_core.event_handler.log_command:Invoking command in '/home/chairman/working/ros2/learning/chapt4/chapt4_ws/src/build/chapt4_interfaces': CMAKE_PREFIX_PATH=${CMAKE_PREFIX_PATH}:/home/chairman/working/ros2/learning/chapt4/chapt4_ws/src/install/demo_python_service:/opt/ros/humble /usr/bin/cmake /home/chairman/working/ros2/learning/chapt4/chapt4_ws/src/chapt4_interfaces -DCMAKE_INSTALL_PREFIX=/home/chairman/working/ros2/learning/chapt4/chapt4_ws/src/install/chapt4_interfaces
[1.661s] DEBUG:colcon.colcon_core.event_handler.log_command:Invoked command in '/home/chairman/working/ros2/learning/chapt4/chapt4_ws/src/build/chapt4_interfaces' returned '0': CMAKE_PREFIX_PATH=${CMAKE_PREFIX_PATH}:/home/chairman/working/ros2/learning/chapt4/chapt4_ws/src/install/demo_python_service:/opt/ros/humble /usr/bin/cmake /home/chairman/working/ros2/learning/chapt4/chapt4_ws/src/chapt4_interfaces -DCMAKE_INSTALL_PREFIX=/home/chairman/working/ros2/learning/chapt4/chapt4_ws/src/install/chapt4_interfaces
[1.661s] DEBUG:colcon.colcon_core.event_handler.log_command:Invoking command in '/home/chairman/working/ros2/learning/chapt4/chapt4_ws/src/build/chapt4_interfaces': CMAKE_PREFIX_PATH=${CMAKE_PREFIX_PATH}:/home/chairman/working/ros2/learning/chapt4/chapt4_ws/src/install/demo_python_service:/opt/ros/humble /usr/bin/cmake --build /home/chairman/working/ros2/learning/chapt4/chapt4_ws/src/build/chapt4_interfaces -- -j28 -l28
[3.103s] DEBUG:colcon.colcon_core.event_handler.log_command:Invoked command in '/home/chairman/working/ros2/learning/chapt4/chapt4_ws/src/build/chapt4_interfaces' returned '0': CMAKE_PREFIX_PATH=${CMAKE_PREFIX_PATH}:/home/chairman/working/ros2/learning/chapt4/chapt4_ws/src/install/demo_python_service:/opt/ros/humble /usr/bin/cmake --build /home/chairman/working/ros2/learning/chapt4/chapt4_ws/src/build/chapt4_interfaces -- -j28 -l28
[3.112s] DEBUG:colcon.colcon_core.event_handler.log_command:Invoking command in '/home/chairman/working/ros2/learning/chapt4/chapt4_ws/src/build/chapt4_interfaces': CMAKE_PREFIX_PATH=${CMAKE_PREFIX_PATH}:/home/chairman/working/ros2/learning/chapt4/chapt4_ws/src/install/demo_python_service:/opt/ros/humble /usr/bin/cmake --install /home/chairman/working/ros2/learning/chapt4/chapt4_ws/src/build/chapt4_interfaces
[3.165s] Level 1:colcon.colcon_core.environment:create_environment_scripts_only(chapt4_interfaces)
[3.165s] DEBUG:colcon.colcon_core.event_handler.log_command:Invoked command in '/home/chairman/working/ros2/learning/chapt4/chapt4_ws/src/build/chapt4_interfaces' returned '0': CMAKE_PREFIX_PATH=${CMAKE_PREFIX_PATH}:/home/chairman/working/ros2/learning/chapt4/chapt4_ws/src/install/demo_python_service:/opt/ros/humble /usr/bin/cmake --install /home/chairman/working/ros2/learning/chapt4/chapt4_ws/src/build/chapt4_interfaces
[3.167s] Level 1:colcon.colcon_core.environment:checking '/home/chairman/working/ros2/learning/chapt4/chapt4_ws/src/install/chapt4_interfaces' for CMake module files
[3.167s] Level 1:colcon.colcon_core.environment:checking '/home/chairman/working/ros2/learning/chapt4/chapt4_ws/src/install/chapt4_interfaces' for CMake config files
[3.167s] Level 1:colcon.colcon_core.shell:create_environment_hook('chapt4_interfaces', 'cmake_prefix_path')
[3.167s] INFO:colcon.colcon_core.shell:Creating environment hook '/home/chairman/working/ros2/learning/chapt4/chapt4_ws/src/install/chapt4_interfaces/share/chapt4_interfaces/hook/cmake_prefix_path.ps1'
[3.168s] INFO:colcon.colcon_core.shell:Creating environment descriptor '/home/chairman/working/ros2/learning/chapt4/chapt4_ws/src/install/chapt4_interfaces/share/chapt4_interfaces/hook/cmake_prefix_path.dsv'
[3.168s] INFO:colcon.colcon_core.shell:Creating environment hook '/home/chairman/working/ros2/learning/chapt4/chapt4_ws/src/install/chapt4_interfaces/share/chapt4_interfaces/hook/cmake_prefix_path.sh'
[3.168s] Level 1:colcon.colcon_core.environment:checking '/home/chairman/working/ros2/learning/chapt4/chapt4_ws/src/install/chapt4_interfaces/lib'
[3.169s] Level 1:colcon.colcon_core.shell:create_environment_hook('chapt4_interfaces', 'ld_library_path_lib')
[3.169s] INFO:colcon.colcon_core.shell:Creating environment hook '/home/chairman/working/ros2/learning/chapt4/chapt4_ws/src/install/chapt4_interfaces/share/chapt4_interfaces/hook/ld_library_path_lib.ps1'
[3.169s] INFO:colcon.colcon_core.shell:Creating environment descriptor '/home/chairman/working/ros2/learning/chapt4/chapt4_ws/src/install/chapt4_interfaces/share/chapt4_interfaces/hook/ld_library_path_lib.dsv'
[3.169s] INFO:colcon.colcon_core.shell:Creating environment hook '/home/chairman/working/ros2/learning/chapt4/chapt4_ws/src/install/chapt4_interfaces/share/chapt4_interfaces/hook/ld_library_path_lib.sh'
[3.169s] Level 1:colcon.colcon_core.environment:checking '/home/chairman/working/ros2/learning/chapt4/chapt4_ws/src/install/chapt4_interfaces/bin'
[3.169s] Level 1:colcon.colcon_core.environment:checking '/home/chairman/working/ros2/learning/chapt4/chapt4_ws/src/install/chapt4_interfaces/lib/pkgconfig/chapt4_interfaces.pc'
[3.169s] Level 1:colcon.colcon_core.environment:checking '/home/chairman/working/ros2/learning/chapt4/chapt4_ws/src/install/chapt4_interfaces/lib/python3.10/site-packages'
[3.170s] Level 1:colcon.colcon_core.environment:checking '/home/chairman/working/ros2/learning/chapt4/chapt4_ws/src/install/chapt4_interfaces/bin'
[3.170s] INFO:colcon.colcon_core.shell:Creating package script '/home/chairman/working/ros2/learning/chapt4/chapt4_ws/src/install/chapt4_interfaces/share/chapt4_interfaces/package.ps1'
[3.170s] INFO:colcon.colcon_core.shell:Creating package descriptor '/home/chairman/working/ros2/learning/chapt4/chapt4_ws/src/install/chapt4_interfaces/share/chapt4_interfaces/package.dsv'
[3.170s] INFO:colcon.colcon_core.shell:Creating package script '/home/chairman/working/ros2/learning/chapt4/chapt4_ws/src/install/chapt4_interfaces/share/chapt4_interfaces/package.sh'
[3.171s] INFO:colcon.colcon_core.shell:Creating package script '/home/chairman/working/ros2/learning/chapt4/chapt4_ws/src/install/chapt4_interfaces/share/chapt4_interfaces/package.bash'
[3.171s] INFO:colcon.colcon_core.shell:Creating package script '/home/chairman/working/ros2/learning/chapt4/chapt4_ws/src/install/chapt4_interfaces/share/chapt4_interfaces/package.zsh'
[3.171s] Level 1:colcon.colcon_core.environment:create_file_with_runtime_dependencies(/home/chairman/working/ros2/learning/chapt4/chapt4_ws/src/install/chapt4_interfaces/share/colcon-core/packages/chapt4_interfaces)
[3.172s] Level 1:colcon.colcon_core.environment:create_environment_scripts_only(chapt4_interfaces)
[3.172s] Level 1:colcon.colcon_core.environment:checking '/home/chairman/working/ros2/learning/chapt4/chapt4_ws/src/install/chapt4_interfaces' for CMake module files
[3.172s] Level 1:colcon.colcon_core.environment:checking '/home/chairman/working/ros2/learning/chapt4/chapt4_ws/src/install/chapt4_interfaces' for CMake config files
[3.172s] Level 1:colcon.colcon_core.shell:create_environment_hook('chapt4_interfaces', 'cmake_prefix_path')
[3.173s] INFO:colcon.colcon_core.shell:Creating environment hook '/home/chairman/working/ros2/learning/chapt4/chapt4_ws/src/install/chapt4_interfaces/share/chapt4_interfaces/hook/cmake_prefix_path.ps1'
[3.173s] INFO:colcon.colcon_core.shell:Creating environment descriptor '/home/chairman/working/ros2/learning/chapt4/chapt4_ws/src/install/chapt4_interfaces/share/chapt4_interfaces/hook/cmake_prefix_path.dsv'
[3.173s] INFO:colcon.colcon_core.shell:Creating environment hook '/home/chairman/working/ros2/learning/chapt4/chapt4_ws/src/install/chapt4_interfaces/share/chapt4_interfaces/hook/cmake_prefix_path.sh'
[3.173s] Level 1:colcon.colcon_core.environment:checking '/home/chairman/working/ros2/learning/chapt4/chapt4_ws/src/install/chapt4_interfaces/lib'
[3.173s] Level 1:colcon.colcon_core.shell:create_environment_hook('chapt4_interfaces', 'ld_library_path_lib')
[3.173s] INFO:colcon.colcon_core.shell:Creating environment hook '/home/chairman/working/ros2/learning/chapt4/chapt4_ws/src/install/chapt4_interfaces/share/chapt4_interfaces/hook/ld_library_path_lib.ps1'
[3.174s] INFO:colcon.colcon_core.shell:Creating environment descriptor '/home/chairman/working/ros2/learning/chapt4/chapt4_ws/src/install/chapt4_interfaces/share/chapt4_interfaces/hook/ld_library_path_lib.dsv'
[3.174s] INFO:colcon.colcon_core.shell:Creating environment hook '/home/chairman/working/ros2/learning/chapt4/chapt4_ws/src/install/chapt4_interfaces/share/chapt4_interfaces/hook/ld_library_path_lib.sh'
[3.174s] Level 1:colcon.colcon_core.environment:checking '/home/chairman/working/ros2/learning/chapt4/chapt4_ws/src/install/chapt4_interfaces/bin'
[3.174s] Level 1:colcon.colcon_core.environment:checking '/home/chairman/working/ros2/learning/chapt4/chapt4_ws/src/install/chapt4_interfaces/lib/pkgconfig/chapt4_interfaces.pc'
[3.174s] Level 1:colcon.colcon_core.environment:checking '/home/chairman/working/ros2/learning/chapt4/chapt4_ws/src/install/chapt4_interfaces/lib/python3.10/site-packages'
[3.174s] Level 1:colcon.colcon_core.environment:checking '/home/chairman/working/ros2/learning/chapt4/chapt4_ws/src/install/chapt4_interfaces/bin'
[3.174s] INFO:colcon.colcon_core.shell:Creating package script '/home/chairman/working/ros2/learning/chapt4/chapt4_ws/src/install/chapt4_interfaces/share/chapt4_interfaces/package.ps1'
[3.175s] INFO:colcon.colcon_core.shell:Creating package descriptor '/home/chairman/working/ros2/learning/chapt4/chapt4_ws/src/install/chapt4_interfaces/share/chapt4_interfaces/package.dsv'
[3.175s] INFO:colcon.colcon_core.shell:Creating package script '/home/chairman/working/ros2/learning/chapt4/chapt4_ws/src/install/chapt4_interfaces/share/chapt4_interfaces/package.sh'
[3.175s] INFO:colcon.colcon_core.shell:Creating package script '/home/chairman/working/ros2/learning/chapt4/chapt4_ws/src/install/chapt4_interfaces/share/chapt4_interfaces/package.bash'
[3.175s] INFO:colcon.colcon_core.shell:Creating package script '/home/chairman/working/ros2/learning/chapt4/chapt4_ws/src/install/chapt4_interfaces/share/chapt4_interfaces/package.zsh'
[3.176s] Level 1:colcon.colcon_core.environment:create_file_with_runtime_dependencies(/home/chairman/working/ros2/learning/chapt4/chapt4_ws/src/install/chapt4_interfaces/share/colcon-core/packages/chapt4_interfaces)
[3.176s] INFO:colcon.colcon_ros.task.ament_python.build:Building ROS package in '/home/chairman/working/ros2/learning/chapt4/chapt4_ws/src/demo_python_service' with build type 'ament_python'
[3.176s] Level 1:colcon.colcon_core.shell:create_environment_hook('demo_python_service', 'ament_prefix_path')
[3.176s] INFO:colcon.colcon_core.shell:Creating environment hook '/home/chairman/working/ros2/learning/chapt4/chapt4_ws/src/install/demo_python_service/share/demo_python_service/hook/ament_prefix_path.ps1'
[3.176s] INFO:colcon.colcon_core.shell:Creating environment descriptor '/home/chairman/working/ros2/learning/chapt4/chapt4_ws/src/install/demo_python_service/share/demo_python_service/hook/ament_prefix_path.dsv'
[3.177s] INFO:colcon.colcon_core.shell:Creating environment hook '/home/chairman/working/ros2/learning/chapt4/chapt4_ws/src/install/demo_python_service/share/demo_python_service/hook/ament_prefix_path.sh'
[3.177s] INFO:colcon.colcon_core.shell:Skip shell extension 'powershell' for command environment: Not usable outside of PowerShell
[3.177s] DEBUG:colcon.colcon_core.shell:Skip shell extension 'dsv' for command environment
[3.345s] INFO:colcon.colcon_core.task.python.build:Building Python package in '/home/chairman/working/ros2/learning/chapt4/chapt4_ws/src/demo_python_service'
[3.345s] INFO:colcon.colcon_core.shell:Skip shell extension 'powershell' for command environment: Not usable outside of PowerShell
[3.345s] DEBUG:colcon.colcon_core.shell:Skip shell extension 'dsv' for command environment
[3.562s] DEBUG:colcon.colcon_core.event_handler.log_command:Invoking command in '/home/chairman/working/ros2/learning/chapt4/chapt4_ws/src/demo_python_service': LD_LIBRARY_PATH=/home/chairman/working/ros2/learning/chapt4/chapt4_ws/src/install/chapt4_interfaces/lib:/usr/local/cuda-12.6/lib64:/usr/lib/x86_64-linux-gnu/gazebo-11/plugins:/opt/ros/humble/opt/rviz_ogre_vendor/lib:/opt/ros/humble/lib/x86_64-linux-gnu:/opt/ros/humble/lib:/usr/local/cuda-12.6/lib64 PYTHONPATH=/home/chairman/working/ros2/learning/chapt4/chapt4_ws/src/build/demo_python_service/prefix_override:/usr/lib/python3/dist-packages/colcon_core/task/python/colcon_distutils_commands:/home/chairman/working/ros2/learning/chapt4/chapt4_ws/src/install/demo_python_service/lib/python3.10/site-packages:${PYTHONPATH} /usr/bin/python3 -W ignore:setup.py install is deprecated -W ignore:easy_install command is deprecated setup.py egg_info --egg-base ../build/demo_python_service build --build-base /home/chairman/working/ros2/learning/chapt4/chapt4_ws/src/build/demo_python_service/build install --record /home/chairman/working/ros2/learning/chapt4/chapt4_ws/src/build/demo_python_service/install.log --single-version-externally-managed install_data
[3.731s] Level 1:colcon.colcon_core.environment:checking '/home/chairman/working/ros2/learning/chapt4/chapt4_ws/src/install/demo_python_service' for CMake module files
[3.731s] DEBUG:colcon.colcon_core.event_handler.log_command:Invoked command in '/home/chairman/working/ros2/learning/chapt4/chapt4_ws/src/demo_python_service' returned '0': LD_LIBRARY_PATH=/home/chairman/working/ros2/learning/chapt4/chapt4_ws/src/install/chapt4_interfaces/lib:/usr/local/cuda-12.6/lib64:/usr/lib/x86_64-linux-gnu/gazebo-11/plugins:/opt/ros/humble/opt/rviz_ogre_vendor/lib:/opt/ros/humble/lib/x86_64-linux-gnu:/opt/ros/humble/lib:/usr/local/cuda-12.6/lib64 PYTHONPATH=/home/chairman/working/ros2/learning/chapt4/chapt4_ws/src/build/demo_python_service/prefix_override:/usr/lib/python3/dist-packages/colcon_core/task/python/colcon_distutils_commands:/home/chairman/working/ros2/learning/chapt4/chapt4_ws/src/install/demo_python_service/lib/python3.10/site-packages:${PYTHONPATH} /usr/bin/python3 -W ignore:setup.py install is deprecated -W ignore:easy_install command is deprecated setup.py egg_info --egg-base ../build/demo_python_service build --build-base /home/chairman/working/ros2/learning/chapt4/chapt4_ws/src/build/demo_python_service/build install --record /home/chairman/working/ros2/learning/chapt4/chapt4_ws/src/build/demo_python_service/install.log --single-version-externally-managed install_data
[3.732s] Level 1:colcon.colcon_core.environment:checking '/home/chairman/working/ros2/learning/chapt4/chapt4_ws/src/install/demo_python_service' for CMake config files
[3.732s] Level 1:colcon.colcon_core.environment:checking '/home/chairman/working/ros2/learning/chapt4/chapt4_ws/src/install/demo_python_service/lib'
[3.732s] Level 1:colcon.colcon_core.environment:checking '/home/chairman/working/ros2/learning/chapt4/chapt4_ws/src/install/demo_python_service/bin'
[3.732s] Level 1:colcon.colcon_core.environment:checking '/home/chairman/working/ros2/learning/chapt4/chapt4_ws/src/install/demo_python_service/lib/pkgconfig/demo_python_service.pc'
[3.732s] Level 1:colcon.colcon_core.environment:checking '/home/chairman/working/ros2/learning/chapt4/chapt4_ws/src/install/demo_python_service/lib/python3.10/site-packages'
[3.732s] Level 1:colcon.colcon_core.shell:create_environment_hook('demo_python_service', 'pythonpath')
[3.732s] INFO:colcon.colcon_core.shell:Creating environment hook '/home/chairman/working/ros2/learning/chapt4/chapt4_ws/src/install/demo_python_service/share/demo_python_service/hook/pythonpath.ps1'
[3.733s] INFO:colcon.colcon_core.shell:Creating environment descriptor '/home/chairman/working/ros2/learning/chapt4/chapt4_ws/src/install/demo_python_service/share/demo_python_service/hook/pythonpath.dsv'
[3.733s] INFO:colcon.colcon_core.shell:Creating environment hook '/home/chairman/working/ros2/learning/chapt4/chapt4_ws/src/install/demo_python_service/share/demo_python_service/hook/pythonpath.sh'
[3.733s] Level 1:colcon.colcon_core.environment:checking '/home/chairman/working/ros2/learning/chapt4/chapt4_ws/src/install/demo_python_service/bin'
[3.733s] Level 1:colcon.colcon_core.environment:create_environment_scripts_only(demo_python_service)
[3.733s] INFO:colcon.colcon_core.shell:Creating package script '/home/chairman/working/ros2/learning/chapt4/chapt4_ws/src/install/demo_python_service/share/demo_python_service/package.ps1'
[3.734s] INFO:colcon.colcon_core.shell:Creating package descriptor '/home/chairman/working/ros2/learning/chapt4/chapt4_ws/src/install/demo_python_service/share/demo_python_service/package.dsv'
[3.734s] INFO:colcon.colcon_core.shell:Creating package script '/home/chairman/working/ros2/learning/chapt4/chapt4_ws/src/install/demo_python_service/share/demo_python_service/package.sh'
[3.734s] INFO:colcon.colcon_core.shell:Creating package script '/home/chairman/working/ros2/learning/chapt4/chapt4_ws/src/install/demo_python_service/share/demo_python_service/package.bash'
[3.734s] INFO:colcon.colcon_core.shell:Creating package script '/home/chairman/working/ros2/learning/chapt4/chapt4_ws/src/install/demo_python_service/share/demo_python_service/package.zsh'
[3.734s] Level 1:colcon.colcon_core.environment:create_file_with_runtime_dependencies(/home/chairman/working/ros2/learning/chapt4/chapt4_ws/src/install/demo_python_service/share/colcon-core/packages/demo_python_service)
[3.735s] DEBUG:colcon.colcon_parallel_executor.executor.parallel:closing loop
[3.735s] DEBUG:colcon.colcon_parallel_executor.executor.parallel:loop closed
[3.735s] DEBUG:colcon.colcon_parallel_executor.executor.parallel:run_until_complete finished with '0'
[3.735s] DEBUG:colcon.colcon_core.event_reactor:joining thread
[3.738s] INFO:colcon.colcon_core.plugin_system:Skipping extension 'colcon_notification.desktop_notification.terminal_notifier': Not used on non-Darwin systems
[3.738s] INFO:colcon.colcon_core.plugin_system:Skipping extension 'colcon_notification.desktop_notification.win32': Not used on non-Windows systems
[3.738s] INFO:colcon.colcon_notification.desktop_notification:Sending desktop notification using 'notify2'
[3.751s] DEBUG:colcon.colcon_core.event_reactor:joined thread
[3.751s] INFO:colcon.colcon_core.shell:Creating prefix script '/home/chairman/working/ros2/learning/chapt4/chapt4_ws/src/install/local_setup.ps1'
[3.751s] INFO:colcon.colcon_core.shell:Creating prefix util module '/home/chairman/working/ros2/learning/chapt4/chapt4_ws/src/install/_local_setup_util_ps1.py'
[3.752s] INFO:colcon.colcon_core.shell:Creating prefix chain script '/home/chairman/working/ros2/learning/chapt4/chapt4_ws/src/install/setup.ps1'
[3.753s] INFO:colcon.colcon_core.shell:Creating prefix script '/home/chairman/working/ros2/learning/chapt4/chapt4_ws/src/install/local_setup.sh'
[3.753s] INFO:colcon.colcon_core.shell:Creating prefix util module '/home/chairman/working/ros2/learning/chapt4/chapt4_ws/src/install/_local_setup_util_sh.py'
[3.753s] INFO:colcon.colcon_core.shell:Creating prefix chain script '/home/chairman/working/ros2/learning/chapt4/chapt4_ws/src/install/setup.sh'
[3.754s] INFO:colcon.colcon_core.shell:Creating prefix script '/home/chairman/working/ros2/learning/chapt4/chapt4_ws/src/install/local_setup.bash'
[3.754s] INFO:colcon.colcon_core.shell:Creating prefix chain script '/home/chairman/working/ros2/learning/chapt4/chapt4_ws/src/install/setup.bash'
[3.754s] INFO:colcon.colcon_core.shell:Creating prefix script '/home/chairman/working/ros2/learning/chapt4/chapt4_ws/src/install/local_setup.zsh'
[3.755s] INFO:colcon.colcon_core.shell:Creating prefix chain script '/home/chairman/working/ros2/learning/chapt4/chapt4_ws/src/install/setup.zsh'
