[0.378s] Invoking command in '/home/chairman/working/ros2/learning/chapt3/topic_ws/src/demo_python_topic': CONDA_PROMPT_MODIFIER=(base) PYTHONPATH=/home/chairman/working/ros2/learning/chapt3/topic_ws/src/build/demo_python_topic/prefix_override:/usr/lib/python3/dist-packages/colcon_core/task/python/colcon_distutils_commands:/home/chairman/working/ros2/learning/chapt3/topic_ws/src/install/demo_python_topic/lib/python3.10/site-packages:${PYTHONPATH} /usr/bin/python3 -W ignore:setup.py install is deprecated -W ignore:easy_install command is deprecated setup.py egg_info --egg-base ../build/demo_python_topic build --build-base /home/chairman/working/ros2/learning/chapt3/topic_ws/src/build/demo_python_topic/build install --record /home/chairman/working/ros2/learning/chapt3/topic_ws/src/build/demo_python_topic/install.log --single-version-externally-managed install_data
[0.515s] running egg_info
[0.515s] writing ../build/demo_python_topic/demo_python_topic.egg-info/PKG-INFO
[0.515s] writing dependency_links to ../build/demo_python_topic/demo_python_topic.egg-info/dependency_links.txt
[0.515s] writing entry points to ../build/demo_python_topic/demo_python_topic.egg-info/entry_points.txt
[0.515s] writing requirements to ../build/demo_python_topic/demo_python_topic.egg-info/requires.txt
[0.515s] writing top-level names to ../build/demo_python_topic/demo_python_topic.egg-info/top_level.txt
[0.516s] reading manifest file '../build/demo_python_topic/demo_python_topic.egg-info/SOURCES.txt'
[0.516s] adding license file 'LICENSE'
[0.517s] writing manifest file '../build/demo_python_topic/demo_python_topic.egg-info/SOURCES.txt'
[0.517s] running build
[0.517s] running build_py
[0.517s] copying demo_python_topic/novel_sub_node.py -> /home/chairman/working/ros2/learning/chapt3/topic_ws/src/build/demo_python_topic/build/lib/demo_python_topic
[0.517s] running install
[0.517s] running install_lib
[0.518s] copying /home/chairman/working/ros2/learning/chapt3/topic_ws/src/build/demo_python_topic/build/lib/demo_python_topic/novel_sub_node.py -> /home/chairman/working/ros2/learning/chapt3/topic_ws/src/install/demo_python_topic/lib/python3.10/site-packages/demo_python_topic
[0.518s] byte-compiling /home/chairman/working/ros2/learning/chapt3/topic_ws/src/install/demo_python_topic/lib/python3.10/site-packages/demo_python_topic/novel_sub_node.py to novel_sub_node.cpython-310.pyc
[0.518s] running install_data
[0.518s] running install_egg_info
[0.519s] removing '/home/chairman/working/ros2/learning/chapt3/topic_ws/src/install/demo_python_topic/lib/python3.10/site-packages/demo_python_topic-0.0.0-py3.10.egg-info' (and everything under it)
[0.520s] Copying ../build/demo_python_topic/demo_python_topic.egg-info to /home/chairman/working/ros2/learning/chapt3/topic_ws/src/install/demo_python_topic/lib/python3.10/site-packages/demo_python_topic-0.0.0-py3.10.egg-info
[0.520s] running install_scripts
[0.533s] Installing novel_pub_node script to /home/chairman/working/ros2/learning/chapt3/topic_ws/src/install/demo_python_topic/lib/demo_python_topic
[0.533s] Installing novel_sub_node script to /home/chairman/working/ros2/learning/chapt3/topic_ws/src/install/demo_python_topic/lib/demo_python_topic
[0.533s] writing list of installed files to '/home/chairman/working/ros2/learning/chapt3/topic_ws/src/build/demo_python_topic/install.log'
[0.547s] Invoked command in '/home/chairman/working/ros2/learning/chapt3/topic_ws/src/demo_python_topic' returned '0': CONDA_PROMPT_MODIFIER=(base) PYTHONPATH=/home/chairman/working/ros2/learning/chapt3/topic_ws/src/build/demo_python_topic/prefix_override:/usr/lib/python3/dist-packages/colcon_core/task/python/colcon_distutils_commands:/home/chairman/working/ros2/learning/chapt3/topic_ws/src/install/demo_python_topic/lib/python3.10/site-packages:${PYTHONPATH} /usr/bin/python3 -W ignore:setup.py install is deprecated -W ignore:easy_install command is deprecated setup.py egg_info --egg-base ../build/demo_python_topic build --build-base /home/chairman/working/ros2/learning/chapt3/topic_ws/src/build/demo_python_topic/build install --record /home/chairman/working/ros2/learning/chapt3/topic_ws/src/build/demo_python_topic/install.log --single-version-externally-managed install_data
