[0.012s] Invoking command in '/home/chairman/working/ros2/leida/ws_livox/build/point_lio': AMENT_PREFIX_PATH=/home/chairman/working/ros2/leida/ws_livox/install/livox_ros_driver2:${AMENT_PREFIX_PATH} CMAKE_PREFIX_PATH=/home/chairman/working/ros2/leida/ws_livox/install/livox_ros_driver2:/opt/ros/humble LD_LIBRARY_PATH=/home/chairman/working/ros2/leida/ws_livox/install/livox_ros_driver2/lib:/usr/lib/x86_64-linux-gnu:/usr/lib/x86_64-linux-gnu/gazebo-11/plugins:/opt/ros/humble/opt/rviz_ogre_vendor/lib:/opt/ros/humble/lib/x86_64-linux-gnu:/opt/ros/humble/lib:/usr/lib/x86_64-linux-gnu PYTHONPATH=/home/chairman/working/ros2/leida/ws_livox/install/livox_ros_driver2/lib/python3.10/site-packages:${PYTHONPATH} VIRTUAL_ENV_PROMPT=(venv) /usr/bin/cmake /home/chairman/working/ros2/leida/ws_livox/src/point_lio -DROS_EDITION=ROS2 -DHUMBLE_ROS=humble -DCMAKE_INSTALL_PREFIX=/home/chairman/working/ros2/leida/ws_livox/install/point_lio
[0.062s] -- The C compiler identification is GNU 11.4.0
[0.102s] -- The CXX compiler identification is GNU 11.4.0
[0.107s] -- Detecting C compiler ABI info
[0.163s] -- Detecting C compiler ABI info - done
[0.168s] -- Check for working C compiler: /usr/bin/cc - skipped
[0.168s] -- Detecting C compile features
[0.169s] -- Detecting C compile features - done
[0.172s] -- Detecting CXX compiler ABI info
[0.254s] -- Detecting CXX compiler ABI info - done
[0.259s] -- Check for working CXX compiler: /usr/bin/c++ - skipped
[0.259s] -- Detecting CXX compile features
[0.259s] -- Detecting CXX compile features - done
[0.265s] -- Processor number:  28
[0.265s] -- core for MP:  3
[0.267s] -- Found ament_cmake: 1.3.12 (/opt/ros/humble/share/ament_cmake/cmake)
[0.509s] -- Found Python3: /home/chairman/venv/bin/python3 (found version "3.10.12") found components: Interpreter 
[0.574s] -- Found rclcpp: 16.0.15 (/opt/ros/humble/share/rclcpp/cmake)
[0.603s] -- Found rosidl_generator_c: 3.1.7 (/opt/ros/humble/share/rosidl_generator_c/cmake)
[0.606s] -- Found rosidl_adapter: 3.1.7 (/opt/ros/humble/share/rosidl_adapter/cmake)
[0.612s] -- Found rosidl_generator_cpp: 3.1.7 (/opt/ros/humble/share/rosidl_generator_cpp/cmake)
[0.620s] -- Using all available rosidl_typesupport_c: rosidl_typesupport_fastrtps_c;rosidl_typesupport_introspection_c
[0.631s] -- Using all available rosidl_typesupport_cpp: rosidl_typesupport_fastrtps_cpp;rosidl_typesupport_introspection_cpp
[0.660s] -- Found rmw_implementation_cmake: 6.1.2 (/opt/ros/humble/share/rmw_implementation_cmake/cmake)
[0.662s] -- Found rmw_fastrtps_cpp: 6.2.9 (/opt/ros/humble/share/rmw_fastrtps_cpp/cmake)
[0.727s] -- Found OpenSSL: /usr/lib/x86_64-linux-gnu/libcrypto.so (found version "3.0.2")  
[0.747s] -- Found FastRTPS: /opt/ros/humble/include  
[0.776s] -- Using RMW implementation 'rmw_fastrtps_cpp' as default
[0.782s] -- Looking for pthread.h
[0.844s] -- Looking for pthread.h - found
[0.844s] -- Performing Test CMAKE_HAVE_LIBC_PTHREAD
[0.893s] -- Performing Test CMAKE_HAVE_LIBC_PTHREAD - Success
[0.895s] -- Found Threads: TRUE  
[0.930s] -- Found rclpy: 3.3.17 (/opt/ros/humble/share/rclpy/cmake)
[0.931s] -- Found geometry_msgs: 4.9.0 (/opt/ros/humble/share/geometry_msgs/cmake)
[0.940s] -- Found nav_msgs: 4.9.0 (/opt/ros/humble/share/nav_msgs/cmake)
[0.951s] -- Found sensor_msgs: 4.9.0 (/opt/ros/humble/share/sensor_msgs/cmake)
[0.963s] -- Found visualization_msgs: 4.9.0 (/opt/ros/humble/share/visualization_msgs/cmake)
[0.980s] -- Found pcl_ros: 2.4.5 (/opt/ros/humble/share/pcl_ros/cmake)
[1.008s] -- Checking for module 'eigen3'
[1.019s] --   Found eigen3, version 3.4.0
[1.045s] -- Found Eigen: /usr/include/eigen3 (Required is at least version "3.1") 
[1.045s] -- Eigen found (include: /usr/include/eigen3, version: 3.4.0)
[1.075s] -- Checking for module 'flann'
[1.085s] --   Found flann, version 1.9.1
[1.129s] -- Found FLANN: /usr/lib/x86_64-linux-gnu/libflann_cpp.so  
[1.129s] -- FLANN found (include: /usr/include, lib: /usr/lib/x86_64-linux-gnu/libflann_cpp.so)
[1.934s] -- Checking for module 'libusb-1.0'
[1.946s] --   Found libusb-1.0, version 1.0.25
[1.990s] -- Found libusb: /usr/lib/x86_64-linux-gnu/libusb-1.0.so  
[1.991s] -- OpenNI found (version: 1.5.4.0, include: /usr/include/ni, lib: /usr/lib/libOpenNI.so;libusb::libusb)
[2.051s] -- OpenNI2 found (version: 2.2.0.33, include: /usr/include/openni2, lib: /usr/lib/x86_64-linux-gnu/libOpenNI2.so;libusb::libusb)
[2.174s] -- Eigen found (include: /usr/include/eigen3, version: 3.4.0)
[2.178s] -- OpenNI found (version: 1.5.4.0, include: /usr/include/ni, lib: /usr/lib/libOpenNI.so;libusb::libusb)
[2.183s] -- OpenNI2 found (version: 2.2.0.33, include: /usr/include/openni2, lib: /usr/lib/x86_64-linux-gnu/libOpenNI2.so;libusb::libusb)
[2.289s] -- Found Qhull version 8.0.2
[2.395s] -- OpenNI found (version: 1.5.4.0, include: /usr/include/ni, lib: /usr/lib/libOpenNI.so;libusb::libusb)
[2.498s] -- Found PCL_COMMON: /usr/lib/x86_64-linux-gnu/libpcl_common.so  
[2.499s] -- Found PCL_KDTREE: /usr/lib/x86_64-linux-gnu/libpcl_kdtree.so  
[2.500s] -- Found PCL_OCTREE: /usr/lib/x86_64-linux-gnu/libpcl_octree.so  
[2.500s] -- Found PCL_SEARCH: /usr/lib/x86_64-linux-gnu/libpcl_search.so  
[2.501s] -- Found PCL_SAMPLE_CONSENSUS: /usr/lib/x86_64-linux-gnu/libpcl_sample_consensus.so  
[2.501s] -- Found PCL_FILTERS: /usr/lib/x86_64-linux-gnu/libpcl_filters.so  
[2.502s] -- Found PCL_2D: /usr/include/pcl-1.12  
[2.502s] -- Found PCL_GEOMETRY: /usr/include/pcl-1.12  
[2.502s] -- Found PCL_IO: /usr/lib/x86_64-linux-gnu/libpcl_io.so  
[2.503s] -- Found PCL_FEATURES: /usr/lib/x86_64-linux-gnu/libpcl_features.so  
[2.504s] -- Found PCL_ML: /usr/lib/x86_64-linux-gnu/libpcl_ml.so  
[2.504s] -- Found PCL_SEGMENTATION: /usr/lib/x86_64-linux-gnu/libpcl_segmentation.so  
[2.505s] -- Found PCL_VISUALIZATION: /usr/lib/x86_64-linux-gnu/libpcl_visualization.so  
[2.506s] -- Found PCL_SURFACE: /usr/lib/x86_64-linux-gnu/libpcl_surface.so  
[2.506s] -- Found PCL_REGISTRATION: /usr/lib/x86_64-linux-gnu/libpcl_registration.so  
[2.507s] -- Found PCL_KEYPOINTS: /usr/lib/x86_64-linux-gnu/libpcl_keypoints.so  
[2.507s] -- Found PCL_TRACKING: /usr/lib/x86_64-linux-gnu/libpcl_tracking.so  
[2.508s] -- Found PCL_RECOGNITION: /usr/lib/x86_64-linux-gnu/libpcl_recognition.so  
[2.509s] -- Found PCL_STEREO: /usr/lib/x86_64-linux-gnu/libpcl_stereo.so  
[2.509s] -- Found PCL_APPS: /usr/lib/x86_64-linux-gnu/libpcl_apps.so  
[2.510s] -- Found PCL_IN_HAND_SCANNER: /usr/include/pcl-1.12  
[2.510s] -- Found PCL_MODELER: /usr/include/pcl-1.12  
[2.510s] -- Found PCL_POINT_CLOUD_EDITOR: /usr/include/pcl-1.12  
[2.511s] -- Found PCL_OUTOFCORE: /usr/lib/x86_64-linux-gnu/libpcl_outofcore.so  
[2.512s] -- Found PCL_PEOPLE: /usr/lib/x86_64-linux-gnu/libpcl_people.so  
[2.534s] -- Found eigen3_cmake_module: 0.1.1 (/opt/ros/humble/share/eigen3_cmake_module/cmake)
[2.535s] -- Found Eigen3: TRUE (found version "3.4.0") 
[2.535s] -- Ensuring Eigen3 include directory is part of orocos-kdl CMake target
[2.597s] -- Found livox_ros_driver2: 1.0.0 (/home/chairman/working/ros2/leida/ws_livox/install/livox_ros_driver2/share/livox_ros_driver2/cmake)
[2.858s] -- Found PythonLibs: /usr/lib/x86_64-linux-gnu/libpython3.10.so (found version "3.10.12") 
[2.922s] -- Configuring done
[2.950s] -- Generating done
[2.951s] [33mCMake Warning:
[2.951s]   Manually-specified variables were not used by the project:
[2.951s] 
[2.951s]     HUMBLE_ROS
[2.951s]     ROS_EDITION
[2.951s] 
[2.951s] [0m
[2.956s] -- Build files have been written to: /home/chairman/working/ros2/leida/ws_livox/build/point_lio
[2.970s] Invoked command in '/home/chairman/working/ros2/leida/ws_livox/build/point_lio' returned '0': AMENT_PREFIX_PATH=/home/chairman/working/ros2/leida/ws_livox/install/livox_ros_driver2:${AMENT_PREFIX_PATH} CMAKE_PREFIX_PATH=/home/chairman/working/ros2/leida/ws_livox/install/livox_ros_driver2:/opt/ros/humble LD_LIBRARY_PATH=/home/chairman/working/ros2/leida/ws_livox/install/livox_ros_driver2/lib:/usr/lib/x86_64-linux-gnu:/usr/lib/x86_64-linux-gnu/gazebo-11/plugins:/opt/ros/humble/opt/rviz_ogre_vendor/lib:/opt/ros/humble/lib/x86_64-linux-gnu:/opt/ros/humble/lib:/usr/lib/x86_64-linux-gnu PYTHONPATH=/home/chairman/working/ros2/leida/ws_livox/install/livox_ros_driver2/lib/python3.10/site-packages:${PYTHONPATH} VIRTUAL_ENV_PROMPT=(venv) /usr/bin/cmake /home/chairman/working/ros2/leida/ws_livox/src/point_lio -DROS_EDITION=ROS2 -DHUMBLE_ROS=humble -DCMAKE_INSTALL_PREFIX=/home/chairman/working/ros2/leida/ws_livox/install/point_lio
[2.970s] Invoking command in '/home/chairman/working/ros2/leida/ws_livox/build/point_lio': AMENT_PREFIX_PATH=/home/chairman/working/ros2/leida/ws_livox/install/livox_ros_driver2:${AMENT_PREFIX_PATH} CMAKE_PREFIX_PATH=/home/chairman/working/ros2/leida/ws_livox/install/livox_ros_driver2:/opt/ros/humble LD_LIBRARY_PATH=/home/chairman/working/ros2/leida/ws_livox/install/livox_ros_driver2/lib:/usr/lib/x86_64-linux-gnu:/usr/lib/x86_64-linux-gnu/gazebo-11/plugins:/opt/ros/humble/opt/rviz_ogre_vendor/lib:/opt/ros/humble/lib/x86_64-linux-gnu:/opt/ros/humble/lib:/usr/lib/x86_64-linux-gnu PYTHONPATH=/home/chairman/working/ros2/leida/ws_livox/install/livox_ros_driver2/lib/python3.10/site-packages:${PYTHONPATH} VIRTUAL_ENV_PROMPT=(venv) /usr/bin/cmake --build /home/chairman/working/ros2/leida/ws_livox/build/point_lio -- -j28 -l28
[3.008s] [ 28%] [32mBuilding CXX object CMakeFiles/pointlio_mapping.dir/src/li_initialization.cpp.o[0m
[3.008s] [ 28%] [32mBuilding CXX object CMakeFiles/pointlio_mapping.dir/src/Estimator.cpp.o[0m
[3.009s] [ 42%] [32mBuilding CXX object CMakeFiles/pointlio_mapping.dir/src/laserMapping.cpp.o[0m
[3.009s] [ 57%] [32mBuilding CXX object CMakeFiles/pointlio_mapping.dir/src/parameters.cpp.o[0m
[3.010s] [ 71%] [32mBuilding CXX object CMakeFiles/pointlio_mapping.dir/src/preprocess.cpp.o[0m
[3.010s] [ 85%] [32mBuilding CXX object CMakeFiles/pointlio_mapping.dir/src/IMU_Processing.cpp.o[0m
[38.583s] [100%] [32m[1mLinking CXX executable pointlio_mapping[0m
[39.169s] [100%] Built target pointlio_mapping
[39.176s] Invoked command in '/home/chairman/working/ros2/leida/ws_livox/build/point_lio' returned '0': AMENT_PREFIX_PATH=/home/chairman/working/ros2/leida/ws_livox/install/livox_ros_driver2:${AMENT_PREFIX_PATH} CMAKE_PREFIX_PATH=/home/chairman/working/ros2/leida/ws_livox/install/livox_ros_driver2:/opt/ros/humble LD_LIBRARY_PATH=/home/chairman/working/ros2/leida/ws_livox/install/livox_ros_driver2/lib:/usr/lib/x86_64-linux-gnu:/usr/lib/x86_64-linux-gnu/gazebo-11/plugins:/opt/ros/humble/opt/rviz_ogre_vendor/lib:/opt/ros/humble/lib/x86_64-linux-gnu:/opt/ros/humble/lib:/usr/lib/x86_64-linux-gnu PYTHONPATH=/home/chairman/working/ros2/leida/ws_livox/install/livox_ros_driver2/lib/python3.10/site-packages:${PYTHONPATH} VIRTUAL_ENV_PROMPT=(venv) /usr/bin/cmake --build /home/chairman/working/ros2/leida/ws_livox/build/point_lio -- -j28 -l28
[39.177s] Invoking command in '/home/chairman/working/ros2/leida/ws_livox/build/point_lio': AMENT_PREFIX_PATH=/home/chairman/working/ros2/leida/ws_livox/install/livox_ros_driver2:${AMENT_PREFIX_PATH} CMAKE_PREFIX_PATH=/home/chairman/working/ros2/leida/ws_livox/install/livox_ros_driver2:/opt/ros/humble LD_LIBRARY_PATH=/home/chairman/working/ros2/leida/ws_livox/install/livox_ros_driver2/lib:/usr/lib/x86_64-linux-gnu:/usr/lib/x86_64-linux-gnu/gazebo-11/plugins:/opt/ros/humble/opt/rviz_ogre_vendor/lib:/opt/ros/humble/lib/x86_64-linux-gnu:/opt/ros/humble/lib:/usr/lib/x86_64-linux-gnu PYTHONPATH=/home/chairman/working/ros2/leida/ws_livox/install/livox_ros_driver2/lib/python3.10/site-packages:${PYTHONPATH} VIRTUAL_ENV_PROMPT=(venv) /usr/bin/cmake --install /home/chairman/working/ros2/leida/ws_livox/build/point_lio
[39.182s] -- Install configuration: "Release"
[39.182s] -- Installing: /home/chairman/working/ros2/leida/ws_livox/install/point_lio/lib/point_lio/pointlio_mapping
[39.183s] -- Set runtime path of "/home/chairman/working/ros2/leida/ws_livox/install/point_lio/lib/point_lio/pointlio_mapping" to ""
[39.183s] -- Installing: /home/chairman/working/ros2/leida/ws_livox/install/point_lio/share/point_lio/config
[39.183s] -- Installing: /home/chairman/working/ros2/leida/ws_livox/install/point_lio/share/point_lio/config/ouster64.yaml
[39.183s] -- Installing: /home/chairman/working/ros2/leida/ws_livox/install/point_lio/share/point_lio/config/avia.yaml
[39.183s] -- Installing: /home/chairman/working/ros2/leida/ws_livox/install/point_lio/share/point_lio/config/mid360.yaml
[39.183s] -- Installing: /home/chairman/working/ros2/leida/ws_livox/install/point_lio/share/point_lio/config/velody16.yaml
[39.183s] -- Installing: /home/chairman/working/ros2/leida/ws_livox/install/point_lio/share/point_lio/config/horizon.yaml
[39.183s] -- Installing: /home/chairman/working/ros2/leida/ws_livox/install/point_lio/share/point_lio/launch
[39.183s] -- Installing: /home/chairman/working/ros2/leida/ws_livox/install/point_lio/share/point_lio/launch/start_pcd.launch.py
[39.183s] -- Installing: /home/chairman/working/ros2/leida/ws_livox/install/point_lio/share/point_lio/launch/point_lio.launch.py
[39.183s] -- Installing: /home/chairman/working/ros2/leida/ws_livox/install/point_lio/share/point_lio/rviz_cfg
[39.183s] -- Installing: /home/chairman/working/ros2/leida/ws_livox/install/point_lio/share/point_lio/rviz_cfg/loam_livox.rviz
[39.184s] -- Installing: /home/chairman/working/ros2/leida/ws_livox/install/point_lio/share/ament_index/resource_index/package_run_dependencies/point_lio
[39.184s] -- Installing: /home/chairman/working/ros2/leida/ws_livox/install/point_lio/share/ament_index/resource_index/parent_prefix_path/point_lio
[39.184s] -- Installing: /home/chairman/working/ros2/leida/ws_livox/install/point_lio/share/point_lio/environment/ament_prefix_path.sh
[39.184s] -- Installing: /home/chairman/working/ros2/leida/ws_livox/install/point_lio/share/point_lio/environment/ament_prefix_path.dsv
[39.184s] -- Installing: /home/chairman/working/ros2/leida/ws_livox/install/point_lio/share/point_lio/environment/path.sh
[39.184s] -- Installing: /home/chairman/working/ros2/leida/ws_livox/install/point_lio/share/point_lio/environment/path.dsv
[39.184s] -- Installing: /home/chairman/working/ros2/leida/ws_livox/install/point_lio/share/point_lio/local_setup.bash
[39.184s] -- Installing: /home/chairman/working/ros2/leida/ws_livox/install/point_lio/share/point_lio/local_setup.sh
[39.184s] -- Installing: /home/chairman/working/ros2/leida/ws_livox/install/point_lio/share/point_lio/local_setup.zsh
[39.184s] -- Installing: /home/chairman/working/ros2/leida/ws_livox/install/point_lio/share/point_lio/local_setup.dsv
[39.184s] -- Installing: /home/chairman/working/ros2/leida/ws_livox/install/point_lio/share/point_lio/package.dsv
[39.184s] -- Installing: /home/chairman/working/ros2/leida/ws_livox/install/point_lio/share/ament_index/resource_index/packages/point_lio
[39.184s] -- Installing: /home/chairman/working/ros2/leida/ws_livox/install/point_lio/share/point_lio/cmake/ament_cmake_export_dependencies-extras.cmake
[39.184s] -- Installing: /home/chairman/working/ros2/leida/ws_livox/install/point_lio/share/point_lio/cmake/point_lioConfig.cmake
[39.184s] -- Installing: /home/chairman/working/ros2/leida/ws_livox/install/point_lio/share/point_lio/cmake/point_lioConfig-version.cmake
[39.184s] -- Installing: /home/chairman/working/ros2/leida/ws_livox/install/point_lio/share/point_lio/package.xml
[39.186s] Invoked command in '/home/chairman/working/ros2/leida/ws_livox/build/point_lio' returned '0': AMENT_PREFIX_PATH=/home/chairman/working/ros2/leida/ws_livox/install/livox_ros_driver2:${AMENT_PREFIX_PATH} CMAKE_PREFIX_PATH=/home/chairman/working/ros2/leida/ws_livox/install/livox_ros_driver2:/opt/ros/humble LD_LIBRARY_PATH=/home/chairman/working/ros2/leida/ws_livox/install/livox_ros_driver2/lib:/usr/lib/x86_64-linux-gnu:/usr/lib/x86_64-linux-gnu/gazebo-11/plugins:/opt/ros/humble/opt/rviz_ogre_vendor/lib:/opt/ros/humble/lib/x86_64-linux-gnu:/opt/ros/humble/lib:/usr/lib/x86_64-linux-gnu PYTHONPATH=/home/chairman/working/ros2/leida/ws_livox/install/livox_ros_driver2/lib/python3.10/site-packages:${PYTHONPATH} VIRTUAL_ENV_PROMPT=(venv) /usr/bin/cmake --install /home/chairman/working/ros2/leida/ws_livox/build/point_lio
