[0.389s] Invoking command in '/home/chairman/working/ros2/learning/chapt4/chapt4_ws/src/demo_python_service': LD_LIBRARY_PATH=/home/chairman/working/ros2/learning/chapt4/chapt4_ws/src/install/chapt4_interfaces/lib:/usr/local/cuda-12.6/lib64:/usr/lib/x86_64-linux-gnu/gazebo-11/plugins:/opt/ros/humble/opt/rviz_ogre_vendor/lib:/opt/ros/humble/lib/x86_64-linux-gnu:/opt/ros/humble/lib:/usr/local/cuda-12.6/lib64 PYTHONPATH=/home/chairman/working/ros2/learning/chapt4/chapt4_ws/src/build/demo_python_service/prefix_override:/usr/lib/python3/dist-packages/colcon_core/task/python/colcon_distutils_commands:/home/chairman/working/ros2/learning/chapt4/chapt4_ws/src/install/demo_python_service/lib/python3.10/site-packages:${PYTHONPATH} /usr/bin/python3 -W ignore:setup.py install is deprecated -W ignore:easy_install command is deprecated setup.py egg_info --egg-base ../build/demo_python_service build --build-base /home/chairman/working/ros2/learning/chapt4/chapt4_ws/src/build/demo_python_service/build install --record /home/chairman/working/ros2/learning/chapt4/chapt4_ws/src/build/demo_python_service/install.log --single-version-externally-managed install_data
[0.531s] running egg_info
[0.532s] writing ../build/demo_python_service/demo_python_service.egg-info/PKG-INFO
[0.532s] writing dependency_links to ../build/demo_python_service/demo_python_service.egg-info/dependency_links.txt
[0.532s] writing entry points to ../build/demo_python_service/demo_python_service.egg-info/entry_points.txt
[0.532s] writing requirements to ../build/demo_python_service/demo_python_service.egg-info/requires.txt
[0.532s] writing top-level names to ../build/demo_python_service/demo_python_service.egg-info/top_level.txt
[0.533s] reading manifest file '../build/demo_python_service/demo_python_service.egg-info/SOURCES.txt'
[0.533s] writing manifest file '../build/demo_python_service/demo_python_service.egg-info/SOURCES.txt'
[0.533s] running build
[0.533s] running build_py
[0.534s] running install
[0.534s] running install_lib
[0.534s] running install_data
[0.535s] running install_egg_info
[0.536s] removing '/home/chairman/working/ros2/learning/chapt4/chapt4_ws/src/install/demo_python_service/lib/python3.10/site-packages/demo_python_service-0.0.0-py3.10.egg-info' (and everything under it)
[0.536s] Copying ../build/demo_python_service/demo_python_service.egg-info to /home/chairman/working/ros2/learning/chapt4/chapt4_ws/src/install/demo_python_service/lib/python3.10/site-packages/demo_python_service-0.0.0-py3.10.egg-info
[0.537s] running install_scripts
[0.550s] Installing face_detect_client_node script to /home/chairman/working/ros2/learning/chapt4/chapt4_ws/src/install/demo_python_service/lib/demo_python_service
[0.550s] Installing face_detect_node script to /home/chairman/working/ros2/learning/chapt4/chapt4_ws/src/install/demo_python_service/lib/demo_python_service
[0.550s] Installing learn_face_detect script to /home/chairman/working/ros2/learning/chapt4/chapt4_ws/src/install/demo_python_service/lib/demo_python_service
[0.550s] writing list of installed files to '/home/chairman/working/ros2/learning/chapt4/chapt4_ws/src/build/demo_python_service/install.log'
[0.565s] Invoked command in '/home/chairman/working/ros2/learning/chapt4/chapt4_ws/src/demo_python_service' returned '0': LD_LIBRARY_PATH=/home/chairman/working/ros2/learning/chapt4/chapt4_ws/src/install/chapt4_interfaces/lib:/usr/local/cuda-12.6/lib64:/usr/lib/x86_64-linux-gnu/gazebo-11/plugins:/opt/ros/humble/opt/rviz_ogre_vendor/lib:/opt/ros/humble/lib/x86_64-linux-gnu:/opt/ros/humble/lib:/usr/local/cuda-12.6/lib64 PYTHONPATH=/home/chairman/working/ros2/learning/chapt4/chapt4_ws/src/build/demo_python_service/prefix_override:/usr/lib/python3/dist-packages/colcon_core/task/python/colcon_distutils_commands:/home/chairman/working/ros2/learning/chapt4/chapt4_ws/src/install/demo_python_service/lib/python3.10/site-packages:${PYTHONPATH} /usr/bin/python3 -W ignore:setup.py install is deprecated -W ignore:easy_install command is deprecated setup.py egg_info --egg-base ../build/demo_python_service build --build-base /home/chairman/working/ros2/learning/chapt4/chapt4_ws/src/build/demo_python_service/build install --record /home/chairman/working/ros2/learning/chapt4/chapt4_ws/src/build/demo_python_service/install.log --single-version-externally-managed install_data
