[35m[1mConsolidate compiler generated dependencies of target nav2_custom_planner_plugin[0m
[ 33%] [32mBuilding CXX object CMakeFiles/nav2_custom_planner_plugin.dir/src/custom_controller.cpp.o[0m
[01m[K/home/chairman/working/ros2/learning/chapt8/chapt8_ws/src/nav2_custom_planner/src/custom_controller.cpp:[m[K In member function ‘[01m[Kgeometry_msgs::msg::PoseStamped nav2_custom_controller::CustomController::getNearestTargetPose(const PoseStamped&)[m[K’:
[01m[K/home/chairman/working/ros2/learning/chapt8/chapt8_ws/src/nav2_custom_planner/src/custom_controller.cpp:89:5:[m[K [01;35m[Kwarning: [m[Kcontrol reaches end of non-void function [[01;35m[K]8;;https://gcc.gnu.org/onlinedocs/gcc/Warning-Options.html#index-Wreturn-type-Wreturn-type]8;;[m[K]
   89 |     [01;35m[K}[m[K
      |     [01;35m[K^[m[K
[ 66%] [32m[1mLinking CXX shared library libnav2_custom_planner_plugin.so[0m
[100%] Built target nav2_custom_planner_plugin
-- Install configuration: ""
-- Installing: /home/chairman/working/ros2/learning/chapt8/chapt8_ws/src/install/nav2_custom_planner/lib/libnav2_custom_planner_plugin.so
-- Set runtime path of "/home/chairman/working/ros2/learning/chapt8/chapt8_ws/src/install/nav2_custom_planner/lib/libnav2_custom_planner_plugin.so" to ""
-- Up-to-date: /home/chairman/working/ros2/learning/chapt8/chapt8_ws/src/install/nav2_custom_planner/include/
-- Up-to-date: /home/chairman/working/ros2/learning/chapt8/chapt8_ws/src/install/nav2_custom_planner/include//nav2_custom_controller
-- Up-to-date: /home/chairman/working/ros2/learning/chapt8/chapt8_ws/src/install/nav2_custom_planner/include//nav2_custom_controller/custom_controller.hpp
-- Up-to-date: /home/chairman/working/ros2/learning/chapt8/chapt8_ws/src/install/nav2_custom_planner/include//nav2_custom_planner
-- Up-to-date: /home/chairman/working/ros2/learning/chapt8/chapt8_ws/src/install/nav2_custom_planner/include//nav2_custom_planner/nav2_custom_planner.hpp
-- Up-to-date: /home/chairman/working/ros2/learning/chapt8/chapt8_ws/src/install/nav2_custom_planner/share/nav2_custom_planner/custom_planner_plugin.xml
-- Up-to-date: /home/chairman/working/ros2/learning/chapt8/chapt8_ws/src/install/nav2_custom_planner/share/nav2_custom_planner/nav2_custom_controller.xml
-- Up-to-date: /home/chairman/working/ros2/learning/chapt8/chapt8_ws/src/install/nav2_custom_planner/share/ament_index/resource_index/package_run_dependencies/nav2_custom_planner
-- Up-to-date: /home/chairman/working/ros2/learning/chapt8/chapt8_ws/src/install/nav2_custom_planner/share/ament_index/resource_index/parent_prefix_path/nav2_custom_planner
-- Up-to-date: /home/chairman/working/ros2/learning/chapt8/chapt8_ws/src/install/nav2_custom_planner/share/nav2_custom_planner/environment/ament_prefix_path.sh
-- Up-to-date: /home/chairman/working/ros2/learning/chapt8/chapt8_ws/src/install/nav2_custom_planner/share/nav2_custom_planner/environment/ament_prefix_path.dsv
-- Up-to-date: /home/chairman/working/ros2/learning/chapt8/chapt8_ws/src/install/nav2_custom_planner/share/nav2_custom_planner/environment/path.sh
-- Up-to-date: /home/chairman/working/ros2/learning/chapt8/chapt8_ws/src/install/nav2_custom_planner/share/nav2_custom_planner/environment/path.dsv
-- Up-to-date: /home/chairman/working/ros2/learning/chapt8/chapt8_ws/src/install/nav2_custom_planner/share/nav2_custom_planner/local_setup.bash
-- Up-to-date: /home/chairman/working/ros2/learning/chapt8/chapt8_ws/src/install/nav2_custom_planner/share/nav2_custom_planner/local_setup.sh
-- Up-to-date: /home/chairman/working/ros2/learning/chapt8/chapt8_ws/src/install/nav2_custom_planner/share/nav2_custom_planner/local_setup.zsh
-- Up-to-date: /home/chairman/working/ros2/learning/chapt8/chapt8_ws/src/install/nav2_custom_planner/share/nav2_custom_planner/local_setup.dsv
-- Installing: /home/chairman/working/ros2/learning/chapt8/chapt8_ws/src/install/nav2_custom_planner/share/nav2_custom_planner/package.dsv
-- Up-to-date: /home/chairman/working/ros2/learning/chapt8/chapt8_ws/src/install/nav2_custom_planner/share/ament_index/resource_index/packages/nav2_custom_planner
-- Up-to-date: /home/chairman/working/ros2/learning/chapt8/chapt8_ws/src/install/nav2_custom_planner/share/ament_index/resource_index/nav2_core__pluginlib__plugin/nav2_custom_planner
-- Up-to-date: /home/chairman/working/ros2/learning/chapt8/chapt8_ws/src/install/nav2_custom_planner/share/nav2_custom_planner/cmake/nav2_custom_plannerConfig.cmake
-- Up-to-date: /home/chairman/working/ros2/learning/chapt8/chapt8_ws/src/install/nav2_custom_planner/share/nav2_custom_planner/cmake/nav2_custom_plannerConfig-version.cmake
-- Up-to-date: /home/chairman/working/ros2/learning/chapt8/chapt8_ws/src/install/nav2_custom_planner/share/nav2_custom_planner/package.xml
