[0.325s] Invoking command in '/home/chairman/working/ros2/learning/chapt8/chapt8_ws/src/build/nav2_custom_planner': CMAKE_PREFIX_PATH=${CMAKE_PREFIX_PATH}:/home/chairman/working/ros2/learning/chapt8/chapt8_ws/src/install/fishbot_application:/home/chairman/working/ros2/learning/chapt8/chapt8_ws/src/install/autopatrol_robot:/opt/ros/humble /usr/bin/cmake --build /home/chairman/working/ros2/learning/chapt8/chapt8_ws/src/build/nav2_custom_planner -- -j28 -l28
[0.363s] [35m[1mConsolidate compiler generated dependencies of target nav2_custom_planner_plugin[0m
[0.384s] [ 33%] [32mBuilding CXX object CMakeFiles/nav2_custom_planner_plugin.dir/src/custom_controller.cpp.o[0m
[3.118s] [01m[K/home/chairman/working/ros2/learning/chapt8/chapt8_ws/src/nav2_custom_planner/src/custom_controller.cpp:[m[K In member function ‘[01m[Kgeometry_msgs::msg::PoseStamped nav2_custom_controller::CustomController::getNearestTargetPose(const PoseStamped&)[m[K’:
[3.118s] [01m[K/home/chairman/working/ros2/learning/chapt8/chapt8_ws/src/nav2_custom_planner/src/custom_controller.cpp:89:5:[m[K [01;35m[Kwarning: [m[Kcontrol reaches end of non-void function [[01;35m[K]8;;https://gcc.gnu.org/onlinedocs/gcc/Warning-Options.html#index-Wreturn-type-Wreturn-type]8;;[m[K]
[3.118s]    89 |     [01;35m[K}[m[K
[3.118s]       |     [01;35m[K^[m[K
[3.317s] [ 66%] [32m[1mLinking CXX shared library libnav2_custom_planner_plugin.so[0m
[3.540s] [100%] Built target nav2_custom_planner_plugin
[3.550s] Invoked command in '/home/chairman/working/ros2/learning/chapt8/chapt8_ws/src/build/nav2_custom_planner' returned '0': CMAKE_PREFIX_PATH=${CMAKE_PREFIX_PATH}:/home/chairman/working/ros2/learning/chapt8/chapt8_ws/src/install/fishbot_application:/home/chairman/working/ros2/learning/chapt8/chapt8_ws/src/install/autopatrol_robot:/opt/ros/humble /usr/bin/cmake --build /home/chairman/working/ros2/learning/chapt8/chapt8_ws/src/build/nav2_custom_planner -- -j28 -l28
[3.552s] Invoking command in '/home/chairman/working/ros2/learning/chapt8/chapt8_ws/src/build/nav2_custom_planner': CMAKE_PREFIX_PATH=${CMAKE_PREFIX_PATH}:/home/chairman/working/ros2/learning/chapt8/chapt8_ws/src/install/fishbot_application:/home/chairman/working/ros2/learning/chapt8/chapt8_ws/src/install/autopatrol_robot:/opt/ros/humble /usr/bin/cmake --install /home/chairman/working/ros2/learning/chapt8/chapt8_ws/src/build/nav2_custom_planner
[3.560s] -- Install configuration: ""
[3.561s] -- Installing: /home/chairman/working/ros2/learning/chapt8/chapt8_ws/src/install/nav2_custom_planner/lib/libnav2_custom_planner_plugin.so
[3.561s] -- Set runtime path of "/home/chairman/working/ros2/learning/chapt8/chapt8_ws/src/install/nav2_custom_planner/lib/libnav2_custom_planner_plugin.so" to ""
[3.562s] -- Up-to-date: /home/chairman/working/ros2/learning/chapt8/chapt8_ws/src/install/nav2_custom_planner/include/
[3.562s] -- Up-to-date: /home/chairman/working/ros2/learning/chapt8/chapt8_ws/src/install/nav2_custom_planner/include//nav2_custom_controller
[3.562s] -- Up-to-date: /home/chairman/working/ros2/learning/chapt8/chapt8_ws/src/install/nav2_custom_planner/include//nav2_custom_controller/custom_controller.hpp
[3.562s] -- Up-to-date: /home/chairman/working/ros2/learning/chapt8/chapt8_ws/src/install/nav2_custom_planner/include//nav2_custom_planner
[3.562s] -- Up-to-date: /home/chairman/working/ros2/learning/chapt8/chapt8_ws/src/install/nav2_custom_planner/include//nav2_custom_planner/nav2_custom_planner.hpp
[3.562s] -- Up-to-date: /home/chairman/working/ros2/learning/chapt8/chapt8_ws/src/install/nav2_custom_planner/share/nav2_custom_planner/custom_planner_plugin.xml
[3.563s] -- Up-to-date: /home/chairman/working/ros2/learning/chapt8/chapt8_ws/src/install/nav2_custom_planner/share/nav2_custom_planner/nav2_custom_controller.xml
[3.563s] -- Up-to-date: /home/chairman/working/ros2/learning/chapt8/chapt8_ws/src/install/nav2_custom_planner/share/ament_index/resource_index/package_run_dependencies/nav2_custom_planner
[3.563s] -- Up-to-date: /home/chairman/working/ros2/learning/chapt8/chapt8_ws/src/install/nav2_custom_planner/share/ament_index/resource_index/parent_prefix_path/nav2_custom_planner
[3.563s] -- Up-to-date: /home/chairman/working/ros2/learning/chapt8/chapt8_ws/src/install/nav2_custom_planner/share/nav2_custom_planner/environment/ament_prefix_path.sh
[3.563s] -- Up-to-date: /home/chairman/working/ros2/learning/chapt8/chapt8_ws/src/install/nav2_custom_planner/share/nav2_custom_planner/environment/ament_prefix_path.dsv
[3.563s] -- Up-to-date: /home/chairman/working/ros2/learning/chapt8/chapt8_ws/src/install/nav2_custom_planner/share/nav2_custom_planner/environment/path.sh
[3.563s] -- Up-to-date: /home/chairman/working/ros2/learning/chapt8/chapt8_ws/src/install/nav2_custom_planner/share/nav2_custom_planner/environment/path.dsv
[3.563s] -- Up-to-date: /home/chairman/working/ros2/learning/chapt8/chapt8_ws/src/install/nav2_custom_planner/share/nav2_custom_planner/local_setup.bash
[3.563s] -- Up-to-date: /home/chairman/working/ros2/learning/chapt8/chapt8_ws/src/install/nav2_custom_planner/share/nav2_custom_planner/local_setup.sh
[3.564s] -- Up-to-date: /home/chairman/working/ros2/learning/chapt8/chapt8_ws/src/install/nav2_custom_planner/share/nav2_custom_planner/local_setup.zsh
[3.564s] -- Up-to-date: /home/chairman/working/ros2/learning/chapt8/chapt8_ws/src/install/nav2_custom_planner/share/nav2_custom_planner/local_setup.dsv
[3.564s] -- Installing: /home/chairman/working/ros2/learning/chapt8/chapt8_ws/src/install/nav2_custom_planner/share/nav2_custom_planner/package.dsv
[3.564s] -- Up-to-date: /home/chairman/working/ros2/learning/chapt8/chapt8_ws/src/install/nav2_custom_planner/share/ament_index/resource_index/packages/nav2_custom_planner
[3.564s] -- Up-to-date: /home/chairman/working/ros2/learning/chapt8/chapt8_ws/src/install/nav2_custom_planner/share/ament_index/resource_index/nav2_core__pluginlib__plugin/nav2_custom_planner
[3.565s] -- Up-to-date: /home/chairman/working/ros2/learning/chapt8/chapt8_ws/src/install/nav2_custom_planner/share/nav2_custom_planner/cmake/nav2_custom_plannerConfig.cmake
[3.565s] -- Up-to-date: /home/chairman/working/ros2/learning/chapt8/chapt8_ws/src/install/nav2_custom_planner/share/nav2_custom_planner/cmake/nav2_custom_plannerConfig-version.cmake
[3.566s] -- Up-to-date: /home/chairman/working/ros2/learning/chapt8/chapt8_ws/src/install/nav2_custom_planner/share/nav2_custom_planner/package.xml
[3.567s] Invoked command in '/home/chairman/working/ros2/learning/chapt8/chapt8_ws/src/build/nav2_custom_planner' returned '0': CMAKE_PREFIX_PATH=${CMAKE_PREFIX_PATH}:/home/chairman/working/ros2/learning/chapt8/chapt8_ws/src/install/fishbot_application:/home/chairman/working/ros2/learning/chapt8/chapt8_ws/src/install/autopatrol_robot:/opt/ros/humble /usr/bin/cmake --install /home/chairman/working/ros2/learning/chapt8/chapt8_ws/src/build/nav2_custom_planner
