[0.010s] Invoking command in '/home/chairman/working/ros2/learning/chapt2/chapt2_ws/src/build/demo_cpp_pkg': CMAKE_PREFIX_PATH=${CMAKE_PREFIX_PATH}:/home/chairman/working/ros2/learning/chapt2/chapt2_ws/src/install/demo_python_pkg:/home/chairman/working/ros2/learning/chapt2/install/demo_python_pkg:/opt/ros/humble CONDA_PROMPT_MODIFIER=(base) /usr/bin/cmake --build /home/chairman/working/ros2/learning/chapt2/chapt2_ws/src/build/demo_cpp_pkg -- -j28 -l28
[0.032s] -- Found rclcpp: 16.0.12 (/opt/ros/humble/share/rclcpp/cmake)
[0.160s] -- Found rosidl_generator_c: 3.1.6 (/opt/ros/humble/share/rosidl_generator_c/cmake)
[0.162s] -- Found rosidl_adapter: 3.1.6 (/opt/ros/humble/share/rosidl_adapter/cmake)
[0.165s] -- Found rosidl_generator_cpp: 3.1.6 (/opt/ros/humble/share/rosidl_generator_cpp/cmake)
[0.171s] -- Using all available rosidl_typesupport_c: rosidl_typesupport_fastrtps_c;rosidl_typesupport_introspection_c
[0.179s] -- Using all available rosidl_typesupport_cpp: rosidl_typesupport_fastrtps_cpp;rosidl_typesupport_introspection_cpp
[0.199s] -- Found rmw_implementation_cmake: 6.1.2 (/opt/ros/humble/share/rmw_implementation_cmake/cmake)
[0.200s] -- Found rmw_fastrtps_cpp: 6.2.7 (/opt/ros/humble/share/rmw_fastrtps_cpp/cmake)
[0.270s] -- Using RMW implementation 'rmw_fastrtps_cpp' as default
[0.305s] -- Found ament_lint_auto: 0.12.12 (/opt/ros/humble/share/ament_lint_auto/cmake)
[0.367s] -- Added test 'cppcheck' to perform static code analysis on C / C++ code
[0.367s] -- Configured cppcheck include dirs: 
[0.367s] -- Configured cppcheck exclude dirs and/or files: 
[0.368s] -- Added test 'lint_cmake' to check CMake code style
[0.368s] -- Added test 'uncrustify' to check C / C++ code style
[0.368s] -- Configured uncrustify additional arguments: 
[0.368s] -- Added test 'xmllint' to check XML markup files
[0.369s] -- Configuring done
[0.375s] -- Generating done
[0.377s] -- Build files have been written to: /home/chairman/working/ros2/learning/chapt2/chapt2_ws/src/build/demo_cpp_pkg
[0.403s] [35m[1mConsolidate compiler generated dependencies of target cpp_node[0m
[0.411s] [ 25%] [32mBuilding CXX object CMakeFiles/person_node.dir/src/person_node.cpp.o[0m
[0.419s] [ 75%] Built target cpp_node
[2.034s] [100%] [32m[1mLinking CXX executable person_node[0m
[2.118s] [100%] Built target person_node
[2.129s] Invoked command in '/home/chairman/working/ros2/learning/chapt2/chapt2_ws/src/build/demo_cpp_pkg' returned '0': CMAKE_PREFIX_PATH=${CMAKE_PREFIX_PATH}:/home/chairman/working/ros2/learning/chapt2/chapt2_ws/src/install/demo_python_pkg:/home/chairman/working/ros2/learning/chapt2/install/demo_python_pkg:/opt/ros/humble CONDA_PROMPT_MODIFIER=(base) /usr/bin/cmake --build /home/chairman/working/ros2/learning/chapt2/chapt2_ws/src/build/demo_cpp_pkg -- -j28 -l28
[2.141s] Invoking command in '/home/chairman/working/ros2/learning/chapt2/chapt2_ws/src/build/demo_cpp_pkg': CMAKE_PREFIX_PATH=${CMAKE_PREFIX_PATH}:/home/chairman/working/ros2/learning/chapt2/chapt2_ws/src/install/demo_python_pkg:/home/chairman/working/ros2/learning/chapt2/install/demo_python_pkg:/opt/ros/humble CONDA_PROMPT_MODIFIER=(base) /usr/bin/cmake --install /home/chairman/working/ros2/learning/chapt2/chapt2_ws/src/build/demo_cpp_pkg
[2.151s] -- Install configuration: ""
[2.151s] -- Up-to-date: /home/chairman/working/ros2/learning/chapt2/chapt2_ws/src/install/demo_cpp_pkg/lib/demo_cpp_pkg/cpp_node
[2.151s] -- Installing: /home/chairman/working/ros2/learning/chapt2/chapt2_ws/src/install/demo_cpp_pkg/lib/demo_cpp_pkg/person_node
[2.151s] -- Set runtime path of "/home/chairman/working/ros2/learning/chapt2/chapt2_ws/src/install/demo_cpp_pkg/lib/demo_cpp_pkg/person_node" to ""
[2.151s] -- Up-to-date: /home/chairman/working/ros2/learning/chapt2/chapt2_ws/src/install/demo_cpp_pkg/share/ament_index/resource_index/package_run_dependencies/demo_cpp_pkg
[2.152s] -- Installing: /home/chairman/working/ros2/learning/chapt2/chapt2_ws/src/install/demo_cpp_pkg/share/ament_index/resource_index/parent_prefix_path/demo_cpp_pkg
[2.152s] -- Up-to-date: /home/chairman/working/ros2/learning/chapt2/chapt2_ws/src/install/demo_cpp_pkg/share/demo_cpp_pkg/environment/ament_prefix_path.sh
[2.152s] -- Installing: /home/chairman/working/ros2/learning/chapt2/chapt2_ws/src/install/demo_cpp_pkg/share/demo_cpp_pkg/environment/ament_prefix_path.dsv
[2.152s] -- Up-to-date: /home/chairman/working/ros2/learning/chapt2/chapt2_ws/src/install/demo_cpp_pkg/share/demo_cpp_pkg/environment/path.sh
[2.152s] -- Installing: /home/chairman/working/ros2/learning/chapt2/chapt2_ws/src/install/demo_cpp_pkg/share/demo_cpp_pkg/environment/path.dsv
[2.152s] -- Up-to-date: /home/chairman/working/ros2/learning/chapt2/chapt2_ws/src/install/demo_cpp_pkg/share/demo_cpp_pkg/local_setup.bash
[2.152s] -- Up-to-date: /home/chairman/working/ros2/learning/chapt2/chapt2_ws/src/install/demo_cpp_pkg/share/demo_cpp_pkg/local_setup.sh
[2.152s] -- Up-to-date: /home/chairman/working/ros2/learning/chapt2/chapt2_ws/src/install/demo_cpp_pkg/share/demo_cpp_pkg/local_setup.zsh
[2.152s] -- Installing: /home/chairman/working/ros2/learning/chapt2/chapt2_ws/src/install/demo_cpp_pkg/share/demo_cpp_pkg/local_setup.dsv
[2.152s] -- Installing: /home/chairman/working/ros2/learning/chapt2/chapt2_ws/src/install/demo_cpp_pkg/share/demo_cpp_pkg/package.dsv
[2.152s] -- Up-to-date: /home/chairman/working/ros2/learning/chapt2/chapt2_ws/src/install/demo_cpp_pkg/share/ament_index/resource_index/packages/demo_cpp_pkg
[2.152s] -- Up-to-date: /home/chairman/working/ros2/learning/chapt2/chapt2_ws/src/install/demo_cpp_pkg/share/demo_cpp_pkg/cmake/demo_cpp_pkgConfig.cmake
[2.152s] -- Up-to-date: /home/chairman/working/ros2/learning/chapt2/chapt2_ws/src/install/demo_cpp_pkg/share/demo_cpp_pkg/cmake/demo_cpp_pkgConfig-version.cmake
[2.152s] -- Up-to-date: /home/chairman/working/ros2/learning/chapt2/chapt2_ws/src/install/demo_cpp_pkg/share/demo_cpp_pkg/package.xml
[2.154s] Invoked command in '/home/chairman/working/ros2/learning/chapt2/chapt2_ws/src/build/demo_cpp_pkg' returned '0': CMAKE_PREFIX_PATH=${CMAKE_PREFIX_PATH}:/home/chairman/working/ros2/learning/chapt2/chapt2_ws/src/install/demo_python_pkg:/home/chairman/working/ros2/learning/chapt2/install/demo_python_pkg:/opt/ros/humble CONDA_PROMPT_MODIFIER=(base) /usr/bin/cmake --install /home/chairman/working/ros2/learning/chapt2/chapt2_ws/src/build/demo_cpp_pkg
