[0.078s] DEBUG:colcon:Command line arguments: ['/usr/bin/colcon', 'build']
[0.079s] DEBUG:colcon:Parsed command line arguments: Namespace(log_base=None, log_level=None, verb_name='build', build_base='build', install_base='install', merge_install=False, symlink_install=False, test_result_base=None, continue_on_error=False, executor='parallel', parallel_workers=28, event_handlers=None, ignore_user_meta=False, metas=['./colcon.meta'], base_paths=['.'], packages_ignore=None, packages_ignore_regex=None, paths=None, packages_up_to=None, packages_up_to_regex=None, packages_above=None, packages_above_and_dependencies=None, packages_above_depth=None, packages_select_by_dep=None, packages_skip_by_dep=None, packages_skip_up_to=None, packages_select_build_failed=False, packages_skip_build_finished=False, packages_select_test_failures=False, packages_skip_test_passed=False, packages_select=None, packages_skip=None, packages_select_regex=None, packages_skip_regex=None, packages_start=None, packages_end=None, allow_overriding=[], cmake_args=None, cmake_target=None, cmake_target_skip_unavailable=False, cmake_clean_cache=False, cmake_clean_first=False, cmake_force_configure=False, ament_cmake_args=None, catkin_cmake_args=None, catkin_skip_building_tests=False, verb_parser=<colcon_defaults.argument_parser.defaults.DefaultArgumentsDecorator object at 0x6fffa1050af0>, verb_extension=<colcon_core.verb.build.BuildVerb object at 0x6fffa115ded0>, main=<bound method BuildVerb.main of <colcon_core.verb.build.BuildVerb object at 0x6fffa115ded0>>)
[0.197s] Level 1:colcon.colcon_core.package_discovery:discover_packages(colcon_meta) check parameters
[0.197s] Level 1:colcon.colcon_core.package_discovery:discover_packages(recursive) check parameters
[0.197s] Level 1:colcon.colcon_core.package_discovery:discover_packages(ignore) check parameters
[0.197s] Level 1:colcon.colcon_core.package_discovery:discover_packages(path) check parameters
[0.197s] Level 1:colcon.colcon_core.package_discovery:discover_packages(colcon_meta) discover
[0.197s] Level 1:colcon.colcon_core.package_discovery:discover_packages(recursive) discover
[0.197s] INFO:colcon.colcon_core.package_discovery:Crawling recursively for packages in '/home/chairman/working/ros2/learning/chapt4/chapt4_ws/src'
[0.197s] Level 1:colcon.colcon_core.package_identification:_identify(.) by extensions ['ignore', 'ignore_ament_install']
[0.197s] Level 1:colcon.colcon_core.package_identification:_identify(.) by extension 'ignore'
[0.197s] Level 1:colcon.colcon_core.package_identification:_identify(.) by extension 'ignore_ament_install'
[0.197s] Level 1:colcon.colcon_core.package_identification:_identify(.) by extensions ['colcon_pkg']
[0.197s] Level 1:colcon.colcon_core.package_identification:_identify(.) by extension 'colcon_pkg'
[0.197s] Level 1:colcon.colcon_core.package_identification:_identify(.) by extensions ['colcon_meta']
[0.197s] Level 1:colcon.colcon_core.package_identification:_identify(.) by extension 'colcon_meta'
[0.197s] Level 1:colcon.colcon_core.package_identification:_identify(.) by extensions ['ros']
[0.198s] Level 1:colcon.colcon_core.package_identification:_identify(.) by extension 'ros'
[0.206s] Level 1:colcon.colcon_core.package_identification:_identify(.) by extensions ['cmake', 'python']
[0.206s] Level 1:colcon.colcon_core.package_identification:_identify(.) by extension 'cmake'
[0.206s] Level 1:colcon.colcon_core.package_identification:_identify(.) by extension 'python'
[0.206s] Level 1:colcon.colcon_core.package_identification:_identify(.) by extensions ['python_setup_py']
[0.206s] Level 1:colcon.colcon_core.package_identification:_identify(.) by extension 'python_setup_py'
[0.206s] Level 1:colcon.colcon_core.package_identification:_identify(build) by extensions ['ignore', 'ignore_ament_install']
[0.206s] Level 1:colcon.colcon_core.package_identification:_identify(build) by extension 'ignore'
[0.206s] Level 1:colcon.colcon_core.package_identification:_identify(build) ignored
[0.206s] Level 1:colcon.colcon_core.package_identification:_identify(chapt4_interfaces) by extensions ['ignore', 'ignore_ament_install']
[0.206s] Level 1:colcon.colcon_core.package_identification:_identify(chapt4_interfaces) by extension 'ignore'
[0.206s] Level 1:colcon.colcon_core.package_identification:_identify(chapt4_interfaces) by extension 'ignore_ament_install'
[0.206s] Level 1:colcon.colcon_core.package_identification:_identify(chapt4_interfaces) by extensions ['colcon_pkg']
[0.206s] Level 1:colcon.colcon_core.package_identification:_identify(chapt4_interfaces) by extension 'colcon_pkg'
[0.206s] Level 1:colcon.colcon_core.package_identification:_identify(chapt4_interfaces) by extensions ['colcon_meta']
[0.206s] Level 1:colcon.colcon_core.package_identification:_identify(chapt4_interfaces) by extension 'colcon_meta'
[0.206s] Level 1:colcon.colcon_core.package_identification:_identify(chapt4_interfaces) by extensions ['ros']
[0.206s] Level 1:colcon.colcon_core.package_identification:_identify(chapt4_interfaces) by extension 'ros'
[0.208s] DEBUG:colcon.colcon_core.package_identification:Package 'chapt4_interfaces' with type 'ros.ament_cmake' and name 'chapt4_interfaces'
[0.208s] Level 1:colcon.colcon_core.package_identification:_identify(demo_cpp_service) by extensions ['ignore', 'ignore_ament_install']
[0.209s] Level 1:colcon.colcon_core.package_identification:_identify(demo_cpp_service) by extension 'ignore'
[0.209s] Level 1:colcon.colcon_core.package_identification:_identify(demo_cpp_service) by extension 'ignore_ament_install'
[0.209s] Level 1:colcon.colcon_core.package_identification:_identify(demo_cpp_service) by extensions ['colcon_pkg']
[0.209s] Level 1:colcon.colcon_core.package_identification:_identify(demo_cpp_service) by extension 'colcon_pkg'
[0.209s] Level 1:colcon.colcon_core.package_identification:_identify(demo_cpp_service) by extensions ['colcon_meta']
[0.209s] Level 1:colcon.colcon_core.package_identification:_identify(demo_cpp_service) by extension 'colcon_meta'
[0.209s] Level 1:colcon.colcon_core.package_identification:_identify(demo_cpp_service) by extensions ['ros']
[0.209s] Level 1:colcon.colcon_core.package_identification:_identify(demo_cpp_service) by extension 'ros'
[0.209s] DEBUG:colcon.colcon_core.package_identification:Package 'demo_cpp_service' with type 'ros.ament_cmake' and name 'demo_cpp_service'
[0.210s] Level 1:colcon.colcon_core.package_identification:_identify(demo_python_service) by extensions ['ignore', 'ignore_ament_install']
[0.210s] Level 1:colcon.colcon_core.package_identification:_identify(demo_python_service) by extension 'ignore'
[0.210s] Level 1:colcon.colcon_core.package_identification:_identify(demo_python_service) by extension 'ignore_ament_install'
[0.210s] Level 1:colcon.colcon_core.package_identification:_identify(demo_python_service) by extensions ['colcon_pkg']
[0.210s] Level 1:colcon.colcon_core.package_identification:_identify(demo_python_service) by extension 'colcon_pkg'
[0.210s] Level 1:colcon.colcon_core.package_identification:_identify(demo_python_service) by extensions ['colcon_meta']
[0.210s] Level 1:colcon.colcon_core.package_identification:_identify(demo_python_service) by extension 'colcon_meta'
[0.210s] Level 1:colcon.colcon_core.package_identification:_identify(demo_python_service) by extensions ['ros']
[0.210s] Level 1:colcon.colcon_core.package_identification:_identify(demo_python_service) by extension 'ros'
[0.210s] DEBUG:colcon.colcon_core.package_identification:Package 'demo_python_service' with type 'ros.ament_python' and name 'demo_python_service'
[0.210s] Level 1:colcon.colcon_core.package_identification:_identify(install) by extensions ['ignore', 'ignore_ament_install']
[0.210s] Level 1:colcon.colcon_core.package_identification:_identify(install) by extension 'ignore'
[0.210s] Level 1:colcon.colcon_core.package_identification:_identify(install) ignored
[0.210s] Level 1:colcon.colcon_core.package_identification:_identify(log) by extensions ['ignore', 'ignore_ament_install']
[0.211s] Level 1:colcon.colcon_core.package_identification:_identify(log) by extension 'ignore'
[0.211s] Level 1:colcon.colcon_core.package_identification:_identify(log) ignored
[0.211s] Level 1:colcon.colcon_core.package_discovery:discover_packages(recursive) using defaults
[0.211s] Level 1:colcon.colcon_core.package_discovery:discover_packages(ignore) discover
[0.211s] Level 1:colcon.colcon_core.package_discovery:discover_packages(ignore) using defaults
[0.211s] Level 1:colcon.colcon_core.package_discovery:discover_packages(path) discover
[0.211s] Level 1:colcon.colcon_core.package_discovery:discover_packages(path) using defaults
[0.232s] Level 1:colcon.colcon_core.package_discovery:discover_packages(prefix_path) check parameters
[0.232s] Level 1:colcon.colcon_core.package_discovery:discover_packages(prefix_path) discover
[0.233s] DEBUG:colcon.colcon_installed_package_information.package_discovery:Found 2 installed packages in /home/chairman/working/ros2/learning/chapt4/chapt4_ws/src/install
[0.234s] DEBUG:colcon.colcon_installed_package_information.package_discovery:Found 384 installed packages in /opt/ros/humble
[0.235s] Level 1:colcon.colcon_core.package_discovery:discover_packages(prefix_path) using defaults
[0.269s] Level 5:colcon.colcon_core.verb:set package 'chapt4_interfaces' build argument 'cmake_args' from command line to 'None'
[0.269s] Level 5:colcon.colcon_core.verb:set package 'chapt4_interfaces' build argument 'cmake_target' from command line to 'None'
[0.269s] Level 5:colcon.colcon_core.verb:set package 'chapt4_interfaces' build argument 'cmake_target_skip_unavailable' from command line to 'False'
[0.269s] Level 5:colcon.colcon_core.verb:set package 'chapt4_interfaces' build argument 'cmake_clean_cache' from command line to 'False'
[0.269s] Level 5:colcon.colcon_core.verb:set package 'chapt4_interfaces' build argument 'cmake_clean_first' from command line to 'False'
[0.269s] Level 5:colcon.colcon_core.verb:set package 'chapt4_interfaces' build argument 'cmake_force_configure' from command line to 'False'
[0.269s] Level 5:colcon.colcon_core.verb:set package 'chapt4_interfaces' build argument 'ament_cmake_args' from command line to 'None'
[0.269s] Level 5:colcon.colcon_core.verb:set package 'chapt4_interfaces' build argument 'catkin_cmake_args' from command line to 'None'
[0.269s] Level 5:colcon.colcon_core.verb:set package 'chapt4_interfaces' build argument 'catkin_skip_building_tests' from command line to 'False'
[0.269s] DEBUG:colcon.colcon_core.verb:Building package 'chapt4_interfaces' with the following arguments: {'ament_cmake_args': None, 'build_base': '/home/chairman/working/ros2/learning/chapt4/chapt4_ws/src/build/chapt4_interfaces', 'catkin_cmake_args': None, 'catkin_skip_building_tests': False, 'cmake_args': None, 'cmake_clean_cache': False, 'cmake_clean_first': False, 'cmake_force_configure': False, 'cmake_target': None, 'cmake_target_skip_unavailable': False, 'install_base': '/home/chairman/working/ros2/learning/chapt4/chapt4_ws/src/install/chapt4_interfaces', 'merge_install': False, 'path': '/home/chairman/working/ros2/learning/chapt4/chapt4_ws/src/chapt4_interfaces', 'symlink_install': False, 'test_result_base': None}
[0.270s] Level 5:colcon.colcon_core.verb:set package 'demo_cpp_service' build argument 'cmake_args' from command line to 'None'
[0.270s] Level 5:colcon.colcon_core.verb:set package 'demo_cpp_service' build argument 'cmake_target' from command line to 'None'
[0.270s] Level 5:colcon.colcon_core.verb:set package 'demo_cpp_service' build argument 'cmake_target_skip_unavailable' from command line to 'False'
[0.270s] Level 5:colcon.colcon_core.verb:set package 'demo_cpp_service' build argument 'cmake_clean_cache' from command line to 'False'
[0.270s] Level 5:colcon.colcon_core.verb:set package 'demo_cpp_service' build argument 'cmake_clean_first' from command line to 'False'
[0.270s] Level 5:colcon.colcon_core.verb:set package 'demo_cpp_service' build argument 'cmake_force_configure' from command line to 'False'
[0.270s] Level 5:colcon.colcon_core.verb:set package 'demo_cpp_service' build argument 'ament_cmake_args' from command line to 'None'
[0.270s] Level 5:colcon.colcon_core.verb:set package 'demo_cpp_service' build argument 'catkin_cmake_args' from command line to 'None'
[0.270s] Level 5:colcon.colcon_core.verb:set package 'demo_cpp_service' build argument 'catkin_skip_building_tests' from command line to 'False'
[0.270s] DEBUG:colcon.colcon_core.verb:Building package 'demo_cpp_service' with the following arguments: {'ament_cmake_args': None, 'build_base': '/home/chairman/working/ros2/learning/chapt4/chapt4_ws/src/build/demo_cpp_service', 'catkin_cmake_args': None, 'catkin_skip_building_tests': False, 'cmake_args': None, 'cmake_clean_cache': False, 'cmake_clean_first': False, 'cmake_force_configure': False, 'cmake_target': None, 'cmake_target_skip_unavailable': False, 'install_base': '/home/chairman/working/ros2/learning/chapt4/chapt4_ws/src/install/demo_cpp_service', 'merge_install': False, 'path': '/home/chairman/working/ros2/learning/chapt4/chapt4_ws/src/demo_cpp_service', 'symlink_install': False, 'test_result_base': None}
[0.270s] Level 5:colcon.colcon_core.verb:set package 'demo_python_service' build argument 'cmake_args' from command line to 'None'
[0.270s] Level 5:colcon.colcon_core.verb:set package 'demo_python_service' build argument 'cmake_target' from command line to 'None'
[0.270s] Level 5:colcon.colcon_core.verb:set package 'demo_python_service' build argument 'cmake_target_skip_unavailable' from command line to 'False'
[0.270s] Level 5:colcon.colcon_core.verb:set package 'demo_python_service' build argument 'cmake_clean_cache' from command line to 'False'
[0.270s] Level 5:colcon.colcon_core.verb:set package 'demo_python_service' build argument 'cmake_clean_first' from command line to 'False'
[0.270s] Level 5:colcon.colcon_core.verb:set package 'demo_python_service' build argument 'cmake_force_configure' from command line to 'False'
[0.270s] Level 5:colcon.colcon_core.verb:set package 'demo_python_service' build argument 'ament_cmake_args' from command line to 'None'
[0.270s] Level 5:colcon.colcon_core.verb:set package 'demo_python_service' build argument 'catkin_cmake_args' from command line to 'None'
[0.270s] Level 5:colcon.colcon_core.verb:set package 'demo_python_service' build argument 'catkin_skip_building_tests' from command line to 'False'
[0.270s] DEBUG:colcon.colcon_core.verb:Building package 'demo_python_service' with the following arguments: {'ament_cmake_args': None, 'build_base': '/home/chairman/working/ros2/learning/chapt4/chapt4_ws/src/build/demo_python_service', 'catkin_cmake_args': None, 'catkin_skip_building_tests': False, 'cmake_args': None, 'cmake_clean_cache': False, 'cmake_clean_first': False, 'cmake_force_configure': False, 'cmake_target': None, 'cmake_target_skip_unavailable': False, 'install_base': '/home/chairman/working/ros2/learning/chapt4/chapt4_ws/src/install/demo_python_service', 'merge_install': False, 'path': '/home/chairman/working/ros2/learning/chapt4/chapt4_ws/src/demo_python_service', 'symlink_install': False, 'test_result_base': None}
[0.270s] INFO:colcon.colcon_core.executor:Executing jobs using 'parallel' executor
[0.271s] DEBUG:colcon.colcon_parallel_executor.executor.parallel:run_until_complete
[0.271s] INFO:colcon.colcon_ros.task.ament_cmake.build:Building ROS package in '/home/chairman/working/ros2/learning/chapt4/chapt4_ws/src/chapt4_interfaces' with build type 'ament_cmake'
[0.271s] INFO:colcon.colcon_cmake.task.cmake.build:Building CMake package in '/home/chairman/working/ros2/learning/chapt4/chapt4_ws/src/chapt4_interfaces'
[0.273s] INFO:colcon.colcon_core.plugin_system:Skipping extension 'colcon_core.shell.bat': Not used on non-Windows systems
[0.273s] INFO:colcon.colcon_core.shell:Skip shell extension 'powershell' for command environment: Not usable outside of PowerShell
[0.273s] DEBUG:colcon.colcon_core.shell:Skip shell extension 'dsv' for command environment
[0.283s] DEBUG:colcon.colcon_core.event_handler.log_command:Invoking command in '/home/chairman/working/ros2/learning/chapt4/chapt4_ws/src/build/chapt4_interfaces': CMAKE_PREFIX_PATH=${CMAKE_PREFIX_PATH}:/home/chairman/working/ros2/learning/chapt4/chapt4_ws/src/install/demo_python_service:/opt/ros/humble /usr/bin/cmake --build /home/chairman/working/ros2/learning/chapt4/chapt4_ws/src/build/chapt4_interfaces -- -j28 -l28
[0.507s] DEBUG:colcon.colcon_core.event_handler.log_command:Invoked command in '/home/chairman/working/ros2/learning/chapt4/chapt4_ws/src/build/chapt4_interfaces' returned '0': CMAKE_PREFIX_PATH=${CMAKE_PREFIX_PATH}:/home/chairman/working/ros2/learning/chapt4/chapt4_ws/src/install/demo_python_service:/opt/ros/humble /usr/bin/cmake --build /home/chairman/working/ros2/learning/chapt4/chapt4_ws/src/build/chapt4_interfaces -- -j28 -l28
[0.514s] DEBUG:colcon.colcon_core.event_handler.log_command:Invoking command in '/home/chairman/working/ros2/learning/chapt4/chapt4_ws/src/build/chapt4_interfaces': CMAKE_PREFIX_PATH=${CMAKE_PREFIX_PATH}:/home/chairman/working/ros2/learning/chapt4/chapt4_ws/src/install/demo_python_service:/opt/ros/humble /usr/bin/cmake --install /home/chairman/working/ros2/learning/chapt4/chapt4_ws/src/build/chapt4_interfaces
[0.548s] Level 1:colcon.colcon_core.environment:create_environment_scripts_only(chapt4_interfaces)
[0.549s] DEBUG:colcon.colcon_core.event_handler.log_command:Invoked command in '/home/chairman/working/ros2/learning/chapt4/chapt4_ws/src/build/chapt4_interfaces' returned '0': CMAKE_PREFIX_PATH=${CMAKE_PREFIX_PATH}:/home/chairman/working/ros2/learning/chapt4/chapt4_ws/src/install/demo_python_service:/opt/ros/humble /usr/bin/cmake --install /home/chairman/working/ros2/learning/chapt4/chapt4_ws/src/build/chapt4_interfaces
[0.550s] Level 1:colcon.colcon_core.environment:checking '/home/chairman/working/ros2/learning/chapt4/chapt4_ws/src/install/chapt4_interfaces' for CMake module files
[0.551s] Level 1:colcon.colcon_core.environment:checking '/home/chairman/working/ros2/learning/chapt4/chapt4_ws/src/install/chapt4_interfaces' for CMake config files
[0.551s] Level 1:colcon.colcon_core.shell:create_environment_hook('chapt4_interfaces', 'cmake_prefix_path')
[0.551s] INFO:colcon.colcon_core.shell:Creating environment hook '/home/chairman/working/ros2/learning/chapt4/chapt4_ws/src/install/chapt4_interfaces/share/chapt4_interfaces/hook/cmake_prefix_path.ps1'
[0.551s] INFO:colcon.colcon_core.shell:Creating environment descriptor '/home/chairman/working/ros2/learning/chapt4/chapt4_ws/src/install/chapt4_interfaces/share/chapt4_interfaces/hook/cmake_prefix_path.dsv'
[0.551s] INFO:colcon.colcon_core.shell:Creating environment hook '/home/chairman/working/ros2/learning/chapt4/chapt4_ws/src/install/chapt4_interfaces/share/chapt4_interfaces/hook/cmake_prefix_path.sh'
[0.552s] Level 1:colcon.colcon_core.environment:checking '/home/chairman/working/ros2/learning/chapt4/chapt4_ws/src/install/chapt4_interfaces/lib'
[0.552s] Level 1:colcon.colcon_core.shell:create_environment_hook('chapt4_interfaces', 'ld_library_path_lib')
[0.552s] INFO:colcon.colcon_core.shell:Creating environment hook '/home/chairman/working/ros2/learning/chapt4/chapt4_ws/src/install/chapt4_interfaces/share/chapt4_interfaces/hook/ld_library_path_lib.ps1'
[0.552s] INFO:colcon.colcon_core.shell:Creating environment descriptor '/home/chairman/working/ros2/learning/chapt4/chapt4_ws/src/install/chapt4_interfaces/share/chapt4_interfaces/hook/ld_library_path_lib.dsv'
[0.553s] INFO:colcon.colcon_core.shell:Creating environment hook '/home/chairman/working/ros2/learning/chapt4/chapt4_ws/src/install/chapt4_interfaces/share/chapt4_interfaces/hook/ld_library_path_lib.sh'
[0.553s] Level 1:colcon.colcon_core.environment:checking '/home/chairman/working/ros2/learning/chapt4/chapt4_ws/src/install/chapt4_interfaces/bin'
[0.553s] Level 1:colcon.colcon_core.environment:checking '/home/chairman/working/ros2/learning/chapt4/chapt4_ws/src/install/chapt4_interfaces/lib/pkgconfig/chapt4_interfaces.pc'
[0.553s] Level 1:colcon.colcon_core.environment:checking '/home/chairman/working/ros2/learning/chapt4/chapt4_ws/src/install/chapt4_interfaces/lib/python3.10/site-packages'
[0.553s] Level 1:colcon.colcon_core.environment:checking '/home/chairman/working/ros2/learning/chapt4/chapt4_ws/src/install/chapt4_interfaces/bin'
[0.553s] INFO:colcon.colcon_core.shell:Creating package script '/home/chairman/working/ros2/learning/chapt4/chapt4_ws/src/install/chapt4_interfaces/share/chapt4_interfaces/package.ps1'
[0.554s] INFO:colcon.colcon_core.shell:Creating package descriptor '/home/chairman/working/ros2/learning/chapt4/chapt4_ws/src/install/chapt4_interfaces/share/chapt4_interfaces/package.dsv'
[0.554s] INFO:colcon.colcon_core.shell:Creating package script '/home/chairman/working/ros2/learning/chapt4/chapt4_ws/src/install/chapt4_interfaces/share/chapt4_interfaces/package.sh'
[0.554s] INFO:colcon.colcon_core.shell:Creating package script '/home/chairman/working/ros2/learning/chapt4/chapt4_ws/src/install/chapt4_interfaces/share/chapt4_interfaces/package.bash'
[0.555s] INFO:colcon.colcon_core.shell:Creating package script '/home/chairman/working/ros2/learning/chapt4/chapt4_ws/src/install/chapt4_interfaces/share/chapt4_interfaces/package.zsh'
[0.555s] Level 1:colcon.colcon_core.environment:create_file_with_runtime_dependencies(/home/chairman/working/ros2/learning/chapt4/chapt4_ws/src/install/chapt4_interfaces/share/colcon-core/packages/chapt4_interfaces)
[0.555s] Level 1:colcon.colcon_core.environment:create_environment_scripts_only(chapt4_interfaces)
[0.556s] Level 1:colcon.colcon_core.environment:checking '/home/chairman/working/ros2/learning/chapt4/chapt4_ws/src/install/chapt4_interfaces' for CMake module files
[0.556s] Level 1:colcon.colcon_core.environment:checking '/home/chairman/working/ros2/learning/chapt4/chapt4_ws/src/install/chapt4_interfaces' for CMake config files
[0.556s] Level 1:colcon.colcon_core.shell:create_environment_hook('chapt4_interfaces', 'cmake_prefix_path')
[0.556s] INFO:colcon.colcon_core.shell:Creating environment hook '/home/chairman/working/ros2/learning/chapt4/chapt4_ws/src/install/chapt4_interfaces/share/chapt4_interfaces/hook/cmake_prefix_path.ps1'
[0.556s] INFO:colcon.colcon_core.shell:Creating environment descriptor '/home/chairman/working/ros2/learning/chapt4/chapt4_ws/src/install/chapt4_interfaces/share/chapt4_interfaces/hook/cmake_prefix_path.dsv'
[0.557s] INFO:colcon.colcon_core.shell:Creating environment hook '/home/chairman/working/ros2/learning/chapt4/chapt4_ws/src/install/chapt4_interfaces/share/chapt4_interfaces/hook/cmake_prefix_path.sh'
[0.557s] Level 1:colcon.colcon_core.environment:checking '/home/chairman/working/ros2/learning/chapt4/chapt4_ws/src/install/chapt4_interfaces/lib'
[0.557s] Level 1:colcon.colcon_core.shell:create_environment_hook('chapt4_interfaces', 'ld_library_path_lib')
[0.557s] INFO:colcon.colcon_core.shell:Creating environment hook '/home/chairman/working/ros2/learning/chapt4/chapt4_ws/src/install/chapt4_interfaces/share/chapt4_interfaces/hook/ld_library_path_lib.ps1'
[0.557s] INFO:colcon.colcon_core.shell:Creating environment descriptor '/home/chairman/working/ros2/learning/chapt4/chapt4_ws/src/install/chapt4_interfaces/share/chapt4_interfaces/hook/ld_library_path_lib.dsv'
[0.557s] INFO:colcon.colcon_core.shell:Creating environment hook '/home/chairman/working/ros2/learning/chapt4/chapt4_ws/src/install/chapt4_interfaces/share/chapt4_interfaces/hook/ld_library_path_lib.sh'
[0.558s] Level 1:colcon.colcon_core.environment:checking '/home/chairman/working/ros2/learning/chapt4/chapt4_ws/src/install/chapt4_interfaces/bin'
[0.558s] Level 1:colcon.colcon_core.environment:checking '/home/chairman/working/ros2/learning/chapt4/chapt4_ws/src/install/chapt4_interfaces/lib/pkgconfig/chapt4_interfaces.pc'
[0.558s] Level 1:colcon.colcon_core.environment:checking '/home/chairman/working/ros2/learning/chapt4/chapt4_ws/src/install/chapt4_interfaces/lib/python3.10/site-packages'
[0.558s] Level 1:colcon.colcon_core.environment:checking '/home/chairman/working/ros2/learning/chapt4/chapt4_ws/src/install/chapt4_interfaces/bin'
[0.558s] INFO:colcon.colcon_core.shell:Creating package script '/home/chairman/working/ros2/learning/chapt4/chapt4_ws/src/install/chapt4_interfaces/share/chapt4_interfaces/package.ps1'
[0.558s] INFO:colcon.colcon_core.shell:Creating package descriptor '/home/chairman/working/ros2/learning/chapt4/chapt4_ws/src/install/chapt4_interfaces/share/chapt4_interfaces/package.dsv'
[0.559s] INFO:colcon.colcon_core.shell:Creating package script '/home/chairman/working/ros2/learning/chapt4/chapt4_ws/src/install/chapt4_interfaces/share/chapt4_interfaces/package.sh'
[0.559s] INFO:colcon.colcon_core.shell:Creating package script '/home/chairman/working/ros2/learning/chapt4/chapt4_ws/src/install/chapt4_interfaces/share/chapt4_interfaces/package.bash'
[0.559s] INFO:colcon.colcon_core.shell:Creating package script '/home/chairman/working/ros2/learning/chapt4/chapt4_ws/src/install/chapt4_interfaces/share/chapt4_interfaces/package.zsh'
[0.559s] Level 1:colcon.colcon_core.environment:create_file_with_runtime_dependencies(/home/chairman/working/ros2/learning/chapt4/chapt4_ws/src/install/chapt4_interfaces/share/colcon-core/packages/chapt4_interfaces)
[0.559s] INFO:colcon.colcon_ros.task.ament_cmake.build:Building ROS package in '/home/chairman/working/ros2/learning/chapt4/chapt4_ws/src/demo_cpp_service' with build type 'ament_cmake'
[0.559s] INFO:colcon.colcon_cmake.task.cmake.build:Building CMake package in '/home/chairman/working/ros2/learning/chapt4/chapt4_ws/src/demo_cpp_service'
[0.560s] INFO:colcon.colcon_core.shell:Skip shell extension 'powershell' for command environment: Not usable outside of PowerShell
[0.560s] DEBUG:colcon.colcon_core.shell:Skip shell extension 'dsv' for command environment
[0.562s] INFO:colcon.colcon_ros.task.ament_python.build:Building ROS package in '/home/chairman/working/ros2/learning/chapt4/chapt4_ws/src/demo_python_service' with build type 'ament_python'
[0.563s] Level 1:colcon.colcon_core.shell:create_environment_hook('demo_python_service', 'ament_prefix_path')
[0.563s] INFO:colcon.colcon_core.shell:Creating environment hook '/home/chairman/working/ros2/learning/chapt4/chapt4_ws/src/install/demo_python_service/share/demo_python_service/hook/ament_prefix_path.ps1'
[0.563s] INFO:colcon.colcon_core.shell:Creating environment descriptor '/home/chairman/working/ros2/learning/chapt4/chapt4_ws/src/install/demo_python_service/share/demo_python_service/hook/ament_prefix_path.dsv'
[0.563s] INFO:colcon.colcon_core.shell:Creating environment hook '/home/chairman/working/ros2/learning/chapt4/chapt4_ws/src/install/demo_python_service/share/demo_python_service/hook/ament_prefix_path.sh'
[0.563s] INFO:colcon.colcon_core.shell:Skip shell extension 'powershell' for command environment: Not usable outside of PowerShell
[0.563s] DEBUG:colcon.colcon_core.shell:Skip shell extension 'dsv' for command environment
[0.568s] DEBUG:colcon.colcon_core.event_handler.log_command:Invoking command in '/home/chairman/working/ros2/learning/chapt4/chapt4_ws/src/build/demo_cpp_service': CMAKE_PREFIX_PATH=${CMAKE_PREFIX_PATH}:/home/chairman/working/ros2/learning/chapt4/chapt4_ws/src/install/demo_python_service:/opt/ros/humble LD_LIBRARY_PATH=/home/chairman/working/ros2/learning/chapt4/chapt4_ws/src/install/chapt4_interfaces/lib:/usr/local/cuda-12.6/lib64:/usr/lib/x86_64-linux-gnu/gazebo-11/plugins:/opt/ros/humble/opt/rviz_ogre_vendor/lib:/opt/ros/humble/lib/x86_64-linux-gnu:/opt/ros/humble/lib:/usr/local/cuda-12.6/lib64 /usr/bin/cmake /home/chairman/working/ros2/learning/chapt4/chapt4_ws/src/demo_cpp_service -DCMAKE_INSTALL_PREFIX=/home/chairman/working/ros2/learning/chapt4/chapt4_ws/src/install/demo_cpp_service
[0.725s] INFO:colcon.colcon_core.task.python.build:Building Python package in '/home/chairman/working/ros2/learning/chapt4/chapt4_ws/src/demo_python_service'
[0.725s] INFO:colcon.colcon_core.shell:Skip shell extension 'powershell' for command environment: Not usable outside of PowerShell
[0.725s] DEBUG:colcon.colcon_core.shell:Skip shell extension 'dsv' for command environment
[0.991s] DEBUG:colcon.colcon_core.event_handler.log_command:Invoking command in '/home/chairman/working/ros2/learning/chapt4/chapt4_ws/src/demo_python_service': LD_LIBRARY_PATH=/home/chairman/working/ros2/learning/chapt4/chapt4_ws/src/install/chapt4_interfaces/lib:/usr/local/cuda-12.6/lib64:/usr/lib/x86_64-linux-gnu/gazebo-11/plugins:/opt/ros/humble/opt/rviz_ogre_vendor/lib:/opt/ros/humble/lib/x86_64-linux-gnu:/opt/ros/humble/lib:/usr/local/cuda-12.6/lib64 PYTHONPATH=/home/chairman/working/ros2/learning/chapt4/chapt4_ws/src/build/demo_python_service/prefix_override:/usr/lib/python3/dist-packages/colcon_core/task/python/colcon_distutils_commands:/home/chairman/working/ros2/learning/chapt4/chapt4_ws/src/install/demo_python_service/lib/python3.10/site-packages:${PYTHONPATH} /usr/bin/python3 -W ignore:setup.py install is deprecated -W ignore:easy_install command is deprecated setup.py egg_info --egg-base ../build/demo_python_service build --build-base /home/chairman/working/ros2/learning/chapt4/chapt4_ws/src/build/demo_python_service/build install --record /home/chairman/working/ros2/learning/chapt4/chapt4_ws/src/build/demo_python_service/install.log --single-version-externally-managed install_data
[1.162s] Level 1:colcon.colcon_core.environment:checking '/home/chairman/working/ros2/learning/chapt4/chapt4_ws/src/install/demo_python_service' for CMake module files
[1.162s] Level 1:colcon.colcon_core.environment:checking '/home/chairman/working/ros2/learning/chapt4/chapt4_ws/src/install/demo_python_service' for CMake config files
[1.162s] DEBUG:colcon.colcon_core.event_handler.log_command:Invoked command in '/home/chairman/working/ros2/learning/chapt4/chapt4_ws/src/demo_python_service' returned '0': LD_LIBRARY_PATH=/home/chairman/working/ros2/learning/chapt4/chapt4_ws/src/install/chapt4_interfaces/lib:/usr/local/cuda-12.6/lib64:/usr/lib/x86_64-linux-gnu/gazebo-11/plugins:/opt/ros/humble/opt/rviz_ogre_vendor/lib:/opt/ros/humble/lib/x86_64-linux-gnu:/opt/ros/humble/lib:/usr/local/cuda-12.6/lib64 PYTHONPATH=/home/chairman/working/ros2/learning/chapt4/chapt4_ws/src/build/demo_python_service/prefix_override:/usr/lib/python3/dist-packages/colcon_core/task/python/colcon_distutils_commands:/home/chairman/working/ros2/learning/chapt4/chapt4_ws/src/install/demo_python_service/lib/python3.10/site-packages:${PYTHONPATH} /usr/bin/python3 -W ignore:setup.py install is deprecated -W ignore:easy_install command is deprecated setup.py egg_info --egg-base ../build/demo_python_service build --build-base /home/chairman/working/ros2/learning/chapt4/chapt4_ws/src/build/demo_python_service/build install --record /home/chairman/working/ros2/learning/chapt4/chapt4_ws/src/build/demo_python_service/install.log --single-version-externally-managed install_data
[1.163s] Level 1:colcon.colcon_core.environment:checking '/home/chairman/working/ros2/learning/chapt4/chapt4_ws/src/install/demo_python_service/lib'
[1.163s] Level 1:colcon.colcon_core.environment:checking '/home/chairman/working/ros2/learning/chapt4/chapt4_ws/src/install/demo_python_service/bin'
[1.163s] Level 1:colcon.colcon_core.environment:checking '/home/chairman/working/ros2/learning/chapt4/chapt4_ws/src/install/demo_python_service/lib/pkgconfig/demo_python_service.pc'
[1.163s] Level 1:colcon.colcon_core.environment:checking '/home/chairman/working/ros2/learning/chapt4/chapt4_ws/src/install/demo_python_service/lib/python3.10/site-packages'
[1.163s] Level 1:colcon.colcon_core.shell:create_environment_hook('demo_python_service', 'pythonpath')
[1.163s] INFO:colcon.colcon_core.shell:Creating environment hook '/home/chairman/working/ros2/learning/chapt4/chapt4_ws/src/install/demo_python_service/share/demo_python_service/hook/pythonpath.ps1'
[1.164s] INFO:colcon.colcon_core.shell:Creating environment descriptor '/home/chairman/working/ros2/learning/chapt4/chapt4_ws/src/install/demo_python_service/share/demo_python_service/hook/pythonpath.dsv'
[1.164s] INFO:colcon.colcon_core.shell:Creating environment hook '/home/chairman/working/ros2/learning/chapt4/chapt4_ws/src/install/demo_python_service/share/demo_python_service/hook/pythonpath.sh'
[1.164s] Level 1:colcon.colcon_core.environment:checking '/home/chairman/working/ros2/learning/chapt4/chapt4_ws/src/install/demo_python_service/bin'
[1.164s] Level 1:colcon.colcon_core.environment:create_environment_scripts_only(demo_python_service)
[1.164s] INFO:colcon.colcon_core.shell:Creating package script '/home/chairman/working/ros2/learning/chapt4/chapt4_ws/src/install/demo_python_service/share/demo_python_service/package.ps1'
[1.165s] INFO:colcon.colcon_core.shell:Creating package descriptor '/home/chairman/working/ros2/learning/chapt4/chapt4_ws/src/install/demo_python_service/share/demo_python_service/package.dsv'
[1.165s] INFO:colcon.colcon_core.shell:Creating package script '/home/chairman/working/ros2/learning/chapt4/chapt4_ws/src/install/demo_python_service/share/demo_python_service/package.sh'
[1.165s] INFO:colcon.colcon_core.shell:Creating package script '/home/chairman/working/ros2/learning/chapt4/chapt4_ws/src/install/demo_python_service/share/demo_python_service/package.bash'
[1.165s] INFO:colcon.colcon_core.shell:Creating package script '/home/chairman/working/ros2/learning/chapt4/chapt4_ws/src/install/demo_python_service/share/demo_python_service/package.zsh'
[1.165s] Level 1:colcon.colcon_core.environment:create_file_with_runtime_dependencies(/home/chairman/working/ros2/learning/chapt4/chapt4_ws/src/install/demo_python_service/share/colcon-core/packages/demo_python_service)
[1.559s] DEBUG:colcon.colcon_core.event_handler.log_command:Invoked command in '/home/chairman/working/ros2/learning/chapt4/chapt4_ws/src/build/demo_cpp_service' returned '0': CMAKE_PREFIX_PATH=${CMAKE_PREFIX_PATH}:/home/chairman/working/ros2/learning/chapt4/chapt4_ws/src/install/demo_python_service:/opt/ros/humble LD_LIBRARY_PATH=/home/chairman/working/ros2/learning/chapt4/chapt4_ws/src/install/chapt4_interfaces/lib:/usr/local/cuda-12.6/lib64:/usr/lib/x86_64-linux-gnu/gazebo-11/plugins:/opt/ros/humble/opt/rviz_ogre_vendor/lib:/opt/ros/humble/lib/x86_64-linux-gnu:/opt/ros/humble/lib:/usr/local/cuda-12.6/lib64 /usr/bin/cmake /home/chairman/working/ros2/learning/chapt4/chapt4_ws/src/demo_cpp_service -DCMAKE_INSTALL_PREFIX=/home/chairman/working/ros2/learning/chapt4/chapt4_ws/src/install/demo_cpp_service
[1.559s] DEBUG:colcon.colcon_core.event_handler.log_command:Invoking command in '/home/chairman/working/ros2/learning/chapt4/chapt4_ws/src/build/demo_cpp_service': CMAKE_PREFIX_PATH=${CMAKE_PREFIX_PATH}:/home/chairman/working/ros2/learning/chapt4/chapt4_ws/src/install/demo_python_service:/opt/ros/humble LD_LIBRARY_PATH=/home/chairman/working/ros2/learning/chapt4/chapt4_ws/src/install/chapt4_interfaces/lib:/usr/local/cuda-12.6/lib64:/usr/lib/x86_64-linux-gnu/gazebo-11/plugins:/opt/ros/humble/opt/rviz_ogre_vendor/lib:/opt/ros/humble/lib/x86_64-linux-gnu:/opt/ros/humble/lib:/usr/local/cuda-12.6/lib64 /usr/bin/cmake --build /home/chairman/working/ros2/learning/chapt4/chapt4_ws/src/build/demo_cpp_service -- -j28 -l28
[4.628s] DEBUG:colcon.colcon_core.event_handler.log_command:Invoked command in '/home/chairman/working/ros2/learning/chapt4/chapt4_ws/src/build/demo_cpp_service' returned '2': CMAKE_PREFIX_PATH=${CMAKE_PREFIX_PATH}:/home/chairman/working/ros2/learning/chapt4/chapt4_ws/src/install/demo_python_service:/opt/ros/humble LD_LIBRARY_PATH=/home/chairman/working/ros2/learning/chapt4/chapt4_ws/src/install/chapt4_interfaces/lib:/usr/local/cuda-12.6/lib64:/usr/lib/x86_64-linux-gnu/gazebo-11/plugins:/opt/ros/humble/opt/rviz_ogre_vendor/lib:/opt/ros/humble/lib/x86_64-linux-gnu:/opt/ros/humble/lib:/usr/local/cuda-12.6/lib64 /usr/bin/cmake --build /home/chairman/working/ros2/learning/chapt4/chapt4_ws/src/build/demo_cpp_service -- -j28 -l28
[4.629s] Level 1:colcon.colcon_core.environment:create_environment_scripts_only(demo_cpp_service)
[4.629s] Level 1:colcon.colcon_core.environment:checking '/home/chairman/working/ros2/learning/chapt4/chapt4_ws/src/install/demo_cpp_service' for CMake module files
[4.629s] Level 1:colcon.colcon_core.environment:checking '/home/chairman/working/ros2/learning/chapt4/chapt4_ws/src/install/demo_cpp_service' for CMake config files
[4.630s] Level 1:colcon.colcon_core.environment:checking '/home/chairman/working/ros2/learning/chapt4/chapt4_ws/src/install/demo_cpp_service/bin'
[4.630s] Level 1:colcon.colcon_core.environment:checking '/home/chairman/working/ros2/learning/chapt4/chapt4_ws/src/install/demo_cpp_service/lib/pkgconfig/demo_cpp_service.pc'
[4.630s] Level 1:colcon.colcon_core.environment:checking '/home/chairman/working/ros2/learning/chapt4/chapt4_ws/src/install/demo_cpp_service/lib/python3.10/site-packages'
[4.630s] Level 1:colcon.colcon_core.environment:checking '/home/chairman/working/ros2/learning/chapt4/chapt4_ws/src/install/demo_cpp_service/bin'
[4.630s] INFO:colcon.colcon_core.shell:Creating package script '/home/chairman/working/ros2/learning/chapt4/chapt4_ws/src/install/demo_cpp_service/share/demo_cpp_service/package.ps1'
[4.631s] INFO:colcon.colcon_core.shell:Creating package descriptor '/home/chairman/working/ros2/learning/chapt4/chapt4_ws/src/install/demo_cpp_service/share/demo_cpp_service/package.dsv'
[4.631s] INFO:colcon.colcon_core.shell:Creating package script '/home/chairman/working/ros2/learning/chapt4/chapt4_ws/src/install/demo_cpp_service/share/demo_cpp_service/package.sh'
[4.631s] INFO:colcon.colcon_core.shell:Creating package script '/home/chairman/working/ros2/learning/chapt4/chapt4_ws/src/install/demo_cpp_service/share/demo_cpp_service/package.bash'
[4.631s] INFO:colcon.colcon_core.shell:Creating package script '/home/chairman/working/ros2/learning/chapt4/chapt4_ws/src/install/demo_cpp_service/share/demo_cpp_service/package.zsh'
[4.631s] Level 1:colcon.colcon_core.environment:create_file_with_runtime_dependencies(/home/chairman/working/ros2/learning/chapt4/chapt4_ws/src/install/demo_cpp_service/share/colcon-core/packages/demo_cpp_service)
[4.642s] DEBUG:colcon.colcon_parallel_executor.executor.parallel:closing loop
[4.642s] DEBUG:colcon.colcon_parallel_executor.executor.parallel:loop closed
[4.642s] DEBUG:colcon.colcon_parallel_executor.executor.parallel:run_until_complete finished with '2'
[4.642s] DEBUG:colcon.colcon_core.event_reactor:joining thread
[4.645s] INFO:colcon.colcon_core.plugin_system:Skipping extension 'colcon_notification.desktop_notification.terminal_notifier': Not used on non-Darwin systems
[4.645s] INFO:colcon.colcon_core.plugin_system:Skipping extension 'colcon_notification.desktop_notification.win32': Not used on non-Windows systems
[4.646s] INFO:colcon.colcon_notification.desktop_notification:Sending desktop notification using 'notify2'
[4.658s] DEBUG:colcon.colcon_core.event_reactor:joined thread
[4.658s] INFO:colcon.colcon_core.shell:Creating prefix script '/home/chairman/working/ros2/learning/chapt4/chapt4_ws/src/install/local_setup.ps1'
[4.659s] INFO:colcon.colcon_core.shell:Creating prefix util module '/home/chairman/working/ros2/learning/chapt4/chapt4_ws/src/install/_local_setup_util_ps1.py'
[4.659s] INFO:colcon.colcon_core.shell:Creating prefix chain script '/home/chairman/working/ros2/learning/chapt4/chapt4_ws/src/install/setup.ps1'
[4.660s] INFO:colcon.colcon_core.shell:Creating prefix script '/home/chairman/working/ros2/learning/chapt4/chapt4_ws/src/install/local_setup.sh'
[4.661s] INFO:colcon.colcon_core.shell:Creating prefix util module '/home/chairman/working/ros2/learning/chapt4/chapt4_ws/src/install/_local_setup_util_sh.py'
[4.661s] INFO:colcon.colcon_core.shell:Creating prefix chain script '/home/chairman/working/ros2/learning/chapt4/chapt4_ws/src/install/setup.sh'
[4.662s] INFO:colcon.colcon_core.shell:Creating prefix script '/home/chairman/working/ros2/learning/chapt4/chapt4_ws/src/install/local_setup.bash'
[4.662s] INFO:colcon.colcon_core.shell:Creating prefix chain script '/home/chairman/working/ros2/learning/chapt4/chapt4_ws/src/install/setup.bash'
[4.662s] INFO:colcon.colcon_core.shell:Creating prefix script '/home/chairman/working/ros2/learning/chapt4/chapt4_ws/src/install/local_setup.zsh'
[4.663s] INFO:colcon.colcon_core.shell:Creating prefix chain script '/home/chairman/working/ros2/learning/chapt4/chapt4_ws/src/install/setup.zsh'
