[0.063s] DEBUG:colcon:Command line arguments: ['/usr/bin/colcon', 'build']
[0.063s] DEBUG:colcon:Parsed command line arguments: Namespace(log_base=None, log_level=None, verb_name='build', build_base='build', install_base='install', merge_install=False, symlink_install=False, test_result_base=None, continue_on_error=False, executor='parallel', parallel_workers=28, event_handlers=None, ignore_user_meta=False, metas=['./colcon.meta'], base_paths=['.'], packages_ignore=None, packages_ignore_regex=None, paths=None, packages_up_to=None, packages_up_to_regex=None, packages_above=None, packages_above_and_dependencies=None, packages_above_depth=None, packages_select_by_dep=None, packages_skip_by_dep=None, packages_skip_up_to=None, packages_select_build_failed=False, packages_skip_build_finished=False, packages_select_test_failures=False, packages_skip_test_passed=False, packages_select=None, packages_skip=None, packages_select_regex=None, packages_skip_regex=None, packages_start=None, packages_end=None, allow_overriding=[], cmake_args=None, cmake_target=None, cmake_target_skip_unavailable=False, cmake_clean_cache=False, cmake_clean_first=False, cmake_force_configure=False, ament_cmake_args=None, catkin_cmake_args=None, catkin_skip_building_tests=False, verb_parser=<colcon_defaults.argument_parser.defaults.DefaultArgumentsDecorator object at 0x7cfb95e18a90>, verb_extension=<colcon_core.verb.build.BuildVerb object at 0x7cfb95f69e70>, main=<bound method BuildVerb.main of <colcon_core.verb.build.BuildVerb object at 0x7cfb95f69e70>>)
[0.159s] Level 1:colcon.colcon_core.package_discovery:discover_packages(colcon_meta) check parameters
[0.159s] Level 1:colcon.colcon_core.package_discovery:discover_packages(recursive) check parameters
[0.159s] Level 1:colcon.colcon_core.package_discovery:discover_packages(ignore) check parameters
[0.159s] Level 1:colcon.colcon_core.package_discovery:discover_packages(path) check parameters
[0.159s] Level 1:colcon.colcon_core.package_discovery:discover_packages(colcon_meta) discover
[0.159s] Level 1:colcon.colcon_core.package_discovery:discover_packages(recursive) discover
[0.159s] INFO:colcon.colcon_core.package_discovery:Crawling recursively for packages in '/home/chairman/working/ros2/learning/chapt3/topic_practice_ws/src'
[0.159s] Level 1:colcon.colcon_core.package_identification:_identify(.) by extensions ['ignore', 'ignore_ament_install']
[0.159s] Level 1:colcon.colcon_core.package_identification:_identify(.) by extension 'ignore'
[0.159s] Level 1:colcon.colcon_core.package_identification:_identify(.) by extension 'ignore_ament_install'
[0.159s] Level 1:colcon.colcon_core.package_identification:_identify(.) by extensions ['colcon_pkg']
[0.159s] Level 1:colcon.colcon_core.package_identification:_identify(.) by extension 'colcon_pkg'
[0.159s] Level 1:colcon.colcon_core.package_identification:_identify(.) by extensions ['colcon_meta']
[0.159s] Level 1:colcon.colcon_core.package_identification:_identify(.) by extension 'colcon_meta'
[0.159s] Level 1:colcon.colcon_core.package_identification:_identify(.) by extensions ['ros']
[0.159s] Level 1:colcon.colcon_core.package_identification:_identify(.) by extension 'ros'
[0.166s] Level 1:colcon.colcon_core.package_identification:_identify(.) by extensions ['cmake', 'python']
[0.166s] Level 1:colcon.colcon_core.package_identification:_identify(.) by extension 'cmake'
[0.166s] Level 1:colcon.colcon_core.package_identification:_identify(.) by extension 'python'
[0.166s] Level 1:colcon.colcon_core.package_identification:_identify(.) by extensions ['python_setup_py']
[0.166s] Level 1:colcon.colcon_core.package_identification:_identify(.) by extension 'python_setup_py'
[0.166s] Level 1:colcon.colcon_core.package_identification:_identify(build) by extensions ['ignore', 'ignore_ament_install']
[0.166s] Level 1:colcon.colcon_core.package_identification:_identify(build) by extension 'ignore'
[0.166s] Level 1:colcon.colcon_core.package_identification:_identify(build) ignored
[0.167s] Level 1:colcon.colcon_core.package_identification:_identify(install) by extensions ['ignore', 'ignore_ament_install']
[0.167s] Level 1:colcon.colcon_core.package_identification:_identify(install) by extension 'ignore'
[0.167s] Level 1:colcon.colcon_core.package_identification:_identify(install) ignored
[0.167s] Level 1:colcon.colcon_core.package_identification:_identify(log) by extensions ['ignore', 'ignore_ament_install']
[0.167s] Level 1:colcon.colcon_core.package_identification:_identify(log) by extension 'ignore'
[0.167s] Level 1:colcon.colcon_core.package_identification:_identify(log) ignored
[0.167s] Level 1:colcon.colcon_core.package_identification:_identify(status_display) by extensions ['ignore', 'ignore_ament_install']
[0.167s] Level 1:colcon.colcon_core.package_identification:_identify(status_display) by extension 'ignore'
[0.167s] Level 1:colcon.colcon_core.package_identification:_identify(status_display) by extension 'ignore_ament_install'
[0.167s] Level 1:colcon.colcon_core.package_identification:_identify(status_display) by extensions ['colcon_pkg']
[0.167s] Level 1:colcon.colcon_core.package_identification:_identify(status_display) by extension 'colcon_pkg'
[0.167s] Level 1:colcon.colcon_core.package_identification:_identify(status_display) by extensions ['colcon_meta']
[0.167s] Level 1:colcon.colcon_core.package_identification:_identify(status_display) by extension 'colcon_meta'
[0.167s] Level 1:colcon.colcon_core.package_identification:_identify(status_display) by extensions ['ros']
[0.167s] Level 1:colcon.colcon_core.package_identification:_identify(status_display) by extension 'ros'
[0.169s] DEBUG:colcon.colcon_core.package_identification:Package 'status_display' with type 'ros.ament_cmake' and name 'status_display'
[0.169s] Level 1:colcon.colcon_core.package_identification:_identify(status_interfaces) by extensions ['ignore', 'ignore_ament_install']
[0.169s] Level 1:colcon.colcon_core.package_identification:_identify(status_interfaces) by extension 'ignore'
[0.169s] Level 1:colcon.colcon_core.package_identification:_identify(status_interfaces) by extension 'ignore_ament_install'
[0.169s] Level 1:colcon.colcon_core.package_identification:_identify(status_interfaces) by extensions ['colcon_pkg']
[0.169s] Level 1:colcon.colcon_core.package_identification:_identify(status_interfaces) by extension 'colcon_pkg'
[0.169s] Level 1:colcon.colcon_core.package_identification:_identify(status_interfaces) by extensions ['colcon_meta']
[0.169s] Level 1:colcon.colcon_core.package_identification:_identify(status_interfaces) by extension 'colcon_meta'
[0.169s] Level 1:colcon.colcon_core.package_identification:_identify(status_interfaces) by extensions ['ros']
[0.169s] Level 1:colcon.colcon_core.package_identification:_identify(status_interfaces) by extension 'ros'
[0.169s] DEBUG:colcon.colcon_core.package_identification:Package 'status_interfaces' with type 'ros.ament_cmake' and name 'status_interfaces'
[0.169s] Level 1:colcon.colcon_core.package_identification:_identify(status_publisher) by extensions ['ignore', 'ignore_ament_install']
[0.169s] Level 1:colcon.colcon_core.package_identification:_identify(status_publisher) by extension 'ignore'
[0.169s] Level 1:colcon.colcon_core.package_identification:_identify(status_publisher) by extension 'ignore_ament_install'
[0.169s] Level 1:colcon.colcon_core.package_identification:_identify(status_publisher) by extensions ['colcon_pkg']
[0.169s] Level 1:colcon.colcon_core.package_identification:_identify(status_publisher) by extension 'colcon_pkg'
[0.169s] Level 1:colcon.colcon_core.package_identification:_identify(status_publisher) by extensions ['colcon_meta']
[0.170s] Level 1:colcon.colcon_core.package_identification:_identify(status_publisher) by extension 'colcon_meta'
[0.170s] Level 1:colcon.colcon_core.package_identification:_identify(status_publisher) by extensions ['ros']
[0.170s] Level 1:colcon.colcon_core.package_identification:_identify(status_publisher) by extension 'ros'
[0.170s] DEBUG:colcon.colcon_core.package_identification:Package 'status_publisher' with type 'ros.ament_python' and name 'status_publisher'
[0.170s] Level 1:colcon.colcon_core.package_discovery:discover_packages(recursive) using defaults
[0.170s] Level 1:colcon.colcon_core.package_discovery:discover_packages(ignore) discover
[0.170s] Level 1:colcon.colcon_core.package_discovery:discover_packages(ignore) using defaults
[0.170s] Level 1:colcon.colcon_core.package_discovery:discover_packages(path) discover
[0.170s] Level 1:colcon.colcon_core.package_discovery:discover_packages(path) using defaults
[0.188s] Level 1:colcon.colcon_core.package_discovery:discover_packages(prefix_path) check parameters
[0.188s] Level 1:colcon.colcon_core.package_discovery:discover_packages(prefix_path) discover
[0.188s] WARNING:colcon.colcon_ros.prefix_path.ament:The path '/home/chairman/working/ros2/learning/chapt3/topic_practice_ws/src/install/status_publisher' in the environment variable AMENT_PREFIX_PATH doesn't exist
[0.188s] WARNING:colcon.colcon_ros.prefix_path.ament:The path '/home/chairman/working/ros2/learning/chapt3/topic_practice_ws/src/install/status_display' in the environment variable AMENT_PREFIX_PATH doesn't exist
[0.188s] WARNING:colcon.colcon_ros.prefix_path.ament:The path '/home/chairman/working/ros2/learning/chapt3/topic_practice_ws/src/install/status_interfaces' in the environment variable AMENT_PREFIX_PATH doesn't exist
[0.188s] WARNING:colcon.colcon_ros.prefix_path.catkin:The path '/home/chairman/working/ros2/learning/chapt3/topic_practice_ws/src/install/status_display' in the environment variable CMAKE_PREFIX_PATH doesn't exist
[0.188s] WARNING:colcon.colcon_ros.prefix_path.catkin:The path '/home/chairman/working/ros2/learning/chapt3/topic_practice_ws/src/install/status_interfaces' in the environment variable CMAKE_PREFIX_PATH doesn't exist
[0.189s] DEBUG:colcon.colcon_installed_package_information.package_discovery:Found 0 installed packages in /home/chairman/working/ros2/learning/chapt3/topic_practice_ws/src/install
[0.190s] DEBUG:colcon.colcon_installed_package_information.package_discovery:Found 384 installed packages in /opt/ros/humble
[0.191s] Level 1:colcon.colcon_core.package_discovery:discover_packages(prefix_path) using defaults
[0.219s] Level 5:colcon.colcon_core.verb:set package 'status_interfaces' build argument 'cmake_args' from command line to 'None'
[0.220s] Level 5:colcon.colcon_core.verb:set package 'status_interfaces' build argument 'cmake_target' from command line to 'None'
[0.220s] Level 5:colcon.colcon_core.verb:set package 'status_interfaces' build argument 'cmake_target_skip_unavailable' from command line to 'False'
[0.220s] Level 5:colcon.colcon_core.verb:set package 'status_interfaces' build argument 'cmake_clean_cache' from command line to 'False'
[0.220s] Level 5:colcon.colcon_core.verb:set package 'status_interfaces' build argument 'cmake_clean_first' from command line to 'False'
[0.220s] Level 5:colcon.colcon_core.verb:set package 'status_interfaces' build argument 'cmake_force_configure' from command line to 'False'
[0.220s] Level 5:colcon.colcon_core.verb:set package 'status_interfaces' build argument 'ament_cmake_args' from command line to 'None'
[0.220s] Level 5:colcon.colcon_core.verb:set package 'status_interfaces' build argument 'catkin_cmake_args' from command line to 'None'
[0.220s] Level 5:colcon.colcon_core.verb:set package 'status_interfaces' build argument 'catkin_skip_building_tests' from command line to 'False'
[0.220s] DEBUG:colcon.colcon_core.verb:Building package 'status_interfaces' with the following arguments: {'ament_cmake_args': None, 'build_base': '/home/chairman/working/ros2/learning/chapt3/topic_practice_ws/src/build/status_interfaces', 'catkin_cmake_args': None, 'catkin_skip_building_tests': False, 'cmake_args': None, 'cmake_clean_cache': False, 'cmake_clean_first': False, 'cmake_force_configure': False, 'cmake_target': None, 'cmake_target_skip_unavailable': False, 'install_base': '/home/chairman/working/ros2/learning/chapt3/topic_practice_ws/src/install/status_interfaces', 'merge_install': False, 'path': '/home/chairman/working/ros2/learning/chapt3/topic_practice_ws/src/status_interfaces', 'symlink_install': False, 'test_result_base': None}
[0.220s] Level 5:colcon.colcon_core.verb:set package 'status_display' build argument 'cmake_args' from command line to 'None'
[0.220s] Level 5:colcon.colcon_core.verb:set package 'status_display' build argument 'cmake_target' from command line to 'None'
[0.220s] Level 5:colcon.colcon_core.verb:set package 'status_display' build argument 'cmake_target_skip_unavailable' from command line to 'False'
[0.220s] Level 5:colcon.colcon_core.verb:set package 'status_display' build argument 'cmake_clean_cache' from command line to 'False'
[0.220s] Level 5:colcon.colcon_core.verb:set package 'status_display' build argument 'cmake_clean_first' from command line to 'False'
[0.220s] Level 5:colcon.colcon_core.verb:set package 'status_display' build argument 'cmake_force_configure' from command line to 'False'
[0.220s] Level 5:colcon.colcon_core.verb:set package 'status_display' build argument 'ament_cmake_args' from command line to 'None'
[0.220s] Level 5:colcon.colcon_core.verb:set package 'status_display' build argument 'catkin_cmake_args' from command line to 'None'
[0.220s] Level 5:colcon.colcon_core.verb:set package 'status_display' build argument 'catkin_skip_building_tests' from command line to 'False'
[0.220s] DEBUG:colcon.colcon_core.verb:Building package 'status_display' with the following arguments: {'ament_cmake_args': None, 'build_base': '/home/chairman/working/ros2/learning/chapt3/topic_practice_ws/src/build/status_display', 'catkin_cmake_args': None, 'catkin_skip_building_tests': False, 'cmake_args': None, 'cmake_clean_cache': False, 'cmake_clean_first': False, 'cmake_force_configure': False, 'cmake_target': None, 'cmake_target_skip_unavailable': False, 'install_base': '/home/chairman/working/ros2/learning/chapt3/topic_practice_ws/src/install/status_display', 'merge_install': False, 'path': '/home/chairman/working/ros2/learning/chapt3/topic_practice_ws/src/status_display', 'symlink_install': False, 'test_result_base': None}
[0.220s] Level 5:colcon.colcon_core.verb:set package 'status_publisher' build argument 'cmake_args' from command line to 'None'
[0.220s] Level 5:colcon.colcon_core.verb:set package 'status_publisher' build argument 'cmake_target' from command line to 'None'
[0.220s] Level 5:colcon.colcon_core.verb:set package 'status_publisher' build argument 'cmake_target_skip_unavailable' from command line to 'False'
[0.220s] Level 5:colcon.colcon_core.verb:set package 'status_publisher' build argument 'cmake_clean_cache' from command line to 'False'
[0.220s] Level 5:colcon.colcon_core.verb:set package 'status_publisher' build argument 'cmake_clean_first' from command line to 'False'
[0.220s] Level 5:colcon.colcon_core.verb:set package 'status_publisher' build argument 'cmake_force_configure' from command line to 'False'
[0.220s] Level 5:colcon.colcon_core.verb:set package 'status_publisher' build argument 'ament_cmake_args' from command line to 'None'
[0.220s] Level 5:colcon.colcon_core.verb:set package 'status_publisher' build argument 'catkin_cmake_args' from command line to 'None'
[0.220s] Level 5:colcon.colcon_core.verb:set package 'status_publisher' build argument 'catkin_skip_building_tests' from command line to 'False'
[0.220s] DEBUG:colcon.colcon_core.verb:Building package 'status_publisher' with the following arguments: {'ament_cmake_args': None, 'build_base': '/home/chairman/working/ros2/learning/chapt3/topic_practice_ws/src/build/status_publisher', 'catkin_cmake_args': None, 'catkin_skip_building_tests': False, 'cmake_args': None, 'cmake_clean_cache': False, 'cmake_clean_first': False, 'cmake_force_configure': False, 'cmake_target': None, 'cmake_target_skip_unavailable': False, 'install_base': '/home/chairman/working/ros2/learning/chapt3/topic_practice_ws/src/install/status_publisher', 'merge_install': False, 'path': '/home/chairman/working/ros2/learning/chapt3/topic_practice_ws/src/status_publisher', 'symlink_install': False, 'test_result_base': None}
[0.220s] INFO:colcon.colcon_core.executor:Executing jobs using 'parallel' executor
[0.221s] DEBUG:colcon.colcon_parallel_executor.executor.parallel:run_until_complete
[0.221s] INFO:colcon.colcon_ros.task.ament_cmake.build:Building ROS package in '/home/chairman/working/ros2/learning/chapt3/topic_practice_ws/src/status_interfaces' with build type 'ament_cmake'
[0.221s] INFO:colcon.colcon_cmake.task.cmake.build:Building CMake package in '/home/chairman/working/ros2/learning/chapt3/topic_practice_ws/src/status_interfaces'
[0.223s] INFO:colcon.colcon_core.plugin_system:Skipping extension 'colcon_core.shell.bat': Not used on non-Windows systems
[0.223s] INFO:colcon.colcon_core.shell:Skip shell extension 'powershell' for command environment: Not usable outside of PowerShell
[0.223s] DEBUG:colcon.colcon_core.shell:Skip shell extension 'dsv' for command environment
[0.229s] DEBUG:colcon.colcon_core.event_handler.log_command:Invoking command in '/home/chairman/working/ros2/learning/chapt3/topic_practice_ws/src/build/status_interfaces': CMAKE_PREFIX_PATH=${CMAKE_PREFIX_PATH}:/home/chairman/working/ros2/learning/chapt3/topic_practice_ws/src/install/status_publisher:/opt/ros/humble /usr/bin/cmake /home/chairman/working/ros2/learning/chapt3/topic_practice_ws/src/status_interfaces -DCMAKE_INSTALL_PREFIX=/home/chairman/working/ros2/learning/chapt3/topic_practice_ws/src/install/status_interfaces
[1.537s] DEBUG:colcon.colcon_core.event_handler.log_command:Invoked command in '/home/chairman/working/ros2/learning/chapt3/topic_practice_ws/src/build/status_interfaces' returned '0': CMAKE_PREFIX_PATH=${CMAKE_PREFIX_PATH}:/home/chairman/working/ros2/learning/chapt3/topic_practice_ws/src/install/status_publisher:/opt/ros/humble /usr/bin/cmake /home/chairman/working/ros2/learning/chapt3/topic_practice_ws/src/status_interfaces -DCMAKE_INSTALL_PREFIX=/home/chairman/working/ros2/learning/chapt3/topic_practice_ws/src/install/status_interfaces
[1.538s] DEBUG:colcon.colcon_core.event_handler.log_command:Invoking command in '/home/chairman/working/ros2/learning/chapt3/topic_practice_ws/src/build/status_interfaces': CMAKE_PREFIX_PATH=${CMAKE_PREFIX_PATH}:/home/chairman/working/ros2/learning/chapt3/topic_practice_ws/src/install/status_publisher:/opt/ros/humble /usr/bin/cmake --build /home/chairman/working/ros2/learning/chapt3/topic_practice_ws/src/build/status_interfaces -- -j28 -l28
[2.971s] DEBUG:colcon.colcon_core.event_handler.log_command:Invoked command in '/home/chairman/working/ros2/learning/chapt3/topic_practice_ws/src/build/status_interfaces' returned '0': CMAKE_PREFIX_PATH=${CMAKE_PREFIX_PATH}:/home/chairman/working/ros2/learning/chapt3/topic_practice_ws/src/install/status_publisher:/opt/ros/humble /usr/bin/cmake --build /home/chairman/working/ros2/learning/chapt3/topic_practice_ws/src/build/status_interfaces -- -j28 -l28
[2.985s] DEBUG:colcon.colcon_core.event_handler.log_command:Invoking command in '/home/chairman/working/ros2/learning/chapt3/topic_practice_ws/src/build/status_interfaces': CMAKE_PREFIX_PATH=${CMAKE_PREFIX_PATH}:/home/chairman/working/ros2/learning/chapt3/topic_practice_ws/src/install/status_publisher:/opt/ros/humble /usr/bin/cmake --install /home/chairman/working/ros2/learning/chapt3/topic_practice_ws/src/build/status_interfaces
[3.035s] Level 1:colcon.colcon_core.environment:create_environment_scripts_only(status_interfaces)
[3.035s] DEBUG:colcon.colcon_core.event_handler.log_command:Invoked command in '/home/chairman/working/ros2/learning/chapt3/topic_practice_ws/src/build/status_interfaces' returned '0': CMAKE_PREFIX_PATH=${CMAKE_PREFIX_PATH}:/home/chairman/working/ros2/learning/chapt3/topic_practice_ws/src/install/status_publisher:/opt/ros/humble /usr/bin/cmake --install /home/chairman/working/ros2/learning/chapt3/topic_practice_ws/src/build/status_interfaces
[3.037s] Level 1:colcon.colcon_core.environment:checking '/home/chairman/working/ros2/learning/chapt3/topic_practice_ws/src/install/status_interfaces' for CMake module files
[3.038s] Level 1:colcon.colcon_core.environment:checking '/home/chairman/working/ros2/learning/chapt3/topic_practice_ws/src/install/status_interfaces' for CMake config files
[3.038s] Level 1:colcon.colcon_core.shell:create_environment_hook('status_interfaces', 'cmake_prefix_path')
[3.038s] INFO:colcon.colcon_core.shell:Creating environment hook '/home/chairman/working/ros2/learning/chapt3/topic_practice_ws/src/install/status_interfaces/share/status_interfaces/hook/cmake_prefix_path.ps1'
[3.039s] INFO:colcon.colcon_core.shell:Creating environment descriptor '/home/chairman/working/ros2/learning/chapt3/topic_practice_ws/src/install/status_interfaces/share/status_interfaces/hook/cmake_prefix_path.dsv'
[3.039s] INFO:colcon.colcon_core.shell:Creating environment hook '/home/chairman/working/ros2/learning/chapt3/topic_practice_ws/src/install/status_interfaces/share/status_interfaces/hook/cmake_prefix_path.sh'
[3.040s] Level 1:colcon.colcon_core.environment:checking '/home/chairman/working/ros2/learning/chapt3/topic_practice_ws/src/install/status_interfaces/lib'
[3.040s] Level 1:colcon.colcon_core.shell:create_environment_hook('status_interfaces', 'ld_library_path_lib')
[3.040s] INFO:colcon.colcon_core.shell:Creating environment hook '/home/chairman/working/ros2/learning/chapt3/topic_practice_ws/src/install/status_interfaces/share/status_interfaces/hook/ld_library_path_lib.ps1'
[3.040s] INFO:colcon.colcon_core.shell:Creating environment descriptor '/home/chairman/working/ros2/learning/chapt3/topic_practice_ws/src/install/status_interfaces/share/status_interfaces/hook/ld_library_path_lib.dsv'
[3.040s] INFO:colcon.colcon_core.shell:Creating environment hook '/home/chairman/working/ros2/learning/chapt3/topic_practice_ws/src/install/status_interfaces/share/status_interfaces/hook/ld_library_path_lib.sh'
[3.041s] Level 1:colcon.colcon_core.environment:checking '/home/chairman/working/ros2/learning/chapt3/topic_practice_ws/src/install/status_interfaces/bin'
[3.041s] Level 1:colcon.colcon_core.environment:checking '/home/chairman/working/ros2/learning/chapt3/topic_practice_ws/src/install/status_interfaces/lib/pkgconfig/status_interfaces.pc'
[3.041s] Level 1:colcon.colcon_core.environment:checking '/home/chairman/working/ros2/learning/chapt3/topic_practice_ws/src/install/status_interfaces/lib/python3.10/site-packages'
[3.041s] Level 1:colcon.colcon_core.environment:checking '/home/chairman/working/ros2/learning/chapt3/topic_practice_ws/src/install/status_interfaces/bin'
[3.041s] INFO:colcon.colcon_core.shell:Creating package script '/home/chairman/working/ros2/learning/chapt3/topic_practice_ws/src/install/status_interfaces/share/status_interfaces/package.ps1'
[3.042s] INFO:colcon.colcon_core.shell:Creating package descriptor '/home/chairman/working/ros2/learning/chapt3/topic_practice_ws/src/install/status_interfaces/share/status_interfaces/package.dsv'
[3.042s] INFO:colcon.colcon_core.shell:Creating package script '/home/chairman/working/ros2/learning/chapt3/topic_practice_ws/src/install/status_interfaces/share/status_interfaces/package.sh'
[3.042s] INFO:colcon.colcon_core.shell:Creating package script '/home/chairman/working/ros2/learning/chapt3/topic_practice_ws/src/install/status_interfaces/share/status_interfaces/package.bash'
[3.043s] INFO:colcon.colcon_core.shell:Creating package script '/home/chairman/working/ros2/learning/chapt3/topic_practice_ws/src/install/status_interfaces/share/status_interfaces/package.zsh'
[3.043s] Level 1:colcon.colcon_core.environment:create_file_with_runtime_dependencies(/home/chairman/working/ros2/learning/chapt3/topic_practice_ws/src/install/status_interfaces/share/colcon-core/packages/status_interfaces)
[3.043s] Level 1:colcon.colcon_core.environment:create_environment_scripts_only(status_interfaces)
[3.043s] Level 1:colcon.colcon_core.environment:checking '/home/chairman/working/ros2/learning/chapt3/topic_practice_ws/src/install/status_interfaces' for CMake module files
[3.044s] Level 1:colcon.colcon_core.environment:checking '/home/chairman/working/ros2/learning/chapt3/topic_practice_ws/src/install/status_interfaces' for CMake config files
[3.044s] Level 1:colcon.colcon_core.shell:create_environment_hook('status_interfaces', 'cmake_prefix_path')
[3.044s] INFO:colcon.colcon_core.shell:Creating environment hook '/home/chairman/working/ros2/learning/chapt3/topic_practice_ws/src/install/status_interfaces/share/status_interfaces/hook/cmake_prefix_path.ps1'
[3.044s] INFO:colcon.colcon_core.shell:Creating environment descriptor '/home/chairman/working/ros2/learning/chapt3/topic_practice_ws/src/install/status_interfaces/share/status_interfaces/hook/cmake_prefix_path.dsv'
[3.044s] INFO:colcon.colcon_core.shell:Creating environment hook '/home/chairman/working/ros2/learning/chapt3/topic_practice_ws/src/install/status_interfaces/share/status_interfaces/hook/cmake_prefix_path.sh'
[3.045s] Level 1:colcon.colcon_core.environment:checking '/home/chairman/working/ros2/learning/chapt3/topic_practice_ws/src/install/status_interfaces/lib'
[3.045s] Level 1:colcon.colcon_core.shell:create_environment_hook('status_interfaces', 'ld_library_path_lib')
[3.045s] INFO:colcon.colcon_core.shell:Creating environment hook '/home/chairman/working/ros2/learning/chapt3/topic_practice_ws/src/install/status_interfaces/share/status_interfaces/hook/ld_library_path_lib.ps1'
[3.045s] INFO:colcon.colcon_core.shell:Creating environment descriptor '/home/chairman/working/ros2/learning/chapt3/topic_practice_ws/src/install/status_interfaces/share/status_interfaces/hook/ld_library_path_lib.dsv'
[3.045s] INFO:colcon.colcon_core.shell:Creating environment hook '/home/chairman/working/ros2/learning/chapt3/topic_practice_ws/src/install/status_interfaces/share/status_interfaces/hook/ld_library_path_lib.sh'
[3.046s] Level 1:colcon.colcon_core.environment:checking '/home/chairman/working/ros2/learning/chapt3/topic_practice_ws/src/install/status_interfaces/bin'
[3.046s] Level 1:colcon.colcon_core.environment:checking '/home/chairman/working/ros2/learning/chapt3/topic_practice_ws/src/install/status_interfaces/lib/pkgconfig/status_interfaces.pc'
[3.046s] Level 1:colcon.colcon_core.environment:checking '/home/chairman/working/ros2/learning/chapt3/topic_practice_ws/src/install/status_interfaces/lib/python3.10/site-packages'
[3.046s] Level 1:colcon.colcon_core.environment:checking '/home/chairman/working/ros2/learning/chapt3/topic_practice_ws/src/install/status_interfaces/bin'
[3.046s] INFO:colcon.colcon_core.shell:Creating package script '/home/chairman/working/ros2/learning/chapt3/topic_practice_ws/src/install/status_interfaces/share/status_interfaces/package.ps1'
[3.047s] INFO:colcon.colcon_core.shell:Creating package descriptor '/home/chairman/working/ros2/learning/chapt3/topic_practice_ws/src/install/status_interfaces/share/status_interfaces/package.dsv'
[3.047s] INFO:colcon.colcon_core.shell:Creating package script '/home/chairman/working/ros2/learning/chapt3/topic_practice_ws/src/install/status_interfaces/share/status_interfaces/package.sh'
[3.047s] INFO:colcon.colcon_core.shell:Creating package script '/home/chairman/working/ros2/learning/chapt3/topic_practice_ws/src/install/status_interfaces/share/status_interfaces/package.bash'
[3.047s] INFO:colcon.colcon_core.shell:Creating package script '/home/chairman/working/ros2/learning/chapt3/topic_practice_ws/src/install/status_interfaces/share/status_interfaces/package.zsh'
[3.048s] Level 1:colcon.colcon_core.environment:create_file_with_runtime_dependencies(/home/chairman/working/ros2/learning/chapt3/topic_practice_ws/src/install/status_interfaces/share/colcon-core/packages/status_interfaces)
[3.048s] INFO:colcon.colcon_ros.task.ament_cmake.build:Building ROS package in '/home/chairman/working/ros2/learning/chapt3/topic_practice_ws/src/status_display' with build type 'ament_cmake'
[3.048s] INFO:colcon.colcon_cmake.task.cmake.build:Building CMake package in '/home/chairman/working/ros2/learning/chapt3/topic_practice_ws/src/status_display'
[3.048s] INFO:colcon.colcon_core.shell:Skip shell extension 'powershell' for command environment: Not usable outside of PowerShell
[3.048s] DEBUG:colcon.colcon_core.shell:Skip shell extension 'dsv' for command environment
[3.051s] INFO:colcon.colcon_ros.task.ament_python.build:Building ROS package in '/home/chairman/working/ros2/learning/chapt3/topic_practice_ws/src/status_publisher' with build type 'ament_python'
[3.051s] Level 1:colcon.colcon_core.shell:create_environment_hook('status_publisher', 'ament_prefix_path')
[3.051s] INFO:colcon.colcon_core.shell:Creating environment hook '/home/chairman/working/ros2/learning/chapt3/topic_practice_ws/src/install/status_publisher/share/status_publisher/hook/ament_prefix_path.ps1'
[3.051s] INFO:colcon.colcon_core.shell:Creating environment descriptor '/home/chairman/working/ros2/learning/chapt3/topic_practice_ws/src/install/status_publisher/share/status_publisher/hook/ament_prefix_path.dsv'
[3.051s] INFO:colcon.colcon_core.shell:Creating environment hook '/home/chairman/working/ros2/learning/chapt3/topic_practice_ws/src/install/status_publisher/share/status_publisher/hook/ament_prefix_path.sh'
[3.052s] INFO:colcon.colcon_core.shell:Skip shell extension 'powershell' for command environment: Not usable outside of PowerShell
[3.052s] DEBUG:colcon.colcon_core.shell:Skip shell extension 'dsv' for command environment
[3.058s] DEBUG:colcon.colcon_core.event_handler.log_command:Invoking command in '/home/chairman/working/ros2/learning/chapt3/topic_practice_ws/src/build/status_display': CMAKE_PREFIX_PATH=/home/chairman/working/ros2/learning/chapt3/topic_practice_ws/src/install/status_interfaces:/home/chairman/working/ros2/learning/chapt3/topic_practice_ws/src/install/status_display:/home/chairman/working/ros2/learning/chapt3/topic_practice_ws/src/install/status_publisher:/opt/ros/humble LD_LIBRARY_PATH=/home/chairman/working/ros2/learning/chapt3/topic_practice_ws/src/install/status_interfaces/lib:/usr/local/cuda-12.6/lib64:/usr/lib/x86_64-linux-gnu/gazebo-11/plugins:/opt/ros/humble/opt/rviz_ogre_vendor/lib:/opt/ros/humble/lib/x86_64-linux-gnu:/opt/ros/humble/lib:/usr/local/cuda-12.6/lib64 PYTHONPATH=/home/chairman/working/ros2/learning/chapt3/topic_practice_ws/src/install/status_interfaces/local/lib/python3.10/dist-packages:${PYTHONPATH} /usr/bin/cmake /home/chairman/working/ros2/learning/chapt3/topic_practice_ws/src/status_display -DCMAKE_INSTALL_PREFIX=/home/chairman/working/ros2/learning/chapt3/topic_practice_ws/src/install/status_display
[3.214s] INFO:colcon.colcon_core.task.python.build:Building Python package in '/home/chairman/working/ros2/learning/chapt3/topic_practice_ws/src/status_publisher'
[3.215s] INFO:colcon.colcon_core.shell:Skip shell extension 'powershell' for command environment: Not usable outside of PowerShell
[3.215s] DEBUG:colcon.colcon_core.shell:Skip shell extension 'dsv' for command environment
[3.436s] DEBUG:colcon.colcon_core.event_handler.log_command:Invoking command in '/home/chairman/working/ros2/learning/chapt3/topic_practice_ws/src/status_publisher': CMAKE_PREFIX_PATH=/home/chairman/working/ros2/learning/chapt3/topic_practice_ws/src/install/status_interfaces:/home/chairman/working/ros2/learning/chapt3/topic_practice_ws/src/install/status_display LD_LIBRARY_PATH=/home/chairman/working/ros2/learning/chapt3/topic_practice_ws/src/install/status_interfaces/lib:/usr/local/cuda-12.6/lib64:/usr/lib/x86_64-linux-gnu/gazebo-11/plugins:/opt/ros/humble/opt/rviz_ogre_vendor/lib:/opt/ros/humble/lib/x86_64-linux-gnu:/opt/ros/humble/lib:/usr/local/cuda-12.6/lib64 PYTHONPATH=/home/chairman/working/ros2/learning/chapt3/topic_practice_ws/src/build/status_publisher/prefix_override:/usr/lib/python3/dist-packages/colcon_core/task/python/colcon_distutils_commands:/home/chairman/working/ros2/learning/chapt3/topic_practice_ws/src/install/status_publisher/lib/python3.10/site-packages:/home/chairman/working/ros2/learning/chapt3/topic_practice_ws/src/install/status_interfaces/local/lib/python3.10/dist-packages:${PYTHONPATH} /usr/bin/python3 -W ignore:setup.py install is deprecated -W ignore:easy_install command is deprecated setup.py egg_info --egg-base ../build/status_publisher build --build-base /home/chairman/working/ros2/learning/chapt3/topic_practice_ws/src/build/status_publisher/build install --record /home/chairman/working/ros2/learning/chapt3/topic_practice_ws/src/build/status_publisher/install.log --single-version-externally-managed install_data
[3.604s] Level 1:colcon.colcon_core.environment:checking '/home/chairman/working/ros2/learning/chapt3/topic_practice_ws/src/install/status_publisher' for CMake module files
[3.604s] DEBUG:colcon.colcon_core.event_handler.log_command:Invoked command in '/home/chairman/working/ros2/learning/chapt3/topic_practice_ws/src/status_publisher' returned '0': CMAKE_PREFIX_PATH=/home/chairman/working/ros2/learning/chapt3/topic_practice_ws/src/install/status_interfaces:/home/chairman/working/ros2/learning/chapt3/topic_practice_ws/src/install/status_display LD_LIBRARY_PATH=/home/chairman/working/ros2/learning/chapt3/topic_practice_ws/src/install/status_interfaces/lib:/usr/local/cuda-12.6/lib64:/usr/lib/x86_64-linux-gnu/gazebo-11/plugins:/opt/ros/humble/opt/rviz_ogre_vendor/lib:/opt/ros/humble/lib/x86_64-linux-gnu:/opt/ros/humble/lib:/usr/local/cuda-12.6/lib64 PYTHONPATH=/home/chairman/working/ros2/learning/chapt3/topic_practice_ws/src/build/status_publisher/prefix_override:/usr/lib/python3/dist-packages/colcon_core/task/python/colcon_distutils_commands:/home/chairman/working/ros2/learning/chapt3/topic_practice_ws/src/install/status_publisher/lib/python3.10/site-packages:/home/chairman/working/ros2/learning/chapt3/topic_practice_ws/src/install/status_interfaces/local/lib/python3.10/dist-packages:${PYTHONPATH} /usr/bin/python3 -W ignore:setup.py install is deprecated -W ignore:easy_install command is deprecated setup.py egg_info --egg-base ../build/status_publisher build --build-base /home/chairman/working/ros2/learning/chapt3/topic_practice_ws/src/build/status_publisher/build install --record /home/chairman/working/ros2/learning/chapt3/topic_practice_ws/src/build/status_publisher/install.log --single-version-externally-managed install_data
[3.605s] Level 1:colcon.colcon_core.environment:checking '/home/chairman/working/ros2/learning/chapt3/topic_practice_ws/src/install/status_publisher' for CMake config files
[3.605s] Level 1:colcon.colcon_core.environment:checking '/home/chairman/working/ros2/learning/chapt3/topic_practice_ws/src/install/status_publisher/lib'
[3.605s] Level 1:colcon.colcon_core.environment:checking '/home/chairman/working/ros2/learning/chapt3/topic_practice_ws/src/install/status_publisher/bin'
[3.605s] Level 1:colcon.colcon_core.environment:checking '/home/chairman/working/ros2/learning/chapt3/topic_practice_ws/src/install/status_publisher/lib/pkgconfig/status_publisher.pc'
[3.605s] Level 1:colcon.colcon_core.environment:checking '/home/chairman/working/ros2/learning/chapt3/topic_practice_ws/src/install/status_publisher/lib/python3.10/site-packages'
[3.606s] Level 1:colcon.colcon_core.shell:create_environment_hook('status_publisher', 'pythonpath')
[3.606s] INFO:colcon.colcon_core.shell:Creating environment hook '/home/chairman/working/ros2/learning/chapt3/topic_practice_ws/src/install/status_publisher/share/status_publisher/hook/pythonpath.ps1'
[3.606s] INFO:colcon.colcon_core.shell:Creating environment descriptor '/home/chairman/working/ros2/learning/chapt3/topic_practice_ws/src/install/status_publisher/share/status_publisher/hook/pythonpath.dsv'
[3.606s] INFO:colcon.colcon_core.shell:Creating environment hook '/home/chairman/working/ros2/learning/chapt3/topic_practice_ws/src/install/status_publisher/share/status_publisher/hook/pythonpath.sh'
[3.607s] Level 1:colcon.colcon_core.environment:checking '/home/chairman/working/ros2/learning/chapt3/topic_practice_ws/src/install/status_publisher/bin'
[3.607s] Level 1:colcon.colcon_core.environment:create_environment_scripts_only(status_publisher)
[3.607s] INFO:colcon.colcon_core.shell:Creating package script '/home/chairman/working/ros2/learning/chapt3/topic_practice_ws/src/install/status_publisher/share/status_publisher/package.ps1'
[3.608s] INFO:colcon.colcon_core.shell:Creating package descriptor '/home/chairman/working/ros2/learning/chapt3/topic_practice_ws/src/install/status_publisher/share/status_publisher/package.dsv'
[3.608s] INFO:colcon.colcon_core.shell:Creating package script '/home/chairman/working/ros2/learning/chapt3/topic_practice_ws/src/install/status_publisher/share/status_publisher/package.sh'
[3.608s] INFO:colcon.colcon_core.shell:Creating package script '/home/chairman/working/ros2/learning/chapt3/topic_practice_ws/src/install/status_publisher/share/status_publisher/package.bash'
[3.609s] INFO:colcon.colcon_core.shell:Creating package script '/home/chairman/working/ros2/learning/chapt3/topic_practice_ws/src/install/status_publisher/share/status_publisher/package.zsh'
[3.609s] Level 1:colcon.colcon_core.environment:create_file_with_runtime_dependencies(/home/chairman/working/ros2/learning/chapt3/topic_practice_ws/src/install/status_publisher/share/colcon-core/packages/status_publisher)
[3.989s] DEBUG:colcon.colcon_core.event_handler.log_command:Invoked command in '/home/chairman/working/ros2/learning/chapt3/topic_practice_ws/src/build/status_display' returned '0': CMAKE_PREFIX_PATH=/home/chairman/working/ros2/learning/chapt3/topic_practice_ws/src/install/status_interfaces:/home/chairman/working/ros2/learning/chapt3/topic_practice_ws/src/install/status_display:/home/chairman/working/ros2/learning/chapt3/topic_practice_ws/src/install/status_publisher:/opt/ros/humble LD_LIBRARY_PATH=/home/chairman/working/ros2/learning/chapt3/topic_practice_ws/src/install/status_interfaces/lib:/usr/local/cuda-12.6/lib64:/usr/lib/x86_64-linux-gnu/gazebo-11/plugins:/opt/ros/humble/opt/rviz_ogre_vendor/lib:/opt/ros/humble/lib/x86_64-linux-gnu:/opt/ros/humble/lib:/usr/local/cuda-12.6/lib64 PYTHONPATH=/home/chairman/working/ros2/learning/chapt3/topic_practice_ws/src/install/status_interfaces/local/lib/python3.10/dist-packages:${PYTHONPATH} /usr/bin/cmake /home/chairman/working/ros2/learning/chapt3/topic_practice_ws/src/status_display -DCMAKE_INSTALL_PREFIX=/home/chairman/working/ros2/learning/chapt3/topic_practice_ws/src/install/status_display
[3.991s] DEBUG:colcon.colcon_core.event_handler.log_command:Invoking command in '/home/chairman/working/ros2/learning/chapt3/topic_practice_ws/src/build/status_display': CMAKE_PREFIX_PATH=/home/chairman/working/ros2/learning/chapt3/topic_practice_ws/src/install/status_interfaces:/home/chairman/working/ros2/learning/chapt3/topic_practice_ws/src/install/status_display:/home/chairman/working/ros2/learning/chapt3/topic_practice_ws/src/install/status_publisher:/opt/ros/humble LD_LIBRARY_PATH=/home/chairman/working/ros2/learning/chapt3/topic_practice_ws/src/install/status_interfaces/lib:/usr/local/cuda-12.6/lib64:/usr/lib/x86_64-linux-gnu/gazebo-11/plugins:/opt/ros/humble/opt/rviz_ogre_vendor/lib:/opt/ros/humble/lib/x86_64-linux-gnu:/opt/ros/humble/lib:/usr/local/cuda-12.6/lib64 PYTHONPATH=/home/chairman/working/ros2/learning/chapt3/topic_practice_ws/src/install/status_interfaces/local/lib/python3.10/dist-packages:${PYTHONPATH} /usr/bin/cmake --build /home/chairman/working/ros2/learning/chapt3/topic_practice_ws/src/build/status_display -- -j28 -l28
[9.979s] DEBUG:colcon.colcon_core.event_handler.log_command:Invoked command in '/home/chairman/working/ros2/learning/chapt3/topic_practice_ws/src/build/status_display' returned '0': CMAKE_PREFIX_PATH=/home/chairman/working/ros2/learning/chapt3/topic_practice_ws/src/install/status_interfaces:/home/chairman/working/ros2/learning/chapt3/topic_practice_ws/src/install/status_display:/home/chairman/working/ros2/learning/chapt3/topic_practice_ws/src/install/status_publisher:/opt/ros/humble LD_LIBRARY_PATH=/home/chairman/working/ros2/learning/chapt3/topic_practice_ws/src/install/status_interfaces/lib:/usr/local/cuda-12.6/lib64:/usr/lib/x86_64-linux-gnu/gazebo-11/plugins:/opt/ros/humble/opt/rviz_ogre_vendor/lib:/opt/ros/humble/lib/x86_64-linux-gnu:/opt/ros/humble/lib:/usr/local/cuda-12.6/lib64 PYTHONPATH=/home/chairman/working/ros2/learning/chapt3/topic_practice_ws/src/install/status_interfaces/local/lib/python3.10/dist-packages:${PYTHONPATH} /usr/bin/cmake --build /home/chairman/working/ros2/learning/chapt3/topic_practice_ws/src/build/status_display -- -j28 -l28
[9.980s] DEBUG:colcon.colcon_core.event_handler.log_command:Invoking command in '/home/chairman/working/ros2/learning/chapt3/topic_practice_ws/src/build/status_display': CMAKE_PREFIX_PATH=/home/chairman/working/ros2/learning/chapt3/topic_practice_ws/src/install/status_interfaces:/home/chairman/working/ros2/learning/chapt3/topic_practice_ws/src/install/status_display:/home/chairman/working/ros2/learning/chapt3/topic_practice_ws/src/install/status_publisher:/opt/ros/humble LD_LIBRARY_PATH=/home/chairman/working/ros2/learning/chapt3/topic_practice_ws/src/install/status_interfaces/lib:/usr/local/cuda-12.6/lib64:/usr/lib/x86_64-linux-gnu/gazebo-11/plugins:/opt/ros/humble/opt/rviz_ogre_vendor/lib:/opt/ros/humble/lib/x86_64-linux-gnu:/opt/ros/humble/lib:/usr/local/cuda-12.6/lib64 PYTHONPATH=/home/chairman/working/ros2/learning/chapt3/topic_practice_ws/src/install/status_interfaces/local/lib/python3.10/dist-packages:${PYTHONPATH} /usr/bin/cmake --install /home/chairman/working/ros2/learning/chapt3/topic_practice_ws/src/build/status_display
[9.990s] Level 1:colcon.colcon_core.environment:create_environment_scripts_only(status_display)
[9.991s] Level 1:colcon.colcon_core.environment:checking '/home/chairman/working/ros2/learning/chapt3/topic_practice_ws/src/install/status_display' for CMake module files
[9.992s] DEBUG:colcon.colcon_core.event_handler.log_command:Invoked command in '/home/chairman/working/ros2/learning/chapt3/topic_practice_ws/src/build/status_display' returned '0': CMAKE_PREFIX_PATH=/home/chairman/working/ros2/learning/chapt3/topic_practice_ws/src/install/status_interfaces:/home/chairman/working/ros2/learning/chapt3/topic_practice_ws/src/install/status_display:/home/chairman/working/ros2/learning/chapt3/topic_practice_ws/src/install/status_publisher:/opt/ros/humble LD_LIBRARY_PATH=/home/chairman/working/ros2/learning/chapt3/topic_practice_ws/src/install/status_interfaces/lib:/usr/local/cuda-12.6/lib64:/usr/lib/x86_64-linux-gnu/gazebo-11/plugins:/opt/ros/humble/opt/rviz_ogre_vendor/lib:/opt/ros/humble/lib/x86_64-linux-gnu:/opt/ros/humble/lib:/usr/local/cuda-12.6/lib64 PYTHONPATH=/home/chairman/working/ros2/learning/chapt3/topic_practice_ws/src/install/status_interfaces/local/lib/python3.10/dist-packages:${PYTHONPATH} /usr/bin/cmake --install /home/chairman/working/ros2/learning/chapt3/topic_practice_ws/src/build/status_display
[9.992s] Level 1:colcon.colcon_core.environment:checking '/home/chairman/working/ros2/learning/chapt3/topic_practice_ws/src/install/status_display' for CMake config files
[9.992s] Level 1:colcon.colcon_core.shell:create_environment_hook('status_display', 'cmake_prefix_path')
[9.993s] INFO:colcon.colcon_core.shell:Creating environment hook '/home/chairman/working/ros2/learning/chapt3/topic_practice_ws/src/install/status_display/share/status_display/hook/cmake_prefix_path.ps1'
[9.993s] INFO:colcon.colcon_core.shell:Creating environment descriptor '/home/chairman/working/ros2/learning/chapt3/topic_practice_ws/src/install/status_display/share/status_display/hook/cmake_prefix_path.dsv'
[9.994s] INFO:colcon.colcon_core.shell:Creating environment hook '/home/chairman/working/ros2/learning/chapt3/topic_practice_ws/src/install/status_display/share/status_display/hook/cmake_prefix_path.sh'
[9.994s] Level 1:colcon.colcon_core.environment:checking '/home/chairman/working/ros2/learning/chapt3/topic_practice_ws/src/install/status_display/lib'
[9.994s] Level 1:colcon.colcon_core.environment:checking '/home/chairman/working/ros2/learning/chapt3/topic_practice_ws/src/install/status_display/bin'
[9.994s] Level 1:colcon.colcon_core.environment:checking '/home/chairman/working/ros2/learning/chapt3/topic_practice_ws/src/install/status_display/lib/pkgconfig/status_display.pc'
[9.994s] Level 1:colcon.colcon_core.environment:checking '/home/chairman/working/ros2/learning/chapt3/topic_practice_ws/src/install/status_display/lib/python3.10/site-packages'
[9.995s] Level 1:colcon.colcon_core.environment:checking '/home/chairman/working/ros2/learning/chapt3/topic_practice_ws/src/install/status_display/bin'
[9.995s] INFO:colcon.colcon_core.shell:Creating package script '/home/chairman/working/ros2/learning/chapt3/topic_practice_ws/src/install/status_display/share/status_display/package.ps1'
[9.996s] INFO:colcon.colcon_core.shell:Creating package descriptor '/home/chairman/working/ros2/learning/chapt3/topic_practice_ws/src/install/status_display/share/status_display/package.dsv'
[9.996s] INFO:colcon.colcon_core.shell:Creating package script '/home/chairman/working/ros2/learning/chapt3/topic_practice_ws/src/install/status_display/share/status_display/package.sh'
[9.996s] INFO:colcon.colcon_core.shell:Creating package script '/home/chairman/working/ros2/learning/chapt3/topic_practice_ws/src/install/status_display/share/status_display/package.bash'
[9.997s] INFO:colcon.colcon_core.shell:Creating package script '/home/chairman/working/ros2/learning/chapt3/topic_practice_ws/src/install/status_display/share/status_display/package.zsh'
[9.997s] Level 1:colcon.colcon_core.environment:create_file_with_runtime_dependencies(/home/chairman/working/ros2/learning/chapt3/topic_practice_ws/src/install/status_display/share/colcon-core/packages/status_display)
[9.997s] Level 1:colcon.colcon_core.environment:create_environment_scripts_only(status_display)
[9.998s] Level 1:colcon.colcon_core.environment:checking '/home/chairman/working/ros2/learning/chapt3/topic_practice_ws/src/install/status_display' for CMake module files
[9.998s] Level 1:colcon.colcon_core.environment:checking '/home/chairman/working/ros2/learning/chapt3/topic_practice_ws/src/install/status_display' for CMake config files
[9.998s] Level 1:colcon.colcon_core.shell:create_environment_hook('status_display', 'cmake_prefix_path')
[9.999s] INFO:colcon.colcon_core.shell:Creating environment hook '/home/chairman/working/ros2/learning/chapt3/topic_practice_ws/src/install/status_display/share/status_display/hook/cmake_prefix_path.ps1'
[9.999s] INFO:colcon.colcon_core.shell:Creating environment descriptor '/home/chairman/working/ros2/learning/chapt3/topic_practice_ws/src/install/status_display/share/status_display/hook/cmake_prefix_path.dsv'
[9.999s] INFO:colcon.colcon_core.shell:Creating environment hook '/home/chairman/working/ros2/learning/chapt3/topic_practice_ws/src/install/status_display/share/status_display/hook/cmake_prefix_path.sh'
[10.000s] Level 1:colcon.colcon_core.environment:checking '/home/chairman/working/ros2/learning/chapt3/topic_practice_ws/src/install/status_display/lib'
[10.000s] Level 1:colcon.colcon_core.environment:checking '/home/chairman/working/ros2/learning/chapt3/topic_practice_ws/src/install/status_display/bin'
[10.000s] Level 1:colcon.colcon_core.environment:checking '/home/chairman/working/ros2/learning/chapt3/topic_practice_ws/src/install/status_display/lib/pkgconfig/status_display.pc'
[10.000s] Level 1:colcon.colcon_core.environment:checking '/home/chairman/working/ros2/learning/chapt3/topic_practice_ws/src/install/status_display/lib/python3.10/site-packages'
[10.001s] Level 1:colcon.colcon_core.environment:checking '/home/chairman/working/ros2/learning/chapt3/topic_practice_ws/src/install/status_display/bin'
[10.001s] INFO:colcon.colcon_core.shell:Creating package script '/home/chairman/working/ros2/learning/chapt3/topic_practice_ws/src/install/status_display/share/status_display/package.ps1'
[10.001s] INFO:colcon.colcon_core.shell:Creating package descriptor '/home/chairman/working/ros2/learning/chapt3/topic_practice_ws/src/install/status_display/share/status_display/package.dsv'
[10.002s] INFO:colcon.colcon_core.shell:Creating package script '/home/chairman/working/ros2/learning/chapt3/topic_practice_ws/src/install/status_display/share/status_display/package.sh'
[10.002s] INFO:colcon.colcon_core.shell:Creating package script '/home/chairman/working/ros2/learning/chapt3/topic_practice_ws/src/install/status_display/share/status_display/package.bash'
[10.003s] INFO:colcon.colcon_core.shell:Creating package script '/home/chairman/working/ros2/learning/chapt3/topic_practice_ws/src/install/status_display/share/status_display/package.zsh'
[10.003s] Level 1:colcon.colcon_core.environment:create_file_with_runtime_dependencies(/home/chairman/working/ros2/learning/chapt3/topic_practice_ws/src/install/status_display/share/colcon-core/packages/status_display)
[10.004s] DEBUG:colcon.colcon_parallel_executor.executor.parallel:closing loop
[10.004s] DEBUG:colcon.colcon_parallel_executor.executor.parallel:loop closed
[10.004s] DEBUG:colcon.colcon_parallel_executor.executor.parallel:run_until_complete finished with '0'
[10.004s] DEBUG:colcon.colcon_core.event_reactor:joining thread
[10.010s] INFO:colcon.colcon_core.plugin_system:Skipping extension 'colcon_notification.desktop_notification.terminal_notifier': Not used on non-Darwin systems
[10.010s] INFO:colcon.colcon_core.plugin_system:Skipping extension 'colcon_notification.desktop_notification.win32': Not used on non-Windows systems
[10.010s] INFO:colcon.colcon_notification.desktop_notification:Sending desktop notification using 'notify2'
[10.027s] DEBUG:colcon.colcon_core.event_reactor:joined thread
[10.028s] INFO:colcon.colcon_core.shell:Creating prefix script '/home/chairman/working/ros2/learning/chapt3/topic_practice_ws/src/install/local_setup.ps1'
[10.029s] INFO:colcon.colcon_core.shell:Creating prefix util module '/home/chairman/working/ros2/learning/chapt3/topic_practice_ws/src/install/_local_setup_util_ps1.py'
[10.030s] INFO:colcon.colcon_core.shell:Creating prefix chain script '/home/chairman/working/ros2/learning/chapt3/topic_practice_ws/src/install/setup.ps1'
[10.031s] INFO:colcon.colcon_core.shell:Creating prefix script '/home/chairman/working/ros2/learning/chapt3/topic_practice_ws/src/install/local_setup.sh'
[10.031s] INFO:colcon.colcon_core.shell:Creating prefix util module '/home/chairman/working/ros2/learning/chapt3/topic_practice_ws/src/install/_local_setup_util_sh.py'
[10.031s] INFO:colcon.colcon_core.shell:Creating prefix chain script '/home/chairman/working/ros2/learning/chapt3/topic_practice_ws/src/install/setup.sh'
[10.032s] INFO:colcon.colcon_core.shell:Creating prefix script '/home/chairman/working/ros2/learning/chapt3/topic_practice_ws/src/install/local_setup.bash'
[10.032s] INFO:colcon.colcon_core.shell:Creating prefix chain script '/home/chairman/working/ros2/learning/chapt3/topic_practice_ws/src/install/setup.bash'
[10.033s] INFO:colcon.colcon_core.shell:Creating prefix script '/home/chairman/working/ros2/learning/chapt3/topic_practice_ws/src/install/local_setup.zsh'
[10.033s] INFO:colcon.colcon_core.shell:Creating prefix chain script '/home/chairman/working/ros2/learning/chapt3/topic_practice_ws/src/install/setup.zsh'
