[0.367s] Invoking command in '/home/chairman/working/ros2/learning/chapt2/chapt2_ws/src/demo_python_pkg': CONDA_PROMPT_MODIFIER=(base) PYTHONPATH=/home/chairman/working/ros2/learning/chapt2/chapt2_ws/src/build/demo_python_pkg/prefix_override:/usr/lib/python3/dist-packages/colcon_core/task/python/colcon_distutils_commands:/home/chairman/working/ros2/learning/chapt2/chapt2_ws/src/install/demo_python_pkg/lib/python3.10/site-packages:${PYTHONPATH} /usr/bin/python3 -W ignore:setup.py install is deprecated -W ignore:easy_install command is deprecated setup.py egg_info --egg-base ../build/demo_python_pkg build --build-base /home/chairman/working/ros2/learning/chapt2/chapt2_ws/src/build/demo_python_pkg/build install --record /home/chairman/working/ros2/learning/chapt2/chapt2_ws/src/build/demo_python_pkg/install.log --single-version-externally-managed install_data
[0.505s] running egg_info
[0.506s] writing ../build/demo_python_pkg/demo_python_pkg.egg-info/PKG-INFO
[0.506s] writing dependency_links to ../build/demo_python_pkg/demo_python_pkg.egg-info/dependency_links.txt
[0.506s] writing entry points to ../build/demo_python_pkg/demo_python_pkg.egg-info/entry_points.txt
[0.506s] writing requirements to ../build/demo_python_pkg/demo_python_pkg.egg-info/requires.txt
[0.506s] writing top-level names to ../build/demo_python_pkg/demo_python_pkg.egg-info/top_level.txt
[0.507s] reading manifest file '../build/demo_python_pkg/demo_python_pkg.egg-info/SOURCES.txt'
[0.507s] adding license file 'LICENSE'
[0.507s] writing manifest file '../build/demo_python_pkg/demo_python_pkg.egg-info/SOURCES.txt'
[0.507s] running build
[0.507s] running build_py
[0.507s] copying demo_python_pkg/person_node.py -> /home/chairman/working/ros2/learning/chapt2/chapt2_ws/src/build/demo_python_pkg/build/lib/demo_python_pkg
[0.508s] running install
[0.508s] running install_lib
[0.508s] copying /home/chairman/working/ros2/learning/chapt2/chapt2_ws/src/build/demo_python_pkg/build/lib/demo_python_pkg/person_node.py -> /home/chairman/working/ros2/learning/chapt2/chapt2_ws/src/install/demo_python_pkg/lib/python3.10/site-packages/demo_python_pkg
[0.508s] byte-compiling /home/chairman/working/ros2/learning/chapt2/chapt2_ws/src/install/demo_python_pkg/lib/python3.10/site-packages/demo_python_pkg/person_node.py to person_node.cpython-310.pyc
[0.509s] running install_data
[0.509s] running install_egg_info
[0.510s] removing '/home/chairman/working/ros2/learning/chapt2/chapt2_ws/src/install/demo_python_pkg/lib/python3.10/site-packages/demo_python_pkg-0.0.0-py3.10.egg-info' (and everything under it)
[0.510s] Copying ../build/demo_python_pkg/demo_python_pkg.egg-info to /home/chairman/working/ros2/learning/chapt2/chapt2_ws/src/install/demo_python_pkg/lib/python3.10/site-packages/demo_python_pkg-0.0.0-py3.10.egg-info
[0.510s] running install_scripts
[0.524s] Installing person_node script to /home/chairman/working/ros2/learning/chapt2/chapt2_ws/src/install/demo_python_pkg/lib/demo_python_pkg
[0.524s] Installing python_node script to /home/chairman/working/ros2/learning/chapt2/chapt2_ws/src/install/demo_python_pkg/lib/demo_python_pkg
[0.524s] Installing writer_node script to /home/chairman/working/ros2/learning/chapt2/chapt2_ws/src/install/demo_python_pkg/lib/demo_python_pkg
[0.525s] writing list of installed files to '/home/chairman/working/ros2/learning/chapt2/chapt2_ws/src/build/demo_python_pkg/install.log'
[0.538s] Invoked command in '/home/chairman/working/ros2/learning/chapt2/chapt2_ws/src/demo_python_pkg' returned '0': CONDA_PROMPT_MODIFIER=(base) PYTHONPATH=/home/chairman/working/ros2/learning/chapt2/chapt2_ws/src/build/demo_python_pkg/prefix_override:/usr/lib/python3/dist-packages/colcon_core/task/python/colcon_distutils_commands:/home/chairman/working/ros2/learning/chapt2/chapt2_ws/src/install/demo_python_pkg/lib/python3.10/site-packages:${PYTHONPATH} /usr/bin/python3 -W ignore:setup.py install is deprecated -W ignore:easy_install command is deprecated setup.py egg_info --egg-base ../build/demo_python_pkg build --build-base /home/chairman/working/ros2/learning/chapt2/chapt2_ws/src/build/demo_python_pkg/build install --record /home/chairman/working/ros2/learning/chapt2/chapt2_ws/src/build/demo_python_pkg/install.log --single-version-externally-managed install_data
