[0.313s] Invoking command in '/home/chairman/working/ros2/ROS2_learning/chapt7/chapt7_ws/build/fishbot_navigation2': CMAKE_PREFIX_PATH=${CMAKE_PREFIX_PATH}:/home/chairman/working/ros2/ROS2_learning/chapt7/chapt7_ws/install/fishbot_application:/home/chairman/working/ros2/ROS2_learning/chapt7/chapt7_ws/install/autopatrol_robot:/opt/ros/humble VIRTUAL_ENV_PROMPT=(venv) /usr/bin/cmake /home/chairman/working/ros2/ROS2_learning/chapt7/chapt7_ws/fishbot_navigation2 -DCMAKE_INSTALL_PREFIX=/home/chairman/working/ros2/ROS2_learning/chapt7/chapt7_ws/install/fishbot_navigation2
[0.351s] -- The C compiler identification is GNU 11.4.0
[0.390s] -- The CXX compiler identification is GNU 11.4.0
[0.395s] -- Detecting C compiler ABI info
[0.440s] -- Detecting C compiler ABI info - done
[0.444s] -- Check for working C compiler: /usr/bin/cc - skipped
[0.445s] -- Detecting C compile features
[0.445s] -- Detecting C compile features - done
[0.447s] -- Detecting CXX compiler ABI info
[0.503s] -- Detecting CXX compiler ABI info - done
[0.508s] -- Check for working CXX compiler: /usr/bin/c++ - skipped
[0.508s] -- Detecting CXX compile features
[0.508s] -- Detecting CXX compile features - done
[0.510s] -- Found ament_cmake: 1.3.12 (/opt/ros/humble/share/ament_cmake/cmake)
[0.742s] -- Found Python3: /home/chairman/venv/bin/python3 (found version "3.10.12") found components: Interpreter 
[0.803s] -- Found ament_lint_auto: 0.12.14 (/opt/ros/humble/share/ament_lint_auto/cmake)
[0.870s] -- Added test 'flake8' to check Python code syntax and style conventions
[0.870s] -- Added test 'lint_cmake' to check CMake code style
[0.871s] -- Added test 'pep257' to check Python code against some of the docstring style conventions in PEP 257
[0.872s] -- Added test 'xmllint' to check XML markup files
[0.873s] -- Configuring done
[0.874s] -- Generating done
[0.875s] -- Build files have been written to: /home/chairman/working/ros2/ROS2_learning/chapt7/chapt7_ws/build/fishbot_navigation2
[0.878s] Invoked command in '/home/chairman/working/ros2/ROS2_learning/chapt7/chapt7_ws/build/fishbot_navigation2' returned '0': CMAKE_PREFIX_PATH=${CMAKE_PREFIX_PATH}:/home/chairman/working/ros2/ROS2_learning/chapt7/chapt7_ws/install/fishbot_application:/home/chairman/working/ros2/ROS2_learning/chapt7/chapt7_ws/install/autopatrol_robot:/opt/ros/humble VIRTUAL_ENV_PROMPT=(venv) /usr/bin/cmake /home/chairman/working/ros2/ROS2_learning/chapt7/chapt7_ws/fishbot_navigation2 -DCMAKE_INSTALL_PREFIX=/home/chairman/working/ros2/ROS2_learning/chapt7/chapt7_ws/install/fishbot_navigation2
[0.879s] Invoking command in '/home/chairman/working/ros2/ROS2_learning/chapt7/chapt7_ws/build/fishbot_navigation2': CMAKE_PREFIX_PATH=${CMAKE_PREFIX_PATH}:/home/chairman/working/ros2/ROS2_learning/chapt7/chapt7_ws/install/fishbot_application:/home/chairman/working/ros2/ROS2_learning/chapt7/chapt7_ws/install/autopatrol_robot:/opt/ros/humble VIRTUAL_ENV_PROMPT=(venv) /usr/bin/cmake --build /home/chairman/working/ros2/ROS2_learning/chapt7/chapt7_ws/build/fishbot_navigation2 -- -j28 -l28
[0.905s] Invoked command in '/home/chairman/working/ros2/ROS2_learning/chapt7/chapt7_ws/build/fishbot_navigation2' returned '0': CMAKE_PREFIX_PATH=${CMAKE_PREFIX_PATH}:/home/chairman/working/ros2/ROS2_learning/chapt7/chapt7_ws/install/fishbot_application:/home/chairman/working/ros2/ROS2_learning/chapt7/chapt7_ws/install/autopatrol_robot:/opt/ros/humble VIRTUAL_ENV_PROMPT=(venv) /usr/bin/cmake --build /home/chairman/working/ros2/ROS2_learning/chapt7/chapt7_ws/build/fishbot_navigation2 -- -j28 -l28
[0.912s] Invoking command in '/home/chairman/working/ros2/ROS2_learning/chapt7/chapt7_ws/build/fishbot_navigation2': CMAKE_PREFIX_PATH=${CMAKE_PREFIX_PATH}:/home/chairman/working/ros2/ROS2_learning/chapt7/chapt7_ws/install/fishbot_application:/home/chairman/working/ros2/ROS2_learning/chapt7/chapt7_ws/install/autopatrol_robot:/opt/ros/humble VIRTUAL_ENV_PROMPT=(venv) /usr/bin/cmake --install /home/chairman/working/ros2/ROS2_learning/chapt7/chapt7_ws/build/fishbot_navigation2
[0.915s] -- Install configuration: ""
[0.916s] -- Installing: /home/chairman/working/ros2/ROS2_learning/chapt7/chapt7_ws/install/fishbot_navigation2/share/fishbot_navigation2/launch
[0.916s] -- Installing: /home/chairman/working/ros2/ROS2_learning/chapt7/chapt7_ws/install/fishbot_navigation2/share/fishbot_navigation2/launch/navigation2.launch.py
[0.916s] -- Installing: /home/chairman/working/ros2/ROS2_learning/chapt7/chapt7_ws/install/fishbot_navigation2/share/fishbot_navigation2/launch/display_robot.launch.py
[0.916s] -- Installing: /home/chairman/working/ros2/ROS2_learning/chapt7/chapt7_ws/install/fishbot_navigation2/share/fishbot_navigation2/launch/gazebo_sim.launch.py
[0.916s] -- Installing: /home/chairman/working/ros2/ROS2_learning/chapt7/chapt7_ws/install/fishbot_navigation2/share/fishbot_navigation2/urdf
[0.916s] -- Installing: /home/chairman/working/ros2/ROS2_learning/chapt7/chapt7_ws/install/fishbot_navigation2/share/fishbot_navigation2/urdf/first_robot.urdf
[0.916s] -- Installing: /home/chairman/working/ros2/ROS2_learning/chapt7/chapt7_ws/install/fishbot_navigation2/share/fishbot_navigation2/urdf/first_robot.pdf
[0.916s] -- Installing: /home/chairman/working/ros2/ROS2_learning/chapt7/chapt7_ws/install/fishbot_navigation2/share/fishbot_navigation2/urdf/fishbot
[0.916s] -- Installing: /home/chairman/working/ros2/ROS2_learning/chapt7/chapt7_ws/install/fishbot_navigation2/share/fishbot_navigation2/urdf/fishbot/sensor
[0.916s] -- Installing: /home/chairman/working/ros2/ROS2_learning/chapt7/chapt7_ws/install/fishbot_navigation2/share/fishbot_navigation2/urdf/fishbot/sensor/laser.urdf.xacro
[0.916s] -- Installing: /home/chairman/working/ros2/ROS2_learning/chapt7/chapt7_ws/install/fishbot_navigation2/share/fishbot_navigation2/urdf/fishbot/sensor/imu.urdf.xacro
[0.916s] -- Installing: /home/chairman/working/ros2/ROS2_learning/chapt7/chapt7_ws/install/fishbot_navigation2/share/fishbot_navigation2/urdf/fishbot/sensor/camera.urdf.xacro
[0.916s] -- Installing: /home/chairman/working/ros2/ROS2_learning/chapt7/chapt7_ws/install/fishbot_navigation2/share/fishbot_navigation2/urdf/fishbot/plugins
[0.916s] -- Installing: /home/chairman/working/ros2/ROS2_learning/chapt7/chapt7_ws/install/fishbot_navigation2/share/fishbot_navigation2/urdf/fishbot/plugins/gazebo_control_plugin.xacro
[0.916s] -- Installing: /home/chairman/working/ros2/ROS2_learning/chapt7/chapt7_ws/install/fishbot_navigation2/share/fishbot_navigation2/urdf/fishbot/plugins/gazebo_sensor_plugin.xacro
[0.916s] -- Installing: /home/chairman/working/ros2/ROS2_learning/chapt7/chapt7_ws/install/fishbot_navigation2/share/fishbot_navigation2/urdf/fishbot/fishbot.urdf.xacro
[0.916s] -- Installing: /home/chairman/working/ros2/ROS2_learning/chapt7/chapt7_ws/install/fishbot_navigation2/share/fishbot_navigation2/urdf/fishbot/actuator
[0.916s] -- Installing: /home/chairman/working/ros2/ROS2_learning/chapt7/chapt7_ws/install/fishbot_navigation2/share/fishbot_navigation2/urdf/fishbot/actuator/caster.urdf.xacro
[0.916s] -- Installing: /home/chairman/working/ros2/ROS2_learning/chapt7/chapt7_ws/install/fishbot_navigation2/share/fishbot_navigation2/urdf/fishbot/actuator/wheel.urdf.xacro
[0.917s] -- Installing: /home/chairman/working/ros2/ROS2_learning/chapt7/chapt7_ws/install/fishbot_navigation2/share/fishbot_navigation2/urdf/fishbot/common_inertia.xacro
[0.917s] -- Installing: /home/chairman/working/ros2/ROS2_learning/chapt7/chapt7_ws/install/fishbot_navigation2/share/fishbot_navigation2/urdf/fishbot/fishbot.ros2_control.xacro
[0.917s] -- Installing: /home/chairman/working/ros2/ROS2_learning/chapt7/chapt7_ws/install/fishbot_navigation2/share/fishbot_navigation2/urdf/fishbot/base.urdf.xacro
[0.917s] -- Installing: /home/chairman/working/ros2/ROS2_learning/chapt7/chapt7_ws/install/fishbot_navigation2/share/fishbot_navigation2/urdf/first_robot.urdf.xacro
[0.917s] -- Installing: /home/chairman/working/ros2/ROS2_learning/chapt7/chapt7_ws/install/fishbot_navigation2/share/fishbot_navigation2/urdf/first_robot.gv
[0.917s] -- Installing: /home/chairman/working/ros2/ROS2_learning/chapt7/chapt7_ws/install/fishbot_navigation2/share/fishbot_navigation2/config
[0.917s] -- Installing: /home/chairman/working/ros2/ROS2_learning/chapt7/chapt7_ws/install/fishbot_navigation2/share/fishbot_navigation2/config/fishbot_ros2_controller.yaml
[0.917s] -- Installing: /home/chairman/working/ros2/ROS2_learning/chapt7/chapt7_ws/install/fishbot_navigation2/share/fishbot_navigation2/config/rviz
[0.917s] -- Installing: /home/chairman/working/ros2/ROS2_learning/chapt7/chapt7_ws/install/fishbot_navigation2/share/fishbot_navigation2/config/rviz/display_model.rviz
[0.917s] -- Installing: /home/chairman/working/ros2/ROS2_learning/chapt7/chapt7_ws/install/fishbot_navigation2/share/fishbot_navigation2/config/nav2_params.yaml
[0.917s] -- Installing: /home/chairman/working/ros2/ROS2_learning/chapt7/chapt7_ws/install/fishbot_navigation2/share/fishbot_navigation2/world
[0.917s] -- Installing: /home/chairman/working/ros2/ROS2_learning/chapt7/chapt7_ws/install/fishbot_navigation2/share/fishbot_navigation2/world/custom_room.world
[0.917s] -- Installing: /home/chairman/working/ros2/ROS2_learning/chapt7/chapt7_ws/install/fishbot_navigation2/share/fishbot_navigation2/world/room
[0.917s] -- Installing: /home/chairman/working/ros2/ROS2_learning/chapt7/chapt7_ws/install/fishbot_navigation2/share/fishbot_navigation2/world/room/model.config
[0.917s] -- Installing: /home/chairman/working/ros2/ROS2_learning/chapt7/chapt7_ws/install/fishbot_navigation2/share/fishbot_navigation2/world/room/model.sdf
[0.917s] -- Installing: /home/chairman/working/ros2/ROS2_learning/chapt7/chapt7_ws/install/fishbot_navigation2/share/fishbot_navigation2/maps
[0.917s] -- Installing: /home/chairman/working/ros2/ROS2_learning/chapt7/chapt7_ws/install/fishbot_navigation2/share/fishbot_navigation2/maps/room.yaml
[0.917s] -- Installing: /home/chairman/working/ros2/ROS2_learning/chapt7/chapt7_ws/install/fishbot_navigation2/share/fishbot_navigation2/maps/room.pgm
[0.917s] -- Installing: /home/chairman/working/ros2/ROS2_learning/chapt7/chapt7_ws/install/fishbot_navigation2/share/ament_index/resource_index/package_run_dependencies/fishbot_navigation2
[0.917s] -- Installing: /home/chairman/working/ros2/ROS2_learning/chapt7/chapt7_ws/install/fishbot_navigation2/share/ament_index/resource_index/parent_prefix_path/fishbot_navigation2
[0.917s] -- Installing: /home/chairman/working/ros2/ROS2_learning/chapt7/chapt7_ws/install/fishbot_navigation2/share/fishbot_navigation2/environment/ament_prefix_path.sh
[0.917s] -- Installing: /home/chairman/working/ros2/ROS2_learning/chapt7/chapt7_ws/install/fishbot_navigation2/share/fishbot_navigation2/environment/ament_prefix_path.dsv
[0.917s] -- Installing: /home/chairman/working/ros2/ROS2_learning/chapt7/chapt7_ws/install/fishbot_navigation2/share/fishbot_navigation2/environment/path.sh
[0.917s] -- Installing: /home/chairman/working/ros2/ROS2_learning/chapt7/chapt7_ws/install/fishbot_navigation2/share/fishbot_navigation2/environment/path.dsv
[0.917s] -- Installing: /home/chairman/working/ros2/ROS2_learning/chapt7/chapt7_ws/install/fishbot_navigation2/share/fishbot_navigation2/local_setup.bash
[0.917s] -- Installing: /home/chairman/working/ros2/ROS2_learning/chapt7/chapt7_ws/install/fishbot_navigation2/share/fishbot_navigation2/local_setup.sh
[0.917s] -- Installing: /home/chairman/working/ros2/ROS2_learning/chapt7/chapt7_ws/install/fishbot_navigation2/share/fishbot_navigation2/local_setup.zsh
[0.917s] -- Installing: /home/chairman/working/ros2/ROS2_learning/chapt7/chapt7_ws/install/fishbot_navigation2/share/fishbot_navigation2/local_setup.dsv
[0.918s] -- Installing: /home/chairman/working/ros2/ROS2_learning/chapt7/chapt7_ws/install/fishbot_navigation2/share/fishbot_navigation2/package.dsv
[0.918s] -- Installing: /home/chairman/working/ros2/ROS2_learning/chapt7/chapt7_ws/install/fishbot_navigation2/share/ament_index/resource_index/packages/fishbot_navigation2
[0.918s] -- Installing: /home/chairman/working/ros2/ROS2_learning/chapt7/chapt7_ws/install/fishbot_navigation2/share/fishbot_navigation2/cmake/fishbot_navigation2Config.cmake
[0.918s] -- Installing: /home/chairman/working/ros2/ROS2_learning/chapt7/chapt7_ws/install/fishbot_navigation2/share/fishbot_navigation2/cmake/fishbot_navigation2Config-version.cmake
[0.918s] -- Installing: /home/chairman/working/ros2/ROS2_learning/chapt7/chapt7_ws/install/fishbot_navigation2/share/fishbot_navigation2/package.xml
[0.920s] Invoked command in '/home/chairman/working/ros2/ROS2_learning/chapt7/chapt7_ws/build/fishbot_navigation2' returned '0': CMAKE_PREFIX_PATH=${CMAKE_PREFIX_PATH}:/home/chairman/working/ros2/ROS2_learning/chapt7/chapt7_ws/install/fishbot_application:/home/chairman/working/ros2/ROS2_learning/chapt7/chapt7_ws/install/autopatrol_robot:/opt/ros/humble VIRTUAL_ENV_PROMPT=(venv) /usr/bin/cmake --install /home/chairman/working/ros2/ROS2_learning/chapt7/chapt7_ws/build/fishbot_navigation2
