[0.008s] Invoking command in '/home/chairman/working/ros2/learning/chapt2/chapt2_ws/src/build/demo_cpp_pkg': CMAKE_PREFIX_PATH=/opt/ros/humble CONDA_PROMPT_MODIFIER=(base) /usr/bin/cmake --build /home/chairman/working/ros2/learning/chapt2/chapt2_ws/src/build/demo_cpp_pkg -- -j28 -l28
[0.027s] -- Found rclcpp: 16.0.12 (/opt/ros/humble/share/rclcpp/cmake)
[0.145s] -- Found rosidl_generator_c: 3.1.6 (/opt/ros/humble/share/rosidl_generator_c/cmake)
[0.146s] -- Found rosidl_adapter: 3.1.6 (/opt/ros/humble/share/rosidl_adapter/cmake)
[0.150s] -- Found rosidl_generator_cpp: 3.1.6 (/opt/ros/humble/share/rosidl_generator_cpp/cmake)
[0.156s] -- Using all available rosidl_typesupport_c: rosidl_typesupport_fastrtps_c;rosidl_typesupport_introspection_c
[0.163s] -- Using all available rosidl_typesupport_cpp: rosidl_typesupport_fastrtps_cpp;rosidl_typesupport_introspection_cpp
[0.184s] -- Found rmw_implementation_cmake: 6.1.2 (/opt/ros/humble/share/rmw_implementation_cmake/cmake)
[0.185s] -- Found rmw_fastrtps_cpp: 6.2.7 (/opt/ros/humble/share/rmw_fastrtps_cpp/cmake)
[0.270s] -- Using RMW implementation 'rmw_fastrtps_cpp' as default
[0.312s] -- Found ament_lint_auto: 0.12.12 (/opt/ros/humble/share/ament_lint_auto/cmake)
[0.376s] -- Added test 'cppcheck' to perform static code analysis on C / C++ code
[0.376s] -- Configured cppcheck include dirs: 
[0.376s] -- Configured cppcheck exclude dirs and/or files: 
[0.376s] -- Added test 'lint_cmake' to check CMake code style
[0.376s] -- Added test 'uncrustify' to check C / C++ code style
[0.377s] -- Configured uncrustify additional arguments: 
[0.377s] -- Added test 'xmllint' to check XML markup files
[0.377s] -- Configuring done
[0.389s] -- Generating done
[0.394s] -- Build files have been written to: /home/chairman/working/ros2/learning/chapt2/chapt2_ws/src/build/demo_cpp_pkg
[0.414s] [35m[1mConsolidate compiler generated dependencies of target learn_auto[0m
[0.415s] [35m[1mConsolidate compiler generated dependencies of target learn_lambda[0m
[0.415s] [35m[1mConsolidate compiler generated dependencies of target learn_shared_ptr[0m
[0.415s] [35m[1mConsolidate compiler generated dependencies of target cpp_node[0m
[0.415s] [35m[1mConsolidate compiler generated dependencies of target person_node[0m
[0.422s] [  8%] [32mBuilding CXX object CMakeFiles/learn_function.dir/src/learn_function.cpp.o[0m
[0.424s] [ 41%] Built target learn_shared_ptr
[0.424s] [ 41%] Built target learn_lambda
[0.425s] [ 58%] Built target learn_auto
[0.428s] [ 75%] Built target cpp_node
[0.428s] [ 91%] Built target person_node
[0.700s] [100%] [32m[1mLinking CXX executable learn_function[0m
[0.765s] [100%] Built target learn_function
[0.777s] Invoked command in '/home/chairman/working/ros2/learning/chapt2/chapt2_ws/src/build/demo_cpp_pkg' returned '0': CMAKE_PREFIX_PATH=/opt/ros/humble CONDA_PROMPT_MODIFIER=(base) /usr/bin/cmake --build /home/chairman/working/ros2/learning/chapt2/chapt2_ws/src/build/demo_cpp_pkg -- -j28 -l28
[0.784s] Invoking command in '/home/chairman/working/ros2/learning/chapt2/chapt2_ws/src/build/demo_cpp_pkg': CMAKE_PREFIX_PATH=/opt/ros/humble CONDA_PROMPT_MODIFIER=(base) /usr/bin/cmake --install /home/chairman/working/ros2/learning/chapt2/chapt2_ws/src/build/demo_cpp_pkg
[0.791s] -- Install configuration: ""
[0.791s] -- Up-to-date: /home/chairman/working/ros2/learning/chapt2/chapt2_ws/src/install/demo_cpp_pkg/lib/demo_cpp_pkg/cpp_node
[0.791s] -- Up-to-date: /home/chairman/working/ros2/learning/chapt2/chapt2_ws/src/install/demo_cpp_pkg/lib/demo_cpp_pkg/person_node
[0.791s] -- Up-to-date: /home/chairman/working/ros2/learning/chapt2/chapt2_ws/src/install/demo_cpp_pkg/lib/demo_cpp_pkg/learn_auto
[0.791s] -- Up-to-date: /home/chairman/working/ros2/learning/chapt2/chapt2_ws/src/install/demo_cpp_pkg/lib/demo_cpp_pkg/learn_shared_ptr
[0.791s] -- Up-to-date: /home/chairman/working/ros2/learning/chapt2/chapt2_ws/src/install/demo_cpp_pkg/lib/demo_cpp_pkg/learn_lambda
[0.791s] -- Installing: /home/chairman/working/ros2/learning/chapt2/chapt2_ws/src/install/demo_cpp_pkg/lib/demo_cpp_pkg/learn_function
[0.792s] -- Set runtime path of "/home/chairman/working/ros2/learning/chapt2/chapt2_ws/src/install/demo_cpp_pkg/lib/demo_cpp_pkg/learn_function" to ""
[0.792s] -- Up-to-date: /home/chairman/working/ros2/learning/chapt2/chapt2_ws/src/install/demo_cpp_pkg/share/ament_index/resource_index/package_run_dependencies/demo_cpp_pkg
[0.792s] -- Up-to-date: /home/chairman/working/ros2/learning/chapt2/chapt2_ws/src/install/demo_cpp_pkg/share/ament_index/resource_index/parent_prefix_path/demo_cpp_pkg
[0.792s] -- Up-to-date: /home/chairman/working/ros2/learning/chapt2/chapt2_ws/src/install/demo_cpp_pkg/share/demo_cpp_pkg/environment/ament_prefix_path.sh
[0.792s] -- Installing: /home/chairman/working/ros2/learning/chapt2/chapt2_ws/src/install/demo_cpp_pkg/share/demo_cpp_pkg/environment/ament_prefix_path.dsv
[0.792s] -- Up-to-date: /home/chairman/working/ros2/learning/chapt2/chapt2_ws/src/install/demo_cpp_pkg/share/demo_cpp_pkg/environment/path.sh
[0.792s] -- Installing: /home/chairman/working/ros2/learning/chapt2/chapt2_ws/src/install/demo_cpp_pkg/share/demo_cpp_pkg/environment/path.dsv
[0.792s] -- Up-to-date: /home/chairman/working/ros2/learning/chapt2/chapt2_ws/src/install/demo_cpp_pkg/share/demo_cpp_pkg/local_setup.bash
[0.792s] -- Up-to-date: /home/chairman/working/ros2/learning/chapt2/chapt2_ws/src/install/demo_cpp_pkg/share/demo_cpp_pkg/local_setup.sh
[0.792s] -- Up-to-date: /home/chairman/working/ros2/learning/chapt2/chapt2_ws/src/install/demo_cpp_pkg/share/demo_cpp_pkg/local_setup.zsh
[0.792s] -- Installing: /home/chairman/working/ros2/learning/chapt2/chapt2_ws/src/install/demo_cpp_pkg/share/demo_cpp_pkg/local_setup.dsv
[0.792s] -- Installing: /home/chairman/working/ros2/learning/chapt2/chapt2_ws/src/install/demo_cpp_pkg/share/demo_cpp_pkg/package.dsv
[0.792s] -- Up-to-date: /home/chairman/working/ros2/learning/chapt2/chapt2_ws/src/install/demo_cpp_pkg/share/ament_index/resource_index/packages/demo_cpp_pkg
[0.792s] -- Up-to-date: /home/chairman/working/ros2/learning/chapt2/chapt2_ws/src/install/demo_cpp_pkg/share/demo_cpp_pkg/cmake/demo_cpp_pkgConfig.cmake
[0.792s] -- Up-to-date: /home/chairman/working/ros2/learning/chapt2/chapt2_ws/src/install/demo_cpp_pkg/share/demo_cpp_pkg/cmake/demo_cpp_pkgConfig-version.cmake
[0.792s] -- Up-to-date: /home/chairman/working/ros2/learning/chapt2/chapt2_ws/src/install/demo_cpp_pkg/share/demo_cpp_pkg/package.xml
[0.793s] Invoked command in '/home/chairman/working/ros2/learning/chapt2/chapt2_ws/src/build/demo_cpp_pkg' returned '0': CMAKE_PREFIX_PATH=/opt/ros/humble CONDA_PROMPT_MODIFIER=(base) /usr/bin/cmake --install /home/chairman/working/ros2/learning/chapt2/chapt2_ws/src/build/demo_cpp_pkg
