[0.062s] DEBUG:colcon:Command line arguments: ['/usr/bin/colcon', 'build', '--packages-select', 'demo_python_pkg']
[0.062s] DEBUG:colcon:Parsed command line arguments: Namespace(log_base=None, log_level=None, verb_name='build', build_base='build', install_base='install', merge_install=False, symlink_install=False, test_result_base=None, continue_on_error=False, executor='parallel', parallel_workers=28, event_handlers=None, ignore_user_meta=False, metas=['./colcon.meta'], base_paths=['.'], packages_ignore=None, packages_ignore_regex=None, paths=None, packages_up_to=None, packages_up_to_regex=None, packages_above=None, packages_above_and_dependencies=None, packages_above_depth=None, packages_select_by_dep=None, packages_skip_by_dep=None, packages_skip_up_to=None, packages_select_build_failed=False, packages_skip_build_finished=False, packages_select_test_failures=False, packages_skip_test_passed=False, packages_select=['demo_python_pkg'], packages_skip=None, packages_select_regex=None, packages_skip_regex=None, packages_start=None, packages_end=None, allow_overriding=[], cmake_args=None, cmake_target=None, cmake_target_skip_unavailable=False, cmake_clean_cache=False, cmake_clean_first=False, cmake_force_configure=False, ament_cmake_args=None, catkin_cmake_args=None, catkin_skip_building_tests=False, verb_parser=<colcon_defaults.argument_parser.defaults.DefaultArgumentsDecorator object at 0x71f48fd2cbb0>, verb_extension=<colcon_core.verb.build.BuildVerb object at 0x71f48fe65f90>, main=<bound method BuildVerb.main of <colcon_core.verb.build.BuildVerb object at 0x71f48fe65f90>>)
[0.156s] Level 1:colcon.colcon_core.package_discovery:discover_packages(colcon_meta) check parameters
[0.156s] Level 1:colcon.colcon_core.package_discovery:discover_packages(recursive) check parameters
[0.156s] Level 1:colcon.colcon_core.package_discovery:discover_packages(ignore) check parameters
[0.156s] Level 1:colcon.colcon_core.package_discovery:discover_packages(path) check parameters
[0.156s] Level 1:colcon.colcon_core.package_discovery:discover_packages(colcon_meta) discover
[0.156s] Level 1:colcon.colcon_core.package_discovery:discover_packages(recursive) discover
[0.156s] INFO:colcon.colcon_core.package_discovery:Crawling recursively for packages in '/home/chairman/working/ros2/learning/chapt2/chapt2_ws/src'
[0.156s] Level 1:colcon.colcon_core.package_identification:_identify(.) by extensions ['ignore', 'ignore_ament_install']
[0.156s] Level 1:colcon.colcon_core.package_identification:_identify(.) by extension 'ignore'
[0.156s] Level 1:colcon.colcon_core.package_identification:_identify(.) by extension 'ignore_ament_install'
[0.156s] Level 1:colcon.colcon_core.package_identification:_identify(.) by extensions ['colcon_pkg']
[0.156s] Level 1:colcon.colcon_core.package_identification:_identify(.) by extension 'colcon_pkg'
[0.156s] Level 1:colcon.colcon_core.package_identification:_identify(.) by extensions ['colcon_meta']
[0.156s] Level 1:colcon.colcon_core.package_identification:_identify(.) by extension 'colcon_meta'
[0.156s] Level 1:colcon.colcon_core.package_identification:_identify(.) by extensions ['ros']
[0.156s] Level 1:colcon.colcon_core.package_identification:_identify(.) by extension 'ros'
[0.163s] Level 1:colcon.colcon_core.package_identification:_identify(.) by extensions ['cmake', 'python']
[0.163s] Level 1:colcon.colcon_core.package_identification:_identify(.) by extension 'cmake'
[0.163s] Level 1:colcon.colcon_core.package_identification:_identify(.) by extension 'python'
[0.163s] Level 1:colcon.colcon_core.package_identification:_identify(.) by extensions ['python_setup_py']
[0.163s] Level 1:colcon.colcon_core.package_identification:_identify(.) by extension 'python_setup_py'
[0.164s] Level 1:colcon.colcon_core.package_identification:_identify(build) by extensions ['ignore', 'ignore_ament_install']
[0.164s] Level 1:colcon.colcon_core.package_identification:_identify(build) by extension 'ignore'
[0.164s] Level 1:colcon.colcon_core.package_identification:_identify(build) ignored
[0.164s] Level 1:colcon.colcon_core.package_identification:_identify(demo_cpp_pkg) by extensions ['ignore', 'ignore_ament_install']
[0.164s] Level 1:colcon.colcon_core.package_identification:_identify(demo_cpp_pkg) by extension 'ignore'
[0.164s] Level 1:colcon.colcon_core.package_identification:_identify(demo_cpp_pkg) by extension 'ignore_ament_install'
[0.164s] Level 1:colcon.colcon_core.package_identification:_identify(demo_cpp_pkg) by extensions ['colcon_pkg']
[0.164s] Level 1:colcon.colcon_core.package_identification:_identify(demo_cpp_pkg) by extension 'colcon_pkg'
[0.164s] Level 1:colcon.colcon_core.package_identification:_identify(demo_cpp_pkg) by extensions ['colcon_meta']
[0.164s] Level 1:colcon.colcon_core.package_identification:_identify(demo_cpp_pkg) by extension 'colcon_meta'
[0.164s] Level 1:colcon.colcon_core.package_identification:_identify(demo_cpp_pkg) by extensions ['ros']
[0.164s] Level 1:colcon.colcon_core.package_identification:_identify(demo_cpp_pkg) by extension 'ros'
[0.165s] DEBUG:colcon.colcon_core.package_identification:Package 'demo_cpp_pkg' with type 'ros.ament_cmake' and name 'demo_cpp_pkg'
[0.165s] Level 1:colcon.colcon_core.package_identification:_identify(demo_python_pkg) by extensions ['ignore', 'ignore_ament_install']
[0.165s] Level 1:colcon.colcon_core.package_identification:_identify(demo_python_pkg) by extension 'ignore'
[0.166s] Level 1:colcon.colcon_core.package_identification:_identify(demo_python_pkg) by extension 'ignore_ament_install'
[0.166s] Level 1:colcon.colcon_core.package_identification:_identify(demo_python_pkg) by extensions ['colcon_pkg']
[0.166s] Level 1:colcon.colcon_core.package_identification:_identify(demo_python_pkg) by extension 'colcon_pkg'
[0.166s] Level 1:colcon.colcon_core.package_identification:_identify(demo_python_pkg) by extensions ['colcon_meta']
[0.166s] Level 1:colcon.colcon_core.package_identification:_identify(demo_python_pkg) by extension 'colcon_meta'
[0.166s] Level 1:colcon.colcon_core.package_identification:_identify(demo_python_pkg) by extensions ['ros']
[0.166s] Level 1:colcon.colcon_core.package_identification:_identify(demo_python_pkg) by extension 'ros'
[0.166s] DEBUG:colcon.colcon_core.package_identification:Package 'demo_python_pkg' with type 'ros.ament_python' and name 'demo_python_pkg'
[0.166s] Level 1:colcon.colcon_core.package_identification:_identify(install) by extensions ['ignore', 'ignore_ament_install']
[0.166s] Level 1:colcon.colcon_core.package_identification:_identify(install) by extension 'ignore'
[0.166s] Level 1:colcon.colcon_core.package_identification:_identify(install) ignored
[0.166s] Level 1:colcon.colcon_core.package_identification:_identify(log) by extensions ['ignore', 'ignore_ament_install']
[0.166s] Level 1:colcon.colcon_core.package_identification:_identify(log) by extension 'ignore'
[0.166s] Level 1:colcon.colcon_core.package_identification:_identify(log) ignored
[0.166s] Level 1:colcon.colcon_core.package_discovery:discover_packages(recursive) using defaults
[0.166s] Level 1:colcon.colcon_core.package_discovery:discover_packages(ignore) discover
[0.166s] Level 1:colcon.colcon_core.package_discovery:discover_packages(ignore) using defaults
[0.166s] Level 1:colcon.colcon_core.package_discovery:discover_packages(path) discover
[0.166s] Level 1:colcon.colcon_core.package_discovery:discover_packages(path) using defaults
[0.184s] INFO:colcon.colcon_core.package_selection:Skipping not selected package 'demo_cpp_pkg' in 'demo_cpp_pkg'
[0.184s] Level 1:colcon.colcon_core.package_discovery:discover_packages(prefix_path) check parameters
[0.184s] Level 1:colcon.colcon_core.package_discovery:discover_packages(prefix_path) discover
[0.184s] WARNING:colcon.colcon_core.prefix_path.colcon:The path '/home/chairman/working/ros2/learning/chapt2/install' in the environment variable COLCON_PREFIX_PATH doesn't exist
[0.184s] WARNING:colcon.colcon_ros.prefix_path.ament:The path '/home/chairman/working/ros2/learning/chapt2/install/demo_cpp_pkg' in the environment variable AMENT_PREFIX_PATH doesn't exist
[0.184s] WARNING:colcon.colcon_ros.prefix_path.ament:The path '/home/chairman/working/ros2/learning/chapt2/install/demo_python_pkg' in the environment variable AMENT_PREFIX_PATH doesn't exist
[0.185s] WARNING:colcon.colcon_ros.prefix_path.catkin:The path '/home/chairman/working/ros2/learning/chapt2/install/demo_cpp_pkg' in the environment variable CMAKE_PREFIX_PATH doesn't exist
[0.185s] DEBUG:colcon.colcon_installed_package_information.package_discovery:Found 2 installed packages in /home/chairman/working/ros2/learning/chapt2/chapt2_ws/src/install
[0.186s] DEBUG:colcon.colcon_installed_package_information.package_discovery:Found 384 installed packages in /opt/ros/humble
[0.187s] Level 1:colcon.colcon_core.package_discovery:discover_packages(prefix_path) using defaults
[0.216s] Level 5:colcon.colcon_core.verb:set package 'demo_python_pkg' build argument 'cmake_args' from command line to 'None'
[0.216s] Level 5:colcon.colcon_core.verb:set package 'demo_python_pkg' build argument 'cmake_target' from command line to 'None'
[0.216s] Level 5:colcon.colcon_core.verb:set package 'demo_python_pkg' build argument 'cmake_target_skip_unavailable' from command line to 'False'
[0.216s] Level 5:colcon.colcon_core.verb:set package 'demo_python_pkg' build argument 'cmake_clean_cache' from command line to 'False'
[0.216s] Level 5:colcon.colcon_core.verb:set package 'demo_python_pkg' build argument 'cmake_clean_first' from command line to 'False'
[0.216s] Level 5:colcon.colcon_core.verb:set package 'demo_python_pkg' build argument 'cmake_force_configure' from command line to 'False'
[0.216s] Level 5:colcon.colcon_core.verb:set package 'demo_python_pkg' build argument 'ament_cmake_args' from command line to 'None'
[0.216s] Level 5:colcon.colcon_core.verb:set package 'demo_python_pkg' build argument 'catkin_cmake_args' from command line to 'None'
[0.216s] Level 5:colcon.colcon_core.verb:set package 'demo_python_pkg' build argument 'catkin_skip_building_tests' from command line to 'False'
[0.216s] DEBUG:colcon.colcon_core.verb:Building package 'demo_python_pkg' with the following arguments: {'ament_cmake_args': None, 'build_base': '/home/chairman/working/ros2/learning/chapt2/chapt2_ws/src/build/demo_python_pkg', 'catkin_cmake_args': None, 'catkin_skip_building_tests': False, 'cmake_args': None, 'cmake_clean_cache': False, 'cmake_clean_first': False, 'cmake_force_configure': False, 'cmake_target': None, 'cmake_target_skip_unavailable': False, 'install_base': '/home/chairman/working/ros2/learning/chapt2/chapt2_ws/src/install/demo_python_pkg', 'merge_install': False, 'path': '/home/chairman/working/ros2/learning/chapt2/chapt2_ws/src/demo_python_pkg', 'symlink_install': False, 'test_result_base': None}
[0.216s] INFO:colcon.colcon_core.executor:Executing jobs using 'parallel' executor
[0.217s] DEBUG:colcon.colcon_parallel_executor.executor.parallel:run_until_complete
[0.217s] INFO:colcon.colcon_ros.task.ament_python.build:Building ROS package in '/home/chairman/working/ros2/learning/chapt2/chapt2_ws/src/demo_python_pkg' with build type 'ament_python'
[0.217s] Level 1:colcon.colcon_core.shell:create_environment_hook('demo_python_pkg', 'ament_prefix_path')
[0.218s] INFO:colcon.colcon_core.plugin_system:Skipping extension 'colcon_core.shell.bat': Not used on non-Windows systems
[0.218s] INFO:colcon.colcon_core.shell:Creating environment hook '/home/chairman/working/ros2/learning/chapt2/chapt2_ws/src/install/demo_python_pkg/share/demo_python_pkg/hook/ament_prefix_path.ps1'
[0.219s] INFO:colcon.colcon_core.shell:Creating environment descriptor '/home/chairman/working/ros2/learning/chapt2/chapt2_ws/src/install/demo_python_pkg/share/demo_python_pkg/hook/ament_prefix_path.dsv'
[0.219s] INFO:colcon.colcon_core.shell:Creating environment hook '/home/chairman/working/ros2/learning/chapt2/chapt2_ws/src/install/demo_python_pkg/share/demo_python_pkg/hook/ament_prefix_path.sh'
[0.219s] INFO:colcon.colcon_core.shell:Skip shell extension 'powershell' for command environment: Not usable outside of PowerShell
[0.219s] DEBUG:colcon.colcon_core.shell:Skip shell extension 'dsv' for command environment
[0.370s] INFO:colcon.colcon_core.task.python.build:Building Python package in '/home/chairman/working/ros2/learning/chapt2/chapt2_ws/src/demo_python_pkg'
[0.371s] INFO:colcon.colcon_core.shell:Skip shell extension 'powershell' for command environment: Not usable outside of PowerShell
[0.371s] DEBUG:colcon.colcon_core.shell:Skip shell extension 'dsv' for command environment
[0.584s] DEBUG:colcon.colcon_core.event_handler.log_command:Invoking command in '/home/chairman/working/ros2/learning/chapt2/chapt2_ws/src/demo_python_pkg': CONDA_PROMPT_MODIFIER=(base) PYTHONPATH=/home/chairman/working/ros2/learning/chapt2/chapt2_ws/src/build/demo_python_pkg/prefix_override:/usr/lib/python3/dist-packages/colcon_core/task/python/colcon_distutils_commands:/home/chairman/working/ros2/learning/chapt2/chapt2_ws/src/install/demo_python_pkg/lib/python3.10/site-packages:${PYTHONPATH} /usr/bin/python3 -W ignore:setup.py install is deprecated -W ignore:easy_install command is deprecated setup.py egg_info --egg-base ../build/demo_python_pkg build --build-base /home/chairman/working/ros2/learning/chapt2/chapt2_ws/src/build/demo_python_pkg/build install --record /home/chairman/working/ros2/learning/chapt2/chapt2_ws/src/build/demo_python_pkg/install.log --single-version-externally-managed install_data
[0.755s] DEBUG:colcon.colcon_core.event_handler.log_command:Invoked command in '/home/chairman/working/ros2/learning/chapt2/chapt2_ws/src/demo_python_pkg' returned '0': CONDA_PROMPT_MODIFIER=(base) PYTHONPATH=/home/chairman/working/ros2/learning/chapt2/chapt2_ws/src/build/demo_python_pkg/prefix_override:/usr/lib/python3/dist-packages/colcon_core/task/python/colcon_distutils_commands:/home/chairman/working/ros2/learning/chapt2/chapt2_ws/src/install/demo_python_pkg/lib/python3.10/site-packages:${PYTHONPATH} /usr/bin/python3 -W ignore:setup.py install is deprecated -W ignore:easy_install command is deprecated setup.py egg_info --egg-base ../build/demo_python_pkg build --build-base /home/chairman/working/ros2/learning/chapt2/chapt2_ws/src/build/demo_python_pkg/build install --record /home/chairman/working/ros2/learning/chapt2/chapt2_ws/src/build/demo_python_pkg/install.log --single-version-externally-managed install_data
[0.757s] Level 1:colcon.colcon_core.environment:checking '/home/chairman/working/ros2/learning/chapt2/chapt2_ws/src/install/demo_python_pkg' for CMake module files
[0.757s] Level 1:colcon.colcon_core.environment:checking '/home/chairman/working/ros2/learning/chapt2/chapt2_ws/src/install/demo_python_pkg' for CMake config files
[0.757s] Level 1:colcon.colcon_core.environment:checking '/home/chairman/working/ros2/learning/chapt2/chapt2_ws/src/install/demo_python_pkg/lib'
[0.757s] Level 1:colcon.colcon_core.environment:checking '/home/chairman/working/ros2/learning/chapt2/chapt2_ws/src/install/demo_python_pkg/bin'
[0.757s] Level 1:colcon.colcon_core.environment:checking '/home/chairman/working/ros2/learning/chapt2/chapt2_ws/src/install/demo_python_pkg/lib/pkgconfig/demo_python_pkg.pc'
[0.758s] Level 1:colcon.colcon_core.environment:checking '/home/chairman/working/ros2/learning/chapt2/chapt2_ws/src/install/demo_python_pkg/lib/python3.10/site-packages'
[0.758s] Level 1:colcon.colcon_core.shell:create_environment_hook('demo_python_pkg', 'pythonpath')
[0.758s] INFO:colcon.colcon_core.shell:Creating environment hook '/home/chairman/working/ros2/learning/chapt2/chapt2_ws/src/install/demo_python_pkg/share/demo_python_pkg/hook/pythonpath.ps1'
[0.758s] INFO:colcon.colcon_core.shell:Creating environment descriptor '/home/chairman/working/ros2/learning/chapt2/chapt2_ws/src/install/demo_python_pkg/share/demo_python_pkg/hook/pythonpath.dsv'
[0.758s] INFO:colcon.colcon_core.shell:Creating environment hook '/home/chairman/working/ros2/learning/chapt2/chapt2_ws/src/install/demo_python_pkg/share/demo_python_pkg/hook/pythonpath.sh'
[0.759s] Level 1:colcon.colcon_core.environment:checking '/home/chairman/working/ros2/learning/chapt2/chapt2_ws/src/install/demo_python_pkg/bin'
[0.759s] Level 1:colcon.colcon_core.environment:create_environment_scripts_only(demo_python_pkg)
[0.759s] INFO:colcon.colcon_core.shell:Creating package script '/home/chairman/working/ros2/learning/chapt2/chapt2_ws/src/install/demo_python_pkg/share/demo_python_pkg/package.ps1'
[0.759s] INFO:colcon.colcon_core.shell:Creating package descriptor '/home/chairman/working/ros2/learning/chapt2/chapt2_ws/src/install/demo_python_pkg/share/demo_python_pkg/package.dsv'
[0.760s] INFO:colcon.colcon_core.shell:Creating package script '/home/chairman/working/ros2/learning/chapt2/chapt2_ws/src/install/demo_python_pkg/share/demo_python_pkg/package.sh'
[0.760s] INFO:colcon.colcon_core.shell:Creating package script '/home/chairman/working/ros2/learning/chapt2/chapt2_ws/src/install/demo_python_pkg/share/demo_python_pkg/package.bash'
[0.760s] INFO:colcon.colcon_core.shell:Creating package script '/home/chairman/working/ros2/learning/chapt2/chapt2_ws/src/install/demo_python_pkg/share/demo_python_pkg/package.zsh'
[0.761s] Level 1:colcon.colcon_core.environment:create_file_with_runtime_dependencies(/home/chairman/working/ros2/learning/chapt2/chapt2_ws/src/install/demo_python_pkg/share/colcon-core/packages/demo_python_pkg)
[0.761s] DEBUG:colcon.colcon_parallel_executor.executor.parallel:closing loop
[0.761s] DEBUG:colcon.colcon_parallel_executor.executor.parallel:loop closed
[0.761s] DEBUG:colcon.colcon_parallel_executor.executor.parallel:run_until_complete finished with '0'
[0.761s] DEBUG:colcon.colcon_core.event_reactor:joining thread
[0.764s] INFO:colcon.colcon_core.plugin_system:Skipping extension 'colcon_notification.desktop_notification.terminal_notifier': Not used on non-Darwin systems
[0.764s] INFO:colcon.colcon_core.plugin_system:Skipping extension 'colcon_notification.desktop_notification.win32': Not used on non-Windows systems
[0.764s] INFO:colcon.colcon_notification.desktop_notification:Sending desktop notification using 'notify2'
[0.773s] DEBUG:colcon.colcon_core.event_reactor:joined thread
[0.773s] INFO:colcon.colcon_core.shell:Creating prefix script '/home/chairman/working/ros2/learning/chapt2/chapt2_ws/src/install/local_setup.ps1'
[0.774s] INFO:colcon.colcon_core.shell:Creating prefix util module '/home/chairman/working/ros2/learning/chapt2/chapt2_ws/src/install/_local_setup_util_ps1.py'
[0.775s] INFO:colcon.colcon_core.shell:Creating prefix chain script '/home/chairman/working/ros2/learning/chapt2/chapt2_ws/src/install/setup.ps1'
[0.775s] INFO:colcon.colcon_core.shell:Creating prefix script '/home/chairman/working/ros2/learning/chapt2/chapt2_ws/src/install/local_setup.sh'
[0.776s] INFO:colcon.colcon_core.shell:Creating prefix util module '/home/chairman/working/ros2/learning/chapt2/chapt2_ws/src/install/_local_setup_util_sh.py'
[0.776s] INFO:colcon.colcon_core.shell:Creating prefix chain script '/home/chairman/working/ros2/learning/chapt2/chapt2_ws/src/install/setup.sh'
[0.777s] INFO:colcon.colcon_core.shell:Creating prefix script '/home/chairman/working/ros2/learning/chapt2/chapt2_ws/src/install/local_setup.bash'
[0.777s] INFO:colcon.colcon_core.shell:Creating prefix chain script '/home/chairman/working/ros2/learning/chapt2/chapt2_ws/src/install/setup.bash'
[0.778s] INFO:colcon.colcon_core.shell:Creating prefix script '/home/chairman/working/ros2/learning/chapt2/chapt2_ws/src/install/local_setup.zsh'
[0.779s] INFO:colcon.colcon_core.shell:Creating prefix chain script '/home/chairman/working/ros2/learning/chapt2/chapt2_ws/src/install/setup.zsh'
