[0.100s] DEBUG:colcon:Command line arguments: ['/usr/bin/colcon', 'build']
[0.101s] DEBUG:colcon:Parsed command line arguments: Namespace(log_base=None, log_level=None, verb_name='build', build_base='build', install_base='install', merge_install=False, symlink_install=False, test_result_base=None, continue_on_error=False, executor='parallel', parallel_workers=28, event_handlers=None, ignore_user_meta=False, metas=['./colcon.meta'], base_paths=['.'], packages_ignore=None, packages_ignore_regex=None, paths=None, packages_up_to=None, packages_up_to_regex=None, packages_above=None, packages_above_and_dependencies=None, packages_above_depth=None, packages_select_by_dep=None, packages_skip_by_dep=None, packages_skip_up_to=None, packages_select_build_failed=False, packages_skip_build_finished=False, packages_select_test_failures=False, packages_skip_test_passed=False, packages_select=None, packages_skip=None, packages_select_regex=None, packages_skip_regex=None, packages_start=None, packages_end=None, allow_overriding=[], cmake_args=None, cmake_target=None, cmake_target_skip_unavailable=False, cmake_clean_cache=False, cmake_clean_first=False, cmake_force_configure=False, ament_cmake_args=None, catkin_cmake_args=None, catkin_skip_building_tests=False, verb_parser=<colcon_defaults.argument_parser.defaults.DefaultArgumentsDecorator object at 0x724d27a58580>, verb_extension=<colcon_core.verb.build.BuildVerb object at 0x724d27a2ff70>, main=<bound method BuildVerb.main of <colcon_core.verb.build.BuildVerb object at 0x724d27a2ff70>>)
[0.282s] Level 1:colcon.colcon_core.package_discovery:discover_packages(colcon_meta) check parameters
[0.282s] Level 1:colcon.colcon_core.package_discovery:discover_packages(recursive) check parameters
[0.282s] Level 1:colcon.colcon_core.package_discovery:discover_packages(ignore) check parameters
[0.282s] Level 1:colcon.colcon_core.package_discovery:discover_packages(path) check parameters
[0.282s] Level 1:colcon.colcon_core.package_discovery:discover_packages(colcon_meta) discover
[0.282s] Level 1:colcon.colcon_core.package_discovery:discover_packages(recursive) discover
[0.282s] INFO:colcon.colcon_core.package_discovery:Crawling recursively for packages in '/home/chairman/working/ros2/learning/chapt5/chapt5_ws/src'
[0.282s] Level 1:colcon.colcon_core.package_identification:_identify(.) by extensions ['ignore', 'ignore_ament_install']
[0.282s] Level 1:colcon.colcon_core.package_identification:_identify(.) by extension 'ignore'
[0.282s] Level 1:colcon.colcon_core.package_identification:_identify(.) by extension 'ignore_ament_install'
[0.282s] Level 1:colcon.colcon_core.package_identification:_identify(.) by extensions ['colcon_pkg']
[0.282s] Level 1:colcon.colcon_core.package_identification:_identify(.) by extension 'colcon_pkg'
[0.282s] Level 1:colcon.colcon_core.package_identification:_identify(.) by extensions ['colcon_meta']
[0.282s] Level 1:colcon.colcon_core.package_identification:_identify(.) by extension 'colcon_meta'
[0.282s] Level 1:colcon.colcon_core.package_identification:_identify(.) by extensions ['ros']
[0.283s] Level 1:colcon.colcon_core.package_identification:_identify(.) by extension 'ros'
[0.291s] Level 1:colcon.colcon_core.package_identification:_identify(.) by extensions ['cmake', 'python']
[0.291s] Level 1:colcon.colcon_core.package_identification:_identify(.) by extension 'cmake'
[0.291s] Level 1:colcon.colcon_core.package_identification:_identify(.) by extension 'python'
[0.291s] Level 1:colcon.colcon_core.package_identification:_identify(.) by extensions ['python_setup_py']
[0.291s] Level 1:colcon.colcon_core.package_identification:_identify(.) by extension 'python_setup_py'
[0.291s] Level 1:colcon.colcon_core.package_identification:_identify(build) by extensions ['ignore', 'ignore_ament_install']
[0.291s] Level 1:colcon.colcon_core.package_identification:_identify(build) by extension 'ignore'
[0.291s] Level 1:colcon.colcon_core.package_identification:_identify(build) ignored
[0.291s] Level 1:colcon.colcon_core.package_identification:_identify(demo_cpp_tf) by extensions ['ignore', 'ignore_ament_install']
[0.291s] Level 1:colcon.colcon_core.package_identification:_identify(demo_cpp_tf) by extension 'ignore'
[0.291s] Level 1:colcon.colcon_core.package_identification:_identify(demo_cpp_tf) by extension 'ignore_ament_install'
[0.291s] Level 1:colcon.colcon_core.package_identification:_identify(demo_cpp_tf) by extensions ['colcon_pkg']
[0.291s] Level 1:colcon.colcon_core.package_identification:_identify(demo_cpp_tf) by extension 'colcon_pkg'
[0.291s] Level 1:colcon.colcon_core.package_identification:_identify(demo_cpp_tf) by extensions ['colcon_meta']
[0.291s] Level 1:colcon.colcon_core.package_identification:_identify(demo_cpp_tf) by extension 'colcon_meta'
[0.291s] Level 1:colcon.colcon_core.package_identification:_identify(demo_cpp_tf) by extensions ['ros']
[0.291s] Level 1:colcon.colcon_core.package_identification:_identify(demo_cpp_tf) by extension 'ros'
[0.293s] DEBUG:colcon.colcon_core.package_identification:Package 'demo_cpp_tf' with type 'ros.ament_cmake' and name 'demo_cpp_tf'
[0.294s] Level 1:colcon.colcon_core.package_identification:_identify(demo_python_tf) by extensions ['ignore', 'ignore_ament_install']
[0.294s] Level 1:colcon.colcon_core.package_identification:_identify(demo_python_tf) by extension 'ignore'
[0.294s] Level 1:colcon.colcon_core.package_identification:_identify(demo_python_tf) by extension 'ignore_ament_install'
[0.294s] Level 1:colcon.colcon_core.package_identification:_identify(demo_python_tf) by extensions ['colcon_pkg']
[0.294s] Level 1:colcon.colcon_core.package_identification:_identify(demo_python_tf) by extension 'colcon_pkg'
[0.294s] Level 1:colcon.colcon_core.package_identification:_identify(demo_python_tf) by extensions ['colcon_meta']
[0.294s] Level 1:colcon.colcon_core.package_identification:_identify(demo_python_tf) by extension 'colcon_meta'
[0.294s] Level 1:colcon.colcon_core.package_identification:_identify(demo_python_tf) by extensions ['ros']
[0.294s] Level 1:colcon.colcon_core.package_identification:_identify(demo_python_tf) by extension 'ros'
[0.295s] DEBUG:colcon.colcon_core.package_identification:Package 'demo_python_tf' with type 'ros.ament_python' and name 'demo_python_tf'
[0.295s] Level 1:colcon.colcon_core.package_identification:_identify(install) by extensions ['ignore', 'ignore_ament_install']
[0.295s] Level 1:colcon.colcon_core.package_identification:_identify(install) by extension 'ignore'
[0.295s] Level 1:colcon.colcon_core.package_identification:_identify(install) ignored
[0.295s] Level 1:colcon.colcon_core.package_identification:_identify(log) by extensions ['ignore', 'ignore_ament_install']
[0.295s] Level 1:colcon.colcon_core.package_identification:_identify(log) by extension 'ignore'
[0.295s] Level 1:colcon.colcon_core.package_identification:_identify(log) ignored
[0.295s] Level 1:colcon.colcon_core.package_discovery:discover_packages(recursive) using defaults
[0.295s] Level 1:colcon.colcon_core.package_discovery:discover_packages(ignore) discover
[0.295s] Level 1:colcon.colcon_core.package_discovery:discover_packages(ignore) using defaults
[0.295s] Level 1:colcon.colcon_core.package_discovery:discover_packages(path) discover
[0.295s] Level 1:colcon.colcon_core.package_discovery:discover_packages(path) using defaults
[0.317s] Level 1:colcon.colcon_core.package_discovery:discover_packages(prefix_path) check parameters
[0.317s] Level 1:colcon.colcon_core.package_discovery:discover_packages(prefix_path) discover
[0.320s] DEBUG:colcon.colcon_installed_package_information.package_discovery:Found 384 installed packages in /opt/ros/humble
[0.321s] Level 1:colcon.colcon_core.package_discovery:discover_packages(prefix_path) using defaults
[0.348s] Level 5:colcon.colcon_core.verb:set package 'demo_cpp_tf' build argument 'cmake_args' from command line to 'None'
[0.349s] Level 5:colcon.colcon_core.verb:set package 'demo_cpp_tf' build argument 'cmake_target' from command line to 'None'
[0.349s] Level 5:colcon.colcon_core.verb:set package 'demo_cpp_tf' build argument 'cmake_target_skip_unavailable' from command line to 'False'
[0.349s] Level 5:colcon.colcon_core.verb:set package 'demo_cpp_tf' build argument 'cmake_clean_cache' from command line to 'False'
[0.349s] Level 5:colcon.colcon_core.verb:set package 'demo_cpp_tf' build argument 'cmake_clean_first' from command line to 'False'
[0.349s] Level 5:colcon.colcon_core.verb:set package 'demo_cpp_tf' build argument 'cmake_force_configure' from command line to 'False'
[0.349s] Level 5:colcon.colcon_core.verb:set package 'demo_cpp_tf' build argument 'ament_cmake_args' from command line to 'None'
[0.349s] Level 5:colcon.colcon_core.verb:set package 'demo_cpp_tf' build argument 'catkin_cmake_args' from command line to 'None'
[0.349s] Level 5:colcon.colcon_core.verb:set package 'demo_cpp_tf' build argument 'catkin_skip_building_tests' from command line to 'False'
[0.349s] DEBUG:colcon.colcon_core.verb:Building package 'demo_cpp_tf' with the following arguments: {'ament_cmake_args': None, 'build_base': '/home/chairman/working/ros2/learning/chapt5/chapt5_ws/src/build/demo_cpp_tf', 'catkin_cmake_args': None, 'catkin_skip_building_tests': False, 'cmake_args': None, 'cmake_clean_cache': False, 'cmake_clean_first': False, 'cmake_force_configure': False, 'cmake_target': None, 'cmake_target_skip_unavailable': False, 'install_base': '/home/chairman/working/ros2/learning/chapt5/chapt5_ws/src/install/demo_cpp_tf', 'merge_install': False, 'path': '/home/chairman/working/ros2/learning/chapt5/chapt5_ws/src/demo_cpp_tf', 'symlink_install': False, 'test_result_base': None}
[0.349s] Level 5:colcon.colcon_core.verb:set package 'demo_python_tf' build argument 'cmake_args' from command line to 'None'
[0.349s] Level 5:colcon.colcon_core.verb:set package 'demo_python_tf' build argument 'cmake_target' from command line to 'None'
[0.349s] Level 5:colcon.colcon_core.verb:set package 'demo_python_tf' build argument 'cmake_target_skip_unavailable' from command line to 'False'
[0.349s] Level 5:colcon.colcon_core.verb:set package 'demo_python_tf' build argument 'cmake_clean_cache' from command line to 'False'
[0.349s] Level 5:colcon.colcon_core.verb:set package 'demo_python_tf' build argument 'cmake_clean_first' from command line to 'False'
[0.349s] Level 5:colcon.colcon_core.verb:set package 'demo_python_tf' build argument 'cmake_force_configure' from command line to 'False'
[0.349s] Level 5:colcon.colcon_core.verb:set package 'demo_python_tf' build argument 'ament_cmake_args' from command line to 'None'
[0.349s] Level 5:colcon.colcon_core.verb:set package 'demo_python_tf' build argument 'catkin_cmake_args' from command line to 'None'
[0.349s] Level 5:colcon.colcon_core.verb:set package 'demo_python_tf' build argument 'catkin_skip_building_tests' from command line to 'False'
[0.349s] DEBUG:colcon.colcon_core.verb:Building package 'demo_python_tf' with the following arguments: {'ament_cmake_args': None, 'build_base': '/home/chairman/working/ros2/learning/chapt5/chapt5_ws/src/build/demo_python_tf', 'catkin_cmake_args': None, 'catkin_skip_building_tests': False, 'cmake_args': None, 'cmake_clean_cache': False, 'cmake_clean_first': False, 'cmake_force_configure': False, 'cmake_target': None, 'cmake_target_skip_unavailable': False, 'install_base': '/home/chairman/working/ros2/learning/chapt5/chapt5_ws/src/install/demo_python_tf', 'merge_install': False, 'path': '/home/chairman/working/ros2/learning/chapt5/chapt5_ws/src/demo_python_tf', 'symlink_install': False, 'test_result_base': None}
[0.349s] INFO:colcon.colcon_core.executor:Executing jobs using 'parallel' executor
[0.350s] DEBUG:colcon.colcon_parallel_executor.executor.parallel:run_until_complete
[0.350s] INFO:colcon.colcon_ros.task.ament_cmake.build:Building ROS package in '/home/chairman/working/ros2/learning/chapt5/chapt5_ws/src/demo_cpp_tf' with build type 'ament_cmake'
[0.350s] INFO:colcon.colcon_cmake.task.cmake.build:Building CMake package in '/home/chairman/working/ros2/learning/chapt5/chapt5_ws/src/demo_cpp_tf'
[0.355s] INFO:colcon.colcon_core.plugin_system:Skipping extension 'colcon_core.shell.bat': Not used on non-Windows systems
[0.355s] INFO:colcon.colcon_core.shell:Skip shell extension 'powershell' for command environment: Not usable outside of PowerShell
[0.355s] DEBUG:colcon.colcon_core.shell:Skip shell extension 'dsv' for command environment
[0.358s] INFO:colcon.colcon_ros.task.ament_python.build:Building ROS package in '/home/chairman/working/ros2/learning/chapt5/chapt5_ws/src/demo_python_tf' with build type 'ament_python'
[0.358s] Level 1:colcon.colcon_core.shell:create_environment_hook('demo_python_tf', 'ament_prefix_path')
[0.358s] INFO:colcon.colcon_core.shell:Creating environment hook '/home/chairman/working/ros2/learning/chapt5/chapt5_ws/src/install/demo_python_tf/share/demo_python_tf/hook/ament_prefix_path.ps1'
[0.358s] INFO:colcon.colcon_core.shell:Creating environment descriptor '/home/chairman/working/ros2/learning/chapt5/chapt5_ws/src/install/demo_python_tf/share/demo_python_tf/hook/ament_prefix_path.dsv'
[0.359s] INFO:colcon.colcon_core.shell:Creating environment hook '/home/chairman/working/ros2/learning/chapt5/chapt5_ws/src/install/demo_python_tf/share/demo_python_tf/hook/ament_prefix_path.sh'
[0.359s] INFO:colcon.colcon_core.shell:Skip shell extension 'powershell' for command environment: Not usable outside of PowerShell
[0.359s] DEBUG:colcon.colcon_core.shell:Skip shell extension 'dsv' for command environment
[0.365s] DEBUG:colcon.colcon_core.event_handler.log_command:Invoking command in '/home/chairman/working/ros2/learning/chapt5/chapt5_ws/src/build/demo_cpp_tf': CMAKE_PREFIX_PATH=/opt/ros/humble /usr/bin/cmake --build /home/chairman/working/ros2/learning/chapt5/chapt5_ws/src/build/demo_cpp_tf -- -j28 -l28
[0.560s] INFO:colcon.colcon_core.task.python.build:Building Python package in '/home/chairman/working/ros2/learning/chapt5/chapt5_ws/src/demo_python_tf'
[0.561s] INFO:colcon.colcon_core.shell:Skip shell extension 'powershell' for command environment: Not usable outside of PowerShell
[0.561s] DEBUG:colcon.colcon_core.shell:Skip shell extension 'dsv' for command environment
[0.851s] DEBUG:colcon.colcon_core.event_handler.log_command:Invoking command in '/home/chairman/working/ros2/learning/chapt5/chapt5_ws/src/demo_python_tf': PYTHONPATH=/home/chairman/working/ros2/learning/chapt5/chapt5_ws/src/build/demo_python_tf/prefix_override:/usr/lib/python3/dist-packages/colcon_core/task/python/colcon_distutils_commands:/home/chairman/working/ros2/learning/chapt5/chapt5_ws/src/install/demo_python_tf/lib/python3.10/site-packages:${PYTHONPATH} /usr/bin/python3 -W ignore:setup.py install is deprecated -W ignore:easy_install command is deprecated setup.py egg_info --egg-base ../build/demo_python_tf build --build-base /home/chairman/working/ros2/learning/chapt5/chapt5_ws/src/build/demo_python_tf/build install --record /home/chairman/working/ros2/learning/chapt5/chapt5_ws/src/build/demo_python_tf/install.log --single-version-externally-managed install_data
[1.028s] DEBUG:colcon.colcon_core.event_handler.log_command:Invoked command in '/home/chairman/working/ros2/learning/chapt5/chapt5_ws/src/demo_python_tf' returned '0': PYTHONPATH=/home/chairman/working/ros2/learning/chapt5/chapt5_ws/src/build/demo_python_tf/prefix_override:/usr/lib/python3/dist-packages/colcon_core/task/python/colcon_distutils_commands:/home/chairman/working/ros2/learning/chapt5/chapt5_ws/src/install/demo_python_tf/lib/python3.10/site-packages:${PYTHONPATH} /usr/bin/python3 -W ignore:setup.py install is deprecated -W ignore:easy_install command is deprecated setup.py egg_info --egg-base ../build/demo_python_tf build --build-base /home/chairman/working/ros2/learning/chapt5/chapt5_ws/src/build/demo_python_tf/build install --record /home/chairman/working/ros2/learning/chapt5/chapt5_ws/src/build/demo_python_tf/install.log --single-version-externally-managed install_data
[1.033s] Level 1:colcon.colcon_core.environment:checking '/home/chairman/working/ros2/learning/chapt5/chapt5_ws/src/install/demo_python_tf' for CMake module files
[1.033s] Level 1:colcon.colcon_core.environment:checking '/home/chairman/working/ros2/learning/chapt5/chapt5_ws/src/install/demo_python_tf' for CMake config files
[1.034s] Level 1:colcon.colcon_core.environment:checking '/home/chairman/working/ros2/learning/chapt5/chapt5_ws/src/install/demo_python_tf/lib'
[1.034s] Level 1:colcon.colcon_core.environment:checking '/home/chairman/working/ros2/learning/chapt5/chapt5_ws/src/install/demo_python_tf/bin'
[1.034s] Level 1:colcon.colcon_core.environment:checking '/home/chairman/working/ros2/learning/chapt5/chapt5_ws/src/install/demo_python_tf/lib/pkgconfig/demo_python_tf.pc'
[1.035s] Level 1:colcon.colcon_core.environment:checking '/home/chairman/working/ros2/learning/chapt5/chapt5_ws/src/install/demo_python_tf/lib/python3.10/site-packages'
[1.035s] Level 1:colcon.colcon_core.shell:create_environment_hook('demo_python_tf', 'pythonpath')
[1.035s] INFO:colcon.colcon_core.shell:Creating environment hook '/home/chairman/working/ros2/learning/chapt5/chapt5_ws/src/install/demo_python_tf/share/demo_python_tf/hook/pythonpath.ps1'
[1.036s] INFO:colcon.colcon_core.shell:Creating environment descriptor '/home/chairman/working/ros2/learning/chapt5/chapt5_ws/src/install/demo_python_tf/share/demo_python_tf/hook/pythonpath.dsv'
[1.036s] INFO:colcon.colcon_core.shell:Creating environment hook '/home/chairman/working/ros2/learning/chapt5/chapt5_ws/src/install/demo_python_tf/share/demo_python_tf/hook/pythonpath.sh'
[1.036s] Level 1:colcon.colcon_core.environment:checking '/home/chairman/working/ros2/learning/chapt5/chapt5_ws/src/install/demo_python_tf/bin'
[1.036s] Level 1:colcon.colcon_core.environment:create_environment_scripts_only(demo_python_tf)
[1.037s] INFO:colcon.colcon_core.shell:Creating package script '/home/chairman/working/ros2/learning/chapt5/chapt5_ws/src/install/demo_python_tf/share/demo_python_tf/package.ps1'
[1.038s] INFO:colcon.colcon_core.shell:Creating package descriptor '/home/chairman/working/ros2/learning/chapt5/chapt5_ws/src/install/demo_python_tf/share/demo_python_tf/package.dsv'
[1.039s] INFO:colcon.colcon_core.shell:Creating package script '/home/chairman/working/ros2/learning/chapt5/chapt5_ws/src/install/demo_python_tf/share/demo_python_tf/package.sh'
[1.040s] INFO:colcon.colcon_core.shell:Creating package script '/home/chairman/working/ros2/learning/chapt5/chapt5_ws/src/install/demo_python_tf/share/demo_python_tf/package.bash'
[1.041s] INFO:colcon.colcon_core.shell:Creating package script '/home/chairman/working/ros2/learning/chapt5/chapt5_ws/src/install/demo_python_tf/share/demo_python_tf/package.zsh'
[1.042s] Level 1:colcon.colcon_core.environment:create_file_with_runtime_dependencies(/home/chairman/working/ros2/learning/chapt5/chapt5_ws/src/install/demo_python_tf/share/colcon-core/packages/demo_python_tf)
[2.818s] DEBUG:colcon.colcon_core.event_handler.log_command:Invoked command in '/home/chairman/working/ros2/learning/chapt5/chapt5_ws/src/build/demo_cpp_tf' returned '2': CMAKE_PREFIX_PATH=/opt/ros/humble /usr/bin/cmake --build /home/chairman/working/ros2/learning/chapt5/chapt5_ws/src/build/demo_cpp_tf -- -j28 -l28
[2.819s] Level 1:colcon.colcon_core.environment:create_environment_scripts_only(demo_cpp_tf)
[2.819s] Level 1:colcon.colcon_core.environment:checking '/home/chairman/working/ros2/learning/chapt5/chapt5_ws/src/install/demo_cpp_tf' for CMake module files
[2.819s] Level 1:colcon.colcon_core.environment:checking '/home/chairman/working/ros2/learning/chapt5/chapt5_ws/src/install/demo_cpp_tf' for CMake config files
[2.820s] Level 1:colcon.colcon_core.shell:create_environment_hook('demo_cpp_tf', 'cmake_prefix_path')
[2.820s] INFO:colcon.colcon_core.shell:Creating environment hook '/home/chairman/working/ros2/learning/chapt5/chapt5_ws/src/install/demo_cpp_tf/share/demo_cpp_tf/hook/cmake_prefix_path.ps1'
[2.820s] INFO:colcon.colcon_core.shell:Creating environment descriptor '/home/chairman/working/ros2/learning/chapt5/chapt5_ws/src/install/demo_cpp_tf/share/demo_cpp_tf/hook/cmake_prefix_path.dsv'
[2.820s] INFO:colcon.colcon_core.shell:Creating environment hook '/home/chairman/working/ros2/learning/chapt5/chapt5_ws/src/install/demo_cpp_tf/share/demo_cpp_tf/hook/cmake_prefix_path.sh'
[2.821s] Level 1:colcon.colcon_core.environment:checking '/home/chairman/working/ros2/learning/chapt5/chapt5_ws/src/install/demo_cpp_tf/lib'
[2.821s] Level 1:colcon.colcon_core.environment:checking '/home/chairman/working/ros2/learning/chapt5/chapt5_ws/src/install/demo_cpp_tf/bin'
[2.821s] Level 1:colcon.colcon_core.environment:checking '/home/chairman/working/ros2/learning/chapt5/chapt5_ws/src/install/demo_cpp_tf/lib/pkgconfig/demo_cpp_tf.pc'
[2.821s] Level 1:colcon.colcon_core.environment:checking '/home/chairman/working/ros2/learning/chapt5/chapt5_ws/src/install/demo_cpp_tf/lib/python3.10/site-packages'
[2.821s] Level 1:colcon.colcon_core.environment:checking '/home/chairman/working/ros2/learning/chapt5/chapt5_ws/src/install/demo_cpp_tf/bin'
[2.821s] INFO:colcon.colcon_core.shell:Creating package script '/home/chairman/working/ros2/learning/chapt5/chapt5_ws/src/install/demo_cpp_tf/share/demo_cpp_tf/package.ps1'
[2.821s] INFO:colcon.colcon_core.shell:Creating package descriptor '/home/chairman/working/ros2/learning/chapt5/chapt5_ws/src/install/demo_cpp_tf/share/demo_cpp_tf/package.dsv'
[2.822s] INFO:colcon.colcon_core.shell:Creating package script '/home/chairman/working/ros2/learning/chapt5/chapt5_ws/src/install/demo_cpp_tf/share/demo_cpp_tf/package.sh'
[2.822s] INFO:colcon.colcon_core.shell:Creating package script '/home/chairman/working/ros2/learning/chapt5/chapt5_ws/src/install/demo_cpp_tf/share/demo_cpp_tf/package.bash'
[2.822s] INFO:colcon.colcon_core.shell:Creating package script '/home/chairman/working/ros2/learning/chapt5/chapt5_ws/src/install/demo_cpp_tf/share/demo_cpp_tf/package.zsh'
[2.822s] Level 1:colcon.colcon_core.environment:create_file_with_runtime_dependencies(/home/chairman/working/ros2/learning/chapt5/chapt5_ws/src/install/demo_cpp_tf/share/colcon-core/packages/demo_cpp_tf)
[2.833s] DEBUG:colcon.colcon_parallel_executor.executor.parallel:closing loop
[2.833s] DEBUG:colcon.colcon_parallel_executor.executor.parallel:loop closed
[2.833s] DEBUG:colcon.colcon_parallel_executor.executor.parallel:run_until_complete finished with '2'
[2.833s] DEBUG:colcon.colcon_core.event_reactor:joining thread
[2.837s] INFO:colcon.colcon_core.plugin_system:Skipping extension 'colcon_notification.desktop_notification.terminal_notifier': Not used on non-Darwin systems
[2.837s] INFO:colcon.colcon_core.plugin_system:Skipping extension 'colcon_notification.desktop_notification.win32': Not used on non-Windows systems
[2.837s] INFO:colcon.colcon_notification.desktop_notification:Sending desktop notification using 'notify2'
[2.853s] DEBUG:colcon.colcon_core.event_reactor:joined thread
[2.853s] INFO:colcon.colcon_core.shell:Creating prefix script '/home/chairman/working/ros2/learning/chapt5/chapt5_ws/src/install/local_setup.ps1'
[2.854s] INFO:colcon.colcon_core.shell:Creating prefix util module '/home/chairman/working/ros2/learning/chapt5/chapt5_ws/src/install/_local_setup_util_ps1.py'
[2.856s] INFO:colcon.colcon_core.shell:Creating prefix chain script '/home/chairman/working/ros2/learning/chapt5/chapt5_ws/src/install/setup.ps1'
[2.856s] INFO:colcon.colcon_core.shell:Creating prefix script '/home/chairman/working/ros2/learning/chapt5/chapt5_ws/src/install/local_setup.sh'
[2.857s] INFO:colcon.colcon_core.shell:Creating prefix util module '/home/chairman/working/ros2/learning/chapt5/chapt5_ws/src/install/_local_setup_util_sh.py'
[2.857s] INFO:colcon.colcon_core.shell:Creating prefix chain script '/home/chairman/working/ros2/learning/chapt5/chapt5_ws/src/install/setup.sh'
[2.858s] INFO:colcon.colcon_core.shell:Creating prefix script '/home/chairman/working/ros2/learning/chapt5/chapt5_ws/src/install/local_setup.bash'
[2.859s] INFO:colcon.colcon_core.shell:Creating prefix chain script '/home/chairman/working/ros2/learning/chapt5/chapt5_ws/src/install/setup.bash'
[2.860s] INFO:colcon.colcon_core.shell:Creating prefix script '/home/chairman/working/ros2/learning/chapt5/chapt5_ws/src/install/local_setup.zsh'
[2.860s] INFO:colcon.colcon_core.shell:Creating prefix chain script '/home/chairman/working/ros2/learning/chapt5/chapt5_ws/src/install/setup.zsh'
