[0.010s] Invoking command in '/home/chairman/working/ros2/learning/chapt4/chapt4_ws/src/build/demo_cpp_service': CMAKE_PREFIX_PATH=/home/chairman/working/ros2/learning/chapt4/chapt4_ws/src/install/chapt4_interfaces:/home/chairman/working/ros2/learning/chapt4/chapt4_ws/src/install/demo_cpp_service:/home/chairman/working/ros2/learning/chapt4/chapt4_ws/src/install/demo_python_service:/opt/ros/humble LD_LIBRARY_PATH=/home/chairman/working/ros2/learning/chapt4/chapt4_ws/src/install/chapt4_interfaces/lib:/usr/local/cuda-12.6/lib64:/usr/lib/x86_64-linux-gnu/gazebo-11/plugins:/opt/ros/humble/opt/rviz_ogre_vendor/lib:/opt/ros/humble/lib/x86_64-linux-gnu:/opt/ros/humble/lib:/usr/local/cuda-12.6/lib64 /usr/bin/cmake --build /home/chairman/working/ros2/learning/chapt4/chapt4_ws/src/build/demo_cpp_service -- -j28 -l28
[0.032s] -- Found ament_cmake: 1.3.11 (/opt/ros/humble/share/ament_cmake/cmake)
[0.139s] -- Found chapt4_interfaces: 0.0.0 (/home/chairman/working/ros2/learning/chapt4/chapt4_ws/src/install/chapt4_interfaces/share/chapt4_interfaces/cmake)
[0.164s] -- Found rosidl_generator_c: 3.1.6 (/opt/ros/humble/share/rosidl_generator_c/cmake)
[0.166s] -- Found rosidl_adapter: 3.1.6 (/opt/ros/humble/share/rosidl_adapter/cmake)
[0.173s] -- Found rosidl_generator_cpp: 3.1.6 (/opt/ros/humble/share/rosidl_generator_cpp/cmake)
[0.182s] -- Using all available rosidl_typesupport_c: rosidl_typesupport_fastrtps_c;rosidl_typesupport_introspection_c
[0.193s] -- Using all available rosidl_typesupport_cpp: rosidl_typesupport_fastrtps_cpp;rosidl_typesupport_introspection_cpp
[0.255s] -- Found rclcpp: 16.0.12 (/opt/ros/humble/share/rclcpp/cmake)
[0.281s] -- Found rmw_implementation_cmake: 6.1.2 (/opt/ros/humble/share/rmw_implementation_cmake/cmake)
[0.282s] -- Found rmw_fastrtps_cpp: 6.2.7 (/opt/ros/humble/share/rmw_fastrtps_cpp/cmake)
[0.372s] -- Using RMW implementation 'rmw_fastrtps_cpp' as default
[0.412s] -- Found turtlesim: 1.4.2 (/opt/ros/humble/share/turtlesim/cmake)
[0.443s] -- Found ament_lint_auto: 0.12.12 (/opt/ros/humble/share/ament_lint_auto/cmake)
[0.492s] -- Added test 'cppcheck' to perform static code analysis on C / C++ code
[0.492s] -- Configured cppcheck include dirs: 
[0.492s] -- Configured cppcheck exclude dirs and/or files: 
[0.492s] -- Added test 'flake8' to check Python code syntax and style conventions
[0.492s] -- Added test 'lint_cmake' to check CMake code style
[0.493s] -- Added test 'pep257' to check Python code against some of the docstring style conventions in PEP 257
[0.493s] -- Added test 'uncrustify' to check C / C++ code style
[0.493s] -- Configured uncrustify additional arguments: 
[0.494s] -- Added test 'xmllint' to check XML markup files
[0.494s] -- Configuring done
[0.504s] -- Generating done
[0.508s] -- Build files have been written to: /home/chairman/working/ros2/learning/chapt4/chapt4_ws/src/build/demo_cpp_service
[0.530s] [35m[1mConsolidate compiler generated dependencies of target patrol_client[0m
[0.531s] [35m[1mConsolidate compiler generated dependencies of target turtle_control[0m
[0.544s] [ 50%] Built target patrol_client
[0.544s] [100%] Built target turtle_control
[0.553s] Invoked command in '/home/chairman/working/ros2/learning/chapt4/chapt4_ws/src/build/demo_cpp_service' returned '0': CMAKE_PREFIX_PATH=/home/chairman/working/ros2/learning/chapt4/chapt4_ws/src/install/chapt4_interfaces:/home/chairman/working/ros2/learning/chapt4/chapt4_ws/src/install/demo_cpp_service:/home/chairman/working/ros2/learning/chapt4/chapt4_ws/src/install/demo_python_service:/opt/ros/humble LD_LIBRARY_PATH=/home/chairman/working/ros2/learning/chapt4/chapt4_ws/src/install/chapt4_interfaces/lib:/usr/local/cuda-12.6/lib64:/usr/lib/x86_64-linux-gnu/gazebo-11/plugins:/opt/ros/humble/opt/rviz_ogre_vendor/lib:/opt/ros/humble/lib/x86_64-linux-gnu:/opt/ros/humble/lib:/usr/local/cuda-12.6/lib64 /usr/bin/cmake --build /home/chairman/working/ros2/learning/chapt4/chapt4_ws/src/build/demo_cpp_service -- -j28 -l28
[0.554s] Invoking command in '/home/chairman/working/ros2/learning/chapt4/chapt4_ws/src/build/demo_cpp_service': CMAKE_PREFIX_PATH=/home/chairman/working/ros2/learning/chapt4/chapt4_ws/src/install/chapt4_interfaces:/home/chairman/working/ros2/learning/chapt4/chapt4_ws/src/install/demo_cpp_service:/home/chairman/working/ros2/learning/chapt4/chapt4_ws/src/install/demo_python_service:/opt/ros/humble LD_LIBRARY_PATH=/home/chairman/working/ros2/learning/chapt4/chapt4_ws/src/install/chapt4_interfaces/lib:/usr/local/cuda-12.6/lib64:/usr/lib/x86_64-linux-gnu/gazebo-11/plugins:/opt/ros/humble/opt/rviz_ogre_vendor/lib:/opt/ros/humble/lib/x86_64-linux-gnu:/opt/ros/humble/lib:/usr/local/cuda-12.6/lib64 /usr/bin/cmake --install /home/chairman/working/ros2/learning/chapt4/chapt4_ws/src/build/demo_cpp_service
[0.561s] -- Install configuration: ""
[0.561s] -- Up-to-date: /home/chairman/working/ros2/learning/chapt4/chapt4_ws/src/install/demo_cpp_service/lib/demo_cpp_service/turtle_control
[0.561s] -- Up-to-date: /home/chairman/working/ros2/learning/chapt4/chapt4_ws/src/install/demo_cpp_service/lib/demo_cpp_service/patrol_client
[0.561s] -- Installing: /home/chairman/working/ros2/learning/chapt4/chapt4_ws/src/install/demo_cpp_service/share/demo_cpp_service/launch
[0.561s] -- Installing: /home/chairman/working/ros2/learning/chapt4/chapt4_ws/src/install/demo_cpp_service/share/demo_cpp_service/launch/demo.launch.py
[0.561s] -- Up-to-date: /home/chairman/working/ros2/learning/chapt4/chapt4_ws/src/install/demo_cpp_service/share/ament_index/resource_index/package_run_dependencies/demo_cpp_service
[0.562s] -- Up-to-date: /home/chairman/working/ros2/learning/chapt4/chapt4_ws/src/install/demo_cpp_service/share/ament_index/resource_index/parent_prefix_path/demo_cpp_service
[0.562s] -- Up-to-date: /home/chairman/working/ros2/learning/chapt4/chapt4_ws/src/install/demo_cpp_service/share/demo_cpp_service/environment/ament_prefix_path.sh
[0.562s] -- Installing: /home/chairman/working/ros2/learning/chapt4/chapt4_ws/src/install/demo_cpp_service/share/demo_cpp_service/environment/ament_prefix_path.dsv
[0.562s] -- Up-to-date: /home/chairman/working/ros2/learning/chapt4/chapt4_ws/src/install/demo_cpp_service/share/demo_cpp_service/environment/path.sh
[0.562s] -- Installing: /home/chairman/working/ros2/learning/chapt4/chapt4_ws/src/install/demo_cpp_service/share/demo_cpp_service/environment/path.dsv
[0.562s] -- Up-to-date: /home/chairman/working/ros2/learning/chapt4/chapt4_ws/src/install/demo_cpp_service/share/demo_cpp_service/local_setup.bash
[0.562s] -- Up-to-date: /home/chairman/working/ros2/learning/chapt4/chapt4_ws/src/install/demo_cpp_service/share/demo_cpp_service/local_setup.sh
[0.562s] -- Up-to-date: /home/chairman/working/ros2/learning/chapt4/chapt4_ws/src/install/demo_cpp_service/share/demo_cpp_service/local_setup.zsh
[0.562s] -- Installing: /home/chairman/working/ros2/learning/chapt4/chapt4_ws/src/install/demo_cpp_service/share/demo_cpp_service/local_setup.dsv
[0.562s] -- Installing: /home/chairman/working/ros2/learning/chapt4/chapt4_ws/src/install/demo_cpp_service/share/demo_cpp_service/package.dsv
[0.562s] -- Up-to-date: /home/chairman/working/ros2/learning/chapt4/chapt4_ws/src/install/demo_cpp_service/share/ament_index/resource_index/packages/demo_cpp_service
[0.562s] -- Up-to-date: /home/chairman/working/ros2/learning/chapt4/chapt4_ws/src/install/demo_cpp_service/share/demo_cpp_service/cmake/demo_cpp_serviceConfig.cmake
[0.562s] -- Up-to-date: /home/chairman/working/ros2/learning/chapt4/chapt4_ws/src/install/demo_cpp_service/share/demo_cpp_service/cmake/demo_cpp_serviceConfig-version.cmake
[0.562s] -- Up-to-date: /home/chairman/working/ros2/learning/chapt4/chapt4_ws/src/install/demo_cpp_service/share/demo_cpp_service/package.xml
[0.564s] Invoked command in '/home/chairman/working/ros2/learning/chapt4/chapt4_ws/src/build/demo_cpp_service' returned '0': CMAKE_PREFIX_PATH=/home/chairman/working/ros2/learning/chapt4/chapt4_ws/src/install/chapt4_interfaces:/home/chairman/working/ros2/learning/chapt4/chapt4_ws/src/install/demo_cpp_service:/home/chairman/working/ros2/learning/chapt4/chapt4_ws/src/install/demo_python_service:/opt/ros/humble LD_LIBRARY_PATH=/home/chairman/working/ros2/learning/chapt4/chapt4_ws/src/install/chapt4_interfaces/lib:/usr/local/cuda-12.6/lib64:/usr/lib/x86_64-linux-gnu/gazebo-11/plugins:/opt/ros/humble/opt/rviz_ogre_vendor/lib:/opt/ros/humble/lib/x86_64-linux-gnu:/opt/ros/humble/lib:/usr/local/cuda-12.6/lib64 /usr/bin/cmake --install /home/chairman/working/ros2/learning/chapt4/chapt4_ws/src/build/demo_cpp_service
