[0.438s] Invoking command in '/home/chairman/working/ros2/learning/chapt2/chapt2_ws/src/demo_python_pkg': CONDA_PROMPT_MODIFIER=(base) PYTHONPATH=/home/chairman/working/ros2/learning/chapt2/chapt2_ws/src/build/demo_python_pkg/prefix_override:/usr/lib/python3/dist-packages/colcon_core/task/python/colcon_distutils_commands:/home/chairman/working/ros2/learning/chapt2/chapt2_ws/src/install/demo_python_pkg/lib/python3.10/site-packages:${PYTHONPATH} /usr/bin/python3 -W ignore:setup.py install is deprecated -W ignore:easy_install command is deprecated setup.py egg_info --egg-base ../build/demo_python_pkg build --build-base /home/chairman/working/ros2/learning/chapt2/chapt2_ws/src/build/demo_python_pkg/build install --record /home/chairman/working/ros2/learning/chapt2/chapt2_ws/src/build/demo_python_pkg/install.log --single-version-externally-managed install_data
[0.574s] running egg_info
[0.574s] writing ../build/demo_python_pkg/demo_python_pkg.egg-info/PKG-INFO
[0.574s] writing dependency_links to ../build/demo_python_pkg/demo_python_pkg.egg-info/dependency_links.txt
[0.575s] writing entry points to ../build/demo_python_pkg/demo_python_pkg.egg-info/entry_points.txt
[0.575s] writing requirements to ../build/demo_python_pkg/demo_python_pkg.egg-info/requires.txt
[0.575s] writing top-level names to ../build/demo_python_pkg/demo_python_pkg.egg-info/top_level.txt
[0.576s] reading manifest file '../build/demo_python_pkg/demo_python_pkg.egg-info/SOURCES.txt'
[0.577s] adding license file 'LICENSE'
[0.578s] writing manifest file '../build/demo_python_pkg/demo_python_pkg.egg-info/SOURCES.txt'
[0.578s] running build
[0.578s] running build_py
[0.578s] copying demo_python_pkg/learn_thread.py -> /home/chairman/working/ros2/learning/chapt2/chapt2_ws/src/build/demo_python_pkg/build/lib/demo_python_pkg
[0.578s] running install
[0.578s] running install_lib
[0.579s] copying /home/chairman/working/ros2/learning/chapt2/chapt2_ws/src/build/demo_python_pkg/build/lib/demo_python_pkg/learn_thread.py -> /home/chairman/working/ros2/learning/chapt2/chapt2_ws/src/install/demo_python_pkg/lib/python3.10/site-packages/demo_python_pkg
[0.579s] byte-compiling /home/chairman/working/ros2/learning/chapt2/chapt2_ws/src/install/demo_python_pkg/lib/python3.10/site-packages/demo_python_pkg/learn_thread.py to learn_thread.cpython-310.pyc
[0.579s] running install_data
[0.579s] running install_egg_info
[0.580s] removing '/home/chairman/working/ros2/learning/chapt2/chapt2_ws/src/install/demo_python_pkg/lib/python3.10/site-packages/demo_python_pkg-0.0.0-py3.10.egg-info' (and everything under it)
[0.581s] Copying ../build/demo_python_pkg/demo_python_pkg.egg-info to /home/chairman/working/ros2/learning/chapt2/chapt2_ws/src/install/demo_python_pkg/lib/python3.10/site-packages/demo_python_pkg-0.0.0-py3.10.egg-info
[0.581s] running install_scripts
[0.594s] Installing learn_thread script to /home/chairman/working/ros2/learning/chapt2/chapt2_ws/src/install/demo_python_pkg/lib/demo_python_pkg
[0.594s] Installing person_node script to /home/chairman/working/ros2/learning/chapt2/chapt2_ws/src/install/demo_python_pkg/lib/demo_python_pkg
[0.594s] Installing python_node script to /home/chairman/working/ros2/learning/chapt2/chapt2_ws/src/install/demo_python_pkg/lib/demo_python_pkg
[0.594s] Installing writer_node script to /home/chairman/working/ros2/learning/chapt2/chapt2_ws/src/install/demo_python_pkg/lib/demo_python_pkg
[0.594s] writing list of installed files to '/home/chairman/working/ros2/learning/chapt2/chapt2_ws/src/build/demo_python_pkg/install.log'
[0.608s] Invoked command in '/home/chairman/working/ros2/learning/chapt2/chapt2_ws/src/demo_python_pkg' returned '0': CONDA_PROMPT_MODIFIER=(base) PYTHONPATH=/home/chairman/working/ros2/learning/chapt2/chapt2_ws/src/build/demo_python_pkg/prefix_override:/usr/lib/python3/dist-packages/colcon_core/task/python/colcon_distutils_commands:/home/chairman/working/ros2/learning/chapt2/chapt2_ws/src/install/demo_python_pkg/lib/python3.10/site-packages:${PYTHONPATH} /usr/bin/python3 -W ignore:setup.py install is deprecated -W ignore:easy_install command is deprecated setup.py egg_info --egg-base ../build/demo_python_pkg build --build-base /home/chairman/working/ros2/learning/chapt2/chapt2_ws/src/build/demo_python_pkg/build install --record /home/chairman/working/ros2/learning/chapt2/chapt2_ws/src/build/demo_python_pkg/install.log --single-version-externally-managed install_data
