[0.346s] Invoking command in '/home/chairman/working/ros2/beijixiong/ros_ws/build/sdformat_tools': PYTHONPATH=/home/chairman/working/ros2/beijixiong/ros_ws/build/sdformat_tools/prefix_override:/usr/lib/python3/dist-packages/colcon_core/task/python/colcon_distutils_commands:/home/chairman/working/ros2/beijixiong/ros_ws/install/sdformat_tools/lib/python3.10/site-packages:${PYTHONPATH} VIRTUAL_ENV_PROMPT=(venv) /usr/bin/python3 -W ignore:setup.py install is deprecated -W ignore:easy_install command is deprecated setup.py develop --editable --build-directory /home/chairman/working/ros2/beijixiong/ros_ws/build/sdformat_tools/build --no-deps symlink_data
[0.505s] running develop
[0.585s] running egg_info
[0.585s] creating sdformat_tools.egg-info
[0.585s] writing sdformat_tools.egg-info/PKG-INFO
[0.585s] writing dependency_links to sdformat_tools.egg-info/dependency_links.txt
[0.585s] writing entry points to sdformat_tools.egg-info/entry_points.txt
[0.585s] writing requirements to sdformat_tools.egg-info/requires.txt
[0.586s] writing top-level names to sdformat_tools.egg-info/top_level.txt
[0.586s] writing manifest file 'sdformat_tools.egg-info/SOURCES.txt'
[0.586s] reading manifest file 'sdformat_tools.egg-info/SOURCES.txt'
[0.587s] writing manifest file 'sdformat_tools.egg-info/SOURCES.txt'
[0.587s] running build_ext
[0.588s] Creating /home/chairman/working/ros2/beijixiong/ros_ws/install/sdformat_tools/lib/python3.10/site-packages/sdformat-tools.egg-link (link to .)
[0.588s] Installing sdf2urdf script to /home/chairman/working/ros2/beijixiong/ros_ws/install/sdformat_tools/bin
[0.588s] Installing xmacro4sdf script to /home/chairman/working/ros2/beijixiong/ros_ws/install/sdformat_tools/bin
[0.588s] 
[0.588s] Installed /home/chairman/working/ros2/beijixiong/ros_ws/build/sdformat_tools
[0.588s] running symlink_data
[0.588s] creating /home/chairman/working/ros2/beijixiong/ros_ws/install/sdformat_tools/share/ament_index
[0.589s] creating /home/chairman/working/ros2/beijixiong/ros_ws/install/sdformat_tools/share/ament_index/resource_index
[0.589s] creating /home/chairman/working/ros2/beijixiong/ros_ws/install/sdformat_tools/share/ament_index/resource_index/packages
[0.589s] symbolically linking /home/chairman/working/ros2/beijixiong/ros_ws/build/sdformat_tools/resource/sdformat_tools -> /home/chairman/working/ros2/beijixiong/ros_ws/install/sdformat_tools/share/ament_index/resource_index/packages
[0.589s] symbolically linking /home/chairman/working/ros2/beijixiong/ros_ws/build/sdformat_tools/package.xml -> /home/chairman/working/ros2/beijixiong/ros_ws/install/sdformat_tools/share/sdformat_tools
[0.606s] Invoked command in '/home/chairman/working/ros2/beijixiong/ros_ws/build/sdformat_tools' returned '0': PYTHONPATH=/home/chairman/working/ros2/beijixiong/ros_ws/build/sdformat_tools/prefix_override:/usr/lib/python3/dist-packages/colcon_core/task/python/colcon_distutils_commands:/home/chairman/working/ros2/beijixiong/ros_ws/install/sdformat_tools/lib/python3.10/site-packages:${PYTHONPATH} VIRTUAL_ENV_PROMPT=(venv) /usr/bin/python3 -W ignore:setup.py install is deprecated -W ignore:easy_install command is deprecated setup.py develop --editable --build-directory /home/chairman/working/ros2/beijixiong/ros_ws/build/sdformat_tools/build --no-deps symlink_data
