[0.092s] DEBUG:colcon:Command line arguments: ['/usr/bin/colcon', 'build']
[0.092s] DEBUG:colcon:Parsed command line arguments: Namespace(log_base=None, log_level=None, verb_name='build', build_base='build', install_base='install', merge_install=False, symlink_install=False, test_result_base=None, continue_on_error=False, executor='parallel', parallel_workers=28, event_handlers=None, ignore_user_meta=False, metas=['./colcon.meta'], base_paths=['.'], packages_ignore=None, packages_ignore_regex=None, paths=None, packages_up_to=None, packages_up_to_regex=None, packages_above=None, packages_above_and_dependencies=None, packages_above_depth=None, packages_select_by_dep=None, packages_skip_by_dep=None, packages_skip_up_to=None, packages_select_build_failed=False, packages_skip_build_finished=False, packages_select_test_failures=False, packages_skip_test_passed=False, packages_select=None, packages_skip=None, packages_select_regex=None, packages_skip_regex=None, packages_start=None, packages_end=None, allow_overriding=[], cmake_args=None, cmake_target=None, cmake_target_skip_unavailable=False, cmake_clean_cache=False, cmake_clean_first=False, cmake_force_configure=False, ament_cmake_args=None, catkin_cmake_args=None, catkin_skip_building_tests=False, verb_parser=<colcon_defaults.argument_parser.defaults.DefaultArgumentsDecorator object at 0x7a46bae4cd30>, verb_extension=<colcon_core.verb.build.BuildVerb object at 0x7a46baf52170>, main=<bound method BuildVerb.main of <colcon_core.verb.build.BuildVerb object at 0x7a46baf52170>>)
[0.243s] Level 1:colcon.colcon_core.package_discovery:discover_packages(colcon_meta) check parameters
[0.243s] Level 1:colcon.colcon_core.package_discovery:discover_packages(recursive) check parameters
[0.243s] Level 1:colcon.colcon_core.package_discovery:discover_packages(ignore) check parameters
[0.243s] Level 1:colcon.colcon_core.package_discovery:discover_packages(path) check parameters
[0.243s] Level 1:colcon.colcon_core.package_discovery:discover_packages(colcon_meta) discover
[0.243s] Level 1:colcon.colcon_core.package_discovery:discover_packages(recursive) discover
[0.243s] INFO:colcon.colcon_core.package_discovery:Crawling recursively for packages in '/home/chairman/working/ros2/ROS2_learning/chapt7/chapt7_ws'
[0.243s] Level 1:colcon.colcon_core.package_identification:_identify(.) by extensions ['ignore', 'ignore_ament_install']
[0.243s] Level 1:colcon.colcon_core.package_identification:_identify(.) by extension 'ignore'
[0.243s] Level 1:colcon.colcon_core.package_identification:_identify(.) by extension 'ignore_ament_install'
[0.243s] Level 1:colcon.colcon_core.package_identification:_identify(.) by extensions ['colcon_pkg']
[0.243s] Level 1:colcon.colcon_core.package_identification:_identify(.) by extension 'colcon_pkg'
[0.243s] Level 1:colcon.colcon_core.package_identification:_identify(.) by extensions ['colcon_meta']
[0.243s] Level 1:colcon.colcon_core.package_identification:_identify(.) by extension 'colcon_meta'
[0.243s] Level 1:colcon.colcon_core.package_identification:_identify(.) by extensions ['ros']
[0.243s] Level 1:colcon.colcon_core.package_identification:_identify(.) by extension 'ros'
[0.251s] Level 1:colcon.colcon_core.package_identification:_identify(.) by extensions ['cmake', 'python']
[0.251s] Level 1:colcon.colcon_core.package_identification:_identify(.) by extension 'cmake'
[0.251s] Level 1:colcon.colcon_core.package_identification:_identify(.) by extension 'python'
[0.251s] Level 1:colcon.colcon_core.package_identification:_identify(.) by extensions ['python_setup_py']
[0.251s] Level 1:colcon.colcon_core.package_identification:_identify(.) by extension 'python_setup_py'
[0.251s] Level 1:colcon.colcon_core.package_identification:_identify(autopatrol_interfaces) by extensions ['ignore', 'ignore_ament_install']
[0.251s] Level 1:colcon.colcon_core.package_identification:_identify(autopatrol_interfaces) by extension 'ignore'
[0.251s] Level 1:colcon.colcon_core.package_identification:_identify(autopatrol_interfaces) by extension 'ignore_ament_install'
[0.251s] Level 1:colcon.colcon_core.package_identification:_identify(autopatrol_interfaces) by extensions ['colcon_pkg']
[0.251s] Level 1:colcon.colcon_core.package_identification:_identify(autopatrol_interfaces) by extension 'colcon_pkg'
[0.251s] Level 1:colcon.colcon_core.package_identification:_identify(autopatrol_interfaces) by extensions ['colcon_meta']
[0.251s] Level 1:colcon.colcon_core.package_identification:_identify(autopatrol_interfaces) by extension 'colcon_meta'
[0.252s] Level 1:colcon.colcon_core.package_identification:_identify(autopatrol_interfaces) by extensions ['ros']
[0.252s] Level 1:colcon.colcon_core.package_identification:_identify(autopatrol_interfaces) by extension 'ros'
[0.254s] DEBUG:colcon.colcon_core.package_identification:Package 'autopatrol_interfaces' with type 'ros.ament_cmake' and name 'autopatrol_interfaces'
[0.254s] Level 1:colcon.colcon_core.package_identification:_identify(autopatrol_robot) by extensions ['ignore', 'ignore_ament_install']
[0.254s] Level 1:colcon.colcon_core.package_identification:_identify(autopatrol_robot) by extension 'ignore'
[0.254s] Level 1:colcon.colcon_core.package_identification:_identify(autopatrol_robot) by extension 'ignore_ament_install'
[0.254s] Level 1:colcon.colcon_core.package_identification:_identify(autopatrol_robot) by extensions ['colcon_pkg']
[0.254s] Level 1:colcon.colcon_core.package_identification:_identify(autopatrol_robot) by extension 'colcon_pkg'
[0.254s] Level 1:colcon.colcon_core.package_identification:_identify(autopatrol_robot) by extensions ['colcon_meta']
[0.254s] Level 1:colcon.colcon_core.package_identification:_identify(autopatrol_robot) by extension 'colcon_meta'
[0.254s] Level 1:colcon.colcon_core.package_identification:_identify(autopatrol_robot) by extensions ['ros']
[0.254s] Level 1:colcon.colcon_core.package_identification:_identify(autopatrol_robot) by extension 'ros'
[0.255s] DEBUG:colcon.colcon_core.package_identification:Package 'autopatrol_robot' with type 'ros.ament_python' and name 'autopatrol_robot'
[0.255s] Level 1:colcon.colcon_core.package_identification:_identify(build) by extensions ['ignore', 'ignore_ament_install']
[0.255s] Level 1:colcon.colcon_core.package_identification:_identify(build) by extension 'ignore'
[0.255s] Level 1:colcon.colcon_core.package_identification:_identify(build) ignored
[0.255s] Level 1:colcon.colcon_core.package_identification:_identify(fishbot_application) by extensions ['ignore', 'ignore_ament_install']
[0.255s] Level 1:colcon.colcon_core.package_identification:_identify(fishbot_application) by extension 'ignore'
[0.255s] Level 1:colcon.colcon_core.package_identification:_identify(fishbot_application) by extension 'ignore_ament_install'
[0.255s] Level 1:colcon.colcon_core.package_identification:_identify(fishbot_application) by extensions ['colcon_pkg']
[0.255s] Level 1:colcon.colcon_core.package_identification:_identify(fishbot_application) by extension 'colcon_pkg'
[0.255s] Level 1:colcon.colcon_core.package_identification:_identify(fishbot_application) by extensions ['colcon_meta']
[0.255s] Level 1:colcon.colcon_core.package_identification:_identify(fishbot_application) by extension 'colcon_meta'
[0.255s] Level 1:colcon.colcon_core.package_identification:_identify(fishbot_application) by extensions ['ros']
[0.255s] Level 1:colcon.colcon_core.package_identification:_identify(fishbot_application) by extension 'ros'
[0.256s] DEBUG:colcon.colcon_core.package_identification:Package 'fishbot_application' with type 'ros.ament_python' and name 'fishbot_application'
[0.256s] Level 1:colcon.colcon_core.package_identification:_identify(fishbot_navigation2) by extensions ['ignore', 'ignore_ament_install']
[0.256s] Level 1:colcon.colcon_core.package_identification:_identify(fishbot_navigation2) by extension 'ignore'
[0.256s] Level 1:colcon.colcon_core.package_identification:_identify(fishbot_navigation2) by extension 'ignore_ament_install'
[0.256s] Level 1:colcon.colcon_core.package_identification:_identify(fishbot_navigation2) by extensions ['colcon_pkg']
[0.256s] Level 1:colcon.colcon_core.package_identification:_identify(fishbot_navigation2) by extension 'colcon_pkg'
[0.256s] Level 1:colcon.colcon_core.package_identification:_identify(fishbot_navigation2) by extensions ['colcon_meta']
[0.256s] Level 1:colcon.colcon_core.package_identification:_identify(fishbot_navigation2) by extension 'colcon_meta'
[0.256s] Level 1:colcon.colcon_core.package_identification:_identify(fishbot_navigation2) by extensions ['ros']
[0.256s] Level 1:colcon.colcon_core.package_identification:_identify(fishbot_navigation2) by extension 'ros'
[0.256s] DEBUG:colcon.colcon_core.package_identification:Package 'fishbot_navigation2' with type 'ros.ament_cmake' and name 'fishbot_navigation2'
[0.256s] Level 1:colcon.colcon_core.package_identification:_identify(install) by extensions ['ignore', 'ignore_ament_install']
[0.256s] Level 1:colcon.colcon_core.package_identification:_identify(install) by extension 'ignore'
[0.256s] Level 1:colcon.colcon_core.package_identification:_identify(install) ignored
[0.256s] Level 1:colcon.colcon_core.package_identification:_identify(log) by extensions ['ignore', 'ignore_ament_install']
[0.257s] Level 1:colcon.colcon_core.package_identification:_identify(log) by extension 'ignore'
[0.257s] Level 1:colcon.colcon_core.package_identification:_identify(log) ignored
[0.257s] Level 1:colcon.colcon_core.package_discovery:discover_packages(recursive) using defaults
[0.257s] Level 1:colcon.colcon_core.package_discovery:discover_packages(ignore) discover
[0.257s] Level 1:colcon.colcon_core.package_discovery:discover_packages(ignore) using defaults
[0.257s] Level 1:colcon.colcon_core.package_discovery:discover_packages(path) discover
[0.257s] Level 1:colcon.colcon_core.package_discovery:discover_packages(path) using defaults
[0.278s] Level 1:colcon.colcon_core.package_discovery:discover_packages(prefix_path) check parameters
[0.278s] Level 1:colcon.colcon_core.package_discovery:discover_packages(prefix_path) discover
[0.280s] DEBUG:colcon.colcon_installed_package_information.package_discovery:Found 418 installed packages in /opt/ros/humble
[0.282s] Level 1:colcon.colcon_core.package_discovery:discover_packages(prefix_path) using defaults
[0.310s] Level 5:colcon.colcon_core.verb:set package 'autopatrol_interfaces' build argument 'cmake_args' from command line to 'None'
[0.310s] Level 5:colcon.colcon_core.verb:set package 'autopatrol_interfaces' build argument 'cmake_target' from command line to 'None'
[0.310s] Level 5:colcon.colcon_core.verb:set package 'autopatrol_interfaces' build argument 'cmake_target_skip_unavailable' from command line to 'False'
[0.310s] Level 5:colcon.colcon_core.verb:set package 'autopatrol_interfaces' build argument 'cmake_clean_cache' from command line to 'False'
[0.310s] Level 5:colcon.colcon_core.verb:set package 'autopatrol_interfaces' build argument 'cmake_clean_first' from command line to 'False'
[0.310s] Level 5:colcon.colcon_core.verb:set package 'autopatrol_interfaces' build argument 'cmake_force_configure' from command line to 'False'
[0.310s] Level 5:colcon.colcon_core.verb:set package 'autopatrol_interfaces' build argument 'ament_cmake_args' from command line to 'None'
[0.310s] Level 5:colcon.colcon_core.verb:set package 'autopatrol_interfaces' build argument 'catkin_cmake_args' from command line to 'None'
[0.311s] Level 5:colcon.colcon_core.verb:set package 'autopatrol_interfaces' build argument 'catkin_skip_building_tests' from command line to 'False'
[0.311s] DEBUG:colcon.colcon_core.verb:Building package 'autopatrol_interfaces' with the following arguments: {'ament_cmake_args': None, 'build_base': '/home/chairman/working/ros2/ROS2_learning/chapt7/chapt7_ws/build/autopatrol_interfaces', 'catkin_cmake_args': None, 'catkin_skip_building_tests': False, 'cmake_args': None, 'cmake_clean_cache': False, 'cmake_clean_first': False, 'cmake_force_configure': False, 'cmake_target': None, 'cmake_target_skip_unavailable': False, 'install_base': '/home/chairman/working/ros2/ROS2_learning/chapt7/chapt7_ws/install/autopatrol_interfaces', 'merge_install': False, 'path': '/home/chairman/working/ros2/ROS2_learning/chapt7/chapt7_ws/autopatrol_interfaces', 'symlink_install': False, 'test_result_base': None}
[0.311s] Level 5:colcon.colcon_core.verb:set package 'autopatrol_robot' build argument 'cmake_args' from command line to 'None'
[0.311s] Level 5:colcon.colcon_core.verb:set package 'autopatrol_robot' build argument 'cmake_target' from command line to 'None'
[0.311s] Level 5:colcon.colcon_core.verb:set package 'autopatrol_robot' build argument 'cmake_target_skip_unavailable' from command line to 'False'
[0.311s] Level 5:colcon.colcon_core.verb:set package 'autopatrol_robot' build argument 'cmake_clean_cache' from command line to 'False'
[0.311s] Level 5:colcon.colcon_core.verb:set package 'autopatrol_robot' build argument 'cmake_clean_first' from command line to 'False'
[0.311s] Level 5:colcon.colcon_core.verb:set package 'autopatrol_robot' build argument 'cmake_force_configure' from command line to 'False'
[0.311s] Level 5:colcon.colcon_core.verb:set package 'autopatrol_robot' build argument 'ament_cmake_args' from command line to 'None'
[0.311s] Level 5:colcon.colcon_core.verb:set package 'autopatrol_robot' build argument 'catkin_cmake_args' from command line to 'None'
[0.311s] Level 5:colcon.colcon_core.verb:set package 'autopatrol_robot' build argument 'catkin_skip_building_tests' from command line to 'False'
[0.311s] DEBUG:colcon.colcon_core.verb:Building package 'autopatrol_robot' with the following arguments: {'ament_cmake_args': None, 'build_base': '/home/chairman/working/ros2/ROS2_learning/chapt7/chapt7_ws/build/autopatrol_robot', 'catkin_cmake_args': None, 'catkin_skip_building_tests': False, 'cmake_args': None, 'cmake_clean_cache': False, 'cmake_clean_first': False, 'cmake_force_configure': False, 'cmake_target': None, 'cmake_target_skip_unavailable': False, 'install_base': '/home/chairman/working/ros2/ROS2_learning/chapt7/chapt7_ws/install/autopatrol_robot', 'merge_install': False, 'path': '/home/chairman/working/ros2/ROS2_learning/chapt7/chapt7_ws/autopatrol_robot', 'symlink_install': False, 'test_result_base': None}
[0.311s] Level 5:colcon.colcon_core.verb:set package 'fishbot_application' build argument 'cmake_args' from command line to 'None'
[0.311s] Level 5:colcon.colcon_core.verb:set package 'fishbot_application' build argument 'cmake_target' from command line to 'None'
[0.311s] Level 5:colcon.colcon_core.verb:set package 'fishbot_application' build argument 'cmake_target_skip_unavailable' from command line to 'False'
[0.311s] Level 5:colcon.colcon_core.verb:set package 'fishbot_application' build argument 'cmake_clean_cache' from command line to 'False'
[0.311s] Level 5:colcon.colcon_core.verb:set package 'fishbot_application' build argument 'cmake_clean_first' from command line to 'False'
[0.311s] Level 5:colcon.colcon_core.verb:set package 'fishbot_application' build argument 'cmake_force_configure' from command line to 'False'
[0.311s] Level 5:colcon.colcon_core.verb:set package 'fishbot_application' build argument 'ament_cmake_args' from command line to 'None'
[0.311s] Level 5:colcon.colcon_core.verb:set package 'fishbot_application' build argument 'catkin_cmake_args' from command line to 'None'
[0.311s] Level 5:colcon.colcon_core.verb:set package 'fishbot_application' build argument 'catkin_skip_building_tests' from command line to 'False'
[0.311s] DEBUG:colcon.colcon_core.verb:Building package 'fishbot_application' with the following arguments: {'ament_cmake_args': None, 'build_base': '/home/chairman/working/ros2/ROS2_learning/chapt7/chapt7_ws/build/fishbot_application', 'catkin_cmake_args': None, 'catkin_skip_building_tests': False, 'cmake_args': None, 'cmake_clean_cache': False, 'cmake_clean_first': False, 'cmake_force_configure': False, 'cmake_target': None, 'cmake_target_skip_unavailable': False, 'install_base': '/home/chairman/working/ros2/ROS2_learning/chapt7/chapt7_ws/install/fishbot_application', 'merge_install': False, 'path': '/home/chairman/working/ros2/ROS2_learning/chapt7/chapt7_ws/fishbot_application', 'symlink_install': False, 'test_result_base': None}
[0.311s] Level 5:colcon.colcon_core.verb:set package 'fishbot_navigation2' build argument 'cmake_args' from command line to 'None'
[0.311s] Level 5:colcon.colcon_core.verb:set package 'fishbot_navigation2' build argument 'cmake_target' from command line to 'None'
[0.311s] Level 5:colcon.colcon_core.verb:set package 'fishbot_navigation2' build argument 'cmake_target_skip_unavailable' from command line to 'False'
[0.311s] Level 5:colcon.colcon_core.verb:set package 'fishbot_navigation2' build argument 'cmake_clean_cache' from command line to 'False'
[0.311s] Level 5:colcon.colcon_core.verb:set package 'fishbot_navigation2' build argument 'cmake_clean_first' from command line to 'False'
[0.311s] Level 5:colcon.colcon_core.verb:set package 'fishbot_navigation2' build argument 'cmake_force_configure' from command line to 'False'
[0.311s] Level 5:colcon.colcon_core.verb:set package 'fishbot_navigation2' build argument 'ament_cmake_args' from command line to 'None'
[0.311s] Level 5:colcon.colcon_core.verb:set package 'fishbot_navigation2' build argument 'catkin_cmake_args' from command line to 'None'
[0.311s] Level 5:colcon.colcon_core.verb:set package 'fishbot_navigation2' build argument 'catkin_skip_building_tests' from command line to 'False'
[0.311s] DEBUG:colcon.colcon_core.verb:Building package 'fishbot_navigation2' with the following arguments: {'ament_cmake_args': None, 'build_base': '/home/chairman/working/ros2/ROS2_learning/chapt7/chapt7_ws/build/fishbot_navigation2', 'catkin_cmake_args': None, 'catkin_skip_building_tests': False, 'cmake_args': None, 'cmake_clean_cache': False, 'cmake_clean_first': False, 'cmake_force_configure': False, 'cmake_target': None, 'cmake_target_skip_unavailable': False, 'install_base': '/home/chairman/working/ros2/ROS2_learning/chapt7/chapt7_ws/install/fishbot_navigation2', 'merge_install': False, 'path': '/home/chairman/working/ros2/ROS2_learning/chapt7/chapt7_ws/fishbot_navigation2', 'symlink_install': False, 'test_result_base': None}
[0.312s] INFO:colcon.colcon_core.executor:Executing jobs using 'parallel' executor
[0.312s] DEBUG:colcon.colcon_parallel_executor.executor.parallel:run_until_complete
[0.313s] INFO:colcon.colcon_ros.task.ament_cmake.build:Building ROS package in '/home/chairman/working/ros2/ROS2_learning/chapt7/chapt7_ws/autopatrol_interfaces' with build type 'ament_cmake'
[0.313s] INFO:colcon.colcon_cmake.task.cmake.build:Building CMake package in '/home/chairman/working/ros2/ROS2_learning/chapt7/chapt7_ws/autopatrol_interfaces'
[0.314s] INFO:colcon.colcon_core.plugin_system:Skipping extension 'colcon_core.shell.bat': Not used on non-Windows systems
[0.314s] INFO:colcon.colcon_core.shell:Skip shell extension 'powershell' for command environment: Not usable outside of PowerShell
[0.314s] DEBUG:colcon.colcon_core.shell:Skip shell extension 'dsv' for command environment
[0.317s] INFO:colcon.colcon_ros.task.ament_python.build:Building ROS package in '/home/chairman/working/ros2/ROS2_learning/chapt7/chapt7_ws/autopatrol_robot' with build type 'ament_python'
[0.317s] Level 1:colcon.colcon_core.shell:create_environment_hook('autopatrol_robot', 'ament_prefix_path')
[0.317s] INFO:colcon.colcon_core.shell:Creating environment hook '/home/chairman/working/ros2/ROS2_learning/chapt7/chapt7_ws/install/autopatrol_robot/share/autopatrol_robot/hook/ament_prefix_path.ps1'
[0.318s] INFO:colcon.colcon_core.shell:Creating environment descriptor '/home/chairman/working/ros2/ROS2_learning/chapt7/chapt7_ws/install/autopatrol_robot/share/autopatrol_robot/hook/ament_prefix_path.dsv'
[0.318s] INFO:colcon.colcon_core.shell:Creating environment hook '/home/chairman/working/ros2/ROS2_learning/chapt7/chapt7_ws/install/autopatrol_robot/share/autopatrol_robot/hook/ament_prefix_path.sh'
[0.318s] INFO:colcon.colcon_core.shell:Skip shell extension 'powershell' for command environment: Not usable outside of PowerShell
[0.318s] DEBUG:colcon.colcon_core.shell:Skip shell extension 'dsv' for command environment
[0.320s] INFO:colcon.colcon_ros.task.ament_python.build:Building ROS package in '/home/chairman/working/ros2/ROS2_learning/chapt7/chapt7_ws/fishbot_application' with build type 'ament_python'
[0.320s] Level 1:colcon.colcon_core.shell:create_environment_hook('fishbot_application', 'ament_prefix_path')
[0.320s] INFO:colcon.colcon_core.shell:Creating environment hook '/home/chairman/working/ros2/ROS2_learning/chapt7/chapt7_ws/install/fishbot_application/share/fishbot_application/hook/ament_prefix_path.ps1'
[0.321s] INFO:colcon.colcon_core.shell:Creating environment descriptor '/home/chairman/working/ros2/ROS2_learning/chapt7/chapt7_ws/install/fishbot_application/share/fishbot_application/hook/ament_prefix_path.dsv'
[0.321s] INFO:colcon.colcon_core.shell:Creating environment hook '/home/chairman/working/ros2/ROS2_learning/chapt7/chapt7_ws/install/fishbot_application/share/fishbot_application/hook/ament_prefix_path.sh'
[0.321s] INFO:colcon.colcon_core.shell:Skip shell extension 'powershell' for command environment: Not usable outside of PowerShell
[0.321s] DEBUG:colcon.colcon_core.shell:Skip shell extension 'dsv' for command environment
[0.323s] INFO:colcon.colcon_ros.task.ament_cmake.build:Building ROS package in '/home/chairman/working/ros2/ROS2_learning/chapt7/chapt7_ws/fishbot_navigation2' with build type 'ament_cmake'
[0.323s] INFO:colcon.colcon_cmake.task.cmake.build:Building CMake package in '/home/chairman/working/ros2/ROS2_learning/chapt7/chapt7_ws/fishbot_navigation2'
[0.323s] INFO:colcon.colcon_core.shell:Skip shell extension 'powershell' for command environment: Not usable outside of PowerShell
[0.323s] DEBUG:colcon.colcon_core.shell:Skip shell extension 'dsv' for command environment
[0.328s] DEBUG:colcon.colcon_core.event_handler.log_command:Invoking command in '/home/chairman/working/ros2/ROS2_learning/chapt7/chapt7_ws/build/autopatrol_interfaces': CMAKE_PREFIX_PATH=/opt/ros/humble VIRTUAL_ENV_PROMPT=(venv) /usr/bin/cmake --build /home/chairman/working/ros2/ROS2_learning/chapt7/chapt7_ws/build/autopatrol_interfaces -- -j28 -l28
[0.481s] INFO:colcon.colcon_core.task.python.build:Building Python package in '/home/chairman/working/ros2/ROS2_learning/chapt7/chapt7_ws/autopatrol_robot'
[0.481s] INFO:colcon.colcon_core.shell:Skip shell extension 'powershell' for command environment: Not usable outside of PowerShell
[0.481s] DEBUG:colcon.colcon_core.shell:Skip shell extension 'dsv' for command environment
[0.631s] INFO:colcon.colcon_core.task.python.build:Building Python package in '/home/chairman/working/ros2/ROS2_learning/chapt7/chapt7_ws/fishbot_application'
[0.632s] INFO:colcon.colcon_core.shell:Skip shell extension 'powershell' for command environment: Not usable outside of PowerShell
[0.632s] DEBUG:colcon.colcon_core.shell:Skip shell extension 'dsv' for command environment
[0.640s] DEBUG:colcon.colcon_core.event_handler.log_command:Invoking command in '/home/chairman/working/ros2/ROS2_learning/chapt7/chapt7_ws/build/fishbot_navigation2': CMAKE_PREFIX_PATH=/opt/ros/humble VIRTUAL_ENV_PROMPT=(venv) /usr/bin/cmake --build /home/chairman/working/ros2/ROS2_learning/chapt7/chapt7_ws/build/fishbot_navigation2 -- -j28 -l28
[0.640s] DEBUG:colcon.colcon_core.event_handler.log_command:Invoked command in '/home/chairman/working/ros2/ROS2_learning/chapt7/chapt7_ws/build/autopatrol_interfaces' returned '0': CMAKE_PREFIX_PATH=/opt/ros/humble VIRTUAL_ENV_PROMPT=(venv) /usr/bin/cmake --build /home/chairman/working/ros2/ROS2_learning/chapt7/chapt7_ws/build/autopatrol_interfaces -- -j28 -l28
[0.645s] DEBUG:colcon.colcon_core.event_handler.log_command:Invoking command in '/home/chairman/working/ros2/ROS2_learning/chapt7/chapt7_ws/build/autopatrol_interfaces': CMAKE_PREFIX_PATH=/opt/ros/humble VIRTUAL_ENV_PROMPT=(venv) /usr/bin/cmake --install /home/chairman/working/ros2/ROS2_learning/chapt7/chapt7_ws/build/autopatrol_interfaces
[0.665s] DEBUG:colcon.colcon_core.event_handler.log_command:Invoked command in '/home/chairman/working/ros2/ROS2_learning/chapt7/chapt7_ws/build/fishbot_navigation2' returned '0': CMAKE_PREFIX_PATH=/opt/ros/humble VIRTUAL_ENV_PROMPT=(venv) /usr/bin/cmake --build /home/chairman/working/ros2/ROS2_learning/chapt7/chapt7_ws/build/fishbot_navigation2 -- -j28 -l28
[0.666s] DEBUG:colcon.colcon_core.event_handler.log_command:Invoking command in '/home/chairman/working/ros2/ROS2_learning/chapt7/chapt7_ws/build/fishbot_navigation2': CMAKE_PREFIX_PATH=/opt/ros/humble VIRTUAL_ENV_PROMPT=(venv) /usr/bin/cmake --install /home/chairman/working/ros2/ROS2_learning/chapt7/chapt7_ws/build/fishbot_navigation2
[0.673s] Level 1:colcon.colcon_core.environment:create_environment_scripts_only(fishbot_navigation2)
[0.674s] DEBUG:colcon.colcon_core.event_handler.log_command:Invoked command in '/home/chairman/working/ros2/ROS2_learning/chapt7/chapt7_ws/build/fishbot_navigation2' returned '0': CMAKE_PREFIX_PATH=/opt/ros/humble VIRTUAL_ENV_PROMPT=(venv) /usr/bin/cmake --install /home/chairman/working/ros2/ROS2_learning/chapt7/chapt7_ws/build/fishbot_navigation2
[0.677s] Level 1:colcon.colcon_core.environment:checking '/home/chairman/working/ros2/ROS2_learning/chapt7/chapt7_ws/install/fishbot_navigation2' for CMake module files
[0.677s] Level 1:colcon.colcon_core.environment:checking '/home/chairman/working/ros2/ROS2_learning/chapt7/chapt7_ws/install/fishbot_navigation2' for CMake config files
[0.677s] Level 1:colcon.colcon_core.shell:create_environment_hook('fishbot_navigation2', 'cmake_prefix_path')
[0.678s] INFO:colcon.colcon_core.shell:Creating environment hook '/home/chairman/working/ros2/ROS2_learning/chapt7/chapt7_ws/install/fishbot_navigation2/share/fishbot_navigation2/hook/cmake_prefix_path.ps1'
[0.678s] INFO:colcon.colcon_core.shell:Creating environment descriptor '/home/chairman/working/ros2/ROS2_learning/chapt7/chapt7_ws/install/fishbot_navigation2/share/fishbot_navigation2/hook/cmake_prefix_path.dsv'
[0.678s] INFO:colcon.colcon_core.shell:Creating environment hook '/home/chairman/working/ros2/ROS2_learning/chapt7/chapt7_ws/install/fishbot_navigation2/share/fishbot_navigation2/hook/cmake_prefix_path.sh'
[0.679s] Level 1:colcon.colcon_core.environment:checking '/home/chairman/working/ros2/ROS2_learning/chapt7/chapt7_ws/install/fishbot_navigation2/bin'
[0.679s] Level 1:colcon.colcon_core.environment:checking '/home/chairman/working/ros2/ROS2_learning/chapt7/chapt7_ws/install/fishbot_navigation2/lib/pkgconfig/fishbot_navigation2.pc'
[0.679s] Level 1:colcon.colcon_core.environment:checking '/home/chairman/working/ros2/ROS2_learning/chapt7/chapt7_ws/install/fishbot_navigation2/lib/python3.10/site-packages'
[0.679s] Level 1:colcon.colcon_core.environment:checking '/home/chairman/working/ros2/ROS2_learning/chapt7/chapt7_ws/install/fishbot_navigation2/bin'
[0.679s] INFO:colcon.colcon_core.shell:Creating package script '/home/chairman/working/ros2/ROS2_learning/chapt7/chapt7_ws/install/fishbot_navigation2/share/fishbot_navigation2/package.ps1'
[0.680s] INFO:colcon.colcon_core.shell:Creating package descriptor '/home/chairman/working/ros2/ROS2_learning/chapt7/chapt7_ws/install/fishbot_navigation2/share/fishbot_navigation2/package.dsv'
[0.680s] INFO:colcon.colcon_core.shell:Creating package script '/home/chairman/working/ros2/ROS2_learning/chapt7/chapt7_ws/install/fishbot_navigation2/share/fishbot_navigation2/package.sh'
[0.681s] INFO:colcon.colcon_core.shell:Creating package script '/home/chairman/working/ros2/ROS2_learning/chapt7/chapt7_ws/install/fishbot_navigation2/share/fishbot_navigation2/package.bash'
[0.682s] INFO:colcon.colcon_core.shell:Creating package script '/home/chairman/working/ros2/ROS2_learning/chapt7/chapt7_ws/install/fishbot_navigation2/share/fishbot_navigation2/package.zsh'
[0.683s] Level 1:colcon.colcon_core.environment:create_file_with_runtime_dependencies(/home/chairman/working/ros2/ROS2_learning/chapt7/chapt7_ws/install/fishbot_navigation2/share/colcon-core/packages/fishbot_navigation2)
[0.684s] Level 1:colcon.colcon_core.environment:create_environment_scripts_only(fishbot_navigation2)
[0.684s] Level 1:colcon.colcon_core.environment:checking '/home/chairman/working/ros2/ROS2_learning/chapt7/chapt7_ws/install/fishbot_navigation2' for CMake module files
[0.684s] Level 1:colcon.colcon_core.environment:checking '/home/chairman/working/ros2/ROS2_learning/chapt7/chapt7_ws/install/fishbot_navigation2' for CMake config files
[0.684s] Level 1:colcon.colcon_core.shell:create_environment_hook('fishbot_navigation2', 'cmake_prefix_path')
[0.684s] INFO:colcon.colcon_core.shell:Creating environment hook '/home/chairman/working/ros2/ROS2_learning/chapt7/chapt7_ws/install/fishbot_navigation2/share/fishbot_navigation2/hook/cmake_prefix_path.ps1'
[0.685s] INFO:colcon.colcon_core.shell:Creating environment descriptor '/home/chairman/working/ros2/ROS2_learning/chapt7/chapt7_ws/install/fishbot_navigation2/share/fishbot_navigation2/hook/cmake_prefix_path.dsv'
[0.685s] INFO:colcon.colcon_core.shell:Creating environment hook '/home/chairman/working/ros2/ROS2_learning/chapt7/chapt7_ws/install/fishbot_navigation2/share/fishbot_navigation2/hook/cmake_prefix_path.sh'
[0.685s] Level 1:colcon.colcon_core.environment:checking '/home/chairman/working/ros2/ROS2_learning/chapt7/chapt7_ws/install/fishbot_navigation2/bin'
[0.685s] Level 1:colcon.colcon_core.environment:checking '/home/chairman/working/ros2/ROS2_learning/chapt7/chapt7_ws/install/fishbot_navigation2/lib/pkgconfig/fishbot_navigation2.pc'
[0.685s] Level 1:colcon.colcon_core.environment:checking '/home/chairman/working/ros2/ROS2_learning/chapt7/chapt7_ws/install/fishbot_navigation2/lib/python3.10/site-packages'
[0.686s] Level 1:colcon.colcon_core.environment:checking '/home/chairman/working/ros2/ROS2_learning/chapt7/chapt7_ws/install/fishbot_navigation2/bin'
[0.686s] INFO:colcon.colcon_core.shell:Creating package script '/home/chairman/working/ros2/ROS2_learning/chapt7/chapt7_ws/install/fishbot_navigation2/share/fishbot_navigation2/package.ps1'
[0.686s] INFO:colcon.colcon_core.shell:Creating package descriptor '/home/chairman/working/ros2/ROS2_learning/chapt7/chapt7_ws/install/fishbot_navigation2/share/fishbot_navigation2/package.dsv'
[0.686s] INFO:colcon.colcon_core.shell:Creating package script '/home/chairman/working/ros2/ROS2_learning/chapt7/chapt7_ws/install/fishbot_navigation2/share/fishbot_navigation2/package.sh'
[0.686s] INFO:colcon.colcon_core.shell:Creating package script '/home/chairman/working/ros2/ROS2_learning/chapt7/chapt7_ws/install/fishbot_navigation2/share/fishbot_navigation2/package.bash'
[0.687s] INFO:colcon.colcon_core.shell:Creating package script '/home/chairman/working/ros2/ROS2_learning/chapt7/chapt7_ws/install/fishbot_navigation2/share/fishbot_navigation2/package.zsh'
[0.687s] Level 1:colcon.colcon_core.environment:create_file_with_runtime_dependencies(/home/chairman/working/ros2/ROS2_learning/chapt7/chapt7_ws/install/fishbot_navigation2/share/colcon-core/packages/fishbot_navigation2)
[0.687s] Level 1:colcon.colcon_core.environment:create_environment_scripts_only(autopatrol_interfaces)
[0.688s] Level 1:colcon.colcon_core.environment:checking '/home/chairman/working/ros2/ROS2_learning/chapt7/chapt7_ws/install/autopatrol_interfaces' for CMake module files
[0.688s] DEBUG:colcon.colcon_core.event_handler.log_command:Invoked command in '/home/chairman/working/ros2/ROS2_learning/chapt7/chapt7_ws/build/autopatrol_interfaces' returned '0': CMAKE_PREFIX_PATH=/opt/ros/humble VIRTUAL_ENV_PROMPT=(venv) /usr/bin/cmake --install /home/chairman/working/ros2/ROS2_learning/chapt7/chapt7_ws/build/autopatrol_interfaces
[0.688s] Level 1:colcon.colcon_core.environment:checking '/home/chairman/working/ros2/ROS2_learning/chapt7/chapt7_ws/install/autopatrol_interfaces' for CMake config files
[0.689s] Level 1:colcon.colcon_core.shell:create_environment_hook('autopatrol_interfaces', 'cmake_prefix_path')
[0.689s] INFO:colcon.colcon_core.shell:Creating environment hook '/home/chairman/working/ros2/ROS2_learning/chapt7/chapt7_ws/install/autopatrol_interfaces/share/autopatrol_interfaces/hook/cmake_prefix_path.ps1'
[0.689s] INFO:colcon.colcon_core.shell:Creating environment descriptor '/home/chairman/working/ros2/ROS2_learning/chapt7/chapt7_ws/install/autopatrol_interfaces/share/autopatrol_interfaces/hook/cmake_prefix_path.dsv'
[0.689s] INFO:colcon.colcon_core.shell:Creating environment hook '/home/chairman/working/ros2/ROS2_learning/chapt7/chapt7_ws/install/autopatrol_interfaces/share/autopatrol_interfaces/hook/cmake_prefix_path.sh'
[0.689s] Level 1:colcon.colcon_core.environment:checking '/home/chairman/working/ros2/ROS2_learning/chapt7/chapt7_ws/install/autopatrol_interfaces/lib'
[0.689s] Level 1:colcon.colcon_core.shell:create_environment_hook('autopatrol_interfaces', 'ld_library_path_lib')
[0.690s] INFO:colcon.colcon_core.shell:Creating environment hook '/home/chairman/working/ros2/ROS2_learning/chapt7/chapt7_ws/install/autopatrol_interfaces/share/autopatrol_interfaces/hook/ld_library_path_lib.ps1'
[0.690s] INFO:colcon.colcon_core.shell:Creating environment descriptor '/home/chairman/working/ros2/ROS2_learning/chapt7/chapt7_ws/install/autopatrol_interfaces/share/autopatrol_interfaces/hook/ld_library_path_lib.dsv'
[0.690s] INFO:colcon.colcon_core.shell:Creating environment hook '/home/chairman/working/ros2/ROS2_learning/chapt7/chapt7_ws/install/autopatrol_interfaces/share/autopatrol_interfaces/hook/ld_library_path_lib.sh'
[0.690s] Level 1:colcon.colcon_core.environment:checking '/home/chairman/working/ros2/ROS2_learning/chapt7/chapt7_ws/install/autopatrol_interfaces/bin'
[0.690s] Level 1:colcon.colcon_core.environment:checking '/home/chairman/working/ros2/ROS2_learning/chapt7/chapt7_ws/install/autopatrol_interfaces/lib/pkgconfig/autopatrol_interfaces.pc'
[0.690s] Level 1:colcon.colcon_core.environment:checking '/home/chairman/working/ros2/ROS2_learning/chapt7/chapt7_ws/install/autopatrol_interfaces/lib/python3.10/site-packages'
[0.690s] Level 1:colcon.colcon_core.shell:create_environment_hook('autopatrol_interfaces', 'pythonpath')
[0.690s] INFO:colcon.colcon_core.shell:Creating environment hook '/home/chairman/working/ros2/ROS2_learning/chapt7/chapt7_ws/install/autopatrol_interfaces/share/autopatrol_interfaces/hook/pythonpath.ps1'
[0.691s] INFO:colcon.colcon_core.shell:Creating environment descriptor '/home/chairman/working/ros2/ROS2_learning/chapt7/chapt7_ws/install/autopatrol_interfaces/share/autopatrol_interfaces/hook/pythonpath.dsv'
[0.691s] INFO:colcon.colcon_core.shell:Creating environment hook '/home/chairman/working/ros2/ROS2_learning/chapt7/chapt7_ws/install/autopatrol_interfaces/share/autopatrol_interfaces/hook/pythonpath.sh'
[0.691s] Level 1:colcon.colcon_core.environment:checking '/home/chairman/working/ros2/ROS2_learning/chapt7/chapt7_ws/install/autopatrol_interfaces/bin'
[0.691s] INFO:colcon.colcon_core.shell:Creating package script '/home/chairman/working/ros2/ROS2_learning/chapt7/chapt7_ws/install/autopatrol_interfaces/share/autopatrol_interfaces/package.ps1'
[0.692s] INFO:colcon.colcon_core.shell:Creating package descriptor '/home/chairman/working/ros2/ROS2_learning/chapt7/chapt7_ws/install/autopatrol_interfaces/share/autopatrol_interfaces/package.dsv'
[0.692s] INFO:colcon.colcon_core.shell:Creating package script '/home/chairman/working/ros2/ROS2_learning/chapt7/chapt7_ws/install/autopatrol_interfaces/share/autopatrol_interfaces/package.sh'
[0.692s] INFO:colcon.colcon_core.shell:Creating package script '/home/chairman/working/ros2/ROS2_learning/chapt7/chapt7_ws/install/autopatrol_interfaces/share/autopatrol_interfaces/package.bash'
[0.692s] INFO:colcon.colcon_core.shell:Creating package script '/home/chairman/working/ros2/ROS2_learning/chapt7/chapt7_ws/install/autopatrol_interfaces/share/autopatrol_interfaces/package.zsh'
[0.692s] Level 1:colcon.colcon_core.environment:create_file_with_runtime_dependencies(/home/chairman/working/ros2/ROS2_learning/chapt7/chapt7_ws/install/autopatrol_interfaces/share/colcon-core/packages/autopatrol_interfaces)
[0.693s] Level 1:colcon.colcon_core.environment:create_environment_scripts_only(autopatrol_interfaces)
[0.693s] Level 1:colcon.colcon_core.environment:checking '/home/chairman/working/ros2/ROS2_learning/chapt7/chapt7_ws/install/autopatrol_interfaces' for CMake module files
[0.693s] Level 1:colcon.colcon_core.environment:checking '/home/chairman/working/ros2/ROS2_learning/chapt7/chapt7_ws/install/autopatrol_interfaces' for CMake config files
[0.693s] Level 1:colcon.colcon_core.shell:create_environment_hook('autopatrol_interfaces', 'cmake_prefix_path')
[0.694s] INFO:colcon.colcon_core.shell:Creating environment hook '/home/chairman/working/ros2/ROS2_learning/chapt7/chapt7_ws/install/autopatrol_interfaces/share/autopatrol_interfaces/hook/cmake_prefix_path.ps1'
[0.694s] INFO:colcon.colcon_core.shell:Creating environment descriptor '/home/chairman/working/ros2/ROS2_learning/chapt7/chapt7_ws/install/autopatrol_interfaces/share/autopatrol_interfaces/hook/cmake_prefix_path.dsv'
[0.694s] INFO:colcon.colcon_core.shell:Creating environment hook '/home/chairman/working/ros2/ROS2_learning/chapt7/chapt7_ws/install/autopatrol_interfaces/share/autopatrol_interfaces/hook/cmake_prefix_path.sh'
[0.694s] Level 1:colcon.colcon_core.environment:checking '/home/chairman/working/ros2/ROS2_learning/chapt7/chapt7_ws/install/autopatrol_interfaces/lib'
[0.694s] Level 1:colcon.colcon_core.shell:create_environment_hook('autopatrol_interfaces', 'ld_library_path_lib')
[0.694s] INFO:colcon.colcon_core.shell:Creating environment hook '/home/chairman/working/ros2/ROS2_learning/chapt7/chapt7_ws/install/autopatrol_interfaces/share/autopatrol_interfaces/hook/ld_library_path_lib.ps1'
[0.695s] INFO:colcon.colcon_core.shell:Creating environment descriptor '/home/chairman/working/ros2/ROS2_learning/chapt7/chapt7_ws/install/autopatrol_interfaces/share/autopatrol_interfaces/hook/ld_library_path_lib.dsv'
[0.695s] INFO:colcon.colcon_core.shell:Creating environment hook '/home/chairman/working/ros2/ROS2_learning/chapt7/chapt7_ws/install/autopatrol_interfaces/share/autopatrol_interfaces/hook/ld_library_path_lib.sh'
[0.695s] Level 1:colcon.colcon_core.environment:checking '/home/chairman/working/ros2/ROS2_learning/chapt7/chapt7_ws/install/autopatrol_interfaces/bin'
[0.695s] Level 1:colcon.colcon_core.environment:checking '/home/chairman/working/ros2/ROS2_learning/chapt7/chapt7_ws/install/autopatrol_interfaces/lib/pkgconfig/autopatrol_interfaces.pc'
[0.695s] Level 1:colcon.colcon_core.environment:checking '/home/chairman/working/ros2/ROS2_learning/chapt7/chapt7_ws/install/autopatrol_interfaces/lib/python3.10/site-packages'
[0.695s] Level 1:colcon.colcon_core.shell:create_environment_hook('autopatrol_interfaces', 'pythonpath')
[0.695s] INFO:colcon.colcon_core.shell:Creating environment hook '/home/chairman/working/ros2/ROS2_learning/chapt7/chapt7_ws/install/autopatrol_interfaces/share/autopatrol_interfaces/hook/pythonpath.ps1'
[0.696s] INFO:colcon.colcon_core.shell:Creating environment descriptor '/home/chairman/working/ros2/ROS2_learning/chapt7/chapt7_ws/install/autopatrol_interfaces/share/autopatrol_interfaces/hook/pythonpath.dsv'
[0.696s] INFO:colcon.colcon_core.shell:Creating environment hook '/home/chairman/working/ros2/ROS2_learning/chapt7/chapt7_ws/install/autopatrol_interfaces/share/autopatrol_interfaces/hook/pythonpath.sh'
[0.696s] Level 1:colcon.colcon_core.environment:checking '/home/chairman/working/ros2/ROS2_learning/chapt7/chapt7_ws/install/autopatrol_interfaces/bin'
[0.696s] INFO:colcon.colcon_core.shell:Creating package script '/home/chairman/working/ros2/ROS2_learning/chapt7/chapt7_ws/install/autopatrol_interfaces/share/autopatrol_interfaces/package.ps1'
[0.697s] INFO:colcon.colcon_core.shell:Creating package descriptor '/home/chairman/working/ros2/ROS2_learning/chapt7/chapt7_ws/install/autopatrol_interfaces/share/autopatrol_interfaces/package.dsv'
[0.697s] INFO:colcon.colcon_core.shell:Creating package script '/home/chairman/working/ros2/ROS2_learning/chapt7/chapt7_ws/install/autopatrol_interfaces/share/autopatrol_interfaces/package.sh'
[0.697s] INFO:colcon.colcon_core.shell:Creating package script '/home/chairman/working/ros2/ROS2_learning/chapt7/chapt7_ws/install/autopatrol_interfaces/share/autopatrol_interfaces/package.bash'
[0.697s] INFO:colcon.colcon_core.shell:Creating package script '/home/chairman/working/ros2/ROS2_learning/chapt7/chapt7_ws/install/autopatrol_interfaces/share/autopatrol_interfaces/package.zsh'
[0.698s] Level 1:colcon.colcon_core.environment:create_file_with_runtime_dependencies(/home/chairman/working/ros2/ROS2_learning/chapt7/chapt7_ws/install/autopatrol_interfaces/share/colcon-core/packages/autopatrol_interfaces)
[0.914s] DEBUG:colcon.colcon_core.event_handler.log_command:Invoking command in '/home/chairman/working/ros2/ROS2_learning/chapt7/chapt7_ws/fishbot_application': PYTHONPATH=/home/chairman/working/ros2/ROS2_learning/chapt7/chapt7_ws/build/fishbot_application/prefix_override:/usr/lib/python3/dist-packages/colcon_core/task/python/colcon_distutils_commands:/home/chairman/working/ros2/ROS2_learning/chapt7/chapt7_ws/install/fishbot_application/lib/python3.10/site-packages:${PYTHONPATH} VIRTUAL_ENV_PROMPT=(venv) /usr/bin/python3 -W ignore:setup.py install is deprecated -W ignore:easy_install command is deprecated setup.py egg_info --egg-base ../build/fishbot_application build --build-base /home/chairman/working/ros2/ROS2_learning/chapt7/chapt7_ws/build/fishbot_application/build install --record /home/chairman/working/ros2/ROS2_learning/chapt7/chapt7_ws/build/fishbot_application/install.log --single-version-externally-managed install_data
[0.916s] DEBUG:colcon.colcon_core.event_handler.log_command:Invoking command in '/home/chairman/working/ros2/ROS2_learning/chapt7/chapt7_ws/autopatrol_robot': PYTHONPATH=/home/chairman/working/ros2/ROS2_learning/chapt7/chapt7_ws/build/autopatrol_robot/prefix_override:/usr/lib/python3/dist-packages/colcon_core/task/python/colcon_distutils_commands:/home/chairman/working/ros2/ROS2_learning/chapt7/chapt7_ws/install/autopatrol_robot/lib/python3.10/site-packages:${PYTHONPATH} VIRTUAL_ENV_PROMPT=(venv) /usr/bin/python3 -W ignore:setup.py install is deprecated -W ignore:easy_install command is deprecated setup.py egg_info --egg-base ../build/autopatrol_robot build --build-base /home/chairman/working/ros2/ROS2_learning/chapt7/chapt7_ws/build/autopatrol_robot/build install --record /home/chairman/working/ros2/ROS2_learning/chapt7/chapt7_ws/build/autopatrol_robot/install.log --single-version-externally-managed install_data
[1.089s] Level 1:colcon.colcon_core.environment:checking '/home/chairman/working/ros2/ROS2_learning/chapt7/chapt7_ws/install/autopatrol_robot' for CMake module files
[1.089s] DEBUG:colcon.colcon_core.event_handler.log_command:Invoked command in '/home/chairman/working/ros2/ROS2_learning/chapt7/chapt7_ws/autopatrol_robot' returned '0': PYTHONPATH=/home/chairman/working/ros2/ROS2_learning/chapt7/chapt7_ws/build/autopatrol_robot/prefix_override:/usr/lib/python3/dist-packages/colcon_core/task/python/colcon_distutils_commands:/home/chairman/working/ros2/ROS2_learning/chapt7/chapt7_ws/install/autopatrol_robot/lib/python3.10/site-packages:${PYTHONPATH} VIRTUAL_ENV_PROMPT=(venv) /usr/bin/python3 -W ignore:setup.py install is deprecated -W ignore:easy_install command is deprecated setup.py egg_info --egg-base ../build/autopatrol_robot build --build-base /home/chairman/working/ros2/ROS2_learning/chapt7/chapt7_ws/build/autopatrol_robot/build install --record /home/chairman/working/ros2/ROS2_learning/chapt7/chapt7_ws/build/autopatrol_robot/install.log --single-version-externally-managed install_data
[1.089s] Level 1:colcon.colcon_core.environment:checking '/home/chairman/working/ros2/ROS2_learning/chapt7/chapt7_ws/install/autopatrol_robot' for CMake config files
[1.090s] Level 1:colcon.colcon_core.environment:checking '/home/chairman/working/ros2/ROS2_learning/chapt7/chapt7_ws/install/autopatrol_robot/lib'
[1.090s] Level 1:colcon.colcon_core.environment:checking '/home/chairman/working/ros2/ROS2_learning/chapt7/chapt7_ws/install/autopatrol_robot/bin'
[1.090s] Level 1:colcon.colcon_core.environment:checking '/home/chairman/working/ros2/ROS2_learning/chapt7/chapt7_ws/install/autopatrol_robot/lib/pkgconfig/autopatrol_robot.pc'
[1.090s] Level 1:colcon.colcon_core.environment:checking '/home/chairman/working/ros2/ROS2_learning/chapt7/chapt7_ws/install/autopatrol_robot/lib/python3.10/site-packages'
[1.090s] Level 1:colcon.colcon_core.shell:create_environment_hook('autopatrol_robot', 'pythonpath')
[1.090s] INFO:colcon.colcon_core.shell:Creating environment hook '/home/chairman/working/ros2/ROS2_learning/chapt7/chapt7_ws/install/autopatrol_robot/share/autopatrol_robot/hook/pythonpath.ps1'
[1.090s] INFO:colcon.colcon_core.shell:Creating environment descriptor '/home/chairman/working/ros2/ROS2_learning/chapt7/chapt7_ws/install/autopatrol_robot/share/autopatrol_robot/hook/pythonpath.dsv'
[1.091s] INFO:colcon.colcon_core.shell:Creating environment hook '/home/chairman/working/ros2/ROS2_learning/chapt7/chapt7_ws/install/autopatrol_robot/share/autopatrol_robot/hook/pythonpath.sh'
[1.091s] Level 1:colcon.colcon_core.environment:checking '/home/chairman/working/ros2/ROS2_learning/chapt7/chapt7_ws/install/autopatrol_robot/bin'
[1.091s] Level 1:colcon.colcon_core.environment:create_environment_scripts_only(autopatrol_robot)
[1.091s] INFO:colcon.colcon_core.shell:Creating package script '/home/chairman/working/ros2/ROS2_learning/chapt7/chapt7_ws/install/autopatrol_robot/share/autopatrol_robot/package.ps1'
[1.092s] INFO:colcon.colcon_core.shell:Creating package descriptor '/home/chairman/working/ros2/ROS2_learning/chapt7/chapt7_ws/install/autopatrol_robot/share/autopatrol_robot/package.dsv'
[1.092s] INFO:colcon.colcon_core.shell:Creating package script '/home/chairman/working/ros2/ROS2_learning/chapt7/chapt7_ws/install/autopatrol_robot/share/autopatrol_robot/package.sh'
[1.092s] INFO:colcon.colcon_core.shell:Creating package script '/home/chairman/working/ros2/ROS2_learning/chapt7/chapt7_ws/install/autopatrol_robot/share/autopatrol_robot/package.bash'
[1.092s] INFO:colcon.colcon_core.shell:Creating package script '/home/chairman/working/ros2/ROS2_learning/chapt7/chapt7_ws/install/autopatrol_robot/share/autopatrol_robot/package.zsh'
[1.092s] Level 1:colcon.colcon_core.environment:create_file_with_runtime_dependencies(/home/chairman/working/ros2/ROS2_learning/chapt7/chapt7_ws/install/autopatrol_robot/share/colcon-core/packages/autopatrol_robot)
[1.092s] Level 1:colcon.colcon_core.environment:checking '/home/chairman/working/ros2/ROS2_learning/chapt7/chapt7_ws/install/fishbot_application' for CMake module files
[1.093s] Level 1:colcon.colcon_core.environment:checking '/home/chairman/working/ros2/ROS2_learning/chapt7/chapt7_ws/install/fishbot_application' for CMake config files
[1.093s] DEBUG:colcon.colcon_core.event_handler.log_command:Invoked command in '/home/chairman/working/ros2/ROS2_learning/chapt7/chapt7_ws/fishbot_application' returned '0': PYTHONPATH=/home/chairman/working/ros2/ROS2_learning/chapt7/chapt7_ws/build/fishbot_application/prefix_override:/usr/lib/python3/dist-packages/colcon_core/task/python/colcon_distutils_commands:/home/chairman/working/ros2/ROS2_learning/chapt7/chapt7_ws/install/fishbot_application/lib/python3.10/site-packages:${PYTHONPATH} VIRTUAL_ENV_PROMPT=(venv) /usr/bin/python3 -W ignore:setup.py install is deprecated -W ignore:easy_install command is deprecated setup.py egg_info --egg-base ../build/fishbot_application build --build-base /home/chairman/working/ros2/ROS2_learning/chapt7/chapt7_ws/build/fishbot_application/build install --record /home/chairman/working/ros2/ROS2_learning/chapt7/chapt7_ws/build/fishbot_application/install.log --single-version-externally-managed install_data
[1.093s] Level 1:colcon.colcon_core.environment:checking '/home/chairman/working/ros2/ROS2_learning/chapt7/chapt7_ws/install/fishbot_application/lib'
[1.094s] Level 1:colcon.colcon_core.environment:checking '/home/chairman/working/ros2/ROS2_learning/chapt7/chapt7_ws/install/fishbot_application/bin'
[1.094s] Level 1:colcon.colcon_core.environment:checking '/home/chairman/working/ros2/ROS2_learning/chapt7/chapt7_ws/install/fishbot_application/lib/pkgconfig/fishbot_application.pc'
[1.094s] Level 1:colcon.colcon_core.environment:checking '/home/chairman/working/ros2/ROS2_learning/chapt7/chapt7_ws/install/fishbot_application/lib/python3.10/site-packages'
[1.094s] Level 1:colcon.colcon_core.shell:create_environment_hook('fishbot_application', 'pythonpath')
[1.094s] INFO:colcon.colcon_core.shell:Creating environment hook '/home/chairman/working/ros2/ROS2_learning/chapt7/chapt7_ws/install/fishbot_application/share/fishbot_application/hook/pythonpath.ps1'
[1.094s] INFO:colcon.colcon_core.shell:Creating environment descriptor '/home/chairman/working/ros2/ROS2_learning/chapt7/chapt7_ws/install/fishbot_application/share/fishbot_application/hook/pythonpath.dsv'
[1.094s] INFO:colcon.colcon_core.shell:Creating environment hook '/home/chairman/working/ros2/ROS2_learning/chapt7/chapt7_ws/install/fishbot_application/share/fishbot_application/hook/pythonpath.sh'
[1.095s] Level 1:colcon.colcon_core.environment:checking '/home/chairman/working/ros2/ROS2_learning/chapt7/chapt7_ws/install/fishbot_application/bin'
[1.095s] Level 1:colcon.colcon_core.environment:create_environment_scripts_only(fishbot_application)
[1.095s] INFO:colcon.colcon_core.shell:Creating package script '/home/chairman/working/ros2/ROS2_learning/chapt7/chapt7_ws/install/fishbot_application/share/fishbot_application/package.ps1'
[1.095s] INFO:colcon.colcon_core.shell:Creating package descriptor '/home/chairman/working/ros2/ROS2_learning/chapt7/chapt7_ws/install/fishbot_application/share/fishbot_application/package.dsv'
[1.095s] INFO:colcon.colcon_core.shell:Creating package script '/home/chairman/working/ros2/ROS2_learning/chapt7/chapt7_ws/install/fishbot_application/share/fishbot_application/package.sh'
[1.095s] INFO:colcon.colcon_core.shell:Creating package script '/home/chairman/working/ros2/ROS2_learning/chapt7/chapt7_ws/install/fishbot_application/share/fishbot_application/package.bash'
[1.096s] INFO:colcon.colcon_core.shell:Creating package script '/home/chairman/working/ros2/ROS2_learning/chapt7/chapt7_ws/install/fishbot_application/share/fishbot_application/package.zsh'
[1.096s] Level 1:colcon.colcon_core.environment:create_file_with_runtime_dependencies(/home/chairman/working/ros2/ROS2_learning/chapt7/chapt7_ws/install/fishbot_application/share/colcon-core/packages/fishbot_application)
[1.096s] DEBUG:colcon.colcon_parallel_executor.executor.parallel:closing loop
[1.096s] DEBUG:colcon.colcon_parallel_executor.executor.parallel:loop closed
[1.096s] DEBUG:colcon.colcon_parallel_executor.executor.parallel:run_until_complete finished with '0'
[1.096s] DEBUG:colcon.colcon_core.event_reactor:joining thread
[1.100s] INFO:colcon.colcon_core.plugin_system:Skipping extension 'colcon_notification.desktop_notification.terminal_notifier': Not used on non-Darwin systems
[1.100s] INFO:colcon.colcon_core.plugin_system:Skipping extension 'colcon_notification.desktop_notification.win32': Not used on non-Windows systems
[1.100s] INFO:colcon.colcon_notification.desktop_notification:Sending desktop notification using 'notify2'
[1.118s] DEBUG:colcon.colcon_core.event_reactor:joined thread
[1.118s] INFO:colcon.colcon_core.shell:Creating prefix script '/home/chairman/working/ros2/ROS2_learning/chapt7/chapt7_ws/install/local_setup.ps1'
[1.119s] INFO:colcon.colcon_core.shell:Creating prefix util module '/home/chairman/working/ros2/ROS2_learning/chapt7/chapt7_ws/install/_local_setup_util_ps1.py'
[1.120s] INFO:colcon.colcon_core.shell:Creating prefix chain script '/home/chairman/working/ros2/ROS2_learning/chapt7/chapt7_ws/install/setup.ps1'
[1.121s] INFO:colcon.colcon_core.shell:Creating prefix script '/home/chairman/working/ros2/ROS2_learning/chapt7/chapt7_ws/install/local_setup.sh'
[1.121s] INFO:colcon.colcon_core.shell:Creating prefix util module '/home/chairman/working/ros2/ROS2_learning/chapt7/chapt7_ws/install/_local_setup_util_sh.py'
[1.122s] INFO:colcon.colcon_core.shell:Creating prefix chain script '/home/chairman/working/ros2/ROS2_learning/chapt7/chapt7_ws/install/setup.sh'
[1.122s] INFO:colcon.colcon_core.shell:Creating prefix script '/home/chairman/working/ros2/ROS2_learning/chapt7/chapt7_ws/install/local_setup.bash'
[1.123s] INFO:colcon.colcon_core.shell:Creating prefix chain script '/home/chairman/working/ros2/ROS2_learning/chapt7/chapt7_ws/install/setup.bash'
[1.123s] INFO:colcon.colcon_core.shell:Creating prefix script '/home/chairman/working/ros2/ROS2_learning/chapt7/chapt7_ws/install/local_setup.zsh'
[1.124s] INFO:colcon.colcon_core.shell:Creating prefix chain script '/home/chairman/working/ros2/ROS2_learning/chapt7/chapt7_ws/install/setup.zsh'
