[0.337s] Invoking command in '/home/chairman/working/ros2/learning/chapt8/chapt8_ws/src/build/nav2_custom_planner': CMAKE_PREFIX_PATH=/opt/ros/humble /usr/bin/cmake /home/chairman/working/ros2/learning/chapt8/chapt8_ws/src/nav2_custom_planner -DCMAKE_INSTALL_PREFIX=/home/chairman/working/ros2/learning/chapt8/chapt8_ws/src/install/nav2_custom_planner
[0.382s] -- The C compiler identification is GNU 11.4.0
[0.425s] -- The CXX compiler identification is GNU 11.4.0
[0.432s] -- Detecting C compiler ABI info
[0.485s] -- Detecting C compiler ABI info - done
[0.490s] -- Check for working C compiler: /usr/bin/cc - skipped
[0.490s] -- Detecting C compile features
[0.490s] -- Detecting C compile features - done
[0.492s] -- Detecting CXX compiler ABI info
[0.556s] -- Detecting CXX compiler ABI info - done
[0.561s] -- Check for working CXX compiler: /usr/bin/c++ - skipped
[0.561s] -- Detecting CXX compile features
[0.561s] -- Detecting CXX compile features - done
[0.563s] -- Found ament_cmake: 1.3.11 (/opt/ros/humble/share/ament_cmake/cmake)
[0.670s] -- Found Python3: /usr/bin/python3 (found version "3.10.12") found components: Interpreter 
[0.729s] -- Found nav2_core: 1.1.18 (/opt/ros/humble/share/nav2_core/cmake)
[0.763s] -- Found rosidl_generator_c: 3.1.6 (/opt/ros/humble/share/rosidl_generator_c/cmake)
[0.766s] -- Found rosidl_adapter: 3.1.6 (/opt/ros/humble/share/rosidl_adapter/cmake)
[0.772s] -- Found rosidl_generator_cpp: 3.1.6 (/opt/ros/humble/share/rosidl_generator_cpp/cmake)
[0.779s] -- Using all available rosidl_typesupport_c: rosidl_typesupport_fastrtps_c;rosidl_typesupport_introspection_c
[0.791s] -- Using all available rosidl_typesupport_cpp: rosidl_typesupport_fastrtps_cpp;rosidl_typesupport_introspection_cpp
[0.825s] -- Found rmw_implementation_cmake: 6.1.2 (/opt/ros/humble/share/rmw_implementation_cmake/cmake)
[0.827s] -- Found rmw_fastrtps_cpp: 6.2.7 (/opt/ros/humble/share/rmw_fastrtps_cpp/cmake)
[0.913s] -- Found OpenSSL: /usr/lib/x86_64-linux-gnu/libcrypto.so (found version "3.0.2")  
[0.944s] -- Found FastRTPS: /opt/ros/humble/include  
[0.978s] -- Using RMW implementation 'rmw_fastrtps_cpp' as default
[0.990s] -- Looking for pthread.h
[1.062s] -- Looking for pthread.h - found
[1.062s] -- Performing Test CMAKE_HAVE_LIBC_PTHREAD
[1.134s] -- Performing Test CMAKE_HAVE_LIBC_PTHREAD - Success
[1.135s] -- Found Threads: TRUE  
[1.385s] -- Found Eigen3: TRUE (found version "3.4.0") 
[1.385s] -- Ensuring Eigen3 include directory is part of orocos-kdl CMake target
[1.474s] [31mCMake Error at CMakeLists.txt:19 (add_library):
[1.474s]   The target name "$(library_name)" is reserved or not valid for certain
[1.474s]   CMake features, such as generator expressions, and may result in undefined
[1.474s]   behavior.
[1.474s] 
[1.474s] [0m
[1.474s] [31mCMake Error at /opt/ros/humble/share/ament_cmake_target_dependencies/cmake/ament_target_dependencies.cmake:42 (message):
[1.474s]   ament_target_dependencies() the first argument must be a valid target name
[1.474s] Call Stack (most recent call first):
[1.474s]   CMakeLists.txt:21 (ament_target_dependencies)
[1.474s] 
[1.474s] [0m
[1.474s] -- Configuring incomplete, errors occurred!
[1.474s] See also "/home/chairman/working/ros2/learning/chapt8/chapt8_ws/src/build/nav2_custom_planner/CMakeFiles/CMakeOutput.log".
[1.480s] Invoked command in '/home/chairman/working/ros2/learning/chapt8/chapt8_ws/src/build/nav2_custom_planner' returned '1': CMAKE_PREFIX_PATH=/opt/ros/humble /usr/bin/cmake /home/chairman/working/ros2/learning/chapt8/chapt8_ws/src/nav2_custom_planner -DCMAKE_INSTALL_PREFIX=/home/chairman/working/ros2/learning/chapt8/chapt8_ws/src/install/nav2_custom_planner
