[0.017s] Invoking command in '/home/chairman/working/ros2/beijixiong/ros_ws/build/rmoss_util': CMAKE_PREFIX_PATH=/home/chairman/working/ros2/beijixiong/ros_ws/install/rmoss_interfaces:/home/chairman/working/ros2/beijixiong/ros_ws/install/rmu_gazebo_simulator:/home/chairman/working/ros2/beijixiong/ros_ws/install/pb2025_robot_description:/home/chairman/working/ros2/beijixiong/ros_ws/install/rmoss_core:/home/chairman/working/ros2/beijixiong/ros_ws/install/rmoss_cam:/home/chairman/working/ros2/beijixiong/ros_ws/install/rmoss_util:/home/chairman/working/ros2/beijixiong/ros_ws/install/rmoss_projectile_motion:/home/chairman/working/ros2/beijixiong/ros_ws/install/rmoss_gz_cam:/home/chairman/working/ros2/beijixiong/ros_ws/install/rmoss_gz_bridge:/home/chairman/working/ros2/beijixiong/ros_ws/install/rmoss_gz_base:/home/chairman/working/ros2/beijixiong/ros_ws/install/rmoss_base:/home/chairman/working/ros2/beijixiong/ros_ws/install/rmoss_gz_resources:/home/chairman/working/ros2/beijixiong/ros_ws/install/rmoss_gz_plugins:/home/chairman/working/ros2/beijixiong/ros_ws/install/sdformat_tools:/opt/ros/humble LD_LIBRARY_PATH=/home/chairman/working/ros2/beijixiong/ros_ws/install/rmoss_interfaces/lib:/home/chairman/working/ros2/beijixiong/ros_ws/install/rmoss_cam/lib:/home/chairman/working/ros2/beijixiong/ros_ws/install/rmoss_util/lib:/home/chairman/working/ros2/beijixiong/ros_ws/install/rmoss_projectile_motion/lib:/home/chairman/working/ros2/beijixiong/ros_ws/install/rmoss_gz_cam/lib:/home/chairman/working/ros2/beijixiong/ros_ws/install/rmoss_gz_base/lib:/home/chairman/working/ros2/beijixiong/ros_ws/install/rmoss_base/lib:/usr/lib/x86_64-linux-gnu:/usr/lib/x86_64-linux-gnu:/opt/ros/humble/opt/rviz_ogre_vendor/lib:/opt/ros/humble/lib/x86_64-linux-gnu:/opt/ros/humble/lib PYTHONPATH=/home/chairman/working/ros2/beijixiong/ros_ws/install/rmoss_interfaces/lib/python3.10/site-packages:/home/chairman/working/ros2/beijixiong/ros_ws/build/sdformat_tools:/home/chairman/working/ros2/beijixiong/ros_ws/install/sdformat_tools/lib/python3.10/site-packages:/opt/ros/humble/lib/python3.10/site-packages:/opt/ros/humble/local/lib/python3.10/dist-packages VIRTUAL_ENV_PROMPT=(venv) /usr/bin/cmake /home/chairman/working/ros2/beijixiong/ros_ws/src/rmoss_core/rmoss_util -DCMAKE_BUILD_TYPE=release -DAMENT_CMAKE_SYMLINK_INSTALL=1 -DCMAKE_INSTALL_PREFIX=/home/chairman/working/ros2/beijixiong/ros_ws/install/rmoss_util
[0.061s] -- The C compiler identification is GNU 11.4.0
[0.099s] -- The CXX compiler identification is GNU 11.4.0
[0.104s] -- Detecting C compiler ABI info
[0.155s] -- Detecting C compiler ABI info - done
[0.160s] -- Check for working C compiler: /usr/bin/cc - skipped
[0.161s] -- Detecting C compile features
[0.161s] -- Detecting C compile features - done
[0.163s] -- Detecting CXX compiler ABI info
[0.221s] -- Detecting CXX compiler ABI info - done
[0.229s] -- Check for working CXX compiler: /usr/bin/c++ - skipped
[0.229s] -- Detecting CXX compile features
[0.230s] -- Detecting CXX compile features - done
[0.232s] -- Found ament_cmake: 1.3.12 (/opt/ros/humble/share/ament_cmake/cmake)
[0.338s] -- Found Python3: /home/chairman/venv/bin/python3 (found version "3.10.12") found components: Interpreter 
[0.381s] -- Override CMake install command with custom implementation using symlinks instead of copying resources
[0.398s] -- Found ament_index_cpp: 1.4.0 (/opt/ros/humble/share/ament_index_cpp/cmake)
[0.399s] -- Found rcpputils: 2.4.6 (/opt/ros/humble/share/rcpputils/cmake)
[0.408s] -- Found rclcpp: 16.0.15 (/opt/ros/humble/share/rclcpp/cmake)
[0.426s] -- Found rosidl_generator_c: 3.1.7 (/opt/ros/humble/share/rosidl_generator_c/cmake)
[0.429s] -- Found rosidl_adapter: 3.1.7 (/opt/ros/humble/share/rosidl_adapter/cmake)
[0.435s] -- Found rosidl_generator_cpp: 3.1.7 (/opt/ros/humble/share/rosidl_generator_cpp/cmake)
[0.443s] -- Using all available rosidl_typesupport_c: rosidl_typesupport_fastrtps_c;rosidl_typesupport_introspection_c
[0.451s] -- Using all available rosidl_typesupport_cpp: rosidl_typesupport_fastrtps_cpp;rosidl_typesupport_introspection_cpp
[0.481s] -- Found rmw_implementation_cmake: 6.1.2 (/opt/ros/humble/share/rmw_implementation_cmake/cmake)
[0.483s] -- Found rmw_fastrtps_cpp: 6.2.9 (/opt/ros/humble/share/rmw_fastrtps_cpp/cmake)
[0.549s] -- Found OpenSSL: /usr/lib/x86_64-linux-gnu/libcrypto.so (found version "3.0.2")  
[0.568s] -- Found FastRTPS: /opt/ros/humble/include  
[0.600s] -- Using RMW implementation 'rmw_fastrtps_cpp' as default
[0.605s] -- Looking for pthread.h
[0.657s] -- Looking for pthread.h - found
[0.657s] -- Performing Test CMAKE_HAVE_LIBC_PTHREAD
[0.715s] -- Performing Test CMAKE_HAVE_LIBC_PTHREAD - Success
[0.716s] -- Found Threads: TRUE  
[0.748s] -- Found sensor_msgs: 4.9.0 (/opt/ros/humble/share/sensor_msgs/cmake)
[0.767s] -- Found rmoss_interfaces: 0.9.0 (/home/chairman/working/ros2/beijixiong/ros_ws/install/rmoss_interfaces/share/rmoss_interfaces/cmake)
[0.781s] -- Found cv_bridge: 3.2.1 (/opt/ros/humble/share/cv_bridge/cmake)
[0.790s] -- Found OpenCV: /usr (found version "4.5.4") 
[0.795s] -- Found ament_lint_auto: 0.12.14 (/opt/ros/humble/share/ament_lint_auto/cmake)
[0.860s] -- Found ament_cmake_gtest: 1.3.12 (/opt/ros/humble/share/ament_cmake_gtest/cmake)
[0.862s] -- Found gtest sources under '/opt/ros/humble/src/gtest_vendor': C++ tests using 'Google Test' will be built
[0.866s] -- Added test 'copyright' to check source files copyright and LICENSE
[0.867s] -- Added test 'cppcheck' to perform static code analysis on C / C++ code
[0.867s] -- Configured cppcheck include dirs: /home/chairman/working/ros2/beijixiong/ros_ws/src/rmoss_core/rmoss_util/include
[0.867s] -- Configured cppcheck exclude dirs and/or files: 
[0.868s] -- Added test 'cpplint' to check C / C++ code against the Google style
[0.868s] -- Configured cpplint exclude dirs and/or files: 
[0.868s] -- Added test 'lint_cmake' to check CMake code style
[0.869s] -- Added test 'uncrustify' to check C / C++ code style
[0.869s] -- Configured uncrustify additional arguments: 
[0.870s] -- Added test 'xmllint' to check XML markup files
[0.871s] -- Configuring done
[0.885s] -- Generating done
[0.890s] -- Build files have been written to: /home/chairman/working/ros2/beijixiong/ros_ws/build/rmoss_util
[0.898s] Invoked command in '/home/chairman/working/ros2/beijixiong/ros_ws/build/rmoss_util' returned '0': CMAKE_PREFIX_PATH=/home/chairman/working/ros2/beijixiong/ros_ws/install/rmoss_interfaces:/home/chairman/working/ros2/beijixiong/ros_ws/install/rmu_gazebo_simulator:/home/chairman/working/ros2/beijixiong/ros_ws/install/pb2025_robot_description:/home/chairman/working/ros2/beijixiong/ros_ws/install/rmoss_core:/home/chairman/working/ros2/beijixiong/ros_ws/install/rmoss_cam:/home/chairman/working/ros2/beijixiong/ros_ws/install/rmoss_util:/home/chairman/working/ros2/beijixiong/ros_ws/install/rmoss_projectile_motion:/home/chairman/working/ros2/beijixiong/ros_ws/install/rmoss_gz_cam:/home/chairman/working/ros2/beijixiong/ros_ws/install/rmoss_gz_bridge:/home/chairman/working/ros2/beijixiong/ros_ws/install/rmoss_gz_base:/home/chairman/working/ros2/beijixiong/ros_ws/install/rmoss_base:/home/chairman/working/ros2/beijixiong/ros_ws/install/rmoss_gz_resources:/home/chairman/working/ros2/beijixiong/ros_ws/install/rmoss_gz_plugins:/home/chairman/working/ros2/beijixiong/ros_ws/install/sdformat_tools:/opt/ros/humble LD_LIBRARY_PATH=/home/chairman/working/ros2/beijixiong/ros_ws/install/rmoss_interfaces/lib:/home/chairman/working/ros2/beijixiong/ros_ws/install/rmoss_cam/lib:/home/chairman/working/ros2/beijixiong/ros_ws/install/rmoss_util/lib:/home/chairman/working/ros2/beijixiong/ros_ws/install/rmoss_projectile_motion/lib:/home/chairman/working/ros2/beijixiong/ros_ws/install/rmoss_gz_cam/lib:/home/chairman/working/ros2/beijixiong/ros_ws/install/rmoss_gz_base/lib:/home/chairman/working/ros2/beijixiong/ros_ws/install/rmoss_base/lib:/usr/lib/x86_64-linux-gnu:/usr/lib/x86_64-linux-gnu:/opt/ros/humble/opt/rviz_ogre_vendor/lib:/opt/ros/humble/lib/x86_64-linux-gnu:/opt/ros/humble/lib PYTHONPATH=/home/chairman/working/ros2/beijixiong/ros_ws/install/rmoss_interfaces/lib/python3.10/site-packages:/home/chairman/working/ros2/beijixiong/ros_ws/build/sdformat_tools:/home/chairman/working/ros2/beijixiong/ros_ws/install/sdformat_tools/lib/python3.10/site-packages:/opt/ros/humble/lib/python3.10/site-packages:/opt/ros/humble/local/lib/python3.10/dist-packages VIRTUAL_ENV_PROMPT=(venv) /usr/bin/cmake /home/chairman/working/ros2/beijixiong/ros_ws/src/rmoss_core/rmoss_util -DCMAKE_BUILD_TYPE=release -DAMENT_CMAKE_SYMLINK_INSTALL=1 -DCMAKE_INSTALL_PREFIX=/home/chairman/working/ros2/beijixiong/ros_ws/install/rmoss_util
[0.899s] Invoking command in '/home/chairman/working/ros2/beijixiong/ros_ws/build/rmoss_util': CMAKE_PREFIX_PATH=/home/chairman/working/ros2/beijixiong/ros_ws/install/rmoss_interfaces:/home/chairman/working/ros2/beijixiong/ros_ws/install/rmu_gazebo_simulator:/home/chairman/working/ros2/beijixiong/ros_ws/install/pb2025_robot_description:/home/chairman/working/ros2/beijixiong/ros_ws/install/rmoss_core:/home/chairman/working/ros2/beijixiong/ros_ws/install/rmoss_cam:/home/chairman/working/ros2/beijixiong/ros_ws/install/rmoss_util:/home/chairman/working/ros2/beijixiong/ros_ws/install/rmoss_projectile_motion:/home/chairman/working/ros2/beijixiong/ros_ws/install/rmoss_gz_cam:/home/chairman/working/ros2/beijixiong/ros_ws/install/rmoss_gz_bridge:/home/chairman/working/ros2/beijixiong/ros_ws/install/rmoss_gz_base:/home/chairman/working/ros2/beijixiong/ros_ws/install/rmoss_base:/home/chairman/working/ros2/beijixiong/ros_ws/install/rmoss_gz_resources:/home/chairman/working/ros2/beijixiong/ros_ws/install/rmoss_gz_plugins:/home/chairman/working/ros2/beijixiong/ros_ws/install/sdformat_tools:/opt/ros/humble LD_LIBRARY_PATH=/home/chairman/working/ros2/beijixiong/ros_ws/install/rmoss_interfaces/lib:/home/chairman/working/ros2/beijixiong/ros_ws/install/rmoss_cam/lib:/home/chairman/working/ros2/beijixiong/ros_ws/install/rmoss_util/lib:/home/chairman/working/ros2/beijixiong/ros_ws/install/rmoss_projectile_motion/lib:/home/chairman/working/ros2/beijixiong/ros_ws/install/rmoss_gz_cam/lib:/home/chairman/working/ros2/beijixiong/ros_ws/install/rmoss_gz_base/lib:/home/chairman/working/ros2/beijixiong/ros_ws/install/rmoss_base/lib:/usr/lib/x86_64-linux-gnu:/usr/lib/x86_64-linux-gnu:/opt/ros/humble/opt/rviz_ogre_vendor/lib:/opt/ros/humble/lib/x86_64-linux-gnu:/opt/ros/humble/lib PYTHONPATH=/home/chairman/working/ros2/beijixiong/ros_ws/install/rmoss_interfaces/lib/python3.10/site-packages:/home/chairman/working/ros2/beijixiong/ros_ws/build/sdformat_tools:/home/chairman/working/ros2/beijixiong/ros_ws/install/sdformat_tools/lib/python3.10/site-packages:/opt/ros/humble/lib/python3.10/site-packages:/opt/ros/humble/local/lib/python3.10/dist-packages VIRTUAL_ENV_PROMPT=(venv) /usr/bin/cmake --build /home/chairman/working/ros2/beijixiong/ros_ws/build/rmoss_util -- -j28 -l28
[0.938s] [  7%] [32mBuilding CXX object CMakeFiles/rmoss_util.dir/src/image_utils.cpp.o[0m
[0.939s] [ 15%] [32mBuilding CXX object CMakeFiles/rmoss_util.dir/src/task_manager.cpp.o[0m
[0.939s] [ 23%] [32mBuilding CXX object CMakeFiles/rmoss_util.dir/src/time_utils.cpp.o[0m
[0.940s] [ 38%] [32mBuilding CXX object CMakeFiles/rmoss_util.dir/src/url_resolver.cpp.o[0m
[0.940s] [ 38%] [32mBuilding CXX object gtest/CMakeFiles/gtest.dir/src/gtest-all.cc.o[0m
[0.941s] [ 46%] [32mBuilding CXX object CMakeFiles/rmoss_util.dir/src/mono_measure_tool.cpp.o[0m
[0.941s] [ 61%] [32mBuilding CXX object gtest/CMakeFiles/gtest_main.dir/src/gtest_main.cc.o[0m
[0.941s] [ 61%] [32mBuilding CXX object CMakeFiles/rmoss_util.dir/src/debug.cpp.o[0m
[1.360s] [ 69%] [32m[1mLinking CXX static library libgtest_main.a[0m
[1.391s] [ 69%] Built target gtest_main
[6.345s] [ 76%] [32m[1mLinking CXX shared library librmoss_util.so[0m
[6.590s] [ 76%] Built target rmoss_util
[7.781s] [ 84%] [32m[1mLinking CXX static library libgtest.a[0m
[7.814s] [ 84%] Built target gtest
[7.830s] [ 92%] [32mBuilding CXX object test/CMakeFiles/test_url_resolve.dir/test_url_resolve.cpp.o[0m
[8.983s] [100%] [32m[1mLinking CXX executable test_url_resolve[0m
[9.133s] [100%] Built target test_url_resolve
[9.146s] Invoked command in '/home/chairman/working/ros2/beijixiong/ros_ws/build/rmoss_util' returned '0': CMAKE_PREFIX_PATH=/home/chairman/working/ros2/beijixiong/ros_ws/install/rmoss_interfaces:/home/chairman/working/ros2/beijixiong/ros_ws/install/rmu_gazebo_simulator:/home/chairman/working/ros2/beijixiong/ros_ws/install/pb2025_robot_description:/home/chairman/working/ros2/beijixiong/ros_ws/install/rmoss_core:/home/chairman/working/ros2/beijixiong/ros_ws/install/rmoss_cam:/home/chairman/working/ros2/beijixiong/ros_ws/install/rmoss_util:/home/chairman/working/ros2/beijixiong/ros_ws/install/rmoss_projectile_motion:/home/chairman/working/ros2/beijixiong/ros_ws/install/rmoss_gz_cam:/home/chairman/working/ros2/beijixiong/ros_ws/install/rmoss_gz_bridge:/home/chairman/working/ros2/beijixiong/ros_ws/install/rmoss_gz_base:/home/chairman/working/ros2/beijixiong/ros_ws/install/rmoss_base:/home/chairman/working/ros2/beijixiong/ros_ws/install/rmoss_gz_resources:/home/chairman/working/ros2/beijixiong/ros_ws/install/rmoss_gz_plugins:/home/chairman/working/ros2/beijixiong/ros_ws/install/sdformat_tools:/opt/ros/humble LD_LIBRARY_PATH=/home/chairman/working/ros2/beijixiong/ros_ws/install/rmoss_interfaces/lib:/home/chairman/working/ros2/beijixiong/ros_ws/install/rmoss_cam/lib:/home/chairman/working/ros2/beijixiong/ros_ws/install/rmoss_util/lib:/home/chairman/working/ros2/beijixiong/ros_ws/install/rmoss_projectile_motion/lib:/home/chairman/working/ros2/beijixiong/ros_ws/install/rmoss_gz_cam/lib:/home/chairman/working/ros2/beijixiong/ros_ws/install/rmoss_gz_base/lib:/home/chairman/working/ros2/beijixiong/ros_ws/install/rmoss_base/lib:/usr/lib/x86_64-linux-gnu:/usr/lib/x86_64-linux-gnu:/opt/ros/humble/opt/rviz_ogre_vendor/lib:/opt/ros/humble/lib/x86_64-linux-gnu:/opt/ros/humble/lib PYTHONPATH=/home/chairman/working/ros2/beijixiong/ros_ws/install/rmoss_interfaces/lib/python3.10/site-packages:/home/chairman/working/ros2/beijixiong/ros_ws/build/sdformat_tools:/home/chairman/working/ros2/beijixiong/ros_ws/install/sdformat_tools/lib/python3.10/site-packages:/opt/ros/humble/lib/python3.10/site-packages:/opt/ros/humble/local/lib/python3.10/dist-packages VIRTUAL_ENV_PROMPT=(venv) /usr/bin/cmake --build /home/chairman/working/ros2/beijixiong/ros_ws/build/rmoss_util -- -j28 -l28
[9.148s] Invoking command in '/home/chairman/working/ros2/beijixiong/ros_ws/build/rmoss_util': CMAKE_PREFIX_PATH=/home/chairman/working/ros2/beijixiong/ros_ws/install/rmoss_interfaces:/home/chairman/working/ros2/beijixiong/ros_ws/install/rmu_gazebo_simulator:/home/chairman/working/ros2/beijixiong/ros_ws/install/pb2025_robot_description:/home/chairman/working/ros2/beijixiong/ros_ws/install/rmoss_core:/home/chairman/working/ros2/beijixiong/ros_ws/install/rmoss_cam:/home/chairman/working/ros2/beijixiong/ros_ws/install/rmoss_util:/home/chairman/working/ros2/beijixiong/ros_ws/install/rmoss_projectile_motion:/home/chairman/working/ros2/beijixiong/ros_ws/install/rmoss_gz_cam:/home/chairman/working/ros2/beijixiong/ros_ws/install/rmoss_gz_bridge:/home/chairman/working/ros2/beijixiong/ros_ws/install/rmoss_gz_base:/home/chairman/working/ros2/beijixiong/ros_ws/install/rmoss_base:/home/chairman/working/ros2/beijixiong/ros_ws/install/rmoss_gz_resources:/home/chairman/working/ros2/beijixiong/ros_ws/install/rmoss_gz_plugins:/home/chairman/working/ros2/beijixiong/ros_ws/install/sdformat_tools:/opt/ros/humble LD_LIBRARY_PATH=/home/chairman/working/ros2/beijixiong/ros_ws/install/rmoss_interfaces/lib:/home/chairman/working/ros2/beijixiong/ros_ws/install/rmoss_cam/lib:/home/chairman/working/ros2/beijixiong/ros_ws/install/rmoss_util/lib:/home/chairman/working/ros2/beijixiong/ros_ws/install/rmoss_projectile_motion/lib:/home/chairman/working/ros2/beijixiong/ros_ws/install/rmoss_gz_cam/lib:/home/chairman/working/ros2/beijixiong/ros_ws/install/rmoss_gz_base/lib:/home/chairman/working/ros2/beijixiong/ros_ws/install/rmoss_base/lib:/usr/lib/x86_64-linux-gnu:/usr/lib/x86_64-linux-gnu:/opt/ros/humble/opt/rviz_ogre_vendor/lib:/opt/ros/humble/lib/x86_64-linux-gnu:/opt/ros/humble/lib PYTHONPATH=/home/chairman/working/ros2/beijixiong/ros_ws/install/rmoss_interfaces/lib/python3.10/site-packages:/home/chairman/working/ros2/beijixiong/ros_ws/build/sdformat_tools:/home/chairman/working/ros2/beijixiong/ros_ws/install/sdformat_tools/lib/python3.10/site-packages:/opt/ros/humble/lib/python3.10/site-packages:/opt/ros/humble/local/lib/python3.10/dist-packages VIRTUAL_ENV_PROMPT=(venv) /usr/bin/cmake --install /home/chairman/working/ros2/beijixiong/ros_ws/build/rmoss_util
[9.156s] -- Install configuration: "release"
[9.157s] -- Execute custom install script
[9.157s] -- Symlinking: /home/chairman/working/ros2/beijixiong/ros_ws/install/rmoss_util/include/rmoss_util/debug.hpp
[9.165s] -- Symlinking: /home/chairman/working/ros2/beijixiong/ros_ws/install/rmoss_util/include/rmoss_util/image_utils.hpp
[9.172s] -- Symlinking: /home/chairman/working/ros2/beijixiong/ros_ws/install/rmoss_util/include/rmoss_util/mono_measure_tool.hpp
[9.178s] -- Symlinking: /home/chairman/working/ros2/beijixiong/ros_ws/install/rmoss_util/include/rmoss_util/task_manager.hpp
[9.185s] -- Symlinking: /home/chairman/working/ros2/beijixiong/ros_ws/install/rmoss_util/include/rmoss_util/time_utils.hpp
[9.194s] -- Symlinking: /home/chairman/working/ros2/beijixiong/ros_ws/install/rmoss_util/include/rmoss_util/url_resolver.hpp
[9.203s] -- Symlinking: /home/chairman/working/ros2/beijixiong/ros_ws/install/rmoss_util/share/rmoss_util/environment/library_path.sh
[9.212s] -- Symlinking: /home/chairman/working/ros2/beijixiong/ros_ws/install/rmoss_util/share/rmoss_util/environment/library_path.dsv
[9.219s] -- Symlinking: /home/chairman/working/ros2/beijixiong/ros_ws/install/rmoss_util/share/ament_index/resource_index/package_run_dependencies/rmoss_util
[9.227s] -- Symlinking: /home/chairman/working/ros2/beijixiong/ros_ws/install/rmoss_util/share/ament_index/resource_index/parent_prefix_path/rmoss_util
[9.234s] -- Symlinking: /home/chairman/working/ros2/beijixiong/ros_ws/install/rmoss_util/share/rmoss_util/environment/ament_prefix_path.sh
[9.242s] -- Symlinking: /home/chairman/working/ros2/beijixiong/ros_ws/install/rmoss_util/share/rmoss_util/environment/ament_prefix_path.dsv
[9.251s] -- Symlinking: /home/chairman/working/ros2/beijixiong/ros_ws/install/rmoss_util/share/rmoss_util/environment/path.sh
[9.260s] -- Symlinking: /home/chairman/working/ros2/beijixiong/ros_ws/install/rmoss_util/share/rmoss_util/environment/path.dsv
[9.267s] -- Symlinking: /home/chairman/working/ros2/beijixiong/ros_ws/install/rmoss_util/share/rmoss_util/local_setup.bash
[9.274s] -- Symlinking: /home/chairman/working/ros2/beijixiong/ros_ws/install/rmoss_util/share/rmoss_util/local_setup.sh
[9.283s] -- Symlinking: /home/chairman/working/ros2/beijixiong/ros_ws/install/rmoss_util/share/rmoss_util/local_setup.zsh
[9.292s] -- Symlinking: /home/chairman/working/ros2/beijixiong/ros_ws/install/rmoss_util/share/rmoss_util/local_setup.dsv
[9.301s] -- Symlinking: /home/chairman/working/ros2/beijixiong/ros_ws/install/rmoss_util/share/rmoss_util/package.dsv
[9.309s] -- Symlinking: /home/chairman/working/ros2/beijixiong/ros_ws/install/rmoss_util/share/ament_index/resource_index/packages/rmoss_util
[9.318s] -- Symlinking: /home/chairman/working/ros2/beijixiong/ros_ws/install/rmoss_util/share/rmoss_util/cmake/ament_cmake_export_targets-extras.cmake
[9.327s] -- Symlinking: /home/chairman/working/ros2/beijixiong/ros_ws/install/rmoss_util/share/rmoss_util/cmake/ament_cmake_export_dependencies-extras.cmake
[9.336s] -- Symlinking: /home/chairman/working/ros2/beijixiong/ros_ws/install/rmoss_util/share/rmoss_util/cmake/rmoss_utilConfig.cmake
[9.342s] -- Symlinking: /home/chairman/working/ros2/beijixiong/ros_ws/install/rmoss_util/share/rmoss_util/cmake/rmoss_utilConfig-version.cmake
[9.351s] -- Symlinking: /home/chairman/working/ros2/beijixiong/ros_ws/install/rmoss_util/share/rmoss_util/package.xml
[9.358s] -- Installing: /home/chairman/working/ros2/beijixiong/ros_ws/install/rmoss_util/lib/librmoss_util.so
[9.358s] -- Set runtime path of "/home/chairman/working/ros2/beijixiong/ros_ws/install/rmoss_util/lib/librmoss_util.so" to ""
[9.358s] -- Installing: /home/chairman/working/ros2/beijixiong/ros_ws/install/rmoss_util/share/rmoss_util/cmake/rmoss_utilExport.cmake
[9.362s] -- Installing: /home/chairman/working/ros2/beijixiong/ros_ws/install/rmoss_util/share/rmoss_util/cmake/rmoss_utilExport-release.cmake
[9.366s] Invoked command in '/home/chairman/working/ros2/beijixiong/ros_ws/build/rmoss_util' returned '0': CMAKE_PREFIX_PATH=/home/chairman/working/ros2/beijixiong/ros_ws/install/rmoss_interfaces:/home/chairman/working/ros2/beijixiong/ros_ws/install/rmu_gazebo_simulator:/home/chairman/working/ros2/beijixiong/ros_ws/install/pb2025_robot_description:/home/chairman/working/ros2/beijixiong/ros_ws/install/rmoss_core:/home/chairman/working/ros2/beijixiong/ros_ws/install/rmoss_cam:/home/chairman/working/ros2/beijixiong/ros_ws/install/rmoss_util:/home/chairman/working/ros2/beijixiong/ros_ws/install/rmoss_projectile_motion:/home/chairman/working/ros2/beijixiong/ros_ws/install/rmoss_gz_cam:/home/chairman/working/ros2/beijixiong/ros_ws/install/rmoss_gz_bridge:/home/chairman/working/ros2/beijixiong/ros_ws/install/rmoss_gz_base:/home/chairman/working/ros2/beijixiong/ros_ws/install/rmoss_base:/home/chairman/working/ros2/beijixiong/ros_ws/install/rmoss_gz_resources:/home/chairman/working/ros2/beijixiong/ros_ws/install/rmoss_gz_plugins:/home/chairman/working/ros2/beijixiong/ros_ws/install/sdformat_tools:/opt/ros/humble LD_LIBRARY_PATH=/home/chairman/working/ros2/beijixiong/ros_ws/install/rmoss_interfaces/lib:/home/chairman/working/ros2/beijixiong/ros_ws/install/rmoss_cam/lib:/home/chairman/working/ros2/beijixiong/ros_ws/install/rmoss_util/lib:/home/chairman/working/ros2/beijixiong/ros_ws/install/rmoss_projectile_motion/lib:/home/chairman/working/ros2/beijixiong/ros_ws/install/rmoss_gz_cam/lib:/home/chairman/working/ros2/beijixiong/ros_ws/install/rmoss_gz_base/lib:/home/chairman/working/ros2/beijixiong/ros_ws/install/rmoss_base/lib:/usr/lib/x86_64-linux-gnu:/usr/lib/x86_64-linux-gnu:/opt/ros/humble/opt/rviz_ogre_vendor/lib:/opt/ros/humble/lib/x86_64-linux-gnu:/opt/ros/humble/lib PYTHONPATH=/home/chairman/working/ros2/beijixiong/ros_ws/install/rmoss_interfaces/lib/python3.10/site-packages:/home/chairman/working/ros2/beijixiong/ros_ws/build/sdformat_tools:/home/chairman/working/ros2/beijixiong/ros_ws/install/sdformat_tools/lib/python3.10/site-packages:/opt/ros/humble/lib/python3.10/site-packages:/opt/ros/humble/local/lib/python3.10/dist-packages VIRTUAL_ENV_PROMPT=(venv) /usr/bin/cmake --install /home/chairman/working/ros2/beijixiong/ros_ws/build/rmoss_util
