[0.009s] Invoking command in '/home/chairman/working/ros2/learning/chapt3/topic_ws/src/build/demo_cpp_topic': CMAKE_PREFIX_PATH=/home/chairman/working/ros2/learning/chapt3/topic_ws/src/install/demo_python_topic:/opt/ros/humble CONDA_PROMPT_MODIFIER=(base) /usr/bin/cmake /home/chairman/working/ros2/learning/chapt3/topic_ws/src/demo_cpp_topic -DCMAKE_INSTALL_PREFIX=/home/chairman/working/ros2/learning/chapt3/topic_ws/src/install/demo_cpp_topic
[0.018s] -- Found ament_cmake: 1.3.11 (/opt/ros/humble/share/ament_cmake/cmake)
[0.132s] -- Found rclcpp: 16.0.12 (/opt/ros/humble/share/rclcpp/cmake)
[0.150s] -- Found rosidl_generator_c: 3.1.6 (/opt/ros/humble/share/rosidl_generator_c/cmake)
[0.151s] -- Found rosidl_adapter: 3.1.6 (/opt/ros/humble/share/rosidl_adapter/cmake)
[0.155s] -- Found rosidl_generator_cpp: 3.1.6 (/opt/ros/humble/share/rosidl_generator_cpp/cmake)
[0.161s] -- Using all available rosidl_typesupport_c: rosidl_typesupport_fastrtps_c;rosidl_typesupport_introspection_c
[0.169s] -- Using all available rosidl_typesupport_cpp: rosidl_typesupport_fastrtps_cpp;rosidl_typesupport_introspection_cpp
[0.190s] -- Found rmw_implementation_cmake: 6.1.2 (/opt/ros/humble/share/rmw_implementation_cmake/cmake)
[0.191s] -- Found rmw_fastrtps_cpp: 6.2.7 (/opt/ros/humble/share/rmw_fastrtps_cpp/cmake)
[0.266s] -- Using RMW implementation 'rmw_fastrtps_cpp' as default
[0.298s] -- Found geometry_msgs: 4.8.0 (/opt/ros/humble/share/geometry_msgs/cmake)
[0.305s] -- Found turtlesim: 1.4.2 (/opt/ros/humble/share/turtlesim/cmake)
[0.334s] -- Found ament_lint_auto: 0.12.12 (/opt/ros/humble/share/ament_lint_auto/cmake)
[0.421s] -- Added test 'cppcheck' to perform static code analysis on C / C++ code
[0.421s] -- Configured cppcheck include dirs: 
[0.421s] -- Configured cppcheck exclude dirs and/or files: 
[0.421s] -- Added test 'lint_cmake' to check CMake code style
[0.422s] -- Added test 'uncrustify' to check C / C++ code style
[0.422s] -- Configured uncrustify additional arguments: 
[0.423s] -- Added test 'xmllint' to check XML markup files
[0.424s] -- Configuring done
[0.434s] -- Generating done
[0.438s] -- Build files have been written to: /home/chairman/working/ros2/learning/chapt3/topic_ws/src/build/demo_cpp_topic
[0.444s] Invoked command in '/home/chairman/working/ros2/learning/chapt3/topic_ws/src/build/demo_cpp_topic' returned '0': CMAKE_PREFIX_PATH=/home/chairman/working/ros2/learning/chapt3/topic_ws/src/install/demo_python_topic:/opt/ros/humble CONDA_PROMPT_MODIFIER=(base) /usr/bin/cmake /home/chairman/working/ros2/learning/chapt3/topic_ws/src/demo_cpp_topic -DCMAKE_INSTALL_PREFIX=/home/chairman/working/ros2/learning/chapt3/topic_ws/src/install/demo_cpp_topic
[0.446s] Invoking command in '/home/chairman/working/ros2/learning/chapt3/topic_ws/src/build/demo_cpp_topic': CMAKE_PREFIX_PATH=/home/chairman/working/ros2/learning/chapt3/topic_ws/src/install/demo_python_topic:/opt/ros/humble CONDA_PROMPT_MODIFIER=(base) /usr/bin/cmake --build /home/chairman/working/ros2/learning/chapt3/topic_ws/src/build/demo_cpp_topic -- -j28 -l28
[0.507s] [ 50%] [32mBuilding CXX object CMakeFiles/turtle_circle.dir/src/turtle_circle.cpp.o[0m
[3.077s] [100%] [32m[1mLinking CXX executable turtle_circle[0m
[3.220s] [100%] Built target turtle_circle
[3.228s] Invoked command in '/home/chairman/working/ros2/learning/chapt3/topic_ws/src/build/demo_cpp_topic' returned '0': CMAKE_PREFIX_PATH=/home/chairman/working/ros2/learning/chapt3/topic_ws/src/install/demo_python_topic:/opt/ros/humble CONDA_PROMPT_MODIFIER=(base) /usr/bin/cmake --build /home/chairman/working/ros2/learning/chapt3/topic_ws/src/build/demo_cpp_topic -- -j28 -l28
[3.238s] Invoking command in '/home/chairman/working/ros2/learning/chapt3/topic_ws/src/build/demo_cpp_topic': CMAKE_PREFIX_PATH=/home/chairman/working/ros2/learning/chapt3/topic_ws/src/install/demo_python_topic:/opt/ros/humble CONDA_PROMPT_MODIFIER=(base) /usr/bin/cmake --install /home/chairman/working/ros2/learning/chapt3/topic_ws/src/build/demo_cpp_topic
[3.245s] -- Install configuration: ""
[3.245s] -- Installing: /home/chairman/working/ros2/learning/chapt3/topic_ws/src/install/demo_cpp_topic/lib/demo_cpp_topic/turtle_circle
[3.246s] -- Set runtime path of "/home/chairman/working/ros2/learning/chapt3/topic_ws/src/install/demo_cpp_topic/lib/demo_cpp_topic/turtle_circle" to ""
[3.246s] -- Installing: /home/chairman/working/ros2/learning/chapt3/topic_ws/src/install/demo_cpp_topic/share/ament_index/resource_index/package_run_dependencies/demo_cpp_topic
[3.246s] -- Installing: /home/chairman/working/ros2/learning/chapt3/topic_ws/src/install/demo_cpp_topic/share/ament_index/resource_index/parent_prefix_path/demo_cpp_topic
[3.246s] -- Installing: /home/chairman/working/ros2/learning/chapt3/topic_ws/src/install/demo_cpp_topic/share/demo_cpp_topic/environment/ament_prefix_path.sh
[3.246s] -- Installing: /home/chairman/working/ros2/learning/chapt3/topic_ws/src/install/demo_cpp_topic/share/demo_cpp_topic/environment/ament_prefix_path.dsv
[3.246s] -- Installing: /home/chairman/working/ros2/learning/chapt3/topic_ws/src/install/demo_cpp_topic/share/demo_cpp_topic/environment/path.sh
[3.246s] -- Installing: /home/chairman/working/ros2/learning/chapt3/topic_ws/src/install/demo_cpp_topic/share/demo_cpp_topic/environment/path.dsv
[3.247s] -- Installing: /home/chairman/working/ros2/learning/chapt3/topic_ws/src/install/demo_cpp_topic/share/demo_cpp_topic/local_setup.bash
[3.247s] -- Installing: /home/chairman/working/ros2/learning/chapt3/topic_ws/src/install/demo_cpp_topic/share/demo_cpp_topic/local_setup.sh
[3.247s] -- Installing: /home/chairman/working/ros2/learning/chapt3/topic_ws/src/install/demo_cpp_topic/share/demo_cpp_topic/local_setup.zsh
[3.247s] -- Installing: /home/chairman/working/ros2/learning/chapt3/topic_ws/src/install/demo_cpp_topic/share/demo_cpp_topic/local_setup.dsv
[3.247s] -- Installing: /home/chairman/working/ros2/learning/chapt3/topic_ws/src/install/demo_cpp_topic/share/demo_cpp_topic/package.dsv
[3.247s] -- Installing: /home/chairman/working/ros2/learning/chapt3/topic_ws/src/install/demo_cpp_topic/share/ament_index/resource_index/packages/demo_cpp_topic
[3.247s] -- Installing: /home/chairman/working/ros2/learning/chapt3/topic_ws/src/install/demo_cpp_topic/share/demo_cpp_topic/cmake/demo_cpp_topicConfig.cmake
[3.247s] -- Installing: /home/chairman/working/ros2/learning/chapt3/topic_ws/src/install/demo_cpp_topic/share/demo_cpp_topic/cmake/demo_cpp_topicConfig-version.cmake
[3.247s] -- Installing: /home/chairman/working/ros2/learning/chapt3/topic_ws/src/install/demo_cpp_topic/share/demo_cpp_topic/package.xml
[3.249s] Invoked command in '/home/chairman/working/ros2/learning/chapt3/topic_ws/src/build/demo_cpp_topic' returned '0': CMAKE_PREFIX_PATH=/home/chairman/working/ros2/learning/chapt3/topic_ws/src/install/demo_python_topic:/opt/ros/humble CONDA_PROMPT_MODIFIER=(base) /usr/bin/cmake --install /home/chairman/working/ros2/learning/chapt3/topic_ws/src/build/demo_cpp_topic
