[0.026s] Invoking command in '/home/chairman/working/ros2/beijixiong/pb2025_ws/build/terrain_analysis_ext': CMAKE_PREFIX_PATH=/opt/ros/humble VIRTUAL_ENV_PROMPT=(venv) /usr/bin/cmake /home/chairman/working/ros2/beijixiong/pb2025_ws/src/pb2025_sentry_nav/terrain_analysis_ext -DCMAKE_BUILD_TYPE=Release -DAMENT_CMAKE_SYMLINK_INSTALL=1 -DCMAKE_INSTALL_PREFIX=/home/chairman/working/ros2/beijixiong/pb2025_ws/install/terrain_analysis_ext
[0.071s] -- The C compiler identification is GNU 11.4.0
[0.113s] -- The CXX compiler identification is GNU 11.4.0
[0.119s] -- Detecting C compiler ABI info
[0.169s] -- Detecting C compiler ABI info - done
[0.177s] -- Check for working C compiler: /usr/bin/cc - skipped
[0.177s] -- Detecting C compile features
[0.177s] -- Detecting C compile features - done
[0.180s] -- Detecting CXX compiler ABI info
[0.235s] -- Detecting CXX compiler ABI info - done
[0.243s] -- Check for working CXX compiler: /usr/bin/c++ - skipped
[0.243s] -- Detecting CXX compile features
[0.243s] -- Detecting CXX compile features - done
[0.246s] -- Found ament_cmake: 1.3.12 (/opt/ros/humble/share/ament_cmake/cmake)
[0.344s] -- Found Python3: /home/chairman/venv/bin/python3 (found version "3.10.12") found components: Interpreter 
[0.388s] -- Override CMake install command with custom implementation using symlinks instead of copying resources
[0.402s] -- Found rclcpp: 16.0.15 (/opt/ros/humble/share/rclcpp/cmake)
[0.436s] -- Found rosidl_generator_c: 3.1.7 (/opt/ros/humble/share/rosidl_generator_c/cmake)
[0.440s] -- Found rosidl_adapter: 3.1.7 (/opt/ros/humble/share/rosidl_adapter/cmake)
[0.448s] -- Found rosidl_generator_cpp: 3.1.7 (/opt/ros/humble/share/rosidl_generator_cpp/cmake)
[0.461s] -- Using all available rosidl_typesupport_c: rosidl_typesupport_fastrtps_c;rosidl_typesupport_introspection_c
[0.476s] -- Using all available rosidl_typesupport_cpp: rosidl_typesupport_fastrtps_cpp;rosidl_typesupport_introspection_cpp
[0.522s] -- Found rmw_implementation_cmake: 6.1.2 (/opt/ros/humble/share/rmw_implementation_cmake/cmake)
[0.524s] -- Found rmw_fastrtps_cpp: 6.2.9 (/opt/ros/humble/share/rmw_fastrtps_cpp/cmake)
[0.591s] -- Found OpenSSL: /usr/lib/x86_64-linux-gnu/libcrypto.so (found version "3.0.2")  
[0.608s] -- Found FastRTPS: /opt/ros/humble/include  
[0.635s] -- Using RMW implementation 'rmw_fastrtps_cpp' as default
[0.643s] -- Looking for pthread.h
[0.686s] -- Looking for pthread.h - found
[0.686s] -- Performing Test CMAKE_HAVE_LIBC_PTHREAD
[0.741s] -- Performing Test CMAKE_HAVE_LIBC_PTHREAD - Success
[0.742s] -- Found Threads: TRUE  
[0.792s] -- Found nav_msgs: 4.9.0 (/opt/ros/humble/share/nav_msgs/cmake)
[0.823s] -- Found sensor_msgs: 4.9.0 (/opt/ros/humble/share/sensor_msgs/cmake)
[0.841s] -- Found tf2_ros: 0.25.16 (/opt/ros/humble/share/tf2_ros/cmake)
[0.938s] -- Found tf2_geometry_msgs: 0.25.16 (/opt/ros/humble/share/tf2_geometry_msgs/cmake)
[0.951s] -- Found eigen3_cmake_module: 0.1.1 (/opt/ros/humble/share/eigen3_cmake_module/cmake)
[0.954s] -- Found Eigen3: TRUE (found version "3.4.0") 
[0.954s] -- Ensuring Eigen3 include directory is part of orocos-kdl CMake target
[0.955s] -- Found pcl_conversions: 2.4.5 (/opt/ros/humble/share/pcl_conversions/cmake)
[0.987s] -- Checking for module 'eigen3'
[0.995s] --   Found eigen3, version 3.4.0
[1.014s] -- Found Eigen: /usr/include/eigen3 (Required is at least version "3.1") 
[1.014s] -- Eigen found (include: /usr/include/eigen3, version: 3.4.0)
[1.037s] -- Checking for module 'flann'
[1.046s] --   Found flann, version 1.9.1
[1.070s] -- Found FLANN: /usr/lib/x86_64-linux-gnu/libflann_cpp.so  
[1.070s] -- FLANN found (include: /usr/include, lib: /usr/lib/x86_64-linux-gnu/libflann_cpp.so)
[1.804s] -- Checking for module 'libusb-1.0'
[1.812s] --   Found libusb-1.0, version 1.0.25
[1.833s] -- Found libusb: /usr/lib/x86_64-linux-gnu/libusb-1.0.so  
[1.834s] -- OpenNI found (version: 1.5.4.0, include: /usr/include/ni, lib: /usr/lib/libOpenNI.so;libusb::libusb)
[1.870s] -- OpenNI2 found (version: 2.2.0.33, include: /usr/include/openni2, lib: /usr/lib/x86_64-linux-gnu/libOpenNI2.so;libusb::libusb)
[2.013s] -- Eigen found (include: /usr/include/eigen3, version: 3.4.0)
[2.017s] -- OpenNI found (version: 1.5.4.0, include: /usr/include/ni, lib: /usr/lib/libOpenNI.so;libusb::libusb)
[2.022s] -- OpenNI2 found (version: 2.2.0.33, include: /usr/include/openni2, lib: /usr/lib/x86_64-linux-gnu/libOpenNI2.so;libusb::libusb)
[2.122s] -- Found Qhull version 8.0.2
[2.228s] -- OpenNI found (version: 1.5.4.0, include: /usr/include/ni, lib: /usr/lib/libOpenNI.so;libusb::libusb)
[2.332s] -- Found PCL_COMMON: /usr/lib/x86_64-linux-gnu/libpcl_common.so  
[2.332s] -- Found PCL_KDTREE: /usr/lib/x86_64-linux-gnu/libpcl_kdtree.so  
[2.333s] -- Found PCL_OCTREE: /usr/lib/x86_64-linux-gnu/libpcl_octree.so  
[2.334s] -- Found PCL_SEARCH: /usr/lib/x86_64-linux-gnu/libpcl_search.so  
[2.335s] -- Found PCL_SAMPLE_CONSENSUS: /usr/lib/x86_64-linux-gnu/libpcl_sample_consensus.so  
[2.335s] -- Found PCL_FILTERS: /usr/lib/x86_64-linux-gnu/libpcl_filters.so  
[2.336s] -- Found PCL_2D: /usr/include/pcl-1.12  
[2.336s] -- Found PCL_GEOMETRY: /usr/include/pcl-1.12  
[2.337s] -- Found PCL_IO: /usr/lib/x86_64-linux-gnu/libpcl_io.so  
[2.337s] -- Found PCL_FEATURES: /usr/lib/x86_64-linux-gnu/libpcl_features.so  
[2.338s] -- Found PCL_ML: /usr/lib/x86_64-linux-gnu/libpcl_ml.so  
[2.339s] -- Found PCL_SEGMENTATION: /usr/lib/x86_64-linux-gnu/libpcl_segmentation.so  
[2.339s] -- Found PCL_VISUALIZATION: /usr/lib/x86_64-linux-gnu/libpcl_visualization.so  
[2.340s] -- Found PCL_SURFACE: /usr/lib/x86_64-linux-gnu/libpcl_surface.so  
[2.341s] -- Found PCL_REGISTRATION: /usr/lib/x86_64-linux-gnu/libpcl_registration.so  
[2.342s] -- Found PCL_KEYPOINTS: /usr/lib/x86_64-linux-gnu/libpcl_keypoints.so  
[2.342s] -- Found PCL_TRACKING: /usr/lib/x86_64-linux-gnu/libpcl_tracking.so  
[2.343s] -- Found PCL_RECOGNITION: /usr/lib/x86_64-linux-gnu/libpcl_recognition.so  
[2.344s] -- Found PCL_STEREO: /usr/lib/x86_64-linux-gnu/libpcl_stereo.so  
[2.345s] -- Found PCL_APPS: /usr/lib/x86_64-linux-gnu/libpcl_apps.so  
[2.345s] -- Found PCL_IN_HAND_SCANNER: /usr/include/pcl-1.12  
[2.345s] -- Found PCL_MODELER: /usr/include/pcl-1.12  
[2.346s] -- Found PCL_POINT_CLOUD_EDITOR: /usr/include/pcl-1.12  
[2.346s] -- Found PCL_OUTOFCORE: /usr/lib/x86_64-linux-gnu/libpcl_outofcore.so  
[2.347s] -- Found PCL_PEOPLE: /usr/lib/x86_64-linux-gnu/libpcl_people.so  
[2.349s] -- Found pcl_ros: 2.4.5 (/opt/ros/humble/share/pcl_ros/cmake)
[2.373s] -- Found ament_lint_auto: 0.12.14 (/opt/ros/humble/share/ament_lint_auto/cmake)
[2.466s] -- Added test 'copyright' to check source files copyright and LICENSE
[2.466s] -- Added test 'cppcheck' to perform static code analysis on C / C++ code
[2.466s] -- Configured cppcheck include dirs: 
[2.466s] -- Configured cppcheck exclude dirs and/or files: 
[2.467s] -- Added test 'cpplint' to check C / C++ code against the Google style
[2.467s] -- Configured cpplint exclude dirs and/or files: 
[2.467s] -- Added test 'lint_cmake' to check CMake code style
[2.468s] -- Added test 'uncrustify' to check C / C++ code style
[2.468s] -- Configured uncrustify additional arguments: 
[2.468s] -- Added test 'xmllint' to check XML markup files
[2.469s] -- Configuring done
[2.502s] -- Generating done
[2.510s] -- Build files have been written to: /home/chairman/working/ros2/beijixiong/pb2025_ws/build/terrain_analysis_ext
[2.529s] Invoked command in '/home/chairman/working/ros2/beijixiong/pb2025_ws/build/terrain_analysis_ext' returned '0': CMAKE_PREFIX_PATH=/opt/ros/humble VIRTUAL_ENV_PROMPT=(venv) /usr/bin/cmake /home/chairman/working/ros2/beijixiong/pb2025_ws/src/pb2025_sentry_nav/terrain_analysis_ext -DCMAKE_BUILD_TYPE=Release -DAMENT_CMAKE_SYMLINK_INSTALL=1 -DCMAKE_INSTALL_PREFIX=/home/chairman/working/ros2/beijixiong/pb2025_ws/install/terrain_analysis_ext
[2.531s] Invoking command in '/home/chairman/working/ros2/beijixiong/pb2025_ws/build/terrain_analysis_ext': CMAKE_PREFIX_PATH=/opt/ros/humble VIRTUAL_ENV_PROMPT=(venv) /usr/bin/cmake --build /home/chairman/working/ros2/beijixiong/pb2025_ws/build/terrain_analysis_ext -- -j28 -l28
[2.574s] [ 50%] [32mBuilding CXX object CMakeFiles/terrainAnalysisExt.dir/src/terrainAnalysisExt.cpp.o[0m
[23.053s] [100%] [32m[1mLinking CXX executable terrainAnalysisExt[0m
[23.607s] [100%] Built target terrainAnalysisExt
[23.618s] Invoked command in '/home/chairman/working/ros2/beijixiong/pb2025_ws/build/terrain_analysis_ext' returned '0': CMAKE_PREFIX_PATH=/opt/ros/humble VIRTUAL_ENV_PROMPT=(venv) /usr/bin/cmake --build /home/chairman/working/ros2/beijixiong/pb2025_ws/build/terrain_analysis_ext -- -j28 -l28
[23.620s] Invoking command in '/home/chairman/working/ros2/beijixiong/pb2025_ws/build/terrain_analysis_ext': CMAKE_PREFIX_PATH=/opt/ros/humble VIRTUAL_ENV_PROMPT=(venv) /usr/bin/cmake --install /home/chairman/working/ros2/beijixiong/pb2025_ws/build/terrain_analysis_ext
[23.626s] -- Install configuration: "Release"
[23.626s] -- Execute custom install script
[23.626s] -- Symlinking: /home/chairman/working/ros2/beijixiong/pb2025_ws/install/terrain_analysis_ext/lib/terrain_analysis_ext/terrainAnalysisExt
[23.633s] -- Symlinking: /home/chairman/working/ros2/beijixiong/pb2025_ws/install/terrain_analysis_ext/share/terrain_analysis_ext/launch/terrain_analysis_ext.launch
[23.638s] -- Symlinking: /home/chairman/working/ros2/beijixiong/pb2025_ws/install/terrain_analysis_ext/share/ament_index/resource_index/package_run_dependencies/terrain_analysis_ext
[23.646s] -- Symlinking: /home/chairman/working/ros2/beijixiong/pb2025_ws/install/terrain_analysis_ext/share/ament_index/resource_index/parent_prefix_path/terrain_analysis_ext
[23.652s] -- Symlinking: /home/chairman/working/ros2/beijixiong/pb2025_ws/install/terrain_analysis_ext/share/terrain_analysis_ext/environment/ament_prefix_path.sh
[23.660s] -- Symlinking: /home/chairman/working/ros2/beijixiong/pb2025_ws/install/terrain_analysis_ext/share/terrain_analysis_ext/environment/ament_prefix_path.dsv
[23.667s] -- Symlinking: /home/chairman/working/ros2/beijixiong/pb2025_ws/install/terrain_analysis_ext/share/terrain_analysis_ext/environment/path.sh
[23.675s] -- Symlinking: /home/chairman/working/ros2/beijixiong/pb2025_ws/install/terrain_analysis_ext/share/terrain_analysis_ext/environment/path.dsv
[23.683s] -- Symlinking: /home/chairman/working/ros2/beijixiong/pb2025_ws/install/terrain_analysis_ext/share/terrain_analysis_ext/local_setup.bash
[23.691s] -- Symlinking: /home/chairman/working/ros2/beijixiong/pb2025_ws/install/terrain_analysis_ext/share/terrain_analysis_ext/local_setup.sh
[23.700s] -- Symlinking: /home/chairman/working/ros2/beijixiong/pb2025_ws/install/terrain_analysis_ext/share/terrain_analysis_ext/local_setup.zsh
[23.708s] -- Symlinking: /home/chairman/working/ros2/beijixiong/pb2025_ws/install/terrain_analysis_ext/share/terrain_analysis_ext/local_setup.dsv
[23.714s] -- Symlinking: /home/chairman/working/ros2/beijixiong/pb2025_ws/install/terrain_analysis_ext/share/terrain_analysis_ext/package.dsv
[23.722s] -- Symlinking: /home/chairman/working/ros2/beijixiong/pb2025_ws/install/terrain_analysis_ext/share/ament_index/resource_index/packages/terrain_analysis_ext
[23.730s] -- Symlinking: /home/chairman/working/ros2/beijixiong/pb2025_ws/install/terrain_analysis_ext/share/terrain_analysis_ext/cmake/terrain_analysis_extConfig.cmake
[23.738s] -- Symlinking: /home/chairman/working/ros2/beijixiong/pb2025_ws/install/terrain_analysis_ext/share/terrain_analysis_ext/cmake/terrain_analysis_extConfig-version.cmake
[23.746s] -- Symlinking: /home/chairman/working/ros2/beijixiong/pb2025_ws/install/terrain_analysis_ext/share/terrain_analysis_ext/package.xml
[23.756s] Invoked command in '/home/chairman/working/ros2/beijixiong/pb2025_ws/build/terrain_analysis_ext' returned '0': CMAKE_PREFIX_PATH=/opt/ros/humble VIRTUAL_ENV_PROMPT=(venv) /usr/bin/cmake --install /home/chairman/working/ros2/beijixiong/pb2025_ws/build/terrain_analysis_ext
