[0.027s] Invoking command in '/home/chairman/working/ros2/beijixiong/pb2025_ws/build/sensor_scan_generation': CMAKE_PREFIX_PATH=/opt/ros/humble VIRTUAL_ENV_PROMPT=(venv) /usr/bin/cmake /home/chairman/working/ros2/beijixiong/pb2025_ws/src/pb2025_sentry_nav/sensor_scan_generation -DCMAKE_BUILD_TYPE=Release -DAMENT_CMAKE_SYMLINK_INSTALL=1 -DCMAKE_INSTALL_PREFIX=/home/chairman/working/ros2/beijixiong/pb2025_ws/install/sensor_scan_generation
[0.067s] -- The C compiler identification is GNU 11.4.0
[0.114s] -- The CXX compiler identification is GNU 11.4.0
[0.121s] -- Detecting C compiler ABI info
[0.168s] -- Detecting C compiler ABI info - done
[0.175s] -- Check for working C compiler: /usr/bin/cc - skipped
[0.176s] -- Detecting C compile features
[0.176s] -- Detecting C compile features - done
[0.179s] -- Detecting CXX compiler ABI info
[0.236s] -- Detecting CXX compiler ABI info - done
[0.244s] -- Check for working CXX compiler: /usr/bin/c++ - skipped
[0.245s] -- Detecting CXX compile features
[0.245s] -- Detecting CXX compile features - done
[0.247s] -- Found ament_cmake_auto: 1.3.12 (/opt/ros/humble/share/ament_cmake_auto/cmake)
[0.360s] -- Found Python3: /home/chairman/venv/bin/python3 (found version "3.10.12") found components: Interpreter 
[0.420s] -- Override CMake install command with custom implementation using symlinks instead of copying resources
[0.539s] -- Found rosidl_generator_c: 3.1.7 (/opt/ros/humble/share/rosidl_generator_c/cmake)
[0.542s] -- Found rosidl_adapter: 3.1.7 (/opt/ros/humble/share/rosidl_adapter/cmake)
[0.547s] -- Found rosidl_generator_cpp: 3.1.7 (/opt/ros/humble/share/rosidl_generator_cpp/cmake)
[0.554s] -- Using all available rosidl_typesupport_c: rosidl_typesupport_fastrtps_c;rosidl_typesupport_introspection_c
[0.564s] -- Using all available rosidl_typesupport_cpp: rosidl_typesupport_fastrtps_cpp;rosidl_typesupport_introspection_cpp
[0.591s] -- Found rmw_implementation_cmake: 6.1.2 (/opt/ros/humble/share/rmw_implementation_cmake/cmake)
[0.592s] -- Found rmw_fastrtps_cpp: 6.2.9 (/opt/ros/humble/share/rmw_fastrtps_cpp/cmake)
[0.644s] -- Found OpenSSL: /usr/lib/x86_64-linux-gnu/libcrypto.so (found version "3.0.2")  
[0.666s] -- Found FastRTPS: /opt/ros/humble/include  
[0.698s] -- Using RMW implementation 'rmw_fastrtps_cpp' as default
[0.703s] -- Looking for pthread.h
[0.752s] -- Looking for pthread.h - found
[0.752s] -- Performing Test CMAKE_HAVE_LIBC_PTHREAD
[0.799s] -- Performing Test CMAKE_HAVE_LIBC_PTHREAD - Success
[0.800s] -- Found Threads: TRUE  
[0.912s] -- Checking for module 'eigen3'
[0.920s] --   Found eigen3, version 3.4.0
[0.940s] -- Found Eigen: /usr/include/eigen3 (Required is at least version "3.1") 
[0.940s] -- Eigen found (include: /usr/include/eigen3, version: 3.4.0)
[0.963s] -- Checking for module 'flann'
[0.971s] --   Found flann, version 1.9.1
[0.999s] -- Found FLANN: /usr/lib/x86_64-linux-gnu/libflann_cpp.so  
[0.999s] -- FLANN found (include: /usr/include, lib: /usr/lib/x86_64-linux-gnu/libflann_cpp.so)
[1.694s] -- Checking for module 'libusb-1.0'
[1.703s] --   Found libusb-1.0, version 1.0.25
[1.728s] -- Found libusb: /usr/lib/x86_64-linux-gnu/libusb-1.0.so  
[1.729s] -- OpenNI found (version: 1.5.4.0, include: /usr/include/ni, lib: /usr/lib/libOpenNI.so;libusb::libusb)
[1.763s] -- OpenNI2 found (version: 2.2.0.33, include: /usr/include/openni2, lib: /usr/lib/x86_64-linux-gnu/libOpenNI2.so;libusb::libusb)
[1.890s] -- Eigen found (include: /usr/include/eigen3, version: 3.4.0)
[1.897s] -- OpenNI found (version: 1.5.4.0, include: /usr/include/ni, lib: /usr/lib/libOpenNI.so;libusb::libusb)
[1.902s] -- OpenNI2 found (version: 2.2.0.33, include: /usr/include/openni2, lib: /usr/lib/x86_64-linux-gnu/libOpenNI2.so;libusb::libusb)
[2.020s] -- Found Qhull version 8.0.2
[2.124s] -- OpenNI found (version: 1.5.4.0, include: /usr/include/ni, lib: /usr/lib/libOpenNI.so;libusb::libusb)
[2.225s] -- Found PCL_COMMON: /usr/lib/x86_64-linux-gnu/libpcl_common.so  
[2.226s] -- Found PCL_KDTREE: /usr/lib/x86_64-linux-gnu/libpcl_kdtree.so  
[2.227s] -- Found PCL_OCTREE: /usr/lib/x86_64-linux-gnu/libpcl_octree.so  
[2.228s] -- Found PCL_SEARCH: /usr/lib/x86_64-linux-gnu/libpcl_search.so  
[2.228s] -- Found PCL_SAMPLE_CONSENSUS: /usr/lib/x86_64-linux-gnu/libpcl_sample_consensus.so  
[2.229s] -- Found PCL_FILTERS: /usr/lib/x86_64-linux-gnu/libpcl_filters.so  
[2.229s] -- Found PCL_2D: /usr/include/pcl-1.12  
[2.229s] -- Found PCL_GEOMETRY: /usr/include/pcl-1.12  
[2.230s] -- Found PCL_IO: /usr/lib/x86_64-linux-gnu/libpcl_io.so  
[2.231s] -- Found PCL_FEATURES: /usr/lib/x86_64-linux-gnu/libpcl_features.so  
[2.231s] -- Found PCL_ML: /usr/lib/x86_64-linux-gnu/libpcl_ml.so  
[2.232s] -- Found PCL_SEGMENTATION: /usr/lib/x86_64-linux-gnu/libpcl_segmentation.so  
[2.232s] -- Found PCL_VISUALIZATION: /usr/lib/x86_64-linux-gnu/libpcl_visualization.so  
[2.233s] -- Found PCL_SURFACE: /usr/lib/x86_64-linux-gnu/libpcl_surface.so  
[2.234s] -- Found PCL_REGISTRATION: /usr/lib/x86_64-linux-gnu/libpcl_registration.so  
[2.234s] -- Found PCL_KEYPOINTS: /usr/lib/x86_64-linux-gnu/libpcl_keypoints.so  
[2.235s] -- Found PCL_TRACKING: /usr/lib/x86_64-linux-gnu/libpcl_tracking.so  
[2.236s] -- Found PCL_RECOGNITION: /usr/lib/x86_64-linux-gnu/libpcl_recognition.so  
[2.236s] -- Found PCL_STEREO: /usr/lib/x86_64-linux-gnu/libpcl_stereo.so  
[2.237s] -- Found PCL_APPS: /usr/lib/x86_64-linux-gnu/libpcl_apps.so  
[2.237s] -- Found PCL_IN_HAND_SCANNER: /usr/include/pcl-1.12  
[2.238s] -- Found PCL_MODELER: /usr/include/pcl-1.12  
[2.238s] -- Found PCL_POINT_CLOUD_EDITOR: /usr/include/pcl-1.12  
[2.239s] -- Found PCL_OUTOFCORE: /usr/lib/x86_64-linux-gnu/libpcl_outofcore.so  
[2.239s] -- Found PCL_PEOPLE: /usr/lib/x86_64-linux-gnu/libpcl_people.so  
[2.256s] -- Found eigen3_cmake_module: 0.1.1 (/opt/ros/humble/share/eigen3_cmake_module/cmake)
[2.257s] -- Found Eigen3: TRUE (found version "3.4.0") 
[2.257s] -- Ensuring Eigen3 include directory is part of orocos-kdl CMake target
[2.312s] -- Found ament_lint_auto: 0.12.14 (/opt/ros/humble/share/ament_lint_auto/cmake)
[2.324s] [0mIn this package, headers install destination is set to `include` by ament_auto_package. It is recommended to install `include/sensor_scan_generation` instead and will be the default behavior of ament_auto_package from ROS 2 Kilted Kaiju. On distributions before Kilted, ament_auto_package behaves the same way when you use USE_SCOPED_HEADER_INSTALL_DIR option.[0m
[2.327s] -- Added test 'copyright' to check source files copyright and LICENSE
[2.328s] -- Added test 'cppcheck' to perform static code analysis on C / C++ code
[2.329s] -- Configured cppcheck include dirs: /home/chairman/working/ros2/beijixiong/pb2025_ws/src/pb2025_sentry_nav/sensor_scan_generation/include
[2.329s] -- Configured cppcheck exclude dirs and/or files: 
[2.329s] -- Added test 'cpplint' to check C / C++ code against the Google style
[2.329s] -- Configured cpplint exclude dirs and/or files: 
[2.329s] -- Added test 'lint_cmake' to check CMake code style
[2.330s] -- Added test 'pep257' to check Python code against some of the docstring style conventions in PEP 257
[2.330s] -- Added test 'xmllint' to check XML markup files
[2.331s] -- Added test 'clang_format' to check C / C++ code style
[2.331s] -- Added test 'black' to check Python code style
[2.333s] -- Configuring done
[2.375s] -- Generating done
[2.383s] -- Build files have been written to: /home/chairman/working/ros2/beijixiong/pb2025_ws/build/sensor_scan_generation
[2.398s] Invoked command in '/home/chairman/working/ros2/beijixiong/pb2025_ws/build/sensor_scan_generation' returned '0': CMAKE_PREFIX_PATH=/opt/ros/humble VIRTUAL_ENV_PROMPT=(venv) /usr/bin/cmake /home/chairman/working/ros2/beijixiong/pb2025_ws/src/pb2025_sentry_nav/sensor_scan_generation -DCMAKE_BUILD_TYPE=Release -DAMENT_CMAKE_SYMLINK_INSTALL=1 -DCMAKE_INSTALL_PREFIX=/home/chairman/working/ros2/beijixiong/pb2025_ws/install/sensor_scan_generation
[2.400s] Invoking command in '/home/chairman/working/ros2/beijixiong/pb2025_ws/build/sensor_scan_generation': CMAKE_PREFIX_PATH=/opt/ros/humble VIRTUAL_ENV_PROMPT=(venv) /usr/bin/cmake --build /home/chairman/working/ros2/beijixiong/pb2025_ws/build/sensor_scan_generation -- -j28 -l28
[2.442s] [ 25%] [32mBuilding CXX object CMakeFiles/sensor_scan_generation_node.dir/rclcpp_components/node_main_sensor_scan_generation_node.cpp.o[0m
[2.444s] [ 50%] [32mBuilding CXX object CMakeFiles/sensor_scan_generation.dir/src/sensor_scan_generation.cpp.o[0m
[5.953s] [ 75%] [32m[1mLinking CXX executable sensor_scan_generation_node[0m
[6.096s] [ 75%] Built target sensor_scan_generation_node
[20.993s] [100%] [32m[1mLinking CXX shared library libsensor_scan_generation.so[0m
[21.403s] [100%] Built target sensor_scan_generation
[21.414s] Invoked command in '/home/chairman/working/ros2/beijixiong/pb2025_ws/build/sensor_scan_generation' returned '0': CMAKE_PREFIX_PATH=/opt/ros/humble VIRTUAL_ENV_PROMPT=(venv) /usr/bin/cmake --build /home/chairman/working/ros2/beijixiong/pb2025_ws/build/sensor_scan_generation -- -j28 -l28
[21.416s] Invoking command in '/home/chairman/working/ros2/beijixiong/pb2025_ws/build/sensor_scan_generation': CMAKE_PREFIX_PATH=/opt/ros/humble VIRTUAL_ENV_PROMPT=(venv) /usr/bin/cmake --install /home/chairman/working/ros2/beijixiong/pb2025_ws/build/sensor_scan_generation
[21.423s] -- Install configuration: "Release"
[21.423s] -- Execute custom install script
[21.424s] -- Symlinking: /home/chairman/working/ros2/beijixiong/pb2025_ws/install/sensor_scan_generation/lib/sensor_scan_generation/sensor_scan_generation_node
[21.433s] -- Symlinking: /home/chairman/working/ros2/beijixiong/pb2025_ws/install/sensor_scan_generation/include/sensor_scan_generation/sensor_scan_generation.hpp
[21.441s] -- Symlinking: /home/chairman/working/ros2/beijixiong/pb2025_ws/install/sensor_scan_generation/share/sensor_scan_generation/environment/library_path.sh
[21.450s] -- Symlinking: /home/chairman/working/ros2/beijixiong/pb2025_ws/install/sensor_scan_generation/share/sensor_scan_generation/environment/library_path.dsv
[21.459s] -- Symlinking: /home/chairman/working/ros2/beijixiong/pb2025_ws/install/sensor_scan_generation/lib/libsensor_scan_generation.so
[21.468s] -- Symlinking: /home/chairman/working/ros2/beijixiong/pb2025_ws/install/sensor_scan_generation/share/sensor_scan_generation/launch/sensor_scan_generation.launch.py
[21.477s] -- Symlinking: /home/chairman/working/ros2/beijixiong/pb2025_ws/install/sensor_scan_generation/share/ament_index/resource_index/package_run_dependencies/sensor_scan_generation
[21.485s] -- Symlinking: /home/chairman/working/ros2/beijixiong/pb2025_ws/install/sensor_scan_generation/share/ament_index/resource_index/parent_prefix_path/sensor_scan_generation
[21.494s] -- Symlinking: /home/chairman/working/ros2/beijixiong/pb2025_ws/install/sensor_scan_generation/share/sensor_scan_generation/environment/ament_prefix_path.sh
[21.503s] -- Symlinking: /home/chairman/working/ros2/beijixiong/pb2025_ws/install/sensor_scan_generation/share/sensor_scan_generation/environment/ament_prefix_path.dsv
[21.511s] -- Symlinking: /home/chairman/working/ros2/beijixiong/pb2025_ws/install/sensor_scan_generation/share/sensor_scan_generation/environment/path.sh
[21.520s] -- Symlinking: /home/chairman/working/ros2/beijixiong/pb2025_ws/install/sensor_scan_generation/share/sensor_scan_generation/environment/path.dsv
[21.528s] -- Symlinking: /home/chairman/working/ros2/beijixiong/pb2025_ws/install/sensor_scan_generation/share/sensor_scan_generation/local_setup.bash
[21.536s] -- Symlinking: /home/chairman/working/ros2/beijixiong/pb2025_ws/install/sensor_scan_generation/share/sensor_scan_generation/local_setup.sh
[21.544s] -- Symlinking: /home/chairman/working/ros2/beijixiong/pb2025_ws/install/sensor_scan_generation/share/sensor_scan_generation/local_setup.zsh
[21.551s] -- Symlinking: /home/chairman/working/ros2/beijixiong/pb2025_ws/install/sensor_scan_generation/share/sensor_scan_generation/local_setup.dsv
[21.558s] -- Symlinking: /home/chairman/working/ros2/beijixiong/pb2025_ws/install/sensor_scan_generation/share/sensor_scan_generation/package.dsv
[21.566s] -- Symlinking: /home/chairman/working/ros2/beijixiong/pb2025_ws/install/sensor_scan_generation/share/ament_index/resource_index/packages/sensor_scan_generation
[21.572s] -- Symlinking: /home/chairman/working/ros2/beijixiong/pb2025_ws/install/sensor_scan_generation/share/ament_index/resource_index/rclcpp_components/sensor_scan_generation
[21.580s] -- Symlinking: /home/chairman/working/ros2/beijixiong/pb2025_ws/install/sensor_scan_generation/share/sensor_scan_generation/cmake/ament_cmake_export_dependencies-extras.cmake
[21.586s] -- Symlinking: /home/chairman/working/ros2/beijixiong/pb2025_ws/install/sensor_scan_generation/share/sensor_scan_generation/cmake/ament_cmake_export_include_directories-extras.cmake
[21.594s] -- Symlinking: /home/chairman/working/ros2/beijixiong/pb2025_ws/install/sensor_scan_generation/share/sensor_scan_generation/cmake/ament_cmake_export_libraries-extras.cmake
[21.600s] -- Symlinking: /home/chairman/working/ros2/beijixiong/pb2025_ws/install/sensor_scan_generation/share/sensor_scan_generation/cmake/sensor_scan_generationConfig.cmake
[21.606s] -- Symlinking: /home/chairman/working/ros2/beijixiong/pb2025_ws/install/sensor_scan_generation/share/sensor_scan_generation/cmake/sensor_scan_generationConfig-version.cmake
[21.612s] -- Symlinking: /home/chairman/working/ros2/beijixiong/pb2025_ws/install/sensor_scan_generation/share/sensor_scan_generation/package.xml
[21.622s] Invoked command in '/home/chairman/working/ros2/beijixiong/pb2025_ws/build/sensor_scan_generation' returned '0': CMAKE_PREFIX_PATH=/opt/ros/humble VIRTUAL_ENV_PROMPT=(venv) /usr/bin/cmake --install /home/chairman/working/ros2/beijixiong/pb2025_ws/build/sensor_scan_generation
