[0.063s] DEBUG:colcon:Command line arguments: ['/usr/bin/colcon', 'build']
[0.063s] DEBUG:colcon:Parsed command line arguments: Namespace(log_base=None, log_level=None, verb_name='build', build_base='build', install_base='install', merge_install=False, symlink_install=False, test_result_base=None, continue_on_error=False, executor='parallel', parallel_workers=28, event_handlers=None, ignore_user_meta=False, metas=['./colcon.meta'], base_paths=['.'], packages_ignore=None, packages_ignore_regex=None, paths=None, packages_up_to=None, packages_up_to_regex=None, packages_above=None, packages_above_and_dependencies=None, packages_above_depth=None, packages_select_by_dep=None, packages_skip_by_dep=None, packages_skip_up_to=None, packages_select_build_failed=False, packages_skip_build_finished=False, packages_select_test_failures=False, packages_skip_test_passed=False, packages_select=None, packages_skip=None, packages_select_regex=None, packages_skip_regex=None, packages_start=None, packages_end=None, allow_overriding=[], cmake_args=None, cmake_target=None, cmake_target_skip_unavailable=False, cmake_clean_cache=False, cmake_clean_first=False, cmake_force_configure=False, ament_cmake_args=None, catkin_cmake_args=None, catkin_skip_building_tests=False, verb_parser=<colcon_defaults.argument_parser.defaults.DefaultArgumentsDecorator object at 0x7b01ea33d690>, verb_extension=<colcon_core.verb.build.BuildVerb object at 0x7b01ea456ad0>, main=<bound method BuildVerb.main of <colcon_core.verb.build.BuildVerb object at 0x7b01ea456ad0>>)
[0.160s] Level 1:colcon.colcon_core.package_discovery:discover_packages(colcon_meta) check parameters
[0.160s] Level 1:colcon.colcon_core.package_discovery:discover_packages(recursive) check parameters
[0.160s] Level 1:colcon.colcon_core.package_discovery:discover_packages(ignore) check parameters
[0.160s] Level 1:colcon.colcon_core.package_discovery:discover_packages(path) check parameters
[0.160s] Level 1:colcon.colcon_core.package_discovery:discover_packages(colcon_meta) discover
[0.160s] Level 1:colcon.colcon_core.package_discovery:discover_packages(recursive) discover
[0.160s] INFO:colcon.colcon_core.package_discovery:Crawling recursively for packages in '/home/chairman/working/ros2/ROS2_learning/chapt7/chapt7_ws'
[0.160s] Level 1:colcon.colcon_core.package_identification:_identify(.) by extensions ['ignore', 'ignore_ament_install']
[0.160s] Level 1:colcon.colcon_core.package_identification:_identify(.) by extension 'ignore'
[0.160s] Level 1:colcon.colcon_core.package_identification:_identify(.) by extension 'ignore_ament_install'
[0.160s] Level 1:colcon.colcon_core.package_identification:_identify(.) by extensions ['colcon_pkg']
[0.160s] Level 1:colcon.colcon_core.package_identification:_identify(.) by extension 'colcon_pkg'
[0.160s] Level 1:colcon.colcon_core.package_identification:_identify(.) by extensions ['colcon_meta']
[0.160s] Level 1:colcon.colcon_core.package_identification:_identify(.) by extension 'colcon_meta'
[0.160s] Level 1:colcon.colcon_core.package_identification:_identify(.) by extensions ['ros']
[0.160s] Level 1:colcon.colcon_core.package_identification:_identify(.) by extension 'ros'
[0.168s] Level 1:colcon.colcon_core.package_identification:_identify(.) by extensions ['cmake', 'python']
[0.168s] Level 1:colcon.colcon_core.package_identification:_identify(.) by extension 'cmake'
[0.168s] Level 1:colcon.colcon_core.package_identification:_identify(.) by extension 'python'
[0.168s] Level 1:colcon.colcon_core.package_identification:_identify(.) by extensions ['python_setup_py']
[0.168s] Level 1:colcon.colcon_core.package_identification:_identify(.) by extension 'python_setup_py'
[0.168s] Level 1:colcon.colcon_core.package_identification:_identify(autopatrol_interfaces) by extensions ['ignore', 'ignore_ament_install']
[0.168s] Level 1:colcon.colcon_core.package_identification:_identify(autopatrol_interfaces) by extension 'ignore'
[0.168s] Level 1:colcon.colcon_core.package_identification:_identify(autopatrol_interfaces) by extension 'ignore_ament_install'
[0.168s] Level 1:colcon.colcon_core.package_identification:_identify(autopatrol_interfaces) by extensions ['colcon_pkg']
[0.168s] Level 1:colcon.colcon_core.package_identification:_identify(autopatrol_interfaces) by extension 'colcon_pkg'
[0.168s] Level 1:colcon.colcon_core.package_identification:_identify(autopatrol_interfaces) by extensions ['colcon_meta']
[0.168s] Level 1:colcon.colcon_core.package_identification:_identify(autopatrol_interfaces) by extension 'colcon_meta'
[0.168s] Level 1:colcon.colcon_core.package_identification:_identify(autopatrol_interfaces) by extensions ['ros']
[0.168s] Level 1:colcon.colcon_core.package_identification:_identify(autopatrol_interfaces) by extension 'ros'
[0.169s] DEBUG:colcon.colcon_core.package_identification:Package 'autopatrol_interfaces' with type 'ros.ament_cmake' and name 'autopatrol_interfaces'
[0.169s] Level 1:colcon.colcon_core.package_identification:_identify(autopatrol_robot) by extensions ['ignore', 'ignore_ament_install']
[0.170s] Level 1:colcon.colcon_core.package_identification:_identify(autopatrol_robot) by extension 'ignore'
[0.170s] Level 1:colcon.colcon_core.package_identification:_identify(autopatrol_robot) by extension 'ignore_ament_install'
[0.170s] Level 1:colcon.colcon_core.package_identification:_identify(autopatrol_robot) by extensions ['colcon_pkg']
[0.170s] Level 1:colcon.colcon_core.package_identification:_identify(autopatrol_robot) by extension 'colcon_pkg'
[0.170s] Level 1:colcon.colcon_core.package_identification:_identify(autopatrol_robot) by extensions ['colcon_meta']
[0.170s] Level 1:colcon.colcon_core.package_identification:_identify(autopatrol_robot) by extension 'colcon_meta'
[0.170s] Level 1:colcon.colcon_core.package_identification:_identify(autopatrol_robot) by extensions ['ros']
[0.170s] Level 1:colcon.colcon_core.package_identification:_identify(autopatrol_robot) by extension 'ros'
[0.170s] DEBUG:colcon.colcon_core.package_identification:Package 'autopatrol_robot' with type 'ros.ament_python' and name 'autopatrol_robot'
[0.170s] Level 1:colcon.colcon_core.package_identification:_identify(build) by extensions ['ignore', 'ignore_ament_install']
[0.170s] Level 1:colcon.colcon_core.package_identification:_identify(build) by extension 'ignore'
[0.170s] Level 1:colcon.colcon_core.package_identification:_identify(build) ignored
[0.170s] Level 1:colcon.colcon_core.package_identification:_identify(fishbot_application) by extensions ['ignore', 'ignore_ament_install']
[0.170s] Level 1:colcon.colcon_core.package_identification:_identify(fishbot_application) by extension 'ignore'
[0.170s] Level 1:colcon.colcon_core.package_identification:_identify(fishbot_application) by extension 'ignore_ament_install'
[0.170s] Level 1:colcon.colcon_core.package_identification:_identify(fishbot_application) by extensions ['colcon_pkg']
[0.170s] Level 1:colcon.colcon_core.package_identification:_identify(fishbot_application) by extension 'colcon_pkg'
[0.170s] Level 1:colcon.colcon_core.package_identification:_identify(fishbot_application) by extensions ['colcon_meta']
[0.170s] Level 1:colcon.colcon_core.package_identification:_identify(fishbot_application) by extension 'colcon_meta'
[0.170s] Level 1:colcon.colcon_core.package_identification:_identify(fishbot_application) by extensions ['ros']
[0.170s] Level 1:colcon.colcon_core.package_identification:_identify(fishbot_application) by extension 'ros'
[0.171s] DEBUG:colcon.colcon_core.package_identification:Package 'fishbot_application' with type 'ros.ament_python' and name 'fishbot_application'
[0.171s] Level 1:colcon.colcon_core.package_identification:_identify(fishbot_navigation2) by extensions ['ignore', 'ignore_ament_install']
[0.171s] Level 1:colcon.colcon_core.package_identification:_identify(fishbot_navigation2) by extension 'ignore'
[0.171s] Level 1:colcon.colcon_core.package_identification:_identify(fishbot_navigation2) by extension 'ignore_ament_install'
[0.171s] Level 1:colcon.colcon_core.package_identification:_identify(fishbot_navigation2) by extensions ['colcon_pkg']
[0.171s] Level 1:colcon.colcon_core.package_identification:_identify(fishbot_navigation2) by extension 'colcon_pkg'
[0.171s] Level 1:colcon.colcon_core.package_identification:_identify(fishbot_navigation2) by extensions ['colcon_meta']
[0.171s] Level 1:colcon.colcon_core.package_identification:_identify(fishbot_navigation2) by extension 'colcon_meta'
[0.171s] Level 1:colcon.colcon_core.package_identification:_identify(fishbot_navigation2) by extensions ['ros']
[0.171s] Level 1:colcon.colcon_core.package_identification:_identify(fishbot_navigation2) by extension 'ros'
[0.172s] DEBUG:colcon.colcon_core.package_identification:Package 'fishbot_navigation2' with type 'ros.ament_cmake' and name 'fishbot_navigation2'
[0.172s] Level 1:colcon.colcon_core.package_identification:_identify(install) by extensions ['ignore', 'ignore_ament_install']
[0.172s] Level 1:colcon.colcon_core.package_identification:_identify(install) by extension 'ignore'
[0.172s] Level 1:colcon.colcon_core.package_identification:_identify(install) ignored
[0.172s] Level 1:colcon.colcon_core.package_identification:_identify(log) by extensions ['ignore', 'ignore_ament_install']
[0.172s] Level 1:colcon.colcon_core.package_identification:_identify(log) by extension 'ignore'
[0.172s] Level 1:colcon.colcon_core.package_identification:_identify(log) ignored
[0.172s] Level 1:colcon.colcon_core.package_discovery:discover_packages(recursive) using defaults
[0.172s] Level 1:colcon.colcon_core.package_discovery:discover_packages(ignore) discover
[0.172s] Level 1:colcon.colcon_core.package_discovery:discover_packages(ignore) using defaults
[0.172s] Level 1:colcon.colcon_core.package_discovery:discover_packages(path) discover
[0.172s] Level 1:colcon.colcon_core.package_discovery:discover_packages(path) using defaults
[0.192s] Level 1:colcon.colcon_core.package_discovery:discover_packages(prefix_path) check parameters
[0.192s] Level 1:colcon.colcon_core.package_discovery:discover_packages(prefix_path) discover
[0.192s] WARNING:colcon.colcon_ros.prefix_path.ament:The path '/home/chairman/working/ros2/ROS2_learning/chapt7/chapt7_ws/install/fishbot_navigation2' in the environment variable AMENT_PREFIX_PATH doesn't exist
[0.192s] WARNING:colcon.colcon_ros.prefix_path.ament:The path '/home/chairman/working/ros2/ROS2_learning/chapt7/chapt7_ws/install/fishbot_application' in the environment variable AMENT_PREFIX_PATH doesn't exist
[0.192s] WARNING:colcon.colcon_ros.prefix_path.ament:The path '/home/chairman/working/ros2/ROS2_learning/chapt7/chapt7_ws/install/autopatrol_robot' in the environment variable AMENT_PREFIX_PATH doesn't exist
[0.192s] WARNING:colcon.colcon_ros.prefix_path.ament:The path '/home/chairman/working/ros2/ROS2_learning/chapt7/chapt7_ws/install/autopatrol_interfaces' in the environment variable AMENT_PREFIX_PATH doesn't exist
[0.192s] WARNING:colcon.colcon_ros.prefix_path.catkin:The path '/home/chairman/working/ros2/ROS2_learning/chapt7/chapt7_ws/install/fishbot_navigation2' in the environment variable CMAKE_PREFIX_PATH doesn't exist
[0.192s] WARNING:colcon.colcon_ros.prefix_path.catkin:The path '/home/chairman/working/ros2/ROS2_learning/chapt7/chapt7_ws/install/autopatrol_interfaces' in the environment variable CMAKE_PREFIX_PATH doesn't exist
[0.193s] DEBUG:colcon.colcon_installed_package_information.package_discovery:Found 0 installed packages in /home/chairman/working/ros2/ROS2_learning/chapt7/chapt7_ws/install
[0.194s] DEBUG:colcon.colcon_installed_package_information.package_discovery:Found 417 installed packages in /opt/ros/humble
[0.195s] Level 1:colcon.colcon_core.package_discovery:discover_packages(prefix_path) using defaults
[0.224s] Level 5:colcon.colcon_core.verb:set package 'autopatrol_interfaces' build argument 'cmake_args' from command line to 'None'
[0.224s] Level 5:colcon.colcon_core.verb:set package 'autopatrol_interfaces' build argument 'cmake_target' from command line to 'None'
[0.224s] Level 5:colcon.colcon_core.verb:set package 'autopatrol_interfaces' build argument 'cmake_target_skip_unavailable' from command line to 'False'
[0.224s] Level 5:colcon.colcon_core.verb:set package 'autopatrol_interfaces' build argument 'cmake_clean_cache' from command line to 'False'
[0.224s] Level 5:colcon.colcon_core.verb:set package 'autopatrol_interfaces' build argument 'cmake_clean_first' from command line to 'False'
[0.224s] Level 5:colcon.colcon_core.verb:set package 'autopatrol_interfaces' build argument 'cmake_force_configure' from command line to 'False'
[0.224s] Level 5:colcon.colcon_core.verb:set package 'autopatrol_interfaces' build argument 'ament_cmake_args' from command line to 'None'
[0.224s] Level 5:colcon.colcon_core.verb:set package 'autopatrol_interfaces' build argument 'catkin_cmake_args' from command line to 'None'
[0.224s] Level 5:colcon.colcon_core.verb:set package 'autopatrol_interfaces' build argument 'catkin_skip_building_tests' from command line to 'False'
[0.225s] DEBUG:colcon.colcon_core.verb:Building package 'autopatrol_interfaces' with the following arguments: {'ament_cmake_args': None, 'build_base': '/home/chairman/working/ros2/ROS2_learning/chapt7/chapt7_ws/build/autopatrol_interfaces', 'catkin_cmake_args': None, 'catkin_skip_building_tests': False, 'cmake_args': None, 'cmake_clean_cache': False, 'cmake_clean_first': False, 'cmake_force_configure': False, 'cmake_target': None, 'cmake_target_skip_unavailable': False, 'install_base': '/home/chairman/working/ros2/ROS2_learning/chapt7/chapt7_ws/install/autopatrol_interfaces', 'merge_install': False, 'path': '/home/chairman/working/ros2/ROS2_learning/chapt7/chapt7_ws/autopatrol_interfaces', 'symlink_install': False, 'test_result_base': None}
[0.225s] Level 5:colcon.colcon_core.verb:set package 'autopatrol_robot' build argument 'cmake_args' from command line to 'None'
[0.225s] Level 5:colcon.colcon_core.verb:set package 'autopatrol_robot' build argument 'cmake_target' from command line to 'None'
[0.225s] Level 5:colcon.colcon_core.verb:set package 'autopatrol_robot' build argument 'cmake_target_skip_unavailable' from command line to 'False'
[0.225s] Level 5:colcon.colcon_core.verb:set package 'autopatrol_robot' build argument 'cmake_clean_cache' from command line to 'False'
[0.225s] Level 5:colcon.colcon_core.verb:set package 'autopatrol_robot' build argument 'cmake_clean_first' from command line to 'False'
[0.225s] Level 5:colcon.colcon_core.verb:set package 'autopatrol_robot' build argument 'cmake_force_configure' from command line to 'False'
[0.225s] Level 5:colcon.colcon_core.verb:set package 'autopatrol_robot' build argument 'ament_cmake_args' from command line to 'None'
[0.225s] Level 5:colcon.colcon_core.verb:set package 'autopatrol_robot' build argument 'catkin_cmake_args' from command line to 'None'
[0.225s] Level 5:colcon.colcon_core.verb:set package 'autopatrol_robot' build argument 'catkin_skip_building_tests' from command line to 'False'
[0.225s] DEBUG:colcon.colcon_core.verb:Building package 'autopatrol_robot' with the following arguments: {'ament_cmake_args': None, 'build_base': '/home/chairman/working/ros2/ROS2_learning/chapt7/chapt7_ws/build/autopatrol_robot', 'catkin_cmake_args': None, 'catkin_skip_building_tests': False, 'cmake_args': None, 'cmake_clean_cache': False, 'cmake_clean_first': False, 'cmake_force_configure': False, 'cmake_target': None, 'cmake_target_skip_unavailable': False, 'install_base': '/home/chairman/working/ros2/ROS2_learning/chapt7/chapt7_ws/install/autopatrol_robot', 'merge_install': False, 'path': '/home/chairman/working/ros2/ROS2_learning/chapt7/chapt7_ws/autopatrol_robot', 'symlink_install': False, 'test_result_base': None}
[0.225s] Level 5:colcon.colcon_core.verb:set package 'fishbot_application' build argument 'cmake_args' from command line to 'None'
[0.225s] Level 5:colcon.colcon_core.verb:set package 'fishbot_application' build argument 'cmake_target' from command line to 'None'
[0.225s] Level 5:colcon.colcon_core.verb:set package 'fishbot_application' build argument 'cmake_target_skip_unavailable' from command line to 'False'
[0.225s] Level 5:colcon.colcon_core.verb:set package 'fishbot_application' build argument 'cmake_clean_cache' from command line to 'False'
[0.225s] Level 5:colcon.colcon_core.verb:set package 'fishbot_application' build argument 'cmake_clean_first' from command line to 'False'
[0.225s] Level 5:colcon.colcon_core.verb:set package 'fishbot_application' build argument 'cmake_force_configure' from command line to 'False'
[0.225s] Level 5:colcon.colcon_core.verb:set package 'fishbot_application' build argument 'ament_cmake_args' from command line to 'None'
[0.225s] Level 5:colcon.colcon_core.verb:set package 'fishbot_application' build argument 'catkin_cmake_args' from command line to 'None'
[0.225s] Level 5:colcon.colcon_core.verb:set package 'fishbot_application' build argument 'catkin_skip_building_tests' from command line to 'False'
[0.225s] DEBUG:colcon.colcon_core.verb:Building package 'fishbot_application' with the following arguments: {'ament_cmake_args': None, 'build_base': '/home/chairman/working/ros2/ROS2_learning/chapt7/chapt7_ws/build/fishbot_application', 'catkin_cmake_args': None, 'catkin_skip_building_tests': False, 'cmake_args': None, 'cmake_clean_cache': False, 'cmake_clean_first': False, 'cmake_force_configure': False, 'cmake_target': None, 'cmake_target_skip_unavailable': False, 'install_base': '/home/chairman/working/ros2/ROS2_learning/chapt7/chapt7_ws/install/fishbot_application', 'merge_install': False, 'path': '/home/chairman/working/ros2/ROS2_learning/chapt7/chapt7_ws/fishbot_application', 'symlink_install': False, 'test_result_base': None}
[0.225s] Level 5:colcon.colcon_core.verb:set package 'fishbot_navigation2' build argument 'cmake_args' from command line to 'None'
[0.225s] Level 5:colcon.colcon_core.verb:set package 'fishbot_navigation2' build argument 'cmake_target' from command line to 'None'
[0.225s] Level 5:colcon.colcon_core.verb:set package 'fishbot_navigation2' build argument 'cmake_target_skip_unavailable' from command line to 'False'
[0.225s] Level 5:colcon.colcon_core.verb:set package 'fishbot_navigation2' build argument 'cmake_clean_cache' from command line to 'False'
[0.225s] Level 5:colcon.colcon_core.verb:set package 'fishbot_navigation2' build argument 'cmake_clean_first' from command line to 'False'
[0.225s] Level 5:colcon.colcon_core.verb:set package 'fishbot_navigation2' build argument 'cmake_force_configure' from command line to 'False'
[0.225s] Level 5:colcon.colcon_core.verb:set package 'fishbot_navigation2' build argument 'ament_cmake_args' from command line to 'None'
[0.225s] Level 5:colcon.colcon_core.verb:set package 'fishbot_navigation2' build argument 'catkin_cmake_args' from command line to 'None'
[0.225s] Level 5:colcon.colcon_core.verb:set package 'fishbot_navigation2' build argument 'catkin_skip_building_tests' from command line to 'False'
[0.225s] DEBUG:colcon.colcon_core.verb:Building package 'fishbot_navigation2' with the following arguments: {'ament_cmake_args': None, 'build_base': '/home/chairman/working/ros2/ROS2_learning/chapt7/chapt7_ws/build/fishbot_navigation2', 'catkin_cmake_args': None, 'catkin_skip_building_tests': False, 'cmake_args': None, 'cmake_clean_cache': False, 'cmake_clean_first': False, 'cmake_force_configure': False, 'cmake_target': None, 'cmake_target_skip_unavailable': False, 'install_base': '/home/chairman/working/ros2/ROS2_learning/chapt7/chapt7_ws/install/fishbot_navigation2', 'merge_install': False, 'path': '/home/chairman/working/ros2/ROS2_learning/chapt7/chapt7_ws/fishbot_navigation2', 'symlink_install': False, 'test_result_base': None}
[0.226s] INFO:colcon.colcon_core.executor:Executing jobs using 'parallel' executor
[0.226s] DEBUG:colcon.colcon_parallel_executor.executor.parallel:run_until_complete
[0.226s] INFO:colcon.colcon_ros.task.ament_cmake.build:Building ROS package in '/home/chairman/working/ros2/ROS2_learning/chapt7/chapt7_ws/autopatrol_interfaces' with build type 'ament_cmake'
[0.226s] INFO:colcon.colcon_cmake.task.cmake.build:Building CMake package in '/home/chairman/working/ros2/ROS2_learning/chapt7/chapt7_ws/autopatrol_interfaces'
[0.228s] INFO:colcon.colcon_core.plugin_system:Skipping extension 'colcon_core.shell.bat': Not used on non-Windows systems
[0.228s] INFO:colcon.colcon_core.shell:Skip shell extension 'powershell' for command environment: Not usable outside of PowerShell
[0.228s] DEBUG:colcon.colcon_core.shell:Skip shell extension 'dsv' for command environment
[0.230s] INFO:colcon.colcon_ros.task.ament_python.build:Building ROS package in '/home/chairman/working/ros2/ROS2_learning/chapt7/chapt7_ws/autopatrol_robot' with build type 'ament_python'
[0.230s] Level 1:colcon.colcon_core.shell:create_environment_hook('autopatrol_robot', 'ament_prefix_path')
[0.231s] INFO:colcon.colcon_core.shell:Creating environment hook '/home/chairman/working/ros2/ROS2_learning/chapt7/chapt7_ws/install/autopatrol_robot/share/autopatrol_robot/hook/ament_prefix_path.ps1'
[0.231s] INFO:colcon.colcon_core.shell:Creating environment descriptor '/home/chairman/working/ros2/ROS2_learning/chapt7/chapt7_ws/install/autopatrol_robot/share/autopatrol_robot/hook/ament_prefix_path.dsv'
[0.231s] INFO:colcon.colcon_core.shell:Creating environment hook '/home/chairman/working/ros2/ROS2_learning/chapt7/chapt7_ws/install/autopatrol_robot/share/autopatrol_robot/hook/ament_prefix_path.sh'
[0.232s] INFO:colcon.colcon_core.shell:Skip shell extension 'powershell' for command environment: Not usable outside of PowerShell
[0.232s] DEBUG:colcon.colcon_core.shell:Skip shell extension 'dsv' for command environment
[0.234s] INFO:colcon.colcon_ros.task.ament_python.build:Building ROS package in '/home/chairman/working/ros2/ROS2_learning/chapt7/chapt7_ws/fishbot_application' with build type 'ament_python'
[0.234s] Level 1:colcon.colcon_core.shell:create_environment_hook('fishbot_application', 'ament_prefix_path')
[0.234s] INFO:colcon.colcon_core.shell:Creating environment hook '/home/chairman/working/ros2/ROS2_learning/chapt7/chapt7_ws/install/fishbot_application/share/fishbot_application/hook/ament_prefix_path.ps1'
[0.234s] INFO:colcon.colcon_core.shell:Creating environment descriptor '/home/chairman/working/ros2/ROS2_learning/chapt7/chapt7_ws/install/fishbot_application/share/fishbot_application/hook/ament_prefix_path.dsv'
[0.234s] INFO:colcon.colcon_core.shell:Creating environment hook '/home/chairman/working/ros2/ROS2_learning/chapt7/chapt7_ws/install/fishbot_application/share/fishbot_application/hook/ament_prefix_path.sh'
[0.235s] INFO:colcon.colcon_core.shell:Skip shell extension 'powershell' for command environment: Not usable outside of PowerShell
[0.235s] DEBUG:colcon.colcon_core.shell:Skip shell extension 'dsv' for command environment
[0.237s] INFO:colcon.colcon_ros.task.ament_cmake.build:Building ROS package in '/home/chairman/working/ros2/ROS2_learning/chapt7/chapt7_ws/fishbot_navigation2' with build type 'ament_cmake'
[0.237s] INFO:colcon.colcon_cmake.task.cmake.build:Building CMake package in '/home/chairman/working/ros2/ROS2_learning/chapt7/chapt7_ws/fishbot_navigation2'
[0.237s] INFO:colcon.colcon_core.shell:Skip shell extension 'powershell' for command environment: Not usable outside of PowerShell
[0.237s] DEBUG:colcon.colcon_core.shell:Skip shell extension 'dsv' for command environment
[0.242s] DEBUG:colcon.colcon_core.event_handler.log_command:Invoking command in '/home/chairman/working/ros2/ROS2_learning/chapt7/chapt7_ws/build/autopatrol_interfaces': CMAKE_PREFIX_PATH=${CMAKE_PREFIX_PATH}:/home/chairman/working/ros2/ROS2_learning/chapt7/chapt7_ws/install/fishbot_application:/home/chairman/working/ros2/ROS2_learning/chapt7/chapt7_ws/install/autopatrol_robot:/opt/ros/humble VIRTUAL_ENV_PROMPT=(venv) /usr/bin/cmake /home/chairman/working/ros2/ROS2_learning/chapt7/chapt7_ws/autopatrol_interfaces -DCMAKE_INSTALL_PREFIX=/home/chairman/working/ros2/ROS2_learning/chapt7/chapt7_ws/install/autopatrol_interfaces
[0.394s] INFO:colcon.colcon_core.task.python.build:Building Python package in '/home/chairman/working/ros2/ROS2_learning/chapt7/chapt7_ws/autopatrol_robot'
[0.394s] INFO:colcon.colcon_core.shell:Skip shell extension 'powershell' for command environment: Not usable outside of PowerShell
[0.394s] DEBUG:colcon.colcon_core.shell:Skip shell extension 'dsv' for command environment
[0.544s] INFO:colcon.colcon_core.task.python.build:Building Python package in '/home/chairman/working/ros2/ROS2_learning/chapt7/chapt7_ws/fishbot_application'
[0.544s] INFO:colcon.colcon_core.shell:Skip shell extension 'powershell' for command environment: Not usable outside of PowerShell
[0.544s] DEBUG:colcon.colcon_core.shell:Skip shell extension 'dsv' for command environment
[0.550s] DEBUG:colcon.colcon_core.event_handler.log_command:Invoking command in '/home/chairman/working/ros2/ROS2_learning/chapt7/chapt7_ws/build/fishbot_navigation2': CMAKE_PREFIX_PATH=${CMAKE_PREFIX_PATH}:/home/chairman/working/ros2/ROS2_learning/chapt7/chapt7_ws/install/fishbot_application:/home/chairman/working/ros2/ROS2_learning/chapt7/chapt7_ws/install/autopatrol_robot:/opt/ros/humble VIRTUAL_ENV_PROMPT=(venv) /usr/bin/cmake /home/chairman/working/ros2/ROS2_learning/chapt7/chapt7_ws/fishbot_navigation2 -DCMAKE_INSTALL_PREFIX=/home/chairman/working/ros2/ROS2_learning/chapt7/chapt7_ws/install/fishbot_navigation2
[0.761s] DEBUG:colcon.colcon_core.event_handler.log_command:Invoking command in '/home/chairman/working/ros2/ROS2_learning/chapt7/chapt7_ws/autopatrol_robot': PYTHONPATH=/home/chairman/working/ros2/ROS2_learning/chapt7/chapt7_ws/build/autopatrol_robot/prefix_override:/usr/lib/python3/dist-packages/colcon_core/task/python/colcon_distutils_commands:/home/chairman/working/ros2/ROS2_learning/chapt7/chapt7_ws/install/autopatrol_robot/lib/python3.10/site-packages:${PYTHONPATH} VIRTUAL_ENV_PROMPT=(venv) /usr/bin/python3 -W ignore:setup.py install is deprecated -W ignore:easy_install command is deprecated setup.py egg_info --egg-base ../build/autopatrol_robot build --build-base /home/chairman/working/ros2/ROS2_learning/chapt7/chapt7_ws/build/autopatrol_robot/build install --record /home/chairman/working/ros2/ROS2_learning/chapt7/chapt7_ws/build/autopatrol_robot/install.log --single-version-externally-managed install_data
[0.764s] DEBUG:colcon.colcon_core.event_handler.log_command:Invoking command in '/home/chairman/working/ros2/ROS2_learning/chapt7/chapt7_ws/fishbot_application': PYTHONPATH=/home/chairman/working/ros2/ROS2_learning/chapt7/chapt7_ws/build/fishbot_application/prefix_override:/usr/lib/python3/dist-packages/colcon_core/task/python/colcon_distutils_commands:/home/chairman/working/ros2/ROS2_learning/chapt7/chapt7_ws/install/fishbot_application/lib/python3.10/site-packages:${PYTHONPATH} VIRTUAL_ENV_PROMPT=(venv) /usr/bin/python3 -W ignore:setup.py install is deprecated -W ignore:easy_install command is deprecated setup.py egg_info --egg-base ../build/fishbot_application build --build-base /home/chairman/working/ros2/ROS2_learning/chapt7/chapt7_ws/build/fishbot_application/build install --record /home/chairman/working/ros2/ROS2_learning/chapt7/chapt7_ws/build/fishbot_application/install.log --single-version-externally-managed install_data
[0.940s] DEBUG:colcon.colcon_core.event_handler.log_command:Invoked command in '/home/chairman/working/ros2/ROS2_learning/chapt7/chapt7_ws/autopatrol_robot' returned '0': PYTHONPATH=/home/chairman/working/ros2/ROS2_learning/chapt7/chapt7_ws/build/autopatrol_robot/prefix_override:/usr/lib/python3/dist-packages/colcon_core/task/python/colcon_distutils_commands:/home/chairman/working/ros2/ROS2_learning/chapt7/chapt7_ws/install/autopatrol_robot/lib/python3.10/site-packages:${PYTHONPATH} VIRTUAL_ENV_PROMPT=(venv) /usr/bin/python3 -W ignore:setup.py install is deprecated -W ignore:easy_install command is deprecated setup.py egg_info --egg-base ../build/autopatrol_robot build --build-base /home/chairman/working/ros2/ROS2_learning/chapt7/chapt7_ws/build/autopatrol_robot/build install --record /home/chairman/working/ros2/ROS2_learning/chapt7/chapt7_ws/build/autopatrol_robot/install.log --single-version-externally-managed install_data
[0.941s] Level 1:colcon.colcon_core.environment:checking '/home/chairman/working/ros2/ROS2_learning/chapt7/chapt7_ws/install/autopatrol_robot' for CMake module files
[0.941s] Level 1:colcon.colcon_core.environment:checking '/home/chairman/working/ros2/ROS2_learning/chapt7/chapt7_ws/install/autopatrol_robot' for CMake config files
[0.941s] Level 1:colcon.colcon_core.environment:checking '/home/chairman/working/ros2/ROS2_learning/chapt7/chapt7_ws/install/autopatrol_robot/lib'
[0.942s] Level 1:colcon.colcon_core.environment:checking '/home/chairman/working/ros2/ROS2_learning/chapt7/chapt7_ws/install/autopatrol_robot/bin'
[0.942s] Level 1:colcon.colcon_core.environment:checking '/home/chairman/working/ros2/ROS2_learning/chapt7/chapt7_ws/install/autopatrol_robot/lib/pkgconfig/autopatrol_robot.pc'
[0.942s] Level 1:colcon.colcon_core.environment:checking '/home/chairman/working/ros2/ROS2_learning/chapt7/chapt7_ws/install/autopatrol_robot/lib/python3.10/site-packages'
[0.942s] Level 1:colcon.colcon_core.shell:create_environment_hook('autopatrol_robot', 'pythonpath')
[0.942s] INFO:colcon.colcon_core.shell:Creating environment hook '/home/chairman/working/ros2/ROS2_learning/chapt7/chapt7_ws/install/autopatrol_robot/share/autopatrol_robot/hook/pythonpath.ps1'
[0.942s] INFO:colcon.colcon_core.shell:Creating environment descriptor '/home/chairman/working/ros2/ROS2_learning/chapt7/chapt7_ws/install/autopatrol_robot/share/autopatrol_robot/hook/pythonpath.dsv'
[0.942s] INFO:colcon.colcon_core.shell:Creating environment hook '/home/chairman/working/ros2/ROS2_learning/chapt7/chapt7_ws/install/autopatrol_robot/share/autopatrol_robot/hook/pythonpath.sh'
[0.943s] Level 1:colcon.colcon_core.environment:checking '/home/chairman/working/ros2/ROS2_learning/chapt7/chapt7_ws/install/autopatrol_robot/bin'
[0.943s] Level 1:colcon.colcon_core.environment:create_environment_scripts_only(autopatrol_robot)
[0.943s] INFO:colcon.colcon_core.shell:Creating package script '/home/chairman/working/ros2/ROS2_learning/chapt7/chapt7_ws/install/autopatrol_robot/share/autopatrol_robot/package.ps1'
[0.943s] INFO:colcon.colcon_core.shell:Creating package descriptor '/home/chairman/working/ros2/ROS2_learning/chapt7/chapt7_ws/install/autopatrol_robot/share/autopatrol_robot/package.dsv'
[0.944s] INFO:colcon.colcon_core.shell:Creating package script '/home/chairman/working/ros2/ROS2_learning/chapt7/chapt7_ws/install/autopatrol_robot/share/autopatrol_robot/package.sh'
[0.944s] INFO:colcon.colcon_core.shell:Creating package script '/home/chairman/working/ros2/ROS2_learning/chapt7/chapt7_ws/install/autopatrol_robot/share/autopatrol_robot/package.bash'
[0.944s] INFO:colcon.colcon_core.shell:Creating package script '/home/chairman/working/ros2/ROS2_learning/chapt7/chapt7_ws/install/autopatrol_robot/share/autopatrol_robot/package.zsh'
[0.945s] Level 1:colcon.colcon_core.environment:create_file_with_runtime_dependencies(/home/chairman/working/ros2/ROS2_learning/chapt7/chapt7_ws/install/autopatrol_robot/share/colcon-core/packages/autopatrol_robot)
[0.945s] Level 1:colcon.colcon_core.environment:checking '/home/chairman/working/ros2/ROS2_learning/chapt7/chapt7_ws/install/fishbot_application' for CMake module files
[0.946s] Level 1:colcon.colcon_core.environment:checking '/home/chairman/working/ros2/ROS2_learning/chapt7/chapt7_ws/install/fishbot_application' for CMake config files
[0.946s] DEBUG:colcon.colcon_core.event_handler.log_command:Invoked command in '/home/chairman/working/ros2/ROS2_learning/chapt7/chapt7_ws/fishbot_application' returned '0': PYTHONPATH=/home/chairman/working/ros2/ROS2_learning/chapt7/chapt7_ws/build/fishbot_application/prefix_override:/usr/lib/python3/dist-packages/colcon_core/task/python/colcon_distutils_commands:/home/chairman/working/ros2/ROS2_learning/chapt7/chapt7_ws/install/fishbot_application/lib/python3.10/site-packages:${PYTHONPATH} VIRTUAL_ENV_PROMPT=(venv) /usr/bin/python3 -W ignore:setup.py install is deprecated -W ignore:easy_install command is deprecated setup.py egg_info --egg-base ../build/fishbot_application build --build-base /home/chairman/working/ros2/ROS2_learning/chapt7/chapt7_ws/build/fishbot_application/build install --record /home/chairman/working/ros2/ROS2_learning/chapt7/chapt7_ws/build/fishbot_application/install.log --single-version-externally-managed install_data
[0.946s] Level 1:colcon.colcon_core.environment:checking '/home/chairman/working/ros2/ROS2_learning/chapt7/chapt7_ws/install/fishbot_application/lib'
[0.946s] Level 1:colcon.colcon_core.environment:checking '/home/chairman/working/ros2/ROS2_learning/chapt7/chapt7_ws/install/fishbot_application/bin'
[0.946s] Level 1:colcon.colcon_core.environment:checking '/home/chairman/working/ros2/ROS2_learning/chapt7/chapt7_ws/install/fishbot_application/lib/pkgconfig/fishbot_application.pc'
[0.947s] Level 1:colcon.colcon_core.environment:checking '/home/chairman/working/ros2/ROS2_learning/chapt7/chapt7_ws/install/fishbot_application/lib/python3.10/site-packages'
[0.947s] Level 1:colcon.colcon_core.shell:create_environment_hook('fishbot_application', 'pythonpath')
[0.947s] INFO:colcon.colcon_core.shell:Creating environment hook '/home/chairman/working/ros2/ROS2_learning/chapt7/chapt7_ws/install/fishbot_application/share/fishbot_application/hook/pythonpath.ps1'
[0.947s] INFO:colcon.colcon_core.shell:Creating environment descriptor '/home/chairman/working/ros2/ROS2_learning/chapt7/chapt7_ws/install/fishbot_application/share/fishbot_application/hook/pythonpath.dsv'
[0.947s] INFO:colcon.colcon_core.shell:Creating environment hook '/home/chairman/working/ros2/ROS2_learning/chapt7/chapt7_ws/install/fishbot_application/share/fishbot_application/hook/pythonpath.sh'
[0.947s] Level 1:colcon.colcon_core.environment:checking '/home/chairman/working/ros2/ROS2_learning/chapt7/chapt7_ws/install/fishbot_application/bin'
[0.948s] Level 1:colcon.colcon_core.environment:create_environment_scripts_only(fishbot_application)
[0.948s] INFO:colcon.colcon_core.shell:Creating package script '/home/chairman/working/ros2/ROS2_learning/chapt7/chapt7_ws/install/fishbot_application/share/fishbot_application/package.ps1'
[0.948s] INFO:colcon.colcon_core.shell:Creating package descriptor '/home/chairman/working/ros2/ROS2_learning/chapt7/chapt7_ws/install/fishbot_application/share/fishbot_application/package.dsv'
[0.948s] INFO:colcon.colcon_core.shell:Creating package script '/home/chairman/working/ros2/ROS2_learning/chapt7/chapt7_ws/install/fishbot_application/share/fishbot_application/package.sh'
[0.948s] INFO:colcon.colcon_core.shell:Creating package script '/home/chairman/working/ros2/ROS2_learning/chapt7/chapt7_ws/install/fishbot_application/share/fishbot_application/package.bash'
[0.949s] INFO:colcon.colcon_core.shell:Creating package script '/home/chairman/working/ros2/ROS2_learning/chapt7/chapt7_ws/install/fishbot_application/share/fishbot_application/package.zsh'
[0.949s] Level 1:colcon.colcon_core.environment:create_file_with_runtime_dependencies(/home/chairman/working/ros2/ROS2_learning/chapt7/chapt7_ws/install/fishbot_application/share/colcon-core/packages/fishbot_application)
[1.115s] DEBUG:colcon.colcon_core.event_handler.log_command:Invoked command in '/home/chairman/working/ros2/ROS2_learning/chapt7/chapt7_ws/build/fishbot_navigation2' returned '0': CMAKE_PREFIX_PATH=${CMAKE_PREFIX_PATH}:/home/chairman/working/ros2/ROS2_learning/chapt7/chapt7_ws/install/fishbot_application:/home/chairman/working/ros2/ROS2_learning/chapt7/chapt7_ws/install/autopatrol_robot:/opt/ros/humble VIRTUAL_ENV_PROMPT=(venv) /usr/bin/cmake /home/chairman/working/ros2/ROS2_learning/chapt7/chapt7_ws/fishbot_navigation2 -DCMAKE_INSTALL_PREFIX=/home/chairman/working/ros2/ROS2_learning/chapt7/chapt7_ws/install/fishbot_navigation2
[1.117s] DEBUG:colcon.colcon_core.event_handler.log_command:Invoking command in '/home/chairman/working/ros2/ROS2_learning/chapt7/chapt7_ws/build/fishbot_navigation2': CMAKE_PREFIX_PATH=${CMAKE_PREFIX_PATH}:/home/chairman/working/ros2/ROS2_learning/chapt7/chapt7_ws/install/fishbot_application:/home/chairman/working/ros2/ROS2_learning/chapt7/chapt7_ws/install/autopatrol_robot:/opt/ros/humble VIRTUAL_ENV_PROMPT=(venv) /usr/bin/cmake --build /home/chairman/working/ros2/ROS2_learning/chapt7/chapt7_ws/build/fishbot_navigation2 -- -j28 -l28
[1.142s] DEBUG:colcon.colcon_core.event_handler.log_command:Invoked command in '/home/chairman/working/ros2/ROS2_learning/chapt7/chapt7_ws/build/fishbot_navigation2' returned '0': CMAKE_PREFIX_PATH=${CMAKE_PREFIX_PATH}:/home/chairman/working/ros2/ROS2_learning/chapt7/chapt7_ws/install/fishbot_application:/home/chairman/working/ros2/ROS2_learning/chapt7/chapt7_ws/install/autopatrol_robot:/opt/ros/humble VIRTUAL_ENV_PROMPT=(venv) /usr/bin/cmake --build /home/chairman/working/ros2/ROS2_learning/chapt7/chapt7_ws/build/fishbot_navigation2 -- -j28 -l28
[1.149s] DEBUG:colcon.colcon_core.event_handler.log_command:Invoking command in '/home/chairman/working/ros2/ROS2_learning/chapt7/chapt7_ws/build/fishbot_navigation2': CMAKE_PREFIX_PATH=${CMAKE_PREFIX_PATH}:/home/chairman/working/ros2/ROS2_learning/chapt7/chapt7_ws/install/fishbot_application:/home/chairman/working/ros2/ROS2_learning/chapt7/chapt7_ws/install/autopatrol_robot:/opt/ros/humble VIRTUAL_ENV_PROMPT=(venv) /usr/bin/cmake --install /home/chairman/working/ros2/ROS2_learning/chapt7/chapt7_ws/build/fishbot_navigation2
[1.156s] Level 1:colcon.colcon_core.environment:create_environment_scripts_only(fishbot_navigation2)
[1.156s] Level 1:colcon.colcon_core.environment:checking '/home/chairman/working/ros2/ROS2_learning/chapt7/chapt7_ws/install/fishbot_navigation2' for CMake module files
[1.157s] DEBUG:colcon.colcon_core.event_handler.log_command:Invoked command in '/home/chairman/working/ros2/ROS2_learning/chapt7/chapt7_ws/build/fishbot_navigation2' returned '0': CMAKE_PREFIX_PATH=${CMAKE_PREFIX_PATH}:/home/chairman/working/ros2/ROS2_learning/chapt7/chapt7_ws/install/fishbot_application:/home/chairman/working/ros2/ROS2_learning/chapt7/chapt7_ws/install/autopatrol_robot:/opt/ros/humble VIRTUAL_ENV_PROMPT=(venv) /usr/bin/cmake --install /home/chairman/working/ros2/ROS2_learning/chapt7/chapt7_ws/build/fishbot_navigation2
[1.157s] Level 1:colcon.colcon_core.environment:checking '/home/chairman/working/ros2/ROS2_learning/chapt7/chapt7_ws/install/fishbot_navigation2' for CMake config files
[1.157s] Level 1:colcon.colcon_core.shell:create_environment_hook('fishbot_navigation2', 'cmake_prefix_path')
[1.157s] INFO:colcon.colcon_core.shell:Creating environment hook '/home/chairman/working/ros2/ROS2_learning/chapt7/chapt7_ws/install/fishbot_navigation2/share/fishbot_navigation2/hook/cmake_prefix_path.ps1'
[1.157s] INFO:colcon.colcon_core.shell:Creating environment descriptor '/home/chairman/working/ros2/ROS2_learning/chapt7/chapt7_ws/install/fishbot_navigation2/share/fishbot_navigation2/hook/cmake_prefix_path.dsv'
[1.158s] INFO:colcon.colcon_core.shell:Creating environment hook '/home/chairman/working/ros2/ROS2_learning/chapt7/chapt7_ws/install/fishbot_navigation2/share/fishbot_navigation2/hook/cmake_prefix_path.sh'
[1.158s] Level 1:colcon.colcon_core.environment:checking '/home/chairman/working/ros2/ROS2_learning/chapt7/chapt7_ws/install/fishbot_navigation2/bin'
[1.158s] Level 1:colcon.colcon_core.environment:checking '/home/chairman/working/ros2/ROS2_learning/chapt7/chapt7_ws/install/fishbot_navigation2/lib/pkgconfig/fishbot_navigation2.pc'
[1.158s] Level 1:colcon.colcon_core.environment:checking '/home/chairman/working/ros2/ROS2_learning/chapt7/chapt7_ws/install/fishbot_navigation2/lib/python3.10/site-packages'
[1.158s] Level 1:colcon.colcon_core.environment:checking '/home/chairman/working/ros2/ROS2_learning/chapt7/chapt7_ws/install/fishbot_navigation2/bin'
[1.158s] INFO:colcon.colcon_core.shell:Creating package script '/home/chairman/working/ros2/ROS2_learning/chapt7/chapt7_ws/install/fishbot_navigation2/share/fishbot_navigation2/package.ps1'
[1.159s] INFO:colcon.colcon_core.shell:Creating package descriptor '/home/chairman/working/ros2/ROS2_learning/chapt7/chapt7_ws/install/fishbot_navigation2/share/fishbot_navigation2/package.dsv'
[1.159s] INFO:colcon.colcon_core.shell:Creating package script '/home/chairman/working/ros2/ROS2_learning/chapt7/chapt7_ws/install/fishbot_navigation2/share/fishbot_navigation2/package.sh'
[1.159s] INFO:colcon.colcon_core.shell:Creating package script '/home/chairman/working/ros2/ROS2_learning/chapt7/chapt7_ws/install/fishbot_navigation2/share/fishbot_navigation2/package.bash'
[1.159s] INFO:colcon.colcon_core.shell:Creating package script '/home/chairman/working/ros2/ROS2_learning/chapt7/chapt7_ws/install/fishbot_navigation2/share/fishbot_navigation2/package.zsh'
[1.159s] Level 1:colcon.colcon_core.environment:create_file_with_runtime_dependencies(/home/chairman/working/ros2/ROS2_learning/chapt7/chapt7_ws/install/fishbot_navigation2/share/colcon-core/packages/fishbot_navigation2)
[1.160s] Level 1:colcon.colcon_core.environment:create_environment_scripts_only(fishbot_navigation2)
[1.160s] Level 1:colcon.colcon_core.environment:checking '/home/chairman/working/ros2/ROS2_learning/chapt7/chapt7_ws/install/fishbot_navigation2' for CMake module files
[1.160s] Level 1:colcon.colcon_core.environment:checking '/home/chairman/working/ros2/ROS2_learning/chapt7/chapt7_ws/install/fishbot_navigation2' for CMake config files
[1.160s] Level 1:colcon.colcon_core.shell:create_environment_hook('fishbot_navigation2', 'cmake_prefix_path')
[1.160s] INFO:colcon.colcon_core.shell:Creating environment hook '/home/chairman/working/ros2/ROS2_learning/chapt7/chapt7_ws/install/fishbot_navigation2/share/fishbot_navigation2/hook/cmake_prefix_path.ps1'
[1.160s] INFO:colcon.colcon_core.shell:Creating environment descriptor '/home/chairman/working/ros2/ROS2_learning/chapt7/chapt7_ws/install/fishbot_navigation2/share/fishbot_navigation2/hook/cmake_prefix_path.dsv'
[1.161s] INFO:colcon.colcon_core.shell:Creating environment hook '/home/chairman/working/ros2/ROS2_learning/chapt7/chapt7_ws/install/fishbot_navigation2/share/fishbot_navigation2/hook/cmake_prefix_path.sh'
[1.161s] Level 1:colcon.colcon_core.environment:checking '/home/chairman/working/ros2/ROS2_learning/chapt7/chapt7_ws/install/fishbot_navigation2/bin'
[1.161s] Level 1:colcon.colcon_core.environment:checking '/home/chairman/working/ros2/ROS2_learning/chapt7/chapt7_ws/install/fishbot_navigation2/lib/pkgconfig/fishbot_navigation2.pc'
[1.161s] Level 1:colcon.colcon_core.environment:checking '/home/chairman/working/ros2/ROS2_learning/chapt7/chapt7_ws/install/fishbot_navigation2/lib/python3.10/site-packages'
[1.161s] Level 1:colcon.colcon_core.environment:checking '/home/chairman/working/ros2/ROS2_learning/chapt7/chapt7_ws/install/fishbot_navigation2/bin'
[1.161s] INFO:colcon.colcon_core.shell:Creating package script '/home/chairman/working/ros2/ROS2_learning/chapt7/chapt7_ws/install/fishbot_navigation2/share/fishbot_navigation2/package.ps1'
[1.162s] INFO:colcon.colcon_core.shell:Creating package descriptor '/home/chairman/working/ros2/ROS2_learning/chapt7/chapt7_ws/install/fishbot_navigation2/share/fishbot_navigation2/package.dsv'
[1.162s] INFO:colcon.colcon_core.shell:Creating package script '/home/chairman/working/ros2/ROS2_learning/chapt7/chapt7_ws/install/fishbot_navigation2/share/fishbot_navigation2/package.sh'
[1.162s] INFO:colcon.colcon_core.shell:Creating package script '/home/chairman/working/ros2/ROS2_learning/chapt7/chapt7_ws/install/fishbot_navigation2/share/fishbot_navigation2/package.bash'
[1.162s] INFO:colcon.colcon_core.shell:Creating package script '/home/chairman/working/ros2/ROS2_learning/chapt7/chapt7_ws/install/fishbot_navigation2/share/fishbot_navigation2/package.zsh'
[1.162s] Level 1:colcon.colcon_core.environment:create_file_with_runtime_dependencies(/home/chairman/working/ros2/ROS2_learning/chapt7/chapt7_ws/install/fishbot_navigation2/share/colcon-core/packages/fishbot_navigation2)
[1.327s] DEBUG:colcon.colcon_core.event_handler.log_command:Invoked command in '/home/chairman/working/ros2/ROS2_learning/chapt7/chapt7_ws/build/autopatrol_interfaces' returned '0': CMAKE_PREFIX_PATH=${CMAKE_PREFIX_PATH}:/home/chairman/working/ros2/ROS2_learning/chapt7/chapt7_ws/install/fishbot_application:/home/chairman/working/ros2/ROS2_learning/chapt7/chapt7_ws/install/autopatrol_robot:/opt/ros/humble VIRTUAL_ENV_PROMPT=(venv) /usr/bin/cmake /home/chairman/working/ros2/ROS2_learning/chapt7/chapt7_ws/autopatrol_interfaces -DCMAKE_INSTALL_PREFIX=/home/chairman/working/ros2/ROS2_learning/chapt7/chapt7_ws/install/autopatrol_interfaces
[1.329s] DEBUG:colcon.colcon_core.event_handler.log_command:Invoking command in '/home/chairman/working/ros2/ROS2_learning/chapt7/chapt7_ws/build/autopatrol_interfaces': CMAKE_PREFIX_PATH=${CMAKE_PREFIX_PATH}:/home/chairman/working/ros2/ROS2_learning/chapt7/chapt7_ws/install/fishbot_application:/home/chairman/working/ros2/ROS2_learning/chapt7/chapt7_ws/install/autopatrol_robot:/opt/ros/humble VIRTUAL_ENV_PROMPT=(venv) /usr/bin/cmake --build /home/chairman/working/ros2/ROS2_learning/chapt7/chapt7_ws/build/autopatrol_interfaces -- -j28 -l28
[2.540s] DEBUG:colcon.colcon_core.event_handler.log_command:Invoked command in '/home/chairman/working/ros2/ROS2_learning/chapt7/chapt7_ws/build/autopatrol_interfaces' returned '0': CMAKE_PREFIX_PATH=${CMAKE_PREFIX_PATH}:/home/chairman/working/ros2/ROS2_learning/chapt7/chapt7_ws/install/fishbot_application:/home/chairman/working/ros2/ROS2_learning/chapt7/chapt7_ws/install/autopatrol_robot:/opt/ros/humble VIRTUAL_ENV_PROMPT=(venv) /usr/bin/cmake --build /home/chairman/working/ros2/ROS2_learning/chapt7/chapt7_ws/build/autopatrol_interfaces -- -j28 -l28
[2.541s] DEBUG:colcon.colcon_core.event_handler.log_command:Invoking command in '/home/chairman/working/ros2/ROS2_learning/chapt7/chapt7_ws/build/autopatrol_interfaces': CMAKE_PREFIX_PATH=${CMAKE_PREFIX_PATH}:/home/chairman/working/ros2/ROS2_learning/chapt7/chapt7_ws/install/fishbot_application:/home/chairman/working/ros2/ROS2_learning/chapt7/chapt7_ws/install/autopatrol_robot:/opt/ros/humble VIRTUAL_ENV_PROMPT=(venv) /usr/bin/cmake --install /home/chairman/working/ros2/ROS2_learning/chapt7/chapt7_ws/build/autopatrol_interfaces
[2.583s] Level 1:colcon.colcon_core.environment:create_environment_scripts_only(autopatrol_interfaces)
[2.583s] Level 1:colcon.colcon_core.environment:checking '/home/chairman/working/ros2/ROS2_learning/chapt7/chapt7_ws/install/autopatrol_interfaces' for CMake module files
[2.583s] DEBUG:colcon.colcon_core.event_handler.log_command:Invoked command in '/home/chairman/working/ros2/ROS2_learning/chapt7/chapt7_ws/build/autopatrol_interfaces' returned '0': CMAKE_PREFIX_PATH=${CMAKE_PREFIX_PATH}:/home/chairman/working/ros2/ROS2_learning/chapt7/chapt7_ws/install/fishbot_application:/home/chairman/working/ros2/ROS2_learning/chapt7/chapt7_ws/install/autopatrol_robot:/opt/ros/humble VIRTUAL_ENV_PROMPT=(venv) /usr/bin/cmake --install /home/chairman/working/ros2/ROS2_learning/chapt7/chapt7_ws/build/autopatrol_interfaces
[2.584s] Level 1:colcon.colcon_core.environment:checking '/home/chairman/working/ros2/ROS2_learning/chapt7/chapt7_ws/install/autopatrol_interfaces' for CMake config files
[2.584s] Level 1:colcon.colcon_core.shell:create_environment_hook('autopatrol_interfaces', 'cmake_prefix_path')
[2.584s] INFO:colcon.colcon_core.shell:Creating environment hook '/home/chairman/working/ros2/ROS2_learning/chapt7/chapt7_ws/install/autopatrol_interfaces/share/autopatrol_interfaces/hook/cmake_prefix_path.ps1'
[2.585s] INFO:colcon.colcon_core.shell:Creating environment descriptor '/home/chairman/working/ros2/ROS2_learning/chapt7/chapt7_ws/install/autopatrol_interfaces/share/autopatrol_interfaces/hook/cmake_prefix_path.dsv'
[2.585s] INFO:colcon.colcon_core.shell:Creating environment hook '/home/chairman/working/ros2/ROS2_learning/chapt7/chapt7_ws/install/autopatrol_interfaces/share/autopatrol_interfaces/hook/cmake_prefix_path.sh'
[2.585s] Level 1:colcon.colcon_core.environment:checking '/home/chairman/working/ros2/ROS2_learning/chapt7/chapt7_ws/install/autopatrol_interfaces/lib'
[2.585s] Level 1:colcon.colcon_core.shell:create_environment_hook('autopatrol_interfaces', 'ld_library_path_lib')
[2.585s] INFO:colcon.colcon_core.shell:Creating environment hook '/home/chairman/working/ros2/ROS2_learning/chapt7/chapt7_ws/install/autopatrol_interfaces/share/autopatrol_interfaces/hook/ld_library_path_lib.ps1'
[2.585s] INFO:colcon.colcon_core.shell:Creating environment descriptor '/home/chairman/working/ros2/ROS2_learning/chapt7/chapt7_ws/install/autopatrol_interfaces/share/autopatrol_interfaces/hook/ld_library_path_lib.dsv'
[2.586s] INFO:colcon.colcon_core.shell:Creating environment hook '/home/chairman/working/ros2/ROS2_learning/chapt7/chapt7_ws/install/autopatrol_interfaces/share/autopatrol_interfaces/hook/ld_library_path_lib.sh'
[2.586s] Level 1:colcon.colcon_core.environment:checking '/home/chairman/working/ros2/ROS2_learning/chapt7/chapt7_ws/install/autopatrol_interfaces/bin'
[2.586s] Level 1:colcon.colcon_core.environment:checking '/home/chairman/working/ros2/ROS2_learning/chapt7/chapt7_ws/install/autopatrol_interfaces/lib/pkgconfig/autopatrol_interfaces.pc'
[2.586s] Level 1:colcon.colcon_core.environment:checking '/home/chairman/working/ros2/ROS2_learning/chapt7/chapt7_ws/install/autopatrol_interfaces/lib/python3.10/site-packages'
[2.586s] Level 1:colcon.colcon_core.shell:create_environment_hook('autopatrol_interfaces', 'pythonpath')
[2.586s] INFO:colcon.colcon_core.shell:Creating environment hook '/home/chairman/working/ros2/ROS2_learning/chapt7/chapt7_ws/install/autopatrol_interfaces/share/autopatrol_interfaces/hook/pythonpath.ps1'
[2.586s] INFO:colcon.colcon_core.shell:Creating environment descriptor '/home/chairman/working/ros2/ROS2_learning/chapt7/chapt7_ws/install/autopatrol_interfaces/share/autopatrol_interfaces/hook/pythonpath.dsv'
[2.586s] INFO:colcon.colcon_core.shell:Creating environment hook '/home/chairman/working/ros2/ROS2_learning/chapt7/chapt7_ws/install/autopatrol_interfaces/share/autopatrol_interfaces/hook/pythonpath.sh'
[2.587s] Level 1:colcon.colcon_core.environment:checking '/home/chairman/working/ros2/ROS2_learning/chapt7/chapt7_ws/install/autopatrol_interfaces/bin'
[2.587s] INFO:colcon.colcon_core.shell:Creating package script '/home/chairman/working/ros2/ROS2_learning/chapt7/chapt7_ws/install/autopatrol_interfaces/share/autopatrol_interfaces/package.ps1'
[2.587s] INFO:colcon.colcon_core.shell:Creating package descriptor '/home/chairman/working/ros2/ROS2_learning/chapt7/chapt7_ws/install/autopatrol_interfaces/share/autopatrol_interfaces/package.dsv'
[2.588s] INFO:colcon.colcon_core.shell:Creating package script '/home/chairman/working/ros2/ROS2_learning/chapt7/chapt7_ws/install/autopatrol_interfaces/share/autopatrol_interfaces/package.sh'
[2.588s] INFO:colcon.colcon_core.shell:Creating package script '/home/chairman/working/ros2/ROS2_learning/chapt7/chapt7_ws/install/autopatrol_interfaces/share/autopatrol_interfaces/package.bash'
[2.588s] INFO:colcon.colcon_core.shell:Creating package script '/home/chairman/working/ros2/ROS2_learning/chapt7/chapt7_ws/install/autopatrol_interfaces/share/autopatrol_interfaces/package.zsh'
[2.588s] Level 1:colcon.colcon_core.environment:create_file_with_runtime_dependencies(/home/chairman/working/ros2/ROS2_learning/chapt7/chapt7_ws/install/autopatrol_interfaces/share/colcon-core/packages/autopatrol_interfaces)
[2.588s] Level 1:colcon.colcon_core.environment:create_environment_scripts_only(autopatrol_interfaces)
[2.589s] Level 1:colcon.colcon_core.environment:checking '/home/chairman/working/ros2/ROS2_learning/chapt7/chapt7_ws/install/autopatrol_interfaces' for CMake module files
[2.589s] Level 1:colcon.colcon_core.environment:checking '/home/chairman/working/ros2/ROS2_learning/chapt7/chapt7_ws/install/autopatrol_interfaces' for CMake config files
[2.589s] Level 1:colcon.colcon_core.shell:create_environment_hook('autopatrol_interfaces', 'cmake_prefix_path')
[2.589s] INFO:colcon.colcon_core.shell:Creating environment hook '/home/chairman/working/ros2/ROS2_learning/chapt7/chapt7_ws/install/autopatrol_interfaces/share/autopatrol_interfaces/hook/cmake_prefix_path.ps1'
[2.590s] INFO:colcon.colcon_core.shell:Creating environment descriptor '/home/chairman/working/ros2/ROS2_learning/chapt7/chapt7_ws/install/autopatrol_interfaces/share/autopatrol_interfaces/hook/cmake_prefix_path.dsv'
[2.590s] INFO:colcon.colcon_core.shell:Creating environment hook '/home/chairman/working/ros2/ROS2_learning/chapt7/chapt7_ws/install/autopatrol_interfaces/share/autopatrol_interfaces/hook/cmake_prefix_path.sh'
[2.590s] Level 1:colcon.colcon_core.environment:checking '/home/chairman/working/ros2/ROS2_learning/chapt7/chapt7_ws/install/autopatrol_interfaces/lib'
[2.590s] Level 1:colcon.colcon_core.shell:create_environment_hook('autopatrol_interfaces', 'ld_library_path_lib')
[2.590s] INFO:colcon.colcon_core.shell:Creating environment hook '/home/chairman/working/ros2/ROS2_learning/chapt7/chapt7_ws/install/autopatrol_interfaces/share/autopatrol_interfaces/hook/ld_library_path_lib.ps1'
[2.590s] INFO:colcon.colcon_core.shell:Creating environment descriptor '/home/chairman/working/ros2/ROS2_learning/chapt7/chapt7_ws/install/autopatrol_interfaces/share/autopatrol_interfaces/hook/ld_library_path_lib.dsv'
[2.591s] INFO:colcon.colcon_core.shell:Creating environment hook '/home/chairman/working/ros2/ROS2_learning/chapt7/chapt7_ws/install/autopatrol_interfaces/share/autopatrol_interfaces/hook/ld_library_path_lib.sh'
[2.591s] Level 1:colcon.colcon_core.environment:checking '/home/chairman/working/ros2/ROS2_learning/chapt7/chapt7_ws/install/autopatrol_interfaces/bin'
[2.591s] Level 1:colcon.colcon_core.environment:checking '/home/chairman/working/ros2/ROS2_learning/chapt7/chapt7_ws/install/autopatrol_interfaces/lib/pkgconfig/autopatrol_interfaces.pc'
[2.591s] Level 1:colcon.colcon_core.environment:checking '/home/chairman/working/ros2/ROS2_learning/chapt7/chapt7_ws/install/autopatrol_interfaces/lib/python3.10/site-packages'
[2.591s] Level 1:colcon.colcon_core.shell:create_environment_hook('autopatrol_interfaces', 'pythonpath')
[2.591s] INFO:colcon.colcon_core.shell:Creating environment hook '/home/chairman/working/ros2/ROS2_learning/chapt7/chapt7_ws/install/autopatrol_interfaces/share/autopatrol_interfaces/hook/pythonpath.ps1'
[2.591s] INFO:colcon.colcon_core.shell:Creating environment descriptor '/home/chairman/working/ros2/ROS2_learning/chapt7/chapt7_ws/install/autopatrol_interfaces/share/autopatrol_interfaces/hook/pythonpath.dsv'
[2.591s] INFO:colcon.colcon_core.shell:Creating environment hook '/home/chairman/working/ros2/ROS2_learning/chapt7/chapt7_ws/install/autopatrol_interfaces/share/autopatrol_interfaces/hook/pythonpath.sh'
[2.592s] Level 1:colcon.colcon_core.environment:checking '/home/chairman/working/ros2/ROS2_learning/chapt7/chapt7_ws/install/autopatrol_interfaces/bin'
[2.592s] INFO:colcon.colcon_core.shell:Creating package script '/home/chairman/working/ros2/ROS2_learning/chapt7/chapt7_ws/install/autopatrol_interfaces/share/autopatrol_interfaces/package.ps1'
[2.592s] INFO:colcon.colcon_core.shell:Creating package descriptor '/home/chairman/working/ros2/ROS2_learning/chapt7/chapt7_ws/install/autopatrol_interfaces/share/autopatrol_interfaces/package.dsv'
[2.593s] INFO:colcon.colcon_core.shell:Creating package script '/home/chairman/working/ros2/ROS2_learning/chapt7/chapt7_ws/install/autopatrol_interfaces/share/autopatrol_interfaces/package.sh'
[2.593s] INFO:colcon.colcon_core.shell:Creating package script '/home/chairman/working/ros2/ROS2_learning/chapt7/chapt7_ws/install/autopatrol_interfaces/share/autopatrol_interfaces/package.bash'
[2.593s] INFO:colcon.colcon_core.shell:Creating package script '/home/chairman/working/ros2/ROS2_learning/chapt7/chapt7_ws/install/autopatrol_interfaces/share/autopatrol_interfaces/package.zsh'
[2.593s] Level 1:colcon.colcon_core.environment:create_file_with_runtime_dependencies(/home/chairman/working/ros2/ROS2_learning/chapt7/chapt7_ws/install/autopatrol_interfaces/share/colcon-core/packages/autopatrol_interfaces)
[2.593s] DEBUG:colcon.colcon_parallel_executor.executor.parallel:closing loop
[2.593s] DEBUG:colcon.colcon_parallel_executor.executor.parallel:loop closed
[2.593s] DEBUG:colcon.colcon_parallel_executor.executor.parallel:run_until_complete finished with '0'
[2.594s] DEBUG:colcon.colcon_core.event_reactor:joining thread
[2.597s] INFO:colcon.colcon_core.plugin_system:Skipping extension 'colcon_notification.desktop_notification.terminal_notifier': Not used on non-Darwin systems
[2.597s] INFO:colcon.colcon_core.plugin_system:Skipping extension 'colcon_notification.desktop_notification.win32': Not used on non-Windows systems
[2.597s] INFO:colcon.colcon_notification.desktop_notification:Sending desktop notification using 'notify2'
[2.603s] DEBUG:colcon.colcon_core.event_reactor:joined thread
[2.603s] INFO:colcon.colcon_core.shell:Creating prefix script '/home/chairman/working/ros2/ROS2_learning/chapt7/chapt7_ws/install/local_setup.ps1'
[2.604s] INFO:colcon.colcon_core.shell:Creating prefix util module '/home/chairman/working/ros2/ROS2_learning/chapt7/chapt7_ws/install/_local_setup_util_ps1.py'
[2.605s] INFO:colcon.colcon_core.shell:Creating prefix chain script '/home/chairman/working/ros2/ROS2_learning/chapt7/chapt7_ws/install/setup.ps1'
[2.605s] INFO:colcon.colcon_core.shell:Creating prefix script '/home/chairman/working/ros2/ROS2_learning/chapt7/chapt7_ws/install/local_setup.sh'
[2.606s] INFO:colcon.colcon_core.shell:Creating prefix util module '/home/chairman/working/ros2/ROS2_learning/chapt7/chapt7_ws/install/_local_setup_util_sh.py'
[2.606s] INFO:colcon.colcon_core.shell:Creating prefix chain script '/home/chairman/working/ros2/ROS2_learning/chapt7/chapt7_ws/install/setup.sh'
[2.606s] INFO:colcon.colcon_core.shell:Creating prefix script '/home/chairman/working/ros2/ROS2_learning/chapt7/chapt7_ws/install/local_setup.bash'
[2.607s] INFO:colcon.colcon_core.shell:Creating prefix chain script '/home/chairman/working/ros2/ROS2_learning/chapt7/chapt7_ws/install/setup.bash'
[2.607s] INFO:colcon.colcon_core.shell:Creating prefix script '/home/chairman/working/ros2/ROS2_learning/chapt7/chapt7_ws/install/local_setup.zsh'
[2.607s] INFO:colcon.colcon_core.shell:Creating prefix chain script '/home/chairman/working/ros2/ROS2_learning/chapt7/chapt7_ws/install/setup.zsh'
