[0.016s] Invoking command in '/home/chairman/working/ros2/beijixiong/ros_ws/build/rmoss_cam': CMAKE_PREFIX_PATH=/home/chairman/working/ros2/beijixiong/ros_ws/install/rmoss_util:/home/chairman/working/ros2/beijixiong/ros_ws/install/rmoss_interfaces:/home/chairman/working/ros2/beijixiong/ros_ws/install/rmu_gazebo_simulator:/home/chairman/working/ros2/beijixiong/ros_ws/install/pb2025_robot_description:/home/chairman/working/ros2/beijixiong/ros_ws/install/rmoss_core:/home/chairman/working/ros2/beijixiong/ros_ws/install/rmoss_cam:/home/chairman/working/ros2/beijixiong/ros_ws/install/rmoss_projectile_motion:/home/chairman/working/ros2/beijixiong/ros_ws/install/rmoss_gz_cam:/home/chairman/working/ros2/beijixiong/ros_ws/install/rmoss_gz_bridge:/home/chairman/working/ros2/beijixiong/ros_ws/install/rmoss_gz_base:/home/chairman/working/ros2/beijixiong/ros_ws/install/rmoss_base:/home/chairman/working/ros2/beijixiong/ros_ws/install/rmoss_gz_resources:/home/chairman/working/ros2/beijixiong/ros_ws/install/rmoss_gz_plugins:/home/chairman/working/ros2/beijixiong/ros_ws/install/sdformat_tools:/opt/ros/humble LD_LIBRARY_PATH=/home/chairman/working/ros2/beijixiong/ros_ws/install/rmoss_util/lib:/home/chairman/working/ros2/beijixiong/ros_ws/install/rmoss_interfaces/lib:/home/chairman/working/ros2/beijixiong/ros_ws/install/rmoss_cam/lib:/home/chairman/working/ros2/beijixiong/ros_ws/install/rmoss_projectile_motion/lib:/home/chairman/working/ros2/beijixiong/ros_ws/install/rmoss_gz_cam/lib:/home/chairman/working/ros2/beijixiong/ros_ws/install/rmoss_gz_base/lib:/home/chairman/working/ros2/beijixiong/ros_ws/install/rmoss_base/lib:/usr/lib/x86_64-linux-gnu:/usr/lib/x86_64-linux-gnu:/opt/ros/humble/opt/rviz_ogre_vendor/lib:/opt/ros/humble/lib/x86_64-linux-gnu:/opt/ros/humble/lib PYTHONPATH=/home/chairman/working/ros2/beijixiong/ros_ws/install/rmoss_interfaces/lib/python3.10/site-packages:/home/chairman/working/ros2/beijixiong/ros_ws/build/sdformat_tools:/home/chairman/working/ros2/beijixiong/ros_ws/install/sdformat_tools/lib/python3.10/site-packages:/opt/ros/humble/lib/python3.10/site-packages:/opt/ros/humble/local/lib/python3.10/dist-packages VIRTUAL_ENV_PROMPT=(venv) /usr/bin/cmake /home/chairman/working/ros2/beijixiong/ros_ws/src/rmoss_core/rmoss_cam -DCMAKE_BUILD_TYPE=release -DAMENT_CMAKE_SYMLINK_INSTALL=1 -DCMAKE_INSTALL_PREFIX=/home/chairman/working/ros2/beijixiong/ros_ws/install/rmoss_cam
[0.096s] -- The C compiler identification is GNU 11.4.0
[0.144s] -- The CXX compiler identification is GNU 11.4.0
[0.154s] -- Detecting C compiler ABI info
[0.223s] -- Detecting C compiler ABI info - done
[0.231s] -- Check for working C compiler: /usr/bin/cc - skipped
[0.231s] -- Detecting C compile features
[0.232s] -- Detecting C compile features - done
[0.235s] -- Detecting CXX compiler ABI info
[0.301s] -- Detecting CXX compiler ABI info - done
[0.307s] -- Check for working CXX compiler: /usr/bin/c++ - skipped
[0.307s] -- Detecting CXX compile features
[0.307s] -- Detecting CXX compile features - done
[0.314s] -- Found ament_cmake: 1.3.12 (/opt/ros/humble/share/ament_cmake/cmake)
[0.443s] -- Found Python3: /home/chairman/venv/bin/python3 (found version "3.10.12") found components: Interpreter 
[0.518s] -- Override CMake install command with custom implementation using symlinks instead of copying resources
[0.555s] -- Found rclcpp: 16.0.15 (/opt/ros/humble/share/rclcpp/cmake)
[0.611s] -- Found rosidl_generator_c: 3.1.7 (/opt/ros/humble/share/rosidl_generator_c/cmake)
[0.616s] -- Found rosidl_adapter: 3.1.7 (/opt/ros/humble/share/rosidl_adapter/cmake)
[0.627s] -- Found rosidl_generator_cpp: 3.1.7 (/opt/ros/humble/share/rosidl_generator_cpp/cmake)
[0.643s] -- Using all available rosidl_typesupport_c: rosidl_typesupport_fastrtps_c;rosidl_typesupport_introspection_c
[0.663s] -- Using all available rosidl_typesupport_cpp: rosidl_typesupport_fastrtps_cpp;rosidl_typesupport_introspection_cpp
[0.719s] -- Found rmw_implementation_cmake: 6.1.2 (/opt/ros/humble/share/rmw_implementation_cmake/cmake)
[0.722s] -- Found rmw_fastrtps_cpp: 6.2.9 (/opt/ros/humble/share/rmw_fastrtps_cpp/cmake)
[0.809s] -- Found OpenSSL: /usr/lib/x86_64-linux-gnu/libcrypto.so (found version "3.0.2")  
[0.838s] -- Found FastRTPS: /opt/ros/humble/include  
[0.880s] -- Using RMW implementation 'rmw_fastrtps_cpp' as default
[0.891s] -- Looking for pthread.h
[0.963s] -- Looking for pthread.h - found
[0.963s] -- Performing Test CMAKE_HAVE_LIBC_PTHREAD
[1.036s] -- Performing Test CMAKE_HAVE_LIBC_PTHREAD - Success
[1.037s] -- Found Threads: TRUE  
[1.085s] -- Found rclcpp_components: 16.0.15 (/opt/ros/humble/share/rclcpp_components/cmake)
[1.118s] -- Found sensor_msgs: 4.9.0 (/opt/ros/humble/share/sensor_msgs/cmake)
[1.156s] -- Found rmoss_interfaces: 0.9.0 (/home/chairman/working/ros2/beijixiong/ros_ws/install/rmoss_interfaces/share/rmoss_interfaces/cmake)
[1.179s] -- Found rmoss_util: 0.9.0 (/home/chairman/working/ros2/beijixiong/ros_ws/install/rmoss_util/share/rmoss_util/cmake)
[1.228s] -- Found camera_info_manager: 3.1.12 (/opt/ros/humble/share/camera_info_manager/cmake)
[1.246s] -- Found OpenCV: /usr (found version "4.5.4") 
[1.260s] -- Found ament_lint_auto: 0.12.14 (/opt/ros/humble/share/ament_lint_auto/cmake)
[1.381s] -- Found ament_cmake_gtest: 1.3.12 (/opt/ros/humble/share/ament_cmake_gtest/cmake)
[1.385s] -- Found gtest sources under '/opt/ros/humble/src/gtest_vendor': C++ tests using 'Google Test' will be built
[1.397s] -- Added test 'copyright' to check source files copyright and LICENSE
[1.400s] -- Added test 'cppcheck' to perform static code analysis on C / C++ code
[1.401s] -- Configured cppcheck include dirs: /home/chairman/working/ros2/beijixiong/ros_ws/src/rmoss_core/rmoss_cam/include
[1.401s] -- Configured cppcheck exclude dirs and/or files: 
[1.403s] -- Added test 'cpplint' to check C / C++ code against the Google style
[1.403s] -- Configured cpplint exclude dirs and/or files: 
[1.404s] -- Added test 'flake8' to check Python code syntax and style conventions
[1.405s] -- Added test 'lint_cmake' to check CMake code style
[1.406s] -- Added test 'pep257' to check Python code against some of the docstring style conventions in PEP 257
[1.408s] -- Added test 'uncrustify' to check C / C++ code style
[1.408s] -- Configured uncrustify additional arguments: 
[1.409s] -- Added test 'xmllint' to check XML markup files
[1.413s] -- Configuring done
[1.468s] -- Generating done
[1.482s] -- Build files have been written to: /home/chairman/working/ros2/beijixiong/ros_ws/build/rmoss_cam
[1.491s] Invoked command in '/home/chairman/working/ros2/beijixiong/ros_ws/build/rmoss_cam' returned '0': CMAKE_PREFIX_PATH=/home/chairman/working/ros2/beijixiong/ros_ws/install/rmoss_util:/home/chairman/working/ros2/beijixiong/ros_ws/install/rmoss_interfaces:/home/chairman/working/ros2/beijixiong/ros_ws/install/rmu_gazebo_simulator:/home/chairman/working/ros2/beijixiong/ros_ws/install/pb2025_robot_description:/home/chairman/working/ros2/beijixiong/ros_ws/install/rmoss_core:/home/chairman/working/ros2/beijixiong/ros_ws/install/rmoss_cam:/home/chairman/working/ros2/beijixiong/ros_ws/install/rmoss_projectile_motion:/home/chairman/working/ros2/beijixiong/ros_ws/install/rmoss_gz_cam:/home/chairman/working/ros2/beijixiong/ros_ws/install/rmoss_gz_bridge:/home/chairman/working/ros2/beijixiong/ros_ws/install/rmoss_gz_base:/home/chairman/working/ros2/beijixiong/ros_ws/install/rmoss_base:/home/chairman/working/ros2/beijixiong/ros_ws/install/rmoss_gz_resources:/home/chairman/working/ros2/beijixiong/ros_ws/install/rmoss_gz_plugins:/home/chairman/working/ros2/beijixiong/ros_ws/install/sdformat_tools:/opt/ros/humble LD_LIBRARY_PATH=/home/chairman/working/ros2/beijixiong/ros_ws/install/rmoss_util/lib:/home/chairman/working/ros2/beijixiong/ros_ws/install/rmoss_interfaces/lib:/home/chairman/working/ros2/beijixiong/ros_ws/install/rmoss_cam/lib:/home/chairman/working/ros2/beijixiong/ros_ws/install/rmoss_projectile_motion/lib:/home/chairman/working/ros2/beijixiong/ros_ws/install/rmoss_gz_cam/lib:/home/chairman/working/ros2/beijixiong/ros_ws/install/rmoss_gz_base/lib:/home/chairman/working/ros2/beijixiong/ros_ws/install/rmoss_base/lib:/usr/lib/x86_64-linux-gnu:/usr/lib/x86_64-linux-gnu:/opt/ros/humble/opt/rviz_ogre_vendor/lib:/opt/ros/humble/lib/x86_64-linux-gnu:/opt/ros/humble/lib PYTHONPATH=/home/chairman/working/ros2/beijixiong/ros_ws/install/rmoss_interfaces/lib/python3.10/site-packages:/home/chairman/working/ros2/beijixiong/ros_ws/build/sdformat_tools:/home/chairman/working/ros2/beijixiong/ros_ws/install/sdformat_tools/lib/python3.10/site-packages:/opt/ros/humble/lib/python3.10/site-packages:/opt/ros/humble/local/lib/python3.10/dist-packages VIRTUAL_ENV_PROMPT=(venv) /usr/bin/cmake /home/chairman/working/ros2/beijixiong/ros_ws/src/rmoss_core/rmoss_cam -DCMAKE_BUILD_TYPE=release -DAMENT_CMAKE_SYMLINK_INSTALL=1 -DCMAKE_INSTALL_PREFIX=/home/chairman/working/ros2/beijixiong/ros_ws/install/rmoss_cam
[1.492s] Invoking command in '/home/chairman/working/ros2/beijixiong/ros_ws/build/rmoss_cam': CMAKE_PREFIX_PATH=/home/chairman/working/ros2/beijixiong/ros_ws/install/rmoss_util:/home/chairman/working/ros2/beijixiong/ros_ws/install/rmoss_interfaces:/home/chairman/working/ros2/beijixiong/ros_ws/install/rmu_gazebo_simulator:/home/chairman/working/ros2/beijixiong/ros_ws/install/pb2025_robot_description:/home/chairman/working/ros2/beijixiong/ros_ws/install/rmoss_core:/home/chairman/working/ros2/beijixiong/ros_ws/install/rmoss_cam:/home/chairman/working/ros2/beijixiong/ros_ws/install/rmoss_projectile_motion:/home/chairman/working/ros2/beijixiong/ros_ws/install/rmoss_gz_cam:/home/chairman/working/ros2/beijixiong/ros_ws/install/rmoss_gz_bridge:/home/chairman/working/ros2/beijixiong/ros_ws/install/rmoss_gz_base:/home/chairman/working/ros2/beijixiong/ros_ws/install/rmoss_base:/home/chairman/working/ros2/beijixiong/ros_ws/install/rmoss_gz_resources:/home/chairman/working/ros2/beijixiong/ros_ws/install/rmoss_gz_plugins:/home/chairman/working/ros2/beijixiong/ros_ws/install/sdformat_tools:/opt/ros/humble LD_LIBRARY_PATH=/home/chairman/working/ros2/beijixiong/ros_ws/install/rmoss_util/lib:/home/chairman/working/ros2/beijixiong/ros_ws/install/rmoss_interfaces/lib:/home/chairman/working/ros2/beijixiong/ros_ws/install/rmoss_cam/lib:/home/chairman/working/ros2/beijixiong/ros_ws/install/rmoss_projectile_motion/lib:/home/chairman/working/ros2/beijixiong/ros_ws/install/rmoss_gz_cam/lib:/home/chairman/working/ros2/beijixiong/ros_ws/install/rmoss_gz_base/lib:/home/chairman/working/ros2/beijixiong/ros_ws/install/rmoss_base/lib:/usr/lib/x86_64-linux-gnu:/usr/lib/x86_64-linux-gnu:/opt/ros/humble/opt/rviz_ogre_vendor/lib:/opt/ros/humble/lib/x86_64-linux-gnu:/opt/ros/humble/lib PYTHONPATH=/home/chairman/working/ros2/beijixiong/ros_ws/install/rmoss_interfaces/lib/python3.10/site-packages:/home/chairman/working/ros2/beijixiong/ros_ws/build/sdformat_tools:/home/chairman/working/ros2/beijixiong/ros_ws/install/sdformat_tools/lib/python3.10/site-packages:/opt/ros/humble/lib/python3.10/site-packages:/opt/ros/humble/local/lib/python3.10/dist-packages VIRTUAL_ENV_PROMPT=(venv) /usr/bin/cmake --build /home/chairman/working/ros2/beijixiong/ros_ws/build/rmoss_cam -- -j28 -l28
[1.538s] [  3%] [32mBuilding CXX object gtest/CMakeFiles/gtest.dir/src/gtest-all.cc.o[0m
[1.538s] [  7%] [32mBuilding CXX object CMakeFiles/image_task_demo.dir/rclcpp_components/node_main_image_task_demo.cpp.o[0m
[1.539s] [ 11%] [32mBuilding CXX object CMakeFiles/usb_cam.dir/rclcpp_components/node_main_usb_cam.cpp.o[0m
[1.539s] [ 18%] [32mBuilding CXX object CMakeFiles/virtual_cam.dir/rclcpp_components/node_main_virtual_cam.cpp.o[0m
[1.539s] [ 18%] [32mBuilding CXX object gtest/CMakeFiles/gtest_main.dir/src/gtest_main.cc.o[0m
[1.540s] [ 22%] [32mBuilding CXX object CMakeFiles/rmoss_cam.dir/src/cam_server.cpp.o[0m
[1.540s] [ 25%] [32mBuilding CXX object CMakeFiles/rmoss_cam.dir/src/cam_client.cpp.o[0m
[1.947s] [ 29%] [32m[1mLinking CXX static library libgtest_main.a[0m
[1.973s] [ 29%] Built target gtest_main
[3.935s] [ 33%] [32m[1mLinking CXX executable usb_cam[0m
[4.023s] [ 33%] Built target usb_cam
[4.146s] [ 37%] [32m[1mLinking CXX executable image_task_demo[0m
[4.230s] [ 37%] Built target image_task_demo
[4.552s] [ 40%] [32m[1mLinking CXX executable virtual_cam[0m
[4.662s] [ 40%] Built target virtual_cam
[7.740s] [ 44%] [32m[1mLinking CXX static library libgtest.a[0m
[7.774s] [ 44%] Built target gtest
[10.241s] [ 48%] [32m[1mLinking CXX shared library librmoss_cam.so[0m
[10.377s] [ 48%] Built target rmoss_cam
[10.392s] [ 51%] [32mBuilding CXX object CMakeFiles/virtual_cam_component.dir/src/virtual_cam/virtual_cam.cpp.o[0m
[10.393s] [ 55%] [32mBuilding CXX object CMakeFiles/usb_cam_component.dir/src/usb_cam/usb_cam_node.cpp.o[0m
[10.393s] [ 59%] [32mBuilding CXX object CMakeFiles/usb_cam_component.dir/src/usb_cam/usb_cam.cpp.o[0m
[10.394s] [ 62%] [32mBuilding CXX object CMakeFiles/virtual_cam_component.dir/src/virtual_cam/virtual_cam_node.cpp.o[0m
[10.394s] [ 66%] [32mBuilding CXX object CMakeFiles/image_task_demo_component.dir/src/image_task_demo_node.cpp.o[0m
[10.394s] [ 70%] [32mBuilding CXX object test/CMakeFiles/test_cam_server.dir/test_cam_server.cpp.o[0m
[10.395s] [ 74%] [32mBuilding CXX object test/CMakeFiles/test_cam_client.dir/test_cam_client.cpp.o[0m
[13.706s] [ 77%] [32m[1mLinking CXX shared library libusb_cam_component.so[0m
[13.767s] [ 81%] [32m[1mLinking CXX shared library libvirtual_cam_component.so[0m
[13.814s] [ 81%] Built target usb_cam_component
[13.877s] [ 81%] Built target virtual_cam_component
[13.886s] [ 85%] [32m[1mLinking CXX shared library libimage_task_demo_component.so[0m
[13.894s] [ 88%] [32mBuilding CXX object CMakeFiles/benchmark_test.dir/src/benchmark_test_main.cpp.o[0m
[13.983s] [ 88%] Built target image_task_demo_component
[14.115s] [ 92%] [32m[1mLinking CXX executable test_cam_client[0m
[14.149s] [ 96%] [32m[1mLinking CXX executable test_cam_server[0m
[14.238s] [ 96%] Built target test_cam_client
[14.276s] [ 96%] Built target test_cam_server
[17.076s] [100%] [32m[1mLinking CXX executable benchmark_test[0m
[17.440s] [100%] Built target benchmark_test
[17.449s] Invoked command in '/home/chairman/working/ros2/beijixiong/ros_ws/build/rmoss_cam' returned '0': CMAKE_PREFIX_PATH=/home/chairman/working/ros2/beijixiong/ros_ws/install/rmoss_util:/home/chairman/working/ros2/beijixiong/ros_ws/install/rmoss_interfaces:/home/chairman/working/ros2/beijixiong/ros_ws/install/rmu_gazebo_simulator:/home/chairman/working/ros2/beijixiong/ros_ws/install/pb2025_robot_description:/home/chairman/working/ros2/beijixiong/ros_ws/install/rmoss_core:/home/chairman/working/ros2/beijixiong/ros_ws/install/rmoss_cam:/home/chairman/working/ros2/beijixiong/ros_ws/install/rmoss_projectile_motion:/home/chairman/working/ros2/beijixiong/ros_ws/install/rmoss_gz_cam:/home/chairman/working/ros2/beijixiong/ros_ws/install/rmoss_gz_bridge:/home/chairman/working/ros2/beijixiong/ros_ws/install/rmoss_gz_base:/home/chairman/working/ros2/beijixiong/ros_ws/install/rmoss_base:/home/chairman/working/ros2/beijixiong/ros_ws/install/rmoss_gz_resources:/home/chairman/working/ros2/beijixiong/ros_ws/install/rmoss_gz_plugins:/home/chairman/working/ros2/beijixiong/ros_ws/install/sdformat_tools:/opt/ros/humble LD_LIBRARY_PATH=/home/chairman/working/ros2/beijixiong/ros_ws/install/rmoss_util/lib:/home/chairman/working/ros2/beijixiong/ros_ws/install/rmoss_interfaces/lib:/home/chairman/working/ros2/beijixiong/ros_ws/install/rmoss_cam/lib:/home/chairman/working/ros2/beijixiong/ros_ws/install/rmoss_projectile_motion/lib:/home/chairman/working/ros2/beijixiong/ros_ws/install/rmoss_gz_cam/lib:/home/chairman/working/ros2/beijixiong/ros_ws/install/rmoss_gz_base/lib:/home/chairman/working/ros2/beijixiong/ros_ws/install/rmoss_base/lib:/usr/lib/x86_64-linux-gnu:/usr/lib/x86_64-linux-gnu:/opt/ros/humble/opt/rviz_ogre_vendor/lib:/opt/ros/humble/lib/x86_64-linux-gnu:/opt/ros/humble/lib PYTHONPATH=/home/chairman/working/ros2/beijixiong/ros_ws/install/rmoss_interfaces/lib/python3.10/site-packages:/home/chairman/working/ros2/beijixiong/ros_ws/build/sdformat_tools:/home/chairman/working/ros2/beijixiong/ros_ws/install/sdformat_tools/lib/python3.10/site-packages:/opt/ros/humble/lib/python3.10/site-packages:/opt/ros/humble/local/lib/python3.10/dist-packages VIRTUAL_ENV_PROMPT=(venv) /usr/bin/cmake --build /home/chairman/working/ros2/beijixiong/ros_ws/build/rmoss_cam -- -j28 -l28
[17.451s] Invoking command in '/home/chairman/working/ros2/beijixiong/ros_ws/build/rmoss_cam': CMAKE_PREFIX_PATH=/home/chairman/working/ros2/beijixiong/ros_ws/install/rmoss_util:/home/chairman/working/ros2/beijixiong/ros_ws/install/rmoss_interfaces:/home/chairman/working/ros2/beijixiong/ros_ws/install/rmu_gazebo_simulator:/home/chairman/working/ros2/beijixiong/ros_ws/install/pb2025_robot_description:/home/chairman/working/ros2/beijixiong/ros_ws/install/rmoss_core:/home/chairman/working/ros2/beijixiong/ros_ws/install/rmoss_cam:/home/chairman/working/ros2/beijixiong/ros_ws/install/rmoss_projectile_motion:/home/chairman/working/ros2/beijixiong/ros_ws/install/rmoss_gz_cam:/home/chairman/working/ros2/beijixiong/ros_ws/install/rmoss_gz_bridge:/home/chairman/working/ros2/beijixiong/ros_ws/install/rmoss_gz_base:/home/chairman/working/ros2/beijixiong/ros_ws/install/rmoss_base:/home/chairman/working/ros2/beijixiong/ros_ws/install/rmoss_gz_resources:/home/chairman/working/ros2/beijixiong/ros_ws/install/rmoss_gz_plugins:/home/chairman/working/ros2/beijixiong/ros_ws/install/sdformat_tools:/opt/ros/humble LD_LIBRARY_PATH=/home/chairman/working/ros2/beijixiong/ros_ws/install/rmoss_util/lib:/home/chairman/working/ros2/beijixiong/ros_ws/install/rmoss_interfaces/lib:/home/chairman/working/ros2/beijixiong/ros_ws/install/rmoss_cam/lib:/home/chairman/working/ros2/beijixiong/ros_ws/install/rmoss_projectile_motion/lib:/home/chairman/working/ros2/beijixiong/ros_ws/install/rmoss_gz_cam/lib:/home/chairman/working/ros2/beijixiong/ros_ws/install/rmoss_gz_base/lib:/home/chairman/working/ros2/beijixiong/ros_ws/install/rmoss_base/lib:/usr/lib/x86_64-linux-gnu:/usr/lib/x86_64-linux-gnu:/opt/ros/humble/opt/rviz_ogre_vendor/lib:/opt/ros/humble/lib/x86_64-linux-gnu:/opt/ros/humble/lib PYTHONPATH=/home/chairman/working/ros2/beijixiong/ros_ws/install/rmoss_interfaces/lib/python3.10/site-packages:/home/chairman/working/ros2/beijixiong/ros_ws/build/sdformat_tools:/home/chairman/working/ros2/beijixiong/ros_ws/install/sdformat_tools/lib/python3.10/site-packages:/opt/ros/humble/lib/python3.10/site-packages:/opt/ros/humble/local/lib/python3.10/dist-packages VIRTUAL_ENV_PROMPT=(venv) /usr/bin/cmake --install /home/chairman/working/ros2/beijixiong/ros_ws/build/rmoss_cam
[17.456s] -- Install configuration: "release"
[17.456s] -- Execute custom install script
[17.456s] -- Symlinking: /home/chairman/working/ros2/beijixiong/ros_ws/install/rmoss_cam/lib/rmoss_cam/usb_cam
[17.466s] -- Symlinking: /home/chairman/working/ros2/beijixiong/ros_ws/install/rmoss_cam/lib/rmoss_cam/virtual_cam
[17.473s] -- Symlinking: /home/chairman/working/ros2/beijixiong/ros_ws/install/rmoss_cam/lib/rmoss_cam/image_task_demo
[17.480s] -- Symlinking: /home/chairman/working/ros2/beijixiong/ros_ws/install/rmoss_cam/include/rmoss_cam/cam_client.hpp
[17.488s] -- Symlinking: /home/chairman/working/ros2/beijixiong/ros_ws/install/rmoss_cam/include/rmoss_cam/cam_interface.hpp
[17.497s] -- Symlinking: /home/chairman/working/ros2/beijixiong/ros_ws/install/rmoss_cam/include/rmoss_cam/cam_server.hpp
[17.507s] -- Symlinking: /home/chairman/working/ros2/beijixiong/ros_ws/install/rmoss_cam/include/rmoss_cam/image_task_demo_node.hpp
[17.516s] -- Symlinking: /home/chairman/working/ros2/beijixiong/ros_ws/install/rmoss_cam/include/rmoss_cam/usb_cam.hpp
[17.525s] -- Symlinking: /home/chairman/working/ros2/beijixiong/ros_ws/install/rmoss_cam/include/rmoss_cam/usb_cam_node.hpp
[17.535s] -- Symlinking: /home/chairman/working/ros2/beijixiong/ros_ws/install/rmoss_cam/include/rmoss_cam/virtual_cam.hpp
[17.545s] -- Symlinking: /home/chairman/working/ros2/beijixiong/ros_ws/install/rmoss_cam/include/rmoss_cam/virtual_cam_node.hpp
[17.555s] -- Symlinking: /home/chairman/working/ros2/beijixiong/ros_ws/install/rmoss_cam/lib/rmoss_cam/benchmark_test
[17.565s] -- Symlinking: /home/chairman/working/ros2/beijixiong/ros_ws/install/rmoss_cam/share/rmoss_cam/launch/benchmark.launch.py
[17.574s] -- Symlinking: /home/chairman/working/ros2/beijixiong/ros_ws/install/rmoss_cam/share/rmoss_cam/launch/composition.launch.py
[17.584s] -- Symlinking: /home/chairman/working/ros2/beijixiong/ros_ws/install/rmoss_cam/share/rmoss_cam/launch/usb_cam.launch.py
[17.593s] -- Symlinking: /home/chairman/working/ros2/beijixiong/ros_ws/install/rmoss_cam/share/rmoss_cam/launch/virtual_image_cam.launch.py
[17.602s] -- Symlinking: /home/chairman/working/ros2/beijixiong/ros_ws/install/rmoss_cam/share/rmoss_cam/resource/image_cam_calibration.yaml
[17.610s] -- Symlinking: /home/chairman/working/ros2/beijixiong/ros_ws/install/rmoss_cam/share/rmoss_cam/resource/test.jpg
[17.619s] -- Symlinking: /home/chairman/working/ros2/beijixiong/ros_ws/install/rmoss_cam/share/rmoss_cam/config/cam_params.yaml
[17.628s] -- Symlinking: /home/chairman/working/ros2/beijixiong/ros_ws/install/rmoss_cam/share/rmoss_cam/scripts/task_client.py
[17.637s] -- Symlinking: /home/chairman/working/ros2/beijixiong/ros_ws/install/rmoss_cam/share/ament_index/resource_index/package_run_dependencies/rmoss_cam
[17.644s] -- Symlinking: /home/chairman/working/ros2/beijixiong/ros_ws/install/rmoss_cam/share/ament_index/resource_index/parent_prefix_path/rmoss_cam
[17.654s] -- Symlinking: /home/chairman/working/ros2/beijixiong/ros_ws/install/rmoss_cam/share/rmoss_cam/environment/ament_prefix_path.sh
[17.665s] -- Symlinking: /home/chairman/working/ros2/beijixiong/ros_ws/install/rmoss_cam/share/rmoss_cam/environment/ament_prefix_path.dsv
[17.675s] -- Symlinking: /home/chairman/working/ros2/beijixiong/ros_ws/install/rmoss_cam/share/rmoss_cam/environment/path.sh
[17.685s] -- Symlinking: /home/chairman/working/ros2/beijixiong/ros_ws/install/rmoss_cam/share/rmoss_cam/environment/path.dsv
[17.693s] -- Symlinking: /home/chairman/working/ros2/beijixiong/ros_ws/install/rmoss_cam/share/rmoss_cam/local_setup.bash
[17.703s] -- Symlinking: /home/chairman/working/ros2/beijixiong/ros_ws/install/rmoss_cam/share/rmoss_cam/local_setup.sh
[17.712s] -- Symlinking: /home/chairman/working/ros2/beijixiong/ros_ws/install/rmoss_cam/share/rmoss_cam/local_setup.zsh
[17.723s] -- Symlinking: /home/chairman/working/ros2/beijixiong/ros_ws/install/rmoss_cam/share/rmoss_cam/local_setup.dsv
[17.730s] -- Symlinking: /home/chairman/working/ros2/beijixiong/ros_ws/install/rmoss_cam/share/rmoss_cam/package.dsv
[17.737s] -- Symlinking: /home/chairman/working/ros2/beijixiong/ros_ws/install/rmoss_cam/share/ament_index/resource_index/packages/rmoss_cam
[17.745s] -- Symlinking: /home/chairman/working/ros2/beijixiong/ros_ws/install/rmoss_cam/share/ament_index/resource_index/rclcpp_components/rmoss_cam
[17.754s] -- Symlinking: /home/chairman/working/ros2/beijixiong/ros_ws/install/rmoss_cam/share/rmoss_cam/cmake/ament_cmake_export_targets-extras.cmake
[17.762s] -- Symlinking: /home/chairman/working/ros2/beijixiong/ros_ws/install/rmoss_cam/share/rmoss_cam/cmake/ament_cmake_export_dependencies-extras.cmake
[17.772s] -- Symlinking: /home/chairman/working/ros2/beijixiong/ros_ws/install/rmoss_cam/share/rmoss_cam/cmake/rmoss_camConfig.cmake
[17.781s] -- Symlinking: /home/chairman/working/ros2/beijixiong/ros_ws/install/rmoss_cam/share/rmoss_cam/cmake/rmoss_camConfig-version.cmake
[17.790s] -- Symlinking: /home/chairman/working/ros2/beijixiong/ros_ws/install/rmoss_cam/share/rmoss_cam/package.xml
[17.799s] -- Installing: /home/chairman/working/ros2/beijixiong/ros_ws/install/rmoss_cam/lib/librmoss_cam.so
[17.800s] -- Set runtime path of "/home/chairman/working/ros2/beijixiong/ros_ws/install/rmoss_cam/lib/librmoss_cam.so" to ""
[17.800s] -- Installing: /home/chairman/working/ros2/beijixiong/ros_ws/install/rmoss_cam/lib/libusb_cam_component.so
[17.800s] -- Set runtime path of "/home/chairman/working/ros2/beijixiong/ros_ws/install/rmoss_cam/lib/libusb_cam_component.so" to ""
[17.801s] -- Installing: /home/chairman/working/ros2/beijixiong/ros_ws/install/rmoss_cam/lib/libvirtual_cam_component.so
[17.801s] -- Set runtime path of "/home/chairman/working/ros2/beijixiong/ros_ws/install/rmoss_cam/lib/libvirtual_cam_component.so" to ""
[17.801s] -- Installing: /home/chairman/working/ros2/beijixiong/ros_ws/install/rmoss_cam/lib/libimage_task_demo_component.so
[17.801s] -- Set runtime path of "/home/chairman/working/ros2/beijixiong/ros_ws/install/rmoss_cam/lib/libimage_task_demo_component.so" to ""
[17.801s] -- Installing: /home/chairman/working/ros2/beijixiong/ros_ws/install/rmoss_cam/share/rmoss_cam/cmake/export_rmoss_camExport.cmake
[17.801s] -- Installing: /home/chairman/working/ros2/beijixiong/ros_ws/install/rmoss_cam/share/rmoss_cam/cmake/export_rmoss_camExport-release.cmake
[17.804s] Invoked command in '/home/chairman/working/ros2/beijixiong/ros_ws/build/rmoss_cam' returned '0': CMAKE_PREFIX_PATH=/home/chairman/working/ros2/beijixiong/ros_ws/install/rmoss_util:/home/chairman/working/ros2/beijixiong/ros_ws/install/rmoss_interfaces:/home/chairman/working/ros2/beijixiong/ros_ws/install/rmu_gazebo_simulator:/home/chairman/working/ros2/beijixiong/ros_ws/install/pb2025_robot_description:/home/chairman/working/ros2/beijixiong/ros_ws/install/rmoss_core:/home/chairman/working/ros2/beijixiong/ros_ws/install/rmoss_cam:/home/chairman/working/ros2/beijixiong/ros_ws/install/rmoss_projectile_motion:/home/chairman/working/ros2/beijixiong/ros_ws/install/rmoss_gz_cam:/home/chairman/working/ros2/beijixiong/ros_ws/install/rmoss_gz_bridge:/home/chairman/working/ros2/beijixiong/ros_ws/install/rmoss_gz_base:/home/chairman/working/ros2/beijixiong/ros_ws/install/rmoss_base:/home/chairman/working/ros2/beijixiong/ros_ws/install/rmoss_gz_resources:/home/chairman/working/ros2/beijixiong/ros_ws/install/rmoss_gz_plugins:/home/chairman/working/ros2/beijixiong/ros_ws/install/sdformat_tools:/opt/ros/humble LD_LIBRARY_PATH=/home/chairman/working/ros2/beijixiong/ros_ws/install/rmoss_util/lib:/home/chairman/working/ros2/beijixiong/ros_ws/install/rmoss_interfaces/lib:/home/chairman/working/ros2/beijixiong/ros_ws/install/rmoss_cam/lib:/home/chairman/working/ros2/beijixiong/ros_ws/install/rmoss_projectile_motion/lib:/home/chairman/working/ros2/beijixiong/ros_ws/install/rmoss_gz_cam/lib:/home/chairman/working/ros2/beijixiong/ros_ws/install/rmoss_gz_base/lib:/home/chairman/working/ros2/beijixiong/ros_ws/install/rmoss_base/lib:/usr/lib/x86_64-linux-gnu:/usr/lib/x86_64-linux-gnu:/opt/ros/humble/opt/rviz_ogre_vendor/lib:/opt/ros/humble/lib/x86_64-linux-gnu:/opt/ros/humble/lib PYTHONPATH=/home/chairman/working/ros2/beijixiong/ros_ws/install/rmoss_interfaces/lib/python3.10/site-packages:/home/chairman/working/ros2/beijixiong/ros_ws/build/sdformat_tools:/home/chairman/working/ros2/beijixiong/ros_ws/install/sdformat_tools/lib/python3.10/site-packages:/opt/ros/humble/lib/python3.10/site-packages:/opt/ros/humble/local/lib/python3.10/dist-packages VIRTUAL_ENV_PROMPT=(venv) /usr/bin/cmake --install /home/chairman/working/ros2/beijixiong/ros_ws/build/rmoss_cam
