[0.530s] Invoking command in '/home/chairman/working/ros2/ROS2_learning/chapt7/chapt7_ws/autopatrol_robot': PYTHONPATH=/home/chairman/working/ros2/ROS2_learning/chapt7/chapt7_ws/build/autopatrol_robot/prefix_override:/usr/lib/python3/dist-packages/colcon_core/task/python/colcon_distutils_commands:/home/chairman/working/ros2/ROS2_learning/chapt7/chapt7_ws/install/autopatrol_robot/lib/python3.10/site-packages:${PYTHONPATH} VIRTUAL_ENV_PROMPT=(venv) /usr/bin/python3 -W ignore:setup.py install is deprecated -W ignore:easy_install command is deprecated setup.py egg_info --egg-base ../build/autopatrol_robot build --build-base /home/chairman/working/ros2/ROS2_learning/chapt7/chapt7_ws/build/autopatrol_robot/build install --record /home/chairman/working/ros2/ROS2_learning/chapt7/chapt7_ws/build/autopatrol_robot/install.log --single-version-externally-managed install_data
[0.673s] running egg_info
[0.674s] creating ../build/autopatrol_robot/autopatrol_robot.egg-info
[0.674s] writing ../build/autopatrol_robot/autopatrol_robot.egg-info/PKG-INFO
[0.674s] writing dependency_links to ../build/autopatrol_robot/autopatrol_robot.egg-info/dependency_links.txt
[0.674s] writing entry points to ../build/autopatrol_robot/autopatrol_robot.egg-info/entry_points.txt
[0.674s] writing requirements to ../build/autopatrol_robot/autopatrol_robot.egg-info/requires.txt
[0.674s] writing top-level names to ../build/autopatrol_robot/autopatrol_robot.egg-info/top_level.txt
[0.674s] writing manifest file '../build/autopatrol_robot/autopatrol_robot.egg-info/SOURCES.txt'
[0.675s] reading manifest file '../build/autopatrol_robot/autopatrol_robot.egg-info/SOURCES.txt'
[0.675s] adding license file 'LICENSE'
[0.675s] writing manifest file '../build/autopatrol_robot/autopatrol_robot.egg-info/SOURCES.txt'
[0.675s] running build
[0.675s] running build_py
[0.675s] creating /home/chairman/working/ros2/ROS2_learning/chapt7/chapt7_ws/build/autopatrol_robot/build
[0.675s] creating /home/chairman/working/ros2/ROS2_learning/chapt7/chapt7_ws/build/autopatrol_robot/build/lib
[0.675s] creating /home/chairman/working/ros2/ROS2_learning/chapt7/chapt7_ws/build/autopatrol_robot/build/lib/autopatrol_robot
[0.675s] copying autopatrol_robot/speaker.py -> /home/chairman/working/ros2/ROS2_learning/chapt7/chapt7_ws/build/autopatrol_robot/build/lib/autopatrol_robot
[0.675s] copying autopatrol_robot/__init__.py -> /home/chairman/working/ros2/ROS2_learning/chapt7/chapt7_ws/build/autopatrol_robot/build/lib/autopatrol_robot
[0.675s] copying autopatrol_robot/patrol_node.py -> /home/chairman/working/ros2/ROS2_learning/chapt7/chapt7_ws/build/autopatrol_robot/build/lib/autopatrol_robot
[0.675s] running install
[0.675s] running install_lib
[0.676s] creating /home/chairman/working/ros2/ROS2_learning/chapt7/chapt7_ws/install/autopatrol_robot/lib/python3.10/site-packages/autopatrol_robot
[0.676s] copying /home/chairman/working/ros2/ROS2_learning/chapt7/chapt7_ws/build/autopatrol_robot/build/lib/autopatrol_robot/speaker.py -> /home/chairman/working/ros2/ROS2_learning/chapt7/chapt7_ws/install/autopatrol_robot/lib/python3.10/site-packages/autopatrol_robot
[0.676s] copying /home/chairman/working/ros2/ROS2_learning/chapt7/chapt7_ws/build/autopatrol_robot/build/lib/autopatrol_robot/__init__.py -> /home/chairman/working/ros2/ROS2_learning/chapt7/chapt7_ws/install/autopatrol_robot/lib/python3.10/site-packages/autopatrol_robot
[0.676s] copying /home/chairman/working/ros2/ROS2_learning/chapt7/chapt7_ws/build/autopatrol_robot/build/lib/autopatrol_robot/patrol_node.py -> /home/chairman/working/ros2/ROS2_learning/chapt7/chapt7_ws/install/autopatrol_robot/lib/python3.10/site-packages/autopatrol_robot
[0.677s] byte-compiling /home/chairman/working/ros2/ROS2_learning/chapt7/chapt7_ws/install/autopatrol_robot/lib/python3.10/site-packages/autopatrol_robot/speaker.py to speaker.cpython-310.pyc
[0.677s] byte-compiling /home/chairman/working/ros2/ROS2_learning/chapt7/chapt7_ws/install/autopatrol_robot/lib/python3.10/site-packages/autopatrol_robot/__init__.py to __init__.cpython-310.pyc
[0.677s] byte-compiling /home/chairman/working/ros2/ROS2_learning/chapt7/chapt7_ws/install/autopatrol_robot/lib/python3.10/site-packages/autopatrol_robot/patrol_node.py to patrol_node.cpython-310.pyc
[0.678s] running install_data
[0.678s] creating /home/chairman/working/ros2/ROS2_learning/chapt7/chapt7_ws/install/autopatrol_robot/share/ament_index
[0.678s] creating /home/chairman/working/ros2/ROS2_learning/chapt7/chapt7_ws/install/autopatrol_robot/share/ament_index/resource_index
[0.678s] creating /home/chairman/working/ros2/ROS2_learning/chapt7/chapt7_ws/install/autopatrol_robot/share/ament_index/resource_index/packages
[0.678s] copying resource/autopatrol_robot -> /home/chairman/working/ros2/ROS2_learning/chapt7/chapt7_ws/install/autopatrol_robot/share/ament_index/resource_index/packages
[0.678s] copying package.xml -> /home/chairman/working/ros2/ROS2_learning/chapt7/chapt7_ws/install/autopatrol_robot/share/autopatrol_robot
[0.678s] creating /home/chairman/working/ros2/ROS2_learning/chapt7/chapt7_ws/install/autopatrol_robot/share/autopatrol_robot/config
[0.678s] copying config/patrol_config.yaml -> /home/chairman/working/ros2/ROS2_learning/chapt7/chapt7_ws/install/autopatrol_robot/share/autopatrol_robot/config
[0.678s] creating /home/chairman/working/ros2/ROS2_learning/chapt7/chapt7_ws/install/autopatrol_robot/share/autopatrol_robot/launch
[0.678s] copying launch/autopatrol.launch.py -> /home/chairman/working/ros2/ROS2_learning/chapt7/chapt7_ws/install/autopatrol_robot/share/autopatrol_robot/launch
[0.678s] running install_egg_info
[0.679s] Copying ../build/autopatrol_robot/autopatrol_robot.egg-info to /home/chairman/working/ros2/ROS2_learning/chapt7/chapt7_ws/install/autopatrol_robot/lib/python3.10/site-packages/autopatrol_robot-0.0.0-py3.10.egg-info
[0.680s] running install_scripts
[0.693s] Installing patrol_node script to /home/chairman/working/ros2/ROS2_learning/chapt7/chapt7_ws/install/autopatrol_robot/lib/autopatrol_robot
[0.693s] Installing speaker script to /home/chairman/working/ros2/ROS2_learning/chapt7/chapt7_ws/install/autopatrol_robot/lib/autopatrol_robot
[0.693s] writing list of installed files to '/home/chairman/working/ros2/ROS2_learning/chapt7/chapt7_ws/build/autopatrol_robot/install.log'
[0.709s] Invoked command in '/home/chairman/working/ros2/ROS2_learning/chapt7/chapt7_ws/autopatrol_robot' returned '0': PYTHONPATH=/home/chairman/working/ros2/ROS2_learning/chapt7/chapt7_ws/build/autopatrol_robot/prefix_override:/usr/lib/python3/dist-packages/colcon_core/task/python/colcon_distutils_commands:/home/chairman/working/ros2/ROS2_learning/chapt7/chapt7_ws/install/autopatrol_robot/lib/python3.10/site-packages:${PYTHONPATH} VIRTUAL_ENV_PROMPT=(venv) /usr/bin/python3 -W ignore:setup.py install is deprecated -W ignore:easy_install command is deprecated setup.py egg_info --egg-base ../build/autopatrol_robot build --build-base /home/chairman/working/ros2/ROS2_learning/chapt7/chapt7_ws/build/autopatrol_robot/build install --record /home/chairman/working/ros2/ROS2_learning/chapt7/chapt7_ws/build/autopatrol_robot/install.log --single-version-externally-managed install_data
