[0.008s] Invoking command in '/home/chairman/working/ros2/leida/ws_livox/build/fast_lio': AMENT_PREFIX_PATH=/home/chairman/working/ros2/leida/ws_livox/install/livox_ros_driver2:${AMENT_PREFIX_PATH} CMAKE_PREFIX_PATH=/home/chairman/working/ros2/leida/ws_livox/install/livox_ros_driver2:/opt/ros/humble LD_LIBRARY_PATH=/home/chairman/working/ros2/leida/ws_livox/install/livox_ros_driver2/lib:/usr/lib/x86_64-linux-gnu:/usr/lib/x86_64-linux-gnu/gazebo-11/plugins:/opt/ros/humble/opt/rviz_ogre_vendor/lib:/opt/ros/humble/lib/x86_64-linux-gnu:/opt/ros/humble/lib:/usr/lib/x86_64-linux-gnu PYTHONPATH=/home/chairman/working/ros2/leida/ws_livox/install/livox_ros_driver2/lib/python3.10/site-packages:${PYTHONPATH} VIRTUAL_ENV_PROMPT=(venv) /usr/bin/cmake /home/chairman/working/ros2/leida/ws_livox/src/fast_lio -DROS_EDITION=ROS2 -DHUMBLE_ROS=humble -DCMAKE_INSTALL_PREFIX=/home/chairman/working/ros2/leida/ws_livox/install/fast_lio
[0.060s] -- The C compiler identification is GNU 11.4.0
[0.104s] -- The CXX compiler identification is GNU 11.4.0
[0.109s] -- Detecting C compiler ABI info
[0.181s] -- Detecting C compiler ABI info - done
[0.187s] -- Check for working C compiler: /usr/bin/cc - skipped
[0.187s] -- Detecting C compile features
[0.187s] -- Detecting C compile features - done
[0.189s] -- Detecting CXX compiler ABI info
[0.264s] -- Detecting CXX compiler ABI info - done
[0.269s] -- Check for working CXX compiler: /usr/bin/c++ - skipped
[0.269s] -- Detecting CXX compile features
[0.270s] -- Detecting CXX compile features - done
[0.270s] [0mCurrent CPU archtecture: x86_64[0m
[0.273s] [0mProcesser number:  28[0m
[0.273s] [0mcore for MP: 3[0m
[0.534s] -- Found PythonLibs: /usr/lib/x86_64-linux-gnu/libpython3.10.so (found version "3.10.12") 
[0.535s] -- Found ament_cmake: 1.3.12 (/opt/ros/humble/share/ament_cmake/cmake)
[0.764s] -- Found Python3: /home/chairman/venv/bin/python3 (found version "3.10.12") found components: Interpreter 
[0.824s] -- Found rclcpp: 16.0.15 (/opt/ros/humble/share/rclcpp/cmake)
[0.848s] -- Found rosidl_generator_c: 3.1.7 (/opt/ros/humble/share/rosidl_generator_c/cmake)
[0.851s] -- Found rosidl_adapter: 3.1.7 (/opt/ros/humble/share/rosidl_adapter/cmake)
[0.857s] -- Found rosidl_generator_cpp: 3.1.7 (/opt/ros/humble/share/rosidl_generator_cpp/cmake)
[0.865s] -- Using all available rosidl_typesupport_c: rosidl_typesupport_fastrtps_c;rosidl_typesupport_introspection_c
[0.876s] -- Using all available rosidl_typesupport_cpp: rosidl_typesupport_fastrtps_cpp;rosidl_typesupport_introspection_cpp
[0.905s] -- Found rmw_implementation_cmake: 6.1.2 (/opt/ros/humble/share/rmw_implementation_cmake/cmake)
[0.907s] -- Found rmw_fastrtps_cpp: 6.2.9 (/opt/ros/humble/share/rmw_fastrtps_cpp/cmake)
[0.974s] -- Found OpenSSL: /usr/lib/x86_64-linux-gnu/libcrypto.so (found version "3.0.2")  
[0.993s] -- Found FastRTPS: /opt/ros/humble/include  
[1.023s] -- Using RMW implementation 'rmw_fastrtps_cpp' as default
[1.029s] -- Looking for pthread.h
[1.085s] -- Looking for pthread.h - found
[1.086s] -- Performing Test CMAKE_HAVE_LIBC_PTHREAD
[1.151s] -- Performing Test CMAKE_HAVE_LIBC_PTHREAD - Success
[1.152s] -- Found Threads: TRUE  
[1.186s] -- Found rclcpp_components: 16.0.15 (/opt/ros/humble/share/rclcpp_components/cmake)
[1.205s] -- Found geometry_msgs: 4.9.0 (/opt/ros/humble/share/geometry_msgs/cmake)
[1.214s] -- Found nav_msgs: 4.9.0 (/opt/ros/humble/share/nav_msgs/cmake)
[1.225s] -- Found sensor_msgs: 4.9.0 (/opt/ros/humble/share/sensor_msgs/cmake)
[1.237s] -- Found std_srvs: 4.9.0 (/opt/ros/humble/share/std_srvs/cmake)
[1.244s] -- Found visualization_msgs: 4.9.0 (/opt/ros/humble/share/visualization_msgs/cmake)
[1.257s] -- Found pcl_ros: 2.4.5 (/opt/ros/humble/share/pcl_ros/cmake)
[1.287s] -- Checking for module 'eigen3'
[1.297s] --   Found eigen3, version 3.4.0
[1.331s] -- Found Eigen: /usr/include/eigen3 (Required is at least version "3.1") 
[1.332s] -- Eigen found (include: /usr/include/eigen3, version: 3.4.0)
[1.365s] -- Checking for module 'flann'
[1.380s] --   Found flann, version 1.9.1
[1.424s] -- Found FLANN: /usr/lib/x86_64-linux-gnu/libflann_cpp.so  
[1.425s] -- FLANN found (include: /usr/include, lib: /usr/lib/x86_64-linux-gnu/libflann_cpp.so)
[2.253s] -- Checking for module 'libusb-1.0'
[2.264s] --   Found libusb-1.0, version 1.0.25
[2.294s] -- Found libusb: /usr/lib/x86_64-linux-gnu/libusb-1.0.so  
[2.295s] -- OpenNI found (version: 1.5.4.0, include: /usr/include/ni, lib: /usr/lib/libOpenNI.so;libusb::libusb)
[2.338s] -- OpenNI2 found (version: 2.2.0.33, include: /usr/include/openni2, lib: /usr/lib/x86_64-linux-gnu/libOpenNI2.so;libusb::libusb)
[2.450s] -- Eigen found (include: /usr/include/eigen3, version: 3.4.0)
[2.454s] -- OpenNI found (version: 1.5.4.0, include: /usr/include/ni, lib: /usr/lib/libOpenNI.so;libusb::libusb)
[2.458s] -- OpenNI2 found (version: 2.2.0.33, include: /usr/include/openni2, lib: /usr/lib/x86_64-linux-gnu/libOpenNI2.so;libusb::libusb)
[2.561s] -- Found Qhull version 8.0.2
[2.672s] -- OpenNI found (version: 1.5.4.0, include: /usr/include/ni, lib: /usr/lib/libOpenNI.so;libusb::libusb)
[2.780s] -- Found PCL_COMMON: /usr/lib/x86_64-linux-gnu/libpcl_common.so  
[2.780s] -- Found PCL_KDTREE: /usr/lib/x86_64-linux-gnu/libpcl_kdtree.so  
[2.781s] -- Found PCL_OCTREE: /usr/lib/x86_64-linux-gnu/libpcl_octree.so  
[2.781s] -- Found PCL_SEARCH: /usr/lib/x86_64-linux-gnu/libpcl_search.so  
[2.782s] -- Found PCL_SAMPLE_CONSENSUS: /usr/lib/x86_64-linux-gnu/libpcl_sample_consensus.so  
[2.782s] -- Found PCL_FILTERS: /usr/lib/x86_64-linux-gnu/libpcl_filters.so  
[2.783s] -- Found PCL_2D: /usr/include/pcl-1.12  
[2.783s] -- Found PCL_GEOMETRY: /usr/include/pcl-1.12  
[2.783s] -- Found PCL_IO: /usr/lib/x86_64-linux-gnu/libpcl_io.so  
[2.784s] -- Found PCL_FEATURES: /usr/lib/x86_64-linux-gnu/libpcl_features.so  
[2.785s] -- Found PCL_ML: /usr/lib/x86_64-linux-gnu/libpcl_ml.so  
[2.785s] -- Found PCL_SEGMENTATION: /usr/lib/x86_64-linux-gnu/libpcl_segmentation.so  
[2.786s] -- Found PCL_VISUALIZATION: /usr/lib/x86_64-linux-gnu/libpcl_visualization.so  
[2.786s] -- Found PCL_SURFACE: /usr/lib/x86_64-linux-gnu/libpcl_surface.so  
[2.787s] -- Found PCL_REGISTRATION: /usr/lib/x86_64-linux-gnu/libpcl_registration.so  
[2.788s] -- Found PCL_KEYPOINTS: /usr/lib/x86_64-linux-gnu/libpcl_keypoints.so  
[2.788s] -- Found PCL_TRACKING: /usr/lib/x86_64-linux-gnu/libpcl_tracking.so  
[2.789s] -- Found PCL_RECOGNITION: /usr/lib/x86_64-linux-gnu/libpcl_recognition.so  
[2.790s] -- Found PCL_STEREO: /usr/lib/x86_64-linux-gnu/libpcl_stereo.so  
[2.790s] -- Found PCL_APPS: /usr/lib/x86_64-linux-gnu/libpcl_apps.so  
[2.791s] -- Found PCL_IN_HAND_SCANNER: /usr/include/pcl-1.12  
[2.791s] -- Found PCL_MODELER: /usr/include/pcl-1.12  
[2.791s] -- Found PCL_POINT_CLOUD_EDITOR: /usr/include/pcl-1.12  
[2.792s] -- Found PCL_OUTOFCORE: /usr/lib/x86_64-linux-gnu/libpcl_outofcore.so  
[2.793s] -- Found PCL_PEOPLE: /usr/lib/x86_64-linux-gnu/libpcl_people.so  
[2.811s] -- Found eigen3_cmake_module: 0.1.1 (/opt/ros/humble/share/eigen3_cmake_module/cmake)
[2.812s] -- Found Eigen3: TRUE (found version "3.4.0") 
[2.812s] -- Ensuring Eigen3 include directory is part of orocos-kdl CMake target
[2.858s] -- Found livox_ros_driver2: 1.0.0 (/home/chairman/working/ros2/leida/ws_livox/install/livox_ros_driver2/share/livox_ros_driver2/cmake)
[2.872s] -- Found rosidl_default_generators: 1.2.0 (/opt/ros/humble/share/rosidl_default_generators/cmake)
[2.878s] [33mCMake Warning (dev) at CMakeLists.txt:81 (find_package):
[2.878s]   Policy CMP0074 is not set: find_package uses <PackageName>_ROOT variables.
[2.878s]   Run "cmake --help-policy CMP0074" for policy details.  Use the cmake_policy
[2.878s]   command to set the policy and suppress this warning.
[2.878s] 
[2.878s]   CMake variable PCL_ROOT is set to:
[2.878s] 
[2.878s]     /usr
[2.878s] 
[2.878s]   For compatibility, CMake is ignoring the variable.
[2.878s] This warning is for project developers.  Use -Wno-dev to suppress it.
[2.878s] [0m
[2.883s] [0mEigen:/usr/include/eigen3[0m
[2.883s] -- PCL: /usr/include/pcl-1.12
[3.073s] -- Found ament_cmake_ros: 0.10.0 (/opt/ros/humble/share/ament_cmake_ros/cmake)
[3.294s] -- Using all available rosidl_typesupport_c: rosidl_typesupport_fastrtps_c;rosidl_typesupport_introspection_c
[3.382s] -- Using all available rosidl_typesupport_cpp: rosidl_typesupport_fastrtps_cpp;rosidl_typesupport_introspection_cpp
[3.398s] -- Found PythonInterp: /home/chairman/venv/bin/python3 (found suitable version "3.10.12", minimum required is "3.6") 
[3.401s] -- Found python_cmake_module: 0.10.0 (/opt/ros/humble/share/python_cmake_module/cmake)
[3.415s] -- Found PythonLibs: /usr/lib/x86_64-linux-gnu/libpython3.10.so (found suitable version "3.10.12", minimum required is "3.5") 
[3.415s] -- Using PYTHON_EXECUTABLE: /home/chairman/venv/bin/python3
[3.415s] -- Using PYTHON_INCLUDE_DIRS: /usr/include/python3.10
[3.415s] -- Using PYTHON_LIBRARIES: /usr/lib/x86_64-linux-gnu/libpython3.10.so
[3.426s] -- Found PythonExtra: .so  
[3.456s] -- Configuring done
[3.497s] -- Generating done
[3.499s] [33mCMake Warning:
[3.499s]   Manually-specified variables were not used by the project:
[3.499s] 
[3.499s]     HUMBLE_ROS
[3.499s]     ROS_EDITION
[3.499s] 
[3.499s] [0m
[3.510s] -- Build files have been written to: /home/chairman/working/ros2/leida/ws_livox/build/fast_lio
[3.522s] Invoked command in '/home/chairman/working/ros2/leida/ws_livox/build/fast_lio' returned '0': AMENT_PREFIX_PATH=/home/chairman/working/ros2/leida/ws_livox/install/livox_ros_driver2:${AMENT_PREFIX_PATH} CMAKE_PREFIX_PATH=/home/chairman/working/ros2/leida/ws_livox/install/livox_ros_driver2:/opt/ros/humble LD_LIBRARY_PATH=/home/chairman/working/ros2/leida/ws_livox/install/livox_ros_driver2/lib:/usr/lib/x86_64-linux-gnu:/usr/lib/x86_64-linux-gnu/gazebo-11/plugins:/opt/ros/humble/opt/rviz_ogre_vendor/lib:/opt/ros/humble/lib/x86_64-linux-gnu:/opt/ros/humble/lib:/usr/lib/x86_64-linux-gnu PYTHONPATH=/home/chairman/working/ros2/leida/ws_livox/install/livox_ros_driver2/lib/python3.10/site-packages:${PYTHONPATH} VIRTUAL_ENV_PROMPT=(venv) /usr/bin/cmake /home/chairman/working/ros2/leida/ws_livox/src/fast_lio -DROS_EDITION=ROS2 -DHUMBLE_ROS=humble -DCMAKE_INSTALL_PREFIX=/home/chairman/working/ros2/leida/ws_livox/install/fast_lio
[3.525s] Invoking command in '/home/chairman/working/ros2/leida/ws_livox/build/fast_lio': AMENT_PREFIX_PATH=/home/chairman/working/ros2/leida/ws_livox/install/livox_ros_driver2:${AMENT_PREFIX_PATH} CMAKE_PREFIX_PATH=/home/chairman/working/ros2/leida/ws_livox/install/livox_ros_driver2:/opt/ros/humble LD_LIBRARY_PATH=/home/chairman/working/ros2/leida/ws_livox/install/livox_ros_driver2/lib:/usr/lib/x86_64-linux-gnu:/usr/lib/x86_64-linux-gnu/gazebo-11/plugins:/opt/ros/humble/opt/rviz_ogre_vendor/lib:/opt/ros/humble/lib/x86_64-linux-gnu:/opt/ros/humble/lib:/usr/lib/x86_64-linux-gnu PYTHONPATH=/home/chairman/working/ros2/leida/ws_livox/install/livox_ros_driver2/lib/python3.10/site-packages:${PYTHONPATH} VIRTUAL_ENV_PROMPT=(venv) /usr/bin/cmake --build /home/chairman/working/ros2/leida/ws_livox/build/fast_lio -- -j28 -l28
[3.564s] [  2%] [34m[1mGenerating C code for ROS interfaces[0m
[3.570s] [  5%] [34m[1mGenerating C++ code for ROS interfaces[0m
[3.574s] [  5%] Built target ament_cmake_python_copy_fast_lio
[3.698s] running egg_info
[3.705s] creating fast_lio.egg-info
[3.706s] writing fast_lio.egg-info/PKG-INFO
[3.706s] writing dependency_links to fast_lio.egg-info/dependency_links.txt
[3.706s] writing top-level names to fast_lio.egg-info/top_level.txt
[3.706s] writing manifest file 'fast_lio.egg-info/SOURCES.txt'
[3.726s] reading manifest file 'fast_lio.egg-info/SOURCES.txt'
[3.726s] writing manifest file 'fast_lio.egg-info/SOURCES.txt'
[3.748s] [  5%] Built target ament_cmake_python_build_fast_lio_egg
[3.793s] [  8%] [32mBuilding C object CMakeFiles/fast_lio__rosidl_generator_c.dir/rosidl_generator_c/fast_lio/msg/detail/pose6_d__functions.c.o[0m
[3.858s] [  8%] Built target fast_lio__cpp
[3.865s] [ 11%] [34m[1mGenerating C++ type support dispatch for ROS interfaces[0m
[3.867s] [ 17%] [34m[1mGenerating C++ introspection for ROS interfaces[0m
[3.867s] [ 17%] [34m[1mGenerating C++ type support for eProsima Fast-RTPS[0m
[3.898s] [ 20%] [32m[1mLinking C shared library libfast_lio__rosidl_generator_c.so[0m
[3.930s] [ 20%] Built target fast_lio__rosidl_generator_c
[3.939s] [ 28%] [34m[1mGenerating C type support for eProsima Fast-RTPS[0m
[3.939s] [ 28%] [34m[1mGenerating C introspection for ROS interfaces[0m
[3.939s] [ 28%] [34m[1mGenerating C type support dispatch for ROS interfaces[0m
[4.069s] [ 31%] [32mBuilding CXX object CMakeFiles/fast_lio__rosidl_typesupport_cpp.dir/rosidl_typesupport_cpp/fast_lio/msg/pose6_d__type_support.cpp.o[0m
[4.086s] [ 34%] [32mBuilding CXX object CMakeFiles/fast_lio__rosidl_typesupport_introspection_cpp.dir/rosidl_typesupport_introspection_cpp/fast_lio/msg/detail/pose6_d__type_support.cpp.o[0m
[4.159s] [ 37%] [32mBuilding C object CMakeFiles/fast_lio__rosidl_typesupport_introspection_c.dir/rosidl_typesupport_introspection_c/fast_lio/msg/detail/pose6_d__type_support.c.o[0m
[4.204s] [ 40%] [32mBuilding CXX object CMakeFiles/fast_lio__rosidl_typesupport_fastrtps_c.dir/rosidl_typesupport_fastrtps_c/fast_lio/msg/detail/pose6_d__type_support_c.cpp.o[0m
[4.207s] [ 42%] [32mBuilding CXX object CMakeFiles/fast_lio__rosidl_typesupport_fastrtps_cpp.dir/rosidl_typesupport_fastrtps_cpp/fast_lio/msg/detail/dds_fastrtps/pose6_d__type_support.cpp.o[0m
[4.215s] [ 45%] [32m[1mLinking C shared library libfast_lio__rosidl_typesupport_introspection_c.so[0m
[4.239s] [ 48%] [32m[1mLinking CXX shared library libfast_lio__rosidl_typesupport_cpp.so[0m
[4.244s] [ 48%] Built target fast_lio__rosidl_typesupport_introspection_c
[4.257s] [ 51%] [32mBuilding CXX object CMakeFiles/fast_lio__rosidl_typesupport_c.dir/rosidl_typesupport_c/fast_lio/msg/pose6_d__type_support.cpp.o[0m
[4.277s] [ 51%] Built target fast_lio__rosidl_typesupport_cpp
[4.284s] [ 54%] [32m[1mLinking CXX shared library libfast_lio__rosidl_typesupport_c.so[0m
[4.296s] [ 60%] [32mBuilding CXX object CMakeFiles/fastlio_mapping.dir/src/preprocess.cpp.o[0m
[4.296s] [ 60%] [32mBuilding CXX object CMakeFiles/fastlio_mapping.dir/include/ikd-Tree/ikd_Tree.cpp.o[0m
[4.296s] [ 62%] [32mBuilding CXX object CMakeFiles/fastlio_mapping.dir/src/laserMapping.cpp.o[0m
[4.323s] [ 62%] Built target fast_lio__rosidl_typesupport_c
[4.375s] [ 65%] [32m[1mLinking CXX shared library libfast_lio__rosidl_typesupport_introspection_cpp.so[0m
[4.411s] [ 68%] [32m[1mLinking CXX shared library libfast_lio__rosidl_typesupport_fastrtps_c.so[0m
[4.412s] [ 68%] Built target fast_lio__rosidl_typesupport_introspection_cpp
[4.459s] [ 71%] [32m[1mLinking CXX shared library libfast_lio__rosidl_typesupport_fastrtps_cpp.so[0m
[4.467s] [ 71%] Built target fast_lio__rosidl_typesupport_fastrtps_c
[4.515s] [ 71%] Built target fast_lio__rosidl_typesupport_fastrtps_cpp
[4.534s] [ 71%] Built target fast_lio
[4.553s] [ 74%] [34m[1mGenerating Python code for ROS interfaces[0m
[4.876s] [ 74%] Built target fast_lio__py
[4.896s] [ 77%] [32mBuilding C object CMakeFiles/fast_lio__rosidl_generator_py.dir/rosidl_generator_py/fast_lio/msg/_pose6_d_s.c.o[0m
[4.998s] [ 80%] [32m[1mLinking C shared library rosidl_generator_py/fast_lio/libfast_lio__rosidl_generator_py.so[0m
[5.035s] [ 80%] Built target fast_lio__rosidl_generator_py
[5.053s] [ 88%] [32mBuilding C object CMakeFiles/fast_lio__rosidl_typesupport_c__pyext.dir/rosidl_generator_py/fast_lio/_fast_lio_s.ep.rosidl_typesupport_c.c.o[0m
[5.053s] [ 88%] [32mBuilding C object CMakeFiles/fast_lio__rosidl_typesupport_fastrtps_c__pyext.dir/rosidl_generator_py/fast_lio/_fast_lio_s.ep.rosidl_typesupport_fastrtps_c.c.o[0m
[5.053s] [ 88%] [32mBuilding C object CMakeFiles/fast_lio__rosidl_typesupport_introspection_c__pyext.dir/rosidl_generator_py/fast_lio/_fast_lio_s.ep.rosidl_typesupport_introspection_c.c.o[0m
[5.130s] [ 91%] [32m[1mLinking C shared library rosidl_generator_py/fast_lio/fast_lio_s__rosidl_typesupport_c.cpython-310-x86_64-linux-gnu.so[0m
[5.132s] [ 94%] [32m[1mLinking C shared library rosidl_generator_py/fast_lio/fast_lio_s__rosidl_typesupport_fastrtps_c.cpython-310-x86_64-linux-gnu.so[0m
[5.157s] [ 94%] Built target fast_lio__rosidl_typesupport_c__pyext
[5.161s] [ 94%] Built target fast_lio__rosidl_typesupport_fastrtps_c__pyext
[5.162s] [ 97%] [32m[1mLinking C shared library rosidl_generator_py/fast_lio/fast_lio_s__rosidl_typesupport_introspection_c.cpython-310-x86_64-linux-gnu.so[0m
[5.194s] [ 97%] Built target fast_lio__rosidl_typesupport_introspection_c__pyext
[8.482s] In file included from [01m[K/usr/include/boost/smart_ptr/detail/sp_thread_sleep.hpp:22[m[K,
[8.482s]                  from [01m[K/usr/include/boost/smart_ptr/detail/yield_k.hpp:23[m[K,
[8.482s]                  from [01m[K/usr/include/boost/smart_ptr/detail/spinlock_gcc_atomic.hpp:14[m[K,
[8.482s]                  from [01m[K/usr/include/boost/smart_ptr/detail/spinlock.hpp:42[m[K,
[8.482s]                  from [01m[K/usr/include/boost/smart_ptr/detail/spinlock_pool.hpp:25[m[K,
[8.482s]                  from [01m[K/usr/include/boost/smart_ptr/shared_ptr.hpp:29[m[K,
[8.482s]                  from [01m[K/usr/include/boost/shared_ptr.hpp:17[m[K,
[8.482s]                  from [01m[K/usr/include/boost/date_time/microsec_time_clock.hpp:18[m[K,
[8.482s]                  from [01m[K/usr/include/boost/interprocess/detail/posix_time_types_wrk.hpp:31[m[K,
[8.483s]                  from [01m[K/usr/include/boost/interprocess/detail/os_thread_functions.hpp:36[m[K,
[8.483s]                  from [01m[K/usr/include/boost/interprocess/sync/file_lock.hpp:26[m[K,
[8.483s]                  from [01m[K/usr/include/pcl-1.12/pcl/io/pcd_io.h:46[m[K,
[8.483s]                  from [01m[K/opt/ros/humble/include/pcl_conversions/pcl_conversions/pcl_conversions.h:73[m[K,
[8.483s]                  from [01m[K/home/chairman/working/ros2/leida/ws_livox/src/fast_lio/src/IMU_Processing.hpp:18[m[K,
[8.483s]                  from [01m[K/home/chairman/working/ros2/leida/ws_livox/src/fast_lio/src/laserMapping.cpp:47[m[K:
[8.483s] [01m[K/usr/include/boost/bind.hpp:36:1:[m[K [01;36m[Knote: [m[K‘[01m[K#pragma message: The practice of declaring the Bind placeholders (_1, _2, ...) in the global namespace is deprecated. Please use <boost/bind/bind.hpp> + using namespace boost::placeholders, or define BOOST_BIND_GLOBAL_PLACEHOLDERS to retain the current behavior.[m[K’
[8.483s]    36 | [01;36m[KBOOST_PRAGMA_MESSAGE[m[K(
[8.483s]       | [01;36m[K^~~~~~~~~~~~~~~~~~~~[m[K
[47.276s] [100%] [32m[1mLinking CXX executable fastlio_mapping[0m
[47.950s] [100%] Built target fastlio_mapping
[47.960s] Invoked command in '/home/chairman/working/ros2/leida/ws_livox/build/fast_lio' returned '0': AMENT_PREFIX_PATH=/home/chairman/working/ros2/leida/ws_livox/install/livox_ros_driver2:${AMENT_PREFIX_PATH} CMAKE_PREFIX_PATH=/home/chairman/working/ros2/leida/ws_livox/install/livox_ros_driver2:/opt/ros/humble LD_LIBRARY_PATH=/home/chairman/working/ros2/leida/ws_livox/install/livox_ros_driver2/lib:/usr/lib/x86_64-linux-gnu:/usr/lib/x86_64-linux-gnu/gazebo-11/plugins:/opt/ros/humble/opt/rviz_ogre_vendor/lib:/opt/ros/humble/lib/x86_64-linux-gnu:/opt/ros/humble/lib:/usr/lib/x86_64-linux-gnu PYTHONPATH=/home/chairman/working/ros2/leida/ws_livox/install/livox_ros_driver2/lib/python3.10/site-packages:${PYTHONPATH} VIRTUAL_ENV_PROMPT=(venv) /usr/bin/cmake --build /home/chairman/working/ros2/leida/ws_livox/build/fast_lio -- -j28 -l28
[47.961s] Invoking command in '/home/chairman/working/ros2/leida/ws_livox/build/fast_lio': AMENT_PREFIX_PATH=/home/chairman/working/ros2/leida/ws_livox/install/livox_ros_driver2:${AMENT_PREFIX_PATH} CMAKE_PREFIX_PATH=/home/chairman/working/ros2/leida/ws_livox/install/livox_ros_driver2:/opt/ros/humble LD_LIBRARY_PATH=/home/chairman/working/ros2/leida/ws_livox/install/livox_ros_driver2/lib:/usr/lib/x86_64-linux-gnu:/usr/lib/x86_64-linux-gnu/gazebo-11/plugins:/opt/ros/humble/opt/rviz_ogre_vendor/lib:/opt/ros/humble/lib/x86_64-linux-gnu:/opt/ros/humble/lib:/usr/lib/x86_64-linux-gnu PYTHONPATH=/home/chairman/working/ros2/leida/ws_livox/install/livox_ros_driver2/lib/python3.10/site-packages:${PYTHONPATH} VIRTUAL_ENV_PROMPT=(venv) /usr/bin/cmake --install /home/chairman/working/ros2/leida/ws_livox/build/fast_lio
[47.965s] -- Install configuration: "Release"
[47.965s] -- Installing: /home/chairman/working/ros2/leida/ws_livox/install/fast_lio/share/ament_index/resource_index/rosidl_interfaces/fast_lio
[47.965s] -- Installing: /home/chairman/working/ros2/leida/ws_livox/install/fast_lio/include/fast_lio/fast_lio
[47.966s] -- Installing: /home/chairman/working/ros2/leida/ws_livox/install/fast_lio/include/fast_lio/fast_lio/msg
[47.966s] -- Installing: /home/chairman/working/ros2/leida/ws_livox/install/fast_lio/include/fast_lio/fast_lio/msg/detail
[47.966s] -- Installing: /home/chairman/working/ros2/leida/ws_livox/install/fast_lio/include/fast_lio/fast_lio/msg/detail/pose6_d__struct.h
[47.966s] -- Installing: /home/chairman/working/ros2/leida/ws_livox/install/fast_lio/include/fast_lio/fast_lio/msg/detail/pose6_d__functions.h
[47.966s] -- Installing: /home/chairman/working/ros2/leida/ws_livox/install/fast_lio/include/fast_lio/fast_lio/msg/detail/pose6_d__type_support.h
[47.966s] -- Installing: /home/chairman/working/ros2/leida/ws_livox/install/fast_lio/include/fast_lio/fast_lio/msg/detail/pose6_d__functions.c
[47.966s] -- Installing: /home/chairman/working/ros2/leida/ws_livox/install/fast_lio/include/fast_lio/fast_lio/msg/rosidl_generator_c__visibility_control.h
[47.966s] -- Installing: /home/chairman/working/ros2/leida/ws_livox/install/fast_lio/include/fast_lio/fast_lio/msg/pose6_d.h
[47.966s] -- Installing: /home/chairman/working/ros2/leida/ws_livox/install/fast_lio/share/fast_lio/environment/library_path.sh
[47.966s] -- Installing: /home/chairman/working/ros2/leida/ws_livox/install/fast_lio/share/fast_lio/environment/library_path.dsv
[47.966s] -- Installing: /home/chairman/working/ros2/leida/ws_livox/install/fast_lio/lib/libfast_lio__rosidl_generator_c.so
[47.966s] -- Set runtime path of "/home/chairman/working/ros2/leida/ws_livox/install/fast_lio/lib/libfast_lio__rosidl_generator_c.so" to ""
[47.966s] -- Up-to-date: /home/chairman/working/ros2/leida/ws_livox/install/fast_lio/include/fast_lio/fast_lio
[47.966s] -- Up-to-date: /home/chairman/working/ros2/leida/ws_livox/install/fast_lio/include/fast_lio/fast_lio/msg
[47.966s] -- Up-to-date: /home/chairman/working/ros2/leida/ws_livox/install/fast_lio/include/fast_lio/fast_lio/msg/detail
[47.966s] -- Installing: /home/chairman/working/ros2/leida/ws_livox/install/fast_lio/include/fast_lio/fast_lio/msg/detail/pose6_d__rosidl_typesupport_fastrtps_c.h
[47.966s] -- Installing: /home/chairman/working/ros2/leida/ws_livox/install/fast_lio/include/fast_lio/fast_lio/msg/rosidl_typesupport_fastrtps_c__visibility_control.h
[47.966s] -- Installing: /home/chairman/working/ros2/leida/ws_livox/install/fast_lio/lib/libfast_lio__rosidl_typesupport_fastrtps_c.so
[47.966s] -- Set runtime path of "/home/chairman/working/ros2/leida/ws_livox/install/fast_lio/lib/libfast_lio__rosidl_typesupport_fastrtps_c.so" to ""
[47.966s] -- Up-to-date: /home/chairman/working/ros2/leida/ws_livox/install/fast_lio/include/fast_lio/fast_lio
[47.966s] -- Up-to-date: /home/chairman/working/ros2/leida/ws_livox/install/fast_lio/include/fast_lio/fast_lio/msg
[47.966s] -- Up-to-date: /home/chairman/working/ros2/leida/ws_livox/install/fast_lio/include/fast_lio/fast_lio/msg/detail
[47.966s] -- Installing: /home/chairman/working/ros2/leida/ws_livox/install/fast_lio/include/fast_lio/fast_lio/msg/detail/pose6_d__struct.hpp
[47.966s] -- Installing: /home/chairman/working/ros2/leida/ws_livox/install/fast_lio/include/fast_lio/fast_lio/msg/detail/pose6_d__type_support.hpp
[47.967s] -- Installing: /home/chairman/working/ros2/leida/ws_livox/install/fast_lio/include/fast_lio/fast_lio/msg/detail/pose6_d__traits.hpp
[47.967s] -- Installing: /home/chairman/working/ros2/leida/ws_livox/install/fast_lio/include/fast_lio/fast_lio/msg/detail/pose6_d__builder.hpp
[47.967s] -- Installing: /home/chairman/working/ros2/leida/ws_livox/install/fast_lio/include/fast_lio/fast_lio/msg/rosidl_generator_cpp__visibility_control.hpp
[47.967s] -- Installing: /home/chairman/working/ros2/leida/ws_livox/install/fast_lio/include/fast_lio/fast_lio/msg/pose6_d.hpp
[47.967s] -- Up-to-date: /home/chairman/working/ros2/leida/ws_livox/install/fast_lio/include/fast_lio/fast_lio
[47.967s] -- Up-to-date: /home/chairman/working/ros2/leida/ws_livox/install/fast_lio/include/fast_lio/fast_lio/msg
[47.967s] -- Up-to-date: /home/chairman/working/ros2/leida/ws_livox/install/fast_lio/include/fast_lio/fast_lio/msg/detail
[47.967s] -- Installing: /home/chairman/working/ros2/leida/ws_livox/install/fast_lio/include/fast_lio/fast_lio/msg/detail/dds_fastrtps
[47.967s] -- Installing: /home/chairman/working/ros2/leida/ws_livox/install/fast_lio/include/fast_lio/fast_lio/msg/detail/pose6_d__rosidl_typesupport_fastrtps_cpp.hpp
[47.967s] -- Installing: /home/chairman/working/ros2/leida/ws_livox/install/fast_lio/include/fast_lio/fast_lio/msg/rosidl_typesupport_fastrtps_cpp__visibility_control.h
[47.967s] -- Installing: /home/chairman/working/ros2/leida/ws_livox/install/fast_lio/lib/libfast_lio__rosidl_typesupport_fastrtps_cpp.so
[47.967s] -- Set runtime path of "/home/chairman/working/ros2/leida/ws_livox/install/fast_lio/lib/libfast_lio__rosidl_typesupport_fastrtps_cpp.so" to ""
[47.967s] -- Up-to-date: /home/chairman/working/ros2/leida/ws_livox/install/fast_lio/include/fast_lio/fast_lio
[47.967s] -- Up-to-date: /home/chairman/working/ros2/leida/ws_livox/install/fast_lio/include/fast_lio/fast_lio/msg
[47.967s] -- Up-to-date: /home/chairman/working/ros2/leida/ws_livox/install/fast_lio/include/fast_lio/fast_lio/msg/detail
[47.967s] -- Installing: /home/chairman/working/ros2/leida/ws_livox/install/fast_lio/include/fast_lio/fast_lio/msg/detail/pose6_d__rosidl_typesupport_introspection_c.h
[47.967s] -- Installing: /home/chairman/working/ros2/leida/ws_livox/install/fast_lio/include/fast_lio/fast_lio/msg/detail/pose6_d__type_support.c
[47.967s] -- Installing: /home/chairman/working/ros2/leida/ws_livox/install/fast_lio/include/fast_lio/fast_lio/msg/rosidl_typesupport_introspection_c__visibility_control.h
[47.967s] -- Installing: /home/chairman/working/ros2/leida/ws_livox/install/fast_lio/lib/libfast_lio__rosidl_typesupport_introspection_c.so
[47.968s] -- Set runtime path of "/home/chairman/working/ros2/leida/ws_livox/install/fast_lio/lib/libfast_lio__rosidl_typesupport_introspection_c.so" to ""
[47.968s] -- Installing: /home/chairman/working/ros2/leida/ws_livox/install/fast_lio/lib/libfast_lio__rosidl_typesupport_c.so
[47.968s] -- Set runtime path of "/home/chairman/working/ros2/leida/ws_livox/install/fast_lio/lib/libfast_lio__rosidl_typesupport_c.so" to ""
[47.968s] -- Up-to-date: /home/chairman/working/ros2/leida/ws_livox/install/fast_lio/include/fast_lio/fast_lio
[47.968s] -- Up-to-date: /home/chairman/working/ros2/leida/ws_livox/install/fast_lio/include/fast_lio/fast_lio/msg
[47.968s] -- Up-to-date: /home/chairman/working/ros2/leida/ws_livox/install/fast_lio/include/fast_lio/fast_lio/msg/detail
[47.968s] -- Installing: /home/chairman/working/ros2/leida/ws_livox/install/fast_lio/include/fast_lio/fast_lio/msg/detail/pose6_d__rosidl_typesupport_introspection_cpp.hpp
[47.968s] -- Installing: /home/chairman/working/ros2/leida/ws_livox/install/fast_lio/include/fast_lio/fast_lio/msg/detail/pose6_d__type_support.cpp
[47.968s] -- Installing: /home/chairman/working/ros2/leida/ws_livox/install/fast_lio/lib/libfast_lio__rosidl_typesupport_introspection_cpp.so
[47.968s] -- Set runtime path of "/home/chairman/working/ros2/leida/ws_livox/install/fast_lio/lib/libfast_lio__rosidl_typesupport_introspection_cpp.so" to ""
[47.968s] -- Installing: /home/chairman/working/ros2/leida/ws_livox/install/fast_lio/lib/libfast_lio__rosidl_typesupport_cpp.so
[47.968s] -- Set runtime path of "/home/chairman/working/ros2/leida/ws_livox/install/fast_lio/lib/libfast_lio__rosidl_typesupport_cpp.so" to ""
[47.968s] -- Installing: /home/chairman/working/ros2/leida/ws_livox/install/fast_lio/share/fast_lio/environment/pythonpath.sh
[47.968s] -- Installing: /home/chairman/working/ros2/leida/ws_livox/install/fast_lio/share/fast_lio/environment/pythonpath.dsv
[47.968s] -- Installing: /home/chairman/working/ros2/leida/ws_livox/install/fast_lio/lib/python3.10/site-packages/fast_lio-0.0.0-py3.10.egg-info
[47.968s] -- Installing: /home/chairman/working/ros2/leida/ws_livox/install/fast_lio/lib/python3.10/site-packages/fast_lio-0.0.0-py3.10.egg-info/dependency_links.txt
[47.968s] -- Installing: /home/chairman/working/ros2/leida/ws_livox/install/fast_lio/lib/python3.10/site-packages/fast_lio-0.0.0-py3.10.egg-info/top_level.txt
[47.969s] -- Installing: /home/chairman/working/ros2/leida/ws_livox/install/fast_lio/lib/python3.10/site-packages/fast_lio-0.0.0-py3.10.egg-info/SOURCES.txt
[47.969s] -- Installing: /home/chairman/working/ros2/leida/ws_livox/install/fast_lio/lib/python3.10/site-packages/fast_lio-0.0.0-py3.10.egg-info/PKG-INFO
[47.969s] -- Installing: /home/chairman/working/ros2/leida/ws_livox/install/fast_lio/lib/python3.10/site-packages/fast_lio
[47.969s] -- Installing: /home/chairman/working/ros2/leida/ws_livox/install/fast_lio/lib/python3.10/site-packages/fast_lio/msg
[47.969s] -- Installing: /home/chairman/working/ros2/leida/ws_livox/install/fast_lio/lib/python3.10/site-packages/fast_lio/msg/_pose6_d.py
[47.969s] -- Installing: /home/chairman/working/ros2/leida/ws_livox/install/fast_lio/lib/python3.10/site-packages/fast_lio/msg/_pose6_d_s.c
[47.969s] -- Installing: /home/chairman/working/ros2/leida/ws_livox/install/fast_lio/lib/python3.10/site-packages/fast_lio/msg/__init__.py
[47.969s] -- Installing: /home/chairman/working/ros2/leida/ws_livox/install/fast_lio/lib/python3.10/site-packages/fast_lio/fast_lio_s__rosidl_typesupport_introspection_c.cpython-310-x86_64-linux-gnu.so
[47.969s] -- Installing: /home/chairman/working/ros2/leida/ws_livox/install/fast_lio/lib/python3.10/site-packages/fast_lio/__init__.py
[47.969s] -- Installing: /home/chairman/working/ros2/leida/ws_livox/install/fast_lio/lib/python3.10/site-packages/fast_lio/fast_lio_s__rosidl_typesupport_fastrtps_c.cpython-310-x86_64-linux-gnu.so
[47.969s] -- Installing: /home/chairman/working/ros2/leida/ws_livox/install/fast_lio/lib/python3.10/site-packages/fast_lio/_fast_lio_s.ep.rosidl_typesupport_introspection_c.c
[47.969s] -- Installing: /home/chairman/working/ros2/leida/ws_livox/install/fast_lio/lib/python3.10/site-packages/fast_lio/fast_lio_s__rosidl_typesupport_c.cpython-310-x86_64-linux-gnu.so
[47.969s] -- Installing: /home/chairman/working/ros2/leida/ws_livox/install/fast_lio/lib/python3.10/site-packages/fast_lio/libfast_lio__rosidl_generator_py.so
[47.969s] -- Installing: /home/chairman/working/ros2/leida/ws_livox/install/fast_lio/lib/python3.10/site-packages/fast_lio/_fast_lio_s.ep.rosidl_typesupport_fastrtps_c.c
[47.969s] -- Installing: /home/chairman/working/ros2/leida/ws_livox/install/fast_lio/lib/python3.10/site-packages/fast_lio/_fast_lio_s.ep.rosidl_typesupport_c.c
[47.994s] Listing '/home/chairman/working/ros2/leida/ws_livox/install/fast_lio/lib/python3.10/site-packages/fast_lio'...
[47.994s] Compiling '/home/chairman/working/ros2/leida/ws_livox/install/fast_lio/lib/python3.10/site-packages/fast_lio/__init__.py'...
[47.994s] Listing '/home/chairman/working/ros2/leida/ws_livox/install/fast_lio/lib/python3.10/site-packages/fast_lio/msg'...
[47.994s] Compiling '/home/chairman/working/ros2/leida/ws_livox/install/fast_lio/lib/python3.10/site-packages/fast_lio/msg/__init__.py'...
[47.994s] Compiling '/home/chairman/working/ros2/leida/ws_livox/install/fast_lio/lib/python3.10/site-packages/fast_lio/msg/_pose6_d.py'...
[47.997s] -- Installing: /home/chairman/working/ros2/leida/ws_livox/install/fast_lio/lib/python3.10/site-packages/fast_lio/fast_lio_s__rosidl_typesupport_fastrtps_c.cpython-310-x86_64-linux-gnu.so
[47.997s] -- Set runtime path of "/home/chairman/working/ros2/leida/ws_livox/install/fast_lio/lib/python3.10/site-packages/fast_lio/fast_lio_s__rosidl_typesupport_fastrtps_c.cpython-310-x86_64-linux-gnu.so" to ""
[47.997s] -- Installing: /home/chairman/working/ros2/leida/ws_livox/install/fast_lio/lib/python3.10/site-packages/fast_lio/fast_lio_s__rosidl_typesupport_introspection_c.cpython-310-x86_64-linux-gnu.so
[47.997s] -- Set runtime path of "/home/chairman/working/ros2/leida/ws_livox/install/fast_lio/lib/python3.10/site-packages/fast_lio/fast_lio_s__rosidl_typesupport_introspection_c.cpython-310-x86_64-linux-gnu.so" to ""
[47.998s] -- Installing: /home/chairman/working/ros2/leida/ws_livox/install/fast_lio/lib/python3.10/site-packages/fast_lio/fast_lio_s__rosidl_typesupport_c.cpython-310-x86_64-linux-gnu.so
[47.998s] -- Set runtime path of "/home/chairman/working/ros2/leida/ws_livox/install/fast_lio/lib/python3.10/site-packages/fast_lio/fast_lio_s__rosidl_typesupport_c.cpython-310-x86_64-linux-gnu.so" to ""
[47.998s] -- Installing: /home/chairman/working/ros2/leida/ws_livox/install/fast_lio/lib/libfast_lio__rosidl_generator_py.so
[47.998s] -- Set runtime path of "/home/chairman/working/ros2/leida/ws_livox/install/fast_lio/lib/libfast_lio__rosidl_generator_py.so" to ""
[47.998s] -- Installing: /home/chairman/working/ros2/leida/ws_livox/install/fast_lio/share/fast_lio/msg/Pose6D.idl
[47.998s] -- Installing: /home/chairman/working/ros2/leida/ws_livox/install/fast_lio/share/fast_lio/msg/Pose6D.msg
[47.998s] -- Installing: /home/chairman/working/ros2/leida/ws_livox/install/fast_lio/lib/fast_lio/fastlio_mapping
[47.999s] -- Set runtime path of "/home/chairman/working/ros2/leida/ws_livox/install/fast_lio/lib/fast_lio/fastlio_mapping" to ""
[47.999s] -- Installing: /home/chairman/working/ros2/leida/ws_livox/install/fast_lio/share/fast_lio/config
[47.999s] -- Installing: /home/chairman/working/ros2/leida/ws_livox/install/fast_lio/share/fast_lio/config/velodyne.yaml
[47.999s] -- Installing: /home/chairman/working/ros2/leida/ws_livox/install/fast_lio/share/fast_lio/config/ouster64.yaml
[47.999s] -- Installing: /home/chairman/working/ros2/leida/ws_livox/install/fast_lio/share/fast_lio/config/avia.yaml
[48.000s] -- Installing: /home/chairman/working/ros2/leida/ws_livox/install/fast_lio/share/fast_lio/config/mid360.yaml
[48.000s] -- Installing: /home/chairman/working/ros2/leida/ws_livox/install/fast_lio/share/fast_lio/config/horizon.yaml
[48.000s] -- Installing: /home/chairman/working/ros2/leida/ws_livox/install/fast_lio/share/fast_lio/launch
[48.000s] -- Installing: /home/chairman/working/ros2/leida/ws_livox/install/fast_lio/share/fast_lio/launch/start.launch.py
[48.000s] -- Installing: /home/chairman/working/ros2/leida/ws_livox/install/fast_lio/share/fast_lio/launch/gdb_debug_example.launch
[48.000s] -- Installing: /home/chairman/working/ros2/leida/ws_livox/install/fast_lio/share/fast_lio/launch/mapping.launch.py
[48.000s] -- Installing: /home/chairman/working/ros2/leida/ws_livox/install/fast_lio/share/fast_lio/rviz
[48.000s] -- Installing: /home/chairman/working/ros2/leida/ws_livox/install/fast_lio/share/fast_lio/rviz/fastlio.rviz
[48.000s] -- Installing: /home/chairman/working/ros2/leida/ws_livox/install/fast_lio/share/ament_index/resource_index/package_run_dependencies/fast_lio
[48.000s] -- Installing: /home/chairman/working/ros2/leida/ws_livox/install/fast_lio/share/ament_index/resource_index/parent_prefix_path/fast_lio
[48.000s] -- Installing: /home/chairman/working/ros2/leida/ws_livox/install/fast_lio/share/fast_lio/environment/ament_prefix_path.sh
[48.000s] -- Installing: /home/chairman/working/ros2/leida/ws_livox/install/fast_lio/share/fast_lio/environment/ament_prefix_path.dsv
[48.000s] -- Installing: /home/chairman/working/ros2/leida/ws_livox/install/fast_lio/share/fast_lio/environment/path.sh
[48.000s] -- Installing: /home/chairman/working/ros2/leida/ws_livox/install/fast_lio/share/fast_lio/environment/path.dsv
[48.000s] -- Installing: /home/chairman/working/ros2/leida/ws_livox/install/fast_lio/share/fast_lio/local_setup.bash
[48.000s] -- Installing: /home/chairman/working/ros2/leida/ws_livox/install/fast_lio/share/fast_lio/local_setup.sh
[48.000s] -- Installing: /home/chairman/working/ros2/leida/ws_livox/install/fast_lio/share/fast_lio/local_setup.zsh
[48.000s] -- Installing: /home/chairman/working/ros2/leida/ws_livox/install/fast_lio/share/fast_lio/local_setup.dsv
[48.000s] -- Installing: /home/chairman/working/ros2/leida/ws_livox/install/fast_lio/share/fast_lio/package.dsv
[48.000s] -- Installing: /home/chairman/working/ros2/leida/ws_livox/install/fast_lio/share/ament_index/resource_index/packages/fast_lio
[48.000s] -- Installing: /home/chairman/working/ros2/leida/ws_livox/install/fast_lio/share/fast_lio/cmake/export_fast_lio__rosidl_generator_cExport.cmake
[48.000s] -- Installing: /home/chairman/working/ros2/leida/ws_livox/install/fast_lio/share/fast_lio/cmake/export_fast_lio__rosidl_generator_cExport-release.cmake
[48.000s] -- Installing: /home/chairman/working/ros2/leida/ws_livox/install/fast_lio/share/fast_lio/cmake/export_fast_lio__rosidl_typesupport_fastrtps_cExport.cmake
[48.000s] -- Installing: /home/chairman/working/ros2/leida/ws_livox/install/fast_lio/share/fast_lio/cmake/export_fast_lio__rosidl_typesupport_fastrtps_cExport-release.cmake
[48.000s] -- Installing: /home/chairman/working/ros2/leida/ws_livox/install/fast_lio/share/fast_lio/cmake/export_fast_lio__rosidl_generator_cppExport.cmake
[48.001s] -- Installing: /home/chairman/working/ros2/leida/ws_livox/install/fast_lio/share/fast_lio/cmake/export_fast_lio__rosidl_typesupport_fastrtps_cppExport.cmake
[48.001s] -- Installing: /home/chairman/working/ros2/leida/ws_livox/install/fast_lio/share/fast_lio/cmake/export_fast_lio__rosidl_typesupport_fastrtps_cppExport-release.cmake
[48.001s] -- Installing: /home/chairman/working/ros2/leida/ws_livox/install/fast_lio/share/fast_lio/cmake/fast_lio__rosidl_typesupport_introspection_cExport.cmake
[48.001s] -- Installing: /home/chairman/working/ros2/leida/ws_livox/install/fast_lio/share/fast_lio/cmake/fast_lio__rosidl_typesupport_introspection_cExport-release.cmake
[48.001s] -- Installing: /home/chairman/working/ros2/leida/ws_livox/install/fast_lio/share/fast_lio/cmake/fast_lio__rosidl_typesupport_cExport.cmake
[48.001s] -- Installing: /home/chairman/working/ros2/leida/ws_livox/install/fast_lio/share/fast_lio/cmake/fast_lio__rosidl_typesupport_cExport-release.cmake
[48.001s] -- Installing: /home/chairman/working/ros2/leida/ws_livox/install/fast_lio/share/fast_lio/cmake/fast_lio__rosidl_typesupport_introspection_cppExport.cmake
[48.001s] -- Installing: /home/chairman/working/ros2/leida/ws_livox/install/fast_lio/share/fast_lio/cmake/fast_lio__rosidl_typesupport_introspection_cppExport-release.cmake
[48.001s] -- Installing: /home/chairman/working/ros2/leida/ws_livox/install/fast_lio/share/fast_lio/cmake/fast_lio__rosidl_typesupport_cppExport.cmake
[48.001s] -- Installing: /home/chairman/working/ros2/leida/ws_livox/install/fast_lio/share/fast_lio/cmake/fast_lio__rosidl_typesupport_cppExport-release.cmake
[48.001s] -- Installing: /home/chairman/working/ros2/leida/ws_livox/install/fast_lio/share/fast_lio/cmake/export_fast_lio__rosidl_generator_pyExport.cmake
[48.001s] -- Installing: /home/chairman/working/ros2/leida/ws_livox/install/fast_lio/share/fast_lio/cmake/export_fast_lio__rosidl_generator_pyExport-release.cmake
[48.001s] -- Installing: /home/chairman/working/ros2/leida/ws_livox/install/fast_lio/share/fast_lio/cmake/rosidl_cmake-extras.cmake
[48.001s] -- Installing: /home/chairman/working/ros2/leida/ws_livox/install/fast_lio/share/fast_lio/cmake/ament_cmake_export_include_directories-extras.cmake
[48.001s] -- Installing: /home/chairman/working/ros2/leida/ws_livox/install/fast_lio/share/fast_lio/cmake/ament_cmake_export_libraries-extras.cmake
[48.001s] -- Installing: /home/chairman/working/ros2/leida/ws_livox/install/fast_lio/share/fast_lio/cmake/ament_cmake_export_targets-extras.cmake
[48.001s] -- Installing: /home/chairman/working/ros2/leida/ws_livox/install/fast_lio/share/fast_lio/cmake/rosidl_cmake_export_typesupport_targets-extras.cmake
[48.001s] -- Installing: /home/chairman/working/ros2/leida/ws_livox/install/fast_lio/share/fast_lio/cmake/ament_cmake_export_dependencies-extras.cmake
[48.001s] -- Installing: /home/chairman/working/ros2/leida/ws_livox/install/fast_lio/share/fast_lio/cmake/rosidl_cmake_export_typesupport_libraries-extras.cmake
[48.002s] -- Installing: /home/chairman/working/ros2/leida/ws_livox/install/fast_lio/share/fast_lio/cmake/fast_lioConfig.cmake
[48.002s] -- Installing: /home/chairman/working/ros2/leida/ws_livox/install/fast_lio/share/fast_lio/cmake/fast_lioConfig-version.cmake
[48.002s] -- Installing: /home/chairman/working/ros2/leida/ws_livox/install/fast_lio/share/fast_lio/package.xml
[48.003s] Invoked command in '/home/chairman/working/ros2/leida/ws_livox/build/fast_lio' returned '0': AMENT_PREFIX_PATH=/home/chairman/working/ros2/leida/ws_livox/install/livox_ros_driver2:${AMENT_PREFIX_PATH} CMAKE_PREFIX_PATH=/home/chairman/working/ros2/leida/ws_livox/install/livox_ros_driver2:/opt/ros/humble LD_LIBRARY_PATH=/home/chairman/working/ros2/leida/ws_livox/install/livox_ros_driver2/lib:/usr/lib/x86_64-linux-gnu:/usr/lib/x86_64-linux-gnu/gazebo-11/plugins:/opt/ros/humble/opt/rviz_ogre_vendor/lib:/opt/ros/humble/lib/x86_64-linux-gnu:/opt/ros/humble/lib:/usr/lib/x86_64-linux-gnu PYTHONPATH=/home/chairman/working/ros2/leida/ws_livox/install/livox_ros_driver2/lib/python3.10/site-packages:${PYTHONPATH} VIRTUAL_ENV_PROMPT=(venv) /usr/bin/cmake --install /home/chairman/working/ros2/leida/ws_livox/build/fast_lio
