[0.012s] Invoking command in '/home/chairman/working/ros2/beijixiong/ros_ws/build/rmoss_projectile_motion': CMAKE_PREFIX_PATH=${CMAKE_PREFIX_PATH}:/home/chairman/working/ros2/beijixiong/ros_ws/install/sdformat_tools:/opt/ros/humble VIRTUAL_ENV_PROMPT=(venv) /usr/bin/cmake /home/chairman/working/ros2/beijixiong/ros_ws/src/rmoss_core/rmoss_projectile_motion -DCMAKE_BUILD_TYPE=release -DAMENT_CMAKE_SYMLINK_INSTALL=1 -DCMAKE_INSTALL_PREFIX=/home/chairman/working/ros2/beijixiong/ros_ws/install/rmoss_projectile_motion
[0.046s] -- The C compiler identification is GNU 11.4.0
[0.085s] -- The CXX compiler identification is GNU 11.4.0
[0.090s] -- Detecting C compiler ABI info
[0.138s] -- Detecting C compiler ABI info - done
[0.142s] -- Check for working C compiler: /usr/bin/cc - skipped
[0.142s] -- Detecting C compile features
[0.143s] -- Detecting C compile features - done
[0.145s] -- Detecting CXX compiler ABI info
[0.202s] -- Detecting CXX compiler ABI info - done
[0.208s] -- Check for working CXX compiler: /usr/bin/c++ - skipped
[0.209s] -- Detecting CXX compile features
[0.209s] -- Detecting CXX compile features - done
[0.210s] -- Found ament_cmake: 1.3.12 (/opt/ros/humble/share/ament_cmake/cmake)
[0.300s] -- Found Python3: /home/chairman/venv/bin/python3 (found version "3.10.12") found components: Interpreter 
[0.341s] -- Override CMake install command with custom implementation using symlinks instead of copying resources
[0.358s] -- Found rclcpp: 16.0.15 (/opt/ros/humble/share/rclcpp/cmake)
[0.385s] -- Found rosidl_generator_c: 3.1.7 (/opt/ros/humble/share/rosidl_generator_c/cmake)
[0.387s] -- Found rosidl_adapter: 3.1.7 (/opt/ros/humble/share/rosidl_adapter/cmake)
[0.392s] -- Found rosidl_generator_cpp: 3.1.7 (/opt/ros/humble/share/rosidl_generator_cpp/cmake)
[0.400s] -- Using all available rosidl_typesupport_c: rosidl_typesupport_fastrtps_c;rosidl_typesupport_introspection_c
[0.410s] -- Using all available rosidl_typesupport_cpp: rosidl_typesupport_fastrtps_cpp;rosidl_typesupport_introspection_cpp
[0.449s] -- Found rmw_implementation_cmake: 6.1.2 (/opt/ros/humble/share/rmw_implementation_cmake/cmake)
[0.450s] -- Found rmw_fastrtps_cpp: 6.2.9 (/opt/ros/humble/share/rmw_fastrtps_cpp/cmake)
[0.512s] -- Found OpenSSL: /usr/lib/x86_64-linux-gnu/libcrypto.so (found version "3.0.2")  
[0.530s] -- Found FastRTPS: /opt/ros/humble/include  
[0.560s] -- Using RMW implementation 'rmw_fastrtps_cpp' as default
[0.565s] -- Looking for pthread.h
[0.620s] -- Looking for pthread.h - found
[0.620s] -- Performing Test CMAKE_HAVE_LIBC_PTHREAD
[0.669s] -- Performing Test CMAKE_HAVE_LIBC_PTHREAD - Success
[0.670s] -- Found Threads: TRUE  
[0.704s] -- Found eigen3_cmake_module: 0.1.1 (/opt/ros/humble/share/eigen3_cmake_module/cmake)
[0.708s] -- Found Eigen3: TRUE (found version "3.4.0") 
[0.709s] -- Found geometry_msgs: 4.9.0 (/opt/ros/humble/share/geometry_msgs/cmake)
[0.720s] -- Found ament_lint_auto: 0.12.14 (/opt/ros/humble/share/ament_lint_auto/cmake)
[0.785s] -- Added test 'copyright' to check source files copyright and LICENSE
[0.786s] -- Added test 'cppcheck' to perform static code analysis on C / C++ code
[0.786s] -- Configured cppcheck include dirs: /home/chairman/working/ros2/beijixiong/ros_ws/src/rmoss_core/rmoss_projectile_motion/include
[0.786s] -- Configured cppcheck exclude dirs and/or files: 
[0.787s] -- Added test 'cpplint' to check C / C++ code against the Google style
[0.787s] -- Configured cpplint exclude dirs and/or files: 
[0.787s] -- Added test 'lint_cmake' to check CMake code style
[0.788s] -- Added test 'uncrustify' to check C / C++ code style
[0.788s] -- Configured uncrustify additional arguments: 
[0.788s] -- Added test 'xmllint' to check XML markup files
[0.790s] -- Configuring done
[0.795s] -- Generating done
[0.798s] -- Build files have been written to: /home/chairman/working/ros2/beijixiong/ros_ws/build/rmoss_projectile_motion
[0.804s] Invoked command in '/home/chairman/working/ros2/beijixiong/ros_ws/build/rmoss_projectile_motion' returned '0': CMAKE_PREFIX_PATH=${CMAKE_PREFIX_PATH}:/home/chairman/working/ros2/beijixiong/ros_ws/install/sdformat_tools:/opt/ros/humble VIRTUAL_ENV_PROMPT=(venv) /usr/bin/cmake /home/chairman/working/ros2/beijixiong/ros_ws/src/rmoss_core/rmoss_projectile_motion -DCMAKE_BUILD_TYPE=release -DAMENT_CMAKE_SYMLINK_INSTALL=1 -DCMAKE_INSTALL_PREFIX=/home/chairman/working/ros2/beijixiong/ros_ws/install/rmoss_projectile_motion
[0.805s] Invoking command in '/home/chairman/working/ros2/beijixiong/ros_ws/build/rmoss_projectile_motion': CMAKE_PREFIX_PATH=${CMAKE_PREFIX_PATH}:/home/chairman/working/ros2/beijixiong/ros_ws/install/sdformat_tools:/opt/ros/humble VIRTUAL_ENV_PROMPT=(venv) /usr/bin/cmake --build /home/chairman/working/ros2/beijixiong/ros_ws/build/rmoss_projectile_motion -- -j28 -l28
[0.836s] [ 20%] [32mBuilding CXX object CMakeFiles/rmoss_projectile_motion.dir/src/iterative_projectile_tool.cpp.o[0m
[0.836s] [ 40%] [32mBuilding CXX object CMakeFiles/rmoss_projectile_motion.dir/src/gravity_projectile_solver.cpp.o[0m
[0.838s] [ 80%] [32mBuilding CXX object CMakeFiles/rmoss_projectile_motion.dir/src/gaf_projectile_solver.cpp.o[0m
[0.838s] [ 80%] [32mBuilding CXX object CMakeFiles/rmoss_projectile_motion.dir/src/gimbal_transform_tool.cpp.o[0m
[1.523s] [100%] [32m[1mLinking CXX shared library librmoss_projectile_motion.so[0m
[1.603s] [100%] Built target rmoss_projectile_motion
[1.611s] Invoked command in '/home/chairman/working/ros2/beijixiong/ros_ws/build/rmoss_projectile_motion' returned '0': CMAKE_PREFIX_PATH=${CMAKE_PREFIX_PATH}:/home/chairman/working/ros2/beijixiong/ros_ws/install/sdformat_tools:/opt/ros/humble VIRTUAL_ENV_PROMPT=(venv) /usr/bin/cmake --build /home/chairman/working/ros2/beijixiong/ros_ws/build/rmoss_projectile_motion -- -j28 -l28
[1.613s] Invoking command in '/home/chairman/working/ros2/beijixiong/ros_ws/build/rmoss_projectile_motion': CMAKE_PREFIX_PATH=${CMAKE_PREFIX_PATH}:/home/chairman/working/ros2/beijixiong/ros_ws/install/sdformat_tools:/opt/ros/humble VIRTUAL_ENV_PROMPT=(venv) /usr/bin/cmake --install /home/chairman/working/ros2/beijixiong/ros_ws/build/rmoss_projectile_motion
[1.618s] -- Install configuration: "release"
[1.618s] -- Execute custom install script
[1.618s] -- Symlinking: /home/chairman/working/ros2/beijixiong/ros_ws/install/rmoss_projectile_motion/include/rmoss_projectile_motion/gaf_projectile_solver.hpp
[1.625s] -- Symlinking: /home/chairman/working/ros2/beijixiong/ros_ws/install/rmoss_projectile_motion/include/rmoss_projectile_motion/gimbal_transform_tool.hpp
[1.631s] -- Symlinking: /home/chairman/working/ros2/beijixiong/ros_ws/install/rmoss_projectile_motion/include/rmoss_projectile_motion/gravity_projectile_solver.hpp
[1.639s] -- Symlinking: /home/chairman/working/ros2/beijixiong/ros_ws/install/rmoss_projectile_motion/include/rmoss_projectile_motion/iterative_projectile_tool.hpp
[1.647s] -- Symlinking: /home/chairman/working/ros2/beijixiong/ros_ws/install/rmoss_projectile_motion/include/rmoss_projectile_motion/projectile_solver_interface.hpp
[1.655s] -- Symlinking: /home/chairman/working/ros2/beijixiong/ros_ws/install/rmoss_projectile_motion/share/rmoss_projectile_motion/environment/library_path.sh
[1.662s] -- Symlinking: /home/chairman/working/ros2/beijixiong/ros_ws/install/rmoss_projectile_motion/share/rmoss_projectile_motion/environment/library_path.dsv
[1.669s] -- Symlinking: /home/chairman/working/ros2/beijixiong/ros_ws/install/rmoss_projectile_motion/share/ament_index/resource_index/package_run_dependencies/rmoss_projectile_motion
[1.676s] -- Symlinking: /home/chairman/working/ros2/beijixiong/ros_ws/install/rmoss_projectile_motion/share/ament_index/resource_index/parent_prefix_path/rmoss_projectile_motion
[1.683s] -- Symlinking: /home/chairman/working/ros2/beijixiong/ros_ws/install/rmoss_projectile_motion/share/rmoss_projectile_motion/environment/ament_prefix_path.sh
[1.690s] -- Symlinking: /home/chairman/working/ros2/beijixiong/ros_ws/install/rmoss_projectile_motion/share/rmoss_projectile_motion/environment/ament_prefix_path.dsv
[1.696s] -- Symlinking: /home/chairman/working/ros2/beijixiong/ros_ws/install/rmoss_projectile_motion/share/rmoss_projectile_motion/environment/path.sh
[1.703s] -- Symlinking: /home/chairman/working/ros2/beijixiong/ros_ws/install/rmoss_projectile_motion/share/rmoss_projectile_motion/environment/path.dsv
[1.710s] -- Symlinking: /home/chairman/working/ros2/beijixiong/ros_ws/install/rmoss_projectile_motion/share/rmoss_projectile_motion/local_setup.bash
[1.716s] -- Symlinking: /home/chairman/working/ros2/beijixiong/ros_ws/install/rmoss_projectile_motion/share/rmoss_projectile_motion/local_setup.sh
[1.722s] -- Symlinking: /home/chairman/working/ros2/beijixiong/ros_ws/install/rmoss_projectile_motion/share/rmoss_projectile_motion/local_setup.zsh
[1.729s] -- Symlinking: /home/chairman/working/ros2/beijixiong/ros_ws/install/rmoss_projectile_motion/share/rmoss_projectile_motion/local_setup.dsv
[1.736s] -- Symlinking: /home/chairman/working/ros2/beijixiong/ros_ws/install/rmoss_projectile_motion/share/rmoss_projectile_motion/package.dsv
[1.742s] -- Symlinking: /home/chairman/working/ros2/beijixiong/ros_ws/install/rmoss_projectile_motion/share/ament_index/resource_index/packages/rmoss_projectile_motion
[1.749s] -- Symlinking: /home/chairman/working/ros2/beijixiong/ros_ws/install/rmoss_projectile_motion/share/rmoss_projectile_motion/cmake/ament_cmake_export_targets-extras.cmake
[1.757s] -- Symlinking: /home/chairman/working/ros2/beijixiong/ros_ws/install/rmoss_projectile_motion/share/rmoss_projectile_motion/cmake/ament_cmake_export_dependencies-extras.cmake
[1.763s] -- Symlinking: /home/chairman/working/ros2/beijixiong/ros_ws/install/rmoss_projectile_motion/share/rmoss_projectile_motion/cmake/rmoss_projectile_motionConfig.cmake
[1.772s] -- Symlinking: /home/chairman/working/ros2/beijixiong/ros_ws/install/rmoss_projectile_motion/share/rmoss_projectile_motion/cmake/rmoss_projectile_motionConfig-version.cmake
[1.778s] -- Symlinking: /home/chairman/working/ros2/beijixiong/ros_ws/install/rmoss_projectile_motion/share/rmoss_projectile_motion/package.xml
[1.787s] -- Installing: /home/chairman/working/ros2/beijixiong/ros_ws/install/rmoss_projectile_motion/lib/librmoss_projectile_motion.so
[1.787s] -- Set runtime path of "/home/chairman/working/ros2/beijixiong/ros_ws/install/rmoss_projectile_motion/lib/librmoss_projectile_motion.so" to ""
[1.787s] -- Installing: /home/chairman/working/ros2/beijixiong/ros_ws/install/rmoss_projectile_motion/share/rmoss_projectile_motion/cmake/rmoss_projectile_motionExport.cmake
[1.787s] -- Installing: /home/chairman/working/ros2/beijixiong/ros_ws/install/rmoss_projectile_motion/share/rmoss_projectile_motion/cmake/rmoss_projectile_motionExport-release.cmake
[1.789s] Invoked command in '/home/chairman/working/ros2/beijixiong/ros_ws/build/rmoss_projectile_motion' returned '0': CMAKE_PREFIX_PATH=${CMAKE_PREFIX_PATH}:/home/chairman/working/ros2/beijixiong/ros_ws/install/sdformat_tools:/opt/ros/humble VIRTUAL_ENV_PROMPT=(venv) /usr/bin/cmake --install /home/chairman/working/ros2/beijixiong/ros_ws/build/rmoss_projectile_motion
