[0.008s] Invoking command in '/home/chairman/working/ros2/learning/chapt3/topic_ws/src/build/demo_cpp_topic': CMAKE_PREFIX_PATH=/home/chairman/working/ros2/learning/chapt3/topic_ws/src/install/demo_python_topic:/opt/ros/humble CONDA_PROMPT_MODIFIER=(base) /usr/bin/cmake --build /home/chairman/working/ros2/learning/chapt3/topic_ws/src/build/demo_cpp_topic -- -j28 -l28
[0.028s] -- Found ament_cmake: 1.3.11 (/opt/ros/humble/share/ament_cmake/cmake)
[0.123s] -- Found rclcpp: 16.0.12 (/opt/ros/humble/share/rclcpp/cmake)
[0.142s] -- Found rosidl_generator_c: 3.1.6 (/opt/ros/humble/share/rosidl_generator_c/cmake)
[0.143s] -- Found rosidl_adapter: 3.1.6 (/opt/ros/humble/share/rosidl_adapter/cmake)
[0.147s] -- Found rosidl_generator_cpp: 3.1.6 (/opt/ros/humble/share/rosidl_generator_cpp/cmake)
[0.153s] -- Using all available rosidl_typesupport_c: rosidl_typesupport_fastrtps_c;rosidl_typesupport_introspection_c
[0.161s] -- Using all available rosidl_typesupport_cpp: rosidl_typesupport_fastrtps_cpp;rosidl_typesupport_introspection_cpp
[0.182s] -- Found rmw_implementation_cmake: 6.1.2 (/opt/ros/humble/share/rmw_implementation_cmake/cmake)
[0.183s] -- Found rmw_fastrtps_cpp: 6.2.7 (/opt/ros/humble/share/rmw_fastrtps_cpp/cmake)
[0.255s] -- Using RMW implementation 'rmw_fastrtps_cpp' as default
[0.289s] -- Found geometry_msgs: 4.8.0 (/opt/ros/humble/share/geometry_msgs/cmake)
[0.297s] -- Found turtlesim: 1.4.2 (/opt/ros/humble/share/turtlesim/cmake)
[0.321s] -- Found ament_lint_auto: 0.12.12 (/opt/ros/humble/share/ament_lint_auto/cmake)
[0.384s] -- Added test 'cppcheck' to perform static code analysis on C / C++ code
[0.384s] -- Configured cppcheck include dirs: 
[0.384s] -- Configured cppcheck exclude dirs and/or files: 
[0.385s] -- Added test 'lint_cmake' to check CMake code style
[0.385s] -- Added test 'uncrustify' to check C / C++ code style
[0.385s] -- Configured uncrustify additional arguments: 
[0.385s] -- Added test 'xmllint' to check XML markup files
[0.386s] -- Configuring done
[0.394s] -- Generating done
[0.397s] -- Build files have been written to: /home/chairman/working/ros2/learning/chapt3/topic_ws/src/build/demo_cpp_topic
[0.428s] [35m[1mConsolidate compiler generated dependencies of target turtle_circle[0m
[0.441s] [ 25%] [32mBuilding CXX object CMakeFiles/turtle_control.dir/src/turtle_control.cpp.o[0m
[0.444s] [ 75%] Built target turtle_circle
[5.475s] [100%] [32m[1mLinking CXX executable turtle_control[0m
[5.757s] [100%] Built target turtle_control
[5.766s] Invoked command in '/home/chairman/working/ros2/learning/chapt3/topic_ws/src/build/demo_cpp_topic' returned '0': CMAKE_PREFIX_PATH=/home/chairman/working/ros2/learning/chapt3/topic_ws/src/install/demo_python_topic:/opt/ros/humble CONDA_PROMPT_MODIFIER=(base) /usr/bin/cmake --build /home/chairman/working/ros2/learning/chapt3/topic_ws/src/build/demo_cpp_topic -- -j28 -l28
[5.776s] Invoking command in '/home/chairman/working/ros2/learning/chapt3/topic_ws/src/build/demo_cpp_topic': CMAKE_PREFIX_PATH=/home/chairman/working/ros2/learning/chapt3/topic_ws/src/install/demo_python_topic:/opt/ros/humble CONDA_PROMPT_MODIFIER=(base) /usr/bin/cmake --install /home/chairman/working/ros2/learning/chapt3/topic_ws/src/build/demo_cpp_topic
[5.785s] -- Install configuration: ""
[5.785s] -- Up-to-date: /home/chairman/working/ros2/learning/chapt3/topic_ws/src/install/demo_cpp_topic/lib/demo_cpp_topic/turtle_circle
[5.785s] -- Installing: /home/chairman/working/ros2/learning/chapt3/topic_ws/src/install/demo_cpp_topic/lib/demo_cpp_topic/turtle_control
[5.788s] -- Set runtime path of "/home/chairman/working/ros2/learning/chapt3/topic_ws/src/install/demo_cpp_topic/lib/demo_cpp_topic/turtle_control" to ""
[5.788s] -- Up-to-date: /home/chairman/working/ros2/learning/chapt3/topic_ws/src/install/demo_cpp_topic/share/ament_index/resource_index/package_run_dependencies/demo_cpp_topic
[5.788s] -- Up-to-date: /home/chairman/working/ros2/learning/chapt3/topic_ws/src/install/demo_cpp_topic/share/ament_index/resource_index/parent_prefix_path/demo_cpp_topic
[5.788s] -- Up-to-date: /home/chairman/working/ros2/learning/chapt3/topic_ws/src/install/demo_cpp_topic/share/demo_cpp_topic/environment/ament_prefix_path.sh
[5.788s] -- Installing: /home/chairman/working/ros2/learning/chapt3/topic_ws/src/install/demo_cpp_topic/share/demo_cpp_topic/environment/ament_prefix_path.dsv
[5.789s] -- Up-to-date: /home/chairman/working/ros2/learning/chapt3/topic_ws/src/install/demo_cpp_topic/share/demo_cpp_topic/environment/path.sh
[5.789s] -- Installing: /home/chairman/working/ros2/learning/chapt3/topic_ws/src/install/demo_cpp_topic/share/demo_cpp_topic/environment/path.dsv
[5.789s] -- Up-to-date: /home/chairman/working/ros2/learning/chapt3/topic_ws/src/install/demo_cpp_topic/share/demo_cpp_topic/local_setup.bash
[5.789s] -- Up-to-date: /home/chairman/working/ros2/learning/chapt3/topic_ws/src/install/demo_cpp_topic/share/demo_cpp_topic/local_setup.sh
[5.789s] -- Up-to-date: /home/chairman/working/ros2/learning/chapt3/topic_ws/src/install/demo_cpp_topic/share/demo_cpp_topic/local_setup.zsh
[5.789s] -- Installing: /home/chairman/working/ros2/learning/chapt3/topic_ws/src/install/demo_cpp_topic/share/demo_cpp_topic/local_setup.dsv
[5.789s] -- Installing: /home/chairman/working/ros2/learning/chapt3/topic_ws/src/install/demo_cpp_topic/share/demo_cpp_topic/package.dsv
[5.789s] -- Up-to-date: /home/chairman/working/ros2/learning/chapt3/topic_ws/src/install/demo_cpp_topic/share/ament_index/resource_index/packages/demo_cpp_topic
[5.789s] -- Up-to-date: /home/chairman/working/ros2/learning/chapt3/topic_ws/src/install/demo_cpp_topic/share/demo_cpp_topic/cmake/demo_cpp_topicConfig.cmake
[5.789s] -- Up-to-date: /home/chairman/working/ros2/learning/chapt3/topic_ws/src/install/demo_cpp_topic/share/demo_cpp_topic/cmake/demo_cpp_topicConfig-version.cmake
[5.789s] -- Up-to-date: /home/chairman/working/ros2/learning/chapt3/topic_ws/src/install/demo_cpp_topic/share/demo_cpp_topic/package.xml
[5.791s] Invoked command in '/home/chairman/working/ros2/learning/chapt3/topic_ws/src/build/demo_cpp_topic' returned '0': CMAKE_PREFIX_PATH=/home/chairman/working/ros2/learning/chapt3/topic_ws/src/install/demo_python_topic:/opt/ros/humble CONDA_PROMPT_MODIFIER=(base) /usr/bin/cmake --install /home/chairman/working/ros2/learning/chapt3/topic_ws/src/build/demo_cpp_topic
