[0.013s] Invoking command in '/home/chairman/working/ros2/beijixiong/pb2025_ws/build/pb2025_sentry_nav': AMENT_PREFIX_PATH=/home/chairman/working/ros2/beijixiong/pb2025_ws/install/sensor_scan_generation:/home/chairman/working/ros2/beijixiong/pb2025_ws/install/loam_interface:/home/chairman/working/ros2/beijixiong/pb2025_ws/install/ign_sim_pointcloud_tool:/home/chairman/working/ros2/beijixiong/pb2025_ws/install/fake_vel_transform:${AMENT_PREFIX_PATH} CMAKE_PREFIX_PATH=/home/chairman/working/ros2/beijixiong/pb2025_ws/install/sensor_scan_generation:/home/chairman/working/ros2/beijixiong/pb2025_ws/install/loam_interface:/home/chairman/working/ros2/beijixiong/pb2025_ws/install/ign_sim_pointcloud_tool:/home/chairman/working/ros2/beijixiong/pb2025_ws/install/fake_vel_transform:/opt/ros/humble LD_LIBRARY_PATH=/home/chairman/working/ros2/beijixiong/pb2025_ws/install/sensor_scan_generation/lib:/home/chairman/working/ros2/beijixiong/pb2025_ws/install/loam_interface/lib:/home/chairman/working/ros2/beijixiong/pb2025_ws/install/ign_sim_pointcloud_tool/lib:/home/chairman/working/ros2/beijixiong/pb2025_ws/install/fake_vel_transform/lib:${LD_LIBRARY_PATH} VIRTUAL_ENV_PROMPT=(venv) /usr/bin/cmake /home/chairman/working/ros2/beijixiong/pb2025_ws/src/pb2025_sentry_nav/pb2025_sentry_nav -DCMAKE_BUILD_TYPE=Release -DAMENT_CMAKE_SYMLINK_INSTALL=1 -DCMAKE_INSTALL_PREFIX=/home/chairman/working/ros2/beijixiong/pb2025_ws/install/pb2025_sentry_nav
[0.063s] -- The C compiler identification is GNU 11.4.0
[0.108s] -- The CXX compiler identification is GNU 11.4.0
[0.114s] -- Detecting C compiler ABI info
[0.180s] -- Detecting C compiler ABI info - done
[0.187s] -- Check for working C compiler: /usr/bin/cc - skipped
[0.187s] -- Detecting C compile features
[0.188s] -- Detecting C compile features - done
[0.190s] -- Detecting CXX compiler ABI info
[0.258s] -- Detecting CXX compiler ABI info - done
[0.266s] -- Check for working CXX compiler: /usr/bin/c++ - skipped
[0.266s] -- Detecting CXX compile features
[0.266s] -- Detecting CXX compile features - done
[0.269s] -- Found ament_cmake_auto: 1.3.12 (/opt/ros/humble/share/ament_cmake_auto/cmake)
[0.377s] -- Found Python3: /home/chairman/venv/bin/python3 (found version "3.10.12") found components: Interpreter 
[0.424s] -- Override CMake install command with custom implementation using symlinks instead of copying resources
[0.454s] -- Found ament_lint_auto: 0.12.14 (/opt/ros/humble/share/ament_lint_auto/cmake)
[0.548s] -- Added test 'lint_cmake' to check CMake code style
[0.549s] -- Added test 'xmllint' to check XML markup files
[0.550s] -- Configuring done
[0.553s] -- Generating done
[0.555s] -- Build files have been written to: /home/chairman/working/ros2/beijixiong/pb2025_ws/build/pb2025_sentry_nav
[0.561s] Invoked command in '/home/chairman/working/ros2/beijixiong/pb2025_ws/build/pb2025_sentry_nav' returned '0': AMENT_PREFIX_PATH=/home/chairman/working/ros2/beijixiong/pb2025_ws/install/sensor_scan_generation:/home/chairman/working/ros2/beijixiong/pb2025_ws/install/loam_interface:/home/chairman/working/ros2/beijixiong/pb2025_ws/install/ign_sim_pointcloud_tool:/home/chairman/working/ros2/beijixiong/pb2025_ws/install/fake_vel_transform:${AMENT_PREFIX_PATH} CMAKE_PREFIX_PATH=/home/chairman/working/ros2/beijixiong/pb2025_ws/install/sensor_scan_generation:/home/chairman/working/ros2/beijixiong/pb2025_ws/install/loam_interface:/home/chairman/working/ros2/beijixiong/pb2025_ws/install/ign_sim_pointcloud_tool:/home/chairman/working/ros2/beijixiong/pb2025_ws/install/fake_vel_transform:/opt/ros/humble LD_LIBRARY_PATH=/home/chairman/working/ros2/beijixiong/pb2025_ws/install/sensor_scan_generation/lib:/home/chairman/working/ros2/beijixiong/pb2025_ws/install/loam_interface/lib:/home/chairman/working/ros2/beijixiong/pb2025_ws/install/ign_sim_pointcloud_tool/lib:/home/chairman/working/ros2/beijixiong/pb2025_ws/install/fake_vel_transform/lib:${LD_LIBRARY_PATH} VIRTUAL_ENV_PROMPT=(venv) /usr/bin/cmake /home/chairman/working/ros2/beijixiong/pb2025_ws/src/pb2025_sentry_nav/pb2025_sentry_nav -DCMAKE_BUILD_TYPE=Release -DAMENT_CMAKE_SYMLINK_INSTALL=1 -DCMAKE_INSTALL_PREFIX=/home/chairman/working/ros2/beijixiong/pb2025_ws/install/pb2025_sentry_nav
[0.563s] Invoking command in '/home/chairman/working/ros2/beijixiong/pb2025_ws/build/pb2025_sentry_nav': AMENT_PREFIX_PATH=/home/chairman/working/ros2/beijixiong/pb2025_ws/install/sensor_scan_generation:/home/chairman/working/ros2/beijixiong/pb2025_ws/install/loam_interface:/home/chairman/working/ros2/beijixiong/pb2025_ws/install/ign_sim_pointcloud_tool:/home/chairman/working/ros2/beijixiong/pb2025_ws/install/fake_vel_transform:${AMENT_PREFIX_PATH} CMAKE_PREFIX_PATH=/home/chairman/working/ros2/beijixiong/pb2025_ws/install/sensor_scan_generation:/home/chairman/working/ros2/beijixiong/pb2025_ws/install/loam_interface:/home/chairman/working/ros2/beijixiong/pb2025_ws/install/ign_sim_pointcloud_tool:/home/chairman/working/ros2/beijixiong/pb2025_ws/install/fake_vel_transform:/opt/ros/humble LD_LIBRARY_PATH=/home/chairman/working/ros2/beijixiong/pb2025_ws/install/sensor_scan_generation/lib:/home/chairman/working/ros2/beijixiong/pb2025_ws/install/loam_interface/lib:/home/chairman/working/ros2/beijixiong/pb2025_ws/install/ign_sim_pointcloud_tool/lib:/home/chairman/working/ros2/beijixiong/pb2025_ws/install/fake_vel_transform/lib:${LD_LIBRARY_PATH} VIRTUAL_ENV_PROMPT=(venv) /usr/bin/cmake --build /home/chairman/working/ros2/beijixiong/pb2025_ws/build/pb2025_sentry_nav -- -j28 -l28
[0.600s] Invoked command in '/home/chairman/working/ros2/beijixiong/pb2025_ws/build/pb2025_sentry_nav' returned '0': AMENT_PREFIX_PATH=/home/chairman/working/ros2/beijixiong/pb2025_ws/install/sensor_scan_generation:/home/chairman/working/ros2/beijixiong/pb2025_ws/install/loam_interface:/home/chairman/working/ros2/beijixiong/pb2025_ws/install/ign_sim_pointcloud_tool:/home/chairman/working/ros2/beijixiong/pb2025_ws/install/fake_vel_transform:${AMENT_PREFIX_PATH} CMAKE_PREFIX_PATH=/home/chairman/working/ros2/beijixiong/pb2025_ws/install/sensor_scan_generation:/home/chairman/working/ros2/beijixiong/pb2025_ws/install/loam_interface:/home/chairman/working/ros2/beijixiong/pb2025_ws/install/ign_sim_pointcloud_tool:/home/chairman/working/ros2/beijixiong/pb2025_ws/install/fake_vel_transform:/opt/ros/humble LD_LIBRARY_PATH=/home/chairman/working/ros2/beijixiong/pb2025_ws/install/sensor_scan_generation/lib:/home/chairman/working/ros2/beijixiong/pb2025_ws/install/loam_interface/lib:/home/chairman/working/ros2/beijixiong/pb2025_ws/install/ign_sim_pointcloud_tool/lib:/home/chairman/working/ros2/beijixiong/pb2025_ws/install/fake_vel_transform/lib:${LD_LIBRARY_PATH} VIRTUAL_ENV_PROMPT=(venv) /usr/bin/cmake --build /home/chairman/working/ros2/beijixiong/pb2025_ws/build/pb2025_sentry_nav -- -j28 -l28
[0.601s] Invoking command in '/home/chairman/working/ros2/beijixiong/pb2025_ws/build/pb2025_sentry_nav': AMENT_PREFIX_PATH=/home/chairman/working/ros2/beijixiong/pb2025_ws/install/sensor_scan_generation:/home/chairman/working/ros2/beijixiong/pb2025_ws/install/loam_interface:/home/chairman/working/ros2/beijixiong/pb2025_ws/install/ign_sim_pointcloud_tool:/home/chairman/working/ros2/beijixiong/pb2025_ws/install/fake_vel_transform:${AMENT_PREFIX_PATH} CMAKE_PREFIX_PATH=/home/chairman/working/ros2/beijixiong/pb2025_ws/install/sensor_scan_generation:/home/chairman/working/ros2/beijixiong/pb2025_ws/install/loam_interface:/home/chairman/working/ros2/beijixiong/pb2025_ws/install/ign_sim_pointcloud_tool:/home/chairman/working/ros2/beijixiong/pb2025_ws/install/fake_vel_transform:/opt/ros/humble LD_LIBRARY_PATH=/home/chairman/working/ros2/beijixiong/pb2025_ws/install/sensor_scan_generation/lib:/home/chairman/working/ros2/beijixiong/pb2025_ws/install/loam_interface/lib:/home/chairman/working/ros2/beijixiong/pb2025_ws/install/ign_sim_pointcloud_tool/lib:/home/chairman/working/ros2/beijixiong/pb2025_ws/install/fake_vel_transform/lib:${LD_LIBRARY_PATH} VIRTUAL_ENV_PROMPT=(venv) /usr/bin/cmake --install /home/chairman/working/ros2/beijixiong/pb2025_ws/build/pb2025_sentry_nav
[0.608s] -- Install configuration: "Release"
[0.609s] -- Execute custom install script
[0.609s] -- Symlinking: /home/chairman/working/ros2/beijixiong/pb2025_ws/install/pb2025_sentry_nav/share/ament_index/resource_index/package_run_dependencies/pb2025_sentry_nav
[0.618s] -- Symlinking: /home/chairman/working/ros2/beijixiong/pb2025_ws/install/pb2025_sentry_nav/share/ament_index/resource_index/parent_prefix_path/pb2025_sentry_nav
[0.626s] -- Symlinking: /home/chairman/working/ros2/beijixiong/pb2025_ws/install/pb2025_sentry_nav/share/pb2025_sentry_nav/environment/ament_prefix_path.sh
[0.634s] -- Symlinking: /home/chairman/working/ros2/beijixiong/pb2025_ws/install/pb2025_sentry_nav/share/pb2025_sentry_nav/environment/ament_prefix_path.dsv
[0.642s] -- Symlinking: /home/chairman/working/ros2/beijixiong/pb2025_ws/install/pb2025_sentry_nav/share/pb2025_sentry_nav/environment/path.sh
[0.651s] -- Symlinking: /home/chairman/working/ros2/beijixiong/pb2025_ws/install/pb2025_sentry_nav/share/pb2025_sentry_nav/environment/path.dsv
[0.659s] -- Symlinking: /home/chairman/working/ros2/beijixiong/pb2025_ws/install/pb2025_sentry_nav/share/pb2025_sentry_nav/local_setup.bash
[0.667s] -- Symlinking: /home/chairman/working/ros2/beijixiong/pb2025_ws/install/pb2025_sentry_nav/share/pb2025_sentry_nav/local_setup.sh
[0.676s] -- Symlinking: /home/chairman/working/ros2/beijixiong/pb2025_ws/install/pb2025_sentry_nav/share/pb2025_sentry_nav/local_setup.zsh
[0.685s] -- Symlinking: /home/chairman/working/ros2/beijixiong/pb2025_ws/install/pb2025_sentry_nav/share/pb2025_sentry_nav/local_setup.dsv
[0.694s] -- Symlinking: /home/chairman/working/ros2/beijixiong/pb2025_ws/install/pb2025_sentry_nav/share/pb2025_sentry_nav/package.dsv
[0.702s] -- Symlinking: /home/chairman/working/ros2/beijixiong/pb2025_ws/install/pb2025_sentry_nav/share/ament_index/resource_index/packages/pb2025_sentry_nav
[0.711s] -- Symlinking: /home/chairman/working/ros2/beijixiong/pb2025_ws/install/pb2025_sentry_nav/share/pb2025_sentry_nav/cmake/pb2025_sentry_navConfig.cmake
[0.719s] -- Symlinking: /home/chairman/working/ros2/beijixiong/pb2025_ws/install/pb2025_sentry_nav/share/pb2025_sentry_nav/cmake/pb2025_sentry_navConfig-version.cmake
[0.725s] -- Symlinking: /home/chairman/working/ros2/beijixiong/pb2025_ws/install/pb2025_sentry_nav/share/pb2025_sentry_nav/package.xml
[0.736s] Invoked command in '/home/chairman/working/ros2/beijixiong/pb2025_ws/build/pb2025_sentry_nav' returned '0': AMENT_PREFIX_PATH=/home/chairman/working/ros2/beijixiong/pb2025_ws/install/sensor_scan_generation:/home/chairman/working/ros2/beijixiong/pb2025_ws/install/loam_interface:/home/chairman/working/ros2/beijixiong/pb2025_ws/install/ign_sim_pointcloud_tool:/home/chairman/working/ros2/beijixiong/pb2025_ws/install/fake_vel_transform:${AMENT_PREFIX_PATH} CMAKE_PREFIX_PATH=/home/chairman/working/ros2/beijixiong/pb2025_ws/install/sensor_scan_generation:/home/chairman/working/ros2/beijixiong/pb2025_ws/install/loam_interface:/home/chairman/working/ros2/beijixiong/pb2025_ws/install/ign_sim_pointcloud_tool:/home/chairman/working/ros2/beijixiong/pb2025_ws/install/fake_vel_transform:/opt/ros/humble LD_LIBRARY_PATH=/home/chairman/working/ros2/beijixiong/pb2025_ws/install/sensor_scan_generation/lib:/home/chairman/working/ros2/beijixiong/pb2025_ws/install/loam_interface/lib:/home/chairman/working/ros2/beijixiong/pb2025_ws/install/ign_sim_pointcloud_tool/lib:/home/chairman/working/ros2/beijixiong/pb2025_ws/install/fake_vel_transform/lib:${LD_LIBRARY_PATH} VIRTUAL_ENV_PROMPT=(venv) /usr/bin/cmake --install /home/chairman/working/ros2/beijixiong/pb2025_ws/build/pb2025_sentry_nav
