[0.351s] Invoking command in '/home/chairman/working/ros2/learning/chapt8/chapt8_ws/src/build/nav2_custom_planner': CMAKE_PREFIX_PATH=/opt/ros/humble /usr/bin/cmake /home/chairman/working/ros2/learning/chapt8/chapt8_ws/src/nav2_custom_planner -DCMAKE_INSTALL_PREFIX=/home/chairman/working/ros2/learning/chapt8/chapt8_ws/src/install/nav2_custom_planner
[0.358s] -- Found ament_cmake: 1.3.11 (/opt/ros/humble/share/ament_cmake/cmake)
[0.455s] -- Found nav2_core: 1.1.18 (/opt/ros/humble/share/nav2_core/cmake)
[0.476s] -- Found rosidl_generator_c: 3.1.6 (/opt/ros/humble/share/rosidl_generator_c/cmake)
[0.479s] -- Found rosidl_adapter: 3.1.6 (/opt/ros/humble/share/rosidl_adapter/cmake)
[0.483s] -- Found rosidl_generator_cpp: 3.1.6 (/opt/ros/humble/share/rosidl_generator_cpp/cmake)
[0.491s] -- Using all available rosidl_typesupport_c: rosidl_typesupport_fastrtps_c;rosidl_typesupport_introspection_c
[0.499s] -- Using all available rosidl_typesupport_cpp: rosidl_typesupport_fastrtps_cpp;rosidl_typesupport_introspection_cpp
[0.520s] -- Found rmw_implementation_cmake: 6.1.2 (/opt/ros/humble/share/rmw_implementation_cmake/cmake)
[0.521s] -- Found rmw_fastrtps_cpp: 6.2.7 (/opt/ros/humble/share/rmw_fastrtps_cpp/cmake)
[0.606s] -- Using RMW implementation 'rmw_fastrtps_cpp' as default
[0.786s] -- Ensuring Eigen3 include directory is part of orocos-kdl CMake target
[0.856s] -- Configuring incomplete, errors occurred!
[0.856s] See also "/home/chairman/working/ros2/learning/chapt8/chapt8_ws/src/build/nav2_custom_planner/CMakeFiles/CMakeOutput.log".
[0.856s] [31mCMake Error at CMakeLists.txt:19 (add_library):
[0.856s]   The target name "$(library_name)" is reserved or not valid for certain
[0.856s]   CMake features, such as generator expressions, and may result in undefined
[0.856s]   behavior.
[0.856s] 
[0.856s] [0m
[0.856s] [31mCMake Error at /opt/ros/humble/share/ament_cmake_target_dependencies/cmake/ament_target_dependencies.cmake:42 (message):
[0.856s]   ament_target_dependencies() the first argument must be a valid target name
[0.856s] Call Stack (most recent call first):
[0.856s]   CMakeLists.txt:21 (ament_target_dependencies)
[0.856s] 
[0.856s] [0m
[0.862s] Invoked command in '/home/chairman/working/ros2/learning/chapt8/chapt8_ws/src/build/nav2_custom_planner' returned '1': CMAKE_PREFIX_PATH=/opt/ros/humble /usr/bin/cmake /home/chairman/working/ros2/learning/chapt8/chapt8_ws/src/nav2_custom_planner -DCMAKE_INSTALL_PREFIX=/home/chairman/working/ros2/learning/chapt8/chapt8_ws/src/install/nav2_custom_planner
