[0.064s] DEBUG:colcon:Command line arguments: ['/usr/bin/colcon', 'build', '--packages-select', 'fast_lio']
[0.064s] DEBUG:colcon:Parsed command line arguments: Namespace(log_base=None, log_level=None, verb_name='build', build_base='build', install_base='install', merge_install=False, symlink_install=False, test_result_base=None, continue_on_error=False, executor='parallel', parallel_workers=28, event_handlers=None, ignore_user_meta=False, metas=['./colcon.meta'], base_paths=['.'], packages_ignore=None, packages_ignore_regex=None, paths=None, packages_up_to=None, packages_up_to_regex=None, packages_above=None, packages_above_and_dependencies=None, packages_above_depth=None, packages_select_by_dep=None, packages_skip_by_dep=None, packages_skip_up_to=None, packages_select_build_failed=False, packages_skip_build_finished=False, packages_select_test_failures=False, packages_skip_test_passed=False, packages_select=['fast_lio'], packages_skip=None, packages_select_regex=None, packages_skip_regex=None, packages_start=None, packages_end=None, allow_overriding=[], cmake_args=None, cmake_target=None, cmake_target_skip_unavailable=False, cmake_clean_cache=False, cmake_clean_first=False, cmake_force_configure=False, ament_cmake_args=None, catkin_cmake_args=None, catkin_skip_building_tests=False, verb_parser=<colcon_defaults.argument_parser.defaults.DefaultArgumentsDecorator object at 0x75fcd6b58d60>, verb_extension=<colcon_core.verb.build.BuildVerb object at 0x75fcd6c5a1a0>, main=<bound method BuildVerb.main of <colcon_core.verb.build.BuildVerb object at 0x75fcd6c5a1a0>>)
[0.162s] Level 1:colcon.colcon_core.package_discovery:discover_packages(colcon_meta) check parameters
[0.162s] Level 1:colcon.colcon_core.package_discovery:discover_packages(recursive) check parameters
[0.162s] Level 1:colcon.colcon_core.package_discovery:discover_packages(ignore) check parameters
[0.162s] Level 1:colcon.colcon_core.package_discovery:discover_packages(path) check parameters
[0.162s] Level 1:colcon.colcon_core.package_discovery:discover_packages(colcon_meta) discover
[0.162s] Level 1:colcon.colcon_core.package_discovery:discover_packages(recursive) discover
[0.162s] INFO:colcon.colcon_core.package_discovery:Crawling recursively for packages in '/home/chairman/working/ros2/leida/ws_livox'
[0.162s] Level 1:colcon.colcon_core.package_identification:_identify(.) by extensions ['ignore', 'ignore_ament_install']
[0.162s] Level 1:colcon.colcon_core.package_identification:_identify(.) by extension 'ignore'
[0.162s] Level 1:colcon.colcon_core.package_identification:_identify(.) by extension 'ignore_ament_install'
[0.162s] Level 1:colcon.colcon_core.package_identification:_identify(.) by extensions ['colcon_pkg']
[0.162s] Level 1:colcon.colcon_core.package_identification:_identify(.) by extension 'colcon_pkg'
[0.162s] Level 1:colcon.colcon_core.package_identification:_identify(.) by extensions ['colcon_meta']
[0.162s] Level 1:colcon.colcon_core.package_identification:_identify(.) by extension 'colcon_meta'
[0.162s] Level 1:colcon.colcon_core.package_identification:_identify(.) by extensions ['ros']
[0.162s] Level 1:colcon.colcon_core.package_identification:_identify(.) by extension 'ros'
[0.169s] Level 1:colcon.colcon_core.package_identification:_identify(.) by extensions ['cmake', 'python']
[0.169s] Level 1:colcon.colcon_core.package_identification:_identify(.) by extension 'cmake'
[0.169s] Level 1:colcon.colcon_core.package_identification:_identify(.) by extension 'python'
[0.169s] Level 1:colcon.colcon_core.package_identification:_identify(.) by extensions ['python_setup_py']
[0.169s] Level 1:colcon.colcon_core.package_identification:_identify(.) by extension 'python_setup_py'
[0.170s] Level 1:colcon.colcon_core.package_identification:_identify(build) by extensions ['ignore', 'ignore_ament_install']
[0.170s] Level 1:colcon.colcon_core.package_identification:_identify(build) by extension 'ignore'
[0.170s] Level 1:colcon.colcon_core.package_identification:_identify(build) ignored
[0.170s] Level 1:colcon.colcon_core.package_identification:_identify(install) by extensions ['ignore', 'ignore_ament_install']
[0.170s] Level 1:colcon.colcon_core.package_identification:_identify(install) by extension 'ignore'
[0.170s] Level 1:colcon.colcon_core.package_identification:_identify(install) ignored
[0.170s] Level 1:colcon.colcon_core.package_identification:_identify(log) by extensions ['ignore', 'ignore_ament_install']
[0.170s] Level 1:colcon.colcon_core.package_identification:_identify(log) by extension 'ignore'
[0.170s] Level 1:colcon.colcon_core.package_identification:_identify(log) ignored
[0.170s] Level 1:colcon.colcon_core.package_identification:_identify(src) by extensions ['ignore', 'ignore_ament_install']
[0.170s] Level 1:colcon.colcon_core.package_identification:_identify(src) by extension 'ignore'
[0.170s] Level 1:colcon.colcon_core.package_identification:_identify(src) by extension 'ignore_ament_install'
[0.170s] Level 1:colcon.colcon_core.package_identification:_identify(src) by extensions ['colcon_pkg']
[0.170s] Level 1:colcon.colcon_core.package_identification:_identify(src) by extension 'colcon_pkg'
[0.170s] Level 1:colcon.colcon_core.package_identification:_identify(src) by extensions ['colcon_meta']
[0.170s] Level 1:colcon.colcon_core.package_identification:_identify(src) by extension 'colcon_meta'
[0.170s] Level 1:colcon.colcon_core.package_identification:_identify(src) by extensions ['ros']
[0.170s] Level 1:colcon.colcon_core.package_identification:_identify(src) by extension 'ros'
[0.170s] Level 1:colcon.colcon_core.package_identification:_identify(src) by extensions ['cmake', 'python']
[0.170s] Level 1:colcon.colcon_core.package_identification:_identify(src) by extension 'cmake'
[0.170s] Level 1:colcon.colcon_core.package_identification:_identify(src) by extension 'python'
[0.170s] Level 1:colcon.colcon_core.package_identification:_identify(src) by extensions ['python_setup_py']
[0.170s] Level 1:colcon.colcon_core.package_identification:_identify(src) by extension 'python_setup_py'
[0.170s] Level 1:colcon.colcon_core.package_identification:_identify(src/fast_lio) by extensions ['ignore', 'ignore_ament_install']
[0.170s] Level 1:colcon.colcon_core.package_identification:_identify(src/fast_lio) by extension 'ignore'
[0.170s] Level 1:colcon.colcon_core.package_identification:_identify(src/fast_lio) by extension 'ignore_ament_install'
[0.170s] Level 1:colcon.colcon_core.package_identification:_identify(src/fast_lio) by extensions ['colcon_pkg']
[0.170s] Level 1:colcon.colcon_core.package_identification:_identify(src/fast_lio) by extension 'colcon_pkg'
[0.170s] Level 1:colcon.colcon_core.package_identification:_identify(src/fast_lio) by extensions ['colcon_meta']
[0.170s] Level 1:colcon.colcon_core.package_identification:_identify(src/fast_lio) by extension 'colcon_meta'
[0.170s] Level 1:colcon.colcon_core.package_identification:_identify(src/fast_lio) by extensions ['ros']
[0.170s] Level 1:colcon.colcon_core.package_identification:_identify(src/fast_lio) by extension 'ros'
[0.172s] DEBUG:colcon.colcon_core.package_identification:Package 'src/fast_lio' with type 'ros.ament_cmake' and name 'fast_lio'
[0.172s] Level 1:colcon.colcon_core.package_identification:_identify(src/livox_ros_driver2) by extensions ['ignore', 'ignore_ament_install']
[0.173s] Level 1:colcon.colcon_core.package_identification:_identify(src/livox_ros_driver2) by extension 'ignore'
[0.173s] Level 1:colcon.colcon_core.package_identification:_identify(src/livox_ros_driver2) by extension 'ignore_ament_install'
[0.173s] Level 1:colcon.colcon_core.package_identification:_identify(src/livox_ros_driver2) by extensions ['colcon_pkg']
[0.173s] Level 1:colcon.colcon_core.package_identification:_identify(src/livox_ros_driver2) by extension 'colcon_pkg'
[0.173s] Level 1:colcon.colcon_core.package_identification:_identify(src/livox_ros_driver2) by extensions ['colcon_meta']
[0.173s] Level 1:colcon.colcon_core.package_identification:_identify(src/livox_ros_driver2) by extension 'colcon_meta'
[0.173s] Level 1:colcon.colcon_core.package_identification:_identify(src/livox_ros_driver2) by extensions ['ros']
[0.173s] Level 1:colcon.colcon_core.package_identification:_identify(src/livox_ros_driver2) by extension 'ros'
[0.176s] DEBUG:colcon.colcon_core.package_identification:Package 'src/livox_ros_driver2' with type 'ros.ament_cmake' and name 'livox_ros_driver2'
[0.176s] Level 1:colcon.colcon_core.package_identification:_identify(src/odometry) by extensions ['ignore', 'ignore_ament_install']
[0.176s] Level 1:colcon.colcon_core.package_identification:_identify(src/odometry) by extension 'ignore'
[0.176s] Level 1:colcon.colcon_core.package_identification:_identify(src/odometry) by extension 'ignore_ament_install'
[0.177s] Level 1:colcon.colcon_core.package_identification:_identify(src/odometry) by extensions ['colcon_pkg']
[0.177s] Level 1:colcon.colcon_core.package_identification:_identify(src/odometry) by extension 'colcon_pkg'
[0.177s] Level 1:colcon.colcon_core.package_identification:_identify(src/odometry) by extensions ['colcon_meta']
[0.177s] Level 1:colcon.colcon_core.package_identification:_identify(src/odometry) by extension 'colcon_meta'
[0.177s] Level 1:colcon.colcon_core.package_identification:_identify(src/odometry) by extensions ['ros']
[0.177s] Level 1:colcon.colcon_core.package_identification:_identify(src/odometry) by extension 'ros'
[0.177s] DEBUG:colcon.colcon_core.package_identification:Package 'src/odometry' with type 'ros.ament_cmake' and name 'odometry'
[0.177s] Level 1:colcon.colcon_core.package_identification:_identify(src/pcd2pgm) by extensions ['ignore', 'ignore_ament_install']
[0.177s] Level 1:colcon.colcon_core.package_identification:_identify(src/pcd2pgm) by extension 'ignore'
[0.177s] Level 1:colcon.colcon_core.package_identification:_identify(src/pcd2pgm) by extension 'ignore_ament_install'
[0.177s] Level 1:colcon.colcon_core.package_identification:_identify(src/pcd2pgm) by extensions ['colcon_pkg']
[0.177s] Level 1:colcon.colcon_core.package_identification:_identify(src/pcd2pgm) by extension 'colcon_pkg'
[0.178s] Level 1:colcon.colcon_core.package_identification:_identify(src/pcd2pgm) by extensions ['colcon_meta']
[0.178s] Level 1:colcon.colcon_core.package_identification:_identify(src/pcd2pgm) by extension 'colcon_meta'
[0.178s] Level 1:colcon.colcon_core.package_identification:_identify(src/pcd2pgm) by extensions ['ros']
[0.178s] Level 1:colcon.colcon_core.package_identification:_identify(src/pcd2pgm) by extension 'ros'
[0.178s] DEBUG:colcon.colcon_core.package_identification:Package 'src/pcd2pgm' with type 'ros.ament_cmake' and name 'pcd2pgm'
[0.178s] Level 1:colcon.colcon_core.package_identification:_identify(src/point_lio) by extensions ['ignore', 'ignore_ament_install']
[0.178s] Level 1:colcon.colcon_core.package_identification:_identify(src/point_lio) by extension 'ignore'
[0.178s] Level 1:colcon.colcon_core.package_identification:_identify(src/point_lio) by extension 'ignore_ament_install'
[0.178s] Level 1:colcon.colcon_core.package_identification:_identify(src/point_lio) by extensions ['colcon_pkg']
[0.178s] Level 1:colcon.colcon_core.package_identification:_identify(src/point_lio) by extension 'colcon_pkg'
[0.178s] Level 1:colcon.colcon_core.package_identification:_identify(src/point_lio) by extensions ['colcon_meta']
[0.178s] Level 1:colcon.colcon_core.package_identification:_identify(src/point_lio) by extension 'colcon_meta'
[0.178s] Level 1:colcon.colcon_core.package_identification:_identify(src/point_lio) by extensions ['ros']
[0.178s] Level 1:colcon.colcon_core.package_identification:_identify(src/point_lio) by extension 'ros'
[0.179s] DEBUG:colcon.colcon_core.package_identification:Package 'src/point_lio' with type 'ros.ament_cmake' and name 'point_lio'
[0.179s] Level 1:colcon.colcon_core.package_discovery:discover_packages(recursive) using defaults
[0.179s] Level 1:colcon.colcon_core.package_discovery:discover_packages(ignore) discover
[0.179s] Level 1:colcon.colcon_core.package_discovery:discover_packages(ignore) using defaults
[0.179s] Level 1:colcon.colcon_core.package_discovery:discover_packages(path) discover
[0.179s] Level 1:colcon.colcon_core.package_discovery:discover_packages(path) using defaults
[0.197s] INFO:colcon.colcon_core.package_selection:Skipping not selected package 'livox_ros_driver2' in 'src/livox_ros_driver2'
[0.197s] INFO:colcon.colcon_core.package_selection:Skipping not selected package 'odometry' in 'src/odometry'
[0.197s] INFO:colcon.colcon_core.package_selection:Skipping not selected package 'pcd2pgm' in 'src/pcd2pgm'
[0.198s] INFO:colcon.colcon_core.package_selection:Skipping not selected package 'point_lio' in 'src/point_lio'
[0.198s] Level 1:colcon.colcon_core.package_discovery:discover_packages(prefix_path) check parameters
[0.198s] Level 1:colcon.colcon_core.package_discovery:discover_packages(prefix_path) discover
[0.199s] DEBUG:colcon.colcon_installed_package_information.package_discovery:Found 420 installed packages in /opt/ros/humble
[0.201s] Level 1:colcon.colcon_core.package_discovery:discover_packages(prefix_path) using defaults
[0.229s] Level 5:colcon.colcon_core.verb:set package 'fast_lio' build argument 'cmake_args' from command line to 'None'
[0.229s] Level 5:colcon.colcon_core.verb:set package 'fast_lio' build argument 'cmake_target' from command line to 'None'
[0.229s] Level 5:colcon.colcon_core.verb:set package 'fast_lio' build argument 'cmake_target_skip_unavailable' from command line to 'False'
[0.229s] Level 5:colcon.colcon_core.verb:set package 'fast_lio' build argument 'cmake_clean_cache' from command line to 'False'
[0.229s] Level 5:colcon.colcon_core.verb:set package 'fast_lio' build argument 'cmake_clean_first' from command line to 'False'
[0.229s] Level 5:colcon.colcon_core.verb:set package 'fast_lio' build argument 'cmake_force_configure' from command line to 'False'
[0.229s] Level 5:colcon.colcon_core.verb:set package 'fast_lio' build argument 'ament_cmake_args' from command line to 'None'
[0.229s] Level 5:colcon.colcon_core.verb:set package 'fast_lio' build argument 'catkin_cmake_args' from command line to 'None'
[0.229s] Level 5:colcon.colcon_core.verb:set package 'fast_lio' build argument 'catkin_skip_building_tests' from command line to 'False'
[0.229s] DEBUG:colcon.colcon_core.verb:Building package 'fast_lio' with the following arguments: {'ament_cmake_args': None, 'build_base': '/home/chairman/working/ros2/leida/ws_livox/build/fast_lio', 'catkin_cmake_args': None, 'catkin_skip_building_tests': False, 'cmake_args': None, 'cmake_clean_cache': False, 'cmake_clean_first': False, 'cmake_force_configure': False, 'cmake_target': None, 'cmake_target_skip_unavailable': False, 'install_base': '/home/chairman/working/ros2/leida/ws_livox/install/fast_lio', 'merge_install': False, 'path': '/home/chairman/working/ros2/leida/ws_livox/src/fast_lio', 'symlink_install': False, 'test_result_base': None}
[0.229s] INFO:colcon.colcon_core.executor:Executing jobs using 'parallel' executor
[0.230s] DEBUG:colcon.colcon_parallel_executor.executor.parallel:run_until_complete
[0.230s] INFO:colcon.colcon_ros.task.ament_cmake.build:Building ROS package in '/home/chairman/working/ros2/leida/ws_livox/src/fast_lio' with build type 'ament_cmake'
[0.230s] INFO:colcon.colcon_cmake.task.cmake.build:Building CMake package in '/home/chairman/working/ros2/leida/ws_livox/src/fast_lio'
[0.233s] INFO:colcon.colcon_core.plugin_system:Skipping extension 'colcon_core.shell.bat': Not used on non-Windows systems
[0.233s] INFO:colcon.colcon_core.shell:Skip shell extension 'powershell' for command environment: Not usable outside of PowerShell
[0.233s] DEBUG:colcon.colcon_core.shell:Skip shell extension 'dsv' for command environment
[0.245s] DEBUG:colcon.colcon_core.event_handler.log_command:Invoking command in '/home/chairman/working/ros2/leida/ws_livox/build/fast_lio': AMENT_PREFIX_PATH=/home/chairman/working/ros2/leida/ws_livox/install/livox_ros_driver2:${AMENT_PREFIX_PATH} CMAKE_PREFIX_PATH=/home/chairman/working/ros2/leida/ws_livox/install/livox_ros_driver2:/opt/ros/humble LD_LIBRARY_PATH=/home/chairman/working/ros2/leida/ws_livox/install/livox_ros_driver2/lib:/usr/lib/x86_64-linux-gnu:/usr/lib/x86_64-linux-gnu/gazebo-11/plugins:/opt/ros/humble/opt/rviz_ogre_vendor/lib:/opt/ros/humble/lib/x86_64-linux-gnu:/opt/ros/humble/lib:/usr/lib/x86_64-linux-gnu PYTHONPATH=/home/chairman/working/ros2/leida/ws_livox/install/livox_ros_driver2/lib/python3.10/site-packages:${PYTHONPATH} VIRTUAL_ENV_PROMPT=(venv) /usr/bin/cmake /home/chairman/working/ros2/leida/ws_livox/src/fast_lio -DCMAKE_INSTALL_PREFIX=/home/chairman/working/ros2/leida/ws_livox/install/fast_lio
[2.264s] DEBUG:colcon.colcon_core.event_handler.log_command:Invoked command in '/home/chairman/working/ros2/leida/ws_livox/build/fast_lio' returned '0': AMENT_PREFIX_PATH=/home/chairman/working/ros2/leida/ws_livox/install/livox_ros_driver2:${AMENT_PREFIX_PATH} CMAKE_PREFIX_PATH=/home/chairman/working/ros2/leida/ws_livox/install/livox_ros_driver2:/opt/ros/humble LD_LIBRARY_PATH=/home/chairman/working/ros2/leida/ws_livox/install/livox_ros_driver2/lib:/usr/lib/x86_64-linux-gnu:/usr/lib/x86_64-linux-gnu/gazebo-11/plugins:/opt/ros/humble/opt/rviz_ogre_vendor/lib:/opt/ros/humble/lib/x86_64-linux-gnu:/opt/ros/humble/lib:/usr/lib/x86_64-linux-gnu PYTHONPATH=/home/chairman/working/ros2/leida/ws_livox/install/livox_ros_driver2/lib/python3.10/site-packages:${PYTHONPATH} VIRTUAL_ENV_PROMPT=(venv) /usr/bin/cmake /home/chairman/working/ros2/leida/ws_livox/src/fast_lio -DCMAKE_INSTALL_PREFIX=/home/chairman/working/ros2/leida/ws_livox/install/fast_lio
[2.266s] DEBUG:colcon.colcon_core.event_handler.log_command:Invoking command in '/home/chairman/working/ros2/leida/ws_livox/build/fast_lio': AMENT_PREFIX_PATH=/home/chairman/working/ros2/leida/ws_livox/install/livox_ros_driver2:${AMENT_PREFIX_PATH} CMAKE_PREFIX_PATH=/home/chairman/working/ros2/leida/ws_livox/install/livox_ros_driver2:/opt/ros/humble LD_LIBRARY_PATH=/home/chairman/working/ros2/leida/ws_livox/install/livox_ros_driver2/lib:/usr/lib/x86_64-linux-gnu:/usr/lib/x86_64-linux-gnu/gazebo-11/plugins:/opt/ros/humble/opt/rviz_ogre_vendor/lib:/opt/ros/humble/lib/x86_64-linux-gnu:/opt/ros/humble/lib:/usr/lib/x86_64-linux-gnu PYTHONPATH=/home/chairman/working/ros2/leida/ws_livox/install/livox_ros_driver2/lib/python3.10/site-packages:${PYTHONPATH} VIRTUAL_ENV_PROMPT=(venv) /usr/bin/cmake --build /home/chairman/working/ros2/leida/ws_livox/build/fast_lio -- -j28 -l28
[44.610s] DEBUG:colcon.colcon_core.event_handler.log_command:Invoked command in '/home/chairman/working/ros2/leida/ws_livox/build/fast_lio' returned '0': AMENT_PREFIX_PATH=/home/chairman/working/ros2/leida/ws_livox/install/livox_ros_driver2:${AMENT_PREFIX_PATH} CMAKE_PREFIX_PATH=/home/chairman/working/ros2/leida/ws_livox/install/livox_ros_driver2:/opt/ros/humble LD_LIBRARY_PATH=/home/chairman/working/ros2/leida/ws_livox/install/livox_ros_driver2/lib:/usr/lib/x86_64-linux-gnu:/usr/lib/x86_64-linux-gnu/gazebo-11/plugins:/opt/ros/humble/opt/rviz_ogre_vendor/lib:/opt/ros/humble/lib/x86_64-linux-gnu:/opt/ros/humble/lib:/usr/lib/x86_64-linux-gnu PYTHONPATH=/home/chairman/working/ros2/leida/ws_livox/install/livox_ros_driver2/lib/python3.10/site-packages:${PYTHONPATH} VIRTUAL_ENV_PROMPT=(venv) /usr/bin/cmake --build /home/chairman/working/ros2/leida/ws_livox/build/fast_lio -- -j28 -l28
[44.620s] DEBUG:colcon.colcon_core.event_handler.log_command:Invoking command in '/home/chairman/working/ros2/leida/ws_livox/build/fast_lio': AMENT_PREFIX_PATH=/home/chairman/working/ros2/leida/ws_livox/install/livox_ros_driver2:${AMENT_PREFIX_PATH} CMAKE_PREFIX_PATH=/home/chairman/working/ros2/leida/ws_livox/install/livox_ros_driver2:/opt/ros/humble LD_LIBRARY_PATH=/home/chairman/working/ros2/leida/ws_livox/install/livox_ros_driver2/lib:/usr/lib/x86_64-linux-gnu:/usr/lib/x86_64-linux-gnu/gazebo-11/plugins:/opt/ros/humble/opt/rviz_ogre_vendor/lib:/opt/ros/humble/lib/x86_64-linux-gnu:/opt/ros/humble/lib:/usr/lib/x86_64-linux-gnu PYTHONPATH=/home/chairman/working/ros2/leida/ws_livox/install/livox_ros_driver2/lib/python3.10/site-packages:${PYTHONPATH} VIRTUAL_ENV_PROMPT=(venv) /usr/bin/cmake --install /home/chairman/working/ros2/leida/ws_livox/build/fast_lio
[44.667s] Level 1:colcon.colcon_core.environment:create_environment_scripts_only(fast_lio)
[44.667s] DEBUG:colcon.colcon_core.event_handler.log_command:Invoked command in '/home/chairman/working/ros2/leida/ws_livox/build/fast_lio' returned '0': AMENT_PREFIX_PATH=/home/chairman/working/ros2/leida/ws_livox/install/livox_ros_driver2:${AMENT_PREFIX_PATH} CMAKE_PREFIX_PATH=/home/chairman/working/ros2/leida/ws_livox/install/livox_ros_driver2:/opt/ros/humble LD_LIBRARY_PATH=/home/chairman/working/ros2/leida/ws_livox/install/livox_ros_driver2/lib:/usr/lib/x86_64-linux-gnu:/usr/lib/x86_64-linux-gnu/gazebo-11/plugins:/opt/ros/humble/opt/rviz_ogre_vendor/lib:/opt/ros/humble/lib/x86_64-linux-gnu:/opt/ros/humble/lib:/usr/lib/x86_64-linux-gnu PYTHONPATH=/home/chairman/working/ros2/leida/ws_livox/install/livox_ros_driver2/lib/python3.10/site-packages:${PYTHONPATH} VIRTUAL_ENV_PROMPT=(venv) /usr/bin/cmake --install /home/chairman/working/ros2/leida/ws_livox/build/fast_lio
[44.670s] Level 1:colcon.colcon_core.environment:checking '/home/chairman/working/ros2/leida/ws_livox/install/fast_lio' for CMake module files
[44.670s] Level 1:colcon.colcon_core.environment:checking '/home/chairman/working/ros2/leida/ws_livox/install/fast_lio' for CMake config files
[44.671s] Level 1:colcon.colcon_core.shell:create_environment_hook('fast_lio', 'cmake_prefix_path')
[44.671s] INFO:colcon.colcon_core.shell:Creating environment hook '/home/chairman/working/ros2/leida/ws_livox/install/fast_lio/share/fast_lio/hook/cmake_prefix_path.ps1'
[44.671s] INFO:colcon.colcon_core.shell:Creating environment descriptor '/home/chairman/working/ros2/leida/ws_livox/install/fast_lio/share/fast_lio/hook/cmake_prefix_path.dsv'
[44.672s] INFO:colcon.colcon_core.shell:Creating environment hook '/home/chairman/working/ros2/leida/ws_livox/install/fast_lio/share/fast_lio/hook/cmake_prefix_path.sh'
[44.672s] Level 1:colcon.colcon_core.environment:checking '/home/chairman/working/ros2/leida/ws_livox/install/fast_lio/lib'
[44.672s] Level 1:colcon.colcon_core.shell:create_environment_hook('fast_lio', 'ld_library_path_lib')
[44.673s] INFO:colcon.colcon_core.shell:Creating environment hook '/home/chairman/working/ros2/leida/ws_livox/install/fast_lio/share/fast_lio/hook/ld_library_path_lib.ps1'
[44.673s] INFO:colcon.colcon_core.shell:Creating environment descriptor '/home/chairman/working/ros2/leida/ws_livox/install/fast_lio/share/fast_lio/hook/ld_library_path_lib.dsv'
[44.673s] INFO:colcon.colcon_core.shell:Creating environment hook '/home/chairman/working/ros2/leida/ws_livox/install/fast_lio/share/fast_lio/hook/ld_library_path_lib.sh'
[44.673s] Level 1:colcon.colcon_core.environment:checking '/home/chairman/working/ros2/leida/ws_livox/install/fast_lio/bin'
[44.673s] Level 1:colcon.colcon_core.environment:checking '/home/chairman/working/ros2/leida/ws_livox/install/fast_lio/lib/pkgconfig/fast_lio.pc'
[44.673s] Level 1:colcon.colcon_core.environment:checking '/home/chairman/working/ros2/leida/ws_livox/install/fast_lio/lib/python3.10/site-packages'
[44.673s] Level 1:colcon.colcon_core.shell:create_environment_hook('fast_lio', 'pythonpath')
[44.673s] INFO:colcon.colcon_core.shell:Creating environment hook '/home/chairman/working/ros2/leida/ws_livox/install/fast_lio/share/fast_lio/hook/pythonpath.ps1'
[44.674s] INFO:colcon.colcon_core.shell:Creating environment descriptor '/home/chairman/working/ros2/leida/ws_livox/install/fast_lio/share/fast_lio/hook/pythonpath.dsv'
[44.674s] INFO:colcon.colcon_core.shell:Creating environment hook '/home/chairman/working/ros2/leida/ws_livox/install/fast_lio/share/fast_lio/hook/pythonpath.sh'
[44.674s] Level 1:colcon.colcon_core.environment:checking '/home/chairman/working/ros2/leida/ws_livox/install/fast_lio/bin'
[44.674s] INFO:colcon.colcon_core.shell:Creating package script '/home/chairman/working/ros2/leida/ws_livox/install/fast_lio/share/fast_lio/package.ps1'
[44.675s] INFO:colcon.colcon_core.shell:Creating package descriptor '/home/chairman/working/ros2/leida/ws_livox/install/fast_lio/share/fast_lio/package.dsv'
[44.675s] INFO:colcon.colcon_core.shell:Creating package script '/home/chairman/working/ros2/leida/ws_livox/install/fast_lio/share/fast_lio/package.sh'
[44.676s] INFO:colcon.colcon_core.shell:Creating package script '/home/chairman/working/ros2/leida/ws_livox/install/fast_lio/share/fast_lio/package.bash'
[44.676s] INFO:colcon.colcon_core.shell:Creating package script '/home/chairman/working/ros2/leida/ws_livox/install/fast_lio/share/fast_lio/package.zsh'
[44.677s] Level 1:colcon.colcon_core.environment:create_file_with_runtime_dependencies(/home/chairman/working/ros2/leida/ws_livox/install/fast_lio/share/colcon-core/packages/fast_lio)
[44.677s] Level 1:colcon.colcon_core.environment:create_environment_scripts_only(fast_lio)
[44.677s] Level 1:colcon.colcon_core.environment:checking '/home/chairman/working/ros2/leida/ws_livox/install/fast_lio' for CMake module files
[44.677s] Level 1:colcon.colcon_core.environment:checking '/home/chairman/working/ros2/leida/ws_livox/install/fast_lio' for CMake config files
[44.678s] Level 1:colcon.colcon_core.shell:create_environment_hook('fast_lio', 'cmake_prefix_path')
[44.678s] INFO:colcon.colcon_core.shell:Creating environment hook '/home/chairman/working/ros2/leida/ws_livox/install/fast_lio/share/fast_lio/hook/cmake_prefix_path.ps1'
[44.678s] INFO:colcon.colcon_core.shell:Creating environment descriptor '/home/chairman/working/ros2/leida/ws_livox/install/fast_lio/share/fast_lio/hook/cmake_prefix_path.dsv'
[44.678s] INFO:colcon.colcon_core.shell:Creating environment hook '/home/chairman/working/ros2/leida/ws_livox/install/fast_lio/share/fast_lio/hook/cmake_prefix_path.sh'
[44.679s] Level 1:colcon.colcon_core.environment:checking '/home/chairman/working/ros2/leida/ws_livox/install/fast_lio/lib'
[44.679s] Level 1:colcon.colcon_core.shell:create_environment_hook('fast_lio', 'ld_library_path_lib')
[44.679s] INFO:colcon.colcon_core.shell:Creating environment hook '/home/chairman/working/ros2/leida/ws_livox/install/fast_lio/share/fast_lio/hook/ld_library_path_lib.ps1'
[44.679s] INFO:colcon.colcon_core.shell:Creating environment descriptor '/home/chairman/working/ros2/leida/ws_livox/install/fast_lio/share/fast_lio/hook/ld_library_path_lib.dsv'
[44.680s] INFO:colcon.colcon_core.shell:Creating environment hook '/home/chairman/working/ros2/leida/ws_livox/install/fast_lio/share/fast_lio/hook/ld_library_path_lib.sh'
[44.680s] Level 1:colcon.colcon_core.environment:checking '/home/chairman/working/ros2/leida/ws_livox/install/fast_lio/bin'
[44.680s] Level 1:colcon.colcon_core.environment:checking '/home/chairman/working/ros2/leida/ws_livox/install/fast_lio/lib/pkgconfig/fast_lio.pc'
[44.680s] Level 1:colcon.colcon_core.environment:checking '/home/chairman/working/ros2/leida/ws_livox/install/fast_lio/lib/python3.10/site-packages'
[44.680s] Level 1:colcon.colcon_core.shell:create_environment_hook('fast_lio', 'pythonpath')
[44.680s] INFO:colcon.colcon_core.shell:Creating environment hook '/home/chairman/working/ros2/leida/ws_livox/install/fast_lio/share/fast_lio/hook/pythonpath.ps1'
[44.681s] INFO:colcon.colcon_core.shell:Creating environment descriptor '/home/chairman/working/ros2/leida/ws_livox/install/fast_lio/share/fast_lio/hook/pythonpath.dsv'
[44.681s] INFO:colcon.colcon_core.shell:Creating environment hook '/home/chairman/working/ros2/leida/ws_livox/install/fast_lio/share/fast_lio/hook/pythonpath.sh'
[44.681s] Level 1:colcon.colcon_core.environment:checking '/home/chairman/working/ros2/leida/ws_livox/install/fast_lio/bin'
[44.682s] INFO:colcon.colcon_core.shell:Creating package script '/home/chairman/working/ros2/leida/ws_livox/install/fast_lio/share/fast_lio/package.ps1'
[44.682s] INFO:colcon.colcon_core.shell:Creating package descriptor '/home/chairman/working/ros2/leida/ws_livox/install/fast_lio/share/fast_lio/package.dsv'
[44.682s] INFO:colcon.colcon_core.shell:Creating package script '/home/chairman/working/ros2/leida/ws_livox/install/fast_lio/share/fast_lio/package.sh'
[44.683s] INFO:colcon.colcon_core.shell:Creating package script '/home/chairman/working/ros2/leida/ws_livox/install/fast_lio/share/fast_lio/package.bash'
[44.683s] INFO:colcon.colcon_core.shell:Creating package script '/home/chairman/working/ros2/leida/ws_livox/install/fast_lio/share/fast_lio/package.zsh'
[44.683s] Level 1:colcon.colcon_core.environment:create_file_with_runtime_dependencies(/home/chairman/working/ros2/leida/ws_livox/install/fast_lio/share/colcon-core/packages/fast_lio)
[44.683s] DEBUG:colcon.colcon_parallel_executor.executor.parallel:closing loop
[44.683s] DEBUG:colcon.colcon_parallel_executor.executor.parallel:loop closed
[44.683s] DEBUG:colcon.colcon_parallel_executor.executor.parallel:run_until_complete finished with '0'
[44.683s] DEBUG:colcon.colcon_core.event_reactor:joining thread
[44.687s] INFO:colcon.colcon_core.plugin_system:Skipping extension 'colcon_notification.desktop_notification.terminal_notifier': Not used on non-Darwin systems
[44.687s] INFO:colcon.colcon_core.plugin_system:Skipping extension 'colcon_notification.desktop_notification.win32': Not used on non-Windows systems
[44.687s] INFO:colcon.colcon_notification.desktop_notification:Sending desktop notification using 'notify2'
[44.700s] DEBUG:colcon.colcon_core.event_reactor:joined thread
[44.700s] INFO:colcon.colcon_core.shell:Creating prefix script '/home/chairman/working/ros2/leida/ws_livox/install/local_setup.ps1'
[44.701s] INFO:colcon.colcon_core.shell:Creating prefix util module '/home/chairman/working/ros2/leida/ws_livox/install/_local_setup_util_ps1.py'
[44.702s] INFO:colcon.colcon_core.shell:Creating prefix chain script '/home/chairman/working/ros2/leida/ws_livox/install/setup.ps1'
[44.703s] INFO:colcon.colcon_core.shell:Creating prefix script '/home/chairman/working/ros2/leida/ws_livox/install/local_setup.sh'
[44.703s] INFO:colcon.colcon_core.shell:Creating prefix util module '/home/chairman/working/ros2/leida/ws_livox/install/_local_setup_util_sh.py'
[44.704s] INFO:colcon.colcon_core.shell:Creating prefix chain script '/home/chairman/working/ros2/leida/ws_livox/install/setup.sh'
[44.705s] INFO:colcon.colcon_core.shell:Creating prefix script '/home/chairman/working/ros2/leida/ws_livox/install/local_setup.bash'
[44.705s] INFO:colcon.colcon_core.shell:Creating prefix chain script '/home/chairman/working/ros2/leida/ws_livox/install/setup.bash'
[44.705s] INFO:colcon.colcon_core.shell:Creating prefix script '/home/chairman/working/ros2/leida/ws_livox/install/local_setup.zsh'
[44.706s] INFO:colcon.colcon_core.shell:Creating prefix chain script '/home/chairman/working/ros2/leida/ws_livox/install/setup.zsh'
