[0.028s] Invoking command in '/home/chairman/working/ros2/beijixiong/pb2025_ws/build/loam_interface': CMAKE_PREFIX_PATH=/opt/ros/humble VIRTUAL_ENV_PROMPT=(venv) /usr/bin/cmake /home/chairman/working/ros2/beijixiong/pb2025_ws/src/pb2025_sentry_nav/loam_interface -DCMAKE_BUILD_TYPE=Release -DAMENT_CMAKE_SYMLINK_INSTALL=1 -DCMAKE_INSTALL_PREFIX=/home/chairman/working/ros2/beijixiong/pb2025_ws/install/loam_interface
[0.069s] -- The C compiler identification is GNU 11.4.0
[0.114s] -- The CXX compiler identification is GNU 11.4.0
[0.121s] -- Detecting C compiler ABI info
[0.165s] -- Detecting C compiler ABI info - done
[0.173s] -- Check for working C compiler: /usr/bin/cc - skipped
[0.173s] -- Detecting C compile features
[0.173s] -- Detecting C compile features - done
[0.176s] -- Detecting CXX compiler ABI info
[0.235s] -- Detecting CXX compiler ABI info - done
[0.241s] -- Check for working CXX compiler: /usr/bin/c++ - skipped
[0.241s] -- Detecting CXX compile features
[0.241s] -- Detecting CXX compile features - done
[0.242s] -- Found ament_cmake_auto: 1.3.12 (/opt/ros/humble/share/ament_cmake_auto/cmake)
[0.335s] -- Found Python3: /home/chairman/venv/bin/python3 (found version "3.10.12") found components: Interpreter 
[0.396s] -- Override CMake install command with custom implementation using symlinks instead of copying resources
[0.491s] -- Found rosidl_generator_c: 3.1.7 (/opt/ros/humble/share/rosidl_generator_c/cmake)
[0.493s] -- Found rosidl_adapter: 3.1.7 (/opt/ros/humble/share/rosidl_adapter/cmake)
[0.498s] -- Found rosidl_generator_cpp: 3.1.7 (/opt/ros/humble/share/rosidl_generator_cpp/cmake)
[0.510s] -- Using all available rosidl_typesupport_c: rosidl_typesupport_fastrtps_c;rosidl_typesupport_introspection_c
[0.525s] -- Using all available rosidl_typesupport_cpp: rosidl_typesupport_fastrtps_cpp;rosidl_typesupport_introspection_cpp
[0.557s] -- Found rmw_implementation_cmake: 6.1.2 (/opt/ros/humble/share/rmw_implementation_cmake/cmake)
[0.558s] -- Found rmw_fastrtps_cpp: 6.2.9 (/opt/ros/humble/share/rmw_fastrtps_cpp/cmake)
[0.613s] -- Found OpenSSL: /usr/lib/x86_64-linux-gnu/libcrypto.so (found version "3.0.2")  
[0.637s] -- Found FastRTPS: /opt/ros/humble/include  
[0.673s] -- Using RMW implementation 'rmw_fastrtps_cpp' as default
[0.678s] -- Looking for pthread.h
[0.722s] -- Looking for pthread.h - found
[0.722s] -- Performing Test CMAKE_HAVE_LIBC_PTHREAD
[0.773s] -- Performing Test CMAKE_HAVE_LIBC_PTHREAD - Success
[0.774s] -- Found Threads: TRUE  
[0.914s] -- Found eigen3_cmake_module: 0.1.1 (/opt/ros/humble/share/eigen3_cmake_module/cmake)
[0.916s] -- Found Eigen3: TRUE (found version "3.4.0") 
[0.916s] -- Ensuring Eigen3 include directory is part of orocos-kdl CMake target
[0.991s] -- Checking for module 'eigen3'
[0.999s] --   Found eigen3, version 3.4.0
[1.019s] -- Found Eigen: /usr/include/eigen3 (Required is at least version "3.1") 
[1.019s] -- Eigen found (include: /usr/include/eigen3, version: 3.4.0)
[1.043s] -- Checking for module 'flann'
[1.051s] --   Found flann, version 1.9.1
[1.080s] -- Found FLANN: /usr/lib/x86_64-linux-gnu/libflann_cpp.so  
[1.080s] -- FLANN found (include: /usr/include, lib: /usr/lib/x86_64-linux-gnu/libflann_cpp.so)
[1.792s] -- Checking for module 'libusb-1.0'
[1.802s] --   Found libusb-1.0, version 1.0.25
[1.825s] -- Found libusb: /usr/lib/x86_64-linux-gnu/libusb-1.0.so  
[1.826s] -- OpenNI found (version: 1.5.4.0, include: /usr/include/ni, lib: /usr/lib/libOpenNI.so;libusb::libusb)
[1.867s] -- OpenNI2 found (version: 2.2.0.33, include: /usr/include/openni2, lib: /usr/lib/x86_64-linux-gnu/libOpenNI2.so;libusb::libusb)
[1.995s] -- Eigen found (include: /usr/include/eigen3, version: 3.4.0)
[2.001s] -- OpenNI found (version: 1.5.4.0, include: /usr/include/ni, lib: /usr/lib/libOpenNI.so;libusb::libusb)
[2.007s] -- OpenNI2 found (version: 2.2.0.33, include: /usr/include/openni2, lib: /usr/lib/x86_64-linux-gnu/libOpenNI2.so;libusb::libusb)
[2.155s] -- Found Qhull version 8.0.2
[2.266s] -- OpenNI found (version: 1.5.4.0, include: /usr/include/ni, lib: /usr/lib/libOpenNI.so;libusb::libusb)
[2.366s] -- Found PCL_COMMON: /usr/lib/x86_64-linux-gnu/libpcl_common.so  
[2.367s] -- Found PCL_KDTREE: /usr/lib/x86_64-linux-gnu/libpcl_kdtree.so  
[2.368s] -- Found PCL_OCTREE: /usr/lib/x86_64-linux-gnu/libpcl_octree.so  
[2.368s] -- Found PCL_SEARCH: /usr/lib/x86_64-linux-gnu/libpcl_search.so  
[2.369s] -- Found PCL_SAMPLE_CONSENSUS: /usr/lib/x86_64-linux-gnu/libpcl_sample_consensus.so  
[2.369s] -- Found PCL_FILTERS: /usr/lib/x86_64-linux-gnu/libpcl_filters.so  
[2.370s] -- Found PCL_2D: /usr/include/pcl-1.12  
[2.370s] -- Found PCL_GEOMETRY: /usr/include/pcl-1.12  
[2.370s] -- Found PCL_IO: /usr/lib/x86_64-linux-gnu/libpcl_io.so  
[2.371s] -- Found PCL_FEATURES: /usr/lib/x86_64-linux-gnu/libpcl_features.so  
[2.372s] -- Found PCL_ML: /usr/lib/x86_64-linux-gnu/libpcl_ml.so  
[2.372s] -- Found PCL_SEGMENTATION: /usr/lib/x86_64-linux-gnu/libpcl_segmentation.so  
[2.373s] -- Found PCL_VISUALIZATION: /usr/lib/x86_64-linux-gnu/libpcl_visualization.so  
[2.374s] -- Found PCL_SURFACE: /usr/lib/x86_64-linux-gnu/libpcl_surface.so  
[2.374s] -- Found PCL_REGISTRATION: /usr/lib/x86_64-linux-gnu/libpcl_registration.so  
[2.375s] -- Found PCL_KEYPOINTS: /usr/lib/x86_64-linux-gnu/libpcl_keypoints.so  
[2.376s] -- Found PCL_TRACKING: /usr/lib/x86_64-linux-gnu/libpcl_tracking.so  
[2.376s] -- Found PCL_RECOGNITION: /usr/lib/x86_64-linux-gnu/libpcl_recognition.so  
[2.377s] -- Found PCL_STEREO: /usr/lib/x86_64-linux-gnu/libpcl_stereo.so  
[2.378s] -- Found PCL_APPS: /usr/lib/x86_64-linux-gnu/libpcl_apps.so  
[2.378s] -- Found PCL_IN_HAND_SCANNER: /usr/include/pcl-1.12  
[2.378s] -- Found PCL_MODELER: /usr/include/pcl-1.12  
[2.379s] -- Found PCL_POINT_CLOUD_EDITOR: /usr/include/pcl-1.12  
[2.379s] -- Found PCL_OUTOFCORE: /usr/lib/x86_64-linux-gnu/libpcl_outofcore.so  
[2.380s] -- Found PCL_PEOPLE: /usr/lib/x86_64-linux-gnu/libpcl_people.so  
[2.391s] -- Found ament_lint_auto: 0.12.14 (/opt/ros/humble/share/ament_lint_auto/cmake)
[2.403s] [0mIn this package, headers install destination is set to `include` by ament_auto_package. It is recommended to install `include/loam_interface` instead and will be the default behavior of ament_auto_package from ROS 2 Kilted Kaiju. On distributions before Kilted, ament_auto_package behaves the same way when you use USE_SCOPED_HEADER_INSTALL_DIR option.[0m
[2.408s] -- Added test 'copyright' to check source files copyright and LICENSE
[2.409s] -- Added test 'cppcheck' to perform static code analysis on C / C++ code
[2.409s] -- Configured cppcheck include dirs: /home/chairman/working/ros2/beijixiong/pb2025_ws/src/pb2025_sentry_nav/loam_interface/include
[2.409s] -- Configured cppcheck exclude dirs and/or files: 
[2.409s] -- Added test 'cpplint' to check C / C++ code against the Google style
[2.409s] -- Configured cpplint exclude dirs and/or files: 
[2.409s] -- Added test 'lint_cmake' to check CMake code style
[2.410s] -- Added test 'pep257' to check Python code against some of the docstring style conventions in PEP 257
[2.410s] -- Added test 'xmllint' to check XML markup files
[2.410s] -- Added test 'clang_format' to check C / C++ code style
[2.410s] -- Added test 'black' to check Python code style
[2.412s] -- Configuring done
[2.446s] -- Generating done
[2.453s] -- Build files have been written to: /home/chairman/working/ros2/beijixiong/pb2025_ws/build/loam_interface
[2.470s] Invoked command in '/home/chairman/working/ros2/beijixiong/pb2025_ws/build/loam_interface' returned '0': CMAKE_PREFIX_PATH=/opt/ros/humble VIRTUAL_ENV_PROMPT=(venv) /usr/bin/cmake /home/chairman/working/ros2/beijixiong/pb2025_ws/src/pb2025_sentry_nav/loam_interface -DCMAKE_BUILD_TYPE=Release -DAMENT_CMAKE_SYMLINK_INSTALL=1 -DCMAKE_INSTALL_PREFIX=/home/chairman/working/ros2/beijixiong/pb2025_ws/install/loam_interface
[2.473s] Invoking command in '/home/chairman/working/ros2/beijixiong/pb2025_ws/build/loam_interface': CMAKE_PREFIX_PATH=/opt/ros/humble VIRTUAL_ENV_PROMPT=(venv) /usr/bin/cmake --build /home/chairman/working/ros2/beijixiong/pb2025_ws/build/loam_interface -- -j28 -l28
[2.521s] [ 50%] [32mBuilding CXX object CMakeFiles/loam_interface_node.dir/rclcpp_components/node_main_loam_interface_node.cpp.o[0m
[2.521s] [ 50%] [32mBuilding CXX object CMakeFiles/loam_interface.dir/src/loam_interface.cpp.o[0m
[7.041s] [ 75%] [32m[1mLinking CXX executable loam_interface_node[0m
[7.191s] [ 75%] Built target loam_interface_node
[21.106s] [100%] [32m[1mLinking CXX shared library libloam_interface.so[0m
[21.531s] [100%] Built target loam_interface
[21.541s] Invoked command in '/home/chairman/working/ros2/beijixiong/pb2025_ws/build/loam_interface' returned '0': CMAKE_PREFIX_PATH=/opt/ros/humble VIRTUAL_ENV_PROMPT=(venv) /usr/bin/cmake --build /home/chairman/working/ros2/beijixiong/pb2025_ws/build/loam_interface -- -j28 -l28
[21.543s] Invoking command in '/home/chairman/working/ros2/beijixiong/pb2025_ws/build/loam_interface': CMAKE_PREFIX_PATH=/opt/ros/humble VIRTUAL_ENV_PROMPT=(venv) /usr/bin/cmake --install /home/chairman/working/ros2/beijixiong/pb2025_ws/build/loam_interface
[21.550s] -- Install configuration: "Release"
[21.551s] -- Execute custom install script
[21.551s] -- Symlinking: /home/chairman/working/ros2/beijixiong/pb2025_ws/install/loam_interface/lib/loam_interface/loam_interface_node
[21.559s] -- Symlinking: /home/chairman/working/ros2/beijixiong/pb2025_ws/install/loam_interface/include/loam_interface/loam_interface.hpp
[21.568s] -- Symlinking: /home/chairman/working/ros2/beijixiong/pb2025_ws/install/loam_interface/share/loam_interface/environment/library_path.sh
[21.576s] -- Symlinking: /home/chairman/working/ros2/beijixiong/pb2025_ws/install/loam_interface/share/loam_interface/environment/library_path.dsv
[21.581s] -- Symlinking: /home/chairman/working/ros2/beijixiong/pb2025_ws/install/loam_interface/lib/libloam_interface.so
[21.590s] -- Symlinking: /home/chairman/working/ros2/beijixiong/pb2025_ws/install/loam_interface/share/loam_interface/launch/loam_interface_launch.py
[21.597s] -- Symlinking: /home/chairman/working/ros2/beijixiong/pb2025_ws/install/loam_interface/share/ament_index/resource_index/package_run_dependencies/loam_interface
[21.606s] -- Symlinking: /home/chairman/working/ros2/beijixiong/pb2025_ws/install/loam_interface/share/ament_index/resource_index/parent_prefix_path/loam_interface
[21.614s] -- Symlinking: /home/chairman/working/ros2/beijixiong/pb2025_ws/install/loam_interface/share/loam_interface/environment/ament_prefix_path.sh
[21.622s] -- Symlinking: /home/chairman/working/ros2/beijixiong/pb2025_ws/install/loam_interface/share/loam_interface/environment/ament_prefix_path.dsv
[21.630s] -- Symlinking: /home/chairman/working/ros2/beijixiong/pb2025_ws/install/loam_interface/share/loam_interface/environment/path.sh
[21.638s] -- Symlinking: /home/chairman/working/ros2/beijixiong/pb2025_ws/install/loam_interface/share/loam_interface/environment/path.dsv
[21.645s] -- Symlinking: /home/chairman/working/ros2/beijixiong/pb2025_ws/install/loam_interface/share/loam_interface/local_setup.bash
[21.653s] -- Symlinking: /home/chairman/working/ros2/beijixiong/pb2025_ws/install/loam_interface/share/loam_interface/local_setup.sh
[21.661s] -- Symlinking: /home/chairman/working/ros2/beijixiong/pb2025_ws/install/loam_interface/share/loam_interface/local_setup.zsh
[21.670s] -- Symlinking: /home/chairman/working/ros2/beijixiong/pb2025_ws/install/loam_interface/share/loam_interface/local_setup.dsv
[21.679s] -- Symlinking: /home/chairman/working/ros2/beijixiong/pb2025_ws/install/loam_interface/share/loam_interface/package.dsv
[21.687s] -- Symlinking: /home/chairman/working/ros2/beijixiong/pb2025_ws/install/loam_interface/share/ament_index/resource_index/packages/loam_interface
[21.696s] -- Symlinking: /home/chairman/working/ros2/beijixiong/pb2025_ws/install/loam_interface/share/ament_index/resource_index/rclcpp_components/loam_interface
[21.705s] -- Symlinking: /home/chairman/working/ros2/beijixiong/pb2025_ws/install/loam_interface/share/loam_interface/cmake/ament_cmake_export_dependencies-extras.cmake
[21.713s] -- Symlinking: /home/chairman/working/ros2/beijixiong/pb2025_ws/install/loam_interface/share/loam_interface/cmake/ament_cmake_export_include_directories-extras.cmake
[21.722s] -- Symlinking: /home/chairman/working/ros2/beijixiong/pb2025_ws/install/loam_interface/share/loam_interface/cmake/ament_cmake_export_libraries-extras.cmake
[21.730s] -- Symlinking: /home/chairman/working/ros2/beijixiong/pb2025_ws/install/loam_interface/share/loam_interface/cmake/loam_interfaceConfig.cmake
[21.738s] -- Symlinking: /home/chairman/working/ros2/beijixiong/pb2025_ws/install/loam_interface/share/loam_interface/cmake/loam_interfaceConfig-version.cmake
[21.747s] -- Symlinking: /home/chairman/working/ros2/beijixiong/pb2025_ws/install/loam_interface/share/loam_interface/package.xml
[21.757s] Invoked command in '/home/chairman/working/ros2/beijixiong/pb2025_ws/build/loam_interface' returned '0': CMAKE_PREFIX_PATH=/opt/ros/humble VIRTUAL_ENV_PROMPT=(venv) /usr/bin/cmake --install /home/chairman/working/ros2/beijixiong/pb2025_ws/build/loam_interface
