-- Found ament_cmake: 1.3.12 (/opt/ros/humble/share/ament_cmake/cmake)
-- Found rclcpp: 16.0.15 (/opt/ros/humble/share/rclcpp/cmake)
-- Found rosidl_generator_c: 3.1.7 (/opt/ros/humble/share/rosidl_generator_c/cmake)
-- Found rosidl_adapter: 3.1.7 (/opt/ros/humble/share/rosidl_adapter/cmake)
-- Found rosidl_generator_cpp: 3.1.7 (/opt/ros/humble/share/rosidl_generator_cpp/cmake)
-- Using all available rosidl_typesupport_c: rosidl_typesupport_fastrtps_c;rosidl_typesupport_introspection_c
-- Using all available rosidl_typesupport_cpp: rosidl_typesupport_fastrtps_cpp;rosidl_typesupport_introspection_cpp
-- Found rmw_implementation_cmake: 6.1.2 (/opt/ros/humble/share/rmw_implementation_cmake/cmake)
-- Found rmw_fastrtps_cpp: 6.2.9 (/opt/ros/humble/share/rmw_fastrtps_cpp/cmake)
-- Using RMW implementation 'rmw_fastrtps_cpp' as default
-- Found nav_msgs: 4.9.0 (/opt/ros/humble/share/nav_msgs/cmake)
-- Found pcl_ros: 2.4.5 (/opt/ros/humble/share/pcl_ros/cmake)
-- Eigen found (include: /usr/include/eigen3, version: 3.4.0)
-- FLANN found (include: /usr/include, lib: /usr/lib/x86_64-linux-gnu/libflann_cpp.so)
-- OpenNI found (version: 1.5.4.0, include: /usr/include/ni, lib: /usr/lib/libOpenNI.so;libusb::libusb)
-- OpenNI2 found (version: 2.2.0.33, include: /usr/include/openni2, lib: /usr/lib/x86_64-linux-gnu/libOpenNI2.so;libusb::libusb)
-- Eigen found (include: /usr/include/eigen3, version: 3.4.0)
-- OpenNI found (version: 1.5.4.0, include: /usr/include/ni, lib: /usr/lib/libOpenNI.so;libusb::libusb)
-- OpenNI2 found (version: 2.2.0.33, include: /usr/include/openni2, lib: /usr/lib/x86_64-linux-gnu/libOpenNI2.so;libusb::libusb)
-- Found Qhull version 8.0.2
-- OpenNI found (version: 1.5.4.0, include: /usr/include/ni, lib: /usr/lib/libOpenNI.so;libusb::libusb)
-- Found eigen3_cmake_module: 0.1.1 (/opt/ros/humble/share/eigen3_cmake_module/cmake)
-- Ensuring Eigen3 include directory is part of orocos-kdl CMake target
-- Configuring done
-- Generating done
-- Build files have been written to: /home/chairman/working/ros2/leida/ws_livox/build/pcd2pgm
[35m[1mConsolidate compiler generated dependencies of target pcd2pgm[0m
[35m[1mConsolidate compiler generated dependencies of target pgm_publisher[0m
[ 50%] Built target pgm_publisher
[100%] Built target pcd2pgm
-- Install configuration: ""
-- Up-to-date: /home/chairman/working/ros2/leida/ws_livox/install/pcd2pgm/lib/pcd2pgm/pcd2pgm
-- Up-to-date: /home/chairman/working/ros2/leida/ws_livox/install/pcd2pgm/lib/pcd2pgm/pgm_publisher
-- Up-to-date: /home/chairman/working/ros2/leida/ws_livox/install/pcd2pgm/share/pcd2pgm/launch
-- Up-to-date: /home/chairman/working/ros2/leida/ws_livox/install/pcd2pgm/share/pcd2pgm/launch/start.launch.py
-- Up-to-date: /home/chairman/working/ros2/leida/ws_livox/install/pcd2pgm/share/pcd2pgm/launch/start_rviz.launch.py
-- Up-to-date: /home/chairman/working/ros2/leida/ws_livox/install/pcd2pgm/share/pcd2pgm/launch/run.launch
-- Up-to-date: /home/chairman/working/ros2/leida/ws_livox/install/pcd2pgm/share/pcd2pgm/save
-- Up-to-date: /home/chairman/working/ros2/leida/ws_livox/install/pcd2pgm/share/pcd2pgm/save/scans.yaml
-- Up-to-date: /home/chairman/working/ros2/leida/ws_livox/install/pcd2pgm/share/pcd2pgm/save/map_filter.pcd
-- Up-to-date: /home/chairman/working/ros2/leida/ws_livox/install/pcd2pgm/share/pcd2pgm/save/scans.pgm
-- Up-to-date: /home/chairman/working/ros2/leida/ws_livox/install/pcd2pgm/share/pcd2pgm/save/map_radius_filter.pcd
-- Installing: /home/chairman/working/ros2/leida/ws_livox/install/pcd2pgm/share/pcd2pgm/rviz
-- Installing: /home/chairman/working/ros2/leida/ws_livox/install/pcd2pgm/share/pcd2pgm/rviz/map_view.rviz
-- Up-to-date: /home/chairman/working/ros2/leida/ws_livox/install/pcd2pgm/share/ament_index/resource_index/package_run_dependencies/pcd2pgm
-- Up-to-date: /home/chairman/working/ros2/leida/ws_livox/install/pcd2pgm/share/ament_index/resource_index/parent_prefix_path/pcd2pgm
-- Up-to-date: /home/chairman/working/ros2/leida/ws_livox/install/pcd2pgm/share/pcd2pgm/environment/ament_prefix_path.sh
-- Installing: /home/chairman/working/ros2/leida/ws_livox/install/pcd2pgm/share/pcd2pgm/environment/ament_prefix_path.dsv
-- Up-to-date: /home/chairman/working/ros2/leida/ws_livox/install/pcd2pgm/share/pcd2pgm/environment/path.sh
-- Installing: /home/chairman/working/ros2/leida/ws_livox/install/pcd2pgm/share/pcd2pgm/environment/path.dsv
-- Up-to-date: /home/chairman/working/ros2/leida/ws_livox/install/pcd2pgm/share/pcd2pgm/local_setup.bash
-- Up-to-date: /home/chairman/working/ros2/leida/ws_livox/install/pcd2pgm/share/pcd2pgm/local_setup.sh
-- Up-to-date: /home/chairman/working/ros2/leida/ws_livox/install/pcd2pgm/share/pcd2pgm/local_setup.zsh
-- Installing: /home/chairman/working/ros2/leida/ws_livox/install/pcd2pgm/share/pcd2pgm/local_setup.dsv
-- Installing: /home/chairman/working/ros2/leida/ws_livox/install/pcd2pgm/share/pcd2pgm/package.dsv
-- Up-to-date: /home/chairman/working/ros2/leida/ws_livox/install/pcd2pgm/share/ament_index/resource_index/packages/pcd2pgm
-- Up-to-date: /home/chairman/working/ros2/leida/ws_livox/install/pcd2pgm/share/pcd2pgm/cmake/pcd2pgmConfig.cmake
-- Up-to-date: /home/chairman/working/ros2/leida/ws_livox/install/pcd2pgm/share/pcd2pgm/cmake/pcd2pgmConfig-version.cmake
-- Up-to-date: /home/chairman/working/ros2/leida/ws_livox/install/pcd2pgm/share/pcd2pgm/package.xml
