[0.006s] Invoking command in '/home/chairman/working/ros2/ROS2_learning/chapt6/chapt6_ws/build/fishbot_description': CMAKE_PREFIX_PATH=/opt/ros/humble VIRTUAL_ENV_PROMPT=(venv) /usr/bin/cmake /home/chairman/working/ros2/ROS2_learning/chapt6/chapt6_ws/fishbot_description -DCMAKE_INSTALL_PREFIX=/home/chairman/working/ros2/ROS2_learning/chapt6/chapt6_ws/install/fishbot_description
[0.068s] -- The C compiler identification is GNU 11.4.0
[0.122s] -- The CXX compiler identification is GNU 11.4.0
[0.127s] -- Detecting C compiler ABI info
[0.207s] -- Detecting C compiler ABI info - done
[0.219s] -- Check for working C compiler: /usr/bin/cc - skipped
[0.219s] -- Detecting C compile features
[0.220s] -- Detecting C compile features - done
[0.224s] -- Detecting CXX compiler ABI info
[0.317s] -- Detecting CXX compiler ABI info - done
[0.325s] -- Check for working CXX compiler: /usr/bin/c++ - skipped
[0.325s] -- Detecting CXX compile features
[0.326s] -- Detecting CXX compile features - done
[0.328s] -- Found ament_cmake: 1.3.12 (/opt/ros/humble/share/ament_cmake/cmake)
[0.584s] -- Found Python3: /home/chairman/venv/bin/python3 (found version "3.10.12") found components: Interpreter 
[0.650s] -- Found ament_lint_auto: 0.12.14 (/opt/ros/humble/share/ament_lint_auto/cmake)
[0.739s] -- Added test 'flake8' to check Python code syntax and style conventions
[0.739s] -- Added test 'lint_cmake' to check CMake code style
[0.740s] -- Added test 'pep257' to check Python code against some of the docstring style conventions in PEP 257
[0.741s] -- Added test 'xmllint' to check XML markup files
[0.741s] -- Configuring done
[0.743s] -- Generating done
[0.745s] -- Build files have been written to: /home/chairman/working/ros2/ROS2_learning/chapt6/chapt6_ws/build/fishbot_description
[0.749s] Invoked command in '/home/chairman/working/ros2/ROS2_learning/chapt6/chapt6_ws/build/fishbot_description' returned '0': CMAKE_PREFIX_PATH=/opt/ros/humble VIRTUAL_ENV_PROMPT=(venv) /usr/bin/cmake /home/chairman/working/ros2/ROS2_learning/chapt6/chapt6_ws/fishbot_description -DCMAKE_INSTALL_PREFIX=/home/chairman/working/ros2/ROS2_learning/chapt6/chapt6_ws/install/fishbot_description
[0.752s] Invoking command in '/home/chairman/working/ros2/ROS2_learning/chapt6/chapt6_ws/build/fishbot_description': CMAKE_PREFIX_PATH=/opt/ros/humble VIRTUAL_ENV_PROMPT=(venv) /usr/bin/cmake --build /home/chairman/working/ros2/ROS2_learning/chapt6/chapt6_ws/build/fishbot_description -- -j28 -l28
[0.788s] Invoked command in '/home/chairman/working/ros2/ROS2_learning/chapt6/chapt6_ws/build/fishbot_description' returned '0': CMAKE_PREFIX_PATH=/opt/ros/humble VIRTUAL_ENV_PROMPT=(venv) /usr/bin/cmake --build /home/chairman/working/ros2/ROS2_learning/chapt6/chapt6_ws/build/fishbot_description -- -j28 -l28
[0.800s] Invoking command in '/home/chairman/working/ros2/ROS2_learning/chapt6/chapt6_ws/build/fishbot_description': CMAKE_PREFIX_PATH=/opt/ros/humble VIRTUAL_ENV_PROMPT=(venv) /usr/bin/cmake --install /home/chairman/working/ros2/ROS2_learning/chapt6/chapt6_ws/build/fishbot_description
[0.809s] -- Install configuration: ""
[0.809s] -- Installing: /home/chairman/working/ros2/ROS2_learning/chapt6/chapt6_ws/install/fishbot_description/share/fishbot_description/launch
[0.809s] -- Installing: /home/chairman/working/ros2/ROS2_learning/chapt6/chapt6_ws/install/fishbot_description/share/fishbot_description/launch/display_robot.launch.py
[0.810s] -- Installing: /home/chairman/working/ros2/ROS2_learning/chapt6/chapt6_ws/install/fishbot_description/share/fishbot_description/launch/gazebo_sim.launch.py
[0.810s] -- Installing: /home/chairman/working/ros2/ROS2_learning/chapt6/chapt6_ws/install/fishbot_description/share/fishbot_description/urdf
[0.810s] -- Installing: /home/chairman/working/ros2/ROS2_learning/chapt6/chapt6_ws/install/fishbot_description/share/fishbot_description/urdf/first_robot.urdf
[0.810s] -- Installing: /home/chairman/working/ros2/ROS2_learning/chapt6/chapt6_ws/install/fishbot_description/share/fishbot_description/urdf/first_robot.pdf
[0.810s] -- Installing: /home/chairman/working/ros2/ROS2_learning/chapt6/chapt6_ws/install/fishbot_description/share/fishbot_description/urdf/fishbot
[0.811s] -- Installing: /home/chairman/working/ros2/ROS2_learning/chapt6/chapt6_ws/install/fishbot_description/share/fishbot_description/urdf/fishbot/sensor
[0.811s] -- Installing: /home/chairman/working/ros2/ROS2_learning/chapt6/chapt6_ws/install/fishbot_description/share/fishbot_description/urdf/fishbot/sensor/laser.urdf.xacro
[0.811s] -- Installing: /home/chairman/working/ros2/ROS2_learning/chapt6/chapt6_ws/install/fishbot_description/share/fishbot_description/urdf/fishbot/sensor/imu.urdf.xacro
[0.811s] -- Installing: /home/chairman/working/ros2/ROS2_learning/chapt6/chapt6_ws/install/fishbot_description/share/fishbot_description/urdf/fishbot/sensor/camera.urdf.xacro
[0.811s] -- Installing: /home/chairman/working/ros2/ROS2_learning/chapt6/chapt6_ws/install/fishbot_description/share/fishbot_description/urdf/fishbot/plugins
[0.811s] -- Installing: /home/chairman/working/ros2/ROS2_learning/chapt6/chapt6_ws/install/fishbot_description/share/fishbot_description/urdf/fishbot/plugins/gazebo_control_plugin.xacro
[0.811s] -- Installing: /home/chairman/working/ros2/ROS2_learning/chapt6/chapt6_ws/install/fishbot_description/share/fishbot_description/urdf/fishbot/plugins/gazebo_sensor_plugin.xacro
[0.812s] -- Installing: /home/chairman/working/ros2/ROS2_learning/chapt6/chapt6_ws/install/fishbot_description/share/fishbot_description/urdf/fishbot/fishbot.urdf.xacro
[0.812s] -- Installing: /home/chairman/working/ros2/ROS2_learning/chapt6/chapt6_ws/install/fishbot_description/share/fishbot_description/urdf/fishbot/actuator
[0.812s] -- Installing: /home/chairman/working/ros2/ROS2_learning/chapt6/chapt6_ws/install/fishbot_description/share/fishbot_description/urdf/fishbot/actuator/caster.urdf.xacro
[0.812s] -- Installing: /home/chairman/working/ros2/ROS2_learning/chapt6/chapt6_ws/install/fishbot_description/share/fishbot_description/urdf/fishbot/actuator/wheel.urdf.xacro
[0.812s] -- Installing: /home/chairman/working/ros2/ROS2_learning/chapt6/chapt6_ws/install/fishbot_description/share/fishbot_description/urdf/fishbot/common_inertia.xacro
[0.812s] -- Installing: /home/chairman/working/ros2/ROS2_learning/chapt6/chapt6_ws/install/fishbot_description/share/fishbot_description/urdf/fishbot/fishbot.ros2_control.xacro
[0.812s] -- Installing: /home/chairman/working/ros2/ROS2_learning/chapt6/chapt6_ws/install/fishbot_description/share/fishbot_description/urdf/fishbot/base.urdf.xacro
[0.812s] -- Installing: /home/chairman/working/ros2/ROS2_learning/chapt6/chapt6_ws/install/fishbot_description/share/fishbot_description/urdf/first_robot.urdf.xacro
[0.812s] -- Installing: /home/chairman/working/ros2/ROS2_learning/chapt6/chapt6_ws/install/fishbot_description/share/fishbot_description/urdf/first_robot.gv
[0.812s] -- Installing: /home/chairman/working/ros2/ROS2_learning/chapt6/chapt6_ws/install/fishbot_description/share/fishbot_description/config
[0.812s] -- Installing: /home/chairman/working/ros2/ROS2_learning/chapt6/chapt6_ws/install/fishbot_description/share/fishbot_description/config/fishbot_ros2_controller.yaml
[0.813s] -- Installing: /home/chairman/working/ros2/ROS2_learning/chapt6/chapt6_ws/install/fishbot_description/share/fishbot_description/config/rviz
[0.813s] -- Installing: /home/chairman/working/ros2/ROS2_learning/chapt6/chapt6_ws/install/fishbot_description/share/fishbot_description/config/rviz/display_model.rviz
[0.813s] -- Installing: /home/chairman/working/ros2/ROS2_learning/chapt6/chapt6_ws/install/fishbot_description/share/fishbot_description/world
[0.813s] -- Installing: /home/chairman/working/ros2/ROS2_learning/chapt6/chapt6_ws/install/fishbot_description/share/fishbot_description/world/custom_room.world
[0.813s] -- Installing: /home/chairman/working/ros2/ROS2_learning/chapt6/chapt6_ws/install/fishbot_description/share/fishbot_description/world/room
[0.813s] -- Installing: /home/chairman/working/ros2/ROS2_learning/chapt6/chapt6_ws/install/fishbot_description/share/fishbot_description/world/room/model.config
[0.813s] -- Installing: /home/chairman/working/ros2/ROS2_learning/chapt6/chapt6_ws/install/fishbot_description/share/fishbot_description/world/room/model.sdf
[0.813s] -- Installing: /home/chairman/working/ros2/ROS2_learning/chapt6/chapt6_ws/install/fishbot_description/share/ament_index/resource_index/package_run_dependencies/fishbot_description
[0.813s] -- Installing: /home/chairman/working/ros2/ROS2_learning/chapt6/chapt6_ws/install/fishbot_description/share/ament_index/resource_index/parent_prefix_path/fishbot_description
[0.814s] -- Installing: /home/chairman/working/ros2/ROS2_learning/chapt6/chapt6_ws/install/fishbot_description/share/fishbot_description/environment/ament_prefix_path.sh
[0.814s] -- Installing: /home/chairman/working/ros2/ROS2_learning/chapt6/chapt6_ws/install/fishbot_description/share/fishbot_description/environment/ament_prefix_path.dsv
[0.814s] -- Installing: /home/chairman/working/ros2/ROS2_learning/chapt6/chapt6_ws/install/fishbot_description/share/fishbot_description/environment/path.sh
[0.814s] -- Installing: /home/chairman/working/ros2/ROS2_learning/chapt6/chapt6_ws/install/fishbot_description/share/fishbot_description/environment/path.dsv
[0.814s] -- Installing: /home/chairman/working/ros2/ROS2_learning/chapt6/chapt6_ws/install/fishbot_description/share/fishbot_description/local_setup.bash
[0.814s] -- Installing: /home/chairman/working/ros2/ROS2_learning/chapt6/chapt6_ws/install/fishbot_description/share/fishbot_description/local_setup.sh
[0.814s] -- Installing: /home/chairman/working/ros2/ROS2_learning/chapt6/chapt6_ws/install/fishbot_description/share/fishbot_description/local_setup.zsh
[0.814s] -- Installing: /home/chairman/working/ros2/ROS2_learning/chapt6/chapt6_ws/install/fishbot_description/share/fishbot_description/local_setup.dsv
[0.814s] -- Installing: /home/chairman/working/ros2/ROS2_learning/chapt6/chapt6_ws/install/fishbot_description/share/fishbot_description/package.dsv
[0.815s] -- Installing: /home/chairman/working/ros2/ROS2_learning/chapt6/chapt6_ws/install/fishbot_description/share/ament_index/resource_index/packages/fishbot_description
[0.815s] -- Installing: /home/chairman/working/ros2/ROS2_learning/chapt6/chapt6_ws/install/fishbot_description/share/fishbot_description/cmake/fishbot_descriptionConfig.cmake
[0.815s] -- Installing: /home/chairman/working/ros2/ROS2_learning/chapt6/chapt6_ws/install/fishbot_description/share/fishbot_description/cmake/fishbot_descriptionConfig-version.cmake
[0.815s] -- Installing: /home/chairman/working/ros2/ROS2_learning/chapt6/chapt6_ws/install/fishbot_description/share/fishbot_description/package.xml
[0.817s] Invoked command in '/home/chairman/working/ros2/ROS2_learning/chapt6/chapt6_ws/build/fishbot_description' returned '0': CMAKE_PREFIX_PATH=/opt/ros/humble VIRTUAL_ENV_PROMPT=(venv) /usr/bin/cmake --install /home/chairman/working/ros2/ROS2_learning/chapt6/chapt6_ws/build/fishbot_description
