[0.017s] Invoking command in '/home/chairman/working/ros2/beijixiong/ros_ws/build/rmoss_base': CMAKE_PREFIX_PATH=/home/chairman/working/ros2/beijixiong/ros_ws/install/rmoss_interfaces:/home/chairman/working/ros2/beijixiong/ros_ws/install/rmu_gazebo_simulator:/home/chairman/working/ros2/beijixiong/ros_ws/install/pb2025_robot_description:/home/chairman/working/ros2/beijixiong/ros_ws/install/rmoss_core:/home/chairman/working/ros2/beijixiong/ros_ws/install/rmoss_cam:/home/chairman/working/ros2/beijixiong/ros_ws/install/rmoss_util:/home/chairman/working/ros2/beijixiong/ros_ws/install/rmoss_projectile_motion:/home/chairman/working/ros2/beijixiong/ros_ws/install/rmoss_gz_cam:/home/chairman/working/ros2/beijixiong/ros_ws/install/rmoss_gz_bridge:/home/chairman/working/ros2/beijixiong/ros_ws/install/rmoss_gz_base:/home/chairman/working/ros2/beijixiong/ros_ws/install/rmoss_base:/home/chairman/working/ros2/beijixiong/ros_ws/install/rmoss_gz_resources:/home/chairman/working/ros2/beijixiong/ros_ws/install/rmoss_gz_plugins:/home/chairman/working/ros2/beijixiong/ros_ws/install/sdformat_tools:/opt/ros/humble LD_LIBRARY_PATH=/home/chairman/working/ros2/beijixiong/ros_ws/install/rmoss_interfaces/lib:/home/chairman/working/ros2/beijixiong/ros_ws/install/rmoss_cam/lib:/home/chairman/working/ros2/beijixiong/ros_ws/install/rmoss_util/lib:/home/chairman/working/ros2/beijixiong/ros_ws/install/rmoss_projectile_motion/lib:/home/chairman/working/ros2/beijixiong/ros_ws/install/rmoss_gz_cam/lib:/home/chairman/working/ros2/beijixiong/ros_ws/install/rmoss_gz_base/lib:/home/chairman/working/ros2/beijixiong/ros_ws/install/rmoss_base/lib:/usr/lib/x86_64-linux-gnu:/usr/lib/x86_64-linux-gnu:/opt/ros/humble/opt/rviz_ogre_vendor/lib:/opt/ros/humble/lib/x86_64-linux-gnu:/opt/ros/humble/lib PYTHONPATH=/home/chairman/working/ros2/beijixiong/ros_ws/install/rmoss_interfaces/lib/python3.10/site-packages:/home/chairman/working/ros2/beijixiong/ros_ws/build/sdformat_tools:/home/chairman/working/ros2/beijixiong/ros_ws/install/sdformat_tools/lib/python3.10/site-packages:/opt/ros/humble/lib/python3.10/site-packages:/opt/ros/humble/local/lib/python3.10/dist-packages VIRTUAL_ENV_PROMPT=(venv) /usr/bin/cmake /home/chairman/working/ros2/beijixiong/ros_ws/src/rmoss_core/rmoss_base -DCMAKE_BUILD_TYPE=release -DAMENT_CMAKE_SYMLINK_INSTALL=1 -DCMAKE_INSTALL_PREFIX=/home/chairman/working/ros2/beijixiong/ros_ws/install/rmoss_base
[0.063s] -- The C compiler identification is GNU 11.4.0
[0.107s] -- The CXX compiler identification is GNU 11.4.0
[0.111s] -- Detecting C compiler ABI info
[0.162s] -- Detecting C compiler ABI info - done
[0.167s] -- Check for working C compiler: /usr/bin/cc - skipped
[0.167s] -- Detecting C compile features
[0.167s] -- Detecting C compile features - done
[0.169s] -- Detecting CXX compiler ABI info
[0.229s] -- Detecting CXX compiler ABI info - done
[0.235s] -- Check for working CXX compiler: /usr/bin/c++ - skipped
[0.235s] -- Detecting CXX compile features
[0.235s] -- Detecting CXX compile features - done
[0.237s] -- Found ament_cmake: 1.3.12 (/opt/ros/humble/share/ament_cmake/cmake)
[0.337s] -- Found Python3: /home/chairman/venv/bin/python3 (found version "3.10.12") found components: Interpreter 
[0.380s] -- Override CMake install command with custom implementation using symlinks instead of copying resources
[0.399s] -- Found rclcpp: 16.0.15 (/opt/ros/humble/share/rclcpp/cmake)
[0.429s] -- Found rosidl_generator_c: 3.1.7 (/opt/ros/humble/share/rosidl_generator_c/cmake)
[0.432s] -- Found rosidl_adapter: 3.1.7 (/opt/ros/humble/share/rosidl_adapter/cmake)
[0.437s] -- Found rosidl_generator_cpp: 3.1.7 (/opt/ros/humble/share/rosidl_generator_cpp/cmake)
[0.445s] -- Using all available rosidl_typesupport_c: rosidl_typesupport_fastrtps_c;rosidl_typesupport_introspection_c
[0.456s] -- Using all available rosidl_typesupport_cpp: rosidl_typesupport_fastrtps_cpp;rosidl_typesupport_introspection_cpp
[0.484s] -- Found rmw_implementation_cmake: 6.1.2 (/opt/ros/humble/share/rmw_implementation_cmake/cmake)
[0.486s] -- Found rmw_fastrtps_cpp: 6.2.9 (/opt/ros/humble/share/rmw_fastrtps_cpp/cmake)
[0.553s] -- Found OpenSSL: /usr/lib/x86_64-linux-gnu/libcrypto.so (found version "3.0.2")  
[0.572s] -- Found FastRTPS: /opt/ros/humble/include  
[0.599s] -- Using RMW implementation 'rmw_fastrtps_cpp' as default
[0.604s] -- Looking for pthread.h
[0.656s] -- Looking for pthread.h - found
[0.656s] -- Performing Test CMAKE_HAVE_LIBC_PTHREAD
[0.712s] -- Performing Test CMAKE_HAVE_LIBC_PTHREAD - Success
[0.712s] -- Found Threads: TRUE  
[0.746s] -- Found rclcpp_components: 16.0.15 (/opt/ros/humble/share/rclcpp_components/cmake)
[0.762s] -- Found rmoss_interfaces: 0.9.0 (/home/chairman/working/ros2/beijixiong/ros_ws/install/rmoss_interfaces/share/rmoss_interfaces/cmake)
[0.799s] -- Found ament_lint_auto: 0.12.14 (/opt/ros/humble/share/ament_lint_auto/cmake)
[0.870s] -- Found ament_cmake_gtest: 1.3.12 (/opt/ros/humble/share/ament_cmake_gtest/cmake)
[0.871s] -- Found gtest sources under '/opt/ros/humble/src/gtest_vendor': C++ tests using 'Google Test' will be built
[0.878s] -- Added test 'copyright' to check source files copyright and LICENSE
[0.879s] -- Added test 'cppcheck' to perform static code analysis on C / C++ code
[0.879s] -- Configured cppcheck include dirs: /home/chairman/working/ros2/beijixiong/ros_ws/src/rmoss_core/rmoss_base/include
[0.879s] -- Configured cppcheck exclude dirs and/or files: 
[0.880s] -- Added test 'cpplint' to check C / C++ code against the Google style
[0.880s] -- Configured cpplint exclude dirs and/or files: 
[0.881s] -- Added test 'flake8' to check Python code syntax and style conventions
[0.881s] -- Added test 'lint_cmake' to check CMake code style
[0.882s] -- Added test 'pep257' to check Python code against some of the docstring style conventions in PEP 257
[0.883s] -- Added test 'uncrustify' to check C / C++ code style
[0.883s] -- Configured uncrustify additional arguments: 
[0.883s] -- Added test 'xmllint' to check XML markup files
[0.884s] -- Configuring done
[0.902s] -- Generating done
[0.909s] -- Build files have been written to: /home/chairman/working/ros2/beijixiong/ros_ws/build/rmoss_base
[0.919s] Invoked command in '/home/chairman/working/ros2/beijixiong/ros_ws/build/rmoss_base' returned '0': CMAKE_PREFIX_PATH=/home/chairman/working/ros2/beijixiong/ros_ws/install/rmoss_interfaces:/home/chairman/working/ros2/beijixiong/ros_ws/install/rmu_gazebo_simulator:/home/chairman/working/ros2/beijixiong/ros_ws/install/pb2025_robot_description:/home/chairman/working/ros2/beijixiong/ros_ws/install/rmoss_core:/home/chairman/working/ros2/beijixiong/ros_ws/install/rmoss_cam:/home/chairman/working/ros2/beijixiong/ros_ws/install/rmoss_util:/home/chairman/working/ros2/beijixiong/ros_ws/install/rmoss_projectile_motion:/home/chairman/working/ros2/beijixiong/ros_ws/install/rmoss_gz_cam:/home/chairman/working/ros2/beijixiong/ros_ws/install/rmoss_gz_bridge:/home/chairman/working/ros2/beijixiong/ros_ws/install/rmoss_gz_base:/home/chairman/working/ros2/beijixiong/ros_ws/install/rmoss_base:/home/chairman/working/ros2/beijixiong/ros_ws/install/rmoss_gz_resources:/home/chairman/working/ros2/beijixiong/ros_ws/install/rmoss_gz_plugins:/home/chairman/working/ros2/beijixiong/ros_ws/install/sdformat_tools:/opt/ros/humble LD_LIBRARY_PATH=/home/chairman/working/ros2/beijixiong/ros_ws/install/rmoss_interfaces/lib:/home/chairman/working/ros2/beijixiong/ros_ws/install/rmoss_cam/lib:/home/chairman/working/ros2/beijixiong/ros_ws/install/rmoss_util/lib:/home/chairman/working/ros2/beijixiong/ros_ws/install/rmoss_projectile_motion/lib:/home/chairman/working/ros2/beijixiong/ros_ws/install/rmoss_gz_cam/lib:/home/chairman/working/ros2/beijixiong/ros_ws/install/rmoss_gz_base/lib:/home/chairman/working/ros2/beijixiong/ros_ws/install/rmoss_base/lib:/usr/lib/x86_64-linux-gnu:/usr/lib/x86_64-linux-gnu:/opt/ros/humble/opt/rviz_ogre_vendor/lib:/opt/ros/humble/lib/x86_64-linux-gnu:/opt/ros/humble/lib PYTHONPATH=/home/chairman/working/ros2/beijixiong/ros_ws/install/rmoss_interfaces/lib/python3.10/site-packages:/home/chairman/working/ros2/beijixiong/ros_ws/build/sdformat_tools:/home/chairman/working/ros2/beijixiong/ros_ws/install/sdformat_tools/lib/python3.10/site-packages:/opt/ros/humble/lib/python3.10/site-packages:/opt/ros/humble/local/lib/python3.10/dist-packages VIRTUAL_ENV_PROMPT=(venv) /usr/bin/cmake /home/chairman/working/ros2/beijixiong/ros_ws/src/rmoss_core/rmoss_base -DCMAKE_BUILD_TYPE=release -DAMENT_CMAKE_SYMLINK_INSTALL=1 -DCMAKE_INSTALL_PREFIX=/home/chairman/working/ros2/beijixiong/ros_ws/install/rmoss_base
[0.919s] Invoking command in '/home/chairman/working/ros2/beijixiong/ros_ws/build/rmoss_base': CMAKE_PREFIX_PATH=/home/chairman/working/ros2/beijixiong/ros_ws/install/rmoss_interfaces:/home/chairman/working/ros2/beijixiong/ros_ws/install/rmu_gazebo_simulator:/home/chairman/working/ros2/beijixiong/ros_ws/install/pb2025_robot_description:/home/chairman/working/ros2/beijixiong/ros_ws/install/rmoss_core:/home/chairman/working/ros2/beijixiong/ros_ws/install/rmoss_cam:/home/chairman/working/ros2/beijixiong/ros_ws/install/rmoss_util:/home/chairman/working/ros2/beijixiong/ros_ws/install/rmoss_projectile_motion:/home/chairman/working/ros2/beijixiong/ros_ws/install/rmoss_gz_cam:/home/chairman/working/ros2/beijixiong/ros_ws/install/rmoss_gz_bridge:/home/chairman/working/ros2/beijixiong/ros_ws/install/rmoss_gz_base:/home/chairman/working/ros2/beijixiong/ros_ws/install/rmoss_base:/home/chairman/working/ros2/beijixiong/ros_ws/install/rmoss_gz_resources:/home/chairman/working/ros2/beijixiong/ros_ws/install/rmoss_gz_plugins:/home/chairman/working/ros2/beijixiong/ros_ws/install/sdformat_tools:/opt/ros/humble LD_LIBRARY_PATH=/home/chairman/working/ros2/beijixiong/ros_ws/install/rmoss_interfaces/lib:/home/chairman/working/ros2/beijixiong/ros_ws/install/rmoss_cam/lib:/home/chairman/working/ros2/beijixiong/ros_ws/install/rmoss_util/lib:/home/chairman/working/ros2/beijixiong/ros_ws/install/rmoss_projectile_motion/lib:/home/chairman/working/ros2/beijixiong/ros_ws/install/rmoss_gz_cam/lib:/home/chairman/working/ros2/beijixiong/ros_ws/install/rmoss_gz_base/lib:/home/chairman/working/ros2/beijixiong/ros_ws/install/rmoss_base/lib:/usr/lib/x86_64-linux-gnu:/usr/lib/x86_64-linux-gnu:/opt/ros/humble/opt/rviz_ogre_vendor/lib:/opt/ros/humble/lib/x86_64-linux-gnu:/opt/ros/humble/lib PYTHONPATH=/home/chairman/working/ros2/beijixiong/ros_ws/install/rmoss_interfaces/lib/python3.10/site-packages:/home/chairman/working/ros2/beijixiong/ros_ws/build/sdformat_tools:/home/chairman/working/ros2/beijixiong/ros_ws/install/sdformat_tools/lib/python3.10/site-packages:/opt/ros/humble/lib/python3.10/site-packages:/opt/ros/humble/local/lib/python3.10/dist-packages VIRTUAL_ENV_PROMPT=(venv) /usr/bin/cmake --build /home/chairman/working/ros2/beijixiong/ros_ws/build/rmoss_base -- -j28 -l28
[0.969s] [  6%] [32mBuilding CXX object gtest/CMakeFiles/gtest_main.dir/src/gtest_main.cc.o[0m
[0.969s] [ 12%] [32mBuilding CXX object CMakeFiles/rmoss_base.dir/src/transporter_driver/uart_transporter.cpp.o[0m
[0.972s] [ 18%] [32mBuilding CXX object CMakeFiles/rmoss_base.dir/src/transporter_driver/udp_transporter.cpp.o[0m
[0.972s] [ 25%] [32mBuilding CXX object gtest/CMakeFiles/gtest.dir/src/gtest-all.cc.o[0m
[0.972s] [ 31%] [32mBuilding CXX object CMakeFiles/rmoss_base.dir/src/simple_robot_base_node.cpp.o[0m
[1.355s] [ 37%] [32m[1mLinking CXX static library libgtest_main.a[0m
[1.386s] [ 37%] Built target gtest_main
[8.828s] [ 43%] [32m[1mLinking CXX static library libgtest.a[0m
[8.867s] [ 43%] Built target gtest
[13.107s] [ 50%] [32m[1mLinking CXX shared library librmoss_base.so[0m
[13.280s] [ 50%] Built target rmoss_base
[13.305s] [ 75%] [32mBuilding CXX object test/CMakeFiles/test_udp_transporter.dir/test_udp_transporter.cpp.o[0m
[13.305s] [ 75%] [32mBuilding CXX object test/CMakeFiles/test_fixed_packet_tool.dir/test_fixed_packet_tool.cpp.o[0m
[13.305s] [ 75%] [32mBuilding CXX object test/CMakeFiles/test_fixed_packet.dir/test_fixed_packet.cpp.o[0m
[13.305s] [ 75%] [32mBuilding CXX object CMakeFiles/simple_robot_base.dir/src/simple_robot_base_main.cpp.o[0m
[14.048s] [ 81%] [32m[1mLinking CXX executable test_fixed_packet[0m
[14.054s] In file included from [01m[K/home/chairman/working/ros2/beijixiong/ros_ws/src/rmoss_core/rmoss_base/test/test_fixed_packet_tool.cpp:21[m[K:
[14.054s] [01m[K/home/chairman/working/ros2/beijixiong/ros_ws/src/rmoss_core/rmoss_base/test/dummy_transporter.hpp:[m[K In constructor ‘[01m[KTransporterFactory::TransporterFactory()[m[K’:
[14.054s] [01m[K/home/chairman/working/ros2/beijixiong/ros_ws/src/rmoss_core/rmoss_base/test/dummy_transporter.hpp:68:9:[m[K [01;35m[Kwarning: [m[Kignoring return value of ‘[01m[Kint pipe(int*)[m[K’ declared with attribute ‘[01m[Kwarn_unused_result[m[K’ [[01;35m[K]8;;https://gcc.gnu.org/onlinedocs/gcc/Warning-Options.html#index-Wunused-result-Wunused-result]8;;[m[K]
[14.054s]    68 |     [01;35m[Kpipe(fds1)[m[K;
[14.055s]       |     [01;35m[K~~~~^~~~~~[m[K
[14.055s] [01m[K/home/chairman/working/ros2/beijixiong/ros_ws/src/rmoss_core/rmoss_base/test/dummy_transporter.hpp:69:9:[m[K [01;35m[Kwarning: [m[Kignoring return value of ‘[01m[Kint pipe(int*)[m[K’ declared with attribute ‘[01m[Kwarn_unused_result[m[K’ [[01;35m[K]8;;https://gcc.gnu.org/onlinedocs/gcc/Warning-Options.html#index-Wunused-result-Wunused-result]8;;[m[K]
[14.055s]    69 |     [01;35m[Kpipe(fds2)[m[K;
[14.055s]       |     [01;35m[K~~~~^~~~~~[m[K
[14.149s] [ 81%] Built target test_fixed_packet
[14.470s] [ 87%] [32m[1mLinking CXX executable test_fixed_packet_tool[0m
[14.539s] [ 93%] [32m[1mLinking CXX executable test_udp_transporter[0m
[14.584s] [ 93%] Built target test_fixed_packet_tool
[14.633s] [ 93%] Built target test_udp_transporter
[15.344s] [100%] [32m[1mLinking CXX executable simple_robot_base[0m
[15.436s] [100%] Built target simple_robot_base
[15.448s] Invoked command in '/home/chairman/working/ros2/beijixiong/ros_ws/build/rmoss_base' returned '0': CMAKE_PREFIX_PATH=/home/chairman/working/ros2/beijixiong/ros_ws/install/rmoss_interfaces:/home/chairman/working/ros2/beijixiong/ros_ws/install/rmu_gazebo_simulator:/home/chairman/working/ros2/beijixiong/ros_ws/install/pb2025_robot_description:/home/chairman/working/ros2/beijixiong/ros_ws/install/rmoss_core:/home/chairman/working/ros2/beijixiong/ros_ws/install/rmoss_cam:/home/chairman/working/ros2/beijixiong/ros_ws/install/rmoss_util:/home/chairman/working/ros2/beijixiong/ros_ws/install/rmoss_projectile_motion:/home/chairman/working/ros2/beijixiong/ros_ws/install/rmoss_gz_cam:/home/chairman/working/ros2/beijixiong/ros_ws/install/rmoss_gz_bridge:/home/chairman/working/ros2/beijixiong/ros_ws/install/rmoss_gz_base:/home/chairman/working/ros2/beijixiong/ros_ws/install/rmoss_base:/home/chairman/working/ros2/beijixiong/ros_ws/install/rmoss_gz_resources:/home/chairman/working/ros2/beijixiong/ros_ws/install/rmoss_gz_plugins:/home/chairman/working/ros2/beijixiong/ros_ws/install/sdformat_tools:/opt/ros/humble LD_LIBRARY_PATH=/home/chairman/working/ros2/beijixiong/ros_ws/install/rmoss_interfaces/lib:/home/chairman/working/ros2/beijixiong/ros_ws/install/rmoss_cam/lib:/home/chairman/working/ros2/beijixiong/ros_ws/install/rmoss_util/lib:/home/chairman/working/ros2/beijixiong/ros_ws/install/rmoss_projectile_motion/lib:/home/chairman/working/ros2/beijixiong/ros_ws/install/rmoss_gz_cam/lib:/home/chairman/working/ros2/beijixiong/ros_ws/install/rmoss_gz_base/lib:/home/chairman/working/ros2/beijixiong/ros_ws/install/rmoss_base/lib:/usr/lib/x86_64-linux-gnu:/usr/lib/x86_64-linux-gnu:/opt/ros/humble/opt/rviz_ogre_vendor/lib:/opt/ros/humble/lib/x86_64-linux-gnu:/opt/ros/humble/lib PYTHONPATH=/home/chairman/working/ros2/beijixiong/ros_ws/install/rmoss_interfaces/lib/python3.10/site-packages:/home/chairman/working/ros2/beijixiong/ros_ws/build/sdformat_tools:/home/chairman/working/ros2/beijixiong/ros_ws/install/sdformat_tools/lib/python3.10/site-packages:/opt/ros/humble/lib/python3.10/site-packages:/opt/ros/humble/local/lib/python3.10/dist-packages VIRTUAL_ENV_PROMPT=(venv) /usr/bin/cmake --build /home/chairman/working/ros2/beijixiong/ros_ws/build/rmoss_base -- -j28 -l28
[15.451s] Invoking command in '/home/chairman/working/ros2/beijixiong/ros_ws/build/rmoss_base': CMAKE_PREFIX_PATH=/home/chairman/working/ros2/beijixiong/ros_ws/install/rmoss_interfaces:/home/chairman/working/ros2/beijixiong/ros_ws/install/rmu_gazebo_simulator:/home/chairman/working/ros2/beijixiong/ros_ws/install/pb2025_robot_description:/home/chairman/working/ros2/beijixiong/ros_ws/install/rmoss_core:/home/chairman/working/ros2/beijixiong/ros_ws/install/rmoss_cam:/home/chairman/working/ros2/beijixiong/ros_ws/install/rmoss_util:/home/chairman/working/ros2/beijixiong/ros_ws/install/rmoss_projectile_motion:/home/chairman/working/ros2/beijixiong/ros_ws/install/rmoss_gz_cam:/home/chairman/working/ros2/beijixiong/ros_ws/install/rmoss_gz_bridge:/home/chairman/working/ros2/beijixiong/ros_ws/install/rmoss_gz_base:/home/chairman/working/ros2/beijixiong/ros_ws/install/rmoss_base:/home/chairman/working/ros2/beijixiong/ros_ws/install/rmoss_gz_resources:/home/chairman/working/ros2/beijixiong/ros_ws/install/rmoss_gz_plugins:/home/chairman/working/ros2/beijixiong/ros_ws/install/sdformat_tools:/opt/ros/humble LD_LIBRARY_PATH=/home/chairman/working/ros2/beijixiong/ros_ws/install/rmoss_interfaces/lib:/home/chairman/working/ros2/beijixiong/ros_ws/install/rmoss_cam/lib:/home/chairman/working/ros2/beijixiong/ros_ws/install/rmoss_util/lib:/home/chairman/working/ros2/beijixiong/ros_ws/install/rmoss_projectile_motion/lib:/home/chairman/working/ros2/beijixiong/ros_ws/install/rmoss_gz_cam/lib:/home/chairman/working/ros2/beijixiong/ros_ws/install/rmoss_gz_base/lib:/home/chairman/working/ros2/beijixiong/ros_ws/install/rmoss_base/lib:/usr/lib/x86_64-linux-gnu:/usr/lib/x86_64-linux-gnu:/opt/ros/humble/opt/rviz_ogre_vendor/lib:/opt/ros/humble/lib/x86_64-linux-gnu:/opt/ros/humble/lib PYTHONPATH=/home/chairman/working/ros2/beijixiong/ros_ws/install/rmoss_interfaces/lib/python3.10/site-packages:/home/chairman/working/ros2/beijixiong/ros_ws/build/sdformat_tools:/home/chairman/working/ros2/beijixiong/ros_ws/install/sdformat_tools/lib/python3.10/site-packages:/opt/ros/humble/lib/python3.10/site-packages:/opt/ros/humble/local/lib/python3.10/dist-packages VIRTUAL_ENV_PROMPT=(venv) /usr/bin/cmake --install /home/chairman/working/ros2/beijixiong/ros_ws/build/rmoss_base
[15.458s] -- Install configuration: "release"
[15.459s] -- Execute custom install script
[15.459s] -- Symlinking: /home/chairman/working/ros2/beijixiong/ros_ws/install/rmoss_base/include/rmoss_base/fixed_packet.hpp
[15.468s] -- Symlinking: /home/chairman/working/ros2/beijixiong/ros_ws/install/rmoss_base/include/rmoss_base/fixed_packet_tool.hpp
[15.476s] -- Symlinking: /home/chairman/working/ros2/beijixiong/ros_ws/install/rmoss_base/include/rmoss_base/simple_robot_base_node.hpp
[15.484s] -- Symlinking: /home/chairman/working/ros2/beijixiong/ros_ws/install/rmoss_base/include/rmoss_base/transporter_interface.hpp
[15.491s] -- Symlinking: /home/chairman/working/ros2/beijixiong/ros_ws/install/rmoss_base/include/rmoss_base/uart_transporter.hpp
[15.498s] -- Symlinking: /home/chairman/working/ros2/beijixiong/ros_ws/install/rmoss_base/include/rmoss_base/udp_transporter.hpp
[15.507s] -- Symlinking: /home/chairman/working/ros2/beijixiong/ros_ws/install/rmoss_base/lib/rmoss_base/simple_robot_base
[15.515s] -- Symlinking: /home/chairman/working/ros2/beijixiong/ros_ws/install/rmoss_base/lib/rmoss_base/test_control_chassis.py
[15.523s] -- Symlinking: /home/chairman/working/ros2/beijixiong/ros_ws/install/rmoss_base/lib/rmoss_base/test_control_gimbal.py
[15.531s] -- Symlinking: /home/chairman/working/ros2/beijixiong/ros_ws/install/rmoss_base/share/rmoss_base/environment/library_path.sh
[15.539s] -- Symlinking: /home/chairman/working/ros2/beijixiong/ros_ws/install/rmoss_base/share/rmoss_base/environment/library_path.dsv
[15.546s] -- Symlinking: /home/chairman/working/ros2/beijixiong/ros_ws/install/rmoss_base/share/ament_index/resource_index/package_run_dependencies/rmoss_base
[15.554s] -- Symlinking: /home/chairman/working/ros2/beijixiong/ros_ws/install/rmoss_base/share/ament_index/resource_index/parent_prefix_path/rmoss_base
[15.561s] -- Symlinking: /home/chairman/working/ros2/beijixiong/ros_ws/install/rmoss_base/share/rmoss_base/environment/ament_prefix_path.sh
[15.569s] -- Symlinking: /home/chairman/working/ros2/beijixiong/ros_ws/install/rmoss_base/share/rmoss_base/environment/ament_prefix_path.dsv
[15.577s] -- Symlinking: /home/chairman/working/ros2/beijixiong/ros_ws/install/rmoss_base/share/rmoss_base/environment/path.sh
[15.585s] -- Symlinking: /home/chairman/working/ros2/beijixiong/ros_ws/install/rmoss_base/share/rmoss_base/environment/path.dsv
[15.593s] -- Symlinking: /home/chairman/working/ros2/beijixiong/ros_ws/install/rmoss_base/share/rmoss_base/local_setup.bash
[15.602s] -- Symlinking: /home/chairman/working/ros2/beijixiong/ros_ws/install/rmoss_base/share/rmoss_base/local_setup.sh
[15.610s] -- Symlinking: /home/chairman/working/ros2/beijixiong/ros_ws/install/rmoss_base/share/rmoss_base/local_setup.zsh
[15.619s] -- Symlinking: /home/chairman/working/ros2/beijixiong/ros_ws/install/rmoss_base/share/rmoss_base/local_setup.dsv
[15.627s] -- Symlinking: /home/chairman/working/ros2/beijixiong/ros_ws/install/rmoss_base/share/rmoss_base/package.dsv
[15.636s] -- Symlinking: /home/chairman/working/ros2/beijixiong/ros_ws/install/rmoss_base/share/ament_index/resource_index/packages/rmoss_base
[15.643s] -- Symlinking: /home/chairman/working/ros2/beijixiong/ros_ws/install/rmoss_base/share/ament_index/resource_index/rclcpp_components/rmoss_base
[15.651s] -- Symlinking: /home/chairman/working/ros2/beijixiong/ros_ws/install/rmoss_base/share/rmoss_base/cmake/ament_cmake_export_targets-extras.cmake
[15.659s] -- Symlinking: /home/chairman/working/ros2/beijixiong/ros_ws/install/rmoss_base/share/rmoss_base/cmake/ament_cmake_export_dependencies-extras.cmake
[15.667s] -- Symlinking: /home/chairman/working/ros2/beijixiong/ros_ws/install/rmoss_base/share/rmoss_base/cmake/rmoss_baseConfig.cmake
[15.673s] -- Symlinking: /home/chairman/working/ros2/beijixiong/ros_ws/install/rmoss_base/share/rmoss_base/cmake/rmoss_baseConfig-version.cmake
[15.681s] -- Symlinking: /home/chairman/working/ros2/beijixiong/ros_ws/install/rmoss_base/share/rmoss_base/package.xml
[15.686s] -- Installing: /home/chairman/working/ros2/beijixiong/ros_ws/install/rmoss_base/lib/librmoss_base.so
[15.687s] -- Set runtime path of "/home/chairman/working/ros2/beijixiong/ros_ws/install/rmoss_base/lib/librmoss_base.so" to ""
[15.687s] -- Installing: /home/chairman/working/ros2/beijixiong/ros_ws/install/rmoss_base/share/rmoss_base/cmake/rmoss_baseExport.cmake
[15.687s] -- Installing: /home/chairman/working/ros2/beijixiong/ros_ws/install/rmoss_base/share/rmoss_base/cmake/rmoss_baseExport-release.cmake
[15.690s] Invoked command in '/home/chairman/working/ros2/beijixiong/ros_ws/build/rmoss_base' returned '0': CMAKE_PREFIX_PATH=/home/chairman/working/ros2/beijixiong/ros_ws/install/rmoss_interfaces:/home/chairman/working/ros2/beijixiong/ros_ws/install/rmu_gazebo_simulator:/home/chairman/working/ros2/beijixiong/ros_ws/install/pb2025_robot_description:/home/chairman/working/ros2/beijixiong/ros_ws/install/rmoss_core:/home/chairman/working/ros2/beijixiong/ros_ws/install/rmoss_cam:/home/chairman/working/ros2/beijixiong/ros_ws/install/rmoss_util:/home/chairman/working/ros2/beijixiong/ros_ws/install/rmoss_projectile_motion:/home/chairman/working/ros2/beijixiong/ros_ws/install/rmoss_gz_cam:/home/chairman/working/ros2/beijixiong/ros_ws/install/rmoss_gz_bridge:/home/chairman/working/ros2/beijixiong/ros_ws/install/rmoss_gz_base:/home/chairman/working/ros2/beijixiong/ros_ws/install/rmoss_base:/home/chairman/working/ros2/beijixiong/ros_ws/install/rmoss_gz_resources:/home/chairman/working/ros2/beijixiong/ros_ws/install/rmoss_gz_plugins:/home/chairman/working/ros2/beijixiong/ros_ws/install/sdformat_tools:/opt/ros/humble LD_LIBRARY_PATH=/home/chairman/working/ros2/beijixiong/ros_ws/install/rmoss_interfaces/lib:/home/chairman/working/ros2/beijixiong/ros_ws/install/rmoss_cam/lib:/home/chairman/working/ros2/beijixiong/ros_ws/install/rmoss_util/lib:/home/chairman/working/ros2/beijixiong/ros_ws/install/rmoss_projectile_motion/lib:/home/chairman/working/ros2/beijixiong/ros_ws/install/rmoss_gz_cam/lib:/home/chairman/working/ros2/beijixiong/ros_ws/install/rmoss_gz_base/lib:/home/chairman/working/ros2/beijixiong/ros_ws/install/rmoss_base/lib:/usr/lib/x86_64-linux-gnu:/usr/lib/x86_64-linux-gnu:/opt/ros/humble/opt/rviz_ogre_vendor/lib:/opt/ros/humble/lib/x86_64-linux-gnu:/opt/ros/humble/lib PYTHONPATH=/home/chairman/working/ros2/beijixiong/ros_ws/install/rmoss_interfaces/lib/python3.10/site-packages:/home/chairman/working/ros2/beijixiong/ros_ws/build/sdformat_tools:/home/chairman/working/ros2/beijixiong/ros_ws/install/sdformat_tools/lib/python3.10/site-packages:/opt/ros/humble/lib/python3.10/site-packages:/opt/ros/humble/local/lib/python3.10/dist-packages VIRTUAL_ENV_PROMPT=(venv) /usr/bin/cmake --install /home/chairman/working/ros2/beijixiong/ros_ws/build/rmoss_base
