-- The C compiler identification is GNU 11.4.0
-- The CXX compiler identification is GNU 11.4.0
-- Detecting C compiler ABI info
-- Detecting C compiler ABI info - done
-- Check for working C compiler: /usr/bin/cc - skipped
-- Detecting C compile features
-- Detecting C compile features - done
-- Detecting CXX compiler ABI info
-- Detecting CXX compiler ABI info - done
-- Check for working CXX compiler: /usr/bin/c++ - skipped
-- Detecting CXX compile features
-- Detecting CXX compile features - done
-- Found ament_cmake: 1.3.12 (/opt/ros/humble/share/ament_cmake/cmake)
-- Found Python3: /home/chairman/venv/bin/python3 (found version "3.10.12") found components: Interpreter 
-- Found rclcpp: 16.0.15 (/opt/ros/humble/share/rclcpp/cmake)
-- Found rosidl_generator_c: 3.1.7 (/opt/ros/humble/share/rosidl_generator_c/cmake)
-- Found rosidl_adapter: 3.1.7 (/opt/ros/humble/share/rosidl_adapter/cmake)
-- Found rosidl_generator_cpp: 3.1.7 (/opt/ros/humble/share/rosidl_generator_cpp/cmake)
-- Using all available rosidl_typesupport_c: rosidl_typesupport_fastrtps_c;rosidl_typesupport_introspection_c
-- Using all available rosidl_typesupport_cpp: rosidl_typesupport_fastrtps_cpp;rosidl_typesupport_introspection_cpp
-- Found rmw_implementation_cmake: 6.1.2 (/opt/ros/humble/share/rmw_implementation_cmake/cmake)
-- Found rmw_fastrtps_cpp: 6.2.9 (/opt/ros/humble/share/rmw_fastrtps_cpp/cmake)
-- Found OpenSSL: /usr/lib/x86_64-linux-gnu/libcrypto.so (found version "3.0.2")  
-- Found FastRTPS: /opt/ros/humble/include  
-- Using RMW implementation 'rmw_fastrtps_cpp' as default
-- Looking for pthread.h
-- Looking for pthread.h - found
-- Performing Test CMAKE_HAVE_LIBC_PTHREAD
-- Performing Test CMAKE_HAVE_LIBC_PTHREAD - Success
-- Found Threads: TRUE  
-- Found nav_msgs: 4.9.0 (/opt/ros/humble/share/nav_msgs/cmake)
-- Found tf2: 0.25.16 (/opt/ros/humble/share/tf2/cmake)
-- Found tf2_geometry_msgs: 0.25.16 (/opt/ros/humble/share/tf2_geometry_msgs/cmake)
-- Found eigen3_cmake_module: 0.1.1 (/opt/ros/humble/share/eigen3_cmake_module/cmake)
-- Found Eigen3: TRUE (found version "3.4.0") 
-- Ensuring Eigen3 include directory is part of orocos-kdl CMake target
-- Found ament_lint_auto: 0.12.14 (/opt/ros/humble/share/ament_lint_auto/cmake)
-- Configuring done
-- Generating done
-- Build files have been written to: /home/chairman/working/ros2/leida/ws_livox/build/odometry
[ 25%] [32mBuilding CXX object CMakeFiles/odometry_listener.dir/src/odometry_listener.cpp.o[0m
[ 50%] [32mBuilding CXX object CMakeFiles/odometry_transform.dir/src/odometry_transform.cpp.o[0m
[ 75%] [32m[1mLinking CXX executable odometry_transform[0m
[100%] [32m[1mLinking CXX executable odometry_listener[0m
[100%] Built target odometry_transform
[100%] Built target odometry_listener
-- Install configuration: ""
-- Installing: /home/chairman/working/ros2/leida/ws_livox/install/odometry/lib/odometry/odometry_listener
-- Set runtime path of "/home/chairman/working/ros2/leida/ws_livox/install/odometry/lib/odometry/odometry_listener" to ""
-- Installing: /home/chairman/working/ros2/leida/ws_livox/install/odometry/lib/odometry/odometry_transform
-- Set runtime path of "/home/chairman/working/ros2/leida/ws_livox/install/odometry/lib/odometry/odometry_transform" to ""
-- Installing: /home/chairman/working/ros2/leida/ws_livox/install/odometry/share/odometry//launch
-- Installing: /home/chairman/working/ros2/leida/ws_livox/install/odometry/share/odometry//launch/odometry_listener_launch.py
-- Installing: /home/chairman/working/ros2/leida/ws_livox/install/odometry/share/odometry//launch/odometry_transform_launch.py
-- Installing: /home/chairman/working/ros2/leida/ws_livox/install/odometry/share/ament_index/resource_index/package_run_dependencies/odometry
-- Installing: /home/chairman/working/ros2/leida/ws_livox/install/odometry/share/ament_index/resource_index/parent_prefix_path/odometry
-- Installing: /home/chairman/working/ros2/leida/ws_livox/install/odometry/share/odometry/environment/ament_prefix_path.sh
-- Installing: /home/chairman/working/ros2/leida/ws_livox/install/odometry/share/odometry/environment/ament_prefix_path.dsv
-- Installing: /home/chairman/working/ros2/leida/ws_livox/install/odometry/share/odometry/environment/path.sh
-- Installing: /home/chairman/working/ros2/leida/ws_livox/install/odometry/share/odometry/environment/path.dsv
-- Installing: /home/chairman/working/ros2/leida/ws_livox/install/odometry/share/odometry/local_setup.bash
-- Installing: /home/chairman/working/ros2/leida/ws_livox/install/odometry/share/odometry/local_setup.sh
-- Installing: /home/chairman/working/ros2/leida/ws_livox/install/odometry/share/odometry/local_setup.zsh
-- Installing: /home/chairman/working/ros2/leida/ws_livox/install/odometry/share/odometry/local_setup.dsv
-- Installing: /home/chairman/working/ros2/leida/ws_livox/install/odometry/share/odometry/package.dsv
-- Installing: /home/chairman/working/ros2/leida/ws_livox/install/odometry/share/ament_index/resource_index/packages/odometry
-- Installing: /home/chairman/working/ros2/leida/ws_livox/install/odometry/share/odometry/cmake/odometryConfig.cmake
-- Installing: /home/chairman/working/ros2/leida/ws_livox/install/odometry/share/odometry/cmake/odometryConfig-version.cmake
-- Installing: /home/chairman/working/ros2/leida/ws_livox/install/odometry/share/odometry/package.xml
