[0.008s] Invoking command in '/home/chairman/working/ros2/leida/ws_livox/build/odometry': CMAKE_PREFIX_PATH=/opt/ros/humble VIRTUAL_ENV_PROMPT=(venv) /usr/bin/cmake /home/chairman/working/ros2/leida/ws_livox/src/odometry -DROS_EDITION=ROS2 -DHUMBLE_ROS=humble -DCMAKE_INSTALL_PREFIX=/home/chairman/working/ros2/leida/ws_livox/install/odometry
[0.053s] -- The C compiler identification is GNU 11.4.0
[0.092s] -- The CXX compiler identification is GNU 11.4.0
[0.097s] -- Detecting C compiler ABI info
[0.150s] -- Detecting C compiler ABI info - done
[0.156s] -- Check for working C compiler: /usr/bin/cc - skipped
[0.156s] -- Detecting C compile features
[0.156s] -- Detecting C compile features - done
[0.159s] -- Detecting CXX compiler ABI info
[0.229s] -- Detecting CXX compiler ABI info - done
[0.234s] -- Check for working CXX compiler: /usr/bin/c++ - skipped
[0.234s] -- Detecting CXX compile features
[0.235s] -- Detecting CXX compile features - done
[0.236s] -- Found ament_cmake: 1.3.12 (/opt/ros/humble/share/ament_cmake/cmake)
[0.481s] -- Found Python3: /home/chairman/venv/bin/python3 (found version "3.10.12") found components: Interpreter 
[0.539s] -- Found rclcpp: 16.0.15 (/opt/ros/humble/share/rclcpp/cmake)
[0.570s] -- Found rosidl_generator_c: 3.1.7 (/opt/ros/humble/share/rosidl_generator_c/cmake)
[0.573s] -- Found rosidl_adapter: 3.1.7 (/opt/ros/humble/share/rosidl_adapter/cmake)
[0.578s] -- Found rosidl_generator_cpp: 3.1.7 (/opt/ros/humble/share/rosidl_generator_cpp/cmake)
[0.586s] -- Using all available rosidl_typesupport_c: rosidl_typesupport_fastrtps_c;rosidl_typesupport_introspection_c
[0.596s] -- Using all available rosidl_typesupport_cpp: rosidl_typesupport_fastrtps_cpp;rosidl_typesupport_introspection_cpp
[0.625s] -- Found rmw_implementation_cmake: 6.1.2 (/opt/ros/humble/share/rmw_implementation_cmake/cmake)
[0.627s] -- Found rmw_fastrtps_cpp: 6.2.9 (/opt/ros/humble/share/rmw_fastrtps_cpp/cmake)
[0.692s] -- Found OpenSSL: /usr/lib/x86_64-linux-gnu/libcrypto.so (found version "3.0.2")  
[0.717s] -- Found FastRTPS: /opt/ros/humble/include  
[0.751s] -- Using RMW implementation 'rmw_fastrtps_cpp' as default
[0.758s] -- Looking for pthread.h
[0.807s] -- Looking for pthread.h - found
[0.808s] -- Performing Test CMAKE_HAVE_LIBC_PTHREAD
[0.865s] -- Performing Test CMAKE_HAVE_LIBC_PTHREAD - Success
[0.866s] -- Found Threads: TRUE  
[0.900s] -- Found nav_msgs: 4.9.0 (/opt/ros/humble/share/nav_msgs/cmake)
[0.921s] -- Found tf2: 0.25.16 (/opt/ros/humble/share/tf2/cmake)
[0.928s] -- Found tf2_geometry_msgs: 0.25.16 (/opt/ros/humble/share/tf2_geometry_msgs/cmake)
[0.937s] -- Found eigen3_cmake_module: 0.1.1 (/opt/ros/humble/share/eigen3_cmake_module/cmake)
[0.938s] -- Found Eigen3: TRUE (found version "3.4.0") 
[0.938s] -- Ensuring Eigen3 include directory is part of orocos-kdl CMake target
[1.001s] -- Found ament_lint_auto: 0.12.14 (/opt/ros/humble/share/ament_lint_auto/cmake)
[1.055s] -- Configuring done
[1.064s] -- Generating done
[1.065s] [33mCMake Warning:
[1.065s]   Manually-specified variables were not used by the project:
[1.065s] 
[1.065s]     HUMBLE_ROS
[1.065s]     ROS_EDITION
[1.065s] 
[1.065s] [0m
[1.068s] -- Build files have been written to: /home/chairman/working/ros2/leida/ws_livox/build/odometry
[1.075s] Invoked command in '/home/chairman/working/ros2/leida/ws_livox/build/odometry' returned '0': CMAKE_PREFIX_PATH=/opt/ros/humble VIRTUAL_ENV_PROMPT=(venv) /usr/bin/cmake /home/chairman/working/ros2/leida/ws_livox/src/odometry -DROS_EDITION=ROS2 -DHUMBLE_ROS=humble -DCMAKE_INSTALL_PREFIX=/home/chairman/working/ros2/leida/ws_livox/install/odometry
[1.075s] Invoking command in '/home/chairman/working/ros2/leida/ws_livox/build/odometry': CMAKE_PREFIX_PATH=/opt/ros/humble VIRTUAL_ENV_PROMPT=(venv) /usr/bin/cmake --build /home/chairman/working/ros2/leida/ws_livox/build/odometry -- -j28 -l28
[1.115s] [ 25%] [32mBuilding CXX object CMakeFiles/odometry_listener.dir/src/odometry_listener.cpp.o[0m
[1.116s] [ 50%] [32mBuilding CXX object CMakeFiles/odometry_transform.dir/src/odometry_transform.cpp.o[0m
[6.675s] [ 75%] [32m[1mLinking CXX executable odometry_transform[0m
[6.705s] [100%] [32m[1mLinking CXX executable odometry_listener[0m
[6.958s] [100%] Built target odometry_transform
[6.979s] [100%] Built target odometry_listener
[6.989s] Invoked command in '/home/chairman/working/ros2/leida/ws_livox/build/odometry' returned '0': CMAKE_PREFIX_PATH=/opt/ros/humble VIRTUAL_ENV_PROMPT=(venv) /usr/bin/cmake --build /home/chairman/working/ros2/leida/ws_livox/build/odometry -- -j28 -l28
[6.999s] Invoking command in '/home/chairman/working/ros2/leida/ws_livox/build/odometry': CMAKE_PREFIX_PATH=/opt/ros/humble VIRTUAL_ENV_PROMPT=(venv) /usr/bin/cmake --install /home/chairman/working/ros2/leida/ws_livox/build/odometry
[7.005s] -- Install configuration: ""
[7.005s] -- Installing: /home/chairman/working/ros2/leida/ws_livox/install/odometry/lib/odometry/odometry_listener
[7.007s] -- Set runtime path of "/home/chairman/working/ros2/leida/ws_livox/install/odometry/lib/odometry/odometry_listener" to ""
[7.007s] -- Installing: /home/chairman/working/ros2/leida/ws_livox/install/odometry/lib/odometry/odometry_transform
[7.009s] -- Set runtime path of "/home/chairman/working/ros2/leida/ws_livox/install/odometry/lib/odometry/odometry_transform" to ""
[7.009s] -- Installing: /home/chairman/working/ros2/leida/ws_livox/install/odometry/share/odometry//launch
[7.009s] -- Installing: /home/chairman/working/ros2/leida/ws_livox/install/odometry/share/odometry//launch/odometry_listener_launch.py
[7.009s] -- Installing: /home/chairman/working/ros2/leida/ws_livox/install/odometry/share/odometry//launch/odometry_transform_launch.py
[7.009s] -- Installing: /home/chairman/working/ros2/leida/ws_livox/install/odometry/share/ament_index/resource_index/package_run_dependencies/odometry
[7.009s] -- Installing: /home/chairman/working/ros2/leida/ws_livox/install/odometry/share/ament_index/resource_index/parent_prefix_path/odometry
[7.009s] -- Installing: /home/chairman/working/ros2/leida/ws_livox/install/odometry/share/odometry/environment/ament_prefix_path.sh
[7.010s] -- Installing: /home/chairman/working/ros2/leida/ws_livox/install/odometry/share/odometry/environment/ament_prefix_path.dsv
[7.010s] -- Installing: /home/chairman/working/ros2/leida/ws_livox/install/odometry/share/odometry/environment/path.sh
[7.010s] -- Installing: /home/chairman/working/ros2/leida/ws_livox/install/odometry/share/odometry/environment/path.dsv
[7.010s] -- Installing: /home/chairman/working/ros2/leida/ws_livox/install/odometry/share/odometry/local_setup.bash
[7.010s] -- Installing: /home/chairman/working/ros2/leida/ws_livox/install/odometry/share/odometry/local_setup.sh
[7.010s] -- Installing: /home/chairman/working/ros2/leida/ws_livox/install/odometry/share/odometry/local_setup.zsh
[7.010s] -- Installing: /home/chairman/working/ros2/leida/ws_livox/install/odometry/share/odometry/local_setup.dsv
[7.010s] -- Installing: /home/chairman/working/ros2/leida/ws_livox/install/odometry/share/odometry/package.dsv
[7.010s] -- Installing: /home/chairman/working/ros2/leida/ws_livox/install/odometry/share/ament_index/resource_index/packages/odometry
[7.010s] -- Installing: /home/chairman/working/ros2/leida/ws_livox/install/odometry/share/odometry/cmake/odometryConfig.cmake
[7.010s] -- Installing: /home/chairman/working/ros2/leida/ws_livox/install/odometry/share/odometry/cmake/odometryConfig-version.cmake
[7.011s] -- Installing: /home/chairman/working/ros2/leida/ws_livox/install/odometry/share/odometry/package.xml
[7.012s] Invoked command in '/home/chairman/working/ros2/leida/ws_livox/build/odometry' returned '0': CMAKE_PREFIX_PATH=/opt/ros/humble VIRTUAL_ENV_PROMPT=(venv) /usr/bin/cmake --install /home/chairman/working/ros2/leida/ws_livox/build/odometry
