[0.009s] Invoking command in '/home/chairman/working/ros2/learning/chapt8/learn_pluginlib/build/motion_control_system': CMAKE_PREFIX_PATH=${CMAKE_PREFIX_PATH}:/opt/ros/humble /usr/bin/cmake --build /home/chairman/working/ros2/learning/chapt8/learn_pluginlib/build/motion_control_system -- -j28 -l28
[0.050s] [ 50%] Built target spin_motion_controller
[0.051s] [100%] Built target test_plugin
[0.060s] Invoked command in '/home/chairman/working/ros2/learning/chapt8/learn_pluginlib/build/motion_control_system' returned '0': CMAKE_PREFIX_PATH=${CMAKE_PREFIX_PATH}:/opt/ros/humble /usr/bin/cmake --build /home/chairman/working/ros2/learning/chapt8/learn_pluginlib/build/motion_control_system -- -j28 -l28
[0.067s] Invoking command in '/home/chairman/working/ros2/learning/chapt8/learn_pluginlib/build/motion_control_system': CMAKE_PREFIX_PATH=${CMAKE_PREFIX_PATH}:/opt/ros/humble /usr/bin/cmake --install /home/chairman/working/ros2/learning/chapt8/learn_pluginlib/build/motion_control_system
[0.072s] -- Install configuration: ""
[0.072s] -- Up-to-date: /home/chairman/working/ros2/learning/chapt8/learn_pluginlib/install/motion_control_system/lib/libspin_motion_controller.so
[0.072s] -- Up-to-date: /home/chairman/working/ros2/learning/chapt8/learn_pluginlib/install/motion_control_system/include/
[0.072s] -- Up-to-date: /home/chairman/working/ros2/learning/chapt8/learn_pluginlib/install/motion_control_system/include//motion_control_system
[0.072s] -- Up-to-date: /home/chairman/working/ros2/learning/chapt8/learn_pluginlib/install/motion_control_system/include//motion_control_system/spin_motion_controller.hpp
[0.072s] -- Up-to-date: /home/chairman/working/ros2/learning/chapt8/learn_pluginlib/install/motion_control_system/include//motion_control_system/motion_control_interface.hpp
[0.072s] -- Up-to-date: /home/chairman/working/ros2/learning/chapt8/learn_pluginlib/install/motion_control_system/lib/motion_control_system/test_plugin
[0.072s] -- Installing: /home/chairman/working/ros2/learning/chapt8/learn_pluginlib/install/motion_control_system/share/motion_control_system/spin_motion_plugins.xml
[0.073s] -- Up-to-date: /home/chairman/working/ros2/learning/chapt8/learn_pluginlib/install/motion_control_system/share/ament_index/resource_index/package_run_dependencies/motion_control_system
[0.073s] -- Up-to-date: /home/chairman/working/ros2/learning/chapt8/learn_pluginlib/install/motion_control_system/share/ament_index/resource_index/parent_prefix_path/motion_control_system
[0.073s] -- Up-to-date: /home/chairman/working/ros2/learning/chapt8/learn_pluginlib/install/motion_control_system/share/motion_control_system/environment/ament_prefix_path.sh
[0.073s] -- Up-to-date: /home/chairman/working/ros2/learning/chapt8/learn_pluginlib/install/motion_control_system/share/motion_control_system/environment/ament_prefix_path.dsv
[0.073s] -- Up-to-date: /home/chairman/working/ros2/learning/chapt8/learn_pluginlib/install/motion_control_system/share/motion_control_system/environment/path.sh
[0.073s] -- Up-to-date: /home/chairman/working/ros2/learning/chapt8/learn_pluginlib/install/motion_control_system/share/motion_control_system/environment/path.dsv
[0.073s] -- Up-to-date: /home/chairman/working/ros2/learning/chapt8/learn_pluginlib/install/motion_control_system/share/motion_control_system/local_setup.bash
[0.073s] -- Up-to-date: /home/chairman/working/ros2/learning/chapt8/learn_pluginlib/install/motion_control_system/share/motion_control_system/local_setup.sh
[0.073s] -- Up-to-date: /home/chairman/working/ros2/learning/chapt8/learn_pluginlib/install/motion_control_system/share/motion_control_system/local_setup.zsh
[0.073s] -- Up-to-date: /home/chairman/working/ros2/learning/chapt8/learn_pluginlib/install/motion_control_system/share/motion_control_system/local_setup.dsv
[0.073s] -- Up-to-date: /home/chairman/working/ros2/learning/chapt8/learn_pluginlib/install/motion_control_system/share/motion_control_system/package.dsv
[0.073s] -- Up-to-date: /home/chairman/working/ros2/learning/chapt8/learn_pluginlib/install/motion_control_system/share/ament_index/resource_index/packages/motion_control_system
[0.073s] -- Up-to-date: /home/chairman/working/ros2/learning/chapt8/learn_pluginlib/install/motion_control_system/share/ament_index/resource_index/motion_control_system__pluginlib__plugin/motion_control_system
[0.073s] -- Up-to-date: /home/chairman/working/ros2/learning/chapt8/learn_pluginlib/install/motion_control_system/share/motion_control_system/cmake/motion_control_systemConfig.cmake
[0.073s] -- Up-to-date: /home/chairman/working/ros2/learning/chapt8/learn_pluginlib/install/motion_control_system/share/motion_control_system/cmake/motion_control_systemConfig-version.cmake
[0.073s] -- Up-to-date: /home/chairman/working/ros2/learning/chapt8/learn_pluginlib/install/motion_control_system/share/motion_control_system/package.xml
[0.075s] Invoked command in '/home/chairman/working/ros2/learning/chapt8/learn_pluginlib/build/motion_control_system' returned '0': CMAKE_PREFIX_PATH=${CMAKE_PREFIX_PATH}:/opt/ros/humble /usr/bin/cmake --install /home/chairman/working/ros2/learning/chapt8/learn_pluginlib/build/motion_control_system
