[0.008s] Invoking command in '/home/chairman/working/ros2/learning/chapt3/topic_ws/src/build/demo_cpp_topic': CMAKE_PREFIX_PATH=/home/chairman/working/ros2/learning/chapt3/topic_ws/src/install/demo_python_topic:/opt/ros/humble CONDA_PROMPT_MODIFIER=(base) /usr/bin/cmake /home/chairman/working/ros2/learning/chapt3/topic_ws/src/demo_cpp_topic -DCMAKE_INSTALL_PREFIX=/home/chairman/working/ros2/learning/chapt3/topic_ws/src/install/demo_cpp_topic
[0.016s] -- Found ament_cmake: 1.3.11 (/opt/ros/humble/share/ament_cmake/cmake)
[0.114s] -- Found rclcpp: 16.0.12 (/opt/ros/humble/share/rclcpp/cmake)
[0.134s] -- Found rosidl_generator_c: 3.1.6 (/opt/ros/humble/share/rosidl_generator_c/cmake)
[0.135s] -- Found rosidl_adapter: 3.1.6 (/opt/ros/humble/share/rosidl_adapter/cmake)
[0.139s] -- Found rosidl_generator_cpp: 3.1.6 (/opt/ros/humble/share/rosidl_generator_cpp/cmake)
[0.145s] -- Using all available rosidl_typesupport_c: rosidl_typesupport_fastrtps_c;rosidl_typesupport_introspection_c
[0.152s] -- Using all available rosidl_typesupport_cpp: rosidl_typesupport_fastrtps_cpp;rosidl_typesupport_introspection_cpp
[0.173s] -- Found rmw_implementation_cmake: 6.1.2 (/opt/ros/humble/share/rmw_implementation_cmake/cmake)
[0.174s] -- Found rmw_fastrtps_cpp: 6.2.7 (/opt/ros/humble/share/rmw_fastrtps_cpp/cmake)
[0.256s] -- Using RMW implementation 'rmw_fastrtps_cpp' as default
[0.291s] -- Found geometry_msgs: 4.8.0 (/opt/ros/humble/share/geometry_msgs/cmake)
[0.298s] -- Found turtlesim: 1.4.2 (/opt/ros/humble/share/turtlesim/cmake)
[0.322s] -- Configuring incomplete, errors occurred!
[0.322s] See also "/home/chairman/working/ros2/learning/chapt3/topic_ws/src/build/demo_cpp_topic/CMakeFiles/CMakeOutput.log".
[0.322s] [31mCMake Error at CMakeLists.txt:15 (target_link_libraries):
[0.322s]   Cannot specify link libraries for target "TARGETS" which is not built by
[0.322s]   this project.
[0.322s] 
[0.322s] [0m
[0.326s] Invoked command in '/home/chairman/working/ros2/learning/chapt3/topic_ws/src/build/demo_cpp_topic' returned '1': CMAKE_PREFIX_PATH=/home/chairman/working/ros2/learning/chapt3/topic_ws/src/install/demo_python_topic:/opt/ros/humble CONDA_PROMPT_MODIFIER=(base) /usr/bin/cmake /home/chairman/working/ros2/learning/chapt3/topic_ws/src/demo_cpp_topic -DCMAKE_INSTALL_PREFIX=/home/chairman/working/ros2/learning/chapt3/topic_ws/src/install/demo_cpp_topic
