-- The C compiler identification is GNU 11.4.0
-- The CXX compiler identification is GNU 11.4.0
-- Detecting C compiler ABI info
-- Detecting C compiler ABI info - done
-- Check for working C compiler: /usr/bin/cc - skipped
-- Detecting C compile features
-- Detecting C compile features - done
-- Detecting CXX compiler ABI info
-- Detecting CXX compiler ABI info - done
-- Check for working CXX compiler: /usr/bin/c++ - skipped
-- Detecting CXX compile features
-- Detecting CXX compile features - done
-- Found ament_cmake: 1.3.12 (/opt/ros/humble/share/ament_cmake/cmake)
-- Found Python3: /home/chairman/venv/bin/python3 (found version "3.10.12") found components: Interpreter 
-- Override CMake install command with custom implementation using symlinks instead of copying resources
-- Found tf2_ros: 0.25.16 (/opt/ros/humble/share/tf2_ros/cmake)
-- Found rosidl_generator_c: 3.1.7 (/opt/ros/humble/share/rosidl_generator_c/cmake)
-- Found rosidl_adapter: 3.1.7 (/opt/ros/humble/share/rosidl_adapter/cmake)
-- Found rosidl_generator_cpp: 3.1.7 (/opt/ros/humble/share/rosidl_generator_cpp/cmake)
-- Using all available rosidl_typesupport_c: rosidl_typesupport_fastrtps_c;rosidl_typesupport_introspection_c
-- Using all available rosidl_typesupport_cpp: rosidl_typesupport_fastrtps_cpp;rosidl_typesupport_introspection_cpp
-- Found rmw_implementation_cmake: 6.1.2 (/opt/ros/humble/share/rmw_implementation_cmake/cmake)
-- Found rmw_fastrtps_cpp: 6.2.9 (/opt/ros/humble/share/rmw_fastrtps_cpp/cmake)
-- Found OpenSSL: /usr/lib/x86_64-linux-gnu/libcrypto.so (found version "3.0.2")  
-- Found FastRTPS: /opt/ros/humble/include  
-- Using RMW implementation 'rmw_fastrtps_cpp' as default
-- Looking for pthread.h
-- Looking for pthread.h - found
-- Performing Test CMAKE_HAVE_LIBC_PTHREAD
-- Performing Test CMAKE_HAVE_LIBC_PTHREAD - Success
-- Found Threads: TRUE  
-- Found tf2_geometry_msgs: 0.25.16 (/opt/ros/humble/share/tf2_geometry_msgs/cmake)
-- Found eigen3_cmake_module: 0.1.1 (/opt/ros/humble/share/eigen3_cmake_module/cmake)
-- Found Eigen3: TRUE (found version "3.4.0") 
-- Ensuring Eigen3 include directory is part of orocos-kdl CMake target
-- Found ament_lint_auto: 0.12.14 (/opt/ros/humble/share/ament_lint_auto/cmake)
-- Added test 'cppcheck' to perform static code analysis on C / C++ code
-- Configured cppcheck include dirs: $<BUILD_INTERFACE:/home/chairman/working/ros2/beijixiong/pb2025_ws/src/pb2025_sentry_nav/tf_lookuptransform/include>
-- Configured cppcheck exclude dirs and/or files: 
-- Added test 'lint_cmake' to check CMake code style
-- Added test 'uncrustify' to check C / C++ code style
-- Configured uncrustify additional arguments: 
-- Added test 'xmllint' to check XML markup files
-- Configuring done
-- Generating done
-- Build files have been written to: /home/chairman/working/ros2/beijixiong/pb2025_ws/build/tf_lookuptransform
[ 25%] [32mBuilding CXX object CMakeFiles/tf_lookuptransform_core.dir/src/tf_lookuptransform.cpp.o[0m
[ 50%] [32m[1mLinking CXX shared library libtf_lookuptransform_core.so[0m
[ 50%] Built target tf_lookuptransform_core
[ 75%] [32mBuilding CXX object CMakeFiles/tf_lookuptransform_node.dir/src/getpose.cpp.o[0m
[100%] [32m[1mLinking CXX executable tf_lookuptransform_node[0m
[100%] Built target tf_lookuptransform_node
-- Install configuration: "Release"
-- Execute custom install script
-- Symlinking: /home/chairman/working/ros2/beijixiong/pb2025_ws/install/tf_lookuptransform/lib/tf_lookuptransform/libtf_lookuptransform_core.so
-- Symlinking: /home/chairman/working/ros2/beijixiong/pb2025_ws/install/tf_lookuptransform/lib/tf_lookuptransform/tf_lookuptransform_node
-- Symlinking: /home/chairman/working/ros2/beijixiong/pb2025_ws/install/tf_lookuptransform/share/tf_lookuptransform/environment/library_path.sh
-- Symlinking: /home/chairman/working/ros2/beijixiong/pb2025_ws/install/tf_lookuptransform/share/tf_lookuptransform/environment/library_path.dsv
-- Symlinking: /home/chairman/working/ros2/beijixiong/pb2025_ws/install/tf_lookuptransform/share/ament_index/resource_index/package_run_dependencies/tf_lookuptransform
-- Symlinking: /home/chairman/working/ros2/beijixiong/pb2025_ws/install/tf_lookuptransform/share/ament_index/resource_index/parent_prefix_path/tf_lookuptransform
-- Symlinking: /home/chairman/working/ros2/beijixiong/pb2025_ws/install/tf_lookuptransform/share/tf_lookuptransform/environment/ament_prefix_path.sh
-- Symlinking: /home/chairman/working/ros2/beijixiong/pb2025_ws/install/tf_lookuptransform/share/tf_lookuptransform/environment/ament_prefix_path.dsv
-- Symlinking: /home/chairman/working/ros2/beijixiong/pb2025_ws/install/tf_lookuptransform/share/tf_lookuptransform/environment/path.sh
-- Symlinking: /home/chairman/working/ros2/beijixiong/pb2025_ws/install/tf_lookuptransform/share/tf_lookuptransform/environment/path.dsv
-- Symlinking: /home/chairman/working/ros2/beijixiong/pb2025_ws/install/tf_lookuptransform/share/tf_lookuptransform/local_setup.bash
-- Symlinking: /home/chairman/working/ros2/beijixiong/pb2025_ws/install/tf_lookuptransform/share/tf_lookuptransform/local_setup.sh
-- Symlinking: /home/chairman/working/ros2/beijixiong/pb2025_ws/install/tf_lookuptransform/share/tf_lookuptransform/local_setup.zsh
-- Symlinking: /home/chairman/working/ros2/beijixiong/pb2025_ws/install/tf_lookuptransform/share/tf_lookuptransform/local_setup.dsv
-- Symlinking: /home/chairman/working/ros2/beijixiong/pb2025_ws/install/tf_lookuptransform/share/tf_lookuptransform/package.dsv
-- Symlinking: /home/chairman/working/ros2/beijixiong/pb2025_ws/install/tf_lookuptransform/share/ament_index/resource_index/packages/tf_lookuptransform
-- Symlinking: /home/chairman/working/ros2/beijixiong/pb2025_ws/install/tf_lookuptransform/share/tf_lookuptransform/cmake/ament_cmake_export_dependencies-extras.cmake
-- Symlinking: /home/chairman/working/ros2/beijixiong/pb2025_ws/install/tf_lookuptransform/share/tf_lookuptransform/cmake/ament_cmake_export_include_directories-extras.cmake
-- Symlinking: /home/chairman/working/ros2/beijixiong/pb2025_ws/install/tf_lookuptransform/share/tf_lookuptransform/cmake/ament_cmake_export_libraries-extras.cmake
-- Symlinking: /home/chairman/working/ros2/beijixiong/pb2025_ws/install/tf_lookuptransform/share/tf_lookuptransform/cmake/tf_lookuptransformConfig.cmake
-- Symlinking: /home/chairman/working/ros2/beijixiong/pb2025_ws/install/tf_lookuptransform/share/tf_lookuptransform/cmake/tf_lookuptransformConfig-version.cmake
-- Symlinking: /home/chairman/working/ros2/beijixiong/pb2025_ws/install/tf_lookuptransform/share/tf_lookuptransform/package.xml
