[0.028s] Invoking command in '/home/chairman/working/ros2/beijixiong/pb2025_ws/build/tf_lookuptransform': CMAKE_PREFIX_PATH=/opt/ros/humble VIRTUAL_ENV_PROMPT=(venv) /usr/bin/cmake /home/chairman/working/ros2/beijixiong/pb2025_ws/src/pb2025_sentry_nav/tf_lookuptransform -DCMAKE_BUILD_TYPE=Release -DAMENT_CMAKE_SYMLINK_INSTALL=1 -DCMAKE_INSTALL_PREFIX=/home/chairman/working/ros2/beijixiong/pb2025_ws/install/tf_lookuptransform
[0.066s] -- The C compiler identification is GNU 11.4.0
[0.115s] -- The CXX compiler identification is GNU 11.4.0
[0.121s] -- Detecting C compiler ABI info
[0.168s] -- Detecting C compiler ABI info - done
[0.173s] -- Check for working C compiler: /usr/bin/cc - skipped
[0.173s] -- Detecting C compile features
[0.173s] -- Detecting C compile features - done
[0.175s] -- Detecting CXX compiler ABI info
[0.227s] -- Detecting CXX compiler ABI info - done
[0.235s] -- Check for working CXX compiler: /usr/bin/c++ - skipped
[0.235s] -- Detecting CXX compile features
[0.236s] -- Detecting CXX compile features - done
[0.238s] -- Found ament_cmake: 1.3.12 (/opt/ros/humble/share/ament_cmake/cmake)
[0.341s] -- Found Python3: /home/chairman/venv/bin/python3 (found version "3.10.12") found components: Interpreter 
[0.382s] -- Override CMake install command with custom implementation using symlinks instead of copying resources
[0.404s] -- Found tf2_ros: 0.25.16 (/opt/ros/humble/share/tf2_ros/cmake)
[0.432s] -- Found rosidl_generator_c: 3.1.7 (/opt/ros/humble/share/rosidl_generator_c/cmake)
[0.436s] -- Found rosidl_adapter: 3.1.7 (/opt/ros/humble/share/rosidl_adapter/cmake)
[0.445s] -- Found rosidl_generator_cpp: 3.1.7 (/opt/ros/humble/share/rosidl_generator_cpp/cmake)
[0.456s] -- Using all available rosidl_typesupport_c: rosidl_typesupport_fastrtps_c;rosidl_typesupport_introspection_c
[0.471s] -- Using all available rosidl_typesupport_cpp: rosidl_typesupport_fastrtps_cpp;rosidl_typesupport_introspection_cpp
[0.547s] -- Found rmw_implementation_cmake: 6.1.2 (/opt/ros/humble/share/rmw_implementation_cmake/cmake)
[0.549s] -- Found rmw_fastrtps_cpp: 6.2.9 (/opt/ros/humble/share/rmw_fastrtps_cpp/cmake)
[0.604s] -- Found OpenSSL: /usr/lib/x86_64-linux-gnu/libcrypto.so (found version "3.0.2")  
[0.627s] -- Found FastRTPS: /opt/ros/humble/include  
[0.657s] -- Using RMW implementation 'rmw_fastrtps_cpp' as default
[0.664s] -- Looking for pthread.h
[0.712s] -- Looking for pthread.h - found
[0.712s] -- Performing Test CMAKE_HAVE_LIBC_PTHREAD
[0.761s] -- Performing Test CMAKE_HAVE_LIBC_PTHREAD - Success
[0.762s] -- Found Threads: TRUE  
[0.894s] -- Found tf2_geometry_msgs: 0.25.16 (/opt/ros/humble/share/tf2_geometry_msgs/cmake)
[0.907s] -- Found eigen3_cmake_module: 0.1.1 (/opt/ros/humble/share/eigen3_cmake_module/cmake)
[0.908s] -- Found Eigen3: TRUE (found version "3.4.0") 
[0.908s] -- Ensuring Eigen3 include directory is part of orocos-kdl CMake target
[0.911s] -- Found ament_lint_auto: 0.12.14 (/opt/ros/humble/share/ament_lint_auto/cmake)
[1.010s] -- Added test 'cppcheck' to perform static code analysis on C / C++ code
[1.010s] -- Configured cppcheck include dirs: $<BUILD_INTERFACE:/home/chairman/working/ros2/beijixiong/pb2025_ws/src/pb2025_sentry_nav/tf_lookuptransform/include>
[1.010s] -- Configured cppcheck exclude dirs and/or files: 
[1.011s] -- Added test 'lint_cmake' to check CMake code style
[1.012s] -- Added test 'uncrustify' to check C / C++ code style
[1.012s] -- Configured uncrustify additional arguments: 
[1.012s] -- Added test 'xmllint' to check XML markup files
[1.015s] -- Configuring done
[1.029s] -- Generating done
[1.035s] -- Build files have been written to: /home/chairman/working/ros2/beijixiong/pb2025_ws/build/tf_lookuptransform
[1.048s] Invoked command in '/home/chairman/working/ros2/beijixiong/pb2025_ws/build/tf_lookuptransform' returned '0': CMAKE_PREFIX_PATH=/opt/ros/humble VIRTUAL_ENV_PROMPT=(venv) /usr/bin/cmake /home/chairman/working/ros2/beijixiong/pb2025_ws/src/pb2025_sentry_nav/tf_lookuptransform -DCMAKE_BUILD_TYPE=Release -DAMENT_CMAKE_SYMLINK_INSTALL=1 -DCMAKE_INSTALL_PREFIX=/home/chairman/working/ros2/beijixiong/pb2025_ws/install/tf_lookuptransform
[1.049s] Invoking command in '/home/chairman/working/ros2/beijixiong/pb2025_ws/build/tf_lookuptransform': CMAKE_PREFIX_PATH=/opt/ros/humble VIRTUAL_ENV_PROMPT=(venv) /usr/bin/cmake --build /home/chairman/working/ros2/beijixiong/pb2025_ws/build/tf_lookuptransform -- -j28 -l28
[1.082s] [ 25%] [32mBuilding CXX object CMakeFiles/tf_lookuptransform_core.dir/src/tf_lookuptransform.cpp.o[0m
[4.857s] [ 50%] [32m[1mLinking CXX shared library libtf_lookuptransform_core.so[0m
[5.079s] [ 50%] Built target tf_lookuptransform_core
[5.126s] [ 75%] [32mBuilding CXX object CMakeFiles/tf_lookuptransform_node.dir/src/getpose.cpp.o[0m
[11.610s] [100%] [32m[1mLinking CXX executable tf_lookuptransform_node[0m
[11.719s] [100%] Built target tf_lookuptransform_node
[11.729s] Invoked command in '/home/chairman/working/ros2/beijixiong/pb2025_ws/build/tf_lookuptransform' returned '0': CMAKE_PREFIX_PATH=/opt/ros/humble VIRTUAL_ENV_PROMPT=(venv) /usr/bin/cmake --build /home/chairman/working/ros2/beijixiong/pb2025_ws/build/tf_lookuptransform -- -j28 -l28
[11.731s] Invoking command in '/home/chairman/working/ros2/beijixiong/pb2025_ws/build/tf_lookuptransform': CMAKE_PREFIX_PATH=/opt/ros/humble VIRTUAL_ENV_PROMPT=(venv) /usr/bin/cmake --install /home/chairman/working/ros2/beijixiong/pb2025_ws/build/tf_lookuptransform
[11.736s] -- Install configuration: "Release"
[11.736s] -- Execute custom install script
[11.737s] -- Symlinking: /home/chairman/working/ros2/beijixiong/pb2025_ws/install/tf_lookuptransform/lib/tf_lookuptransform/libtf_lookuptransform_core.so
[11.745s] -- Symlinking: /home/chairman/working/ros2/beijixiong/pb2025_ws/install/tf_lookuptransform/lib/tf_lookuptransform/tf_lookuptransform_node
[11.750s] -- Symlinking: /home/chairman/working/ros2/beijixiong/pb2025_ws/install/tf_lookuptransform/share/tf_lookuptransform/environment/library_path.sh
[11.759s] -- Symlinking: /home/chairman/working/ros2/beijixiong/pb2025_ws/install/tf_lookuptransform/share/tf_lookuptransform/environment/library_path.dsv
[11.767s] -- Symlinking: /home/chairman/working/ros2/beijixiong/pb2025_ws/install/tf_lookuptransform/share/ament_index/resource_index/package_run_dependencies/tf_lookuptransform
[11.775s] -- Symlinking: /home/chairman/working/ros2/beijixiong/pb2025_ws/install/tf_lookuptransform/share/ament_index/resource_index/parent_prefix_path/tf_lookuptransform
[11.785s] -- Symlinking: /home/chairman/working/ros2/beijixiong/pb2025_ws/install/tf_lookuptransform/share/tf_lookuptransform/environment/ament_prefix_path.sh
[11.791s] -- Symlinking: /home/chairman/working/ros2/beijixiong/pb2025_ws/install/tf_lookuptransform/share/tf_lookuptransform/environment/ament_prefix_path.dsv
[11.800s] -- Symlinking: /home/chairman/working/ros2/beijixiong/pb2025_ws/install/tf_lookuptransform/share/tf_lookuptransform/environment/path.sh
[11.808s] -- Symlinking: /home/chairman/working/ros2/beijixiong/pb2025_ws/install/tf_lookuptransform/share/tf_lookuptransform/environment/path.dsv
[11.815s] -- Symlinking: /home/chairman/working/ros2/beijixiong/pb2025_ws/install/tf_lookuptransform/share/tf_lookuptransform/local_setup.bash
[11.824s] -- Symlinking: /home/chairman/working/ros2/beijixiong/pb2025_ws/install/tf_lookuptransform/share/tf_lookuptransform/local_setup.sh
[11.833s] -- Symlinking: /home/chairman/working/ros2/beijixiong/pb2025_ws/install/tf_lookuptransform/share/tf_lookuptransform/local_setup.zsh
[11.841s] -- Symlinking: /home/chairman/working/ros2/beijixiong/pb2025_ws/install/tf_lookuptransform/share/tf_lookuptransform/local_setup.dsv
[11.850s] -- Symlinking: /home/chairman/working/ros2/beijixiong/pb2025_ws/install/tf_lookuptransform/share/tf_lookuptransform/package.dsv
[11.858s] -- Symlinking: /home/chairman/working/ros2/beijixiong/pb2025_ws/install/tf_lookuptransform/share/ament_index/resource_index/packages/tf_lookuptransform
[11.867s] -- Symlinking: /home/chairman/working/ros2/beijixiong/pb2025_ws/install/tf_lookuptransform/share/tf_lookuptransform/cmake/ament_cmake_export_dependencies-extras.cmake
[11.874s] -- Symlinking: /home/chairman/working/ros2/beijixiong/pb2025_ws/install/tf_lookuptransform/share/tf_lookuptransform/cmake/ament_cmake_export_include_directories-extras.cmake
[11.879s] -- Symlinking: /home/chairman/working/ros2/beijixiong/pb2025_ws/install/tf_lookuptransform/share/tf_lookuptransform/cmake/ament_cmake_export_libraries-extras.cmake
[11.885s] -- Symlinking: /home/chairman/working/ros2/beijixiong/pb2025_ws/install/tf_lookuptransform/share/tf_lookuptransform/cmake/tf_lookuptransformConfig.cmake
[11.894s] -- Symlinking: /home/chairman/working/ros2/beijixiong/pb2025_ws/install/tf_lookuptransform/share/tf_lookuptransform/cmake/tf_lookuptransformConfig-version.cmake
[11.900s] -- Symlinking: /home/chairman/working/ros2/beijixiong/pb2025_ws/install/tf_lookuptransform/share/tf_lookuptransform/package.xml
[11.908s] Invoked command in '/home/chairman/working/ros2/beijixiong/pb2025_ws/build/tf_lookuptransform' returned '0': CMAKE_PREFIX_PATH=/opt/ros/humble VIRTUAL_ENV_PROMPT=(venv) /usr/bin/cmake --install /home/chairman/working/ros2/beijixiong/pb2025_ws/build/tf_lookuptransform
