[0.379s] Invoking command in '/home/chairman/working/ros2/learning/chapt4/chapt4_ws/src/demo_python_service': CMAKE_PREFIX_PATH=/home/chairman/working/ros2/learning/chapt4/chapt4_ws/src/install/chapt4_interfaces:/home/chairman/working/ros2/learning/chapt4/chapt4_ws/src/install/demo_cpp_service LD_LIBRARY_PATH=/home/chairman/working/ros2/learning/chapt4/chapt4_ws/src/install/chapt4_interfaces/lib:/usr/local/cuda-12.6/lib64:/usr/lib/x86_64-linux-gnu/gazebo-11/plugins:/opt/ros/humble/opt/rviz_ogre_vendor/lib:/opt/ros/humble/lib/x86_64-linux-gnu:/opt/ros/humble/lib:/usr/local/cuda-12.6/lib64 PYTHONPATH=/home/chairman/working/ros2/learning/chapt4/chapt4_ws/src/build/demo_python_service/prefix_override:/usr/lib/python3/dist-packages/colcon_core/task/python/colcon_distutils_commands:/home/chairman/working/ros2/learning/chapt4/chapt4_ws/src/install/demo_python_service/lib/python3.10/site-packages:${PYTHONPATH} /usr/bin/python3 -W ignore:setup.py install is deprecated -W ignore:easy_install command is deprecated setup.py egg_info --egg-base ../build/demo_python_service build --build-base /home/chairman/working/ros2/learning/chapt4/chapt4_ws/src/build/demo_python_service/build install --record /home/chairman/working/ros2/learning/chapt4/chapt4_ws/src/build/demo_python_service/install.log --single-version-externally-managed install_data
[0.519s] running egg_info
[0.519s] writing ../build/demo_python_service/demo_python_service.egg-info/PKG-INFO
[0.519s] writing dependency_links to ../build/demo_python_service/demo_python_service.egg-info/dependency_links.txt
[0.520s] writing entry points to ../build/demo_python_service/demo_python_service.egg-info/entry_points.txt
[0.520s] writing requirements to ../build/demo_python_service/demo_python_service.egg-info/requires.txt
[0.520s] writing top-level names to ../build/demo_python_service/demo_python_service.egg-info/top_level.txt
[0.521s] reading manifest file '../build/demo_python_service/demo_python_service.egg-info/SOURCES.txt'
[0.521s] writing manifest file '../build/demo_python_service/demo_python_service.egg-info/SOURCES.txt'
[0.521s] running build
[0.522s] running build_py
[0.522s] copying demo_python_service/face_detect_client_node.py -> /home/chairman/working/ros2/learning/chapt4/chapt4_ws/src/build/demo_python_service/build/lib/demo_python_service
[0.522s] copying demo_python_service/face_detect_node.py -> /home/chairman/working/ros2/learning/chapt4/chapt4_ws/src/build/demo_python_service/build/lib/demo_python_service
[0.522s] running install
[0.522s] running install_lib
[0.523s] copying /home/chairman/working/ros2/learning/chapt4/chapt4_ws/src/build/demo_python_service/build/lib/demo_python_service/face_detect_client_node.py -> /home/chairman/working/ros2/learning/chapt4/chapt4_ws/src/install/demo_python_service/lib/python3.10/site-packages/demo_python_service
[0.523s] copying /home/chairman/working/ros2/learning/chapt4/chapt4_ws/src/build/demo_python_service/build/lib/demo_python_service/face_detect_node.py -> /home/chairman/working/ros2/learning/chapt4/chapt4_ws/src/install/demo_python_service/lib/python3.10/site-packages/demo_python_service
[0.523s] byte-compiling /home/chairman/working/ros2/learning/chapt4/chapt4_ws/src/install/demo_python_service/lib/python3.10/site-packages/demo_python_service/face_detect_client_node.py to face_detect_client_node.cpython-310.pyc
[0.524s] byte-compiling /home/chairman/working/ros2/learning/chapt4/chapt4_ws/src/install/demo_python_service/lib/python3.10/site-packages/demo_python_service/face_detect_node.py to face_detect_node.cpython-310.pyc
[0.524s] running install_data
[0.524s] running install_egg_info
[0.526s] removing '/home/chairman/working/ros2/learning/chapt4/chapt4_ws/src/install/demo_python_service/lib/python3.10/site-packages/demo_python_service-0.0.0-py3.10.egg-info' (and everything under it)
[0.526s] Copying ../build/demo_python_service/demo_python_service.egg-info to /home/chairman/working/ros2/learning/chapt4/chapt4_ws/src/install/demo_python_service/lib/python3.10/site-packages/demo_python_service-0.0.0-py3.10.egg-info
[0.527s] running install_scripts
[0.540s] Installing face_detect_client_node script to /home/chairman/working/ros2/learning/chapt4/chapt4_ws/src/install/demo_python_service/lib/demo_python_service
[0.540s] Installing face_detect_node script to /home/chairman/working/ros2/learning/chapt4/chapt4_ws/src/install/demo_python_service/lib/demo_python_service
[0.540s] Installing learn_face_detect script to /home/chairman/working/ros2/learning/chapt4/chapt4_ws/src/install/demo_python_service/lib/demo_python_service
[0.540s] writing list of installed files to '/home/chairman/working/ros2/learning/chapt4/chapt4_ws/src/build/demo_python_service/install.log'
[0.554s] Invoked command in '/home/chairman/working/ros2/learning/chapt4/chapt4_ws/src/demo_python_service' returned '0': CMAKE_PREFIX_PATH=/home/chairman/working/ros2/learning/chapt4/chapt4_ws/src/install/chapt4_interfaces:/home/chairman/working/ros2/learning/chapt4/chapt4_ws/src/install/demo_cpp_service LD_LIBRARY_PATH=/home/chairman/working/ros2/learning/chapt4/chapt4_ws/src/install/chapt4_interfaces/lib:/usr/local/cuda-12.6/lib64:/usr/lib/x86_64-linux-gnu/gazebo-11/plugins:/opt/ros/humble/opt/rviz_ogre_vendor/lib:/opt/ros/humble/lib/x86_64-linux-gnu:/opt/ros/humble/lib:/usr/local/cuda-12.6/lib64 PYTHONPATH=/home/chairman/working/ros2/learning/chapt4/chapt4_ws/src/build/demo_python_service/prefix_override:/usr/lib/python3/dist-packages/colcon_core/task/python/colcon_distutils_commands:/home/chairman/working/ros2/learning/chapt4/chapt4_ws/src/install/demo_python_service/lib/python3.10/site-packages:${PYTHONPATH} /usr/bin/python3 -W ignore:setup.py install is deprecated -W ignore:easy_install command is deprecated setup.py egg_info --egg-base ../build/demo_python_service build --build-base /home/chairman/working/ros2/learning/chapt4/chapt4_ws/src/build/demo_python_service/build install --record /home/chairman/working/ros2/learning/chapt4/chapt4_ws/src/build/demo_python_service/install.log --single-version-externally-managed install_data
