[0.444s] Invoking command in '/home/chairman/working/ros2/learning/chapt3/topic_ws/src/demo_python_topic': CONDA_PROMPT_MODIFIER=(base) PYTHONPATH=/home/chairman/working/ros2/learning/chapt3/topic_ws/src/build/demo_python_topic/prefix_override:/usr/lib/python3/dist-packages/colcon_core/task/python/colcon_distutils_commands:/home/chairman/working/ros2/learning/chapt3/topic_ws/src/install/demo_python_topic/lib/python3.10/site-packages:${PYTHONPATH} /usr/bin/python3 -W ignore:setup.py install is deprecated -W ignore:easy_install command is deprecated setup.py egg_info --egg-base ../build/demo_python_topic build --build-base /home/chairman/working/ros2/learning/chapt3/topic_ws/src/build/demo_python_topic/build install --record /home/chairman/working/ros2/learning/chapt3/topic_ws/src/build/demo_python_topic/install.log --single-version-externally-managed install_data
[0.579s] running egg_info
[0.580s] creating ../build/demo_python_topic/demo_python_topic.egg-info
[0.580s] writing ../build/demo_python_topic/demo_python_topic.egg-info/PKG-INFO
[0.580s] writing dependency_links to ../build/demo_python_topic/demo_python_topic.egg-info/dependency_links.txt
[0.580s] writing entry points to ../build/demo_python_topic/demo_python_topic.egg-info/entry_points.txt
[0.580s] writing requirements to ../build/demo_python_topic/demo_python_topic.egg-info/requires.txt
[0.580s] writing top-level names to ../build/demo_python_topic/demo_python_topic.egg-info/top_level.txt
[0.580s] writing manifest file '../build/demo_python_topic/demo_python_topic.egg-info/SOURCES.txt'
[0.581s] reading manifest file '../build/demo_python_topic/demo_python_topic.egg-info/SOURCES.txt'
[0.581s] adding license file 'LICENSE'
[0.581s] writing manifest file '../build/demo_python_topic/demo_python_topic.egg-info/SOURCES.txt'
[0.581s] running build
[0.581s] running build_py
[0.582s] creating /home/chairman/working/ros2/learning/chapt3/topic_ws/src/build/demo_python_topic/build
[0.582s] creating /home/chairman/working/ros2/learning/chapt3/topic_ws/src/build/demo_python_topic/build/lib
[0.582s] creating /home/chairman/working/ros2/learning/chapt3/topic_ws/src/build/demo_python_topic/build/lib/demo_python_topic
[0.582s] copying demo_python_topic/novel_pub_node.py -> /home/chairman/working/ros2/learning/chapt3/topic_ws/src/build/demo_python_topic/build/lib/demo_python_topic
[0.582s] copying demo_python_topic/__init__.py -> /home/chairman/working/ros2/learning/chapt3/topic_ws/src/build/demo_python_topic/build/lib/demo_python_topic
[0.582s] running install
[0.582s] running install_lib
[0.582s] creating /home/chairman/working/ros2/learning/chapt3/topic_ws/src/install/demo_python_topic/lib/python3.10/site-packages/demo_python_topic
[0.582s] copying /home/chairman/working/ros2/learning/chapt3/topic_ws/src/build/demo_python_topic/build/lib/demo_python_topic/novel_pub_node.py -> /home/chairman/working/ros2/learning/chapt3/topic_ws/src/install/demo_python_topic/lib/python3.10/site-packages/demo_python_topic
[0.582s] copying /home/chairman/working/ros2/learning/chapt3/topic_ws/src/build/demo_python_topic/build/lib/demo_python_topic/__init__.py -> /home/chairman/working/ros2/learning/chapt3/topic_ws/src/install/demo_python_topic/lib/python3.10/site-packages/demo_python_topic
[0.583s] byte-compiling /home/chairman/working/ros2/learning/chapt3/topic_ws/src/install/demo_python_topic/lib/python3.10/site-packages/demo_python_topic/novel_pub_node.py to novel_pub_node.cpython-310.pyc
[0.583s] byte-compiling /home/chairman/working/ros2/learning/chapt3/topic_ws/src/install/demo_python_topic/lib/python3.10/site-packages/demo_python_topic/__init__.py to __init__.cpython-310.pyc
[0.583s] running install_data
[0.583s] creating /home/chairman/working/ros2/learning/chapt3/topic_ws/src/install/demo_python_topic/share/ament_index
[0.583s] creating /home/chairman/working/ros2/learning/chapt3/topic_ws/src/install/demo_python_topic/share/ament_index/resource_index
[0.583s] creating /home/chairman/working/ros2/learning/chapt3/topic_ws/src/install/demo_python_topic/share/ament_index/resource_index/packages
[0.583s] copying resource/demo_python_topic -> /home/chairman/working/ros2/learning/chapt3/topic_ws/src/install/demo_python_topic/share/ament_index/resource_index/packages
[0.583s] copying package.xml -> /home/chairman/working/ros2/learning/chapt3/topic_ws/src/install/demo_python_topic/share/demo_python_topic
[0.583s] running install_egg_info
[0.584s] Copying ../build/demo_python_topic/demo_python_topic.egg-info to /home/chairman/working/ros2/learning/chapt3/topic_ws/src/install/demo_python_topic/lib/python3.10/site-packages/demo_python_topic-0.0.0-py3.10.egg-info
[0.585s] running install_scripts
[0.598s] Installing novel_pub_node script to /home/chairman/working/ros2/learning/chapt3/topic_ws/src/install/demo_python_topic/lib/demo_python_topic
[0.598s] writing list of installed files to '/home/chairman/working/ros2/learning/chapt3/topic_ws/src/build/demo_python_topic/install.log'
[0.612s] Invoked command in '/home/chairman/working/ros2/learning/chapt3/topic_ws/src/demo_python_topic' returned '0': CONDA_PROMPT_MODIFIER=(base) PYTHONPATH=/home/chairman/working/ros2/learning/chapt3/topic_ws/src/build/demo_python_topic/prefix_override:/usr/lib/python3/dist-packages/colcon_core/task/python/colcon_distutils_commands:/home/chairman/working/ros2/learning/chapt3/topic_ws/src/install/demo_python_topic/lib/python3.10/site-packages:${PYTHONPATH} /usr/bin/python3 -W ignore:setup.py install is deprecated -W ignore:easy_install command is deprecated setup.py egg_info --egg-base ../build/demo_python_topic build --build-base /home/chairman/working/ros2/learning/chapt3/topic_ws/src/build/demo_python_topic/build install --record /home/chairman/working/ros2/learning/chapt3/topic_ws/src/build/demo_python_topic/install.log --single-version-externally-managed install_data
