[0.032s] Invoking command in '/home/chairman/working/ros2/beijixiong/pb2025_ws/build/fake_vel_transform': CMAKE_PREFIX_PATH=/opt/ros/humble VIRTUAL_ENV_PROMPT=(venv) /usr/bin/cmake /home/chairman/working/ros2/beijixiong/pb2025_ws/src/pb2025_sentry_nav/fake_vel_transform -DCMAKE_BUILD_TYPE=Release -DAMENT_CMAKE_SYMLINK_INSTALL=1 -DCMAKE_INSTALL_PREFIX=/home/chairman/working/ros2/beijixiong/pb2025_ws/install/fake_vel_transform
[0.070s] -- The C compiler identification is GNU 11.4.0
[0.109s] -- The CXX compiler identification is GNU 11.4.0
[0.116s] -- Detecting C compiler ABI info
[0.160s] -- Detecting C compiler ABI info - done
[0.168s] -- Check for working C compiler: /usr/bin/cc - skipped
[0.168s] -- Detecting C compile features
[0.169s] -- Detecting C compile features - done
[0.172s] -- Detecting CXX compiler ABI info
[0.231s] -- Detecting CXX compiler ABI info - done
[0.239s] -- Check for working CXX compiler: /usr/bin/c++ - skipped
[0.239s] -- Detecting CXX compile features
[0.240s] -- Detecting CXX compile features - done
[0.241s] -- Found ament_cmake_auto: 1.3.12 (/opt/ros/humble/share/ament_cmake_auto/cmake)
[0.362s] -- Found Python3: /home/chairman/venv/bin/python3 (found version "3.10.12") found components: Interpreter 
[0.404s] -- Override CMake install command with custom implementation using symlinks instead of copying resources
[0.504s] -- Found rosidl_generator_c: 3.1.7 (/opt/ros/humble/share/rosidl_generator_c/cmake)
[0.507s] -- Found rosidl_adapter: 3.1.7 (/opt/ros/humble/share/rosidl_adapter/cmake)
[0.512s] -- Found rosidl_generator_cpp: 3.1.7 (/opt/ros/humble/share/rosidl_generator_cpp/cmake)
[0.519s] -- Using all available rosidl_typesupport_c: rosidl_typesupport_fastrtps_c;rosidl_typesupport_introspection_c
[0.529s] -- Using all available rosidl_typesupport_cpp: rosidl_typesupport_fastrtps_cpp;rosidl_typesupport_introspection_cpp
[0.555s] -- Found rmw_implementation_cmake: 6.1.2 (/opt/ros/humble/share/rmw_implementation_cmake/cmake)
[0.556s] -- Found rmw_fastrtps_cpp: 6.2.9 (/opt/ros/humble/share/rmw_fastrtps_cpp/cmake)
[0.614s] -- Found OpenSSL: /usr/lib/x86_64-linux-gnu/libcrypto.so (found version "3.0.2")  
[0.642s] -- Found FastRTPS: /opt/ros/humble/include  
[0.682s] -- Using RMW implementation 'rmw_fastrtps_cpp' as default
[0.688s] -- Looking for pthread.h
[0.730s] -- Looking for pthread.h - found
[0.730s] -- Performing Test CMAKE_HAVE_LIBC_PTHREAD
[0.779s] -- Performing Test CMAKE_HAVE_LIBC_PTHREAD - Success
[0.781s] -- Found Threads: TRUE  
[0.917s] -- Found eigen3_cmake_module: 0.1.1 (/opt/ros/humble/share/eigen3_cmake_module/cmake)
[0.918s] -- Found Eigen3: TRUE (found version "3.4.0") 
[0.918s] -- Ensuring Eigen3 include directory is part of orocos-kdl CMake target
[0.935s] -- Found ament_lint_auto: 0.12.14 (/opt/ros/humble/share/ament_lint_auto/cmake)
[0.947s] [0mIn this package, headers install destination is set to `include` by ament_auto_package. It is recommended to install `include/fake_vel_transform` instead and will be the default behavior of ament_auto_package from ROS 2 Kilted Kaiju. On distributions before Kilted, ament_auto_package behaves the same way when you use USE_SCOPED_HEADER_INSTALL_DIR option.[0m
[0.951s] -- Added test 'copyright' to check source files copyright and LICENSE
[0.951s] -- Added test 'cppcheck' to perform static code analysis on C / C++ code
[0.951s] -- Configured cppcheck include dirs: /home/chairman/working/ros2/beijixiong/pb2025_ws/src/pb2025_sentry_nav/fake_vel_transform/include
[0.951s] -- Configured cppcheck exclude dirs and/or files: 
[0.952s] -- Added test 'cpplint' to check C / C++ code against the Google style
[0.952s] -- Configured cpplint exclude dirs and/or files: 
[0.952s] -- Added test 'lint_cmake' to check CMake code style
[0.953s] -- Added test 'pep257' to check Python code against some of the docstring style conventions in PEP 257
[0.953s] -- Added test 'xmllint' to check XML markup files
[0.953s] -- Added test 'clang_format' to check C / C++ code style
[0.954s] -- Added test 'black' to check Python code style
[0.955s] -- Configuring done
[0.965s] -- Generating done
[0.969s] -- Build files have been written to: /home/chairman/working/ros2/beijixiong/pb2025_ws/build/fake_vel_transform
[0.977s] Invoked command in '/home/chairman/working/ros2/beijixiong/pb2025_ws/build/fake_vel_transform' returned '0': CMAKE_PREFIX_PATH=/opt/ros/humble VIRTUAL_ENV_PROMPT=(venv) /usr/bin/cmake /home/chairman/working/ros2/beijixiong/pb2025_ws/src/pb2025_sentry_nav/fake_vel_transform -DCMAKE_BUILD_TYPE=Release -DAMENT_CMAKE_SYMLINK_INSTALL=1 -DCMAKE_INSTALL_PREFIX=/home/chairman/working/ros2/beijixiong/pb2025_ws/install/fake_vel_transform
[0.978s] Invoking command in '/home/chairman/working/ros2/beijixiong/pb2025_ws/build/fake_vel_transform': CMAKE_PREFIX_PATH=/opt/ros/humble VIRTUAL_ENV_PROMPT=(venv) /usr/bin/cmake --build /home/chairman/working/ros2/beijixiong/pb2025_ws/build/fake_vel_transform -- -j28 -l28
[1.009s] [ 25%] [32mBuilding CXX object CMakeFiles/fake_vel_transform.dir/src/fake_vel_transform.cpp.o[0m
[1.010s] [ 50%] [32mBuilding CXX object CMakeFiles/fake_vel_transform_node.dir/rclcpp_components/node_main_fake_vel_transform_node.cpp.o[0m
[5.118s] [ 75%] [32m[1mLinking CXX executable fake_vel_transform_node[0m
[5.343s] [ 75%] Built target fake_vel_transform_node
[22.878s] [100%] [32m[1mLinking CXX shared library libfake_vel_transform.so[0m
[23.069s] [100%] Built target fake_vel_transform
[23.080s] Invoked command in '/home/chairman/working/ros2/beijixiong/pb2025_ws/build/fake_vel_transform' returned '0': CMAKE_PREFIX_PATH=/opt/ros/humble VIRTUAL_ENV_PROMPT=(venv) /usr/bin/cmake --build /home/chairman/working/ros2/beijixiong/pb2025_ws/build/fake_vel_transform -- -j28 -l28
[23.081s] Invoking command in '/home/chairman/working/ros2/beijixiong/pb2025_ws/build/fake_vel_transform': CMAKE_PREFIX_PATH=/opt/ros/humble VIRTUAL_ENV_PROMPT=(venv) /usr/bin/cmake --install /home/chairman/working/ros2/beijixiong/pb2025_ws/build/fake_vel_transform
[23.088s] -- Install configuration: "Release"
[23.089s] -- Execute custom install script
[23.089s] -- Symlinking: /home/chairman/working/ros2/beijixiong/pb2025_ws/install/fake_vel_transform/lib/fake_vel_transform/fake_vel_transform_node
[23.098s] -- Symlinking: /home/chairman/working/ros2/beijixiong/pb2025_ws/install/fake_vel_transform/include/fake_vel_transform/fake_vel_transform.hpp
[23.107s] -- Symlinking: /home/chairman/working/ros2/beijixiong/pb2025_ws/install/fake_vel_transform/share/fake_vel_transform/environment/library_path.sh
[23.115s] -- Symlinking: /home/chairman/working/ros2/beijixiong/pb2025_ws/install/fake_vel_transform/share/fake_vel_transform/environment/library_path.dsv
[23.123s] -- Symlinking: /home/chairman/working/ros2/beijixiong/pb2025_ws/install/fake_vel_transform/lib/libfake_vel_transform.so
[23.130s] -- Symlinking: /home/chairman/working/ros2/beijixiong/pb2025_ws/install/fake_vel_transform/share/fake_vel_transform/launch/fake_vel_transform_launch.py
[23.138s] -- Symlinking: /home/chairman/working/ros2/beijixiong/pb2025_ws/install/fake_vel_transform/share/ament_index/resource_index/package_run_dependencies/fake_vel_transform
[23.147s] -- Symlinking: /home/chairman/working/ros2/beijixiong/pb2025_ws/install/fake_vel_transform/share/ament_index/resource_index/parent_prefix_path/fake_vel_transform
[23.155s] -- Symlinking: /home/chairman/working/ros2/beijixiong/pb2025_ws/install/fake_vel_transform/share/fake_vel_transform/environment/ament_prefix_path.sh
[23.163s] -- Symlinking: /home/chairman/working/ros2/beijixiong/pb2025_ws/install/fake_vel_transform/share/fake_vel_transform/environment/ament_prefix_path.dsv
[23.172s] -- Symlinking: /home/chairman/working/ros2/beijixiong/pb2025_ws/install/fake_vel_transform/share/fake_vel_transform/environment/path.sh
[23.180s] -- Symlinking: /home/chairman/working/ros2/beijixiong/pb2025_ws/install/fake_vel_transform/share/fake_vel_transform/environment/path.dsv
[23.188s] -- Symlinking: /home/chairman/working/ros2/beijixiong/pb2025_ws/install/fake_vel_transform/share/fake_vel_transform/local_setup.bash
[23.197s] -- Symlinking: /home/chairman/working/ros2/beijixiong/pb2025_ws/install/fake_vel_transform/share/fake_vel_transform/local_setup.sh
[23.205s] -- Symlinking: /home/chairman/working/ros2/beijixiong/pb2025_ws/install/fake_vel_transform/share/fake_vel_transform/local_setup.zsh
[23.213s] -- Symlinking: /home/chairman/working/ros2/beijixiong/pb2025_ws/install/fake_vel_transform/share/fake_vel_transform/local_setup.dsv
[23.222s] -- Symlinking: /home/chairman/working/ros2/beijixiong/pb2025_ws/install/fake_vel_transform/share/fake_vel_transform/package.dsv
[23.231s] -- Symlinking: /home/chairman/working/ros2/beijixiong/pb2025_ws/install/fake_vel_transform/share/ament_index/resource_index/packages/fake_vel_transform
[23.239s] -- Symlinking: /home/chairman/working/ros2/beijixiong/pb2025_ws/install/fake_vel_transform/share/ament_index/resource_index/rclcpp_components/fake_vel_transform
[23.248s] -- Symlinking: /home/chairman/working/ros2/beijixiong/pb2025_ws/install/fake_vel_transform/share/fake_vel_transform/cmake/ament_cmake_export_dependencies-extras.cmake
[23.256s] -- Symlinking: /home/chairman/working/ros2/beijixiong/pb2025_ws/install/fake_vel_transform/share/fake_vel_transform/cmake/ament_cmake_export_include_directories-extras.cmake
[23.265s] -- Symlinking: /home/chairman/working/ros2/beijixiong/pb2025_ws/install/fake_vel_transform/share/fake_vel_transform/cmake/ament_cmake_export_libraries-extras.cmake
[23.273s] -- Symlinking: /home/chairman/working/ros2/beijixiong/pb2025_ws/install/fake_vel_transform/share/fake_vel_transform/cmake/fake_vel_transformConfig.cmake
[23.281s] -- Symlinking: /home/chairman/working/ros2/beijixiong/pb2025_ws/install/fake_vel_transform/share/fake_vel_transform/cmake/fake_vel_transformConfig-version.cmake
[23.290s] -- Symlinking: /home/chairman/working/ros2/beijixiong/pb2025_ws/install/fake_vel_transform/share/fake_vel_transform/package.xml
[23.300s] Invoked command in '/home/chairman/working/ros2/beijixiong/pb2025_ws/build/fake_vel_transform' returned '0': CMAKE_PREFIX_PATH=/opt/ros/humble VIRTUAL_ENV_PROMPT=(venv) /usr/bin/cmake --install /home/chairman/working/ros2/beijixiong/pb2025_ws/build/fake_vel_transform
