[0.018s] Invoking command in '/home/chairman/working/ros2/beijixiong/ros_ws/build/rmoss_gz_bridge': CMAKE_PREFIX_PATH=/home/chairman/working/ros2/beijixiong/ros_ws/install/rmoss_interfaces:/home/chairman/working/ros2/beijixiong/ros_ws/install/rmoss_gz_resources:/home/chairman/working/ros2/beijixiong/ros_ws/install/rmoss_gz_plugins:/home/chairman/working/ros2/beijixiong/ros_ws/install/rmu_gazebo_simulator:/home/chairman/working/ros2/beijixiong/ros_ws/install/pb2025_robot_description:/home/chairman/working/ros2/beijixiong/ros_ws/install/rmoss_core:/home/chairman/working/ros2/beijixiong/ros_ws/install/rmoss_cam:/home/chairman/working/ros2/beijixiong/ros_ws/install/rmoss_util:/home/chairman/working/ros2/beijixiong/ros_ws/install/rmoss_projectile_motion:/home/chairman/working/ros2/beijixiong/ros_ws/install/rmoss_gz_cam:/home/chairman/working/ros2/beijixiong/ros_ws/install/rmoss_gz_bridge:/home/chairman/working/ros2/beijixiong/ros_ws/install/rmoss_gz_base:/home/chairman/working/ros2/beijixiong/ros_ws/install/rmoss_base:/home/chairman/working/ros2/beijixiong/ros_ws/install/sdformat_tools:/opt/ros/humble LD_LIBRARY_PATH=/home/chairman/working/ros2/beijixiong/ros_ws/install/rmoss_interfaces/lib:/home/chairman/working/ros2/beijixiong/ros_ws/install/rmoss_cam/lib:/home/chairman/working/ros2/beijixiong/ros_ws/install/rmoss_util/lib:/home/chairman/working/ros2/beijixiong/ros_ws/install/rmoss_projectile_motion/lib:/home/chairman/working/ros2/beijixiong/ros_ws/install/rmoss_gz_cam/lib:/home/chairman/working/ros2/beijixiong/ros_ws/install/rmoss_gz_base/lib:/home/chairman/working/ros2/beijixiong/ros_ws/install/rmoss_base/lib:/usr/lib/x86_64-linux-gnu:/usr/lib/x86_64-linux-gnu:/opt/ros/humble/opt/rviz_ogre_vendor/lib:/opt/ros/humble/lib/x86_64-linux-gnu:/opt/ros/humble/lib PYTHONPATH=/home/chairman/working/ros2/beijixiong/ros_ws/install/rmoss_interfaces/lib/python3.10/site-packages:/home/chairman/working/ros2/beijixiong/ros_ws/build/sdformat_tools:/home/chairman/working/ros2/beijixiong/ros_ws/install/sdformat_tools/lib/python3.10/site-packages:/opt/ros/humble/lib/python3.10/site-packages:/opt/ros/humble/local/lib/python3.10/dist-packages VIRTUAL_ENV_PROMPT=(venv) /usr/bin/cmake /home/chairman/working/ros2/beijixiong/ros_ws/src/rmoss_gazebo/rmoss_gz_bridge -DCMAKE_BUILD_TYPE=release -DAMENT_CMAKE_SYMLINK_INSTALL=1 -DCMAKE_INSTALL_PREFIX=/home/chairman/working/ros2/beijixiong/ros_ws/install/rmoss_gz_bridge
[0.062s] -- The C compiler identification is GNU 11.4.0
[0.102s] -- The CXX compiler identification is GNU 11.4.0
[0.107s] -- Detecting C compiler ABI info
[0.156s] -- Detecting C compiler ABI info - done
[0.161s] -- Check for working C compiler: /usr/bin/cc - skipped
[0.161s] -- Detecting C compile features
[0.161s] -- Detecting C compile features - done
[0.163s] -- Detecting CXX compiler ABI info
[0.226s] -- Detecting CXX compiler ABI info - done
[0.232s] -- Check for working CXX compiler: /usr/bin/c++ - skipped
[0.232s] -- Detecting CXX compile features
[0.232s] -- Detecting CXX compile features - done
[0.233s] -- Found ament_cmake: 1.3.12 (/opt/ros/humble/share/ament_cmake/cmake)
[0.333s] -- Found Python3: /home/chairman/venv/bin/python3 (found version "3.10.12") found components: Interpreter 
[0.376s] -- Override CMake install command with custom implementation using symlinks instead of copying resources
[0.394s] -- Found ament_index_cpp: 1.4.0 (/opt/ros/humble/share/ament_index_cpp/cmake)
[0.396s] -- Found rclcpp: 16.0.15 (/opt/ros/humble/share/rclcpp/cmake)
[0.424s] -- Found rosidl_generator_c: 3.1.7 (/opt/ros/humble/share/rosidl_generator_c/cmake)
[0.427s] -- Found rosidl_adapter: 3.1.7 (/opt/ros/humble/share/rosidl_adapter/cmake)
[0.432s] -- Found rosidl_generator_cpp: 3.1.7 (/opt/ros/humble/share/rosidl_generator_cpp/cmake)
[0.440s] -- Using all available rosidl_typesupport_c: rosidl_typesupport_fastrtps_c;rosidl_typesupport_introspection_c
[0.450s] -- Using all available rosidl_typesupport_cpp: rosidl_typesupport_fastrtps_cpp;rosidl_typesupport_introspection_cpp
[0.478s] -- Found rmw_implementation_cmake: 6.1.2 (/opt/ros/humble/share/rmw_implementation_cmake/cmake)
[0.481s] -- Found rmw_fastrtps_cpp: 6.2.9 (/opt/ros/humble/share/rmw_fastrtps_cpp/cmake)
[0.548s] -- Found OpenSSL: /usr/lib/x86_64-linux-gnu/libcrypto.so (found version "3.0.2")  
[0.570s] -- Found FastRTPS: /opt/ros/humble/include  
[0.598s] -- Using RMW implementation 'rmw_fastrtps_cpp' as default
[0.603s] -- Looking for pthread.h
[0.653s] -- Looking for pthread.h - found
[0.653s] -- Performing Test CMAKE_HAVE_LIBC_PTHREAD
[0.707s] -- Performing Test CMAKE_HAVE_LIBC_PTHREAD - Success
[0.708s] -- Found Threads: TRUE  
[0.741s] -- Found rclcpp_components: 16.0.15 (/opt/ros/humble/share/rclcpp_components/cmake)
[0.758s] -- Found geometry_msgs: 4.9.0 (/opt/ros/humble/share/geometry_msgs/cmake)
[0.767s] -- Found sensor_msgs: 4.9.0 (/opt/ros/humble/share/sensor_msgs/cmake)
[0.779s] -- Found nav_msgs: 4.9.0 (/opt/ros/humble/share/nav_msgs/cmake)
[0.791s] -- Found rmoss_interfaces: 0.9.0 (/home/chairman/working/ros2/beijixiong/ros_ws/install/rmoss_interfaces/share/rmoss_interfaces/cmake)
[0.805s] -- Found tf2_ros: 0.25.16 (/opt/ros/humble/share/tf2_ros/cmake)
[0.857s] -- Found ros_gz_bridge: 0.244.20 (/opt/ros/humble/share/ros_gz_bridge/cmake)
[0.880s] -- Found Protobuf: /usr/lib/x86_64-linux-gnu/libprotobuf.so (found suitable version "3.12.4", minimum required is "3") 
[0.944s] -- Found Protobuf: /usr/lib/x86_64-linux-gnu/libprotobuf.so (found version "3.12.4") 
[1.153s] -- Looking for ignition-transport11 -- found version 11.4.1
[1.153s] -- Looking for ignition-msgs8 -- found version 8.7.0
[1.153s] -- Compiling against Ignition Fortress
[1.166s] -- Found ament_lint_auto: 0.12.14 (/opt/ros/humble/share/ament_lint_auto/cmake)
[1.249s] -- Added test 'copyright' to check source files copyright and LICENSE
[1.250s] -- Added test 'cppcheck' to perform static code analysis on C / C++ code
[1.250s] -- Configured cppcheck include dirs: /home/chairman/working/ros2/beijixiong/ros_ws/src/rmoss_gazebo/rmoss_gz_bridge/include
[1.250s] -- Configured cppcheck exclude dirs and/or files: 
[1.252s] -- Added test 'cpplint' to check C / C++ code against the Google style
[1.252s] -- Configured cpplint exclude dirs and/or files: 
[1.252s] -- Added test 'lint_cmake' to check CMake code style
[1.254s] -- Added test 'uncrustify' to check C / C++ code style
[1.254s] -- Configured uncrustify additional arguments: 
[1.254s] -- Added test 'xmllint' to check XML markup files
[1.257s] -- Configuring done
[1.281s] -- Generating done
[1.290s] -- Build files have been written to: /home/chairman/working/ros2/beijixiong/ros_ws/build/rmoss_gz_bridge
[1.305s] Invoked command in '/home/chairman/working/ros2/beijixiong/ros_ws/build/rmoss_gz_bridge' returned '0': CMAKE_PREFIX_PATH=/home/chairman/working/ros2/beijixiong/ros_ws/install/rmoss_interfaces:/home/chairman/working/ros2/beijixiong/ros_ws/install/rmoss_gz_resources:/home/chairman/working/ros2/beijixiong/ros_ws/install/rmoss_gz_plugins:/home/chairman/working/ros2/beijixiong/ros_ws/install/rmu_gazebo_simulator:/home/chairman/working/ros2/beijixiong/ros_ws/install/pb2025_robot_description:/home/chairman/working/ros2/beijixiong/ros_ws/install/rmoss_core:/home/chairman/working/ros2/beijixiong/ros_ws/install/rmoss_cam:/home/chairman/working/ros2/beijixiong/ros_ws/install/rmoss_util:/home/chairman/working/ros2/beijixiong/ros_ws/install/rmoss_projectile_motion:/home/chairman/working/ros2/beijixiong/ros_ws/install/rmoss_gz_cam:/home/chairman/working/ros2/beijixiong/ros_ws/install/rmoss_gz_bridge:/home/chairman/working/ros2/beijixiong/ros_ws/install/rmoss_gz_base:/home/chairman/working/ros2/beijixiong/ros_ws/install/rmoss_base:/home/chairman/working/ros2/beijixiong/ros_ws/install/sdformat_tools:/opt/ros/humble LD_LIBRARY_PATH=/home/chairman/working/ros2/beijixiong/ros_ws/install/rmoss_interfaces/lib:/home/chairman/working/ros2/beijixiong/ros_ws/install/rmoss_cam/lib:/home/chairman/working/ros2/beijixiong/ros_ws/install/rmoss_util/lib:/home/chairman/working/ros2/beijixiong/ros_ws/install/rmoss_projectile_motion/lib:/home/chairman/working/ros2/beijixiong/ros_ws/install/rmoss_gz_cam/lib:/home/chairman/working/ros2/beijixiong/ros_ws/install/rmoss_gz_base/lib:/home/chairman/working/ros2/beijixiong/ros_ws/install/rmoss_base/lib:/usr/lib/x86_64-linux-gnu:/usr/lib/x86_64-linux-gnu:/opt/ros/humble/opt/rviz_ogre_vendor/lib:/opt/ros/humble/lib/x86_64-linux-gnu:/opt/ros/humble/lib PYTHONPATH=/home/chairman/working/ros2/beijixiong/ros_ws/install/rmoss_interfaces/lib/python3.10/site-packages:/home/chairman/working/ros2/beijixiong/ros_ws/build/sdformat_tools:/home/chairman/working/ros2/beijixiong/ros_ws/install/sdformat_tools/lib/python3.10/site-packages:/opt/ros/humble/lib/python3.10/site-packages:/opt/ros/humble/local/lib/python3.10/dist-packages VIRTUAL_ENV_PROMPT=(venv) /usr/bin/cmake /home/chairman/working/ros2/beijixiong/ros_ws/src/rmoss_gazebo/rmoss_gz_bridge -DCMAKE_BUILD_TYPE=release -DAMENT_CMAKE_SYMLINK_INSTALL=1 -DCMAKE_INSTALL_PREFIX=/home/chairman/working/ros2/beijixiong/ros_ws/install/rmoss_gz_bridge
[1.307s] Invoking command in '/home/chairman/working/ros2/beijixiong/ros_ws/build/rmoss_gz_bridge': CMAKE_PREFIX_PATH=/home/chairman/working/ros2/beijixiong/ros_ws/install/rmoss_interfaces:/home/chairman/working/ros2/beijixiong/ros_ws/install/rmoss_gz_resources:/home/chairman/working/ros2/beijixiong/ros_ws/install/rmoss_gz_plugins:/home/chairman/working/ros2/beijixiong/ros_ws/install/rmu_gazebo_simulator:/home/chairman/working/ros2/beijixiong/ros_ws/install/pb2025_robot_description:/home/chairman/working/ros2/beijixiong/ros_ws/install/rmoss_core:/home/chairman/working/ros2/beijixiong/ros_ws/install/rmoss_cam:/home/chairman/working/ros2/beijixiong/ros_ws/install/rmoss_util:/home/chairman/working/ros2/beijixiong/ros_ws/install/rmoss_projectile_motion:/home/chairman/working/ros2/beijixiong/ros_ws/install/rmoss_gz_cam:/home/chairman/working/ros2/beijixiong/ros_ws/install/rmoss_gz_bridge:/home/chairman/working/ros2/beijixiong/ros_ws/install/rmoss_gz_base:/home/chairman/working/ros2/beijixiong/ros_ws/install/rmoss_base:/home/chairman/working/ros2/beijixiong/ros_ws/install/sdformat_tools:/opt/ros/humble LD_LIBRARY_PATH=/home/chairman/working/ros2/beijixiong/ros_ws/install/rmoss_interfaces/lib:/home/chairman/working/ros2/beijixiong/ros_ws/install/rmoss_cam/lib:/home/chairman/working/ros2/beijixiong/ros_ws/install/rmoss_util/lib:/home/chairman/working/ros2/beijixiong/ros_ws/install/rmoss_projectile_motion/lib:/home/chairman/working/ros2/beijixiong/ros_ws/install/rmoss_gz_cam/lib:/home/chairman/working/ros2/beijixiong/ros_ws/install/rmoss_gz_base/lib:/home/chairman/working/ros2/beijixiong/ros_ws/install/rmoss_base/lib:/usr/lib/x86_64-linux-gnu:/usr/lib/x86_64-linux-gnu:/opt/ros/humble/opt/rviz_ogre_vendor/lib:/opt/ros/humble/lib/x86_64-linux-gnu:/opt/ros/humble/lib PYTHONPATH=/home/chairman/working/ros2/beijixiong/ros_ws/install/rmoss_interfaces/lib/python3.10/site-packages:/home/chairman/working/ros2/beijixiong/ros_ws/build/sdformat_tools:/home/chairman/working/ros2/beijixiong/ros_ws/install/sdformat_tools/lib/python3.10/site-packages:/opt/ros/humble/lib/python3.10/site-packages:/opt/ros/humble/local/lib/python3.10/dist-packages VIRTUAL_ENV_PROMPT=(venv) /usr/bin/cmake --build /home/chairman/working/ros2/beijixiong/ros_ws/build/rmoss_gz_bridge -- -j28 -l28
[1.361s] [ 16%] [32mBuilding CXX object CMakeFiles/rfid_bridge.dir/src/rfid_bridge_node.cpp.o[0m
[1.361s] [ 50%] [32mBuilding CXX object CMakeFiles/pose_bridge.dir/src/pose_bridge_main.cpp.o[0m
[1.361s] [ 50%] [32mBuilding CXX object CMakeFiles/rfid_bridge.dir/src/rfid_bridge_main.cpp.o[0m
[1.361s] [ 66%] [32mBuilding CXX object CMakeFiles/pose_bridge.dir/src/pose_bridge_node.cpp.o[0m
[12.362s] [ 83%] [32m[1mLinking CXX executable rfid_bridge[0m
[12.709s] [ 83%] Built target rfid_bridge
[14.996s] [100%] [32m[1mLinking CXX executable pose_bridge[0m
[15.472s] [100%] Built target pose_bridge
[15.483s] Invoked command in '/home/chairman/working/ros2/beijixiong/ros_ws/build/rmoss_gz_bridge' returned '0': CMAKE_PREFIX_PATH=/home/chairman/working/ros2/beijixiong/ros_ws/install/rmoss_interfaces:/home/chairman/working/ros2/beijixiong/ros_ws/install/rmoss_gz_resources:/home/chairman/working/ros2/beijixiong/ros_ws/install/rmoss_gz_plugins:/home/chairman/working/ros2/beijixiong/ros_ws/install/rmu_gazebo_simulator:/home/chairman/working/ros2/beijixiong/ros_ws/install/pb2025_robot_description:/home/chairman/working/ros2/beijixiong/ros_ws/install/rmoss_core:/home/chairman/working/ros2/beijixiong/ros_ws/install/rmoss_cam:/home/chairman/working/ros2/beijixiong/ros_ws/install/rmoss_util:/home/chairman/working/ros2/beijixiong/ros_ws/install/rmoss_projectile_motion:/home/chairman/working/ros2/beijixiong/ros_ws/install/rmoss_gz_cam:/home/chairman/working/ros2/beijixiong/ros_ws/install/rmoss_gz_bridge:/home/chairman/working/ros2/beijixiong/ros_ws/install/rmoss_gz_base:/home/chairman/working/ros2/beijixiong/ros_ws/install/rmoss_base:/home/chairman/working/ros2/beijixiong/ros_ws/install/sdformat_tools:/opt/ros/humble LD_LIBRARY_PATH=/home/chairman/working/ros2/beijixiong/ros_ws/install/rmoss_interfaces/lib:/home/chairman/working/ros2/beijixiong/ros_ws/install/rmoss_cam/lib:/home/chairman/working/ros2/beijixiong/ros_ws/install/rmoss_util/lib:/home/chairman/working/ros2/beijixiong/ros_ws/install/rmoss_projectile_motion/lib:/home/chairman/working/ros2/beijixiong/ros_ws/install/rmoss_gz_cam/lib:/home/chairman/working/ros2/beijixiong/ros_ws/install/rmoss_gz_base/lib:/home/chairman/working/ros2/beijixiong/ros_ws/install/rmoss_base/lib:/usr/lib/x86_64-linux-gnu:/usr/lib/x86_64-linux-gnu:/opt/ros/humble/opt/rviz_ogre_vendor/lib:/opt/ros/humble/lib/x86_64-linux-gnu:/opt/ros/humble/lib PYTHONPATH=/home/chairman/working/ros2/beijixiong/ros_ws/install/rmoss_interfaces/lib/python3.10/site-packages:/home/chairman/working/ros2/beijixiong/ros_ws/build/sdformat_tools:/home/chairman/working/ros2/beijixiong/ros_ws/install/sdformat_tools/lib/python3.10/site-packages:/opt/ros/humble/lib/python3.10/site-packages:/opt/ros/humble/local/lib/python3.10/dist-packages VIRTUAL_ENV_PROMPT=(venv) /usr/bin/cmake --build /home/chairman/working/ros2/beijixiong/ros_ws/build/rmoss_gz_bridge -- -j28 -l28
[15.485s] Invoking command in '/home/chairman/working/ros2/beijixiong/ros_ws/build/rmoss_gz_bridge': CMAKE_PREFIX_PATH=/home/chairman/working/ros2/beijixiong/ros_ws/install/rmoss_interfaces:/home/chairman/working/ros2/beijixiong/ros_ws/install/rmoss_gz_resources:/home/chairman/working/ros2/beijixiong/ros_ws/install/rmoss_gz_plugins:/home/chairman/working/ros2/beijixiong/ros_ws/install/rmu_gazebo_simulator:/home/chairman/working/ros2/beijixiong/ros_ws/install/pb2025_robot_description:/home/chairman/working/ros2/beijixiong/ros_ws/install/rmoss_core:/home/chairman/working/ros2/beijixiong/ros_ws/install/rmoss_cam:/home/chairman/working/ros2/beijixiong/ros_ws/install/rmoss_util:/home/chairman/working/ros2/beijixiong/ros_ws/install/rmoss_projectile_motion:/home/chairman/working/ros2/beijixiong/ros_ws/install/rmoss_gz_cam:/home/chairman/working/ros2/beijixiong/ros_ws/install/rmoss_gz_bridge:/home/chairman/working/ros2/beijixiong/ros_ws/install/rmoss_gz_base:/home/chairman/working/ros2/beijixiong/ros_ws/install/rmoss_base:/home/chairman/working/ros2/beijixiong/ros_ws/install/sdformat_tools:/opt/ros/humble LD_LIBRARY_PATH=/home/chairman/working/ros2/beijixiong/ros_ws/install/rmoss_interfaces/lib:/home/chairman/working/ros2/beijixiong/ros_ws/install/rmoss_cam/lib:/home/chairman/working/ros2/beijixiong/ros_ws/install/rmoss_util/lib:/home/chairman/working/ros2/beijixiong/ros_ws/install/rmoss_projectile_motion/lib:/home/chairman/working/ros2/beijixiong/ros_ws/install/rmoss_gz_cam/lib:/home/chairman/working/ros2/beijixiong/ros_ws/install/rmoss_gz_base/lib:/home/chairman/working/ros2/beijixiong/ros_ws/install/rmoss_base/lib:/usr/lib/x86_64-linux-gnu:/usr/lib/x86_64-linux-gnu:/opt/ros/humble/opt/rviz_ogre_vendor/lib:/opt/ros/humble/lib/x86_64-linux-gnu:/opt/ros/humble/lib PYTHONPATH=/home/chairman/working/ros2/beijixiong/ros_ws/install/rmoss_interfaces/lib/python3.10/site-packages:/home/chairman/working/ros2/beijixiong/ros_ws/build/sdformat_tools:/home/chairman/working/ros2/beijixiong/ros_ws/install/sdformat_tools/lib/python3.10/site-packages:/opt/ros/humble/lib/python3.10/site-packages:/opt/ros/humble/local/lib/python3.10/dist-packages VIRTUAL_ENV_PROMPT=(venv) /usr/bin/cmake --install /home/chairman/working/ros2/beijixiong/ros_ws/build/rmoss_gz_bridge
[15.492s] -- Install configuration: "release"
[15.493s] -- Execute custom install script
[15.493s] -- Symlinking: /home/chairman/working/ros2/beijixiong/ros_ws/install/rmoss_gz_bridge/include/rmoss_gz_bridge/pose_bridge_node.hpp
[15.501s] -- Symlinking: /home/chairman/working/ros2/beijixiong/ros_ws/install/rmoss_gz_bridge/include/rmoss_gz_bridge/rfid_bridge_node.hpp
[15.509s] -- Symlinking: /home/chairman/working/ros2/beijixiong/ros_ws/install/rmoss_gz_bridge/lib/rmoss_gz_bridge/pose_bridge
[15.518s] -- Symlinking: /home/chairman/working/ros2/beijixiong/ros_ws/install/rmoss_gz_bridge/lib/rmoss_gz_bridge/rfid_bridge
[15.524s] -- Symlinking: /home/chairman/working/ros2/beijixiong/ros_ws/install/rmoss_gz_bridge/share/ament_index/resource_index/package_run_dependencies/rmoss_gz_bridge
[15.532s] -- Symlinking: /home/chairman/working/ros2/beijixiong/ros_ws/install/rmoss_gz_bridge/share/ament_index/resource_index/parent_prefix_path/rmoss_gz_bridge
[15.540s] -- Symlinking: /home/chairman/working/ros2/beijixiong/ros_ws/install/rmoss_gz_bridge/share/rmoss_gz_bridge/environment/ament_prefix_path.sh
[15.548s] -- Symlinking: /home/chairman/working/ros2/beijixiong/ros_ws/install/rmoss_gz_bridge/share/rmoss_gz_bridge/environment/ament_prefix_path.dsv
[15.555s] -- Symlinking: /home/chairman/working/ros2/beijixiong/ros_ws/install/rmoss_gz_bridge/share/rmoss_gz_bridge/environment/path.sh
[15.563s] -- Symlinking: /home/chairman/working/ros2/beijixiong/ros_ws/install/rmoss_gz_bridge/share/rmoss_gz_bridge/environment/path.dsv
[15.571s] -- Symlinking: /home/chairman/working/ros2/beijixiong/ros_ws/install/rmoss_gz_bridge/share/rmoss_gz_bridge/local_setup.bash
[15.579s] -- Symlinking: /home/chairman/working/ros2/beijixiong/ros_ws/install/rmoss_gz_bridge/share/rmoss_gz_bridge/local_setup.sh
[15.588s] -- Symlinking: /home/chairman/working/ros2/beijixiong/ros_ws/install/rmoss_gz_bridge/share/rmoss_gz_bridge/local_setup.zsh
[15.596s] -- Symlinking: /home/chairman/working/ros2/beijixiong/ros_ws/install/rmoss_gz_bridge/share/rmoss_gz_bridge/local_setup.dsv
[15.605s] -- Symlinking: /home/chairman/working/ros2/beijixiong/ros_ws/install/rmoss_gz_bridge/share/rmoss_gz_bridge/package.dsv
[15.614s] -- Symlinking: /home/chairman/working/ros2/beijixiong/ros_ws/install/rmoss_gz_bridge/share/ament_index/resource_index/packages/rmoss_gz_bridge
[15.622s] -- Symlinking: /home/chairman/working/ros2/beijixiong/ros_ws/install/rmoss_gz_bridge/share/rmoss_gz_bridge/cmake/ament_cmake_export_dependencies-extras.cmake
[15.630s] -- Symlinking: /home/chairman/working/ros2/beijixiong/ros_ws/install/rmoss_gz_bridge/share/rmoss_gz_bridge/cmake/rmoss_gz_bridgeConfig.cmake
[15.636s] -- Symlinking: /home/chairman/working/ros2/beijixiong/ros_ws/install/rmoss_gz_bridge/share/rmoss_gz_bridge/cmake/rmoss_gz_bridgeConfig-version.cmake
[15.644s] -- Symlinking: /home/chairman/working/ros2/beijixiong/ros_ws/install/rmoss_gz_bridge/share/rmoss_gz_bridge/package.xml
[15.654s] Invoked command in '/home/chairman/working/ros2/beijixiong/ros_ws/build/rmoss_gz_bridge' returned '0': CMAKE_PREFIX_PATH=/home/chairman/working/ros2/beijixiong/ros_ws/install/rmoss_interfaces:/home/chairman/working/ros2/beijixiong/ros_ws/install/rmoss_gz_resources:/home/chairman/working/ros2/beijixiong/ros_ws/install/rmoss_gz_plugins:/home/chairman/working/ros2/beijixiong/ros_ws/install/rmu_gazebo_simulator:/home/chairman/working/ros2/beijixiong/ros_ws/install/pb2025_robot_description:/home/chairman/working/ros2/beijixiong/ros_ws/install/rmoss_core:/home/chairman/working/ros2/beijixiong/ros_ws/install/rmoss_cam:/home/chairman/working/ros2/beijixiong/ros_ws/install/rmoss_util:/home/chairman/working/ros2/beijixiong/ros_ws/install/rmoss_projectile_motion:/home/chairman/working/ros2/beijixiong/ros_ws/install/rmoss_gz_cam:/home/chairman/working/ros2/beijixiong/ros_ws/install/rmoss_gz_bridge:/home/chairman/working/ros2/beijixiong/ros_ws/install/rmoss_gz_base:/home/chairman/working/ros2/beijixiong/ros_ws/install/rmoss_base:/home/chairman/working/ros2/beijixiong/ros_ws/install/sdformat_tools:/opt/ros/humble LD_LIBRARY_PATH=/home/chairman/working/ros2/beijixiong/ros_ws/install/rmoss_interfaces/lib:/home/chairman/working/ros2/beijixiong/ros_ws/install/rmoss_cam/lib:/home/chairman/working/ros2/beijixiong/ros_ws/install/rmoss_util/lib:/home/chairman/working/ros2/beijixiong/ros_ws/install/rmoss_projectile_motion/lib:/home/chairman/working/ros2/beijixiong/ros_ws/install/rmoss_gz_cam/lib:/home/chairman/working/ros2/beijixiong/ros_ws/install/rmoss_gz_base/lib:/home/chairman/working/ros2/beijixiong/ros_ws/install/rmoss_base/lib:/usr/lib/x86_64-linux-gnu:/usr/lib/x86_64-linux-gnu:/opt/ros/humble/opt/rviz_ogre_vendor/lib:/opt/ros/humble/lib/x86_64-linux-gnu:/opt/ros/humble/lib PYTHONPATH=/home/chairman/working/ros2/beijixiong/ros_ws/install/rmoss_interfaces/lib/python3.10/site-packages:/home/chairman/working/ros2/beijixiong/ros_ws/build/sdformat_tools:/home/chairman/working/ros2/beijixiong/ros_ws/install/sdformat_tools/lib/python3.10/site-packages:/opt/ros/humble/lib/python3.10/site-packages:/opt/ros/humble/local/lib/python3.10/dist-packages VIRTUAL_ENV_PROMPT=(venv) /usr/bin/cmake --install /home/chairman/working/ros2/beijixiong/ros_ws/build/rmoss_gz_bridge
